ARM GAS  /tmp/ccdYQn7Z.s 			page 1


   1              		.syntax unified
   2              		.cpu cortex-m4
   3              		.eabi_attribute 27, 1
   4              		.eabi_attribute 28, 1
   5              		.fpu fpv4-sp-d16
   6              		.eabi_attribute 20, 1
   7              		.eabi_attribute 21, 1
   8              		.eabi_attribute 23, 3
   9              		.eabi_attribute 24, 1
  10              		.eabi_attribute 25, 1
  11              		.eabi_attribute 26, 1
  12              		.eabi_attribute 30, 6
  13              		.eabi_attribute 34, 1
  14              		.eabi_attribute 18, 4
  15              		.thumb
  16              		.file	"board.c"
  17              		.text
  18              	.Ltext0:
  19              		.cfi_sections	.debug_frame
  20              		.global	pal_default_config
  21              		.section	.rodata.pal_default_config,"a",%progbits
  22              		.align	2
  23              		.type	pal_default_config, %object
  24              		.size	pal_default_config, 252
  25              	pal_default_config:
  26 0000 00AAA02A 		.word	715172352
  27 0004 00000000 		.word	0
  28 0008 FFABFFFF 		.word	-21505
  29 000c 54000140 		.word	1073807444
  30 0010 FFFF0000 		.word	65535
  31 0014 00005655 		.word	1431699456
  32 0018 00AA0A00 		.word	698880
  33 001c 80200800 		.word	532608
  34 0020 40020000 		.word	576
  35 0024 FFFFFFFF 		.word	-1
  36 0028 15455155 		.word	1431389461
  37 002c FFFF0000 		.word	65535
  38 0030 00000004 		.word	67108864
  39 0034 40000000 		.word	64
  40 0038 01802002 		.word	35684353
  41 003c 00000000 		.word	0
  42 0040 FFFFFFFF 		.word	-1
  43 0044 54154554 		.word	1413813588
  44 0048 FFFF0000 		.word	65535
  45 004c 00000060 		.word	1610612736
  46 0050 00060600 		.word	394752
  47 0054 00010055 		.word	1426063616
  48 0058 00000000 		.word	0
  49 005c FFFFFFFF 		.word	-1
  50 0060 55505500 		.word	5591125
  51 0064 FF0F0000 		.word	4095
  52 0068 00000000 		.word	0
  53 006c 00000000 		.word	0
  54 0070 40000000 		.word	64
  55 0074 00000000 		.word	0
  56 0078 FFFFFFFF 		.word	-1
  57 007c 00000000 		.word	0
ARM GAS  /tmp/ccdYQn7Z.s 			page 2


  58 0080 FFFF0000 		.word	65535
  59 0084 00000000 		.word	0
  60 0088 00000000 		.word	0
  61 008c 00000000 		.word	0
  62 0090 00000000 		.word	0
  63 0094 FFFFFFFF 		.word	-1
  64 0098 00000000 		.word	0
  65 009c FFFF0000 		.word	65535
  66 00a0 00000000 		.word	0
  67 00a4 00000000 		.word	0
  68 00a8 00000000 		.word	0
  69 00ac 00000000 		.word	0
  70 00b0 FFFFFFFF 		.word	-1
  71 00b4 00000000 		.word	0
  72 00b8 FFFF0000 		.word	65535
  73 00bc 00000000 		.word	0
  74 00c0 00000000 		.word	0
  75 00c4 00000000 		.word	0
  76 00c8 00000000 		.word	0
  77 00cc FFFFFFFF 		.word	-1
  78 00d0 00000000 		.word	0
  79 00d4 FFFF0000 		.word	65535
  80 00d8 00000000 		.word	0
  81 00dc 00000000 		.word	0
  82 00e0 00000000 		.word	0
  83 00e4 00000000 		.word	0
  84 00e8 FFFFFFFF 		.word	-1
  85 00ec 00000000 		.word	0
  86 00f0 FFFF0000 		.word	65535
  87 00f4 00000000 		.word	0
  88 00f8 00000000 		.word	0
  89              		.section	.text.__early_init,"ax",%progbits
  90              		.align	2
  91              		.p2align 4,,15
  92              		.global	__early_init
  93              		.thumb
  94              		.thumb_func
  95              		.type	__early_init, %function
  96              	__early_init:
  97              	.LFB111:
  98              		.file 1 "/home/makkmarci/workspace/ChibiOS_2.6.8/boards/ST_STM32F4_DISCOVERY/board.c"
  99              		.loc 1 54 0
 100              		.cfi_startproc
 101              		@ args = 0, pretend = 0, frame = 0
 102              		@ frame_needed = 0, uses_anonymous_args = 0
 103 0000 08B5     		push	{r3, lr}
 104              		.cfi_def_cfa_offset 8
 105              		.cfi_offset 3, -8
 106              		.cfi_offset 14, -4
 107              		.loc 1 56 0
 108 0002 FFF7FEFF 		bl	stm32_clock_init
 109              		.loc 1 57 0
 110 0006 08BD     		pop	{r3, pc}
 111              		.cfi_endproc
 112              	.LFE111:
 113              		.size	__early_init, .-__early_init
 114 0008 AFF30080 		.section	.text.boardInit,"ax",%progbits
ARM GAS  /tmp/ccdYQn7Z.s 			page 3


 114      AFF30080 
 115              		.align	2
 116              		.p2align 4,,15
 117              		.global	boardInit
 118              		.thumb
 119              		.thumb_func
 120              		.type	boardInit, %function
 121              	boardInit:
 122              	.LFB112:
 123              		.loc 1 107 0
 124              		.cfi_startproc
 125              		@ args = 0, pretend = 0, frame = 0
 126              		@ frame_needed = 0, uses_anonymous_args = 0
 127              		@ link register save eliminated.
 128              		.loc 1 108 0
 129 0000 7047     		bx	lr
 130              		.cfi_endproc
 131              	.LFE112:
 132              		.size	boardInit, .-boardInit
 133 0002 00BFAFF3 		.text
 133      0080AFF3 
 133      0080AFF3 
 133      0080
 134              	.Letext0:
 135              		.file 2 "/opt/gcc-arm-none-eabi/arm-none-eabi/include/machine/_default_types.h"
 136              		.file 3 "/opt/gcc-arm-none-eabi/arm-none-eabi/include/stdint.h"
 137              		.file 4 "/home/makkmarci/workspace/ChibiOS_2.6.8/os/hal/platforms/STM32/GPIOv2/pal_lld.h"
 138              		.file 5 "/home/makkmarci/workspace/ChibiOS_2.6.8/os/ports/common/ARMCMx/CMSIS/include/core_cm4.h"
 139              		.section	.debug_info,"",%progbits
 140              	.Ldebug_info0:
 141 0000 D6010000 		.4byte	0x1d6
 142 0004 0400     		.2byte	0x4
 143 0006 00000000 		.4byte	.Ldebug_abbrev0
 144 000a 04       		.byte	0x4
 145 000b 01       		.uleb128 0x1
 146 000c 40000000 		.4byte	.LASF37
 147 0010 01       		.byte	0x1
 148 0011 50020000 		.4byte	.LASF38
 149 0015 00000000 		.4byte	.Ldebug_ranges0+0
 150 0019 00000000 		.4byte	0
 151 001d 00000000 		.4byte	.Ldebug_line0
 152 0021 02       		.uleb128 0x2
 153 0022 04       		.byte	0x4
 154 0023 05       		.byte	0x5
 155 0024 696E7400 		.ascii	"int\000"
 156 0028 03       		.uleb128 0x3
 157 0029 04       		.byte	0x4
 158 002a 07       		.byte	0x7
 159 002b 43020000 		.4byte	.LASF0
 160 002f 03       		.uleb128 0x3
 161 0030 01       		.byte	0x1
 162 0031 06       		.byte	0x6
 163 0032 C5020000 		.4byte	.LASF1
 164 0036 03       		.uleb128 0x3
 165 0037 01       		.byte	0x1
 166 0038 08       		.byte	0x8
 167 0039 81010000 		.4byte	.LASF2
ARM GAS  /tmp/ccdYQn7Z.s 			page 4


 168 003d 03       		.uleb128 0x3
 169 003e 02       		.byte	0x2
 170 003f 05       		.byte	0x5
 171 0040 9C020000 		.4byte	.LASF3
 172 0044 03       		.uleb128 0x3
 173 0045 02       		.byte	0x2
 174 0046 07       		.byte	0x7
 175 0047 2D000000 		.4byte	.LASF4
 176 004b 04       		.uleb128 0x4
 177 004c 1C000000 		.4byte	.LASF6
 178 0050 02       		.byte	0x2
 179 0051 3F       		.byte	0x3f
 180 0052 56000000 		.4byte	0x56
 181 0056 03       		.uleb128 0x3
 182 0057 04       		.byte	0x4
 183 0058 05       		.byte	0x5
 184 0059 B6020000 		.4byte	.LASF5
 185 005d 04       		.uleb128 0x4
 186 005e EF010000 		.4byte	.LASF7
 187 0062 02       		.byte	0x2
 188 0063 41       		.byte	0x41
 189 0064 68000000 		.4byte	0x68
 190 0068 03       		.uleb128 0x3
 191 0069 04       		.byte	0x4
 192 006a 07       		.byte	0x7
 193 006b A9010000 		.4byte	.LASF8
 194 006f 03       		.uleb128 0x3
 195 0070 08       		.byte	0x8
 196 0071 05       		.byte	0x5
 197 0072 00000000 		.4byte	.LASF9
 198 0076 03       		.uleb128 0x3
 199 0077 08       		.byte	0x8
 200 0078 07       		.byte	0x7
 201 0079 63010000 		.4byte	.LASF10
 202 007d 04       		.uleb128 0x4
 203 007e 2A020000 		.4byte	.LASF11
 204 0082 03       		.byte	0x3
 205 0083 2C       		.byte	0x2c
 206 0084 4B000000 		.4byte	0x4b
 207 0088 04       		.uleb128 0x4
 208 0089 AD020000 		.4byte	.LASF12
 209 008d 03       		.byte	0x3
 210 008e 2D       		.byte	0x2d
 211 008f 5D000000 		.4byte	0x5d
 212 0093 03       		.uleb128 0x3
 213 0094 01       		.byte	0x1
 214 0095 02       		.byte	0x2
 215 0096 D1020000 		.4byte	.LASF13
 216 009a 03       		.uleb128 0x3
 217 009b 04       		.byte	0x4
 218 009c 07       		.byte	0x7
 219 009d 32020000 		.4byte	.LASF14
 220 00a1 03       		.uleb128 0x3
 221 00a2 01       		.byte	0x1
 222 00a3 08       		.byte	0x8
 223 00a4 0E020000 		.4byte	.LASF15
 224 00a8 05       		.uleb128 0x5
ARM GAS  /tmp/ccdYQn7Z.s 			page 5


 225 00a9 7D000000 		.4byte	0x7d
 226 00ad 06       		.uleb128 0x6
 227 00ae 1C       		.byte	0x1c
 228 00af 04       		.byte	0x4
 229 00b0 A3       		.byte	0xa3
 230 00b1 0A010000 		.4byte	0x10a
 231 00b5 07       		.uleb128 0x7
 232 00b6 BF020000 		.4byte	.LASF16
 233 00ba 04       		.byte	0x4
 234 00bb A5       		.byte	0xa5
 235 00bc 88000000 		.4byte	0x88
 236 00c0 00       		.byte	0
 237 00c1 07       		.uleb128 0x7
 238 00c2 55010000 		.4byte	.LASF17
 239 00c6 04       		.byte	0x4
 240 00c7 A7       		.byte	0xa7
 241 00c8 88000000 		.4byte	0x88
 242 00cc 04       		.byte	0x4
 243 00cd 07       		.uleb128 0x7
 244 00ce 3B020000 		.4byte	.LASF18
 245 00d2 04       		.byte	0x4
 246 00d3 A9       		.byte	0xa9
 247 00d4 88000000 		.4byte	0x88
 248 00d8 08       		.byte	0x8
 249 00d9 07       		.uleb128 0x7
 250 00da FA010000 		.4byte	.LASF19
 251 00de 04       		.byte	0x4
 252 00df AB       		.byte	0xab
 253 00e0 88000000 		.4byte	0x88
 254 00e4 0C       		.byte	0xc
 255 00e5 08       		.uleb128 0x8
 256 00e6 6F647200 		.ascii	"odr\000"
 257 00ea 04       		.byte	0x4
 258 00eb AD       		.byte	0xad
 259 00ec 88000000 		.4byte	0x88
 260 00f0 10       		.byte	0x10
 261 00f1 07       		.uleb128 0x7
 262 00f2 C0010000 		.4byte	.LASF20
 263 00f6 04       		.byte	0x4
 264 00f7 AF       		.byte	0xaf
 265 00f8 88000000 		.4byte	0x88
 266 00fc 14       		.byte	0x14
 267 00fd 07       		.uleb128 0x7
 268 00fe BB010000 		.4byte	.LASF21
 269 0102 04       		.byte	0x4
 270 0103 B1       		.byte	0xb1
 271 0104 88000000 		.4byte	0x88
 272 0108 18       		.byte	0x18
 273 0109 00       		.byte	0
 274 010a 04       		.uleb128 0x4
 275 010b 8F010000 		.4byte	.LASF22
 276 010f 04       		.byte	0x4
 277 0110 B2       		.byte	0xb2
 278 0111 AD000000 		.4byte	0xad
 279 0115 06       		.uleb128 0x6
 280 0116 FC       		.byte	0xfc
 281 0117 04       		.byte	0x4
ARM GAS  /tmp/ccdYQn7Z.s 			page 6


 282 0118 BB       		.byte	0xbb
 283 0119 8A010000 		.4byte	0x18a
 284 011d 07       		.uleb128 0x7
 285 011e A2010000 		.4byte	.LASF23
 286 0122 04       		.byte	0x4
 287 0123 BE       		.byte	0xbe
 288 0124 0A010000 		.4byte	0x10a
 289 0128 00       		.byte	0
 290 0129 07       		.uleb128 0x7
 291 012a 07020000 		.4byte	.LASF24
 292 012e 04       		.byte	0x4
 293 012f C2       		.byte	0xc2
 294 0130 0A010000 		.4byte	0x10a
 295 0134 1C       		.byte	0x1c
 296 0135 07       		.uleb128 0x7
 297 0136 A6020000 		.4byte	.LASF25
 298 013a 04       		.byte	0x4
 299 013b C6       		.byte	0xc6
 300 013c 0A010000 		.4byte	0x10a
 301 0140 38       		.byte	0x38
 302 0141 07       		.uleb128 0x7
 303 0142 15000000 		.4byte	.LASF26
 304 0146 04       		.byte	0x4
 305 0147 CA       		.byte	0xca
 306 0148 0A010000 		.4byte	0x10a
 307 014c 54       		.byte	0x54
 308 014d 07       		.uleb128 0x7
 309 014e 7A010000 		.4byte	.LASF27
 310 0152 04       		.byte	0x4
 311 0153 CE       		.byte	0xce
 312 0154 0A010000 		.4byte	0x10a
 313 0158 70       		.byte	0x70
 314 0159 07       		.uleb128 0x7
 315 015a 00020000 		.4byte	.LASF28
 316 015e 04       		.byte	0x4
 317 015f D2       		.byte	0xd2
 318 0160 0A010000 		.4byte	0x10a
 319 0164 8C       		.byte	0x8c
 320 0165 07       		.uleb128 0x7
 321 0166 26000000 		.4byte	.LASF29
 322 016a 04       		.byte	0x4
 323 016b D6       		.byte	0xd6
 324 016c 0A010000 		.4byte	0x10a
 325 0170 A8       		.byte	0xa8
 326 0171 07       		.uleb128 0x7
 327 0172 0E000000 		.4byte	.LASF30
 328 0176 04       		.byte	0x4
 329 0177 DA       		.byte	0xda
 330 0178 0A010000 		.4byte	0x10a
 331 017c C4       		.byte	0xc4
 332 017d 07       		.uleb128 0x7
 333 017e 5C010000 		.4byte	.LASF31
 334 0182 04       		.byte	0x4
 335 0183 DE       		.byte	0xde
 336 0184 0A010000 		.4byte	0x10a
 337 0188 E0       		.byte	0xe0
 338 0189 00       		.byte	0
ARM GAS  /tmp/ccdYQn7Z.s 			page 7


 339 018a 04       		.uleb128 0x4
 340 018b D2010000 		.4byte	.LASF32
 341 018f 04       		.byte	0x4
 342 0190 E0       		.byte	0xe0
 343 0191 15010000 		.4byte	0x115
 344 0195 09       		.uleb128 0x9
 345 0196 1D020000 		.4byte	.LASF33
 346 019a 01       		.byte	0x1
 347 019b 36       		.byte	0x36
 348 019c 00000000 		.4byte	.LFB111
 349 01a0 08000000 		.4byte	.LFE111-.LFB111
 350 01a4 01       		.uleb128 0x1
 351 01a5 9C       		.byte	0x9c
 352 01a6 0A       		.uleb128 0xa
 353 01a7 13020000 		.4byte	.LASF34
 354 01ab 01       		.byte	0x1
 355 01ac 6B       		.byte	0x6b
 356 01ad 00000000 		.4byte	.LFB112
 357 01b1 02000000 		.4byte	.LFE112-.LFB112
 358 01b5 01       		.uleb128 0x1
 359 01b6 9C       		.byte	0x9c
 360 01b7 0B       		.uleb128 0xb
 361 01b8 C5010000 		.4byte	.LASF35
 362 01bc 05       		.byte	0x5
 363 01bd 9806     		.2byte	0x698
 364 01bf A8000000 		.4byte	0xa8
 365 01c3 0C       		.uleb128 0xc
 366 01c4 DC010000 		.4byte	.LASF36
 367 01c8 01       		.byte	0x1
 368 01c9 1A       		.byte	0x1a
 369 01ca D4010000 		.4byte	0x1d4
 370 01ce 05       		.uleb128 0x5
 371 01cf 03       		.byte	0x3
 372 01d0 00000000 		.4byte	pal_default_config
 373 01d4 0D       		.uleb128 0xd
 374 01d5 8A010000 		.4byte	0x18a
 375 01d9 00       		.byte	0
 376              		.section	.debug_abbrev,"",%progbits
 377              	.Ldebug_abbrev0:
 378 0000 01       		.uleb128 0x1
 379 0001 11       		.uleb128 0x11
 380 0002 01       		.byte	0x1
 381 0003 25       		.uleb128 0x25
 382 0004 0E       		.uleb128 0xe
 383 0005 13       		.uleb128 0x13
 384 0006 0B       		.uleb128 0xb
 385 0007 03       		.uleb128 0x3
 386 0008 0E       		.uleb128 0xe
 387 0009 55       		.uleb128 0x55
 388 000a 17       		.uleb128 0x17
 389 000b 11       		.uleb128 0x11
 390 000c 01       		.uleb128 0x1
 391 000d 10       		.uleb128 0x10
 392 000e 17       		.uleb128 0x17
 393 000f 00       		.byte	0
 394 0010 00       		.byte	0
 395 0011 02       		.uleb128 0x2
ARM GAS  /tmp/ccdYQn7Z.s 			page 8


 396 0012 24       		.uleb128 0x24
 397 0013 00       		.byte	0
 398 0014 0B       		.uleb128 0xb
 399 0015 0B       		.uleb128 0xb
 400 0016 3E       		.uleb128 0x3e
 401 0017 0B       		.uleb128 0xb
 402 0018 03       		.uleb128 0x3
 403 0019 08       		.uleb128 0x8
 404 001a 00       		.byte	0
 405 001b 00       		.byte	0
 406 001c 03       		.uleb128 0x3
 407 001d 24       		.uleb128 0x24
 408 001e 00       		.byte	0
 409 001f 0B       		.uleb128 0xb
 410 0020 0B       		.uleb128 0xb
 411 0021 3E       		.uleb128 0x3e
 412 0022 0B       		.uleb128 0xb
 413 0023 03       		.uleb128 0x3
 414 0024 0E       		.uleb128 0xe
 415 0025 00       		.byte	0
 416 0026 00       		.byte	0
 417 0027 04       		.uleb128 0x4
 418 0028 16       		.uleb128 0x16
 419 0029 00       		.byte	0
 420 002a 03       		.uleb128 0x3
 421 002b 0E       		.uleb128 0xe
 422 002c 3A       		.uleb128 0x3a
 423 002d 0B       		.uleb128 0xb
 424 002e 3B       		.uleb128 0x3b
 425 002f 0B       		.uleb128 0xb
 426 0030 49       		.uleb128 0x49
 427 0031 13       		.uleb128 0x13
 428 0032 00       		.byte	0
 429 0033 00       		.byte	0
 430 0034 05       		.uleb128 0x5
 431 0035 35       		.uleb128 0x35
 432 0036 00       		.byte	0
 433 0037 49       		.uleb128 0x49
 434 0038 13       		.uleb128 0x13
 435 0039 00       		.byte	0
 436 003a 00       		.byte	0
 437 003b 06       		.uleb128 0x6
 438 003c 13       		.uleb128 0x13
 439 003d 01       		.byte	0x1
 440 003e 0B       		.uleb128 0xb
 441 003f 0B       		.uleb128 0xb
 442 0040 3A       		.uleb128 0x3a
 443 0041 0B       		.uleb128 0xb
 444 0042 3B       		.uleb128 0x3b
 445 0043 0B       		.uleb128 0xb
 446 0044 01       		.uleb128 0x1
 447 0045 13       		.uleb128 0x13
 448 0046 00       		.byte	0
 449 0047 00       		.byte	0
 450 0048 07       		.uleb128 0x7
 451 0049 0D       		.uleb128 0xd
 452 004a 00       		.byte	0
ARM GAS  /tmp/ccdYQn7Z.s 			page 9


 453 004b 03       		.uleb128 0x3
 454 004c 0E       		.uleb128 0xe
 455 004d 3A       		.uleb128 0x3a
 456 004e 0B       		.uleb128 0xb
 457 004f 3B       		.uleb128 0x3b
 458 0050 0B       		.uleb128 0xb
 459 0051 49       		.uleb128 0x49
 460 0052 13       		.uleb128 0x13
 461 0053 38       		.uleb128 0x38
 462 0054 0B       		.uleb128 0xb
 463 0055 00       		.byte	0
 464 0056 00       		.byte	0
 465 0057 08       		.uleb128 0x8
 466 0058 0D       		.uleb128 0xd
 467 0059 00       		.byte	0
 468 005a 03       		.uleb128 0x3
 469 005b 08       		.uleb128 0x8
 470 005c 3A       		.uleb128 0x3a
 471 005d 0B       		.uleb128 0xb
 472 005e 3B       		.uleb128 0x3b
 473 005f 0B       		.uleb128 0xb
 474 0060 49       		.uleb128 0x49
 475 0061 13       		.uleb128 0x13
 476 0062 38       		.uleb128 0x38
 477 0063 0B       		.uleb128 0xb
 478 0064 00       		.byte	0
 479 0065 00       		.byte	0
 480 0066 09       		.uleb128 0x9
 481 0067 2E       		.uleb128 0x2e
 482 0068 00       		.byte	0
 483 0069 3F       		.uleb128 0x3f
 484 006a 19       		.uleb128 0x19
 485 006b 03       		.uleb128 0x3
 486 006c 0E       		.uleb128 0xe
 487 006d 3A       		.uleb128 0x3a
 488 006e 0B       		.uleb128 0xb
 489 006f 3B       		.uleb128 0x3b
 490 0070 0B       		.uleb128 0xb
 491 0071 27       		.uleb128 0x27
 492 0072 19       		.uleb128 0x19
 493 0073 11       		.uleb128 0x11
 494 0074 01       		.uleb128 0x1
 495 0075 12       		.uleb128 0x12
 496 0076 06       		.uleb128 0x6
 497 0077 40       		.uleb128 0x40
 498 0078 18       		.uleb128 0x18
 499 0079 9642     		.uleb128 0x2116
 500 007b 19       		.uleb128 0x19
 501 007c 00       		.byte	0
 502 007d 00       		.byte	0
 503 007e 0A       		.uleb128 0xa
 504 007f 2E       		.uleb128 0x2e
 505 0080 00       		.byte	0
 506 0081 3F       		.uleb128 0x3f
 507 0082 19       		.uleb128 0x19
 508 0083 03       		.uleb128 0x3
 509 0084 0E       		.uleb128 0xe
ARM GAS  /tmp/ccdYQn7Z.s 			page 10


 510 0085 3A       		.uleb128 0x3a
 511 0086 0B       		.uleb128 0xb
 512 0087 3B       		.uleb128 0x3b
 513 0088 0B       		.uleb128 0xb
 514 0089 27       		.uleb128 0x27
 515 008a 19       		.uleb128 0x19
 516 008b 11       		.uleb128 0x11
 517 008c 01       		.uleb128 0x1
 518 008d 12       		.uleb128 0x12
 519 008e 06       		.uleb128 0x6
 520 008f 40       		.uleb128 0x40
 521 0090 18       		.uleb128 0x18
 522 0091 9742     		.uleb128 0x2117
 523 0093 19       		.uleb128 0x19
 524 0094 00       		.byte	0
 525 0095 00       		.byte	0
 526 0096 0B       		.uleb128 0xb
 527 0097 34       		.uleb128 0x34
 528 0098 00       		.byte	0
 529 0099 03       		.uleb128 0x3
 530 009a 0E       		.uleb128 0xe
 531 009b 3A       		.uleb128 0x3a
 532 009c 0B       		.uleb128 0xb
 533 009d 3B       		.uleb128 0x3b
 534 009e 05       		.uleb128 0x5
 535 009f 49       		.uleb128 0x49
 536 00a0 13       		.uleb128 0x13
 537 00a1 3F       		.uleb128 0x3f
 538 00a2 19       		.uleb128 0x19
 539 00a3 3C       		.uleb128 0x3c
 540 00a4 19       		.uleb128 0x19
 541 00a5 00       		.byte	0
 542 00a6 00       		.byte	0
 543 00a7 0C       		.uleb128 0xc
 544 00a8 34       		.uleb128 0x34
 545 00a9 00       		.byte	0
 546 00aa 03       		.uleb128 0x3
 547 00ab 0E       		.uleb128 0xe
 548 00ac 3A       		.uleb128 0x3a
 549 00ad 0B       		.uleb128 0xb
 550 00ae 3B       		.uleb128 0x3b
 551 00af 0B       		.uleb128 0xb
 552 00b0 49       		.uleb128 0x49
 553 00b1 13       		.uleb128 0x13
 554 00b2 3F       		.uleb128 0x3f
 555 00b3 19       		.uleb128 0x19
 556 00b4 02       		.uleb128 0x2
 557 00b5 18       		.uleb128 0x18
 558 00b6 00       		.byte	0
 559 00b7 00       		.byte	0
 560 00b8 0D       		.uleb128 0xd
 561 00b9 26       		.uleb128 0x26
 562 00ba 00       		.byte	0
 563 00bb 49       		.uleb128 0x49
 564 00bc 13       		.uleb128 0x13
 565 00bd 00       		.byte	0
 566 00be 00       		.byte	0
ARM GAS  /tmp/ccdYQn7Z.s 			page 11


 567 00bf 00       		.byte	0
 568              		.section	.debug_aranges,"",%progbits
 569 0000 24000000 		.4byte	0x24
 570 0004 0200     		.2byte	0x2
 571 0006 00000000 		.4byte	.Ldebug_info0
 572 000a 04       		.byte	0x4
 573 000b 00       		.byte	0
 574 000c 0000     		.2byte	0
 575 000e 0000     		.2byte	0
 576 0010 00000000 		.4byte	.LFB111
 577 0014 08000000 		.4byte	.LFE111-.LFB111
 578 0018 00000000 		.4byte	.LFB112
 579 001c 02000000 		.4byte	.LFE112-.LFB112
 580 0020 00000000 		.4byte	0
 581 0024 00000000 		.4byte	0
 582              		.section	.debug_ranges,"",%progbits
 583              	.Ldebug_ranges0:
 584 0000 00000000 		.4byte	.LFB111
 585 0004 08000000 		.4byte	.LFE111
 586 0008 00000000 		.4byte	.LFB112
 587 000c 02000000 		.4byte	.LFE112
 588 0010 00000000 		.4byte	0
 589 0014 00000000 		.4byte	0
 590              		.section	.debug_line,"",%progbits
 591              	.Ldebug_line0:
 592 0000 BA010000 		.section	.debug_str,"MS",%progbits,1
 592      02009201 
 592      00000201 
 592      FB0E0D00 
 592      01010101 
 593              	.LASF9:
 594 0000 6C6F6E67 		.ascii	"long long int\000"
 594      206C6F6E 
 594      6720696E 
 594      7400
 595              	.LASF30:
 596 000e 50484461 		.ascii	"PHData\000"
 596      746100
 597              	.LASF26:
 598 0015 50444461 		.ascii	"PDData\000"
 598      746100
 599              	.LASF6:
 600 001c 5F5F696E 		.ascii	"__int32_t\000"
 600      7433325F 
 600      7400
 601              	.LASF29:
 602 0026 50474461 		.ascii	"PGData\000"
 602      746100
 603              	.LASF4:
 604 002d 73686F72 		.ascii	"short unsigned int\000"
 604      7420756E 
 604      7369676E 
 604      65642069 
 604      6E7400
 605              	.LASF37:
 606 0040 474E5520 		.ascii	"GNU C 4.9.3 20150303 (release) [ARM/embedded-4_9-br"
 606      4320342E 
ARM GAS  /tmp/ccdYQn7Z.s 			page 12


 606      392E3320 
 606      32303135 
 606      30333033 
 607 0073 616E6368 		.ascii	"anch revision 221220] -mcpu=cortex-m4 -mfloat-abi=h"
 607      20726576 
 607      6973696F 
 607      6E203232 
 607      31323230 
 608 00a6 61726420 		.ascii	"ard -mfpu=fpv4-sp-d16 -mno-thumb-interwork -mthumb "
 608      2D6D6670 
 608      753D6670 
 608      76342D73 
 608      702D6431 
 609 00d9 2D676764 		.ascii	"-ggdb -fomit-frame-pointer -falign-functions=16 -ff"
 609      62202D66 
 609      6F6D6974 
 609      2D667261 
 609      6D652D70 
 610 010c 756E6374 		.ascii	"unction-sections -fdata-sections -fno-common -fsing"
 610      696F6E2D 
 610      73656374 
 610      696F6E73 
 610      202D6664 
 611 013f 6C652D70 		.ascii	"le-precision-constant\000"
 611      72656369 
 611      73696F6E 
 611      2D636F6E 
 611      7374616E 
 612              	.LASF17:
 613 0155 6F747970 		.ascii	"otyper\000"
 613      657200
 614              	.LASF31:
 615 015c 50494461 		.ascii	"PIData\000"
 615      746100
 616              	.LASF10:
 617 0163 6C6F6E67 		.ascii	"long long unsigned int\000"
 617      206C6F6E 
 617      6720756E 
 617      7369676E 
 617      65642069 
 618              	.LASF27:
 619 017a 50454461 		.ascii	"PEData\000"
 619      746100
 620              	.LASF2:
 621 0181 756E7369 		.ascii	"unsigned char\000"
 621      676E6564 
 621      20636861 
 621      7200
 622              	.LASF22:
 623 018f 73746D33 		.ascii	"stm32_gpio_setup_t\000"
 623      325F6770 
 623      696F5F73 
 623      65747570 
 623      5F7400
 624              	.LASF23:
 625 01a2 50414461 		.ascii	"PAData\000"
 625      746100
ARM GAS  /tmp/ccdYQn7Z.s 			page 13


 626              	.LASF8:
 627 01a9 6C6F6E67 		.ascii	"long unsigned int\000"
 627      20756E73 
 627      69676E65 
 627      6420696E 
 627      7400
 628              	.LASF21:
 629 01bb 61667268 		.ascii	"afrh\000"
 629      00
 630              	.LASF20:
 631 01c0 6166726C 		.ascii	"afrl\000"
 631      00
 632              	.LASF35:
 633 01c5 49544D5F 		.ascii	"ITM_RxBuffer\000"
 633      52784275 
 633      66666572 
 633      00
 634              	.LASF32:
 635 01d2 50414C43 		.ascii	"PALConfig\000"
 635      6F6E6669 
 635      6700
 636              	.LASF36:
 637 01dc 70616C5F 		.ascii	"pal_default_config\000"
 637      64656661 
 637      756C745F 
 637      636F6E66 
 637      696700
 638              	.LASF7:
 639 01ef 5F5F7569 		.ascii	"__uint32_t\000"
 639      6E743332 
 639      5F7400
 640              	.LASF19:
 641 01fa 70757064 		.ascii	"pupdr\000"
 641      7200
 642              	.LASF28:
 643 0200 50464461 		.ascii	"PFData\000"
 643      746100
 644              	.LASF24:
 645 0207 50424461 		.ascii	"PBData\000"
 645      746100
 646              	.LASF15:
 647 020e 63686172 		.ascii	"char\000"
 647      00
 648              	.LASF34:
 649 0213 626F6172 		.ascii	"boardInit\000"
 649      64496E69 
 649      7400
 650              	.LASF33:
 651 021d 5F5F6561 		.ascii	"__early_init\000"
 651      726C795F 
 651      696E6974 
 651      00
 652              	.LASF11:
 653 022a 696E7433 		.ascii	"int32_t\000"
 653      325F7400 
 654              	.LASF14:
 655 0232 73697A65 		.ascii	"sizetype\000"
ARM GAS  /tmp/ccdYQn7Z.s 			page 14


 655      74797065 
 655      00
 656              	.LASF18:
 657 023b 6F737065 		.ascii	"ospeedr\000"
 657      65647200 
 658              	.LASF0:
 659 0243 756E7369 		.ascii	"unsigned int\000"
 659      676E6564 
 659      20696E74 
 659      00
 660              	.LASF38:
 661 0250 2F686F6D 		.ascii	"/home/makkmarci/workspace/ChibiOS_2.6.8/boards/ST_S"
 661      652F6D61 
 661      6B6B6D61 
 661      7263692F 
 661      776F726B 
 662 0283 544D3332 		.ascii	"TM32F4_DISCOVERY/board.c\000"
 662      46345F44 
 662      4953434F 
 662      56455259 
 662      2F626F61 
 663              	.LASF3:
 664 029c 73686F72 		.ascii	"short int\000"
 664      7420696E 
 664      7400
 665              	.LASF25:
 666 02a6 50434461 		.ascii	"PCData\000"
 666      746100
 667              	.LASF12:
 668 02ad 75696E74 		.ascii	"uint32_t\000"
 668      33325F74 
 668      00
 669              	.LASF5:
 670 02b6 6C6F6E67 		.ascii	"long int\000"
 670      20696E74 
 670      00
 671              	.LASF16:
 672 02bf 6D6F6465 		.ascii	"moder\000"
 672      7200
 673              	.LASF1:
 674 02c5 7369676E 		.ascii	"signed char\000"
 674      65642063 
 674      68617200 
 675              	.LASF13:
 676 02d1 5F426F6F 		.ascii	"_Bool\000"
 676      6C00
 677              		.ident	"GCC: (GNU Tools for ARM Embedded Processors) 4.9.3 20150303 (release) [ARM/embedded-4_9-br
ARM GAS  /tmp/ccdYQn7Z.s 			page 15


DEFINED SYMBOLS
                            *ABS*:00000000 board.c
     /tmp/ccdYQn7Z.s:25     .rodata.pal_default_config:00000000 pal_default_config
     /tmp/ccdYQn7Z.s:22     .rodata.pal_default_config:00000000 $d
     /tmp/ccdYQn7Z.s:90     .text.__early_init:00000000 $t
     /tmp/ccdYQn7Z.s:96     .text.__early_init:00000000 __early_init
     /tmp/ccdYQn7Z.s:115    .text.boardInit:00000000 $t
     /tmp/ccdYQn7Z.s:121    .text.boardInit:00000000 boardInit
                     .debug_frame:00000010 $d

UNDEFINED SYMBOLS
stm32_clock_init
