ARM GAS  /tmp/cc81nfOD.s 			page 1


   1              		.syntax unified
   2              		.cpu cortex-m4
   3              		.eabi_attribute 27, 3
   4              		.eabi_attribute 28, 1
   5              		.fpu fpv4-sp-d16
   6              		.eabi_attribute 20, 1
   7              		.eabi_attribute 21, 1
   8              		.eabi_attribute 23, 3
   9              		.eabi_attribute 24, 1
  10              		.eabi_attribute 25, 1
  11              		.eabi_attribute 26, 1
  12              		.eabi_attribute 30, 2
  13              		.eabi_attribute 34, 1
  14              		.eabi_attribute 18, 4
  15              		.thumb
  16              		.file	"chcore.c"
  17              		.text
  18              	.Ltext0:
  19              		.cfi_sections	.debug_frame
  20              		.section	.text.port_halt,"ax",%progbits
  21              		.align	2
  22              		.p2align 4,,15
  23              		.weak	port_halt
  24              		.thumb
  25              		.thumb_func
  26              		.type	port_halt, %function
  27              	port_halt:
  28              	.LFB7:
  29              		.file 1 "../../os/ports/GCC/ARMCMx/chcore.c"
  30              		.loc 1 46 0
  31              		.cfi_startproc
  32              		@ args = 0, pretend = 0, frame = 0
  33              		@ frame_needed = 0, uses_anonymous_args = 0
  34              		@ link register save eliminated.
  35              		.loc 1 48 0
  36              	@ 48 "../../os/ports/GCC/ARMCMx/chcore.c" 1
  37 0000 72B6     		cpsid   i
  38              	@ 0 "" 2
  39              		.thumb
  40              	.L2:
  41 0002 FEE7     		b	.L2
  42              		.cfi_endproc
  43              	.LFE7:
  44              		.size	port_halt, .-port_halt
  45 0004 AFF30080 		.text
  45      AFF30080 
  45      AFF30080 
  46              	.Letext0:
  47              		.section	.debug_info,"",%progbits
  48              	.Ldebug_info0:
  49 0000 8E000000 		.4byte	0x8e
  50 0004 0400     		.2byte	0x4
  51 0006 00000000 		.4byte	.Ldebug_abbrev0
  52 000a 04       		.byte	0x4
  53 000b 01       		.uleb128 0x1
  54 000c AA000000 		.4byte	.LASF12
  55 0010 01       		.byte	0x1
ARM GAS  /tmp/cc81nfOD.s 			page 2


  56 0011 5E000000 		.4byte	.LASF13
  57 0015 1B000000 		.4byte	.LASF14
  58 0019 00000000 		.4byte	.Ldebug_ranges0+0
  59 001d 00000000 		.4byte	0
  60 0021 00000000 		.4byte	.Ldebug_line0
  61 0025 02       		.uleb128 0x2
  62 0026 04       		.byte	0x4
  63 0027 05       		.byte	0x5
  64 0028 696E7400 		.ascii	"int\000"
  65 002c 03       		.uleb128 0x3
  66 002d 04       		.byte	0x4
  67 002e 07       		.byte	0x7
  68 002f 0E000000 		.4byte	.LASF0
  69 0033 03       		.uleb128 0x3
  70 0034 01       		.byte	0x1
  71 0035 06       		.byte	0x6
  72 0036 F8010000 		.4byte	.LASF1
  73 003a 03       		.uleb128 0x3
  74 003b 01       		.byte	0x1
  75 003c 08       		.byte	0x8
  76 003d C3010000 		.4byte	.LASF2
  77 0041 03       		.uleb128 0x3
  78 0042 02       		.byte	0x2
  79 0043 05       		.byte	0x5
  80 0044 0E020000 		.4byte	.LASF3
  81 0048 03       		.uleb128 0x3
  82 0049 02       		.byte	0x2
  83 004a 07       		.byte	0x7
  84 004b E5010000 		.4byte	.LASF4
  85 004f 03       		.uleb128 0x3
  86 0050 04       		.byte	0x4
  87 0051 05       		.byte	0x5
  88 0052 D6010000 		.4byte	.LASF5
  89 0056 03       		.uleb128 0x3
  90 0057 04       		.byte	0x4
  91 0058 07       		.byte	0x7
  92 0059 81000000 		.4byte	.LASF6
  93 005d 03       		.uleb128 0x3
  94 005e 08       		.byte	0x8
  95 005f 05       		.byte	0x5
  96 0060 00000000 		.4byte	.LASF7
  97 0064 03       		.uleb128 0x3
  98 0065 08       		.byte	0x8
  99 0066 07       		.byte	0x7
 100 0067 93000000 		.4byte	.LASF8
 101 006b 03       		.uleb128 0x3
 102 006c 01       		.byte	0x1
 103 006d 02       		.byte	0x2
 104 006e DF010000 		.4byte	.LASF9
 105 0072 03       		.uleb128 0x3
 106 0073 04       		.byte	0x4
 107 0074 07       		.byte	0x7
 108 0075 18020000 		.4byte	.LASF10
 109 0079 03       		.uleb128 0x3
 110 007a 01       		.byte	0x1
 111 007b 08       		.byte	0x8
 112 007c D1010000 		.4byte	.LASF11
ARM GAS  /tmp/cc81nfOD.s 			page 3


 113 0080 04       		.uleb128 0x4
 114 0081 04020000 		.4byte	.LASF15
 115 0085 01       		.byte	0x1
 116 0086 2E       		.byte	0x2e
 117 0087 00000000 		.4byte	.LFB7
 118 008b 04000000 		.4byte	.LFE7-.LFB7
 119 008f 01       		.uleb128 0x1
 120 0090 9C       		.byte	0x9c
 121 0091 00       		.byte	0
 122              		.section	.debug_abbrev,"",%progbits
 123              	.Ldebug_abbrev0:
 124 0000 01       		.uleb128 0x1
 125 0001 11       		.uleb128 0x11
 126 0002 01       		.byte	0x1
 127 0003 25       		.uleb128 0x25
 128 0004 0E       		.uleb128 0xe
 129 0005 13       		.uleb128 0x13
 130 0006 0B       		.uleb128 0xb
 131 0007 03       		.uleb128 0x3
 132 0008 0E       		.uleb128 0xe
 133 0009 1B       		.uleb128 0x1b
 134 000a 0E       		.uleb128 0xe
 135 000b 55       		.uleb128 0x55
 136 000c 17       		.uleb128 0x17
 137 000d 11       		.uleb128 0x11
 138 000e 01       		.uleb128 0x1
 139 000f 10       		.uleb128 0x10
 140 0010 17       		.uleb128 0x17
 141 0011 00       		.byte	0
 142 0012 00       		.byte	0
 143 0013 02       		.uleb128 0x2
 144 0014 24       		.uleb128 0x24
 145 0015 00       		.byte	0
 146 0016 0B       		.uleb128 0xb
 147 0017 0B       		.uleb128 0xb
 148 0018 3E       		.uleb128 0x3e
 149 0019 0B       		.uleb128 0xb
 150 001a 03       		.uleb128 0x3
 151 001b 08       		.uleb128 0x8
 152 001c 00       		.byte	0
 153 001d 00       		.byte	0
 154 001e 03       		.uleb128 0x3
 155 001f 24       		.uleb128 0x24
 156 0020 00       		.byte	0
 157 0021 0B       		.uleb128 0xb
 158 0022 0B       		.uleb128 0xb
 159 0023 3E       		.uleb128 0x3e
 160 0024 0B       		.uleb128 0xb
 161 0025 03       		.uleb128 0x3
 162 0026 0E       		.uleb128 0xe
 163 0027 00       		.byte	0
 164 0028 00       		.byte	0
 165 0029 04       		.uleb128 0x4
 166 002a 2E       		.uleb128 0x2e
 167 002b 00       		.byte	0
 168 002c 3F       		.uleb128 0x3f
 169 002d 19       		.uleb128 0x19
ARM GAS  /tmp/cc81nfOD.s 			page 4


 170 002e 03       		.uleb128 0x3
 171 002f 0E       		.uleb128 0xe
 172 0030 3A       		.uleb128 0x3a
 173 0031 0B       		.uleb128 0xb
 174 0032 3B       		.uleb128 0x3b
 175 0033 0B       		.uleb128 0xb
 176 0034 27       		.uleb128 0x27
 177 0035 19       		.uleb128 0x19
 178 0036 11       		.uleb128 0x11
 179 0037 01       		.uleb128 0x1
 180 0038 12       		.uleb128 0x12
 181 0039 06       		.uleb128 0x6
 182 003a 40       		.uleb128 0x40
 183 003b 18       		.uleb128 0x18
 184 003c 9742     		.uleb128 0x2117
 185 003e 19       		.uleb128 0x19
 186 003f 00       		.byte	0
 187 0040 00       		.byte	0
 188 0041 00       		.byte	0
 189              		.section	.debug_aranges,"",%progbits
 190 0000 1C000000 		.4byte	0x1c
 191 0004 0200     		.2byte	0x2
 192 0006 00000000 		.4byte	.Ldebug_info0
 193 000a 04       		.byte	0x4
 194 000b 00       		.byte	0
 195 000c 0000     		.2byte	0
 196 000e 0000     		.2byte	0
 197 0010 00000000 		.4byte	.LFB7
 198 0014 04000000 		.4byte	.LFE7-.LFB7
 199 0018 00000000 		.4byte	0
 200 001c 00000000 		.4byte	0
 201              		.section	.debug_ranges,"",%progbits
 202              	.Ldebug_ranges0:
 203 0000 00000000 		.4byte	.LFB7
 204 0004 04000000 		.4byte	.LFE7
 205 0008 00000000 		.4byte	0
 206 000c 00000000 		.4byte	0
 207              		.section	.debug_line,"",%progbits
 208              	.Ldebug_line0:
 209 0000 4F000000 		.section	.debug_str,"MS",%progbits,1
 209      02003900 
 209      00000201 
 209      FB0E0D00 
 209      01010101 
 210              	.LASF7:
 211 0000 6C6F6E67 		.ascii	"long long int\000"
 211      206C6F6E 
 211      6720696E 
 211      7400
 212              	.LASF0:
 213 000e 756E7369 		.ascii	"unsigned int\000"
 213      676E6564 
 213      20696E74 
 213      00
 214              	.LASF14:
 215 001b 2F686F6D 		.ascii	"/home/makkmarci/devel/ChibiOS_2.6.5/projects/STM32F"
 215      652F6D61 
ARM GAS  /tmp/cc81nfOD.s 			page 5


 215      6B6B6D61 
 215      7263692F 
 215      64657665 
 216 004e 345F4368 		.ascii	"4_ChibiOS_uGFX/\000"
 216      6962694F 
 216      535F7547 
 216      46582F00 
 217              	.LASF13:
 218 005e 2E2E2F2E 		.ascii	"../../os/ports/GCC/ARMCMx/chcore.c\000"
 218      2E2F6F73 
 218      2F706F72 
 218      74732F47 
 218      43432F41 
 219              	.LASF6:
 220 0081 6C6F6E67 		.ascii	"long unsigned int\000"
 220      20756E73 
 220      69676E65 
 220      6420696E 
 220      7400
 221              	.LASF8:
 222 0093 6C6F6E67 		.ascii	"long long unsigned int\000"
 222      206C6F6E 
 222      6720756E 
 222      7369676E 
 222      65642069 
 223              	.LASF12:
 224 00aa 474E5520 		.ascii	"GNU C 4.8.4 20140526 (release) [ARM/embedded-4_8-br"
 224      4320342E 
 224      382E3420 
 224      32303134 
 224      30353236 
 225 00dd 616E6368 		.ascii	"anch revision 211358] -mcpu=cortex-m4 -mfloat-abi=h"
 225      20726576 
 225      6973696F 
 225      6E203231 
 225      31333538 
 226 0110 61726420 		.ascii	"ard -mfpu=fpv4-sp-d16 -mno-thumb-interwork -mthumb "
 226      2D6D6670 
 226      753D6670 
 226      76342D73 
 226      702D6431 
 227 0143 2D676764 		.ascii	"-ggdb -O2 -fomit-frame-pointer -falign-functions=16"
 227      62202D4F 
 227      32202D66 
 227      6F6D6974 
 227      2D667261 
 228 0176 202D6666 		.ascii	" -ffunction-sections -fdata-sections -fno-common -f"
 228      756E6374 
 228      696F6E2D 
 228      73656374 
 228      696F6E73 
 229 01a9 73696E67 		.ascii	"single-precision-constant\000"
 229      6C652D70 
 229      72656369 
 229      73696F6E 
 229      2D636F6E 
 230              	.LASF2:
ARM GAS  /tmp/cc81nfOD.s 			page 6


 231 01c3 756E7369 		.ascii	"unsigned char\000"
 231      676E6564 
 231      20636861 
 231      7200
 232              	.LASF11:
 233 01d1 63686172 		.ascii	"char\000"
 233      00
 234              	.LASF5:
 235 01d6 6C6F6E67 		.ascii	"long int\000"
 235      20696E74 
 235      00
 236              	.LASF9:
 237 01df 5F426F6F 		.ascii	"_Bool\000"
 237      6C00
 238              	.LASF4:
 239 01e5 73686F72 		.ascii	"short unsigned int\000"
 239      7420756E 
 239      7369676E 
 239      65642069 
 239      6E7400
 240              	.LASF1:
 241 01f8 7369676E 		.ascii	"signed char\000"
 241      65642063 
 241      68617200 
 242              	.LASF15:
 243 0204 706F7274 		.ascii	"port_halt\000"
 243      5F68616C 
 243      7400
 244              	.LASF3:
 245 020e 73686F72 		.ascii	"short int\000"
 245      7420696E 
 245      7400
 246              	.LASF10:
 247 0218 73697A65 		.ascii	"sizetype\000"
 247      74797065 
 247      00
 248              		.ident	"GCC: (GNU Tools for ARM Embedded Processors) 4.8.4 20140526 (release) [ARM/embedded-4_8-br
ARM GAS  /tmp/cc81nfOD.s 			page 7


DEFINED SYMBOLS
                            *ABS*:00000000 chcore.c
     /tmp/cc81nfOD.s:21     .text.port_halt:00000000 $t
     /tmp/cc81nfOD.s:27     .text.port_halt:00000000 port_halt
                     .debug_frame:00000010 $d

NO UNDEFINED SYMBOLS
