ARM GAS  /tmp/ccD0QxSi.s 			page 1


   1              		.syntax unified
   2              		.cpu cortex-m4
   3              		.eabi_attribute 27, 1
   4              		.eabi_attribute 28, 1
   5              		.fpu fpv4-sp-d16
   6              		.eabi_attribute 20, 1
   7              		.eabi_attribute 21, 1
   8              		.eabi_attribute 23, 3
   9              		.eabi_attribute 24, 1
  10              		.eabi_attribute 25, 1
  11              		.eabi_attribute 26, 1
  12              		.eabi_attribute 30, 6
  13              		.eabi_attribute 34, 1
  14              		.eabi_attribute 18, 4
  15              		.thumb
  16              		.file	"chcond.c"
  17              		.text
  18              	.Ltext0:
  19              		.cfi_sections	.debug_frame
  20              		.section	.rodata
  21              		.align	2
  22              	.LC0:
  23 0000 22636843 		.ascii	"\"chCondInit\"()\000"
  23      6F6E6449 
  23      6E697422 
  23      282900
  24              		.section	.text.chCondInit,"ax",%progbits
  25              		.align	2
  26              		.p2align 4,,15
  27              		.global	chCondInit
  28              		.thumb
  29              		.thumb_func
  30              		.type	chCondInit, %function
  31              	chCondInit:
  32              	.LFB0:
  33              		.file 1 "/home/makkmarci/workspace/ChibiOS_2.6.8/os/kernel/src/chcond.c"
  34              		.loc 1 59 0
  35              		.cfi_startproc
  36              		@ args = 0, pretend = 0, frame = 8
  37              		@ frame_needed = 0, uses_anonymous_args = 0
  38 0000 00B5     		push	{lr}
  39              		.cfi_def_cfa_offset 4
  40              		.cfi_offset 14, -4
  41 0002 83B0     		sub	sp, sp, #12
  42              		.cfi_def_cfa_offset 16
  43 0004 0190     		str	r0, [sp, #4]
  44              		.loc 1 61 0
  45 0006 019B     		ldr	r3, [sp, #4]
  46 0008 002B     		cmp	r3, #0
  47 000a 02D1     		bne	.L2
  48              		.loc 1 61 0 is_stmt 0 discriminator 1
  49 000c 0648     		ldr	r0, .L3
  50 000e FFF7FEFF 		bl	chDbgPanic
  51              	.L2:
  52              		.loc 1 63 0 is_stmt 1
  53 0012 019A     		ldr	r2, [sp, #4]
  54 0014 019B     		ldr	r3, [sp, #4]
ARM GAS  /tmp/ccD0QxSi.s 			page 2


  55 0016 5A60     		str	r2, [r3, #4]
  56 0018 019B     		ldr	r3, [sp, #4]
  57 001a 5A68     		ldr	r2, [r3, #4]
  58 001c 019B     		ldr	r3, [sp, #4]
  59 001e 1A60     		str	r2, [r3]
  60              		.loc 1 64 0
  61 0020 03B0     		add	sp, sp, #12
  62              		.cfi_def_cfa_offset 4
  63              		@ sp needed
  64 0022 5DF804FB 		ldr	pc, [sp], #4
  65              	.L4:
  66 0026 00BF     		.align	2
  67              	.L3:
  68 0028 00000000 		.word	.LC0
  69              		.cfi_endproc
  70              	.LFE0:
  71              		.size	chCondInit, .-chCondInit
  72 002c AFF30080 		.section	.rodata
  73 000f 00       		.align	2
  74              	.LC1:
  75 0010 22636843 		.ascii	"\"chCondSignal\"()\000"
  75      6F6E6453 
  75      69676E61 
  75      6C222829 
  75      00
  76              		.section	.text.chCondSignal,"ax",%progbits
  77              		.align	2
  78              		.p2align 4,,15
  79              		.global	chCondSignal
  80              		.thumb
  81              		.thumb_func
  82              		.type	chCondSignal, %function
  83              	chCondSignal:
  84              	.LFB1:
  85              		.loc 1 73 0
  86              		.cfi_startproc
  87              		@ args = 0, pretend = 0, frame = 8
  88              		@ frame_needed = 0, uses_anonymous_args = 0
  89 0000 00B5     		push	{lr}
  90              		.cfi_def_cfa_offset 4
  91              		.cfi_offset 14, -4
  92 0002 83B0     		sub	sp, sp, #12
  93              		.cfi_def_cfa_offset 16
  94 0004 0190     		str	r0, [sp, #4]
  95              		.loc 1 75 0
  96 0006 019B     		ldr	r3, [sp, #4]
  97 0008 002B     		cmp	r3, #0
  98 000a 02D1     		bne	.L6
  99              		.loc 1 75 0 is_stmt 0 discriminator 1
 100 000c 0B48     		ldr	r0, .L8
 101 000e FFF7FEFF 		bl	chDbgPanic
 102              	.L6:
 103              		.loc 1 77 0 is_stmt 1
 104              	@ 77 "/home/makkmarci/workspace/ChibiOS_2.6.8/os/kernel/src/chcond.c" 1
 105 0012 FFF7FEFF 		bl      _port_lock
 106              	@ 0 "" 2
 107              		.loc 1 78 0
ARM GAS  /tmp/ccD0QxSi.s 			page 3


 108              		.thumb
 109 0016 019B     		ldr	r3, [sp, #4]
 110 0018 1A68     		ldr	r2, [r3]
 111 001a 019B     		ldr	r3, [sp, #4]
 112 001c 9A42     		cmp	r2, r3
 113 001e 08D0     		beq	.L7
 114              		.loc 1 79 0
 115 0020 019B     		ldr	r3, [sp, #4]
 116 0022 1846     		mov	r0, r3
 117 0024 FFF7FEFF 		bl	fifo_remove
 118 0028 0346     		mov	r3, r0
 119 002a 1846     		mov	r0, r3
 120 002c 0021     		movs	r1, #0
 121 002e FFF7FEFF 		bl	chSchWakeupS
 122              	.L7:
 123              		.loc 1 80 0
 124              	@ 80 "/home/makkmarci/workspace/ChibiOS_2.6.8/os/kernel/src/chcond.c" 1
 125 0032 FFF7FEFF 		bl      _port_unlock
 126              	@ 0 "" 2
 127              		.loc 1 81 0
 128              		.thumb
 129 0036 03B0     		add	sp, sp, #12
 130              		.cfi_def_cfa_offset 4
 131              		@ sp needed
 132 0038 5DF804FB 		ldr	pc, [sp], #4
 133              	.L9:
 134              		.align	2
 135              	.L8:
 136 003c 10000000 		.word	.LC1
 137              		.cfi_endproc
 138              	.LFE1:
 139              		.size	chCondSignal, .-chCondSignal
 140              		.section	.rodata
 141 0021 000000   		.align	2
 142              	.LC2:
 143 0024 22636843 		.ascii	"\"chCondSignalI\"()\000"
 143      6F6E6453 
 143      69676E61 
 143      6C492228 
 143      2900
 144              		.section	.text.chCondSignalI,"ax",%progbits
 145              		.align	2
 146              		.p2align 4,,15
 147              		.global	chCondSignalI
 148              		.thumb
 149              		.thumb_func
 150              		.type	chCondSignalI, %function
 151              	chCondSignalI:
 152              	.LFB2:
 153              		.loc 1 94 0
 154              		.cfi_startproc
 155              		@ args = 0, pretend = 0, frame = 8
 156              		@ frame_needed = 0, uses_anonymous_args = 0
 157 0000 00B5     		push	{lr}
 158              		.cfi_def_cfa_offset 4
 159              		.cfi_offset 14, -4
 160 0002 83B0     		sub	sp, sp, #12
ARM GAS  /tmp/ccD0QxSi.s 			page 4


 161              		.cfi_def_cfa_offset 16
 162 0004 0190     		str	r0, [sp, #4]
 163              		.loc 1 97 0
 164 0006 019B     		ldr	r3, [sp, #4]
 165 0008 002B     		cmp	r3, #0
 166 000a 02D1     		bne	.L11
 167              		.loc 1 97 0 is_stmt 0 discriminator 1
 168 000c 0A48     		ldr	r0, .L13
 169 000e FFF7FEFF 		bl	chDbgPanic
 170              	.L11:
 171              		.loc 1 99 0 is_stmt 1
 172 0012 019B     		ldr	r3, [sp, #4]
 173 0014 1A68     		ldr	r2, [r3]
 174 0016 019B     		ldr	r3, [sp, #4]
 175 0018 9A42     		cmp	r2, r3
 176 001a 0AD0     		beq	.L10
 177              		.loc 1 100 0
 178 001c 019B     		ldr	r3, [sp, #4]
 179 001e 1846     		mov	r0, r3
 180 0020 FFF7FEFF 		bl	fifo_remove
 181 0024 0346     		mov	r3, r0
 182 0026 1846     		mov	r0, r3
 183 0028 FFF7FEFF 		bl	chSchReadyI
 184 002c 0246     		mov	r2, r0
 185 002e 0023     		movs	r3, #0
 186 0030 9362     		str	r3, [r2, #40]
 187              	.L10:
 188              		.loc 1 101 0
 189 0032 03B0     		add	sp, sp, #12
 190              		.cfi_def_cfa_offset 4
 191              		@ sp needed
 192 0034 5DF804FB 		ldr	pc, [sp], #4
 193              	.L14:
 194              		.align	2
 195              	.L13:
 196 0038 24000000 		.word	.LC2
 197              		.cfi_endproc
 198              	.LFE2:
 199              		.size	chCondSignalI, .-chCondSignalI
 200 003c AFF30080 		.section	.text.chCondBroadcast,"ax",%progbits
 201              		.align	2
 202              		.p2align 4,,15
 203              		.global	chCondBroadcast
 204              		.thumb
 205              		.thumb_func
 206              		.type	chCondBroadcast, %function
 207              	chCondBroadcast:
 208              	.LFB3:
 209              		.loc 1 110 0
 210              		.cfi_startproc
 211              		@ args = 0, pretend = 0, frame = 8
 212              		@ frame_needed = 0, uses_anonymous_args = 0
 213 0000 00B5     		push	{lr}
 214              		.cfi_def_cfa_offset 4
 215              		.cfi_offset 14, -4
 216 0002 83B0     		sub	sp, sp, #12
 217              		.cfi_def_cfa_offset 16
ARM GAS  /tmp/ccD0QxSi.s 			page 5


 218 0004 0190     		str	r0, [sp, #4]
 219              		.loc 1 112 0
 220              	@ 112 "/home/makkmarci/workspace/ChibiOS_2.6.8/os/kernel/src/chcond.c" 1
 221 0006 FFF7FEFF 		bl      _port_lock
 222              	@ 0 "" 2
 223              		.loc 1 113 0
 224              		.thumb
 225 000a 0198     		ldr	r0, [sp, #4]
 226 000c FFF7FEFF 		bl	chCondBroadcastI
 227              		.loc 1 114 0
 228 0010 FFF7FEFF 		bl	chSchRescheduleS
 229              		.loc 1 115 0
 230              	@ 115 "/home/makkmarci/workspace/ChibiOS_2.6.8/os/kernel/src/chcond.c" 1
 231 0014 FFF7FEFF 		bl      _port_unlock
 232              	@ 0 "" 2
 233              		.loc 1 116 0
 234              		.thumb
 235 0018 03B0     		add	sp, sp, #12
 236              		.cfi_def_cfa_offset 4
 237              		@ sp needed
 238 001a 5DF804FB 		ldr	pc, [sp], #4
 239              		.cfi_endproc
 240              	.LFE3:
 241              		.size	chCondBroadcast, .-chCondBroadcast
 242 001e 00BF     		.section	.rodata
 243 0036 0000     		.align	2
 244              	.LC3:
 245 0038 22636843 		.ascii	"\"chCondBroadcastI\"()\000"
 245      6F6E6442 
 245      726F6164 
 245      63617374 
 245      49222829 
 246              		.section	.text.chCondBroadcastI,"ax",%progbits
 247              		.align	2
 248              		.p2align 4,,15
 249              		.global	chCondBroadcastI
 250              		.thumb
 251              		.thumb_func
 252              		.type	chCondBroadcastI, %function
 253              	chCondBroadcastI:
 254              	.LFB4:
 255              		.loc 1 129 0
 256              		.cfi_startproc
 257              		@ args = 0, pretend = 0, frame = 8
 258              		@ frame_needed = 0, uses_anonymous_args = 0
 259 0000 00B5     		push	{lr}
 260              		.cfi_def_cfa_offset 4
 261              		.cfi_offset 14, -4
 262 0002 83B0     		sub	sp, sp, #12
 263              		.cfi_def_cfa_offset 16
 264 0004 0190     		str	r0, [sp, #4]
 265              		.loc 1 132 0
 266 0006 019B     		ldr	r3, [sp, #4]
 267 0008 002B     		cmp	r3, #0
 268 000a 02D1     		bne	.L17
 269              		.loc 1 132 0 is_stmt 0 discriminator 1
 270 000c 0B48     		ldr	r0, .L20
ARM GAS  /tmp/ccD0QxSi.s 			page 6


 271 000e FFF7FEFF 		bl	chDbgPanic
 272              	.L17:
 273              		.loc 1 137 0 is_stmt 1
 274 0012 0BE0     		b	.L18
 275              	.L19:
 276              		.loc 1 138 0
 277 0014 019B     		ldr	r3, [sp, #4]
 278 0016 1846     		mov	r0, r3
 279 0018 FFF7FEFF 		bl	fifo_remove
 280 001c 0346     		mov	r3, r0
 281 001e 1846     		mov	r0, r3
 282 0020 FFF7FEFF 		bl	chSchReadyI
 283 0024 0246     		mov	r2, r0
 284 0026 6FF00103 		mvn	r3, #1
 285 002a 9362     		str	r3, [r2, #40]
 286              	.L18:
 287              		.loc 1 137 0
 288 002c 019B     		ldr	r3, [sp, #4]
 289 002e 1A68     		ldr	r2, [r3]
 290 0030 019B     		ldr	r3, [sp, #4]
 291 0032 9A42     		cmp	r2, r3
 292 0034 EED1     		bne	.L19
 293              		.loc 1 139 0
 294 0036 03B0     		add	sp, sp, #12
 295              		.cfi_def_cfa_offset 4
 296              		@ sp needed
 297 0038 5DF804FB 		ldr	pc, [sp], #4
 298              	.L21:
 299              		.align	2
 300              	.L20:
 301 003c 38000000 		.word	.LC3
 302              		.cfi_endproc
 303              	.LFE4:
 304              		.size	chCondBroadcastI, .-chCondBroadcastI
 305              		.section	.text.chCondWait,"ax",%progbits
 306              		.align	2
 307              		.p2align 4,,15
 308              		.global	chCondWait
 309              		.thumb
 310              		.thumb_func
 311              		.type	chCondWait, %function
 312              	chCondWait:
 313              	.LFB5:
 314              		.loc 1 158 0
 315              		.cfi_startproc
 316              		@ args = 0, pretend = 0, frame = 16
 317              		@ frame_needed = 0, uses_anonymous_args = 0
 318 0000 00B5     		push	{lr}
 319              		.cfi_def_cfa_offset 4
 320              		.cfi_offset 14, -4
 321 0002 85B0     		sub	sp, sp, #20
 322              		.cfi_def_cfa_offset 24
 323 0004 0190     		str	r0, [sp, #4]
 324              		.loc 1 161 0
 325              	@ 161 "/home/makkmarci/workspace/ChibiOS_2.6.8/os/kernel/src/chcond.c" 1
 326 0006 FFF7FEFF 		bl      _port_lock
 327              	@ 0 "" 2
ARM GAS  /tmp/ccD0QxSi.s 			page 7


 328              		.loc 1 162 0
 329              		.thumb
 330 000a 0198     		ldr	r0, [sp, #4]
 331 000c FFF7FEFF 		bl	chCondWaitS
 332 0010 0390     		str	r0, [sp, #12]
 333              		.loc 1 163 0
 334              	@ 163 "/home/makkmarci/workspace/ChibiOS_2.6.8/os/kernel/src/chcond.c" 1
 335 0012 FFF7FEFF 		bl      _port_unlock
 336              	@ 0 "" 2
 337              		.loc 1 164 0
 338              		.thumb
 339 0016 039B     		ldr	r3, [sp, #12]
 340              		.loc 1 165 0
 341 0018 1846     		mov	r0, r3
 342 001a 05B0     		add	sp, sp, #20
 343              		.cfi_def_cfa_offset 4
 344              		@ sp needed
 345 001c 5DF804FB 		ldr	pc, [sp], #4
 346              		.cfi_endproc
 347              	.LFE5:
 348              		.size	chCondWait, .-chCondWait
 349              		.section	.rodata
 350 004d 000000   		.align	2
 351              	.LC4:
 352 0050 22636843 		.ascii	"\"chCondWaitS\"()\000"
 352      6F6E6457 
 352      61697453 
 352      22282900 
 353              		.align	2
 354              	.LC5:
 355 0060 6368436F 		.ascii	"chCondWaitS(), #1\000"
 355      6E645761 
 355      69745328 
 355      292C2023 
 355      3100
 356              		.section	.text.chCondWaitS,"ax",%progbits
 357              		.align	2
 358              		.p2align 4,,15
 359              		.global	chCondWaitS
 360              		.thumb
 361              		.thumb_func
 362              		.type	chCondWaitS, %function
 363              	chCondWaitS:
 364              	.LFB6:
 365              		.loc 1 184 0
 366              		.cfi_startproc
 367              		@ args = 0, pretend = 0, frame = 24
 368              		@ frame_needed = 0, uses_anonymous_args = 0
 369 0000 00B5     		push	{lr}
 370              		.cfi_def_cfa_offset 4
 371              		.cfi_offset 14, -4
 372 0002 87B0     		sub	sp, sp, #28
 373              		.cfi_def_cfa_offset 32
 374 0004 0190     		str	r0, [sp, #4]
 375              		.loc 1 185 0
 376 0006 144B     		ldr	r3, .L28
 377 0008 9B69     		ldr	r3, [r3, #24]
ARM GAS  /tmp/ccD0QxSi.s 			page 8


 378 000a 0593     		str	r3, [sp, #20]
 379              		.loc 1 190 0
 380 000c 019B     		ldr	r3, [sp, #4]
 381 000e 002B     		cmp	r3, #0
 382 0010 02D1     		bne	.L25
 383              		.loc 1 190 0 is_stmt 0 discriminator 1
 384 0012 1248     		ldr	r0, .L28+4
 385 0014 FFF7FEFF 		bl	chDbgPanic
 386              	.L25:
 387              		.loc 1 191 0 is_stmt 1
 388 0018 059B     		ldr	r3, [sp, #20]
 389 001a 1B6C     		ldr	r3, [r3, #64]
 390 001c 002B     		cmp	r3, #0
 391 001e 02D1     		bne	.L26
 392              		.loc 1 191 0 is_stmt 0 discriminator 1
 393 0020 0F48     		ldr	r0, .L28+8
 394 0022 FFF7FEFF 		bl	chDbgPanic
 395              	.L26:
 396              		.loc 1 195 0 is_stmt 1
 397 0026 FFF7FEFF 		bl	chMtxUnlockS
 398 002a 0490     		str	r0, [sp, #16]
 399              		.loc 1 196 0
 400 002c 059B     		ldr	r3, [sp, #20]
 401 002e 019A     		ldr	r2, [sp, #4]
 402 0030 9A62     		str	r2, [r3, #40]
 403              		.loc 1 197 0
 404 0032 019B     		ldr	r3, [sp, #4]
 405 0034 0598     		ldr	r0, [sp, #20]
 406 0036 1946     		mov	r1, r3
 407 0038 FFF7FEFF 		bl	prio_insert
 408              		.loc 1 198 0
 409 003c 0520     		movs	r0, #5
 410 003e FFF7FEFF 		bl	chSchGoSleepS
 411              		.loc 1 199 0
 412 0042 059B     		ldr	r3, [sp, #20]
 413 0044 9B6A     		ldr	r3, [r3, #40]
 414 0046 0393     		str	r3, [sp, #12]
 415              		.loc 1 200 0
 416 0048 0498     		ldr	r0, [sp, #16]
 417 004a FFF7FEFF 		bl	chMtxLockS
 418              		.loc 1 201 0
 419 004e 039B     		ldr	r3, [sp, #12]
 420              		.loc 1 202 0
 421 0050 1846     		mov	r0, r3
 422 0052 07B0     		add	sp, sp, #28
 423              		.cfi_def_cfa_offset 4
 424              		@ sp needed
 425 0054 5DF804FB 		ldr	pc, [sp], #4
 426              	.L29:
 427              		.align	2
 428              	.L28:
 429 0058 00000000 		.word	rlist
 430 005c 50000000 		.word	.LC4
 431 0060 60000000 		.word	.LC5
 432              		.cfi_endproc
 433              	.LFE6:
 434              		.size	chCondWaitS, .-chCondWaitS
ARM GAS  /tmp/ccD0QxSi.s 			page 9


 435 0064 AFF30080 		.section	.text.chCondWaitTimeout,"ax",%progbits
 435      AFF30080 
 435      AFF30080 
 436              		.align	2
 437              		.p2align 4,,15
 438              		.global	chCondWaitTimeout
 439              		.thumb
 440              		.thumb_func
 441              		.type	chCondWaitTimeout, %function
 442              	chCondWaitTimeout:
 443              	.LFB7:
 444              		.loc 1 233 0
 445              		.cfi_startproc
 446              		@ args = 0, pretend = 0, frame = 16
 447              		@ frame_needed = 0, uses_anonymous_args = 0
 448 0000 00B5     		push	{lr}
 449              		.cfi_def_cfa_offset 4
 450              		.cfi_offset 14, -4
 451 0002 85B0     		sub	sp, sp, #20
 452              		.cfi_def_cfa_offset 24
 453 0004 0190     		str	r0, [sp, #4]
 454 0006 0091     		str	r1, [sp]
 455              		.loc 1 236 0
 456              	@ 236 "/home/makkmarci/workspace/ChibiOS_2.6.8/os/kernel/src/chcond.c" 1
 457 0008 FFF7FEFF 		bl      _port_lock
 458              	@ 0 "" 2
 459              		.loc 1 237 0
 460              		.thumb
 461 000c 0198     		ldr	r0, [sp, #4]
 462 000e 0099     		ldr	r1, [sp]
 463 0010 FFF7FEFF 		bl	chCondWaitTimeoutS
 464 0014 0390     		str	r0, [sp, #12]
 465              		.loc 1 238 0
 466              	@ 238 "/home/makkmarci/workspace/ChibiOS_2.6.8/os/kernel/src/chcond.c" 1
 467 0016 FFF7FEFF 		bl      _port_unlock
 468              	@ 0 "" 2
 469              		.loc 1 239 0
 470              		.thumb
 471 001a 039B     		ldr	r3, [sp, #12]
 472              		.loc 1 240 0
 473 001c 1846     		mov	r0, r3
 474 001e 05B0     		add	sp, sp, #20
 475              		.cfi_def_cfa_offset 4
 476              		@ sp needed
 477 0020 5DF804FB 		ldr	pc, [sp], #4
 478              		.cfi_endproc
 479              	.LFE7:
 480              		.size	chCondWaitTimeout, .-chCondWaitTimeout
 481 0024 AFF30080 		.section	.rodata
 481      AFF30080 
 481      AFF30080 
 482 0072 0000     		.align	2
 483              	.LC6:
 484 0074 22636843 		.ascii	"\"chCondWaitTimeoutS\"()\000"
 484      6F6E6457 
 484      61697454 
 484      696D656F 
ARM GAS  /tmp/ccD0QxSi.s 			page 10


 484      75745322 
 485 008b 00       		.align	2
 486              	.LC7:
 487 008c 6368436F 		.ascii	"chCondWaitTimeoutS(), #1\000"
 487      6E645761 
 487      69745469 
 487      6D656F75 
 487      74532829 
 488 00a5 000000   		.section	.text.chCondWaitTimeoutS,"ax",%progbits
 489              		.align	2
 490              		.p2align 4,,15
 491              		.global	chCondWaitTimeoutS
 492              		.thumb
 493              		.thumb_func
 494              		.type	chCondWaitTimeoutS, %function
 495              	chCondWaitTimeoutS:
 496              	.LFB8:
 497              		.loc 1 270 0
 498              		.cfi_startproc
 499              		@ args = 0, pretend = 0, frame = 16
 500              		@ frame_needed = 0, uses_anonymous_args = 0
 501 0000 00B5     		push	{lr}
 502              		.cfi_def_cfa_offset 4
 503              		.cfi_offset 14, -4
 504 0002 85B0     		sub	sp, sp, #20
 505              		.cfi_def_cfa_offset 24
 506 0004 0190     		str	r0, [sp, #4]
 507 0006 0091     		str	r1, [sp]
 508              		.loc 1 275 0
 509 0008 019B     		ldr	r3, [sp, #4]
 510 000a 002B     		cmp	r3, #0
 511 000c 02D0     		beq	.L33
 512              		.loc 1 275 0 is_stmt 0 discriminator 2
 513 000e 009B     		ldr	r3, [sp]
 514 0010 002B     		cmp	r3, #0
 515 0012 02D1     		bne	.L34
 516              	.L33:
 517              		.loc 1 275 0 discriminator 3
 518 0014 1448     		ldr	r0, .L38
 519 0016 FFF7FEFF 		bl	chDbgPanic
 520              	.L34:
 521              		.loc 1 276 0 is_stmt 1
 522 001a 144B     		ldr	r3, .L38+4
 523 001c 9B69     		ldr	r3, [r3, #24]
 524 001e 1B6C     		ldr	r3, [r3, #64]
 525 0020 002B     		cmp	r3, #0
 526 0022 02D1     		bne	.L35
 527              		.loc 1 276 0 is_stmt 0 discriminator 1
 528 0024 1248     		ldr	r0, .L38+8
 529 0026 FFF7FEFF 		bl	chDbgPanic
 530              	.L35:
 531              		.loc 1 280 0 is_stmt 1
 532 002a FFF7FEFF 		bl	chMtxUnlockS
 533 002e 0390     		str	r0, [sp, #12]
 534              		.loc 1 281 0
 535 0030 0E4B     		ldr	r3, .L38+4
 536 0032 9B69     		ldr	r3, [r3, #24]
ARM GAS  /tmp/ccD0QxSi.s 			page 11


 537 0034 019A     		ldr	r2, [sp, #4]
 538 0036 9A62     		str	r2, [r3, #40]
 539              		.loc 1 282 0
 540 0038 0C4B     		ldr	r3, .L38+4
 541 003a 9A69     		ldr	r2, [r3, #24]
 542 003c 019B     		ldr	r3, [sp, #4]
 543 003e 1046     		mov	r0, r2
 544 0040 1946     		mov	r1, r3
 545 0042 FFF7FEFF 		bl	prio_insert
 546              		.loc 1 283 0
 547 0046 0520     		movs	r0, #5
 548 0048 0099     		ldr	r1, [sp]
 549 004a FFF7FEFF 		bl	chSchGoSleepTimeoutS
 550 004e 0290     		str	r0, [sp, #8]
 551              		.loc 1 284 0
 552 0050 029B     		ldr	r3, [sp, #8]
 553 0052 B3F1FF3F 		cmp	r3, #-1
 554 0056 02D0     		beq	.L36
 555              		.loc 1 285 0
 556 0058 0398     		ldr	r0, [sp, #12]
 557 005a FFF7FEFF 		bl	chMtxLockS
 558              	.L36:
 559              		.loc 1 286 0
 560 005e 029B     		ldr	r3, [sp, #8]
 561              		.loc 1 287 0
 562 0060 1846     		mov	r0, r3
 563 0062 05B0     		add	sp, sp, #20
 564              		.cfi_def_cfa_offset 4
 565              		@ sp needed
 566 0064 5DF804FB 		ldr	pc, [sp], #4
 567              	.L39:
 568              		.align	2
 569              	.L38:
 570 0068 74000000 		.word	.LC6
 571 006c 00000000 		.word	rlist
 572 0070 8C000000 		.word	.LC7
 573              		.cfi_endproc
 574              	.LFE8:
 575              		.size	chCondWaitTimeoutS, .-chCondWaitTimeoutS
 576 0074 AFF30080 		.text
 576      AFF30080 
 576      AFF30080 
 577              	.Letext0:
 578              		.file 2 "/opt/gcc-arm-none-eabi/arm-none-eabi/include/machine/_default_types.h"
 579              		.file 3 "/opt/gcc-arm-none-eabi/arm-none-eabi/include/stdint.h"
 580              		.file 4 "/home/makkmarci/workspace/ChibiOS_2.6.8/os/ports/GCC/ARMCMx/chtypes.h"
 581              		.file 5 "/home/makkmarci/workspace/ChibiOS_2.6.8/os/kernel/include/chlists.h"
 582              		.file 6 "/home/makkmarci/workspace/ChibiOS_2.6.8/os/kernel/include/chthreads.h"
 583              		.file 7 "/home/makkmarci/workspace/ChibiOS_2.6.8/os/ports/GCC/ARMCMx/chcore_v7m.h"
 584              		.file 8 "/home/makkmarci/workspace/ChibiOS_2.6.8/os/kernel/include/chschd.h"
 585              		.file 9 "/home/makkmarci/workspace/ChibiOS_2.6.8/os/kernel/include/chmtx.h"
 586              		.file 10 "/home/makkmarci/workspace/ChibiOS_2.6.8/os/kernel/include/chcond.h"
 587              		.section	.debug_info,"",%progbits
 588              	.Ldebug_info0:
 589 0000 04070000 		.4byte	0x704
 590 0004 0400     		.2byte	0x4
 591 0006 00000000 		.4byte	.Ldebug_abbrev0
ARM GAS  /tmp/ccD0QxSi.s 			page 12


 592 000a 04       		.byte	0x4
 593 000b 01       		.uleb128 0x1
 594 000c 6E010000 		.4byte	.LASF82
 595 0010 01       		.byte	0x1
 596 0011 DB030000 		.4byte	.LASF83
 597 0015 00000000 		.4byte	.Ldebug_ranges0+0
 598 0019 00000000 		.4byte	0
 599 001d 00000000 		.4byte	.Ldebug_line0
 600 0021 02       		.uleb128 0x2
 601 0022 04       		.byte	0x4
 602 0023 05       		.byte	0x5
 603 0024 696E7400 		.ascii	"int\000"
 604 0028 03       		.uleb128 0x3
 605 0029 04       		.byte	0x4
 606 002a 07       		.byte	0x7
 607 002b EC000000 		.4byte	.LASF0
 608 002f 03       		.uleb128 0x3
 609 0030 01       		.byte	0x1
 610 0031 06       		.byte	0x6
 611 0032 6F000000 		.4byte	.LASF1
 612 0036 04       		.uleb128 0x4
 613 0037 28000000 		.4byte	.LASF5
 614 003b 02       		.byte	0x2
 615 003c 1D       		.byte	0x1d
 616 003d 41000000 		.4byte	0x41
 617 0041 03       		.uleb128 0x3
 618 0042 01       		.byte	0x1
 619 0043 08       		.byte	0x8
 620 0044 16030000 		.4byte	.LASF2
 621 0048 03       		.uleb128 0x3
 622 0049 02       		.byte	0x2
 623 004a 05       		.byte	0x5
 624 004b 2E030000 		.4byte	.LASF3
 625 004f 03       		.uleb128 0x3
 626 0050 02       		.byte	0x2
 627 0051 07       		.byte	0x7
 628 0052 13010000 		.4byte	.LASF4
 629 0056 04       		.uleb128 0x4
 630 0057 BF030000 		.4byte	.LASF6
 631 005b 02       		.byte	0x2
 632 005c 3F       		.byte	0x3f
 633 005d 61000000 		.4byte	0x61
 634 0061 03       		.uleb128 0x3
 635 0062 04       		.byte	0x4
 636 0063 05       		.byte	0x5
 637 0064 9D000000 		.4byte	.LASF7
 638 0068 04       		.uleb128 0x4
 639 0069 C0000000 		.4byte	.LASF8
 640 006d 02       		.byte	0x2
 641 006e 41       		.byte	0x41
 642 006f 73000000 		.4byte	0x73
 643 0073 03       		.uleb128 0x3
 644 0074 04       		.byte	0x4
 645 0075 07       		.byte	0x7
 646 0076 F9000000 		.4byte	.LASF9
 647 007a 03       		.uleb128 0x3
 648 007b 08       		.byte	0x8
ARM GAS  /tmp/ccD0QxSi.s 			page 13


 649 007c 05       		.byte	0x5
 650 007d 61000000 		.4byte	.LASF10
 651 0081 04       		.uleb128 0x4
 652 0082 D8020000 		.4byte	.LASF11
 653 0086 02       		.byte	0x2
 654 0087 5B       		.byte	0x5b
 655 0088 8C000000 		.4byte	0x8c
 656 008c 03       		.uleb128 0x3
 657 008d 08       		.byte	0x8
 658 008e 07       		.byte	0x7
 659 008f 32000000 		.4byte	.LASF12
 660 0093 04       		.uleb128 0x4
 661 0094 3C040000 		.4byte	.LASF13
 662 0098 03       		.byte	0x3
 663 0099 15       		.byte	0x15
 664 009a 36000000 		.4byte	0x36
 665 009e 04       		.uleb128 0x4
 666 009f 0E030000 		.4byte	.LASF14
 667 00a3 03       		.byte	0x3
 668 00a4 2C       		.byte	0x2c
 669 00a5 56000000 		.4byte	0x56
 670 00a9 04       		.uleb128 0x4
 671 00aa 81030000 		.4byte	.LASF15
 672 00ae 03       		.byte	0x3
 673 00af 2D       		.byte	0x2d
 674 00b0 68000000 		.4byte	0x68
 675 00b4 04       		.uleb128 0x4
 676 00b5 1F000000 		.4byte	.LASF16
 677 00b9 03       		.byte	0x3
 678 00ba 39       		.byte	0x39
 679 00bb 81000000 		.4byte	0x81
 680 00bf 03       		.uleb128 0x3
 681 00c0 01       		.byte	0x1
 682 00c1 02       		.byte	0x2
 683 00c2 08030000 		.4byte	.LASF17
 684 00c6 04       		.uleb128 0x4
 685 00c7 34010000 		.4byte	.LASF18
 686 00cb 04       		.byte	0x4
 687 00cc 2C       		.byte	0x2c
 688 00cd 93000000 		.4byte	0x93
 689 00d1 04       		.uleb128 0x4
 690 00d2 A6000000 		.4byte	.LASF19
 691 00d6 04       		.byte	0x4
 692 00d7 2D       		.byte	0x2d
 693 00d8 93000000 		.4byte	0x93
 694 00dc 04       		.uleb128 0x4
 695 00dd E3020000 		.4byte	.LASF20
 696 00e1 04       		.byte	0x4
 697 00e2 2E       		.byte	0x2e
 698 00e3 93000000 		.4byte	0x93
 699 00e7 04       		.uleb128 0x4
 700 00e8 8B000000 		.4byte	.LASF21
 701 00ec 04       		.byte	0x4
 702 00ed 2F       		.byte	0x2f
 703 00ee 93000000 		.4byte	0x93
 704 00f2 04       		.uleb128 0x4
 705 00f3 F2020000 		.4byte	.LASF22
ARM GAS  /tmp/ccD0QxSi.s 			page 14


 706 00f7 04       		.byte	0x4
 707 00f8 30       		.byte	0x30
 708 00f9 A9000000 		.4byte	0xa9
 709 00fd 04       		.uleb128 0x4
 710 00fe 26010000 		.4byte	.LASF23
 711 0102 04       		.byte	0x4
 712 0103 31       		.byte	0x31
 713 0104 9E000000 		.4byte	0x9e
 714 0108 04       		.uleb128 0x4
 715 0109 48010000 		.4byte	.LASF24
 716 010d 04       		.byte	0x4
 717 010e 33       		.byte	0x33
 718 010f A9000000 		.4byte	0xa9
 719 0113 04       		.uleb128 0x4
 720 0114 AA030000 		.4byte	.LASF25
 721 0118 04       		.byte	0x4
 722 0119 35       		.byte	0x35
 723 011a A9000000 		.4byte	0xa9
 724 011e 04       		.uleb128 0x4
 725 011f 67030000 		.4byte	.LASF26
 726 0123 05       		.byte	0x5
 727 0124 2A       		.byte	0x2a
 728 0125 29010000 		.4byte	0x129
 729 0129 05       		.uleb128 0x5
 730 012a 67030000 		.4byte	.LASF26
 731 012e 4C       		.byte	0x4c
 732 012f 06       		.byte	0x6
 733 0130 5E       		.byte	0x5e
 734 0131 32020000 		.4byte	0x232
 735 0135 06       		.uleb128 0x6
 736 0136 58030000 		.4byte	.LASF27
 737 013a 06       		.byte	0x6
 738 013b 5F       		.byte	0x5f
 739 013c 53020000 		.4byte	0x253
 740 0140 00       		.byte	0
 741 0141 06       		.uleb128 0x6
 742 0142 EB020000 		.4byte	.LASF28
 743 0146 06       		.byte	0x6
 744 0147 61       		.byte	0x61
 745 0148 53020000 		.4byte	0x253
 746 014c 04       		.byte	0x4
 747 014d 06       		.uleb128 0x6
 748 014e 5A000000 		.4byte	.LASF29
 749 0152 06       		.byte	0x6
 750 0153 63       		.byte	0x63
 751 0154 F2000000 		.4byte	0xf2
 752 0158 08       		.byte	0x8
 753 0159 06       		.uleb128 0x6
 754 015a 6C040000 		.4byte	.LASF30
 755 015e 06       		.byte	0x6
 756 015f 64       		.byte	0x64
 757 0160 E8030000 		.4byte	0x3e8
 758 0164 0C       		.byte	0xc
 759 0165 06       		.uleb128 0x6
 760 0166 AF000000 		.4byte	.LASF31
 761 016a 06       		.byte	0x6
 762 016b 66       		.byte	0x66
ARM GAS  /tmp/ccD0QxSi.s 			page 15


 763 016c 53020000 		.4byte	0x253
 764 0170 10       		.byte	0x10
 765 0171 06       		.uleb128 0x6
 766 0172 96020000 		.4byte	.LASF32
 767 0176 06       		.byte	0x6
 768 0177 67       		.byte	0x67
 769 0178 53020000 		.4byte	0x253
 770 017c 14       		.byte	0x14
 771 017d 06       		.uleb128 0x6
 772 017e 4B040000 		.4byte	.LASF33
 773 0182 06       		.byte	0x6
 774 0183 6E       		.byte	0x6e
 775 0184 0C050000 		.4byte	0x50c
 776 0188 18       		.byte	0x18
 777 0189 06       		.uleb128 0x6
 778 018a E1000000 		.4byte	.LASF34
 779 018e 06       		.byte	0x6
 780 018f 74       		.byte	0x74
 781 0190 1E050000 		.4byte	0x51e
 782 0194 1C       		.byte	0x1c
 783 0195 06       		.uleb128 0x6
 784 0196 38030000 		.4byte	.LASF35
 785 019a 06       		.byte	0x6
 786 019b 79       		.byte	0x79
 787 019c D1000000 		.4byte	0xd1
 788 01a0 20       		.byte	0x20
 789 01a1 06       		.uleb128 0x6
 790 01a2 5F030000 		.4byte	.LASF36
 791 01a6 06       		.byte	0x6
 792 01a7 7D       		.byte	0x7d
 793 01a8 C6000000 		.4byte	0xc6
 794 01ac 21       		.byte	0x21
 795 01ad 06       		.uleb128 0x6
 796 01ae 25040000 		.4byte	.LASF37
 797 01b2 06       		.byte	0x6
 798 01b3 82       		.byte	0x82
 799 01b4 DC000000 		.4byte	0xdc
 800 01b8 22       		.byte	0x22
 801 01b9 06       		.uleb128 0x6
 802 01ba 40030000 		.4byte	.LASF38
 803 01be 06       		.byte	0x6
 804 01bf 88       		.byte	0x88
 805 01c0 E7000000 		.4byte	0xe7
 806 01c4 23       		.byte	0x23
 807 01c5 06       		.uleb128 0x6
 808 01c6 D4030000 		.4byte	.LASF39
 809 01ca 06       		.byte	0x6
 810 01cb 8F       		.byte	0x8f
 811 01cc 10040000 		.4byte	0x410
 812 01d0 24       		.byte	0x24
 813 01d1 07       		.uleb128 0x7
 814 01d2 705F7500 		.ascii	"p_u\000"
 815 01d6 06       		.byte	0x6
 816 01d7 B4       		.byte	0xb4
 817 01d8 D7040000 		.4byte	0x4d7
 818 01dc 28       		.byte	0x28
 819 01dd 06       		.uleb128 0x6
ARM GAS  /tmp/ccD0QxSi.s 			page 16


 820 01de 72040000 		.4byte	.LASF40
 821 01e2 06       		.byte	0x6
 822 01e3 B9       		.byte	0xb9
 823 01e4 79020000 		.4byte	0x279
 824 01e8 2C       		.byte	0x2c
 825 01e9 06       		.uleb128 0x6
 826 01ea 1A040000 		.4byte	.LASF41
 827 01ee 06       		.byte	0x6
 828 01ef BF       		.byte	0xbf
 829 01f0 59020000 		.4byte	0x259
 830 01f4 30       		.byte	0x30
 831 01f5 06       		.uleb128 0x6
 832 01f6 07000000 		.4byte	.LASF42
 833 01fa 06       		.byte	0x6
 834 01fb C3       		.byte	0xc3
 835 01fc FD000000 		.4byte	0xfd
 836 0200 38       		.byte	0x38
 837 0201 06       		.uleb128 0x6
 838 0202 76030000 		.4byte	.LASF43
 839 0206 06       		.byte	0x6
 840 0207 C9       		.byte	0xc9
 841 0208 08010000 		.4byte	0x108
 842 020c 3C       		.byte	0x3c
 843 020d 06       		.uleb128 0x6
 844 020e 24030000 		.4byte	.LASF44
 845 0212 06       		.byte	0x6
 846 0213 D0       		.byte	0xd0
 847 0214 24050000 		.4byte	0x524
 848 0218 40       		.byte	0x40
 849 0219 06       		.uleb128 0x6
 850 021a B4030000 		.4byte	.LASF45
 851 021e 06       		.byte	0x6
 852 021f D4       		.byte	0xd4
 853 0220 F2000000 		.4byte	0xf2
 854 0224 44       		.byte	0x44
 855 0225 06       		.uleb128 0x6
 856 0226 7B000000 		.4byte	.LASF46
 857 022a 06       		.byte	0x6
 858 022b DA       		.byte	0xda
 859 022c 8F020000 		.4byte	0x28f
 860 0230 48       		.byte	0x48
 861 0231 00       		.byte	0
 862 0232 08       		.uleb128 0x8
 863 0233 08       		.byte	0x8
 864 0234 05       		.byte	0x5
 865 0235 61       		.byte	0x61
 866 0236 53020000 		.4byte	0x253
 867 023a 06       		.uleb128 0x6
 868 023b 58030000 		.4byte	.LASF27
 869 023f 05       		.byte	0x5
 870 0240 62       		.byte	0x62
 871 0241 53020000 		.4byte	0x253
 872 0245 00       		.byte	0
 873 0246 06       		.uleb128 0x6
 874 0247 EB020000 		.4byte	.LASF28
 875 024b 05       		.byte	0x5
 876 024c 64       		.byte	0x64
ARM GAS  /tmp/ccD0QxSi.s 			page 17


 877 024d 53020000 		.4byte	0x253
 878 0251 04       		.byte	0x4
 879 0252 00       		.byte	0
 880 0253 09       		.uleb128 0x9
 881 0254 04       		.byte	0x4
 882 0255 1E010000 		.4byte	0x11e
 883 0259 04       		.uleb128 0x4
 884 025a A4020000 		.4byte	.LASF47
 885 025e 05       		.byte	0x5
 886 025f 66       		.byte	0x66
 887 0260 32020000 		.4byte	0x232
 888 0264 08       		.uleb128 0x8
 889 0265 04       		.byte	0x4
 890 0266 05       		.byte	0x5
 891 0267 6B       		.byte	0x6b
 892 0268 79020000 		.4byte	0x279
 893 026c 06       		.uleb128 0x6
 894 026d 58030000 		.4byte	.LASF27
 895 0271 05       		.byte	0x5
 896 0272 6D       		.byte	0x6d
 897 0273 53020000 		.4byte	0x253
 898 0277 00       		.byte	0
 899 0278 00       		.byte	0
 900 0279 04       		.uleb128 0x4
 901 027a 3C010000 		.4byte	.LASF48
 902 027e 05       		.byte	0x5
 903 027f 70       		.byte	0x70
 904 0280 64020000 		.4byte	0x264
 905 0284 04       		.uleb128 0x4
 906 0285 CB000000 		.4byte	.LASF49
 907 0289 07       		.byte	0x7
 908 028a E5       		.byte	0xe5
 909 028b 8F020000 		.4byte	0x28f
 910 028f 0A       		.uleb128 0xa
 911 0290 04       		.byte	0x4
 912 0291 04       		.uleb128 0x4
 913 0292 5A010000 		.4byte	.LASF50
 914 0296 07       		.byte	0x7
 915 0297 EB       		.byte	0xeb
 916 0298 B4000000 		.4byte	0xb4
 917 029c 0B       		.uleb128 0xb
 918 029d 00000000 		.4byte	.LASF51
 919 02a1 64       		.byte	0x64
 920 02a2 07       		.byte	0x7
 921 02a3 0C01     		.2byte	0x10c
 922 02a5 E8030000 		.4byte	0x3e8
 923 02a9 0C       		.uleb128 0xc
 924 02aa 73313600 		.ascii	"s16\000"
 925 02ae 07       		.byte	0x7
 926 02af 0E01     		.2byte	0x10e
 927 02b1 84020000 		.4byte	0x284
 928 02b5 00       		.byte	0
 929 02b6 0C       		.uleb128 0xc
 930 02b7 73313700 		.ascii	"s17\000"
 931 02bb 07       		.byte	0x7
 932 02bc 0F01     		.2byte	0x10f
 933 02be 84020000 		.4byte	0x284
ARM GAS  /tmp/ccD0QxSi.s 			page 18


 934 02c2 04       		.byte	0x4
 935 02c3 0C       		.uleb128 0xc
 936 02c4 73313800 		.ascii	"s18\000"
 937 02c8 07       		.byte	0x7
 938 02c9 1001     		.2byte	0x110
 939 02cb 84020000 		.4byte	0x284
 940 02cf 08       		.byte	0x8
 941 02d0 0C       		.uleb128 0xc
 942 02d1 73313900 		.ascii	"s19\000"
 943 02d5 07       		.byte	0x7
 944 02d6 1101     		.2byte	0x111
 945 02d8 84020000 		.4byte	0x284
 946 02dc 0C       		.byte	0xc
 947 02dd 0C       		.uleb128 0xc
 948 02de 73323000 		.ascii	"s20\000"
 949 02e2 07       		.byte	0x7
 950 02e3 1201     		.2byte	0x112
 951 02e5 84020000 		.4byte	0x284
 952 02e9 10       		.byte	0x10
 953 02ea 0C       		.uleb128 0xc
 954 02eb 73323100 		.ascii	"s21\000"
 955 02ef 07       		.byte	0x7
 956 02f0 1301     		.2byte	0x113
 957 02f2 84020000 		.4byte	0x284
 958 02f6 14       		.byte	0x14
 959 02f7 0C       		.uleb128 0xc
 960 02f8 73323200 		.ascii	"s22\000"
 961 02fc 07       		.byte	0x7
 962 02fd 1401     		.2byte	0x114
 963 02ff 84020000 		.4byte	0x284
 964 0303 18       		.byte	0x18
 965 0304 0C       		.uleb128 0xc
 966 0305 73323300 		.ascii	"s23\000"
 967 0309 07       		.byte	0x7
 968 030a 1501     		.2byte	0x115
 969 030c 84020000 		.4byte	0x284
 970 0310 1C       		.byte	0x1c
 971 0311 0C       		.uleb128 0xc
 972 0312 73323400 		.ascii	"s24\000"
 973 0316 07       		.byte	0x7
 974 0317 1601     		.2byte	0x116
 975 0319 84020000 		.4byte	0x284
 976 031d 20       		.byte	0x20
 977 031e 0C       		.uleb128 0xc
 978 031f 73323500 		.ascii	"s25\000"
 979 0323 07       		.byte	0x7
 980 0324 1701     		.2byte	0x117
 981 0326 84020000 		.4byte	0x284
 982 032a 24       		.byte	0x24
 983 032b 0C       		.uleb128 0xc
 984 032c 73323600 		.ascii	"s26\000"
 985 0330 07       		.byte	0x7
 986 0331 1801     		.2byte	0x118
 987 0333 84020000 		.4byte	0x284
 988 0337 28       		.byte	0x28
 989 0338 0C       		.uleb128 0xc
 990 0339 73323700 		.ascii	"s27\000"
ARM GAS  /tmp/ccD0QxSi.s 			page 19


 991 033d 07       		.byte	0x7
 992 033e 1901     		.2byte	0x119
 993 0340 84020000 		.4byte	0x284
 994 0344 2C       		.byte	0x2c
 995 0345 0C       		.uleb128 0xc
 996 0346 73323800 		.ascii	"s28\000"
 997 034a 07       		.byte	0x7
 998 034b 1A01     		.2byte	0x11a
 999 034d 84020000 		.4byte	0x284
 1000 0351 30       		.byte	0x30
 1001 0352 0C       		.uleb128 0xc
 1002 0353 73323900 		.ascii	"s29\000"
 1003 0357 07       		.byte	0x7
 1004 0358 1B01     		.2byte	0x11b
 1005 035a 84020000 		.4byte	0x284
 1006 035e 34       		.byte	0x34
 1007 035f 0C       		.uleb128 0xc
 1008 0360 73333000 		.ascii	"s30\000"
 1009 0364 07       		.byte	0x7
 1010 0365 1C01     		.2byte	0x11c
 1011 0367 84020000 		.4byte	0x284
 1012 036b 38       		.byte	0x38
 1013 036c 0C       		.uleb128 0xc
 1014 036d 73333100 		.ascii	"s31\000"
 1015 0371 07       		.byte	0x7
 1016 0372 1D01     		.2byte	0x11d
 1017 0374 84020000 		.4byte	0x284
 1018 0378 3C       		.byte	0x3c
 1019 0379 0C       		.uleb128 0xc
 1020 037a 723400   		.ascii	"r4\000"
 1021 037d 07       		.byte	0x7
 1022 037e 1F01     		.2byte	0x11f
 1023 0380 84020000 		.4byte	0x284
 1024 0384 40       		.byte	0x40
 1025 0385 0C       		.uleb128 0xc
 1026 0386 723500   		.ascii	"r5\000"
 1027 0389 07       		.byte	0x7
 1028 038a 2001     		.2byte	0x120
 1029 038c 84020000 		.4byte	0x284
 1030 0390 44       		.byte	0x44
 1031 0391 0C       		.uleb128 0xc
 1032 0392 723600   		.ascii	"r6\000"
 1033 0395 07       		.byte	0x7
 1034 0396 2101     		.2byte	0x121
 1035 0398 84020000 		.4byte	0x284
 1036 039c 48       		.byte	0x48
 1037 039d 0C       		.uleb128 0xc
 1038 039e 723700   		.ascii	"r7\000"
 1039 03a1 07       		.byte	0x7
 1040 03a2 2201     		.2byte	0x122
 1041 03a4 84020000 		.4byte	0x284
 1042 03a8 4C       		.byte	0x4c
 1043 03a9 0C       		.uleb128 0xc
 1044 03aa 723800   		.ascii	"r8\000"
 1045 03ad 07       		.byte	0x7
 1046 03ae 2301     		.2byte	0x123
 1047 03b0 84020000 		.4byte	0x284
ARM GAS  /tmp/ccD0QxSi.s 			page 20


 1048 03b4 50       		.byte	0x50
 1049 03b5 0C       		.uleb128 0xc
 1050 03b6 723900   		.ascii	"r9\000"
 1051 03b9 07       		.byte	0x7
 1052 03ba 2401     		.2byte	0x124
 1053 03bc 84020000 		.4byte	0x284
 1054 03c0 54       		.byte	0x54
 1055 03c1 0C       		.uleb128 0xc
 1056 03c2 72313000 		.ascii	"r10\000"
 1057 03c6 07       		.byte	0x7
 1058 03c7 2501     		.2byte	0x125
 1059 03c9 84020000 		.4byte	0x284
 1060 03cd 58       		.byte	0x58
 1061 03ce 0C       		.uleb128 0xc
 1062 03cf 72313100 		.ascii	"r11\000"
 1063 03d3 07       		.byte	0x7
 1064 03d4 2601     		.2byte	0x126
 1065 03d6 84020000 		.4byte	0x284
 1066 03da 5C       		.byte	0x5c
 1067 03db 0C       		.uleb128 0xc
 1068 03dc 6C7200   		.ascii	"lr\000"
 1069 03df 07       		.byte	0x7
 1070 03e0 2701     		.2byte	0x127
 1071 03e2 84020000 		.4byte	0x284
 1072 03e6 60       		.byte	0x60
 1073 03e7 00       		.byte	0
 1074 03e8 0B       		.uleb128 0xb
 1075 03e9 0B010000 		.4byte	.LASF52
 1076 03ed 04       		.byte	0x4
 1077 03ee 07       		.byte	0x7
 1078 03ef 3101     		.2byte	0x131
 1079 03f1 03040000 		.4byte	0x403
 1080 03f5 0C       		.uleb128 0xc
 1081 03f6 72313300 		.ascii	"r13\000"
 1082 03fa 07       		.byte	0x7
 1083 03fb 3201     		.2byte	0x132
 1084 03fd 03040000 		.4byte	0x403
 1085 0401 00       		.byte	0
 1086 0402 00       		.byte	0
 1087 0403 09       		.uleb128 0x9
 1088 0404 04       		.byte	0x4
 1089 0405 9C020000 		.4byte	0x29c
 1090 0409 03       		.uleb128 0x3
 1091 040a 04       		.byte	0x4
 1092 040b 07       		.byte	0x7
 1093 040c 65010000 		.4byte	.LASF53
 1094 0410 0D       		.uleb128 0xd
 1095 0411 13010000 		.4byte	0x113
 1096 0415 08       		.uleb128 0x8
 1097 0416 1C       		.byte	0x1c
 1098 0417 08       		.byte	0x8
 1099 0418 5E       		.byte	0x5e
 1100 0419 66040000 		.4byte	0x466
 1101 041d 06       		.uleb128 0x6
 1102 041e 8A030000 		.4byte	.LASF54
 1103 0422 08       		.byte	0x8
 1104 0423 5F       		.byte	0x5f
ARM GAS  /tmp/ccD0QxSi.s 			page 21


 1105 0424 59020000 		.4byte	0x259
 1106 0428 00       		.byte	0
 1107 0429 06       		.uleb128 0x6
 1108 042a 4A030000 		.4byte	.LASF55
 1109 042e 08       		.byte	0x8
 1110 042f 60       		.byte	0x60
 1111 0430 F2000000 		.4byte	0xf2
 1112 0434 08       		.byte	0x8
 1113 0435 06       		.uleb128 0x6
 1114 0436 9E020000 		.4byte	.LASF56
 1115 043a 08       		.byte	0x8
 1116 043b 62       		.byte	0x62
 1117 043c E8030000 		.4byte	0x3e8
 1118 0440 0C       		.byte	0xc
 1119 0441 06       		.uleb128 0x6
 1120 0442 2C010000 		.4byte	.LASF57
 1121 0446 08       		.byte	0x8
 1122 0447 65       		.byte	0x65
 1123 0448 53020000 		.4byte	0x253
 1124 044c 10       		.byte	0x10
 1125 044d 06       		.uleb128 0x6
 1126 044e C0020000 		.4byte	.LASF58
 1127 0452 08       		.byte	0x8
 1128 0453 66       		.byte	0x66
 1129 0454 53020000 		.4byte	0x253
 1130 0458 14       		.byte	0x14
 1131 0459 06       		.uleb128 0x6
 1132 045a B6020000 		.4byte	.LASF59
 1133 045e 08       		.byte	0x8
 1134 045f 69       		.byte	0x69
 1135 0460 53020000 		.4byte	0x253
 1136 0464 18       		.byte	0x18
 1137 0465 00       		.byte	0
 1138 0466 04       		.uleb128 0x4
 1139 0467 2C040000 		.4byte	.LASF60
 1140 046b 08       		.byte	0x8
 1141 046c 6B       		.byte	0x6b
 1142 046d 15040000 		.4byte	0x415
 1143 0471 05       		.uleb128 0x5
 1144 0472 54010000 		.4byte	.LASF61
 1145 0476 10       		.byte	0x10
 1146 0477 09       		.byte	0x9
 1147 0478 2C       		.byte	0x2c
 1148 0479 A2040000 		.4byte	0x4a2
 1149 047d 06       		.uleb128 0x6
 1150 047e 83000000 		.4byte	.LASF62
 1151 0482 09       		.byte	0x9
 1152 0483 2D       		.byte	0x2d
 1153 0484 59020000 		.4byte	0x259
 1154 0488 00       		.byte	0
 1155 0489 06       		.uleb128 0x6
 1156 048a 64040000 		.4byte	.LASF63
 1157 048e 09       		.byte	0x9
 1158 048f 2F       		.byte	0x2f
 1159 0490 53020000 		.4byte	0x253
 1160 0494 08       		.byte	0x8
 1161 0495 06       		.uleb128 0x6
ARM GAS  /tmp/ccD0QxSi.s 			page 22


 1162 0496 A3030000 		.4byte	.LASF64
 1163 049a 09       		.byte	0x9
 1164 049b 31       		.byte	0x31
 1165 049c A2040000 		.4byte	0x4a2
 1166 04a0 0C       		.byte	0xc
 1167 04a1 00       		.byte	0
 1168 04a2 09       		.uleb128 0x9
 1169 04a3 04       		.byte	0x4
 1170 04a4 71040000 		.4byte	0x471
 1171 04a8 04       		.uleb128 0x4
 1172 04a9 54010000 		.4byte	.LASF61
 1173 04ad 09       		.byte	0x9
 1174 04ae 33       		.byte	0x33
 1175 04af 71040000 		.4byte	0x471
 1176 04b3 05       		.uleb128 0x5
 1177 04b4 95000000 		.4byte	.LASF65
 1178 04b8 08       		.byte	0x8
 1179 04b9 0A       		.byte	0xa
 1180 04ba 36       		.byte	0x36
 1181 04bb CC040000 		.4byte	0x4cc
 1182 04bf 06       		.uleb128 0x6
 1183 04c0 6E030000 		.4byte	.LASF66
 1184 04c4 0A       		.byte	0xa
 1185 04c5 37       		.byte	0x37
 1186 04c6 59020000 		.4byte	0x259
 1187 04ca 00       		.byte	0
 1188 04cb 00       		.byte	0
 1189 04cc 04       		.uleb128 0x4
 1190 04cd 95000000 		.4byte	.LASF65
 1191 04d1 0A       		.byte	0xa
 1192 04d2 38       		.byte	0x38
 1193 04d3 B3040000 		.4byte	0x4b3
 1194 04d7 0E       		.uleb128 0xe
 1195 04d8 04       		.byte	0x4
 1196 04d9 06       		.byte	0x6
 1197 04da 96       		.byte	0x96
 1198 04db 0C050000 		.4byte	0x50c
 1199 04df 0F       		.uleb128 0xf
 1200 04e0 18000000 		.4byte	.LASF67
 1201 04e4 06       		.byte	0x6
 1202 04e5 9D       		.byte	0x9d
 1203 04e6 FD000000 		.4byte	0xfd
 1204 04ea 0F       		.uleb128 0xf
 1205 04eb B7000000 		.4byte	.LASF68
 1206 04ef 06       		.byte	0x6
 1207 04f0 A4       		.byte	0xa4
 1208 04f1 FD000000 		.4byte	0xfd
 1209 04f5 0F       		.uleb128 0xf
 1210 04f6 44040000 		.4byte	.LASF69
 1211 04fa 06       		.byte	0x6
 1212 04fb AB       		.byte	0xab
 1213 04fc 8F020000 		.4byte	0x28f
 1214 0500 0F       		.uleb128 0xf
 1215 0501 51030000 		.4byte	.LASF70
 1216 0505 06       		.byte	0x6
 1217 0506 B2       		.byte	0xb2
 1218 0507 08010000 		.4byte	0x108
ARM GAS  /tmp/ccD0QxSi.s 			page 23


 1219 050b 00       		.byte	0
 1220 050c 09       		.uleb128 0x9
 1221 050d 04       		.byte	0x4
 1222 050e 12050000 		.4byte	0x512
 1223 0512 10       		.uleb128 0x10
 1224 0513 17050000 		.4byte	0x517
 1225 0517 03       		.uleb128 0x3
 1226 0518 01       		.byte	0x1
 1227 0519 08       		.byte	0x8
 1228 051a 92030000 		.4byte	.LASF71
 1229 051e 09       		.uleb128 0x9
 1230 051f 04       		.byte	0x4
 1231 0520 91020000 		.4byte	0x291
 1232 0524 09       		.uleb128 0x9
 1233 0525 04       		.byte	0x4
 1234 0526 A8040000 		.4byte	0x4a8
 1235 052a 11       		.uleb128 0x11
 1236 052b 0D000000 		.4byte	.LASF72
 1237 052f 01       		.byte	0x1
 1238 0530 3B       		.byte	0x3b
 1239 0531 00000000 		.4byte	.LFB0
 1240 0535 2C000000 		.4byte	.LFE0-.LFB0
 1241 0539 01       		.uleb128 0x1
 1242 053a 9C       		.byte	0x9c
 1243 053b 4D050000 		.4byte	0x54d
 1244 053f 12       		.uleb128 0x12
 1245 0540 637000   		.ascii	"cp\000"
 1246 0543 01       		.byte	0x1
 1247 0544 3B       		.byte	0x3b
 1248 0545 4D050000 		.4byte	0x54d
 1249 0549 02       		.uleb128 0x2
 1250 054a 91       		.byte	0x91
 1251 054b 74       		.sleb128 -12
 1252 054c 00       		.byte	0
 1253 054d 09       		.uleb128 0x9
 1254 054e 04       		.byte	0x4
 1255 054f CC040000 		.4byte	0x4cc
 1256 0553 11       		.uleb128 0x11
 1257 0554 D4000000 		.4byte	.LASF73
 1258 0558 01       		.byte	0x1
 1259 0559 49       		.byte	0x49
 1260 055a 00000000 		.4byte	.LFB1
 1261 055e 40000000 		.4byte	.LFE1-.LFB1
 1262 0562 01       		.uleb128 0x1
 1263 0563 9C       		.byte	0x9c
 1264 0564 76050000 		.4byte	0x576
 1265 0568 12       		.uleb128 0x12
 1266 0569 637000   		.ascii	"cp\000"
 1267 056c 01       		.byte	0x1
 1268 056d 49       		.byte	0x49
 1269 056e 4D050000 		.4byte	0x54d
 1270 0572 02       		.uleb128 0x2
 1271 0573 91       		.byte	0x91
 1272 0574 74       		.sleb128 -12
 1273 0575 00       		.byte	0
 1274 0576 11       		.uleb128 0x11
 1275 0577 FA020000 		.4byte	.LASF74
ARM GAS  /tmp/ccD0QxSi.s 			page 24


 1276 057b 01       		.byte	0x1
 1277 057c 5E       		.byte	0x5e
 1278 057d 00000000 		.4byte	.LFB2
 1279 0581 3C000000 		.4byte	.LFE2-.LFB2
 1280 0585 01       		.uleb128 0x1
 1281 0586 9C       		.byte	0x9c
 1282 0587 99050000 		.4byte	0x599
 1283 058b 12       		.uleb128 0x12
 1284 058c 637000   		.ascii	"cp\000"
 1285 058f 01       		.byte	0x1
 1286 0590 5E       		.byte	0x5e
 1287 0591 4D050000 		.4byte	0x54d
 1288 0595 02       		.uleb128 0x2
 1289 0596 91       		.byte	0x91
 1290 0597 74       		.sleb128 -12
 1291 0598 00       		.byte	0
 1292 0599 11       		.uleb128 0x11
 1293 059a C8020000 		.4byte	.LASF75
 1294 059e 01       		.byte	0x1
 1295 059f 6E       		.byte	0x6e
 1296 05a0 00000000 		.4byte	.LFB3
 1297 05a4 1E000000 		.4byte	.LFE3-.LFB3
 1298 05a8 01       		.uleb128 0x1
 1299 05a9 9C       		.byte	0x9c
 1300 05aa BC050000 		.4byte	0x5bc
 1301 05ae 12       		.uleb128 0x12
 1302 05af 637000   		.ascii	"cp\000"
 1303 05b2 01       		.byte	0x1
 1304 05b3 6E       		.byte	0x6e
 1305 05b4 4D050000 		.4byte	0x54d
 1306 05b8 02       		.uleb128 0x2
 1307 05b9 91       		.byte	0x91
 1308 05ba 74       		.sleb128 -12
 1309 05bb 00       		.byte	0
 1310 05bc 11       		.uleb128 0x11
 1311 05bd 49000000 		.4byte	.LASF76
 1312 05c1 01       		.byte	0x1
 1313 05c2 81       		.byte	0x81
 1314 05c3 00000000 		.4byte	.LFB4
 1315 05c7 40000000 		.4byte	.LFE4-.LFB4
 1316 05cb 01       		.uleb128 0x1
 1317 05cc 9C       		.byte	0x9c
 1318 05cd DF050000 		.4byte	0x5df
 1319 05d1 12       		.uleb128 0x12
 1320 05d2 637000   		.ascii	"cp\000"
 1321 05d5 01       		.byte	0x1
 1322 05d6 81       		.byte	0x81
 1323 05d7 4D050000 		.4byte	0x54d
 1324 05db 02       		.uleb128 0x2
 1325 05dc 91       		.byte	0x91
 1326 05dd 74       		.sleb128 -12
 1327 05de 00       		.byte	0
 1328 05df 13       		.uleb128 0x13
 1329 05e0 C9030000 		.4byte	.LASF77
 1330 05e4 01       		.byte	0x1
 1331 05e5 9E       		.byte	0x9e
 1332 05e6 FD000000 		.4byte	0xfd
ARM GAS  /tmp/ccD0QxSi.s 			page 25


 1333 05ea 00000000 		.4byte	.LFB5
 1334 05ee 20000000 		.4byte	.LFE5-.LFB5
 1335 05f2 01       		.uleb128 0x1
 1336 05f3 9C       		.byte	0x9c
 1337 05f4 14060000 		.4byte	0x614
 1338 05f8 12       		.uleb128 0x12
 1339 05f9 637000   		.ascii	"cp\000"
 1340 05fc 01       		.byte	0x1
 1341 05fd 9E       		.byte	0x9e
 1342 05fe 4D050000 		.4byte	0x54d
 1343 0602 02       		.uleb128 0x2
 1344 0603 91       		.byte	0x91
 1345 0604 6C       		.sleb128 -20
 1346 0605 14       		.uleb128 0x14
 1347 0606 6D736700 		.ascii	"msg\000"
 1348 060a 01       		.byte	0x1
 1349 060b 9F       		.byte	0x9f
 1350 060c FD000000 		.4byte	0xfd
 1351 0610 02       		.uleb128 0x2
 1352 0611 91       		.byte	0x91
 1353 0612 74       		.sleb128 -12
 1354 0613 00       		.byte	0
 1355 0614 13       		.uleb128 0x13
 1356 0615 97030000 		.4byte	.LASF78
 1357 0619 01       		.byte	0x1
 1358 061a B8       		.byte	0xb8
 1359 061b FD000000 		.4byte	0xfd
 1360 061f 00000000 		.4byte	.LFB6
 1361 0623 64000000 		.4byte	.LFE6-.LFB6
 1362 0627 01       		.uleb128 0x1
 1363 0628 9C       		.byte	0x9c
 1364 0629 64060000 		.4byte	0x664
 1365 062d 12       		.uleb128 0x12
 1366 062e 637000   		.ascii	"cp\000"
 1367 0631 01       		.byte	0x1
 1368 0632 B8       		.byte	0xb8
 1369 0633 4D050000 		.4byte	0x54d
 1370 0637 02       		.uleb128 0x2
 1371 0638 91       		.byte	0x91
 1372 0639 64       		.sleb128 -28
 1373 063a 14       		.uleb128 0x14
 1374 063b 63747000 		.ascii	"ctp\000"
 1375 063f 01       		.byte	0x1
 1376 0640 B9       		.byte	0xb9
 1377 0641 53020000 		.4byte	0x253
 1378 0645 02       		.uleb128 0x2
 1379 0646 91       		.byte	0x91
 1380 0647 74       		.sleb128 -12
 1381 0648 14       		.uleb128 0x14
 1382 0649 6D7000   		.ascii	"mp\000"
 1383 064c 01       		.byte	0x1
 1384 064d BA       		.byte	0xba
 1385 064e 24050000 		.4byte	0x524
 1386 0652 02       		.uleb128 0x2
 1387 0653 91       		.byte	0x91
 1388 0654 70       		.sleb128 -16
 1389 0655 14       		.uleb128 0x14
ARM GAS  /tmp/ccD0QxSi.s 			page 26


 1390 0656 6D736700 		.ascii	"msg\000"
 1391 065a 01       		.byte	0x1
 1392 065b BB       		.byte	0xbb
 1393 065c FD000000 		.4byte	0xfd
 1394 0660 02       		.uleb128 0x2
 1395 0661 91       		.byte	0x91
 1396 0662 6C       		.sleb128 -20
 1397 0663 00       		.byte	0
 1398 0664 13       		.uleb128 0x13
 1399 0665 52040000 		.4byte	.LASF79
 1400 0669 01       		.byte	0x1
 1401 066a E9       		.byte	0xe9
 1402 066b FD000000 		.4byte	0xfd
 1403 066f 00000000 		.4byte	.LFB7
 1404 0673 24000000 		.4byte	.LFE7-.LFB7
 1405 0677 01       		.uleb128 0x1
 1406 0678 9C       		.byte	0x9c
 1407 0679 A7060000 		.4byte	0x6a7
 1408 067d 12       		.uleb128 0x12
 1409 067e 637000   		.ascii	"cp\000"
 1410 0681 01       		.byte	0x1
 1411 0682 E9       		.byte	0xe9
 1412 0683 4D050000 		.4byte	0x54d
 1413 0687 02       		.uleb128 0x2
 1414 0688 91       		.byte	0x91
 1415 0689 6C       		.sleb128 -20
 1416 068a 15       		.uleb128 0x15
 1417 068b B1020000 		.4byte	.LASF80
 1418 068f 01       		.byte	0x1
 1419 0690 E9       		.byte	0xe9
 1420 0691 13010000 		.4byte	0x113
 1421 0695 02       		.uleb128 0x2
 1422 0696 91       		.byte	0x91
 1423 0697 68       		.sleb128 -24
 1424 0698 14       		.uleb128 0x14
 1425 0699 6D736700 		.ascii	"msg\000"
 1426 069d 01       		.byte	0x1
 1427 069e EA       		.byte	0xea
 1428 069f FD000000 		.4byte	0xfd
 1429 06a3 02       		.uleb128 0x2
 1430 06a4 91       		.byte	0x91
 1431 06a5 74       		.sleb128 -12
 1432 06a6 00       		.byte	0
 1433 06a7 16       		.uleb128 0x16
 1434 06a8 83020000 		.4byte	.LASF81
 1435 06ac 01       		.byte	0x1
 1436 06ad 0E01     		.2byte	0x10e
 1437 06af FD000000 		.4byte	0xfd
 1438 06b3 00000000 		.4byte	.LFB8
 1439 06b7 74000000 		.4byte	.LFE8-.LFB8
 1440 06bb 01       		.uleb128 0x1
 1441 06bc 9C       		.byte	0x9c
 1442 06bd FC060000 		.4byte	0x6fc
 1443 06c1 17       		.uleb128 0x17
 1444 06c2 637000   		.ascii	"cp\000"
 1445 06c5 01       		.byte	0x1
 1446 06c6 0E01     		.2byte	0x10e
ARM GAS  /tmp/ccD0QxSi.s 			page 27


 1447 06c8 4D050000 		.4byte	0x54d
 1448 06cc 02       		.uleb128 0x2
 1449 06cd 91       		.byte	0x91
 1450 06ce 6C       		.sleb128 -20
 1451 06cf 18       		.uleb128 0x18
 1452 06d0 B1020000 		.4byte	.LASF80
 1453 06d4 01       		.byte	0x1
 1454 06d5 0E01     		.2byte	0x10e
 1455 06d7 13010000 		.4byte	0x113
 1456 06db 02       		.uleb128 0x2
 1457 06dc 91       		.byte	0x91
 1458 06dd 68       		.sleb128 -24
 1459 06de 19       		.uleb128 0x19
 1460 06df 6D7000   		.ascii	"mp\000"
 1461 06e2 01       		.byte	0x1
 1462 06e3 0F01     		.2byte	0x10f
 1463 06e5 24050000 		.4byte	0x524
 1464 06e9 02       		.uleb128 0x2
 1465 06ea 91       		.byte	0x91
 1466 06eb 74       		.sleb128 -12
 1467 06ec 19       		.uleb128 0x19
 1468 06ed 6D736700 		.ascii	"msg\000"
 1469 06f1 01       		.byte	0x1
 1470 06f2 1001     		.2byte	0x110
 1471 06f4 FD000000 		.4byte	0xfd
 1472 06f8 02       		.uleb128 0x2
 1473 06f9 91       		.byte	0x91
 1474 06fa 70       		.sleb128 -16
 1475 06fb 00       		.byte	0
 1476 06fc 1A       		.uleb128 0x1a
 1477 06fd 36040000 		.4byte	.LASF84
 1478 0701 08       		.byte	0x8
 1479 0702 6F       		.byte	0x6f
 1480 0703 66040000 		.4byte	0x466
 1481 0707 00       		.byte	0
 1482              		.section	.debug_abbrev,"",%progbits
 1483              	.Ldebug_abbrev0:
 1484 0000 01       		.uleb128 0x1
 1485 0001 11       		.uleb128 0x11
 1486 0002 01       		.byte	0x1
 1487 0003 25       		.uleb128 0x25
 1488 0004 0E       		.uleb128 0xe
 1489 0005 13       		.uleb128 0x13
 1490 0006 0B       		.uleb128 0xb
 1491 0007 03       		.uleb128 0x3
 1492 0008 0E       		.uleb128 0xe
 1493 0009 55       		.uleb128 0x55
 1494 000a 17       		.uleb128 0x17
 1495 000b 11       		.uleb128 0x11
 1496 000c 01       		.uleb128 0x1
 1497 000d 10       		.uleb128 0x10
 1498 000e 17       		.uleb128 0x17
 1499 000f 00       		.byte	0
 1500 0010 00       		.byte	0
 1501 0011 02       		.uleb128 0x2
 1502 0012 24       		.uleb128 0x24
 1503 0013 00       		.byte	0
ARM GAS  /tmp/ccD0QxSi.s 			page 28


 1504 0014 0B       		.uleb128 0xb
 1505 0015 0B       		.uleb128 0xb
 1506 0016 3E       		.uleb128 0x3e
 1507 0017 0B       		.uleb128 0xb
 1508 0018 03       		.uleb128 0x3
 1509 0019 08       		.uleb128 0x8
 1510 001a 00       		.byte	0
 1511 001b 00       		.byte	0
 1512 001c 03       		.uleb128 0x3
 1513 001d 24       		.uleb128 0x24
 1514 001e 00       		.byte	0
 1515 001f 0B       		.uleb128 0xb
 1516 0020 0B       		.uleb128 0xb
 1517 0021 3E       		.uleb128 0x3e
 1518 0022 0B       		.uleb128 0xb
 1519 0023 03       		.uleb128 0x3
 1520 0024 0E       		.uleb128 0xe
 1521 0025 00       		.byte	0
 1522 0026 00       		.byte	0
 1523 0027 04       		.uleb128 0x4
 1524 0028 16       		.uleb128 0x16
 1525 0029 00       		.byte	0
 1526 002a 03       		.uleb128 0x3
 1527 002b 0E       		.uleb128 0xe
 1528 002c 3A       		.uleb128 0x3a
 1529 002d 0B       		.uleb128 0xb
 1530 002e 3B       		.uleb128 0x3b
 1531 002f 0B       		.uleb128 0xb
 1532 0030 49       		.uleb128 0x49
 1533 0031 13       		.uleb128 0x13
 1534 0032 00       		.byte	0
 1535 0033 00       		.byte	0
 1536 0034 05       		.uleb128 0x5
 1537 0035 13       		.uleb128 0x13
 1538 0036 01       		.byte	0x1
 1539 0037 03       		.uleb128 0x3
 1540 0038 0E       		.uleb128 0xe
 1541 0039 0B       		.uleb128 0xb
 1542 003a 0B       		.uleb128 0xb
 1543 003b 3A       		.uleb128 0x3a
 1544 003c 0B       		.uleb128 0xb
 1545 003d 3B       		.uleb128 0x3b
 1546 003e 0B       		.uleb128 0xb
 1547 003f 01       		.uleb128 0x1
 1548 0040 13       		.uleb128 0x13
 1549 0041 00       		.byte	0
 1550 0042 00       		.byte	0
 1551 0043 06       		.uleb128 0x6
 1552 0044 0D       		.uleb128 0xd
 1553 0045 00       		.byte	0
 1554 0046 03       		.uleb128 0x3
 1555 0047 0E       		.uleb128 0xe
 1556 0048 3A       		.uleb128 0x3a
 1557 0049 0B       		.uleb128 0xb
 1558 004a 3B       		.uleb128 0x3b
 1559 004b 0B       		.uleb128 0xb
 1560 004c 49       		.uleb128 0x49
ARM GAS  /tmp/ccD0QxSi.s 			page 29


 1561 004d 13       		.uleb128 0x13
 1562 004e 38       		.uleb128 0x38
 1563 004f 0B       		.uleb128 0xb
 1564 0050 00       		.byte	0
 1565 0051 00       		.byte	0
 1566 0052 07       		.uleb128 0x7
 1567 0053 0D       		.uleb128 0xd
 1568 0054 00       		.byte	0
 1569 0055 03       		.uleb128 0x3
 1570 0056 08       		.uleb128 0x8
 1571 0057 3A       		.uleb128 0x3a
 1572 0058 0B       		.uleb128 0xb
 1573 0059 3B       		.uleb128 0x3b
 1574 005a 0B       		.uleb128 0xb
 1575 005b 49       		.uleb128 0x49
 1576 005c 13       		.uleb128 0x13
 1577 005d 38       		.uleb128 0x38
 1578 005e 0B       		.uleb128 0xb
 1579 005f 00       		.byte	0
 1580 0060 00       		.byte	0
 1581 0061 08       		.uleb128 0x8
 1582 0062 13       		.uleb128 0x13
 1583 0063 01       		.byte	0x1
 1584 0064 0B       		.uleb128 0xb
 1585 0065 0B       		.uleb128 0xb
 1586 0066 3A       		.uleb128 0x3a
 1587 0067 0B       		.uleb128 0xb
 1588 0068 3B       		.uleb128 0x3b
 1589 0069 0B       		.uleb128 0xb
 1590 006a 01       		.uleb128 0x1
 1591 006b 13       		.uleb128 0x13
 1592 006c 00       		.byte	0
 1593 006d 00       		.byte	0
 1594 006e 09       		.uleb128 0x9
 1595 006f 0F       		.uleb128 0xf
 1596 0070 00       		.byte	0
 1597 0071 0B       		.uleb128 0xb
 1598 0072 0B       		.uleb128 0xb
 1599 0073 49       		.uleb128 0x49
 1600 0074 13       		.uleb128 0x13
 1601 0075 00       		.byte	0
 1602 0076 00       		.byte	0
 1603 0077 0A       		.uleb128 0xa
 1604 0078 0F       		.uleb128 0xf
 1605 0079 00       		.byte	0
 1606 007a 0B       		.uleb128 0xb
 1607 007b 0B       		.uleb128 0xb
 1608 007c 00       		.byte	0
 1609 007d 00       		.byte	0
 1610 007e 0B       		.uleb128 0xb
 1611 007f 13       		.uleb128 0x13
 1612 0080 01       		.byte	0x1
 1613 0081 03       		.uleb128 0x3
 1614 0082 0E       		.uleb128 0xe
 1615 0083 0B       		.uleb128 0xb
 1616 0084 0B       		.uleb128 0xb
 1617 0085 3A       		.uleb128 0x3a
ARM GAS  /tmp/ccD0QxSi.s 			page 30


 1618 0086 0B       		.uleb128 0xb
 1619 0087 3B       		.uleb128 0x3b
 1620 0088 05       		.uleb128 0x5
 1621 0089 01       		.uleb128 0x1
 1622 008a 13       		.uleb128 0x13
 1623 008b 00       		.byte	0
 1624 008c 00       		.byte	0
 1625 008d 0C       		.uleb128 0xc
 1626 008e 0D       		.uleb128 0xd
 1627 008f 00       		.byte	0
 1628 0090 03       		.uleb128 0x3
 1629 0091 08       		.uleb128 0x8
 1630 0092 3A       		.uleb128 0x3a
 1631 0093 0B       		.uleb128 0xb
 1632 0094 3B       		.uleb128 0x3b
 1633 0095 05       		.uleb128 0x5
 1634 0096 49       		.uleb128 0x49
 1635 0097 13       		.uleb128 0x13
 1636 0098 38       		.uleb128 0x38
 1637 0099 0B       		.uleb128 0xb
 1638 009a 00       		.byte	0
 1639 009b 00       		.byte	0
 1640 009c 0D       		.uleb128 0xd
 1641 009d 35       		.uleb128 0x35
 1642 009e 00       		.byte	0
 1643 009f 49       		.uleb128 0x49
 1644 00a0 13       		.uleb128 0x13
 1645 00a1 00       		.byte	0
 1646 00a2 00       		.byte	0
 1647 00a3 0E       		.uleb128 0xe
 1648 00a4 17       		.uleb128 0x17
 1649 00a5 01       		.byte	0x1
 1650 00a6 0B       		.uleb128 0xb
 1651 00a7 0B       		.uleb128 0xb
 1652 00a8 3A       		.uleb128 0x3a
 1653 00a9 0B       		.uleb128 0xb
 1654 00aa 3B       		.uleb128 0x3b
 1655 00ab 0B       		.uleb128 0xb
 1656 00ac 01       		.uleb128 0x1
 1657 00ad 13       		.uleb128 0x13
 1658 00ae 00       		.byte	0
 1659 00af 00       		.byte	0
 1660 00b0 0F       		.uleb128 0xf
 1661 00b1 0D       		.uleb128 0xd
 1662 00b2 00       		.byte	0
 1663 00b3 03       		.uleb128 0x3
 1664 00b4 0E       		.uleb128 0xe
 1665 00b5 3A       		.uleb128 0x3a
 1666 00b6 0B       		.uleb128 0xb
 1667 00b7 3B       		.uleb128 0x3b
 1668 00b8 0B       		.uleb128 0xb
 1669 00b9 49       		.uleb128 0x49
 1670 00ba 13       		.uleb128 0x13
 1671 00bb 00       		.byte	0
 1672 00bc 00       		.byte	0
 1673 00bd 10       		.uleb128 0x10
 1674 00be 26       		.uleb128 0x26
ARM GAS  /tmp/ccD0QxSi.s 			page 31


 1675 00bf 00       		.byte	0
 1676 00c0 49       		.uleb128 0x49
 1677 00c1 13       		.uleb128 0x13
 1678 00c2 00       		.byte	0
 1679 00c3 00       		.byte	0
 1680 00c4 11       		.uleb128 0x11
 1681 00c5 2E       		.uleb128 0x2e
 1682 00c6 01       		.byte	0x1
 1683 00c7 3F       		.uleb128 0x3f
 1684 00c8 19       		.uleb128 0x19
 1685 00c9 03       		.uleb128 0x3
 1686 00ca 0E       		.uleb128 0xe
 1687 00cb 3A       		.uleb128 0x3a
 1688 00cc 0B       		.uleb128 0xb
 1689 00cd 3B       		.uleb128 0x3b
 1690 00ce 0B       		.uleb128 0xb
 1691 00cf 27       		.uleb128 0x27
 1692 00d0 19       		.uleb128 0x19
 1693 00d1 11       		.uleb128 0x11
 1694 00d2 01       		.uleb128 0x1
 1695 00d3 12       		.uleb128 0x12
 1696 00d4 06       		.uleb128 0x6
 1697 00d5 40       		.uleb128 0x40
 1698 00d6 18       		.uleb128 0x18
 1699 00d7 9642     		.uleb128 0x2116
 1700 00d9 19       		.uleb128 0x19
 1701 00da 01       		.uleb128 0x1
 1702 00db 13       		.uleb128 0x13
 1703 00dc 00       		.byte	0
 1704 00dd 00       		.byte	0
 1705 00de 12       		.uleb128 0x12
 1706 00df 05       		.uleb128 0x5
 1707 00e0 00       		.byte	0
 1708 00e1 03       		.uleb128 0x3
 1709 00e2 08       		.uleb128 0x8
 1710 00e3 3A       		.uleb128 0x3a
 1711 00e4 0B       		.uleb128 0xb
 1712 00e5 3B       		.uleb128 0x3b
 1713 00e6 0B       		.uleb128 0xb
 1714 00e7 49       		.uleb128 0x49
 1715 00e8 13       		.uleb128 0x13
 1716 00e9 02       		.uleb128 0x2
 1717 00ea 18       		.uleb128 0x18
 1718 00eb 00       		.byte	0
 1719 00ec 00       		.byte	0
 1720 00ed 13       		.uleb128 0x13
 1721 00ee 2E       		.uleb128 0x2e
 1722 00ef 01       		.byte	0x1
 1723 00f0 3F       		.uleb128 0x3f
 1724 00f1 19       		.uleb128 0x19
 1725 00f2 03       		.uleb128 0x3
 1726 00f3 0E       		.uleb128 0xe
 1727 00f4 3A       		.uleb128 0x3a
 1728 00f5 0B       		.uleb128 0xb
 1729 00f6 3B       		.uleb128 0x3b
 1730 00f7 0B       		.uleb128 0xb
 1731 00f8 27       		.uleb128 0x27
ARM GAS  /tmp/ccD0QxSi.s 			page 32


 1732 00f9 19       		.uleb128 0x19
 1733 00fa 49       		.uleb128 0x49
 1734 00fb 13       		.uleb128 0x13
 1735 00fc 11       		.uleb128 0x11
 1736 00fd 01       		.uleb128 0x1
 1737 00fe 12       		.uleb128 0x12
 1738 00ff 06       		.uleb128 0x6
 1739 0100 40       		.uleb128 0x40
 1740 0101 18       		.uleb128 0x18
 1741 0102 9642     		.uleb128 0x2116
 1742 0104 19       		.uleb128 0x19
 1743 0105 01       		.uleb128 0x1
 1744 0106 13       		.uleb128 0x13
 1745 0107 00       		.byte	0
 1746 0108 00       		.byte	0
 1747 0109 14       		.uleb128 0x14
 1748 010a 34       		.uleb128 0x34
 1749 010b 00       		.byte	0
 1750 010c 03       		.uleb128 0x3
 1751 010d 08       		.uleb128 0x8
 1752 010e 3A       		.uleb128 0x3a
 1753 010f 0B       		.uleb128 0xb
 1754 0110 3B       		.uleb128 0x3b
 1755 0111 0B       		.uleb128 0xb
 1756 0112 49       		.uleb128 0x49
 1757 0113 13       		.uleb128 0x13
 1758 0114 02       		.uleb128 0x2
 1759 0115 18       		.uleb128 0x18
 1760 0116 00       		.byte	0
 1761 0117 00       		.byte	0
 1762 0118 15       		.uleb128 0x15
 1763 0119 05       		.uleb128 0x5
 1764 011a 00       		.byte	0
 1765 011b 03       		.uleb128 0x3
 1766 011c 0E       		.uleb128 0xe
 1767 011d 3A       		.uleb128 0x3a
 1768 011e 0B       		.uleb128 0xb
 1769 011f 3B       		.uleb128 0x3b
 1770 0120 0B       		.uleb128 0xb
 1771 0121 49       		.uleb128 0x49
 1772 0122 13       		.uleb128 0x13
 1773 0123 02       		.uleb128 0x2
 1774 0124 18       		.uleb128 0x18
 1775 0125 00       		.byte	0
 1776 0126 00       		.byte	0
 1777 0127 16       		.uleb128 0x16
 1778 0128 2E       		.uleb128 0x2e
 1779 0129 01       		.byte	0x1
 1780 012a 3F       		.uleb128 0x3f
 1781 012b 19       		.uleb128 0x19
 1782 012c 03       		.uleb128 0x3
 1783 012d 0E       		.uleb128 0xe
 1784 012e 3A       		.uleb128 0x3a
 1785 012f 0B       		.uleb128 0xb
 1786 0130 3B       		.uleb128 0x3b
 1787 0131 05       		.uleb128 0x5
 1788 0132 27       		.uleb128 0x27
ARM GAS  /tmp/ccD0QxSi.s 			page 33


 1789 0133 19       		.uleb128 0x19
 1790 0134 49       		.uleb128 0x49
 1791 0135 13       		.uleb128 0x13
 1792 0136 11       		.uleb128 0x11
 1793 0137 01       		.uleb128 0x1
 1794 0138 12       		.uleb128 0x12
 1795 0139 06       		.uleb128 0x6
 1796 013a 40       		.uleb128 0x40
 1797 013b 18       		.uleb128 0x18
 1798 013c 9642     		.uleb128 0x2116
 1799 013e 19       		.uleb128 0x19
 1800 013f 01       		.uleb128 0x1
 1801 0140 13       		.uleb128 0x13
 1802 0141 00       		.byte	0
 1803 0142 00       		.byte	0
 1804 0143 17       		.uleb128 0x17
 1805 0144 05       		.uleb128 0x5
 1806 0145 00       		.byte	0
 1807 0146 03       		.uleb128 0x3
 1808 0147 08       		.uleb128 0x8
 1809 0148 3A       		.uleb128 0x3a
 1810 0149 0B       		.uleb128 0xb
 1811 014a 3B       		.uleb128 0x3b
 1812 014b 05       		.uleb128 0x5
 1813 014c 49       		.uleb128 0x49
 1814 014d 13       		.uleb128 0x13
 1815 014e 02       		.uleb128 0x2
 1816 014f 18       		.uleb128 0x18
 1817 0150 00       		.byte	0
 1818 0151 00       		.byte	0
 1819 0152 18       		.uleb128 0x18
 1820 0153 05       		.uleb128 0x5
 1821 0154 00       		.byte	0
 1822 0155 03       		.uleb128 0x3
 1823 0156 0E       		.uleb128 0xe
 1824 0157 3A       		.uleb128 0x3a
 1825 0158 0B       		.uleb128 0xb
 1826 0159 3B       		.uleb128 0x3b
 1827 015a 05       		.uleb128 0x5
 1828 015b 49       		.uleb128 0x49
 1829 015c 13       		.uleb128 0x13
 1830 015d 02       		.uleb128 0x2
 1831 015e 18       		.uleb128 0x18
 1832 015f 00       		.byte	0
 1833 0160 00       		.byte	0
 1834 0161 19       		.uleb128 0x19
 1835 0162 34       		.uleb128 0x34
 1836 0163 00       		.byte	0
 1837 0164 03       		.uleb128 0x3
 1838 0165 08       		.uleb128 0x8
 1839 0166 3A       		.uleb128 0x3a
 1840 0167 0B       		.uleb128 0xb
 1841 0168 3B       		.uleb128 0x3b
 1842 0169 05       		.uleb128 0x5
 1843 016a 49       		.uleb128 0x49
 1844 016b 13       		.uleb128 0x13
 1845 016c 02       		.uleb128 0x2
ARM GAS  /tmp/ccD0QxSi.s 			page 34


 1846 016d 18       		.uleb128 0x18
 1847 016e 00       		.byte	0
 1848 016f 00       		.byte	0
 1849 0170 1A       		.uleb128 0x1a
 1850 0171 34       		.uleb128 0x34
 1851 0172 00       		.byte	0
 1852 0173 03       		.uleb128 0x3
 1853 0174 0E       		.uleb128 0xe
 1854 0175 3A       		.uleb128 0x3a
 1855 0176 0B       		.uleb128 0xb
 1856 0177 3B       		.uleb128 0x3b
 1857 0178 0B       		.uleb128 0xb
 1858 0179 49       		.uleb128 0x49
 1859 017a 13       		.uleb128 0x13
 1860 017b 3F       		.uleb128 0x3f
 1861 017c 19       		.uleb128 0x19
 1862 017d 3C       		.uleb128 0x3c
 1863 017e 19       		.uleb128 0x19
 1864 017f 00       		.byte	0
 1865 0180 00       		.byte	0
 1866 0181 00       		.byte	0
 1867              		.section	.debug_aranges,"",%progbits
 1868 0000 5C000000 		.4byte	0x5c
 1869 0004 0200     		.2byte	0x2
 1870 0006 00000000 		.4byte	.Ldebug_info0
 1871 000a 04       		.byte	0x4
 1872 000b 00       		.byte	0
 1873 000c 0000     		.2byte	0
 1874 000e 0000     		.2byte	0
 1875 0010 00000000 		.4byte	.LFB0
 1876 0014 2C000000 		.4byte	.LFE0-.LFB0
 1877 0018 00000000 		.4byte	.LFB1
 1878 001c 40000000 		.4byte	.LFE1-.LFB1
 1879 0020 00000000 		.4byte	.LFB2
 1880 0024 3C000000 		.4byte	.LFE2-.LFB2
 1881 0028 00000000 		.4byte	.LFB3
 1882 002c 1E000000 		.4byte	.LFE3-.LFB3
 1883 0030 00000000 		.4byte	.LFB4
 1884 0034 40000000 		.4byte	.LFE4-.LFB4
 1885 0038 00000000 		.4byte	.LFB5
 1886 003c 20000000 		.4byte	.LFE5-.LFB5
 1887 0040 00000000 		.4byte	.LFB6
 1888 0044 64000000 		.4byte	.LFE6-.LFB6
 1889 0048 00000000 		.4byte	.LFB7
 1890 004c 24000000 		.4byte	.LFE7-.LFB7
 1891 0050 00000000 		.4byte	.LFB8
 1892 0054 74000000 		.4byte	.LFE8-.LFB8
 1893 0058 00000000 		.4byte	0
 1894 005c 00000000 		.4byte	0
 1895              		.section	.debug_ranges,"",%progbits
 1896              	.Ldebug_ranges0:
 1897 0000 00000000 		.4byte	.LFB0
 1898 0004 2C000000 		.4byte	.LFE0
 1899 0008 00000000 		.4byte	.LFB1
 1900 000c 40000000 		.4byte	.LFE1
 1901 0010 00000000 		.4byte	.LFB2
 1902 0014 3C000000 		.4byte	.LFE2
ARM GAS  /tmp/ccD0QxSi.s 			page 35


 1903 0018 00000000 		.4byte	.LFB3
 1904 001c 1E000000 		.4byte	.LFE3
 1905 0020 00000000 		.4byte	.LFB4
 1906 0024 40000000 		.4byte	.LFE4
 1907 0028 00000000 		.4byte	.LFB5
 1908 002c 20000000 		.4byte	.LFE5
 1909 0030 00000000 		.4byte	.LFB6
 1910 0034 64000000 		.4byte	.LFE6
 1911 0038 00000000 		.4byte	.LFB7
 1912 003c 24000000 		.4byte	.LFE7
 1913 0040 00000000 		.4byte	.LFB8
 1914 0044 74000000 		.4byte	.LFE8
 1915 0048 00000000 		.4byte	0
 1916 004c 00000000 		.4byte	0
 1917              		.section	.debug_line,"",%progbits
 1918              	.Ldebug_line0:
 1919 0000 B1020000 		.section	.debug_str,"MS",%progbits,1
 1919      0200A901 
 1919      00000201 
 1919      FB0E0D00 
 1919      01010101 
 1920              	.LASF51:
 1921 0000 696E7463 		.ascii	"intctx\000"
 1921      747800
 1922              	.LASF42:
 1923 0007 705F6D73 		.ascii	"p_msg\000"
 1923      6700
 1924              	.LASF72:
 1925 000d 6368436F 		.ascii	"chCondInit\000"
 1925      6E64496E 
 1925      697400
 1926              	.LASF67:
 1927 0018 7264796D 		.ascii	"rdymsg\000"
 1927      736700
 1928              	.LASF16:
 1929 001f 75696E74 		.ascii	"uint64_t\000"
 1929      36345F74 
 1929      00
 1930              	.LASF5:
 1931 0028 5F5F7569 		.ascii	"__uint8_t\000"
 1931      6E74385F 
 1931      7400
 1932              	.LASF12:
 1933 0032 6C6F6E67 		.ascii	"long long unsigned int\000"
 1933      206C6F6E 
 1933      6720756E 
 1933      7369676E 
 1933      65642069 
 1934              	.LASF76:
 1935 0049 6368436F 		.ascii	"chCondBroadcastI\000"
 1935      6E644272 
 1935      6F616463 
 1935      61737449 
 1935      00
 1936              	.LASF29:
 1937 005a 705F7072 		.ascii	"p_prio\000"
 1937      696F00
ARM GAS  /tmp/ccD0QxSi.s 			page 36


 1938              	.LASF10:
 1939 0061 6C6F6E67 		.ascii	"long long int\000"
 1939      206C6F6E 
 1939      6720696E 
 1939      7400
 1940              	.LASF1:
 1941 006f 7369676E 		.ascii	"signed char\000"
 1941      65642063 
 1941      68617200 
 1942              	.LASF46:
 1943 007b 705F6D70 		.ascii	"p_mpool\000"
 1943      6F6F6C00 
 1944              	.LASF62:
 1945 0083 6D5F7175 		.ascii	"m_queue\000"
 1945      65756500 
 1946              	.LASF21:
 1947 008b 74736C69 		.ascii	"tslices_t\000"
 1947      6365735F 
 1947      7400
 1948              	.LASF65:
 1949 0095 436F6E64 		.ascii	"CondVar\000"
 1949      56617200 
 1950              	.LASF7:
 1951 009d 6C6F6E67 		.ascii	"long int\000"
 1951      20696E74 
 1951      00
 1952              	.LASF19:
 1953 00a6 74737461 		.ascii	"tstate_t\000"
 1953      74655F74 
 1953      00
 1954              	.LASF31:
 1955 00af 705F6E65 		.ascii	"p_newer\000"
 1955      77657200 
 1956              	.LASF68:
 1957 00b7 65786974 		.ascii	"exitcode\000"
 1957      636F6465 
 1957      00
 1958              	.LASF8:
 1959 00c0 5F5F7569 		.ascii	"__uint32_t\000"
 1959      6E743332 
 1959      5F7400
 1960              	.LASF49:
 1961 00cb 72656761 		.ascii	"regarm_t\000"
 1961      726D5F74 
 1961      00
 1962              	.LASF73:
 1963 00d4 6368436F 		.ascii	"chCondSignal\000"
 1963      6E645369 
 1963      676E616C 
 1963      00
 1964              	.LASF34:
 1965 00e1 705F7374 		.ascii	"p_stklimit\000"
 1965      6B6C696D 
 1965      697400
 1966              	.LASF0:
 1967 00ec 756E7369 		.ascii	"unsigned int\000"
 1967      676E6564 
ARM GAS  /tmp/ccD0QxSi.s 			page 37


 1967      20696E74 
 1967      00
 1968              	.LASF9:
 1969 00f9 6C6F6E67 		.ascii	"long unsigned int\000"
 1969      20756E73 
 1969      69676E65 
 1969      6420696E 
 1969      7400
 1970              	.LASF52:
 1971 010b 636F6E74 		.ascii	"context\000"
 1971      65787400 
 1972              	.LASF4:
 1973 0113 73686F72 		.ascii	"short unsigned int\000"
 1973      7420756E 
 1973      7369676E 
 1973      65642069 
 1973      6E7400
 1974              	.LASF23:
 1975 0126 6D73675F 		.ascii	"msg_t\000"
 1975      7400
 1976              	.LASF57:
 1977 012c 725F6E65 		.ascii	"r_newer\000"
 1977      77657200 
 1978              	.LASF18:
 1979 0134 746D6F64 		.ascii	"tmode_t\000"
 1979      655F7400 
 1980              	.LASF48:
 1981 013c 54687265 		.ascii	"ThreadsList\000"
 1981      6164734C 
 1981      69737400 
 1982              	.LASF24:
 1983 0148 6576656E 		.ascii	"eventmask_t\000"
 1983      746D6173 
 1983      6B5F7400 
 1984              	.LASF61:
 1985 0154 4D757465 		.ascii	"Mutex\000"
 1985      7800
 1986              	.LASF50:
 1987 015a 73746B61 		.ascii	"stkalign_t\000"
 1987      6C69676E 
 1987      5F7400
 1988              	.LASF53:
 1989 0165 73697A65 		.ascii	"sizetype\000"
 1989      74797065 
 1989      00
 1990              	.LASF82:
 1991 016e 474E5520 		.ascii	"GNU C 4.9.3 20150303 (release) [ARM/embedded-4_9-br"
 1991      4320342E 
 1991      392E3320 
 1991      32303135 
 1991      30333033 
 1992 01a1 616E6368 		.ascii	"anch revision 221220] -mcpu=cortex-m4 -mfloat-abi=h"
 1992      20726576 
 1992      6973696F 
 1992      6E203232 
 1992      31323230 
 1993 01d4 61726420 		.ascii	"ard -mfpu=fpv4-sp-d16 -mno-thumb-interwork -mthumb "
ARM GAS  /tmp/ccD0QxSi.s 			page 38


 1993      2D6D6670 
 1993      753D6670 
 1993      76342D73 
 1993      702D6431 
 1994 0207 2D676764 		.ascii	"-ggdb -fomit-frame-pointer -falign-functions=16 -ff"
 1994      62202D66 
 1994      6F6D6974 
 1994      2D667261 
 1994      6D652D70 
 1995 023a 756E6374 		.ascii	"unction-sections -fdata-sections -fno-common -fsing"
 1995      696F6E2D 
 1995      73656374 
 1995      696F6E73 
 1995      202D6664 
 1996 026d 6C652D70 		.ascii	"le-precision-constant\000"
 1996      72656369 
 1996      73696F6E 
 1996      2D636F6E 
 1996      7374616E 
 1997              	.LASF81:
 1998 0283 6368436F 		.ascii	"chCondWaitTimeoutS\000"
 1998      6E645761 
 1998      69745469 
 1998      6D656F75 
 1998      745300
 1999              	.LASF32:
 2000 0296 705F6F6C 		.ascii	"p_older\000"
 2000      64657200 
 2001              	.LASF56:
 2002 029e 725F6374 		.ascii	"r_ctx\000"
 2002      7800
 2003              	.LASF47:
 2004 02a4 54687265 		.ascii	"ThreadsQueue\000"
 2004      61647351 
 2004      75657565 
 2004      00
 2005              	.LASF80:
 2006 02b1 74696D65 		.ascii	"time\000"
 2006      00
 2007              	.LASF59:
 2008 02b6 725F6375 		.ascii	"r_current\000"
 2008      7272656E 
 2008      7400
 2009              	.LASF58:
 2010 02c0 725F6F6C 		.ascii	"r_older\000"
 2010      64657200 
 2011              	.LASF75:
 2012 02c8 6368436F 		.ascii	"chCondBroadcast\000"
 2012      6E644272 
 2012      6F616463 
 2012      61737400 
 2013              	.LASF11:
 2014 02d8 5F5F7569 		.ascii	"__uint64_t\000"
 2014      6E743634 
 2014      5F7400
 2015              	.LASF20:
 2016 02e3 74726566 		.ascii	"trefs_t\000"
ARM GAS  /tmp/ccD0QxSi.s 			page 39


 2016      735F7400 
 2017              	.LASF28:
 2018 02eb 705F7072 		.ascii	"p_prev\000"
 2018      657600
 2019              	.LASF22:
 2020 02f2 74707269 		.ascii	"tprio_t\000"
 2020      6F5F7400 
 2021              	.LASF74:
 2022 02fa 6368436F 		.ascii	"chCondSignalI\000"
 2022      6E645369 
 2022      676E616C 
 2022      4900
 2023              	.LASF17:
 2024 0308 5F426F6F 		.ascii	"_Bool\000"
 2024      6C00
 2025              	.LASF14:
 2026 030e 696E7433 		.ascii	"int32_t\000"
 2026      325F7400 
 2027              	.LASF2:
 2028 0316 756E7369 		.ascii	"unsigned char\000"
 2028      676E6564 
 2028      20636861 
 2028      7200
 2029              	.LASF44:
 2030 0324 705F6D74 		.ascii	"p_mtxlist\000"
 2030      786C6973 
 2030      7400
 2031              	.LASF3:
 2032 032e 73686F72 		.ascii	"short int\000"
 2032      7420696E 
 2032      7400
 2033              	.LASF35:
 2034 0338 705F7374 		.ascii	"p_state\000"
 2034      61746500 
 2035              	.LASF38:
 2036 0340 705F7072 		.ascii	"p_preempt\000"
 2036      65656D70 
 2036      7400
 2037              	.LASF55:
 2038 034a 725F7072 		.ascii	"r_prio\000"
 2038      696F00
 2039              	.LASF70:
 2040 0351 65776D61 		.ascii	"ewmask\000"
 2040      736B00
 2041              	.LASF27:
 2042 0358 705F6E65 		.ascii	"p_next\000"
 2042      787400
 2043              	.LASF36:
 2044 035f 705F666C 		.ascii	"p_flags\000"
 2044      61677300 
 2045              	.LASF26:
 2046 0367 54687265 		.ascii	"Thread\000"
 2046      616400
 2047              	.LASF66:
 2048 036e 635F7175 		.ascii	"c_queue\000"
 2048      65756500 
 2049              	.LASF43:
ARM GAS  /tmp/ccD0QxSi.s 			page 40


 2050 0376 705F6570 		.ascii	"p_epending\000"
 2050      656E6469 
 2050      6E6700
 2051              	.LASF15:
 2052 0381 75696E74 		.ascii	"uint32_t\000"
 2052      33325F74 
 2052      00
 2053              	.LASF54:
 2054 038a 725F7175 		.ascii	"r_queue\000"
 2054      65756500 
 2055              	.LASF71:
 2056 0392 63686172 		.ascii	"char\000"
 2056      00
 2057              	.LASF78:
 2058 0397 6368436F 		.ascii	"chCondWaitS\000"
 2058      6E645761 
 2058      69745300 
 2059              	.LASF64:
 2060 03a3 6D5F6E65 		.ascii	"m_next\000"
 2060      787400
 2061              	.LASF25:
 2062 03aa 73797374 		.ascii	"systime_t\000"
 2062      696D655F 
 2062      7400
 2063              	.LASF45:
 2064 03b4 705F7265 		.ascii	"p_realprio\000"
 2064      616C7072 
 2064      696F00
 2065              	.LASF6:
 2066 03bf 5F5F696E 		.ascii	"__int32_t\000"
 2066      7433325F 
 2066      7400
 2067              	.LASF77:
 2068 03c9 6368436F 		.ascii	"chCondWait\000"
 2068      6E645761 
 2068      697400
 2069              	.LASF39:
 2070 03d4 705F7469 		.ascii	"p_time\000"
 2070      6D6500
 2071              	.LASF83:
 2072 03db 2F686F6D 		.ascii	"/home/makkmarci/workspace/ChibiOS_2.6.8/os/kernel/s"
 2072      652F6D61 
 2072      6B6B6D61 
 2072      7263692F 
 2072      776F726B 
 2073 040e 72632F63 		.ascii	"rc/chcond.c\000"
 2073      68636F6E 
 2073      642E6300 
 2074              	.LASF41:
 2075 041a 705F6D73 		.ascii	"p_msgqueue\000"
 2075      67717565 
 2075      756500
 2076              	.LASF37:
 2077 0425 705F7265 		.ascii	"p_refs\000"
 2077      667300
 2078              	.LASF60:
 2079 042c 52656164 		.ascii	"ReadyList\000"
ARM GAS  /tmp/ccD0QxSi.s 			page 41


 2079      794C6973 
 2079      7400
 2080              	.LASF84:
 2081 0436 726C6973 		.ascii	"rlist\000"
 2081      7400
 2082              	.LASF13:
 2083 043c 75696E74 		.ascii	"uint8_t\000"
 2083      385F7400 
 2084              	.LASF69:
 2085 0444 77746F62 		.ascii	"wtobjp\000"
 2085      6A7000
 2086              	.LASF33:
 2087 044b 705F6E61 		.ascii	"p_name\000"
 2087      6D6500
 2088              	.LASF79:
 2089 0452 6368436F 		.ascii	"chCondWaitTimeout\000"
 2089      6E645761 
 2089      69745469 
 2089      6D656F75 
 2089      7400
 2090              	.LASF63:
 2091 0464 6D5F6F77 		.ascii	"m_owner\000"
 2091      6E657200 
 2092              	.LASF30:
 2093 046c 705F6374 		.ascii	"p_ctx\000"
 2093      7800
 2094              	.LASF40:
 2095 0472 705F7761 		.ascii	"p_waiting\000"
 2095      6974696E 
 2095      6700
 2096              		.ident	"GCC: (GNU Tools for ARM Embedded Processors) 4.9.3 20150303 (release) [ARM/embedded-4_9-br
ARM GAS  /tmp/ccD0QxSi.s 			page 42


DEFINED SYMBOLS
                            *ABS*:00000000 chcond.c
     /tmp/ccD0QxSi.s:21     .rodata:00000000 $d
     /tmp/ccD0QxSi.s:25     .text.chCondInit:00000000 $t
     /tmp/ccD0QxSi.s:31     .text.chCondInit:00000000 chCondInit
     /tmp/ccD0QxSi.s:68     .text.chCondInit:00000028 $d
     /tmp/ccD0QxSi.s:77     .text.chCondSignal:00000000 $t
     /tmp/ccD0QxSi.s:83     .text.chCondSignal:00000000 chCondSignal
     /tmp/ccD0QxSi.s:136    .text.chCondSignal:0000003c $d
     /tmp/ccD0QxSi.s:145    .text.chCondSignalI:00000000 $t
     /tmp/ccD0QxSi.s:151    .text.chCondSignalI:00000000 chCondSignalI
     /tmp/ccD0QxSi.s:196    .text.chCondSignalI:00000038 $d
     /tmp/ccD0QxSi.s:201    .text.chCondBroadcast:00000000 $t
     /tmp/ccD0QxSi.s:207    .text.chCondBroadcast:00000000 chCondBroadcast
     /tmp/ccD0QxSi.s:253    .text.chCondBroadcastI:00000000 chCondBroadcastI
     /tmp/ccD0QxSi.s:247    .text.chCondBroadcastI:00000000 $t
     /tmp/ccD0QxSi.s:301    .text.chCondBroadcastI:0000003c $d
     /tmp/ccD0QxSi.s:306    .text.chCondWait:00000000 $t
     /tmp/ccD0QxSi.s:312    .text.chCondWait:00000000 chCondWait
     /tmp/ccD0QxSi.s:363    .text.chCondWaitS:00000000 chCondWaitS
     /tmp/ccD0QxSi.s:357    .text.chCondWaitS:00000000 $t
     /tmp/ccD0QxSi.s:429    .text.chCondWaitS:00000058 $d
     /tmp/ccD0QxSi.s:436    .text.chCondWaitTimeout:00000000 $t
     /tmp/ccD0QxSi.s:442    .text.chCondWaitTimeout:00000000 chCondWaitTimeout
     /tmp/ccD0QxSi.s:495    .text.chCondWaitTimeoutS:00000000 chCondWaitTimeoutS
     /tmp/ccD0QxSi.s:489    .text.chCondWaitTimeoutS:00000000 $t
     /tmp/ccD0QxSi.s:570    .text.chCondWaitTimeoutS:00000068 $d
                     .debug_frame:00000010 $d
     /tmp/ccD0QxSi.s:72     .text.chCondInit:0000002c $t
     /tmp/ccD0QxSi.s:200    .text.chCondSignalI:0000003c $t
     /tmp/ccD0QxSi.s:435    .text.chCondWaitS:00000064 $t
     /tmp/ccD0QxSi.s:576    .text.chCondWaitTimeoutS:00000074 $t

UNDEFINED SYMBOLS
chDbgPanic
_port_lock
fifo_remove
chSchWakeupS
_port_unlock
chSchReadyI
chSchRescheduleS
chMtxUnlockS
prio_insert
chSchGoSleepS
chMtxLockS
rlist
chSchGoSleepTimeoutS
