ARM GAS  /tmp/ccPwKG9W.s 			page 1


   1              		.syntax unified
   2              		.cpu cortex-m4
   3              		.eabi_attribute 27, 3
   4              		.eabi_attribute 28, 1
   5              		.fpu fpv4-sp-d16
   6              		.eabi_attribute 20, 1
   7              		.eabi_attribute 21, 1
   8              		.eabi_attribute 23, 3
   9              		.eabi_attribute 24, 1
  10              		.eabi_attribute 25, 1
  11              		.eabi_attribute 26, 1
  12              		.eabi_attribute 30, 2
  13              		.eabi_attribute 34, 1
  14              		.eabi_attribute 18, 4
  15              		.thumb
  16              		.file	"chcore_v7m.c"
  17              		.text
  18              	.Ltext0:
  19              		.cfi_sections	.debug_frame
  20              		.section	.text._port_switch_from_isr,"ax",%progbits
  21              		.align	2
  22              		.p2align 4,,15
  23              		.global	_port_switch_from_isr
  24              		.thumb
  25              		.thumb_func
  26              		.type	_port_switch_from_isr, %function
  27              	_port_switch_from_isr:
  28              	.LFB6:
  29              		.file 1 "../../os/ports/GCC/ARMCMx/chcore_v7m.c"
  30              		.loc 1 197 0
  31              		.cfi_startproc
  32              		@ Naked Function: prologue and epilogue provided by programmer.
  33              		@ args = 0, pretend = 0, frame = 0
  34              		@ frame_needed = 0, uses_anonymous_args = 0
  35              		.loc 1 200 0
  36 0000 FFF7FEFF 		bl	chSchDoReschedule
  37              	.LVL0:
  38              		.loc 1 202 0
  39              	@ 202 "../../os/ports/GCC/ARMCMx/chcore_v7m.c" 1
  40              		_port_exit_from_isr:
  41              	@ 0 "" 2
  42              		.loc 1 204 0
  43              	@ 204 "../../os/ports/GCC/ARMCMx/chcore_v7m.c" 1
  44 0004 00DF     		svc     #0
  45              	@ 0 "" 2
  46              		.loc 1 211 0
  47              		.thumb
  48              		.cfi_endproc
  49              	.LFE6:
  50              		.size	_port_switch_from_isr, .-_port_switch_from_isr
  51 0006 00BFAFF3 		.section	.text.SVCallVector,"ax",%progbits
  51      0080AFF3 
  51      0080
  52              		.align	2
  53              		.p2align 4,,15
  54              		.global	SVCallVector
  55              		.thumb
ARM GAS  /tmp/ccPwKG9W.s 			page 2


  56              		.thumb_func
  57              		.type	SVCallVector, %function
  58              	SVCallVector:
  59              	.LFB1:
  60              		.loc 1 65 0
  61              		.cfi_startproc
  62              		@ args = 0, pretend = 0, frame = 0
  63              		@ frame_needed = 0, uses_anonymous_args = 0
  64              		.loc 1 70 0
  65 0000 074B     		ldr	r3, .L3
  66 0002 5A68     		ldr	r2, [r3, #4]
  67 0004 22F00102 		bic	r2, r2, #1
  68              		.loc 1 65 0
  69 0008 00B5     		push	{lr}
  70              		.cfi_def_cfa_offset 4
  71              		.cfi_offset 14, -4
  72              		.loc 1 70 0
  73 000a 5A60     		str	r2, [r3, #4]
  74              		.loc 1 74 0
  75              	@ 74 "../../os/ports/GCC/ARMCMx/chcore_v7m.c" 1
  76 000c EFF30983 		mrs     r3, PSP
  77              	@ 0 "" 2
  78              	.LVL1:
  79              		.loc 1 78 0
  80              		.thumb
  81 0010 6833     		adds	r3, r3, #104
  82              	.LVL2:
  83              		.loc 1 81 0
  84              	@ 81 "../../os/ports/GCC/ARMCMx/chcore_v7m.c" 1
  85 0012 83F30988 		msr     PSP, r3
  86              	@ 0 "" 2
  87              		.loc 1 82 0
  88              	@ 82 "../../os/ports/GCC/ARMCMx/chcore_v7m.c" 1
  89 0016 FFF7FEFF 		bl      _port_unlock
  90              	@ 0 "" 2
  91              	.LVL3:
  92              		.thumb
  93 001a 5DF804FB 		ldr	pc, [sp], #4
  94              	.L4:
  95 001e 00BF     		.align	2
  96              	.L3:
  97 0020 30EF00E0 		.word	-536809680
  98              		.cfi_endproc
  99              	.LFE1:
 100              		.size	SVCallVector, .-SVCallVector
 101 0024 AFF30080 		.section	.text._port_init,"ax",%progbits
 101      AFF30080 
 101      AFF30080 
 102              		.align	2
 103              		.p2align 4,,15
 104              		.global	_port_init
 105              		.thumb
 106              		.thumb_func
 107              		.type	_port_init, %function
 108              	_port_init:
 109              	.LFB2:
 110              		.loc 1 120 0
ARM GAS  /tmp/ccPwKG9W.s 			page 3


 111              		.cfi_startproc
 112              		@ args = 0, pretend = 0, frame = 0
 113              		@ frame_needed = 0, uses_anonymous_args = 0
 114 0000 08B5     		push	{r3, lr}
 115              		.cfi_def_cfa_offset 8
 116              		.cfi_offset 3, -8
 117              		.cfi_offset 14, -4
 118              		.loc 1 123 0
 119 0002 094B     		ldr	r3, .L6
 120              		.loc 1 124 0
 121 0004 094A     		ldr	r2, .L6+4
 122              		.loc 1 123 0
 123 0006 0021     		movs	r1, #0
 124 0008 9960     		str	r1, [r3, #8]
 125              		.loc 1 127 0
 126 000a 0720     		movs	r0, #7
 127              		.loc 1 124 0
 128 000c DA60     		str	r2, [r3, #12]
 129              		.loc 1 127 0
 130 000e 1021     		movs	r1, #16
 131 0010 FFF7FEFF 		bl	nvicSetSystemHandlerPriority
 132              	.LVL4:
 133              		.loc 1 129 0
 134 0014 0A20     		movs	r0, #10
 135 0016 2021     		movs	r1, #32
 136 0018 FFF7FEFF 		bl	nvicSetSystemHandlerPriority
 137              	.LVL5:
 138              		.loc 1 131 0
 139 001c 0B20     		movs	r0, #11
 140 001e 8021     		movs	r1, #128
 141              		.loc 1 133 0
 142 0020 BDE80840 		pop	{r3, lr}
 143              		.loc 1 131 0
 144 0024 FFF7FEBF 		b	nvicSetSystemHandlerPriority
 145              	.LVL6:
 146              	.L7:
 147              		.align	2
 148              	.L6:
 149 0028 00ED00E0 		.word	-536810240
 150 002c 0003FA05 		.word	100270848
 151              		.cfi_endproc
 152              	.LFE2:
 153              		.size	_port_init, .-_port_init
 154              		.section	.text._port_lock,"ax",%progbits
 155              		.align	2
 156              		.p2align 4,,15
 157              		.global	_port_lock
 158              		.thumb
 159              		.thumb_func
 160              		.type	_port_lock, %function
 161              	_port_lock:
 162              	.LFB3:
 163              		.loc 1 136 0
 164              		.cfi_startproc
 165              		@ args = 0, pretend = 0, frame = 0
 166              		@ frame_needed = 0, uses_anonymous_args = 0
 167              		@ link register save eliminated.
ARM GAS  /tmp/ccPwKG9W.s 			page 4


 168              		.loc 1 137 0
 169 0000 2023     		movs	r3, #32
 170              		.loc 1 138 0
 171              	@ 138 "../../os/ports/GCC/ARMCMx/chcore_v7m.c" 1
 172 0002 83F31188 		msr     BASEPRI, r3
 173              	@ 0 "" 2
 174              		.thumb
 175 0006 7047     		bx	lr
 176              		.cfi_endproc
 177              	.LFE3:
 178              		.size	_port_lock, .-_port_lock
 179 0008 AFF30080 		.section	.text._port_unlock,"ax",%progbits
 179      AFF30080 
 180              		.align	2
 181              		.p2align 4,,15
 182              		.global	_port_unlock
 183              		.thumb
 184              		.thumb_func
 185              		.type	_port_unlock, %function
 186              	_port_unlock:
 187              	.LFB4:
 188              		.loc 1 141 0
 189              		.cfi_startproc
 190              		@ args = 0, pretend = 0, frame = 0
 191              		@ frame_needed = 0, uses_anonymous_args = 0
 192              		@ link register save eliminated.
 193              		.loc 1 142 0
 194 0000 0023     		movs	r3, #0
 195              		.loc 1 143 0
 196              	@ 143 "../../os/ports/GCC/ARMCMx/chcore_v7m.c" 1
 197 0002 83F31188 		msr     BASEPRI, r3
 198              	@ 0 "" 2
 199              		.thumb
 200 0006 7047     		bx	lr
 201              		.cfi_endproc
 202              	.LFE4:
 203              		.size	_port_unlock, .-_port_unlock
 204 0008 AFF30080 		.section	.text._port_irq_epilogue,"ax",%progbits
 204      AFF30080 
 205              		.align	2
 206              		.p2align 4,,15
 207              		.global	_port_irq_epilogue
 208              		.thumb
 209              		.thumb_func
 210              		.type	_port_irq_epilogue, %function
 211              	_port_irq_epilogue:
 212              	.LFB5:
 213              		.loc 1 150 0
 214              		.cfi_startproc
 215              		@ args = 0, pretend = 0, frame = 0
 216              		@ frame_needed = 0, uses_anonymous_args = 0
 217 0000 00B5     		push	{lr}
 218              		.cfi_def_cfa_offset 4
 219              		.cfi_offset 14, -4
 220              		.loc 1 152 0
 221              	@ 152 "../../os/ports/GCC/ARMCMx/chcore_v7m.c" 1
 222 0002 FFF7FEFF 		bl      _port_lock
ARM GAS  /tmp/ccPwKG9W.s 			page 5


 223              	@ 0 "" 2
 224              		.loc 1 153 0
 225              		.thumb
 226 0006 184B     		ldr	r3, .L18
 227 0008 5B68     		ldr	r3, [r3, #4]
 228 000a 1B05     		lsls	r3, r3, #20
 229 000c 1DD5     		bpl	.L11
 230              	.LBB2:
 231              		.loc 1 159 0
 232              	@ 159 "../../os/ports/GCC/ARMCMx/chcore_v7m.c" 1
 233 000e F1EE10FA 		vmrs    APSR_nzcv, FPSCR
 234              	@ 0 "" 2
 235              		.loc 1 163 0
 236              	@ 163 "../../os/ports/GCC/ARMCMx/chcore_v7m.c" 1
 237 0012 EFF30983 		mrs     r3, PSP
 238              	@ 0 "" 2
 239              	.LVL7:
 240              		.loc 1 168 0
 241              		.thumb
 242 0016 4FF08072 		mov	r2, #16777216
 243 001a 43F84C2C 		str	r2, [r3, #-76]
 244              		.loc 1 167 0
 245 001e A3F16802 		sub	r2, r3, #104
 246              	.LVL8:
 247              		.loc 1 169 0
 248              	@ 169 "../../os/ports/GCC/ARMCMx/chcore_v7m.c" 1
 249 0022 82F30988 		msr     PSP, r2
 250              	@ 0 "" 2
 251              		.loc 1 173 0
 252              		.thumb
 253 0026 1149     		ldr	r1, .L18+4
 254 0028 8A69     		ldr	r2, [r1, #24]
 255              	.LVL9:
 256 002a 0968     		ldr	r1, [r1]
 257 002c 92F82300 		ldrb	r0, [r2, #35]	@ zero_extendqisi2
 258 0030 8968     		ldr	r1, [r1, #8]
 259 0032 9268     		ldr	r2, [r2, #8]
 260 0034 68B1     		cbz	r0, .L12
 261              		.loc 1 173 0 is_stmt 0 discriminator 1
 262 0036 9142     		cmp	r1, r2
 263 0038 94BF     		ite	ls
 264 003a 0022     		movls	r2, #0
 265 003c 0122     		movhi	r2, #1
 266 003e 72B1     		cbz	r2, .L14
 267              	.L17:
 268              		.loc 1 175 0 is_stmt 1
 269 0040 0B4A     		ldr	r2, .L18+8
 270 0042 43F8502C 		str	r2, [r3, #-80]
 271 0046 5DF804FB 		ldr	pc, [sp], #4
 272              	.LVL10:
 273              	.L11:
 274              	.LBE2:
 275              		.loc 1 187 0
 276              	@ 187 "../../os/ports/GCC/ARMCMx/chcore_v7m.c" 1
 277 004a FFF7FEFF 		bl      _port_unlock
 278              	@ 0 "" 2
 279              		.thumb
ARM GAS  /tmp/ccPwKG9W.s 			page 6


 280 004e 5DF804FB 		ldr	pc, [sp], #4
 281              	.LVL11:
 282              	.L12:
 283              	.LBB3:
 284              		.loc 1 173 0 discriminator 2
 285 0052 9142     		cmp	r1, r2
 286 0054 34BF     		ite	cc
 287 0056 0022     		movcc	r2, #0
 288 0058 0122     		movcs	r2, #1
 289 005a 002A     		cmp	r2, #0
 290 005c F0D1     		bne	.L17
 291              	.L14:
 292              		.loc 1 180 0
 293 005e 054A     		ldr	r2, .L18+12
 294 0060 43F8502C 		str	r2, [r3, #-80]
 295 0064 5DF804FB 		ldr	pc, [sp], #4
 296              	.L19:
 297              		.align	2
 298              	.L18:
 299 0068 00ED00E0 		.word	-536810240
 300 006c 00000000 		.word	rlist
 301 0070 00000000 		.word	_port_switch_from_isr
 302 0074 04000000 		.word	_port_exit_from_isr
 303              	.LBE3:
 304              		.cfi_endproc
 305              	.LFE5:
 306              		.size	_port_irq_epilogue, .-_port_irq_epilogue
 307 0078 AFF30080 		.section	.text.SysTickVector,"ax",%progbits
 307      AFF30080 
 308              		.align	2
 309              		.p2align 4,,15
 310              		.global	SysTickVector
 311              		.thumb
 312              		.thumb_func
 313              		.type	SysTickVector, %function
 314              	SysTickVector:
 315              	.LFB0:
 316              		.loc 1 47 0
 317              		.cfi_startproc
 318              		@ args = 0, pretend = 0, frame = 0
 319              		@ frame_needed = 0, uses_anonymous_args = 0
 320 0000 08B5     		push	{r3, lr}
 321              		.cfi_def_cfa_offset 8
 322              		.cfi_offset 3, -8
 323              		.cfi_offset 14, -4
 324              		.loc 1 51 0
 325              	@ 51 "../../os/ports/GCC/ARMCMx/chcore_v7m.c" 1
 326 0002 FFF7FEFF 		bl      _port_lock
 327              	@ 0 "" 2
 328              		.loc 1 52 0
 329              		.thumb
 330 0006 FFF7FEFF 		bl	chSysTimerHandlerI
 331              	.LVL12:
 332              		.loc 1 53 0
 333              	@ 53 "../../os/ports/GCC/ARMCMx/chcore_v7m.c" 1
 334 000a FFF7FEFF 		bl      _port_unlock
 335              	@ 0 "" 2
ARM GAS  /tmp/ccPwKG9W.s 			page 7


 336              		.loc 1 56 0
 337              		.thumb
 338 000e BDE80840 		pop	{r3, lr}
 339              		.loc 1 55 0
 340 0012 FFF7FEBF 		b	_port_irq_epilogue
 341              	.LVL13:
 342              		.cfi_endproc
 343              	.LFE0:
 344              		.size	SysTickVector, .-SysTickVector
 345 0016 00BFAFF3 		.section	.text._port_switch,"ax",%progbits
 345      0080AFF3 
 345      0080
 346              		.align	2
 347              		.p2align 4,,15
 348              		.global	_port_switch
 349              		.thumb
 350              		.thumb_func
 351              		.type	_port_switch, %function
 352              	_port_switch:
 353              	.LFB7:
 354              		.loc 1 226 0
 355              		.cfi_startproc
 356              		@ Naked Function: prologue and epilogue provided by programmer.
 357              		@ args = 0, pretend = 0, frame = 0
 358              		@ frame_needed = 0, uses_anonymous_args = 0
 359              	.LVL14:
 360              		.loc 1 228 0
 361              	@ 228 "../../os/ports/GCC/ARMCMx/chcore_v7m.c" 1
 362 0000 2DE9F04F 		push    {r4, r5, r6, r7, r8, r9, r10, r11, lr}
 363              	@ 0 "" 2
 364              		.loc 1 231 0
 365              	@ 231 "../../os/ports/GCC/ARMCMx/chcore_v7m.c" 1
 366 0004 2DED108A 		vpush   {s16-s31}
 367              	@ 0 "" 2
 368              		.loc 1 234 0
 369              	@ 234 "../../os/ports/GCC/ARMCMx/chcore_v7m.c" 1
 370 0008 C1F80CD0 		str     sp, [r1, #12]                          
 371 000c D0F80CD0 		ldr     sp, [r0, #12]
 372              	@ 0 "" 2
 373              		.loc 1 238 0
 374              	@ 238 "../../os/ports/GCC/ARMCMx/chcore_v7m.c" 1
 375 0010 BDEC108A 		vpop    {s16-s31}
 376              	@ 0 "" 2
 377              		.loc 1 240 0
 378              	@ 240 "../../os/ports/GCC/ARMCMx/chcore_v7m.c" 1
 379 0014 BDE8F08F 		pop     {r4, r5, r6, r7, r8, r9, r10, r11, pc}
 380              	@ 0 "" 2
 381              		.loc 1 242 0
 382              		.thumb
 383              		.cfi_endproc
 384              	.LFE7:
 385              		.size	_port_switch, .-_port_switch
 386 0018 AFF30080 		.section	.text._port_thread_start,"ax",%progbits
 386      AFF30080 
 387              		.align	2
 388              		.p2align 4,,15
 389              		.global	_port_thread_start
ARM GAS  /tmp/ccPwKG9W.s 			page 8


 390              		.thumb
 391              		.thumb_func
 392              		.type	_port_thread_start, %function
 393              	_port_thread_start:
 394              	.LFB8:
 395              		.loc 1 249 0
 396              		.cfi_startproc
 397              		@ args = 0, pretend = 0, frame = 0
 398              		@ frame_needed = 0, uses_anonymous_args = 0
 399 0000 00B5     		push	{lr}
 400              		.cfi_def_cfa_offset 4
 401              		.cfi_offset 14, -4
 402              		.loc 1 251 0
 403              	@ 251 "../../os/ports/GCC/ARMCMx/chcore_v7m.c" 1
 404 0002 FFF7FEFF 		bl      _port_unlock
 405              	@ 0 "" 2
 406              		.loc 1 252 0
 407              	@ 252 "../../os/ports/GCC/ARMCMx/chcore_v7m.c" 1
 408 0006 2846     		mov     r0, r5                                 
 409 0008 A047     		blx     r4                                     
 410 000a FFF7FEFF 		bl      chThdExit
 411              	@ 0 "" 2
 412              		.thumb
 413 000e 5DF804FB 		ldr	pc, [sp], #4
 414              		.cfi_endproc
 415              	.LFE8:
 416              		.size	_port_thread_start, .-_port_thread_start
 417 0012 00BFAFF3 		.text
 417      0080AFF3 
 417      0080AFF3 
 417      0080
 418              	.Letext0:
 419              		.file 2 "/opt/ARM/arm-none-eabi/include/machine/_default_types.h"
 420              		.file 3 "/opt/ARM/arm-none-eabi/include/stdint.h"
 421              		.file 4 "../../os/ports/GCC/ARMCMx/chtypes.h"
 422              		.file 5 "../../os/kernel/include/chlists.h"
 423              		.file 6 "../../os/kernel/include/chthreads.h"
 424              		.file 7 "../../os/ports/GCC/ARMCMx/chcore_v7m.h"
 425              		.file 8 "../../os/ports/common/ARMCMx/nvic.h"
 426              		.file 9 "../../os/kernel/include/chschd.h"
 427              		.file 10 "../../os/kernel/include/chmtx.h"
 428              		.file 11 "../../os/kernel/include/chsys.h"
 429              		.section	.debug_info,"",%progbits
 430              	.Ldebug_info0:
 431 0000 E0090000 		.4byte	0x9e0
 432 0004 0400     		.2byte	0x4
 433 0006 00000000 		.4byte	.Ldebug_abbrev0
 434 000a 04       		.byte	0x4
 435 000b 01       		.uleb128 0x1
 436 000c 6B030000 		.4byte	.LASF109
 437 0010 01       		.byte	0x1
 438 0011 BC040000 		.4byte	.LASF110
 439 0015 6D000000 		.4byte	.LASF111
 440 0019 18000000 		.4byte	.Ldebug_ranges0+0x18
 441 001d 00000000 		.4byte	0
 442 0021 00000000 		.4byte	.Ldebug_line0
 443 0025 02       		.uleb128 0x2
ARM GAS  /tmp/ccPwKG9W.s 			page 9


 444 0026 04       		.byte	0x4
 445 0027 05       		.byte	0x5
 446 0028 696E7400 		.ascii	"int\000"
 447 002c 03       		.uleb128 0x3
 448 002d 04       		.byte	0x4
 449 002e 07       		.byte	0x7
 450 002f 83010000 		.4byte	.LASF0
 451 0033 03       		.uleb128 0x3
 452 0034 01       		.byte	0x1
 453 0035 06       		.byte	0x6
 454 0036 CC000000 		.4byte	.LASF1
 455 003a 04       		.uleb128 0x4
 456 003b 1D000000 		.4byte	.LASF5
 457 003f 02       		.byte	0x2
 458 0040 1C       		.byte	0x1c
 459 0041 45000000 		.4byte	0x45
 460 0045 03       		.uleb128 0x3
 461 0046 01       		.byte	0x1
 462 0047 08       		.byte	0x8
 463 0048 FB020000 		.4byte	.LASF2
 464 004c 03       		.uleb128 0x3
 465 004d 02       		.byte	0x2
 466 004e 05       		.byte	0x5
 467 004f 1F030000 		.4byte	.LASF3
 468 0053 03       		.uleb128 0x3
 469 0054 02       		.byte	0x2
 470 0055 07       		.byte	0x7
 471 0056 E0010000 		.4byte	.LASF4
 472 005a 04       		.uleb128 0x4
 473 005b FF040000 		.4byte	.LASF6
 474 005f 02       		.byte	0x2
 475 0060 37       		.byte	0x37
 476 0061 65000000 		.4byte	0x65
 477 0065 03       		.uleb128 0x3
 478 0066 04       		.byte	0x4
 479 0067 05       		.byte	0x5
 480 0068 F2000000 		.4byte	.LASF7
 481 006c 04       		.uleb128 0x4
 482 006d 2C010000 		.4byte	.LASF8
 483 0071 02       		.byte	0x2
 484 0072 38       		.byte	0x38
 485 0073 77000000 		.4byte	0x77
 486 0077 03       		.uleb128 0x3
 487 0078 04       		.byte	0x4
 488 0079 07       		.byte	0x7
 489 007a AB010000 		.4byte	.LASF9
 490 007e 03       		.uleb128 0x3
 491 007f 08       		.byte	0x8
 492 0080 05       		.byte	0x5
 493 0081 BE000000 		.4byte	.LASF10
 494 0085 04       		.uleb128 0x4
 495 0086 AF020000 		.4byte	.LASF11
 496 008a 02       		.byte	0x2
 497 008b 4E       		.byte	0x4e
 498 008c 90000000 		.4byte	0x90
 499 0090 03       		.uleb128 0x3
 500 0091 08       		.byte	0x8
ARM GAS  /tmp/ccPwKG9W.s 			page 10


 501 0092 07       		.byte	0x7
 502 0093 50000000 		.4byte	.LASF12
 503 0097 04       		.uleb128 0x4
 504 0098 50050000 		.4byte	.LASF13
 505 009c 03       		.byte	0x3
 506 009d 2A       		.byte	0x2a
 507 009e 3A000000 		.4byte	0x3a
 508 00a2 04       		.uleb128 0x4
 509 00a3 F3020000 		.4byte	.LASF14
 510 00a7 03       		.byte	0x3
 511 00a8 41       		.byte	0x41
 512 00a9 5A000000 		.4byte	0x5a
 513 00ad 04       		.uleb128 0x4
 514 00ae 96040000 		.4byte	.LASF15
 515 00b2 03       		.byte	0x3
 516 00b3 42       		.byte	0x42
 517 00b4 6C000000 		.4byte	0x6c
 518 00b8 04       		.uleb128 0x4
 519 00b9 14000000 		.4byte	.LASF16
 520 00bd 03       		.byte	0x3
 521 00be 4E       		.byte	0x4e
 522 00bf 85000000 		.4byte	0x85
 523 00c3 03       		.uleb128 0x3
 524 00c4 01       		.byte	0x1
 525 00c5 02       		.byte	0x2
 526 00c6 ED020000 		.4byte	.LASF17
 527 00ca 04       		.uleb128 0x4
 528 00cb 2A020000 		.4byte	.LASF18
 529 00cf 04       		.byte	0x4
 530 00d0 2C       		.byte	0x2c
 531 00d1 97000000 		.4byte	0x97
 532 00d5 04       		.uleb128 0x4
 533 00d6 08010000 		.4byte	.LASF19
 534 00da 04       		.byte	0x4
 535 00db 2D       		.byte	0x2d
 536 00dc 97000000 		.4byte	0x97
 537 00e0 04       		.uleb128 0x4
 538 00e1 C6020000 		.4byte	.LASF20
 539 00e5 04       		.byte	0x4
 540 00e6 2E       		.byte	0x2e
 541 00e7 97000000 		.4byte	0x97
 542 00eb 04       		.uleb128 0x4
 543 00ec E8000000 		.4byte	.LASF21
 544 00f0 04       		.byte	0x4
 545 00f1 2F       		.byte	0x2f
 546 00f2 97000000 		.4byte	0x97
 547 00f6 04       		.uleb128 0x4
 548 00f7 E5020000 		.4byte	.LASF22
 549 00fb 04       		.byte	0x4
 550 00fc 30       		.byte	0x30
 551 00fd AD000000 		.4byte	0xad
 552 0101 04       		.uleb128 0x4
 553 0102 F8010000 		.4byte	.LASF23
 554 0106 04       		.byte	0x4
 555 0107 31       		.byte	0x31
 556 0108 A2000000 		.4byte	0xa2
 557 010c 04       		.uleb128 0x4
ARM GAS  /tmp/ccPwKG9W.s 			page 11


 558 010d 51020000 		.4byte	.LASF24
 559 0111 04       		.byte	0x4
 560 0112 33       		.byte	0x33
 561 0113 AD000000 		.4byte	0xad
 562 0117 04       		.uleb128 0x4
 563 0118 EA040000 		.4byte	.LASF25
 564 011c 04       		.byte	0x4
 565 011d 35       		.byte	0x35
 566 011e AD000000 		.4byte	0xad
 567 0122 04       		.uleb128 0x4
 568 0123 84040000 		.4byte	.LASF26
 569 0127 05       		.byte	0x5
 570 0128 2A       		.byte	0x2a
 571 0129 2D010000 		.4byte	0x12d
 572 012d 05       		.uleb128 0x5
 573 012e 84040000 		.4byte	.LASF26
 574 0132 4C       		.byte	0x4c
 575 0133 06       		.byte	0x6
 576 0134 5E       		.byte	0x5e
 577 0135 36020000 		.4byte	0x236
 578 0139 06       		.uleb128 0x6
 579 013a 56030000 		.4byte	.LASF27
 580 013e 06       		.byte	0x6
 581 013f 5F       		.byte	0x5f
 582 0140 57020000 		.4byte	0x257
 583 0144 00       		.byte	0
 584 0145 06       		.uleb128 0x6
 585 0146 DE020000 		.4byte	.LASF28
 586 014a 06       		.byte	0x6
 587 014b 61       		.byte	0x61
 588 014c 57020000 		.4byte	0x257
 589 0150 04       		.byte	0x4
 590 0151 06       		.uleb128 0x6
 591 0152 B7000000 		.4byte	.LASF29
 592 0156 06       		.byte	0x6
 593 0157 63       		.byte	0x63
 594 0158 F6000000 		.4byte	0xf6
 595 015c 08       		.byte	0x8
 596 015d 06       		.uleb128 0x6
 597 015e 84050000 		.4byte	.LASF30
 598 0162 06       		.byte	0x6
 599 0163 64       		.byte	0x64
 600 0164 2B050000 		.4byte	0x52b
 601 0168 0C       		.byte	0xc
 602 0169 06       		.uleb128 0x6
 603 016a 11010000 		.4byte	.LASF31
 604 016e 06       		.byte	0x6
 605 016f 66       		.byte	0x66
 606 0170 57020000 		.4byte	0x257
 607 0174 10       		.byte	0x10
 608 0175 06       		.uleb128 0x6
 609 0176 82020000 		.4byte	.LASF32
 610 017a 06       		.byte	0x6
 611 017b 67       		.byte	0x67
 612 017c 57020000 		.4byte	0x257
 613 0180 14       		.byte	0x14
 614 0181 06       		.uleb128 0x6
ARM GAS  /tmp/ccPwKG9W.s 			page 12


 615 0182 6A050000 		.4byte	.LASF33
 616 0186 06       		.byte	0x6
 617 0187 6E       		.byte	0x6e
 618 0188 15080000 		.4byte	0x815
 619 018c 18       		.byte	0x18
 620 018d 06       		.uleb128 0x6
 621 018e 78010000 		.4byte	.LASF34
 622 0192 06       		.byte	0x6
 623 0193 74       		.byte	0x74
 624 0194 27080000 		.4byte	0x827
 625 0198 1C       		.byte	0x1c
 626 0199 06       		.uleb128 0x6
 627 019a 29030000 		.4byte	.LASF35
 628 019e 06       		.byte	0x6
 629 019f 79       		.byte	0x79
 630 01a0 D5000000 		.4byte	0xd5
 631 01a4 20       		.byte	0x20
 632 01a5 06       		.uleb128 0x6
 633 01a6 63030000 		.4byte	.LASF36
 634 01aa 06       		.byte	0x6
 635 01ab 7D       		.byte	0x7d
 636 01ac CA000000 		.4byte	0xca
 637 01b0 21       		.byte	0x21
 638 01b1 06       		.uleb128 0x6
 639 01b2 34050000 		.4byte	.LASF37
 640 01b6 06       		.byte	0x6
 641 01b7 82       		.byte	0x82
 642 01b8 E0000000 		.4byte	0xe0
 643 01bc 22       		.byte	0x22
 644 01bd 06       		.uleb128 0x6
 645 01be 39030000 		.4byte	.LASF38
 646 01c2 06       		.byte	0x6
 647 01c3 88       		.byte	0x88
 648 01c4 EB000000 		.4byte	0xeb
 649 01c8 23       		.byte	0x23
 650 01c9 06       		.uleb128 0x6
 651 01ca 16050000 		.4byte	.LASF39
 652 01ce 06       		.byte	0x6
 653 01cf 8F       		.byte	0x8f
 654 01d0 3D070000 		.4byte	0x73d
 655 01d4 24       		.byte	0x24
 656 01d5 07       		.uleb128 0x7
 657 01d6 705F7500 		.ascii	"p_u\000"
 658 01da 06       		.byte	0x6
 659 01db B4       		.byte	0xb4
 660 01dc E0070000 		.4byte	0x7e0
 661 01e0 28       		.byte	0x28
 662 01e1 06       		.uleb128 0x6
 663 01e2 8A050000 		.4byte	.LASF40
 664 01e6 06       		.byte	0x6
 665 01e7 B9       		.byte	0xb9
 666 01e8 7D020000 		.4byte	0x27d
 667 01ec 2C       		.byte	0x2c
 668 01ed 06       		.uleb128 0x6
 669 01ee 29050000 		.4byte	.LASF41
 670 01f2 06       		.byte	0x6
 671 01f3 BF       		.byte	0xbf
ARM GAS  /tmp/ccPwKG9W.s 			page 13


 672 01f4 5D020000 		.4byte	0x25d
 673 01f8 30       		.byte	0x30
 674 01f9 06       		.uleb128 0x6
 675 01fa 00000000 		.4byte	.LASF42
 676 01fe 06       		.byte	0x6
 677 01ff C3       		.byte	0xc3
 678 0200 01010000 		.4byte	0x101
 679 0204 38       		.byte	0x38
 680 0205 06       		.uleb128 0x6
 681 0206 8B040000 		.4byte	.LASF43
 682 020a 06       		.byte	0x6
 683 020b C9       		.byte	0xc9
 684 020c 0C010000 		.4byte	0x10c
 685 0210 3C       		.byte	0x3c
 686 0211 06       		.uleb128 0x6
 687 0212 15030000 		.4byte	.LASF44
 688 0216 06       		.byte	0x6
 689 0217 D0       		.byte	0xd0
 690 0218 2D080000 		.4byte	0x82d
 691 021c 40       		.byte	0x40
 692 021d 06       		.uleb128 0x6
 693 021e F4040000 		.4byte	.LASF45
 694 0222 06       		.byte	0x6
 695 0223 D4       		.byte	0xd4
 696 0224 F6000000 		.4byte	0xf6
 697 0228 44       		.byte	0x44
 698 0229 06       		.uleb128 0x6
 699 022a D8000000 		.4byte	.LASF46
 700 022e 06       		.byte	0x6
 701 022f DA       		.byte	0xda
 702 0230 93020000 		.4byte	0x293
 703 0234 48       		.byte	0x48
 704 0235 00       		.byte	0
 705 0236 08       		.uleb128 0x8
 706 0237 08       		.byte	0x8
 707 0238 05       		.byte	0x5
 708 0239 61       		.byte	0x61
 709 023a 57020000 		.4byte	0x257
 710 023e 06       		.uleb128 0x6
 711 023f 56030000 		.4byte	.LASF27
 712 0243 05       		.byte	0x5
 713 0244 62       		.byte	0x62
 714 0245 57020000 		.4byte	0x257
 715 0249 00       		.byte	0
 716 024a 06       		.uleb128 0x6
 717 024b DE020000 		.4byte	.LASF28
 718 024f 05       		.byte	0x5
 719 0250 64       		.byte	0x64
 720 0251 57020000 		.4byte	0x257
 721 0255 04       		.byte	0x4
 722 0256 00       		.byte	0
 723 0257 09       		.uleb128 0x9
 724 0258 04       		.byte	0x4
 725 0259 22010000 		.4byte	0x122
 726 025d 04       		.uleb128 0x4
 727 025e 90020000 		.4byte	.LASF47
 728 0262 05       		.byte	0x5
ARM GAS  /tmp/ccPwKG9W.s 			page 14


 729 0263 66       		.byte	0x66
 730 0264 36020000 		.4byte	0x236
 731 0268 08       		.uleb128 0x8
 732 0269 04       		.byte	0x4
 733 026a 05       		.byte	0x5
 734 026b 6B       		.byte	0x6b
 735 026c 7D020000 		.4byte	0x27d
 736 0270 06       		.uleb128 0x6
 737 0271 56030000 		.4byte	.LASF27
 738 0275 05       		.byte	0x5
 739 0276 6D       		.byte	0x6d
 740 0277 57020000 		.4byte	0x257
 741 027b 00       		.byte	0
 742 027c 00       		.byte	0
 743 027d 04       		.uleb128 0x4
 744 027e 45020000 		.4byte	.LASF48
 745 0282 05       		.byte	0x5
 746 0283 70       		.byte	0x70
 747 0284 68020000 		.4byte	0x268
 748 0288 04       		.uleb128 0x4
 749 0289 54010000 		.4byte	.LASF49
 750 028d 07       		.byte	0x7
 751 028e E5       		.byte	0xe5
 752 028f 93020000 		.4byte	0x293
 753 0293 0A       		.uleb128 0xa
 754 0294 04       		.byte	0x4
 755 0295 04       		.uleb128 0x4
 756 0296 63020000 		.4byte	.LASF50
 757 029a 07       		.byte	0x7
 758 029b EB       		.byte	0xeb
 759 029c B8000000 		.4byte	0xb8
 760 02a0 05       		.uleb128 0x5
 761 02a1 97010000 		.4byte	.LASF51
 762 02a5 68       		.byte	0x68
 763 02a6 07       		.byte	0x7
 764 02a7 ED       		.byte	0xed
 765 02a8 DF030000 		.4byte	0x3df
 766 02ac 07       		.uleb128 0x7
 767 02ad 723000   		.ascii	"r0\000"
 768 02b0 07       		.byte	0x7
 769 02b1 EE       		.byte	0xee
 770 02b2 88020000 		.4byte	0x288
 771 02b6 00       		.byte	0
 772 02b7 07       		.uleb128 0x7
 773 02b8 723100   		.ascii	"r1\000"
 774 02bb 07       		.byte	0x7
 775 02bc EF       		.byte	0xef
 776 02bd 88020000 		.4byte	0x288
 777 02c1 04       		.byte	0x4
 778 02c2 07       		.uleb128 0x7
 779 02c3 723200   		.ascii	"r2\000"
 780 02c6 07       		.byte	0x7
 781 02c7 F0       		.byte	0xf0
 782 02c8 88020000 		.4byte	0x288
 783 02cc 08       		.byte	0x8
 784 02cd 07       		.uleb128 0x7
 785 02ce 723300   		.ascii	"r3\000"
ARM GAS  /tmp/ccPwKG9W.s 			page 15


 786 02d1 07       		.byte	0x7
 787 02d2 F1       		.byte	0xf1
 788 02d3 88020000 		.4byte	0x288
 789 02d7 0C       		.byte	0xc
 790 02d8 07       		.uleb128 0x7
 791 02d9 72313200 		.ascii	"r12\000"
 792 02dd 07       		.byte	0x7
 793 02de F2       		.byte	0xf2
 794 02df 88020000 		.4byte	0x288
 795 02e3 10       		.byte	0x10
 796 02e4 06       		.uleb128 0x6
 797 02e5 90010000 		.4byte	.LASF52
 798 02e9 07       		.byte	0x7
 799 02ea F3       		.byte	0xf3
 800 02eb 88020000 		.4byte	0x288
 801 02ef 14       		.byte	0x14
 802 02f0 07       		.uleb128 0x7
 803 02f1 706300   		.ascii	"pc\000"
 804 02f4 07       		.byte	0x7
 805 02f5 F4       		.byte	0xf4
 806 02f6 88020000 		.4byte	0x288
 807 02fa 18       		.byte	0x18
 808 02fb 06       		.uleb128 0x6
 809 02fc 43030000 		.4byte	.LASF53
 810 0300 07       		.byte	0x7
 811 0301 F5       		.byte	0xf5
 812 0302 88020000 		.4byte	0x288
 813 0306 1C       		.byte	0x1c
 814 0307 07       		.uleb128 0x7
 815 0308 733000   		.ascii	"s0\000"
 816 030b 07       		.byte	0x7
 817 030c F7       		.byte	0xf7
 818 030d 88020000 		.4byte	0x288
 819 0311 20       		.byte	0x20
 820 0312 07       		.uleb128 0x7
 821 0313 733100   		.ascii	"s1\000"
 822 0316 07       		.byte	0x7
 823 0317 F8       		.byte	0xf8
 824 0318 88020000 		.4byte	0x288
 825 031c 24       		.byte	0x24
 826 031d 07       		.uleb128 0x7
 827 031e 733200   		.ascii	"s2\000"
 828 0321 07       		.byte	0x7
 829 0322 F9       		.byte	0xf9
 830 0323 88020000 		.4byte	0x288
 831 0327 28       		.byte	0x28
 832 0328 07       		.uleb128 0x7
 833 0329 733300   		.ascii	"s3\000"
 834 032c 07       		.byte	0x7
 835 032d FA       		.byte	0xfa
 836 032e 88020000 		.4byte	0x288
 837 0332 2C       		.byte	0x2c
 838 0333 07       		.uleb128 0x7
 839 0334 733400   		.ascii	"s4\000"
 840 0337 07       		.byte	0x7
 841 0338 FB       		.byte	0xfb
 842 0339 88020000 		.4byte	0x288
ARM GAS  /tmp/ccPwKG9W.s 			page 16


 843 033d 30       		.byte	0x30
 844 033e 07       		.uleb128 0x7
 845 033f 733500   		.ascii	"s5\000"
 846 0342 07       		.byte	0x7
 847 0343 FC       		.byte	0xfc
 848 0344 88020000 		.4byte	0x288
 849 0348 34       		.byte	0x34
 850 0349 07       		.uleb128 0x7
 851 034a 733600   		.ascii	"s6\000"
 852 034d 07       		.byte	0x7
 853 034e FD       		.byte	0xfd
 854 034f 88020000 		.4byte	0x288
 855 0353 38       		.byte	0x38
 856 0354 07       		.uleb128 0x7
 857 0355 733700   		.ascii	"s7\000"
 858 0358 07       		.byte	0x7
 859 0359 FE       		.byte	0xfe
 860 035a 88020000 		.4byte	0x288
 861 035e 3C       		.byte	0x3c
 862 035f 07       		.uleb128 0x7
 863 0360 733800   		.ascii	"s8\000"
 864 0363 07       		.byte	0x7
 865 0364 FF       		.byte	0xff
 866 0365 88020000 		.4byte	0x288
 867 0369 40       		.byte	0x40
 868 036a 0B       		.uleb128 0xb
 869 036b 733900   		.ascii	"s9\000"
 870 036e 07       		.byte	0x7
 871 036f 0001     		.2byte	0x100
 872 0371 88020000 		.4byte	0x288
 873 0375 44       		.byte	0x44
 874 0376 0B       		.uleb128 0xb
 875 0377 73313000 		.ascii	"s10\000"
 876 037b 07       		.byte	0x7
 877 037c 0101     		.2byte	0x101
 878 037e 88020000 		.4byte	0x288
 879 0382 48       		.byte	0x48
 880 0383 0B       		.uleb128 0xb
 881 0384 73313100 		.ascii	"s11\000"
 882 0388 07       		.byte	0x7
 883 0389 0201     		.2byte	0x102
 884 038b 88020000 		.4byte	0x288
 885 038f 4C       		.byte	0x4c
 886 0390 0B       		.uleb128 0xb
 887 0391 73313200 		.ascii	"s12\000"
 888 0395 07       		.byte	0x7
 889 0396 0301     		.2byte	0x103
 890 0398 88020000 		.4byte	0x288
 891 039c 50       		.byte	0x50
 892 039d 0B       		.uleb128 0xb
 893 039e 73313300 		.ascii	"s13\000"
 894 03a2 07       		.byte	0x7
 895 03a3 0401     		.2byte	0x104
 896 03a5 88020000 		.4byte	0x288
 897 03a9 54       		.byte	0x54
 898 03aa 0B       		.uleb128 0xb
 899 03ab 73313400 		.ascii	"s14\000"
ARM GAS  /tmp/ccPwKG9W.s 			page 17


 900 03af 07       		.byte	0x7
 901 03b0 0501     		.2byte	0x105
 902 03b2 88020000 		.4byte	0x288
 903 03b6 58       		.byte	0x58
 904 03b7 0B       		.uleb128 0xb
 905 03b8 73313500 		.ascii	"s15\000"
 906 03bc 07       		.byte	0x7
 907 03bd 0601     		.2byte	0x106
 908 03bf 88020000 		.4byte	0x288
 909 03c3 5C       		.byte	0x5c
 910 03c4 0C       		.uleb128 0xc
 911 03c5 5D030000 		.4byte	.LASF54
 912 03c9 07       		.byte	0x7
 913 03ca 0701     		.2byte	0x107
 914 03cc 88020000 		.4byte	0x288
 915 03d0 60       		.byte	0x60
 916 03d1 0C       		.uleb128 0xc
 917 03d2 6F010000 		.4byte	.LASF55
 918 03d6 07       		.byte	0x7
 919 03d7 0801     		.2byte	0x108
 920 03d9 88020000 		.4byte	0x288
 921 03dd 64       		.byte	0x64
 922 03de 00       		.byte	0
 923 03df 0D       		.uleb128 0xd
 924 03e0 22050000 		.4byte	.LASF56
 925 03e4 64       		.byte	0x64
 926 03e5 07       		.byte	0x7
 927 03e6 0C01     		.2byte	0x10c
 928 03e8 2B050000 		.4byte	0x52b
 929 03ec 0B       		.uleb128 0xb
 930 03ed 73313600 		.ascii	"s16\000"
 931 03f1 07       		.byte	0x7
 932 03f2 0E01     		.2byte	0x10e
 933 03f4 88020000 		.4byte	0x288
 934 03f8 00       		.byte	0
 935 03f9 0B       		.uleb128 0xb
 936 03fa 73313700 		.ascii	"s17\000"
 937 03fe 07       		.byte	0x7
 938 03ff 0F01     		.2byte	0x10f
 939 0401 88020000 		.4byte	0x288
 940 0405 04       		.byte	0x4
 941 0406 0B       		.uleb128 0xb
 942 0407 73313800 		.ascii	"s18\000"
 943 040b 07       		.byte	0x7
 944 040c 1001     		.2byte	0x110
 945 040e 88020000 		.4byte	0x288
 946 0412 08       		.byte	0x8
 947 0413 0B       		.uleb128 0xb
 948 0414 73313900 		.ascii	"s19\000"
 949 0418 07       		.byte	0x7
 950 0419 1101     		.2byte	0x111
 951 041b 88020000 		.4byte	0x288
 952 041f 0C       		.byte	0xc
 953 0420 0B       		.uleb128 0xb
 954 0421 73323000 		.ascii	"s20\000"
 955 0425 07       		.byte	0x7
 956 0426 1201     		.2byte	0x112
ARM GAS  /tmp/ccPwKG9W.s 			page 18


 957 0428 88020000 		.4byte	0x288
 958 042c 10       		.byte	0x10
 959 042d 0B       		.uleb128 0xb
 960 042e 73323100 		.ascii	"s21\000"
 961 0432 07       		.byte	0x7
 962 0433 1301     		.2byte	0x113
 963 0435 88020000 		.4byte	0x288
 964 0439 14       		.byte	0x14
 965 043a 0B       		.uleb128 0xb
 966 043b 73323200 		.ascii	"s22\000"
 967 043f 07       		.byte	0x7
 968 0440 1401     		.2byte	0x114
 969 0442 88020000 		.4byte	0x288
 970 0446 18       		.byte	0x18
 971 0447 0B       		.uleb128 0xb
 972 0448 73323300 		.ascii	"s23\000"
 973 044c 07       		.byte	0x7
 974 044d 1501     		.2byte	0x115
 975 044f 88020000 		.4byte	0x288
 976 0453 1C       		.byte	0x1c
 977 0454 0B       		.uleb128 0xb
 978 0455 73323400 		.ascii	"s24\000"
 979 0459 07       		.byte	0x7
 980 045a 1601     		.2byte	0x116
 981 045c 88020000 		.4byte	0x288
 982 0460 20       		.byte	0x20
 983 0461 0B       		.uleb128 0xb
 984 0462 73323500 		.ascii	"s25\000"
 985 0466 07       		.byte	0x7
 986 0467 1701     		.2byte	0x117
 987 0469 88020000 		.4byte	0x288
 988 046d 24       		.byte	0x24
 989 046e 0B       		.uleb128 0xb
 990 046f 73323600 		.ascii	"s26\000"
 991 0473 07       		.byte	0x7
 992 0474 1801     		.2byte	0x118
 993 0476 88020000 		.4byte	0x288
 994 047a 28       		.byte	0x28
 995 047b 0B       		.uleb128 0xb
 996 047c 73323700 		.ascii	"s27\000"
 997 0480 07       		.byte	0x7
 998 0481 1901     		.2byte	0x119
 999 0483 88020000 		.4byte	0x288
 1000 0487 2C       		.byte	0x2c
 1001 0488 0B       		.uleb128 0xb
 1002 0489 73323800 		.ascii	"s28\000"
 1003 048d 07       		.byte	0x7
 1004 048e 1A01     		.2byte	0x11a
 1005 0490 88020000 		.4byte	0x288
 1006 0494 30       		.byte	0x30
 1007 0495 0B       		.uleb128 0xb
 1008 0496 73323900 		.ascii	"s29\000"
 1009 049a 07       		.byte	0x7
 1010 049b 1B01     		.2byte	0x11b
 1011 049d 88020000 		.4byte	0x288
 1012 04a1 34       		.byte	0x34
 1013 04a2 0B       		.uleb128 0xb
ARM GAS  /tmp/ccPwKG9W.s 			page 19


 1014 04a3 73333000 		.ascii	"s30\000"
 1015 04a7 07       		.byte	0x7
 1016 04a8 1C01     		.2byte	0x11c
 1017 04aa 88020000 		.4byte	0x288
 1018 04ae 38       		.byte	0x38
 1019 04af 0B       		.uleb128 0xb
 1020 04b0 73333100 		.ascii	"s31\000"
 1021 04b4 07       		.byte	0x7
 1022 04b5 1D01     		.2byte	0x11d
 1023 04b7 88020000 		.4byte	0x288
 1024 04bb 3C       		.byte	0x3c
 1025 04bc 0B       		.uleb128 0xb
 1026 04bd 723400   		.ascii	"r4\000"
 1027 04c0 07       		.byte	0x7
 1028 04c1 1F01     		.2byte	0x11f
 1029 04c3 88020000 		.4byte	0x288
 1030 04c7 40       		.byte	0x40
 1031 04c8 0B       		.uleb128 0xb
 1032 04c9 723500   		.ascii	"r5\000"
 1033 04cc 07       		.byte	0x7
 1034 04cd 2001     		.2byte	0x120
 1035 04cf 88020000 		.4byte	0x288
 1036 04d3 44       		.byte	0x44
 1037 04d4 0B       		.uleb128 0xb
 1038 04d5 723600   		.ascii	"r6\000"
 1039 04d8 07       		.byte	0x7
 1040 04d9 2101     		.2byte	0x121
 1041 04db 88020000 		.4byte	0x288
 1042 04df 48       		.byte	0x48
 1043 04e0 0B       		.uleb128 0xb
 1044 04e1 723700   		.ascii	"r7\000"
 1045 04e4 07       		.byte	0x7
 1046 04e5 2201     		.2byte	0x122
 1047 04e7 88020000 		.4byte	0x288
 1048 04eb 4C       		.byte	0x4c
 1049 04ec 0B       		.uleb128 0xb
 1050 04ed 723800   		.ascii	"r8\000"
 1051 04f0 07       		.byte	0x7
 1052 04f1 2301     		.2byte	0x123
 1053 04f3 88020000 		.4byte	0x288
 1054 04f7 50       		.byte	0x50
 1055 04f8 0B       		.uleb128 0xb
 1056 04f9 723900   		.ascii	"r9\000"
 1057 04fc 07       		.byte	0x7
 1058 04fd 2401     		.2byte	0x124
 1059 04ff 88020000 		.4byte	0x288
 1060 0503 54       		.byte	0x54
 1061 0504 0B       		.uleb128 0xb
 1062 0505 72313000 		.ascii	"r10\000"
 1063 0509 07       		.byte	0x7
 1064 050a 2501     		.2byte	0x125
 1065 050c 88020000 		.4byte	0x288
 1066 0510 58       		.byte	0x58
 1067 0511 0B       		.uleb128 0xb
 1068 0512 72313100 		.ascii	"r11\000"
 1069 0516 07       		.byte	0x7
 1070 0517 2601     		.2byte	0x126
ARM GAS  /tmp/ccPwKG9W.s 			page 20


 1071 0519 88020000 		.4byte	0x288
 1072 051d 5C       		.byte	0x5c
 1073 051e 0B       		.uleb128 0xb
 1074 051f 6C7200   		.ascii	"lr\000"
 1075 0522 07       		.byte	0x7
 1076 0523 2701     		.2byte	0x127
 1077 0525 88020000 		.4byte	0x288
 1078 0529 60       		.byte	0x60
 1079 052a 00       		.byte	0
 1080 052b 0D       		.uleb128 0xd
 1081 052c D8010000 		.4byte	.LASF57
 1082 0530 04       		.byte	0x4
 1083 0531 07       		.byte	0x7
 1084 0532 3101     		.2byte	0x131
 1085 0534 46050000 		.4byte	0x546
 1086 0538 0B       		.uleb128 0xb
 1087 0539 72313300 		.ascii	"r13\000"
 1088 053d 07       		.byte	0x7
 1089 053e 3201     		.2byte	0x132
 1090 0540 46050000 		.4byte	0x546
 1091 0544 00       		.byte	0
 1092 0545 00       		.byte	0
 1093 0546 09       		.uleb128 0x9
 1094 0547 04       		.byte	0x4
 1095 0548 DF030000 		.4byte	0x3df
 1096 054c 04       		.uleb128 0x4
 1097 054d B4040000 		.4byte	.LASF58
 1098 0551 08       		.byte	0x8
 1099 0552 3A       		.byte	0x3a
 1100 0553 57050000 		.4byte	0x557
 1101 0557 0E       		.uleb128 0xe
 1102 0558 AD000000 		.4byte	0xad
 1103 055c 03       		.uleb128 0x3
 1104 055d 04       		.byte	0x4
 1105 055e 07       		.byte	0x7
 1106 055f 74020000 		.4byte	.LASF59
 1107 0563 08       		.uleb128 0x8
 1108 0564 8C       		.byte	0x8c
 1109 0565 08       		.byte	0x8
 1110 0566 89       		.byte	0x89
 1111 0567 68060000 		.4byte	0x668
 1112 056b 06       		.uleb128 0x6
 1113 056c 67000000 		.4byte	.LASF60
 1114 0570 08       		.byte	0x8
 1115 0571 8A       		.byte	0x8a
 1116 0572 4C050000 		.4byte	0x54c
 1117 0576 00       		.byte	0
 1118 0577 06       		.uleb128 0x6
 1119 0578 F3010000 		.4byte	.LASF61
 1120 057c 08       		.byte	0x8
 1121 057d 8B       		.byte	0x8b
 1122 057e 4C050000 		.4byte	0x54c
 1123 0582 04       		.byte	0x4
 1124 0583 06       		.uleb128 0x6
 1125 0584 BD010000 		.4byte	.LASF62
 1126 0588 08       		.byte	0x8
 1127 0589 8C       		.byte	0x8c
ARM GAS  /tmp/ccPwKG9W.s 			page 21


 1128 058a 4C050000 		.4byte	0x54c
 1129 058e 08       		.byte	0x8
 1130 058f 06       		.uleb128 0x6
 1131 0590 FE010000 		.4byte	.LASF63
 1132 0594 08       		.byte	0x8
 1133 0595 8D       		.byte	0x8d
 1134 0596 4C050000 		.4byte	0x54c
 1135 059a 0C       		.byte	0xc
 1136 059b 07       		.uleb128 0x7
 1137 059c 53435200 		.ascii	"SCR\000"
 1138 05a0 08       		.byte	0x8
 1139 05a1 8E       		.byte	0x8e
 1140 05a2 4C050000 		.4byte	0x54c
 1141 05a6 10       		.byte	0x10
 1142 05a7 07       		.uleb128 0x7
 1143 05a8 43435200 		.ascii	"CCR\000"
 1144 05ac 08       		.byte	0x8
 1145 05ad 8F       		.byte	0x8f
 1146 05ae 4C050000 		.4byte	0x54c
 1147 05b2 14       		.byte	0x14
 1148 05b3 06       		.uleb128 0x6
 1149 05b4 1D050000 		.4byte	.LASF64
 1150 05b8 08       		.byte	0x8
 1151 05b9 90       		.byte	0x90
 1152 05ba 78060000 		.4byte	0x678
 1153 05be 18       		.byte	0x18
 1154 05bf 06       		.uleb128 0x6
 1155 05c0 09030000 		.4byte	.LASF65
 1156 05c4 08       		.byte	0x8
 1157 05c5 91       		.byte	0x91
 1158 05c6 4C050000 		.4byte	0x54c
 1159 05ca 24       		.byte	0x24
 1160 05cb 06       		.uleb128 0x6
 1161 05cc 7D020000 		.4byte	.LASF66
 1162 05d0 08       		.byte	0x8
 1163 05d1 92       		.byte	0x92
 1164 05d2 4C050000 		.4byte	0x54c
 1165 05d6 28       		.byte	0x28
 1166 05d7 06       		.uleb128 0x6
 1167 05d8 77050000 		.4byte	.LASF67
 1168 05dc 08       		.byte	0x8
 1169 05dd 93       		.byte	0x93
 1170 05de 4C050000 		.4byte	0x54c
 1171 05e2 2C       		.byte	0x2c
 1172 05e3 06       		.uleb128 0x6
 1173 05e4 04020000 		.4byte	.LASF68
 1174 05e8 08       		.byte	0x8
 1175 05e9 94       		.byte	0x94
 1176 05ea 4C050000 		.4byte	0x54c
 1177 05ee 30       		.byte	0x30
 1178 05ef 06       		.uleb128 0x6
 1179 05f0 11020000 		.4byte	.LASF69
 1180 05f4 08       		.byte	0x8
 1181 05f5 95       		.byte	0x95
 1182 05f6 4C050000 		.4byte	0x54c
 1183 05fa 34       		.byte	0x34
 1184 05fb 06       		.uleb128 0x6
ARM GAS  /tmp/ccPwKG9W.s 			page 22


 1185 05fc 19010000 		.4byte	.LASF70
 1186 0600 08       		.byte	0x8
 1187 0601 96       		.byte	0x96
 1188 0602 4C050000 		.4byte	0x54c
 1189 0606 38       		.byte	0x38
 1190 0607 06       		.uleb128 0x6
 1191 0608 27010000 		.4byte	.LASF71
 1192 060c 08       		.byte	0x8
 1193 060d 97       		.byte	0x97
 1194 060e 4C050000 		.4byte	0x54c
 1195 0612 3C       		.byte	0x3c
 1196 0613 07       		.uleb128 0x7
 1197 0614 50465200 		.ascii	"PFR\000"
 1198 0618 08       		.byte	0x8
 1199 0619 98       		.byte	0x98
 1200 061a 8D060000 		.4byte	0x68d
 1201 061e 40       		.byte	0x40
 1202 061f 07       		.uleb128 0x7
 1203 0620 44465200 		.ascii	"DFR\000"
 1204 0624 08       		.byte	0x8
 1205 0625 99       		.byte	0x99
 1206 0626 4C050000 		.4byte	0x54c
 1207 062a 48       		.byte	0x48
 1208 062b 07       		.uleb128 0x7
 1209 062c 41445200 		.ascii	"ADR\000"
 1210 0630 08       		.byte	0x8
 1211 0631 9A       		.byte	0x9a
 1212 0632 4C050000 		.4byte	0x54c
 1213 0636 4C       		.byte	0x4c
 1214 0637 06       		.uleb128 0x6
 1215 0638 45050000 		.4byte	.LASF72
 1216 063c 08       		.byte	0x8
 1217 063d 9B       		.byte	0x9b
 1218 063e A2060000 		.4byte	0x6a2
 1219 0642 50       		.byte	0x50
 1220 0643 07       		.uleb128 0x7
 1221 0644 53415200 		.ascii	"SAR\000"
 1222 0648 08       		.byte	0x8
 1223 0649 9C       		.byte	0x9c
 1224 064a B7060000 		.4byte	0x6b7
 1225 064e 60       		.byte	0x60
 1226 064f 06       		.uleb128 0x6
 1227 0650 A7040000 		.4byte	.LASF73
 1228 0654 08       		.byte	0x8
 1229 0655 9D       		.byte	0x9d
 1230 0656 BC060000 		.4byte	0x6bc
 1231 065a 74       		.byte	0x74
 1232 065b 06       		.uleb128 0x6
 1233 065c 71050000 		.4byte	.LASF74
 1234 0660 08       		.byte	0x8
 1235 0661 9E       		.byte	0x9e
 1236 0662 4C050000 		.4byte	0x54c
 1237 0666 88       		.byte	0x88
 1238 0667 00       		.byte	0
 1239 0668 0F       		.uleb128 0xf
 1240 0669 4C050000 		.4byte	0x54c
 1241 066d 78060000 		.4byte	0x678
ARM GAS  /tmp/ccPwKG9W.s 			page 23


 1242 0671 10       		.uleb128 0x10
 1243 0672 5C050000 		.4byte	0x55c
 1244 0676 02       		.byte	0x2
 1245 0677 00       		.byte	0
 1246 0678 0E       		.uleb128 0xe
 1247 0679 68060000 		.4byte	0x668
 1248 067d 0F       		.uleb128 0xf
 1249 067e 4C050000 		.4byte	0x54c
 1250 0682 8D060000 		.4byte	0x68d
 1251 0686 10       		.uleb128 0x10
 1252 0687 5C050000 		.4byte	0x55c
 1253 068b 01       		.byte	0x1
 1254 068c 00       		.byte	0
 1255 068d 0E       		.uleb128 0xe
 1256 068e 7D060000 		.4byte	0x67d
 1257 0692 0F       		.uleb128 0xf
 1258 0693 4C050000 		.4byte	0x54c
 1259 0697 A2060000 		.4byte	0x6a2
 1260 069b 10       		.uleb128 0x10
 1261 069c 5C050000 		.4byte	0x55c
 1262 06a0 03       		.byte	0x3
 1263 06a1 00       		.byte	0
 1264 06a2 0E       		.uleb128 0xe
 1265 06a3 92060000 		.4byte	0x692
 1266 06a7 0F       		.uleb128 0xf
 1267 06a8 4C050000 		.4byte	0x54c
 1268 06ac B7060000 		.4byte	0x6b7
 1269 06b0 10       		.uleb128 0x10
 1270 06b1 5C050000 		.4byte	0x55c
 1271 06b5 04       		.byte	0x4
 1272 06b6 00       		.byte	0
 1273 06b7 0E       		.uleb128 0xe
 1274 06b8 A7060000 		.4byte	0x6a7
 1275 06bc 0E       		.uleb128 0xe
 1276 06bd A7060000 		.4byte	0x6a7
 1277 06c1 04       		.uleb128 0x4
 1278 06c2 27000000 		.4byte	.LASF75
 1279 06c6 08       		.byte	0x8
 1280 06c7 9F       		.byte	0x9f
 1281 06c8 63050000 		.4byte	0x563
 1282 06cc 08       		.uleb128 0x8
 1283 06cd 18       		.byte	0x18
 1284 06ce 08       		.byte	0x8
 1285 06cf CC       		.byte	0xcc
 1286 06d0 1D070000 		.4byte	0x71d
 1287 06d4 06       		.uleb128 0x6
 1288 06d5 A7040000 		.4byte	.LASF73
 1289 06d9 08       		.byte	0x8
 1290 06da CD       		.byte	0xcd
 1291 06db 2D070000 		.4byte	0x72d
 1292 06df 00       		.byte	0
 1293 06e0 06       		.uleb128 0x6
 1294 06e1 6E020000 		.4byte	.LASF76
 1295 06e5 08       		.byte	0x8
 1296 06e6 CE       		.byte	0xce
 1297 06e7 4C050000 		.4byte	0x54c
 1298 06eb 04       		.byte	0x4
ARM GAS  /tmp/ccPwKG9W.s 			page 24


 1299 06ec 06       		.uleb128 0x6
 1300 06ed 0F030000 		.4byte	.LASF77
 1301 06f1 08       		.byte	0x8
 1302 06f2 CF       		.byte	0xcf
 1303 06f3 4C050000 		.4byte	0x54c
 1304 06f7 08       		.byte	0x8
 1305 06f8 06       		.uleb128 0x6
 1306 06f9 0D000000 		.4byte	.LASF78
 1307 06fd 08       		.byte	0x8
 1308 06fe D0       		.byte	0xd0
 1309 06ff 4C050000 		.4byte	0x54c
 1310 0703 0C       		.byte	0xc
 1311 0704 06       		.uleb128 0x6
 1312 0705 BA020000 		.4byte	.LASF79
 1313 0709 08       		.byte	0x8
 1314 070a D1       		.byte	0xd1
 1315 070b 4C050000 		.4byte	0x54c
 1316 070f 10       		.byte	0x10
 1317 0710 06       		.uleb128 0x6
 1318 0711 C0020000 		.4byte	.LASF80
 1319 0715 08       		.byte	0x8
 1320 0716 D2       		.byte	0xd2
 1321 0717 4C050000 		.4byte	0x54c
 1322 071b 14       		.byte	0x14
 1323 071c 00       		.byte	0
 1324 071d 0F       		.uleb128 0xf
 1325 071e 4C050000 		.4byte	0x54c
 1326 0722 2D070000 		.4byte	0x72d
 1327 0726 10       		.uleb128 0x10
 1328 0727 5C050000 		.4byte	0x55c
 1329 072b 00       		.byte	0
 1330 072c 00       		.byte	0
 1331 072d 0E       		.uleb128 0xe
 1332 072e 1D070000 		.4byte	0x71d
 1333 0732 04       		.uleb128 0x4
 1334 0733 31030000 		.4byte	.LASF81
 1335 0737 08       		.byte	0x8
 1336 0738 D3       		.byte	0xd3
 1337 0739 CC060000 		.4byte	0x6cc
 1338 073d 0E       		.uleb128 0xe
 1339 073e 17010000 		.4byte	0x117
 1340 0742 08       		.uleb128 0x8
 1341 0743 1C       		.byte	0x1c
 1342 0744 09       		.byte	0x9
 1343 0745 5E       		.byte	0x5e
 1344 0746 93070000 		.4byte	0x793
 1345 074a 06       		.uleb128 0x6
 1346 074b 9F040000 		.4byte	.LASF82
 1347 074f 09       		.byte	0x9
 1348 0750 5F       		.byte	0x5f
 1349 0751 5D020000 		.4byte	0x25d
 1350 0755 00       		.byte	0
 1351 0756 06       		.uleb128 0x6
 1352 0757 48030000 		.4byte	.LASF83
 1353 075b 09       		.byte	0x9
 1354 075c 60       		.byte	0x60
 1355 075d F6000000 		.4byte	0xf6
ARM GAS  /tmp/ccPwKG9W.s 			page 25


 1356 0761 08       		.byte	0x8
 1357 0762 06       		.uleb128 0x6
 1358 0763 8A020000 		.4byte	.LASF84
 1359 0767 09       		.byte	0x9
 1360 0768 62       		.byte	0x62
 1361 0769 2B050000 		.4byte	0x52b
 1362 076d 0C       		.byte	0xc
 1363 076e 06       		.uleb128 0x6
 1364 076f 09020000 		.4byte	.LASF85
 1365 0773 09       		.byte	0x9
 1366 0774 65       		.byte	0x65
 1367 0775 57020000 		.4byte	0x257
 1368 0779 10       		.byte	0x10
 1369 077a 06       		.uleb128 0x6
 1370 077b A7020000 		.4byte	.LASF86
 1371 077f 09       		.byte	0x9
 1372 0780 66       		.byte	0x66
 1373 0781 57020000 		.4byte	0x257
 1374 0785 14       		.byte	0x14
 1375 0786 06       		.uleb128 0x6
 1376 0787 9D020000 		.4byte	.LASF87
 1377 078b 09       		.byte	0x9
 1378 078c 69       		.byte	0x69
 1379 078d 57020000 		.4byte	0x257
 1380 0791 18       		.byte	0x18
 1381 0792 00       		.byte	0
 1382 0793 04       		.uleb128 0x4
 1383 0794 3B050000 		.4byte	.LASF88
 1384 0798 09       		.byte	0x9
 1385 0799 6B       		.byte	0x6b
 1386 079a 42070000 		.4byte	0x742
 1387 079e 05       		.uleb128 0x5
 1388 079f 5D020000 		.4byte	.LASF89
 1389 07a3 10       		.byte	0x10
 1390 07a4 0A       		.byte	0xa
 1391 07a5 2C       		.byte	0x2c
 1392 07a6 CF070000 		.4byte	0x7cf
 1393 07aa 06       		.uleb128 0x6
 1394 07ab E0000000 		.4byte	.LASF90
 1395 07af 0A       		.byte	0xa
 1396 07b0 2D       		.byte	0x2d
 1397 07b1 5D020000 		.4byte	0x25d
 1398 07b5 00       		.byte	0
 1399 07b6 06       		.uleb128 0x6
 1400 07b7 7C050000 		.4byte	.LASF91
 1401 07bb 0A       		.byte	0xa
 1402 07bc 2F       		.byte	0x2f
 1403 07bd 57020000 		.4byte	0x257
 1404 07c1 08       		.byte	0x8
 1405 07c2 06       		.uleb128 0x6
 1406 07c3 E3040000 		.4byte	.LASF92
 1407 07c7 0A       		.byte	0xa
 1408 07c8 31       		.byte	0x31
 1409 07c9 CF070000 		.4byte	0x7cf
 1410 07cd 0C       		.byte	0xc
 1411 07ce 00       		.byte	0
 1412 07cf 09       		.uleb128 0x9
ARM GAS  /tmp/ccPwKG9W.s 			page 26


 1413 07d0 04       		.byte	0x4
 1414 07d1 9E070000 		.4byte	0x79e
 1415 07d5 04       		.uleb128 0x4
 1416 07d6 5D020000 		.4byte	.LASF89
 1417 07da 0A       		.byte	0xa
 1418 07db 33       		.byte	0x33
 1419 07dc 9E070000 		.4byte	0x79e
 1420 07e0 11       		.uleb128 0x11
 1421 07e1 04       		.byte	0x4
 1422 07e2 06       		.byte	0x6
 1423 07e3 96       		.byte	0x96
 1424 07e4 15080000 		.4byte	0x815
 1425 07e8 12       		.uleb128 0x12
 1426 07e9 06000000 		.4byte	.LASF93
 1427 07ed 06       		.byte	0x6
 1428 07ee 9D       		.byte	0x9d
 1429 07ef 01010000 		.4byte	0x101
 1430 07f3 12       		.uleb128 0x12
 1431 07f4 1E010000 		.4byte	.LASF94
 1432 07f8 06       		.byte	0x6
 1433 07f9 A4       		.byte	0xa4
 1434 07fa 01010000 		.4byte	0x101
 1435 07fe 12       		.uleb128 0x12
 1436 07ff 58050000 		.4byte	.LASF95
 1437 0803 06       		.byte	0x6
 1438 0804 AB       		.byte	0xab
 1439 0805 93020000 		.4byte	0x293
 1440 0809 12       		.uleb128 0x12
 1441 080a 4F030000 		.4byte	.LASF96
 1442 080e 06       		.byte	0x6
 1443 080f B2       		.byte	0xb2
 1444 0810 0C010000 		.4byte	0x10c
 1445 0814 00       		.byte	0
 1446 0815 09       		.uleb128 0x9
 1447 0816 04       		.byte	0x4
 1448 0817 1B080000 		.4byte	0x81b
 1449 081b 13       		.uleb128 0x13
 1450 081c 20080000 		.4byte	0x820
 1451 0820 03       		.uleb128 0x3
 1452 0821 01       		.byte	0x1
 1453 0822 08       		.byte	0x8
 1454 0823 AF040000 		.4byte	.LASF97
 1455 0827 09       		.uleb128 0x9
 1456 0828 04       		.byte	0x4
 1457 0829 95020000 		.4byte	0x295
 1458 082d 09       		.uleb128 0x9
 1459 082e 04       		.byte	0x4
 1460 082f D5070000 		.4byte	0x7d5
 1461 0833 14       		.uleb128 0x14
 1462 0834 C2010000 		.4byte	.LASF98
 1463 0838 01       		.byte	0x1
 1464 0839 C5       		.byte	0xc5
 1465 083a 00000000 		.4byte	.LFB6
 1466 083e 06000000 		.4byte	.LFE6-.LFB6
 1467 0842 01       		.uleb128 0x1
 1468 0843 9C       		.byte	0x9c
 1469 0844 52080000 		.4byte	0x852
ARM GAS  /tmp/ccPwKG9W.s 			page 27


 1470 0848 15       		.uleb128 0x15
 1471 0849 04000000 		.4byte	.LVL0
 1472 084d BE090000 		.4byte	0x9be
 1473 0851 00       		.byte	0
 1474 0852 14       		.uleb128 0x14
 1475 0853 FB000000 		.4byte	.LASF99
 1476 0857 01       		.byte	0x1
 1477 0858 41       		.byte	0x41
 1478 0859 00000000 		.4byte	.LFB1
 1479 085d 24000000 		.4byte	.LFE1-.LFB1
 1480 0861 01       		.uleb128 0x1
 1481 0862 9C       		.byte	0x9c
 1482 0863 77080000 		.4byte	0x877
 1483 0867 16       		.uleb128 0x16
 1484 0868 D9020000 		.4byte	.LASF102
 1485 086c 01       		.byte	0x1
 1486 086d 42       		.byte	0x42
 1487 086e 77080000 		.4byte	0x877
 1488 0872 00000000 		.4byte	.LLST0
 1489 0876 00       		.byte	0
 1490 0877 09       		.uleb128 0x9
 1491 0878 04       		.byte	0x4
 1492 0879 A0020000 		.4byte	0x2a0
 1493 087d 14       		.uleb128 0x14
 1494 087e 5F050000 		.4byte	.LASF100
 1495 0882 01       		.byte	0x1
 1496 0883 78       		.byte	0x78
 1497 0884 00000000 		.4byte	.LFB2
 1498 0888 30000000 		.4byte	.LFE2-.LFB2
 1499 088c 01       		.uleb128 0x1
 1500 088d 9C       		.byte	0x9c
 1501 088e D9080000 		.4byte	0x8d9
 1502 0892 17       		.uleb128 0x17
 1503 0893 14000000 		.4byte	.LVL4
 1504 0897 C5090000 		.4byte	0x9c5
 1505 089b AA080000 		.4byte	0x8aa
 1506 089f 18       		.uleb128 0x18
 1507 08a0 01       		.uleb128 0x1
 1508 08a1 51       		.byte	0x51
 1509 08a2 01       		.uleb128 0x1
 1510 08a3 40       		.byte	0x40
 1511 08a4 18       		.uleb128 0x18
 1512 08a5 01       		.uleb128 0x1
 1513 08a6 50       		.byte	0x50
 1514 08a7 01       		.uleb128 0x1
 1515 08a8 37       		.byte	0x37
 1516 08a9 00       		.byte	0
 1517 08aa 17       		.uleb128 0x17
 1518 08ab 1C000000 		.4byte	.LVL5
 1519 08af C5090000 		.4byte	0x9c5
 1520 08b3 C3080000 		.4byte	0x8c3
 1521 08b7 18       		.uleb128 0x18
 1522 08b8 01       		.uleb128 0x1
 1523 08b9 51       		.byte	0x51
 1524 08ba 02       		.uleb128 0x2
 1525 08bb 08       		.byte	0x8
 1526 08bc 20       		.byte	0x20
ARM GAS  /tmp/ccPwKG9W.s 			page 28


 1527 08bd 18       		.uleb128 0x18
 1528 08be 01       		.uleb128 0x1
 1529 08bf 50       		.byte	0x50
 1530 08c0 01       		.uleb128 0x1
 1531 08c1 3A       		.byte	0x3a
 1532 08c2 00       		.byte	0
 1533 08c3 19       		.uleb128 0x19
 1534 08c4 28000000 		.4byte	.LVL6
 1535 08c8 C5090000 		.4byte	0x9c5
 1536 08cc 18       		.uleb128 0x18
 1537 08cd 01       		.uleb128 0x1
 1538 08ce 51       		.byte	0x51
 1539 08cf 02       		.uleb128 0x2
 1540 08d0 08       		.byte	0x8
 1541 08d1 80       		.byte	0x80
 1542 08d2 18       		.uleb128 0x18
 1543 08d3 01       		.uleb128 0x1
 1544 08d4 50       		.byte	0x50
 1545 08d5 01       		.uleb128 0x1
 1546 08d6 3B       		.byte	0x3b
 1547 08d7 00       		.byte	0
 1548 08d8 00       		.byte	0
 1549 08d9 14       		.uleb128 0x14
 1550 08da CE020000 		.4byte	.LASF101
 1551 08de 01       		.byte	0x1
 1552 08df 88       		.byte	0x88
 1553 08e0 00000000 		.4byte	.LFB3
 1554 08e4 08000000 		.4byte	.LFE3-.LFB3
 1555 08e8 01       		.uleb128 0x1
 1556 08e9 9C       		.byte	0x9c
 1557 08ea FC080000 		.4byte	0x8fc
 1558 08ee 1A       		.uleb128 0x1a
 1559 08ef 746D7000 		.ascii	"tmp\000"
 1560 08f3 01       		.byte	0x1
 1561 08f4 89       		.byte	0x89
 1562 08f5 AD000000 		.4byte	0xad
 1563 08f9 01       		.uleb128 0x1
 1564 08fa 53       		.byte	0x53
 1565 08fb 00       		.byte	0
 1566 08fc 14       		.uleb128 0x14
 1567 08fd 09050000 		.4byte	.LASF103
 1568 0901 01       		.byte	0x1
 1569 0902 8D       		.byte	0x8d
 1570 0903 00000000 		.4byte	.LFB4
 1571 0907 08000000 		.4byte	.LFE4-.LFB4
 1572 090b 01       		.uleb128 0x1
 1573 090c 9C       		.byte	0x9c
 1574 090d 1F090000 		.4byte	0x91f
 1575 0911 1A       		.uleb128 0x1a
 1576 0912 746D7000 		.ascii	"tmp\000"
 1577 0916 01       		.byte	0x1
 1578 0917 8E       		.byte	0x8e
 1579 0918 AD000000 		.4byte	0xad
 1580 091c 01       		.uleb128 0x1
 1581 091d 53       		.byte	0x53
 1582 091e 00       		.byte	0
 1583 091f 14       		.uleb128 0x14
ARM GAS  /tmp/ccPwKG9W.s 			page 29


 1584 0920 17020000 		.4byte	.LASF104
 1585 0924 01       		.byte	0x1
 1586 0925 96       		.byte	0x96
 1587 0926 00000000 		.4byte	.LFB5
 1588 092a 78000000 		.4byte	.LFE5-.LFB5
 1589 092e 01       		.uleb128 0x1
 1590 092f 9C       		.byte	0x9c
 1591 0930 4A090000 		.4byte	0x94a
 1592 0934 1B       		.uleb128 0x1b
 1593 0935 00000000 		.4byte	.Ldebug_ranges0+0
 1594 0939 16       		.uleb128 0x16
 1595 093a D9020000 		.4byte	.LASF102
 1596 093e 01       		.byte	0x1
 1597 093f 9A       		.byte	0x9a
 1598 0940 77080000 		.4byte	0x877
 1599 0944 21000000 		.4byte	.LLST1
 1600 0948 00       		.byte	0
 1601 0949 00       		.byte	0
 1602 094a 14       		.uleb128 0x14
 1603 094b 42000000 		.4byte	.LASF105
 1604 094f 01       		.byte	0x1
 1605 0950 2F       		.byte	0x2f
 1606 0951 00000000 		.4byte	.LFB0
 1607 0955 16000000 		.4byte	.LFE0-.LFB0
 1608 0959 01       		.uleb128 0x1
 1609 095a 9C       		.byte	0x9c
 1610 095b 72090000 		.4byte	0x972
 1611 095f 15       		.uleb128 0x15
 1612 0960 0A000000 		.4byte	.LVL12
 1613 0964 DC090000 		.4byte	0x9dc
 1614 0968 1C       		.uleb128 0x1c
 1615 0969 16000000 		.4byte	.LVL13
 1616 096d 1F090000 		.4byte	0x91f
 1617 0971 00       		.byte	0
 1618 0972 14       		.uleb128 0x14
 1619 0973 9E010000 		.4byte	.LASF106
 1620 0977 01       		.byte	0x1
 1621 0978 E2       		.byte	0xe2
 1622 0979 00000000 		.4byte	.LFB7
 1623 097d 18000000 		.4byte	.LFE7-.LFB7
 1624 0981 01       		.uleb128 0x1
 1625 0982 9C       		.byte	0x9c
 1626 0983 A2090000 		.4byte	0x9a2
 1627 0987 1D       		.uleb128 0x1d
 1628 0988 6E747000 		.ascii	"ntp\000"
 1629 098c 01       		.byte	0x1
 1630 098d E2       		.byte	0xe2
 1631 098e 57020000 		.4byte	0x257
 1632 0992 01       		.uleb128 0x1
 1633 0993 50       		.byte	0x50
 1634 0994 1D       		.uleb128 0x1d
 1635 0995 6F747000 		.ascii	"otp\000"
 1636 0999 01       		.byte	0x1
 1637 099a E2       		.byte	0xe2
 1638 099b 57020000 		.4byte	0x257
 1639 099f 01       		.uleb128 0x1
 1640 09a0 51       		.byte	0x51
ARM GAS  /tmp/ccPwKG9W.s 			page 30


 1641 09a1 00       		.byte	0
 1642 09a2 1E       		.uleb128 0x1e
 1643 09a3 32020000 		.4byte	.LASF112
 1644 09a7 01       		.byte	0x1
 1645 09a8 F9       		.byte	0xf9
 1646 09a9 00000000 		.4byte	.LFB8
 1647 09ad 12000000 		.4byte	.LFE8-.LFB8
 1648 09b1 01       		.uleb128 0x1
 1649 09b2 9C       		.byte	0x9c
 1650 09b3 1F       		.uleb128 0x1f
 1651 09b4 4A050000 		.4byte	.LASF113
 1652 09b8 09       		.byte	0x9
 1653 09b9 6F       		.byte	0x6f
 1654 09ba 93070000 		.4byte	0x793
 1655 09be 20       		.uleb128 0x20
 1656 09bf 5D010000 		.4byte	.LASF107
 1657 09c3 09       		.byte	0x9
 1658 09c4 A8       		.byte	0xa8
 1659 09c5 21       		.uleb128 0x21
 1660 09c6 37010000 		.4byte	.LASF114
 1661 09ca 08       		.byte	0x8
 1662 09cb 2501     		.2byte	0x125
 1663 09cd DC090000 		.4byte	0x9dc
 1664 09d1 22       		.uleb128 0x22
 1665 09d2 AD000000 		.4byte	0xad
 1666 09d6 22       		.uleb128 0x22
 1667 09d7 AD000000 		.4byte	0xad
 1668 09db 00       		.byte	0
 1669 09dc 20       		.uleb128 0x20
 1670 09dd 2F000000 		.4byte	.LASF108
 1671 09e1 0B       		.byte	0xb
 1672 09e2 F7       		.byte	0xf7
 1673 09e3 00       		.byte	0
 1674              		.section	.debug_abbrev,"",%progbits
 1675              	.Ldebug_abbrev0:
 1676 0000 01       		.uleb128 0x1
 1677 0001 11       		.uleb128 0x11
 1678 0002 01       		.byte	0x1
 1679 0003 25       		.uleb128 0x25
 1680 0004 0E       		.uleb128 0xe
 1681 0005 13       		.uleb128 0x13
 1682 0006 0B       		.uleb128 0xb
 1683 0007 03       		.uleb128 0x3
 1684 0008 0E       		.uleb128 0xe
 1685 0009 1B       		.uleb128 0x1b
 1686 000a 0E       		.uleb128 0xe
 1687 000b 55       		.uleb128 0x55
 1688 000c 17       		.uleb128 0x17
 1689 000d 11       		.uleb128 0x11
 1690 000e 01       		.uleb128 0x1
 1691 000f 10       		.uleb128 0x10
 1692 0010 17       		.uleb128 0x17
 1693 0011 00       		.byte	0
 1694 0012 00       		.byte	0
 1695 0013 02       		.uleb128 0x2
 1696 0014 24       		.uleb128 0x24
 1697 0015 00       		.byte	0
ARM GAS  /tmp/ccPwKG9W.s 			page 31


 1698 0016 0B       		.uleb128 0xb
 1699 0017 0B       		.uleb128 0xb
 1700 0018 3E       		.uleb128 0x3e
 1701 0019 0B       		.uleb128 0xb
 1702 001a 03       		.uleb128 0x3
 1703 001b 08       		.uleb128 0x8
 1704 001c 00       		.byte	0
 1705 001d 00       		.byte	0
 1706 001e 03       		.uleb128 0x3
 1707 001f 24       		.uleb128 0x24
 1708 0020 00       		.byte	0
 1709 0021 0B       		.uleb128 0xb
 1710 0022 0B       		.uleb128 0xb
 1711 0023 3E       		.uleb128 0x3e
 1712 0024 0B       		.uleb128 0xb
 1713 0025 03       		.uleb128 0x3
 1714 0026 0E       		.uleb128 0xe
 1715 0027 00       		.byte	0
 1716 0028 00       		.byte	0
 1717 0029 04       		.uleb128 0x4
 1718 002a 16       		.uleb128 0x16
 1719 002b 00       		.byte	0
 1720 002c 03       		.uleb128 0x3
 1721 002d 0E       		.uleb128 0xe
 1722 002e 3A       		.uleb128 0x3a
 1723 002f 0B       		.uleb128 0xb
 1724 0030 3B       		.uleb128 0x3b
 1725 0031 0B       		.uleb128 0xb
 1726 0032 49       		.uleb128 0x49
 1727 0033 13       		.uleb128 0x13
 1728 0034 00       		.byte	0
 1729 0035 00       		.byte	0
 1730 0036 05       		.uleb128 0x5
 1731 0037 13       		.uleb128 0x13
 1732 0038 01       		.byte	0x1
 1733 0039 03       		.uleb128 0x3
 1734 003a 0E       		.uleb128 0xe
 1735 003b 0B       		.uleb128 0xb
 1736 003c 0B       		.uleb128 0xb
 1737 003d 3A       		.uleb128 0x3a
 1738 003e 0B       		.uleb128 0xb
 1739 003f 3B       		.uleb128 0x3b
 1740 0040 0B       		.uleb128 0xb
 1741 0041 01       		.uleb128 0x1
 1742 0042 13       		.uleb128 0x13
 1743 0043 00       		.byte	0
 1744 0044 00       		.byte	0
 1745 0045 06       		.uleb128 0x6
 1746 0046 0D       		.uleb128 0xd
 1747 0047 00       		.byte	0
 1748 0048 03       		.uleb128 0x3
 1749 0049 0E       		.uleb128 0xe
 1750 004a 3A       		.uleb128 0x3a
 1751 004b 0B       		.uleb128 0xb
 1752 004c 3B       		.uleb128 0x3b
 1753 004d 0B       		.uleb128 0xb
 1754 004e 49       		.uleb128 0x49
ARM GAS  /tmp/ccPwKG9W.s 			page 32


 1755 004f 13       		.uleb128 0x13
 1756 0050 38       		.uleb128 0x38
 1757 0051 0B       		.uleb128 0xb
 1758 0052 00       		.byte	0
 1759 0053 00       		.byte	0
 1760 0054 07       		.uleb128 0x7
 1761 0055 0D       		.uleb128 0xd
 1762 0056 00       		.byte	0
 1763 0057 03       		.uleb128 0x3
 1764 0058 08       		.uleb128 0x8
 1765 0059 3A       		.uleb128 0x3a
 1766 005a 0B       		.uleb128 0xb
 1767 005b 3B       		.uleb128 0x3b
 1768 005c 0B       		.uleb128 0xb
 1769 005d 49       		.uleb128 0x49
 1770 005e 13       		.uleb128 0x13
 1771 005f 38       		.uleb128 0x38
 1772 0060 0B       		.uleb128 0xb
 1773 0061 00       		.byte	0
 1774 0062 00       		.byte	0
 1775 0063 08       		.uleb128 0x8
 1776 0064 13       		.uleb128 0x13
 1777 0065 01       		.byte	0x1
 1778 0066 0B       		.uleb128 0xb
 1779 0067 0B       		.uleb128 0xb
 1780 0068 3A       		.uleb128 0x3a
 1781 0069 0B       		.uleb128 0xb
 1782 006a 3B       		.uleb128 0x3b
 1783 006b 0B       		.uleb128 0xb
 1784 006c 01       		.uleb128 0x1
 1785 006d 13       		.uleb128 0x13
 1786 006e 00       		.byte	0
 1787 006f 00       		.byte	0
 1788 0070 09       		.uleb128 0x9
 1789 0071 0F       		.uleb128 0xf
 1790 0072 00       		.byte	0
 1791 0073 0B       		.uleb128 0xb
 1792 0074 0B       		.uleb128 0xb
 1793 0075 49       		.uleb128 0x49
 1794 0076 13       		.uleb128 0x13
 1795 0077 00       		.byte	0
 1796 0078 00       		.byte	0
 1797 0079 0A       		.uleb128 0xa
 1798 007a 0F       		.uleb128 0xf
 1799 007b 00       		.byte	0
 1800 007c 0B       		.uleb128 0xb
 1801 007d 0B       		.uleb128 0xb
 1802 007e 00       		.byte	0
 1803 007f 00       		.byte	0
 1804 0080 0B       		.uleb128 0xb
 1805 0081 0D       		.uleb128 0xd
 1806 0082 00       		.byte	0
 1807 0083 03       		.uleb128 0x3
 1808 0084 08       		.uleb128 0x8
 1809 0085 3A       		.uleb128 0x3a
 1810 0086 0B       		.uleb128 0xb
 1811 0087 3B       		.uleb128 0x3b
ARM GAS  /tmp/ccPwKG9W.s 			page 33


 1812 0088 05       		.uleb128 0x5
 1813 0089 49       		.uleb128 0x49
 1814 008a 13       		.uleb128 0x13
 1815 008b 38       		.uleb128 0x38
 1816 008c 0B       		.uleb128 0xb
 1817 008d 00       		.byte	0
 1818 008e 00       		.byte	0
 1819 008f 0C       		.uleb128 0xc
 1820 0090 0D       		.uleb128 0xd
 1821 0091 00       		.byte	0
 1822 0092 03       		.uleb128 0x3
 1823 0093 0E       		.uleb128 0xe
 1824 0094 3A       		.uleb128 0x3a
 1825 0095 0B       		.uleb128 0xb
 1826 0096 3B       		.uleb128 0x3b
 1827 0097 05       		.uleb128 0x5
 1828 0098 49       		.uleb128 0x49
 1829 0099 13       		.uleb128 0x13
 1830 009a 38       		.uleb128 0x38
 1831 009b 0B       		.uleb128 0xb
 1832 009c 00       		.byte	0
 1833 009d 00       		.byte	0
 1834 009e 0D       		.uleb128 0xd
 1835 009f 13       		.uleb128 0x13
 1836 00a0 01       		.byte	0x1
 1837 00a1 03       		.uleb128 0x3
 1838 00a2 0E       		.uleb128 0xe
 1839 00a3 0B       		.uleb128 0xb
 1840 00a4 0B       		.uleb128 0xb
 1841 00a5 3A       		.uleb128 0x3a
 1842 00a6 0B       		.uleb128 0xb
 1843 00a7 3B       		.uleb128 0x3b
 1844 00a8 05       		.uleb128 0x5
 1845 00a9 01       		.uleb128 0x1
 1846 00aa 13       		.uleb128 0x13
 1847 00ab 00       		.byte	0
 1848 00ac 00       		.byte	0
 1849 00ad 0E       		.uleb128 0xe
 1850 00ae 35       		.uleb128 0x35
 1851 00af 00       		.byte	0
 1852 00b0 49       		.uleb128 0x49
 1853 00b1 13       		.uleb128 0x13
 1854 00b2 00       		.byte	0
 1855 00b3 00       		.byte	0
 1856 00b4 0F       		.uleb128 0xf
 1857 00b5 01       		.uleb128 0x1
 1858 00b6 01       		.byte	0x1
 1859 00b7 49       		.uleb128 0x49
 1860 00b8 13       		.uleb128 0x13
 1861 00b9 01       		.uleb128 0x1
 1862 00ba 13       		.uleb128 0x13
 1863 00bb 00       		.byte	0
 1864 00bc 00       		.byte	0
 1865 00bd 10       		.uleb128 0x10
 1866 00be 21       		.uleb128 0x21
 1867 00bf 00       		.byte	0
 1868 00c0 49       		.uleb128 0x49
ARM GAS  /tmp/ccPwKG9W.s 			page 34


 1869 00c1 13       		.uleb128 0x13
 1870 00c2 2F       		.uleb128 0x2f
 1871 00c3 0B       		.uleb128 0xb
 1872 00c4 00       		.byte	0
 1873 00c5 00       		.byte	0
 1874 00c6 11       		.uleb128 0x11
 1875 00c7 17       		.uleb128 0x17
 1876 00c8 01       		.byte	0x1
 1877 00c9 0B       		.uleb128 0xb
 1878 00ca 0B       		.uleb128 0xb
 1879 00cb 3A       		.uleb128 0x3a
 1880 00cc 0B       		.uleb128 0xb
 1881 00cd 3B       		.uleb128 0x3b
 1882 00ce 0B       		.uleb128 0xb
 1883 00cf 01       		.uleb128 0x1
 1884 00d0 13       		.uleb128 0x13
 1885 00d1 00       		.byte	0
 1886 00d2 00       		.byte	0
 1887 00d3 12       		.uleb128 0x12
 1888 00d4 0D       		.uleb128 0xd
 1889 00d5 00       		.byte	0
 1890 00d6 03       		.uleb128 0x3
 1891 00d7 0E       		.uleb128 0xe
 1892 00d8 3A       		.uleb128 0x3a
 1893 00d9 0B       		.uleb128 0xb
 1894 00da 3B       		.uleb128 0x3b
 1895 00db 0B       		.uleb128 0xb
 1896 00dc 49       		.uleb128 0x49
 1897 00dd 13       		.uleb128 0x13
 1898 00de 00       		.byte	0
 1899 00df 00       		.byte	0
 1900 00e0 13       		.uleb128 0x13
 1901 00e1 26       		.uleb128 0x26
 1902 00e2 00       		.byte	0
 1903 00e3 49       		.uleb128 0x49
 1904 00e4 13       		.uleb128 0x13
 1905 00e5 00       		.byte	0
 1906 00e6 00       		.byte	0
 1907 00e7 14       		.uleb128 0x14
 1908 00e8 2E       		.uleb128 0x2e
 1909 00e9 01       		.byte	0x1
 1910 00ea 3F       		.uleb128 0x3f
 1911 00eb 19       		.uleb128 0x19
 1912 00ec 03       		.uleb128 0x3
 1913 00ed 0E       		.uleb128 0xe
 1914 00ee 3A       		.uleb128 0x3a
 1915 00ef 0B       		.uleb128 0xb
 1916 00f0 3B       		.uleb128 0x3b
 1917 00f1 0B       		.uleb128 0xb
 1918 00f2 27       		.uleb128 0x27
 1919 00f3 19       		.uleb128 0x19
 1920 00f4 11       		.uleb128 0x11
 1921 00f5 01       		.uleb128 0x1
 1922 00f6 12       		.uleb128 0x12
 1923 00f7 06       		.uleb128 0x6
 1924 00f8 40       		.uleb128 0x40
 1925 00f9 18       		.uleb128 0x18
ARM GAS  /tmp/ccPwKG9W.s 			page 35


 1926 00fa 9742     		.uleb128 0x2117
 1927 00fc 19       		.uleb128 0x19
 1928 00fd 01       		.uleb128 0x1
 1929 00fe 13       		.uleb128 0x13
 1930 00ff 00       		.byte	0
 1931 0100 00       		.byte	0
 1932 0101 15       		.uleb128 0x15
 1933 0102 898201   		.uleb128 0x4109
 1934 0105 00       		.byte	0
 1935 0106 11       		.uleb128 0x11
 1936 0107 01       		.uleb128 0x1
 1937 0108 31       		.uleb128 0x31
 1938 0109 13       		.uleb128 0x13
 1939 010a 00       		.byte	0
 1940 010b 00       		.byte	0
 1941 010c 16       		.uleb128 0x16
 1942 010d 34       		.uleb128 0x34
 1943 010e 00       		.byte	0
 1944 010f 03       		.uleb128 0x3
 1945 0110 0E       		.uleb128 0xe
 1946 0111 3A       		.uleb128 0x3a
 1947 0112 0B       		.uleb128 0xb
 1948 0113 3B       		.uleb128 0x3b
 1949 0114 0B       		.uleb128 0xb
 1950 0115 49       		.uleb128 0x49
 1951 0116 13       		.uleb128 0x13
 1952 0117 02       		.uleb128 0x2
 1953 0118 17       		.uleb128 0x17
 1954 0119 00       		.byte	0
 1955 011a 00       		.byte	0
 1956 011b 17       		.uleb128 0x17
 1957 011c 898201   		.uleb128 0x4109
 1958 011f 01       		.byte	0x1
 1959 0120 11       		.uleb128 0x11
 1960 0121 01       		.uleb128 0x1
 1961 0122 31       		.uleb128 0x31
 1962 0123 13       		.uleb128 0x13
 1963 0124 01       		.uleb128 0x1
 1964 0125 13       		.uleb128 0x13
 1965 0126 00       		.byte	0
 1966 0127 00       		.byte	0
 1967 0128 18       		.uleb128 0x18
 1968 0129 8A8201   		.uleb128 0x410a
 1969 012c 00       		.byte	0
 1970 012d 02       		.uleb128 0x2
 1971 012e 18       		.uleb128 0x18
 1972 012f 9142     		.uleb128 0x2111
 1973 0131 18       		.uleb128 0x18
 1974 0132 00       		.byte	0
 1975 0133 00       		.byte	0
 1976 0134 19       		.uleb128 0x19
 1977 0135 898201   		.uleb128 0x4109
 1978 0138 01       		.byte	0x1
 1979 0139 11       		.uleb128 0x11
 1980 013a 01       		.uleb128 0x1
 1981 013b 9542     		.uleb128 0x2115
 1982 013d 19       		.uleb128 0x19
ARM GAS  /tmp/ccPwKG9W.s 			page 36


 1983 013e 31       		.uleb128 0x31
 1984 013f 13       		.uleb128 0x13
 1985 0140 00       		.byte	0
 1986 0141 00       		.byte	0
 1987 0142 1A       		.uleb128 0x1a
 1988 0143 34       		.uleb128 0x34
 1989 0144 00       		.byte	0
 1990 0145 03       		.uleb128 0x3
 1991 0146 08       		.uleb128 0x8
 1992 0147 3A       		.uleb128 0x3a
 1993 0148 0B       		.uleb128 0xb
 1994 0149 3B       		.uleb128 0x3b
 1995 014a 0B       		.uleb128 0xb
 1996 014b 49       		.uleb128 0x49
 1997 014c 13       		.uleb128 0x13
 1998 014d 02       		.uleb128 0x2
 1999 014e 18       		.uleb128 0x18
 2000 014f 00       		.byte	0
 2001 0150 00       		.byte	0
 2002 0151 1B       		.uleb128 0x1b
 2003 0152 0B       		.uleb128 0xb
 2004 0153 01       		.byte	0x1
 2005 0154 55       		.uleb128 0x55
 2006 0155 17       		.uleb128 0x17
 2007 0156 00       		.byte	0
 2008 0157 00       		.byte	0
 2009 0158 1C       		.uleb128 0x1c
 2010 0159 898201   		.uleb128 0x4109
 2011 015c 00       		.byte	0
 2012 015d 11       		.uleb128 0x11
 2013 015e 01       		.uleb128 0x1
 2014 015f 9542     		.uleb128 0x2115
 2015 0161 19       		.uleb128 0x19
 2016 0162 31       		.uleb128 0x31
 2017 0163 13       		.uleb128 0x13
 2018 0164 00       		.byte	0
 2019 0165 00       		.byte	0
 2020 0166 1D       		.uleb128 0x1d
 2021 0167 05       		.uleb128 0x5
 2022 0168 00       		.byte	0
 2023 0169 03       		.uleb128 0x3
 2024 016a 08       		.uleb128 0x8
 2025 016b 3A       		.uleb128 0x3a
 2026 016c 0B       		.uleb128 0xb
 2027 016d 3B       		.uleb128 0x3b
 2028 016e 0B       		.uleb128 0xb
 2029 016f 49       		.uleb128 0x49
 2030 0170 13       		.uleb128 0x13
 2031 0171 02       		.uleb128 0x2
 2032 0172 18       		.uleb128 0x18
 2033 0173 00       		.byte	0
 2034 0174 00       		.byte	0
 2035 0175 1E       		.uleb128 0x1e
 2036 0176 2E       		.uleb128 0x2e
 2037 0177 00       		.byte	0
 2038 0178 3F       		.uleb128 0x3f
 2039 0179 19       		.uleb128 0x19
ARM GAS  /tmp/ccPwKG9W.s 			page 37


 2040 017a 03       		.uleb128 0x3
 2041 017b 0E       		.uleb128 0xe
 2042 017c 3A       		.uleb128 0x3a
 2043 017d 0B       		.uleb128 0xb
 2044 017e 3B       		.uleb128 0x3b
 2045 017f 0B       		.uleb128 0xb
 2046 0180 27       		.uleb128 0x27
 2047 0181 19       		.uleb128 0x19
 2048 0182 11       		.uleb128 0x11
 2049 0183 01       		.uleb128 0x1
 2050 0184 12       		.uleb128 0x12
 2051 0185 06       		.uleb128 0x6
 2052 0186 40       		.uleb128 0x40
 2053 0187 18       		.uleb128 0x18
 2054 0188 9742     		.uleb128 0x2117
 2055 018a 19       		.uleb128 0x19
 2056 018b 00       		.byte	0
 2057 018c 00       		.byte	0
 2058 018d 1F       		.uleb128 0x1f
 2059 018e 34       		.uleb128 0x34
 2060 018f 00       		.byte	0
 2061 0190 03       		.uleb128 0x3
 2062 0191 0E       		.uleb128 0xe
 2063 0192 3A       		.uleb128 0x3a
 2064 0193 0B       		.uleb128 0xb
 2065 0194 3B       		.uleb128 0x3b
 2066 0195 0B       		.uleb128 0xb
 2067 0196 49       		.uleb128 0x49
 2068 0197 13       		.uleb128 0x13
 2069 0198 3F       		.uleb128 0x3f
 2070 0199 19       		.uleb128 0x19
 2071 019a 3C       		.uleb128 0x3c
 2072 019b 19       		.uleb128 0x19
 2073 019c 00       		.byte	0
 2074 019d 00       		.byte	0
 2075 019e 20       		.uleb128 0x20
 2076 019f 2E       		.uleb128 0x2e
 2077 01a0 00       		.byte	0
 2078 01a1 3F       		.uleb128 0x3f
 2079 01a2 19       		.uleb128 0x19
 2080 01a3 03       		.uleb128 0x3
 2081 01a4 0E       		.uleb128 0xe
 2082 01a5 3A       		.uleb128 0x3a
 2083 01a6 0B       		.uleb128 0xb
 2084 01a7 3B       		.uleb128 0x3b
 2085 01a8 0B       		.uleb128 0xb
 2086 01a9 27       		.uleb128 0x27
 2087 01aa 19       		.uleb128 0x19
 2088 01ab 3C       		.uleb128 0x3c
 2089 01ac 19       		.uleb128 0x19
 2090 01ad 00       		.byte	0
 2091 01ae 00       		.byte	0
 2092 01af 21       		.uleb128 0x21
 2093 01b0 2E       		.uleb128 0x2e
 2094 01b1 01       		.byte	0x1
 2095 01b2 3F       		.uleb128 0x3f
 2096 01b3 19       		.uleb128 0x19
ARM GAS  /tmp/ccPwKG9W.s 			page 38


 2097 01b4 03       		.uleb128 0x3
 2098 01b5 0E       		.uleb128 0xe
 2099 01b6 3A       		.uleb128 0x3a
 2100 01b7 0B       		.uleb128 0xb
 2101 01b8 3B       		.uleb128 0x3b
 2102 01b9 05       		.uleb128 0x5
 2103 01ba 27       		.uleb128 0x27
 2104 01bb 19       		.uleb128 0x19
 2105 01bc 3C       		.uleb128 0x3c
 2106 01bd 19       		.uleb128 0x19
 2107 01be 01       		.uleb128 0x1
 2108 01bf 13       		.uleb128 0x13
 2109 01c0 00       		.byte	0
 2110 01c1 00       		.byte	0
 2111 01c2 22       		.uleb128 0x22
 2112 01c3 05       		.uleb128 0x5
 2113 01c4 00       		.byte	0
 2114 01c5 49       		.uleb128 0x49
 2115 01c6 13       		.uleb128 0x13
 2116 01c7 00       		.byte	0
 2117 01c8 00       		.byte	0
 2118 01c9 00       		.byte	0
 2119              		.section	.debug_loc,"",%progbits
 2120              	.Ldebug_loc0:
 2121              	.LLST0:
 2122 0000 10000000 		.4byte	.LVL1
 2123 0004 12000000 		.4byte	.LVL2
 2124 0008 0400     		.2byte	0x4
 2125 000a 73       		.byte	0x73
 2126 000b E800     		.sleb128 104
 2127 000d 9F       		.byte	0x9f
 2128 000e 12000000 		.4byte	.LVL2
 2129 0012 1A000000 		.4byte	.LVL3
 2130 0016 0100     		.2byte	0x1
 2131 0018 53       		.byte	0x53
 2132 0019 00000000 		.4byte	0
 2133 001d 00000000 		.4byte	0
 2134              	.LLST1:
 2135 0021 16000000 		.4byte	.LVL7
 2136 0025 22000000 		.4byte	.LVL8
 2137 0029 0400     		.2byte	0x4
 2138 002b 73       		.byte	0x73
 2139 002c 987F     		.sleb128 -104
 2140 002e 9F       		.byte	0x9f
 2141 002f 22000000 		.4byte	.LVL8
 2142 0033 2A000000 		.4byte	.LVL9
 2143 0037 0100     		.2byte	0x1
 2144 0039 52       		.byte	0x52
 2145 003a 2A000000 		.4byte	.LVL9
 2146 003e 4A000000 		.4byte	.LVL10
 2147 0042 0400     		.2byte	0x4
 2148 0044 73       		.byte	0x73
 2149 0045 987F     		.sleb128 -104
 2150 0047 9F       		.byte	0x9f
 2151 0048 52000000 		.4byte	.LVL11
 2152 004c 78000000 		.4byte	.LFE5
 2153 0050 0400     		.2byte	0x4
ARM GAS  /tmp/ccPwKG9W.s 			page 39


 2154 0052 73       		.byte	0x73
 2155 0053 987F     		.sleb128 -104
 2156 0055 9F       		.byte	0x9f
 2157 0056 00000000 		.4byte	0
 2158 005a 00000000 		.4byte	0
 2159              		.section	.debug_aranges,"",%progbits
 2160 0000 5C000000 		.4byte	0x5c
 2161 0004 0200     		.2byte	0x2
 2162 0006 00000000 		.4byte	.Ldebug_info0
 2163 000a 04       		.byte	0x4
 2164 000b 00       		.byte	0
 2165 000c 0000     		.2byte	0
 2166 000e 0000     		.2byte	0
 2167 0010 00000000 		.4byte	.LFB6
 2168 0014 06000000 		.4byte	.LFE6-.LFB6
 2169 0018 00000000 		.4byte	.LFB1
 2170 001c 24000000 		.4byte	.LFE1-.LFB1
 2171 0020 00000000 		.4byte	.LFB2
 2172 0024 30000000 		.4byte	.LFE2-.LFB2
 2173 0028 00000000 		.4byte	.LFB3
 2174 002c 08000000 		.4byte	.LFE3-.LFB3
 2175 0030 00000000 		.4byte	.LFB4
 2176 0034 08000000 		.4byte	.LFE4-.LFB4
 2177 0038 00000000 		.4byte	.LFB5
 2178 003c 78000000 		.4byte	.LFE5-.LFB5
 2179 0040 00000000 		.4byte	.LFB0
 2180 0044 16000000 		.4byte	.LFE0-.LFB0
 2181 0048 00000000 		.4byte	.LFB7
 2182 004c 18000000 		.4byte	.LFE7-.LFB7
 2183 0050 00000000 		.4byte	.LFB8
 2184 0054 12000000 		.4byte	.LFE8-.LFB8
 2185 0058 00000000 		.4byte	0
 2186 005c 00000000 		.4byte	0
 2187              		.section	.debug_ranges,"",%progbits
 2188              	.Ldebug_ranges0:
 2189 0000 0E000000 		.4byte	.LBB2
 2190 0004 4A000000 		.4byte	.LBE2
 2191 0008 52000000 		.4byte	.LBB3
 2192 000c 78000000 		.4byte	.LBE3
 2193 0010 00000000 		.4byte	0
 2194 0014 00000000 		.4byte	0
 2195 0018 00000000 		.4byte	.LFB6
 2196 001c 06000000 		.4byte	.LFE6
 2197 0020 00000000 		.4byte	.LFB1
 2198 0024 24000000 		.4byte	.LFE1
 2199 0028 00000000 		.4byte	.LFB2
 2200 002c 30000000 		.4byte	.LFE2
 2201 0030 00000000 		.4byte	.LFB3
 2202 0034 08000000 		.4byte	.LFE3
 2203 0038 00000000 		.4byte	.LFB4
 2204 003c 08000000 		.4byte	.LFE4
 2205 0040 00000000 		.4byte	.LFB5
 2206 0044 78000000 		.4byte	.LFE5
 2207 0048 00000000 		.4byte	.LFB0
 2208 004c 16000000 		.4byte	.LFE0
 2209 0050 00000000 		.4byte	.LFB7
 2210 0054 18000000 		.4byte	.LFE7
ARM GAS  /tmp/ccPwKG9W.s 			page 40


 2211 0058 00000000 		.4byte	.LFB8
 2212 005c 12000000 		.4byte	.LFE8
 2213 0060 00000000 		.4byte	0
 2214 0064 00000000 		.4byte	0
 2215              		.section	.debug_line,"",%progbits
 2216              	.Ldebug_line0:
 2217 0000 16020000 		.section	.debug_str,"MS",%progbits,1
 2217      02003D01 
 2217      00000201 
 2217      FB0E0D00 
 2217      01010101 
 2218              	.LASF42:
 2219 0000 705F6D73 		.ascii	"p_msg\000"
 2219      6700
 2220              	.LASF93:
 2221 0006 7264796D 		.ascii	"rdymsg\000"
 2221      736700
 2222              	.LASF78:
 2223 000d 46504453 		.ascii	"FPDSCR\000"
 2223      435200
 2224              	.LASF16:
 2225 0014 75696E74 		.ascii	"uint64_t\000"
 2225      36345F74 
 2225      00
 2226              	.LASF5:
 2227 001d 5F5F7569 		.ascii	"__uint8_t\000"
 2227      6E74385F 
 2227      7400
 2228              	.LASF75:
 2229 0027 434D785F 		.ascii	"CMx_SCB\000"
 2229      53434200 
 2230              	.LASF108:
 2231 002f 63685379 		.ascii	"chSysTimerHandlerI\000"
 2231      7354696D 
 2231      65724861 
 2231      6E646C65 
 2231      724900
 2232              	.LASF105:
 2233 0042 53797354 		.ascii	"SysTickVector\000"
 2233      69636B56 
 2233      6563746F 
 2233      7200
 2234              	.LASF12:
 2235 0050 6C6F6E67 		.ascii	"long long unsigned int\000"
 2235      206C6F6E 
 2235      6720756E 
 2235      7369676E 
 2235      65642069 
 2236              	.LASF60:
 2237 0067 43505549 		.ascii	"CPUID\000"
 2237      4400
 2238              	.LASF111:
 2239 006d 2F686F6D 		.ascii	"/home/makkmarci/devel/ChibiOS_2.6.5/projects/STM32F"
 2239      652F6D61 
 2239      6B6B6D61 
 2239      7263692F 
 2239      64657665 
ARM GAS  /tmp/ccPwKG9W.s 			page 41


 2240 00a0 345F4368 		.ascii	"4_ChibiOS_uGFX_gwin_2/\000"
 2240      6962694F 
 2240      535F7547 
 2240      46585F67 
 2240      77696E5F 
 2241              	.LASF29:
 2242 00b7 705F7072 		.ascii	"p_prio\000"
 2242      696F00
 2243              	.LASF10:
 2244 00be 6C6F6E67 		.ascii	"long long int\000"
 2244      206C6F6E 
 2244      6720696E 
 2244      7400
 2245              	.LASF1:
 2246 00cc 7369676E 		.ascii	"signed char\000"
 2246      65642063 
 2246      68617200 
 2247              	.LASF46:
 2248 00d8 705F6D70 		.ascii	"p_mpool\000"
 2248      6F6F6C00 
 2249              	.LASF90:
 2250 00e0 6D5F7175 		.ascii	"m_queue\000"
 2250      65756500 
 2251              	.LASF21:
 2252 00e8 74736C69 		.ascii	"tslices_t\000"
 2252      6365735F 
 2252      7400
 2253              	.LASF7:
 2254 00f2 6C6F6E67 		.ascii	"long int\000"
 2254      20696E74 
 2254      00
 2255              	.LASF99:
 2256 00fb 53564361 		.ascii	"SVCallVector\000"
 2256      6C6C5665 
 2256      63746F72 
 2256      00
 2257              	.LASF19:
 2258 0108 74737461 		.ascii	"tstate_t\000"
 2258      74655F74 
 2258      00
 2259              	.LASF31:
 2260 0111 705F6E65 		.ascii	"p_newer\000"
 2260      77657200 
 2261              	.LASF70:
 2262 0119 42464152 		.ascii	"BFAR\000"
 2262      00
 2263              	.LASF94:
 2264 011e 65786974 		.ascii	"exitcode\000"
 2264      636F6465 
 2264      00
 2265              	.LASF71:
 2266 0127 41465352 		.ascii	"AFSR\000"
 2266      00
 2267              	.LASF8:
 2268 012c 5F5F7569 		.ascii	"__uint32_t\000"
 2268      6E743332 
 2268      5F7400
ARM GAS  /tmp/ccPwKG9W.s 			page 42


 2269              	.LASF114:
 2270 0137 6E766963 		.ascii	"nvicSetSystemHandlerPriority\000"
 2270      53657453 
 2270      79737465 
 2270      6D48616E 
 2270      646C6572 
 2271              	.LASF49:
 2272 0154 72656761 		.ascii	"regarm_t\000"
 2272      726D5F74 
 2272      00
 2273              	.LASF107:
 2274 015d 63685363 		.ascii	"chSchDoReschedule\000"
 2274      68446F52 
 2274      65736368 
 2274      6564756C 
 2274      6500
 2275              	.LASF55:
 2276 016f 72657365 		.ascii	"reserved\000"
 2276      72766564 
 2276      00
 2277              	.LASF34:
 2278 0178 705F7374 		.ascii	"p_stklimit\000"
 2278      6B6C696D 
 2278      697400
 2279              	.LASF0:
 2280 0183 756E7369 		.ascii	"unsigned int\000"
 2280      676E6564 
 2280      20696E74 
 2280      00
 2281              	.LASF52:
 2282 0190 6C725F74 		.ascii	"lr_thd\000"
 2282      686400
 2283              	.LASF51:
 2284 0197 65787463 		.ascii	"extctx\000"
 2284      747800
 2285              	.LASF106:
 2286 019e 5F706F72 		.ascii	"_port_switch\000"
 2286      745F7377 
 2286      69746368 
 2286      00
 2287              	.LASF9:
 2288 01ab 6C6F6E67 		.ascii	"long unsigned int\000"
 2288      20756E73 
 2288      69676E65 
 2288      6420696E 
 2288      7400
 2289              	.LASF62:
 2290 01bd 56544F52 		.ascii	"VTOR\000"
 2290      00
 2291              	.LASF98:
 2292 01c2 5F706F72 		.ascii	"_port_switch_from_isr\000"
 2292      745F7377 
 2292      69746368 
 2292      5F66726F 
 2292      6D5F6973 
 2293              	.LASF57:
 2294 01d8 636F6E74 		.ascii	"context\000"
ARM GAS  /tmp/ccPwKG9W.s 			page 43


 2294      65787400 
 2295              	.LASF4:
 2296 01e0 73686F72 		.ascii	"short unsigned int\000"
 2296      7420756E 
 2296      7369676E 
 2296      65642069 
 2296      6E7400
 2297              	.LASF61:
 2298 01f3 49435352 		.ascii	"ICSR\000"
 2298      00
 2299              	.LASF23:
 2300 01f8 6D73675F 		.ascii	"msg_t\000"
 2300      7400
 2301              	.LASF63:
 2302 01fe 41495243 		.ascii	"AIRCR\000"
 2302      5200
 2303              	.LASF68:
 2304 0204 44465352 		.ascii	"DFSR\000"
 2304      00
 2305              	.LASF85:
 2306 0209 725F6E65 		.ascii	"r_newer\000"
 2306      77657200 
 2307              	.LASF69:
 2308 0211 4D4D4641 		.ascii	"MMFAR\000"
 2308      5200
 2309              	.LASF104:
 2310 0217 5F706F72 		.ascii	"_port_irq_epilogue\000"
 2310      745F6972 
 2310      715F6570 
 2310      696C6F67 
 2310      756500
 2311              	.LASF18:
 2312 022a 746D6F64 		.ascii	"tmode_t\000"
 2312      655F7400 
 2313              	.LASF112:
 2314 0232 5F706F72 		.ascii	"_port_thread_start\000"
 2314      745F7468 
 2314      72656164 
 2314      5F737461 
 2314      727400
 2315              	.LASF48:
 2316 0245 54687265 		.ascii	"ThreadsList\000"
 2316      6164734C 
 2316      69737400 
 2317              	.LASF24:
 2318 0251 6576656E 		.ascii	"eventmask_t\000"
 2318      746D6173 
 2318      6B5F7400 
 2319              	.LASF89:
 2320 025d 4D757465 		.ascii	"Mutex\000"
 2320      7800
 2321              	.LASF50:
 2322 0263 73746B61 		.ascii	"stkalign_t\000"
 2322      6C69676E 
 2322      5F7400
 2323              	.LASF76:
 2324 026e 46504343 		.ascii	"FPCCR\000"
ARM GAS  /tmp/ccPwKG9W.s 			page 44


 2324      5200
 2325              	.LASF59:
 2326 0274 73697A65 		.ascii	"sizetype\000"
 2326      74797065 
 2326      00
 2327              	.LASF66:
 2328 027d 43465352 		.ascii	"CFSR\000"
 2328      00
 2329              	.LASF32:
 2330 0282 705F6F6C 		.ascii	"p_older\000"
 2330      64657200 
 2331              	.LASF84:
 2332 028a 725F6374 		.ascii	"r_ctx\000"
 2332      7800
 2333              	.LASF47:
 2334 0290 54687265 		.ascii	"ThreadsQueue\000"
 2334      61647351 
 2334      75657565 
 2334      00
 2335              	.LASF87:
 2336 029d 725F6375 		.ascii	"r_current\000"
 2336      7272656E 
 2336      7400
 2337              	.LASF86:
 2338 02a7 725F6F6C 		.ascii	"r_older\000"
 2338      64657200 
 2339              	.LASF11:
 2340 02af 5F5F7569 		.ascii	"__uint64_t\000"
 2340      6E743634 
 2340      5F7400
 2341              	.LASF79:
 2342 02ba 4D564652 		.ascii	"MVFR0\000"
 2342      3000
 2343              	.LASF80:
 2344 02c0 4D564652 		.ascii	"MVFR1\000"
 2344      3100
 2345              	.LASF20:
 2346 02c6 74726566 		.ascii	"trefs_t\000"
 2346      735F7400 
 2347              	.LASF101:
 2348 02ce 5F706F72 		.ascii	"_port_lock\000"
 2348      745F6C6F 
 2348      636B00
 2349              	.LASF102:
 2350 02d9 63747870 		.ascii	"ctxp\000"
 2350      00
 2351              	.LASF28:
 2352 02de 705F7072 		.ascii	"p_prev\000"
 2352      657600
 2353              	.LASF22:
 2354 02e5 74707269 		.ascii	"tprio_t\000"
 2354      6F5F7400 
 2355              	.LASF17:
 2356 02ed 5F426F6F 		.ascii	"_Bool\000"
 2356      6C00
 2357              	.LASF14:
 2358 02f3 696E7433 		.ascii	"int32_t\000"
ARM GAS  /tmp/ccPwKG9W.s 			page 45


 2358      325F7400 
 2359              	.LASF2:
 2360 02fb 756E7369 		.ascii	"unsigned char\000"
 2360      676E6564 
 2360      20636861 
 2360      7200
 2361              	.LASF65:
 2362 0309 53484353 		.ascii	"SHCSR\000"
 2362      5200
 2363              	.LASF77:
 2364 030f 46504341 		.ascii	"FPCAR\000"
 2364      5200
 2365              	.LASF44:
 2366 0315 705F6D74 		.ascii	"p_mtxlist\000"
 2366      786C6973 
 2366      7400
 2367              	.LASF3:
 2368 031f 73686F72 		.ascii	"short int\000"
 2368      7420696E 
 2368      7400
 2369              	.LASF35:
 2370 0329 705F7374 		.ascii	"p_state\000"
 2370      61746500 
 2371              	.LASF81:
 2372 0331 434D785F 		.ascii	"CMx_FPU\000"
 2372      46505500 
 2373              	.LASF38:
 2374 0339 705F7072 		.ascii	"p_preempt\000"
 2374      65656D70 
 2374      7400
 2375              	.LASF53:
 2376 0343 78707372 		.ascii	"xpsr\000"
 2376      00
 2377              	.LASF83:
 2378 0348 725F7072 		.ascii	"r_prio\000"
 2378      696F00
 2379              	.LASF96:
 2380 034f 65776D61 		.ascii	"ewmask\000"
 2380      736B00
 2381              	.LASF27:
 2382 0356 705F6E65 		.ascii	"p_next\000"
 2382      787400
 2383              	.LASF54:
 2384 035d 66707363 		.ascii	"fpscr\000"
 2384      7200
 2385              	.LASF36:
 2386 0363 705F666C 		.ascii	"p_flags\000"
 2386      61677300 
 2387              	.LASF109:
 2388 036b 474E5520 		.ascii	"GNU C 4.8.4 20140526 (release) [ARM/embedded-4_8-br"
 2388      4320342E 
 2388      382E3420 
 2388      32303134 
 2388      30353236 
 2389 039e 616E6368 		.ascii	"anch revision 211358] -mcpu=cortex-m4 -mfloat-abi=h"
 2389      20726576 
 2389      6973696F 
ARM GAS  /tmp/ccPwKG9W.s 			page 46


 2389      6E203231 
 2389      31333538 
 2390 03d1 61726420 		.ascii	"ard -mfpu=fpv4-sp-d16 -mno-thumb-interwork -mthumb "
 2390      2D6D6670 
 2390      753D6670 
 2390      76342D73 
 2390      702D6431 
 2391 0404 2D676764 		.ascii	"-ggdb -O2 -fomit-frame-pointer -falign-functions=16"
 2391      62202D4F 
 2391      32202D66 
 2391      6F6D6974 
 2391      2D667261 
 2392 0437 202D6666 		.ascii	" -ffunction-sections -fdata-sections -fno-common -f"
 2392      756E6374 
 2392      696F6E2D 
 2392      73656374 
 2392      696F6E73 
 2393 046a 73696E67 		.ascii	"single-precision-constant\000"
 2393      6C652D70 
 2393      72656369 
 2393      73696F6E 
 2393      2D636F6E 
 2394              	.LASF26:
 2395 0484 54687265 		.ascii	"Thread\000"
 2395      616400
 2396              	.LASF43:
 2397 048b 705F6570 		.ascii	"p_epending\000"
 2397      656E6469 
 2397      6E6700
 2398              	.LASF15:
 2399 0496 75696E74 		.ascii	"uint32_t\000"
 2399      33325F74 
 2399      00
 2400              	.LASF82:
 2401 049f 725F7175 		.ascii	"r_queue\000"
 2401      65756500 
 2402              	.LASF73:
 2403 04a7 756E7573 		.ascii	"unused1\000"
 2403      65643100 
 2404              	.LASF97:
 2405 04af 63686172 		.ascii	"char\000"
 2405      00
 2406              	.LASF58:
 2407 04b4 494F5245 		.ascii	"IOREG32\000"
 2407      47333200 
 2408              	.LASF110:
 2409 04bc 2E2E2F2E 		.ascii	"../../os/ports/GCC/ARMCMx/chcore_v7m.c\000"
 2409      2E2F6F73 
 2409      2F706F72 
 2409      74732F47 
 2409      43432F41 
 2410              	.LASF92:
 2411 04e3 6D5F6E65 		.ascii	"m_next\000"
 2411      787400
 2412              	.LASF25:
 2413 04ea 73797374 		.ascii	"systime_t\000"
 2413      696D655F 
ARM GAS  /tmp/ccPwKG9W.s 			page 47


 2413      7400
 2414              	.LASF45:
 2415 04f4 705F7265 		.ascii	"p_realprio\000"
 2415      616C7072 
 2415      696F00
 2416              	.LASF6:
 2417 04ff 5F5F696E 		.ascii	"__int32_t\000"
 2417      7433325F 
 2417      7400
 2418              	.LASF103:
 2419 0509 5F706F72 		.ascii	"_port_unlock\000"
 2419      745F756E 
 2419      6C6F636B 
 2419      00
 2420              	.LASF39:
 2421 0516 705F7469 		.ascii	"p_time\000"
 2421      6D6500
 2422              	.LASF64:
 2423 051d 53485052 		.ascii	"SHPR\000"
 2423      00
 2424              	.LASF56:
 2425 0522 696E7463 		.ascii	"intctx\000"
 2425      747800
 2426              	.LASF41:
 2427 0529 705F6D73 		.ascii	"p_msgqueue\000"
 2427      67717565 
 2427      756500
 2428              	.LASF37:
 2429 0534 705F7265 		.ascii	"p_refs\000"
 2429      667300
 2430              	.LASF88:
 2431 053b 52656164 		.ascii	"ReadyList\000"
 2431      794C6973 
 2431      7400
 2432              	.LASF72:
 2433 0545 4D4D4652 		.ascii	"MMFR\000"
 2433      00
 2434              	.LASF113:
 2435 054a 726C6973 		.ascii	"rlist\000"
 2435      7400
 2436              	.LASF13:
 2437 0550 75696E74 		.ascii	"uint8_t\000"
 2437      385F7400 
 2438              	.LASF95:
 2439 0558 77746F62 		.ascii	"wtobjp\000"
 2439      6A7000
 2440              	.LASF100:
 2441 055f 5F706F72 		.ascii	"_port_init\000"
 2441      745F696E 
 2441      697400
 2442              	.LASF33:
 2443 056a 705F6E61 		.ascii	"p_name\000"
 2443      6D6500
 2444              	.LASF74:
 2445 0571 43504143 		.ascii	"CPACR\000"
 2445      5200
 2446              	.LASF67:
ARM GAS  /tmp/ccPwKG9W.s 			page 48


 2447 0577 48465352 		.ascii	"HFSR\000"
 2447      00
 2448              	.LASF91:
 2449 057c 6D5F6F77 		.ascii	"m_owner\000"
 2449      6E657200 
 2450              	.LASF30:
 2451 0584 705F6374 		.ascii	"p_ctx\000"
 2451      7800
 2452              	.LASF40:
 2453 058a 705F7761 		.ascii	"p_waiting\000"
 2453      6974696E 
 2453      6700
 2454              		.ident	"GCC: (GNU Tools for ARM Embedded Processors) 4.8.4 20140526 (release) [ARM/embedded-4_8-br
ARM GAS  /tmp/ccPwKG9W.s 			page 49


DEFINED SYMBOLS
                            *ABS*:00000000 chcore_v7m.c
     /tmp/ccPwKG9W.s:21     .text._port_switch_from_isr:00000000 $t
     /tmp/ccPwKG9W.s:27     .text._port_switch_from_isr:00000000 _port_switch_from_isr
     /tmp/ccPwKG9W.s:40     .text._port_switch_from_isr:00000004 _port_exit_from_isr
     /tmp/ccPwKG9W.s:52     .text.SVCallVector:00000000 $t
     /tmp/ccPwKG9W.s:58     .text.SVCallVector:00000000 SVCallVector
     /tmp/ccPwKG9W.s:186    .text._port_unlock:00000000 _port_unlock
     /tmp/ccPwKG9W.s:97     .text.SVCallVector:00000020 $d
     /tmp/ccPwKG9W.s:102    .text._port_init:00000000 $t
     /tmp/ccPwKG9W.s:108    .text._port_init:00000000 _port_init
     /tmp/ccPwKG9W.s:149    .text._port_init:00000028 $d
     /tmp/ccPwKG9W.s:155    .text._port_lock:00000000 $t
     /tmp/ccPwKG9W.s:161    .text._port_lock:00000000 _port_lock
     /tmp/ccPwKG9W.s:180    .text._port_unlock:00000000 $t
     /tmp/ccPwKG9W.s:205    .text._port_irq_epilogue:00000000 $t
     /tmp/ccPwKG9W.s:211    .text._port_irq_epilogue:00000000 _port_irq_epilogue
     /tmp/ccPwKG9W.s:299    .text._port_irq_epilogue:00000068 $d
     /tmp/ccPwKG9W.s:308    .text.SysTickVector:00000000 $t
     /tmp/ccPwKG9W.s:314    .text.SysTickVector:00000000 SysTickVector
     /tmp/ccPwKG9W.s:346    .text._port_switch:00000000 $t
     /tmp/ccPwKG9W.s:352    .text._port_switch:00000000 _port_switch
     /tmp/ccPwKG9W.s:387    .text._port_thread_start:00000000 $t
     /tmp/ccPwKG9W.s:393    .text._port_thread_start:00000000 _port_thread_start
                     .debug_frame:00000010 $d
     /tmp/ccPwKG9W.s:101    .text.SVCallVector:00000024 $t
     /tmp/ccPwKG9W.s:307    .text._port_irq_epilogue:00000078 $t

UNDEFINED SYMBOLS
chSchDoReschedule
nvicSetSystemHandlerPriority
rlist
chSysTimerHandlerI
chThdExit
