ARM GAS  /tmp/ccgwxRxY.s 			page 1


   1              		.syntax unified
   2              		.cpu cortex-m4
   3              		.eabi_attribute 27, 1
   4              		.eabi_attribute 28, 1
   5              		.fpu fpv4-sp-d16
   6              		.eabi_attribute 20, 1
   7              		.eabi_attribute 21, 1
   8              		.eabi_attribute 23, 3
   9              		.eabi_attribute 24, 1
  10              		.eabi_attribute 25, 1
  11              		.eabi_attribute 26, 1
  12              		.eabi_attribute 30, 6
  13              		.eabi_attribute 34, 1
  14              		.eabi_attribute 18, 4
  15              		.thumb
  16              		.file	"chdebug.c"
  17              		.text
  18              	.Ltext0:
  19              		.cfi_sections	.debug_frame
  20              		.global	dbg_trace_buffer
  21              		.section	.bss.dbg_trace_buffer,"aw",%nobits
  22              		.align	2
  23              		.type	dbg_trace_buffer, %object
  24              		.size	dbg_trace_buffer, 1032
  25              	dbg_trace_buffer:
  26 0000 00000000 		.space	1032
  26      00000000 
  26      00000000 
  26      00000000 
  26      00000000 
  27              		.section	.text._trace_init,"ax",%progbits
  28              		.align	2
  29              		.p2align 4,,15
  30              		.global	_trace_init
  31              		.thumb
  32              		.thumb_func
  33              		.type	_trace_init, %function
  34              	_trace_init:
  35              	.LFB0:
  36              		.file 1 "/home/makkmarci/workspace/ChibiOS_2.6.8/os/kernel/src/chdebug.c"
  37              		.loc 1 229 0
  38              		.cfi_startproc
  39              		@ args = 0, pretend = 0, frame = 0
  40              		@ frame_needed = 0, uses_anonymous_args = 0
  41              		@ link register save eliminated.
  42              		.loc 1 231 0
  43 0000 034B     		ldr	r3, .L2
  44 0002 4022     		movs	r2, #64
  45 0004 1A60     		str	r2, [r3]
  46              		.loc 1 232 0
  47 0006 024B     		ldr	r3, .L2
  48 0008 024A     		ldr	r2, .L2+4
  49 000a 5A60     		str	r2, [r3, #4]
  50              		.loc 1 233 0
  51 000c 7047     		bx	lr
  52              	.L3:
  53 000e 00BF     		.align	2
ARM GAS  /tmp/ccgwxRxY.s 			page 2


  54              	.L2:
  55 0010 00000000 		.word	dbg_trace_buffer
  56 0014 08000000 		.word	dbg_trace_buffer+8
  57              		.cfi_endproc
  58              	.LFE0:
  59              		.size	_trace_init, .-_trace_init
  60 0018 AFF30080 		.section	.text.dbg_trace,"ax",%progbits
  60      AFF30080 
  61              		.align	2
  62              		.p2align 4,,15
  63              		.global	dbg_trace
  64              		.thumb
  65              		.thumb_func
  66              		.type	dbg_trace, %function
  67              	dbg_trace:
  68              	.LFB1:
  69              		.loc 1 242 0
  70              		.cfi_startproc
  71              		@ args = 0, pretend = 0, frame = 8
  72              		@ frame_needed = 0, uses_anonymous_args = 0
  73              		@ link register save eliminated.
  74 0000 82B0     		sub	sp, sp, #8
  75              		.cfi_def_cfa_offset 8
  76 0002 0190     		str	r0, [sp, #4]
  77              		.loc 1 244 0
  78 0004 114B     		ldr	r3, .L6
  79 0006 5B68     		ldr	r3, [r3, #4]
  80 0008 114A     		ldr	r2, .L6+4
  81 000a D268     		ldr	r2, [r2, #12]
  82 000c 1A60     		str	r2, [r3]
  83              		.loc 1 245 0
  84 000e 0F4B     		ldr	r3, .L6
  85 0010 5B68     		ldr	r3, [r3, #4]
  86 0012 104A     		ldr	r2, .L6+8
  87 0014 9269     		ldr	r2, [r2, #24]
  88 0016 5A60     		str	r2, [r3, #4]
  89              		.loc 1 246 0
  90 0018 0C4B     		ldr	r3, .L6
  91 001a 5B68     		ldr	r3, [r3, #4]
  92 001c 019A     		ldr	r2, [sp, #4]
  93 001e 926A     		ldr	r2, [r2, #40]
  94 0020 9A60     		str	r2, [r3, #8]
  95              		.loc 1 247 0
  96 0022 0A4B     		ldr	r3, .L6
  97 0024 5B68     		ldr	r3, [r3, #4]
  98 0026 019A     		ldr	r2, [sp, #4]
  99 0028 92F82020 		ldrb	r2, [r2, #32]	@ zero_extendqisi2
 100 002c 1A73     		strb	r2, [r3, #12]
 101              		.loc 1 248 0
 102 002e 074B     		ldr	r3, .L6
 103 0030 5B68     		ldr	r3, [r3, #4]
 104 0032 1033     		adds	r3, r3, #16
 105 0034 054A     		ldr	r2, .L6
 106 0036 5360     		str	r3, [r2, #4]
 107 0038 044B     		ldr	r3, .L6
 108 003a 5B68     		ldr	r3, [r3, #4]
 109 003c 064A     		ldr	r2, .L6+12
ARM GAS  /tmp/ccgwxRxY.s 			page 3


 110 003e 9342     		cmp	r3, r2
 111 0040 02D3     		bcc	.L4
 112              		.loc 1 250 0
 113 0042 024B     		ldr	r3, .L6
 114 0044 054A     		ldr	r2, .L6+16
 115 0046 5A60     		str	r2, [r3, #4]
 116              	.L4:
 117              		.loc 1 251 0
 118 0048 02B0     		add	sp, sp, #8
 119              		.cfi_def_cfa_offset 0
 120              		@ sp needed
 121 004a 7047     		bx	lr
 122              	.L7:
 123              		.align	2
 124              	.L6:
 125 004c 00000000 		.word	dbg_trace_buffer
 126 0050 00000000 		.word	vtlist
 127 0054 00000000 		.word	rlist
 128 0058 08040000 		.word	dbg_trace_buffer+1032
 129 005c 08000000 		.word	dbg_trace_buffer+8
 130              		.cfi_endproc
 131              	.LFE1:
 132              		.size	dbg_trace, .-dbg_trace
 133              		.global	dbg_panic_msg
 134              		.section	.bss.dbg_panic_msg,"aw",%nobits
 135              		.align	2
 136              		.type	dbg_panic_msg, %object
 137              		.size	dbg_panic_msg, 4
 138              	dbg_panic_msg:
 139 0000 00000000 		.space	4
 140              		.section	.text.chDbgPanic,"ax",%progbits
 141              		.align	2
 142              		.p2align 4,,15
 143              		.global	chDbgPanic
 144              		.thumb
 145              		.thumb_func
 146              		.type	chDbgPanic, %function
 147              	chDbgPanic:
 148              	.LFB2:
 149              		.loc 1 271 0
 150              		.cfi_startproc
 151              		@ args = 0, pretend = 0, frame = 8
 152              		@ frame_needed = 0, uses_anonymous_args = 0
 153 0000 00B5     		push	{lr}
 154              		.cfi_def_cfa_offset 4
 155              		.cfi_offset 14, -4
 156 0002 83B0     		sub	sp, sp, #12
 157              		.cfi_def_cfa_offset 16
 158 0004 0190     		str	r0, [sp, #4]
 159              		.loc 1 273 0
 160 0006 044A     		ldr	r2, .L9
 161 0008 019B     		ldr	r3, [sp, #4]
 162 000a 1360     		str	r3, [r2]
 163              		.loc 1 274 0
 164 000c FFF7FEFF 		bl	port_halt
 165              		.loc 1 275 0
 166 0010 03B0     		add	sp, sp, #12
ARM GAS  /tmp/ccgwxRxY.s 			page 4


 167              		.cfi_def_cfa_offset 4
 168              		@ sp needed
 169 0012 5DF804FB 		ldr	pc, [sp], #4
 170              	.L10:
 171 0016 00BF     		.align	2
 172              	.L9:
 173 0018 00000000 		.word	dbg_panic_msg
 174              		.cfi_endproc
 175              	.LFE2:
 176              		.size	chDbgPanic, .-chDbgPanic
 177 001c AFF30080 		.text
 178              	.Letext0:
 179              		.file 2 "/opt/gcc-arm-none-eabi/arm-none-eabi/include/machine/_default_types.h"
 180              		.file 3 "/opt/gcc-arm-none-eabi/arm-none-eabi/include/stdint.h"
 181              		.file 4 "/home/makkmarci/workspace/ChibiOS_2.6.8/os/ports/GCC/ARMCMx/chtypes.h"
 182              		.file 5 "/home/makkmarci/workspace/ChibiOS_2.6.8/os/kernel/include/chlists.h"
 183              		.file 6 "/home/makkmarci/workspace/ChibiOS_2.6.8/os/kernel/include/chthreads.h"
 184              		.file 7 "/home/makkmarci/workspace/ChibiOS_2.6.8/os/ports/GCC/ARMCMx/chcore_v7m.h"
 185              		.file 8 "/home/makkmarci/workspace/ChibiOS_2.6.8/os/kernel/include/chvt.h"
 186              		.file 9 "/home/makkmarci/workspace/ChibiOS_2.6.8/os/kernel/include/chschd.h"
 187              		.file 10 "/home/makkmarci/workspace/ChibiOS_2.6.8/os/kernel/include/chmtx.h"
 188              		.file 11 "/home/makkmarci/workspace/ChibiOS_2.6.8/os/kernel/include/chdebug.h"
 189              		.section	.debug_info,"",%progbits
 190              	.Ldebug_info0:
 191 0000 E4060000 		.4byte	0x6e4
 192 0004 0400     		.2byte	0x4
 193 0006 00000000 		.4byte	.Ldebug_abbrev0
 194 000a 04       		.byte	0x4
 195 000b 01       		.uleb128 0x1
 196 000c BB010000 		.4byte	.LASF94
 197 0010 01       		.byte	0x1
 198 0011 0C040000 		.4byte	.LASF95
 199 0015 00000000 		.4byte	.Ldebug_ranges0+0
 200 0019 00000000 		.4byte	0
 201 001d 00000000 		.4byte	.Ldebug_line0
 202 0021 02       		.uleb128 0x2
 203 0022 04       		.byte	0x4
 204 0023 05       		.byte	0x5
 205 0024 696E7400 		.ascii	"int\000"
 206 0028 03       		.uleb128 0x3
 207 0029 04       		.byte	0x4
 208 002a 07       		.byte	0x7
 209 002b F6000000 		.4byte	.LASF0
 210 002f 03       		.uleb128 0x3
 211 0030 01       		.byte	0x1
 212 0031 06       		.byte	0x6
 213 0032 76000000 		.4byte	.LASF1
 214 0036 04       		.uleb128 0x4
 215 0037 21000000 		.4byte	.LASF5
 216 003b 02       		.byte	0x2
 217 003c 1D       		.byte	0x1d
 218 003d 41000000 		.4byte	0x41
 219 0041 03       		.uleb128 0x3
 220 0042 01       		.byte	0x1
 221 0043 08       		.byte	0x8
 222 0044 5F030000 		.4byte	.LASF2
 223 0048 03       		.uleb128 0x3
ARM GAS  /tmp/ccgwxRxY.s 			page 5


 224 0049 02       		.byte	0x2
 225 004a 05       		.byte	0x5
 226 004b 85030000 		.4byte	.LASF3
 227 004f 03       		.uleb128 0x3
 228 0050 02       		.byte	0x2
 229 0051 07       		.byte	0x7
 230 0052 45010000 		.4byte	.LASF4
 231 0056 04       		.uleb128 0x4
 232 0057 02040000 		.4byte	.LASF6
 233 005b 02       		.byte	0x2
 234 005c 3F       		.byte	0x3f
 235 005d 61000000 		.4byte	0x61
 236 0061 03       		.uleb128 0x3
 237 0062 04       		.byte	0x4
 238 0063 05       		.byte	0x5
 239 0064 9C000000 		.4byte	.LASF7
 240 0068 04       		.uleb128 0x4
 241 0069 C7000000 		.4byte	.LASF8
 242 006d 02       		.byte	0x2
 243 006e 41       		.byte	0x41
 244 006f 73000000 		.4byte	0x73
 245 0073 03       		.uleb128 0x3
 246 0074 04       		.byte	0x4
 247 0075 07       		.byte	0x7
 248 0076 15010000 		.4byte	.LASF9
 249 007a 03       		.uleb128 0x3
 250 007b 08       		.byte	0x8
 251 007c 05       		.byte	0x5
 252 007d 68000000 		.4byte	.LASF10
 253 0081 04       		.uleb128 0x4
 254 0082 14030000 		.4byte	.LASF11
 255 0086 02       		.byte	0x2
 256 0087 5B       		.byte	0x5b
 257 0088 8C000000 		.4byte	0x8c
 258 008c 03       		.uleb128 0x3
 259 008d 08       		.byte	0x8
 260 008e 07       		.byte	0x7
 261 008f 32000000 		.4byte	.LASF12
 262 0093 04       		.uleb128 0x4
 263 0094 8C040000 		.4byte	.LASF13
 264 0098 03       		.byte	0x3
 265 0099 15       		.byte	0x15
 266 009a 36000000 		.4byte	0x36
 267 009e 04       		.uleb128 0x4
 268 009f 57030000 		.4byte	.LASF14
 269 00a3 03       		.byte	0x3
 270 00a4 2C       		.byte	0x2c
 271 00a5 56000000 		.4byte	0x56
 272 00a9 04       		.uleb128 0x4
 273 00aa D0030000 		.4byte	.LASF15
 274 00ae 03       		.byte	0x3
 275 00af 2D       		.byte	0x2d
 276 00b0 68000000 		.4byte	0x68
 277 00b4 04       		.uleb128 0x4
 278 00b5 18000000 		.4byte	.LASF16
 279 00b9 03       		.byte	0x3
 280 00ba 39       		.byte	0x39
ARM GAS  /tmp/ccgwxRxY.s 			page 6


 281 00bb 81000000 		.4byte	0x81
 282 00bf 03       		.uleb128 0x3
 283 00c0 01       		.byte	0x1
 284 00c1 02       		.byte	0x2
 285 00c2 51030000 		.4byte	.LASF17
 286 00c6 04       		.uleb128 0x4
 287 00c7 72010000 		.4byte	.LASF18
 288 00cb 04       		.byte	0x4
 289 00cc 2C       		.byte	0x2c
 290 00cd 93000000 		.4byte	0x93
 291 00d1 04       		.uleb128 0x4
 292 00d2 A5000000 		.4byte	.LASF19
 293 00d6 04       		.byte	0x4
 294 00d7 2D       		.byte	0x2d
 295 00d8 93000000 		.4byte	0x93
 296 00dc 04       		.uleb128 0x4
 297 00dd 30030000 		.4byte	.LASF20
 298 00e1 04       		.byte	0x4
 299 00e2 2E       		.byte	0x2e
 300 00e3 93000000 		.4byte	0x93
 301 00e7 04       		.uleb128 0x4
 302 00e8 92000000 		.4byte	.LASF21
 303 00ec 04       		.byte	0x4
 304 00ed 2F       		.byte	0x2f
 305 00ee 93000000 		.4byte	0x93
 306 00f2 04       		.uleb128 0x4
 307 00f3 49030000 		.4byte	.LASF22
 308 00f7 04       		.byte	0x4
 309 00f8 30       		.byte	0x30
 310 00f9 A9000000 		.4byte	0xa9
 311 00fd 04       		.uleb128 0x4
 312 00fe 64010000 		.4byte	.LASF23
 313 0102 04       		.byte	0x4
 314 0103 31       		.byte	0x31
 315 0104 9E000000 		.4byte	0x9e
 316 0108 04       		.uleb128 0x4
 317 0109 86010000 		.4byte	.LASF24
 318 010d 04       		.byte	0x4
 319 010e 33       		.byte	0x33
 320 010f A9000000 		.4byte	0xa9
 321 0113 04       		.uleb128 0x4
 322 0114 ED030000 		.4byte	.LASF25
 323 0118 04       		.byte	0x4
 324 0119 35       		.byte	0x35
 325 011a A9000000 		.4byte	0xa9
 326 011e 04       		.uleb128 0x4
 327 011f BE030000 		.4byte	.LASF26
 328 0123 05       		.byte	0x5
 329 0124 2A       		.byte	0x2a
 330 0125 29010000 		.4byte	0x129
 331 0129 05       		.uleb128 0x5
 332 012a BE030000 		.4byte	.LASF26
 333 012e 4C       		.byte	0x4c
 334 012f 06       		.byte	0x6
 335 0130 5E       		.byte	0x5e
 336 0131 32020000 		.4byte	0x232
 337 0135 06       		.uleb128 0x6
ARM GAS  /tmp/ccgwxRxY.s 			page 7


 338 0136 AF030000 		.4byte	.LASF27
 339 013a 06       		.byte	0x6
 340 013b 5F       		.byte	0x5f
 341 013c 53020000 		.4byte	0x253
 342 0140 00       		.byte	0
 343 0141 06       		.uleb128 0x6
 344 0142 42030000 		.4byte	.LASF28
 345 0146 06       		.byte	0x6
 346 0147 61       		.byte	0x61
 347 0148 53020000 		.4byte	0x253
 348 014c 04       		.byte	0x4
 349 014d 06       		.uleb128 0x6
 350 014e 5B000000 		.4byte	.LASF29
 351 0152 06       		.byte	0x6
 352 0153 63       		.byte	0x63
 353 0154 F2000000 		.4byte	0xf2
 354 0158 08       		.byte	0x8
 355 0159 06       		.uleb128 0x6
 356 015a C6040000 		.4byte	.LASF30
 357 015e 06       		.byte	0x6
 358 015f 64       		.byte	0x64
 359 0160 E8030000 		.4byte	0x3e8
 360 0164 0C       		.byte	0xc
 361 0165 06       		.uleb128 0x6
 362 0166 AE000000 		.4byte	.LASF31
 363 016a 06       		.byte	0x6
 364 016b 66       		.byte	0x66
 365 016c 53020000 		.4byte	0x253
 366 0170 10       		.byte	0x10
 367 0171 06       		.uleb128 0x6
 368 0172 E7020000 		.4byte	.LASF32
 369 0176 06       		.byte	0x6
 370 0177 67       		.byte	0x67
 371 0178 53020000 		.4byte	0x253
 372 017c 14       		.byte	0x14
 373 017d 06       		.uleb128 0x6
 374 017e 9B040000 		.4byte	.LASF33
 375 0182 06       		.byte	0x6
 376 0183 6E       		.byte	0x6e
 377 0184 A2050000 		.4byte	0x5a2
 378 0188 18       		.byte	0x18
 379 0189 06       		.uleb128 0x6
 380 018a EB000000 		.4byte	.LASF34
 381 018e 06       		.byte	0x6
 382 018f 74       		.byte	0x74
 383 0190 B4050000 		.4byte	0x5b4
 384 0194 1C       		.byte	0x1c
 385 0195 06       		.uleb128 0x6
 386 0196 8F030000 		.4byte	.LASF35
 387 019a 06       		.byte	0x6
 388 019b 79       		.byte	0x79
 389 019c D1000000 		.4byte	0xd1
 390 01a0 20       		.byte	0x20
 391 01a1 06       		.uleb128 0x6
 392 01a2 B6030000 		.4byte	.LASF36
 393 01a6 06       		.byte	0x6
 394 01a7 7D       		.byte	0x7d
ARM GAS  /tmp/ccgwxRxY.s 			page 8


 395 01a8 C6000000 		.4byte	0xc6
 396 01ac 21       		.byte	0x21
 397 01ad 06       		.uleb128 0x6
 398 01ae 6C040000 		.4byte	.LASF37
 399 01b2 06       		.byte	0x6
 400 01b3 82       		.byte	0x82
 401 01b4 DC000000 		.4byte	0xdc
 402 01b8 22       		.byte	0x22
 403 01b9 06       		.uleb128 0x6
 404 01ba 97030000 		.4byte	.LASF38
 405 01be 06       		.byte	0x6
 406 01bf 88       		.byte	0x88
 407 01c0 E7000000 		.4byte	0xe7
 408 01c4 23       		.byte	0x23
 409 01c5 06       		.uleb128 0x6
 410 01c6 4C040000 		.4byte	.LASF39
 411 01ca 06       		.byte	0x6
 412 01cb 8F       		.byte	0x8f
 413 01cc BF040000 		.4byte	0x4bf
 414 01d0 24       		.byte	0x24
 415 01d1 07       		.uleb128 0x7
 416 01d2 705F7500 		.ascii	"p_u\000"
 417 01d6 06       		.byte	0x6
 418 01d7 B4       		.byte	0xb4
 419 01d8 6D050000 		.4byte	0x56d
 420 01dc 28       		.byte	0x28
 421 01dd 06       		.uleb128 0x6
 422 01de CC040000 		.4byte	.LASF40
 423 01e2 06       		.byte	0x6
 424 01e3 B9       		.byte	0xb9
 425 01e4 79020000 		.4byte	0x279
 426 01e8 2C       		.byte	0x2c
 427 01e9 06       		.uleb128 0x6
 428 01ea 5A040000 		.4byte	.LASF41
 429 01ee 06       		.byte	0x6
 430 01ef BF       		.byte	0xbf
 431 01f0 59020000 		.4byte	0x259
 432 01f4 30       		.byte	0x30
 433 01f5 06       		.uleb128 0x6
 434 01f6 00000000 		.4byte	.LASF42
 435 01fa 06       		.byte	0x6
 436 01fb C3       		.byte	0xc3
 437 01fc FD000000 		.4byte	0xfd
 438 0200 38       		.byte	0x38
 439 0201 06       		.uleb128 0x6
 440 0202 C5030000 		.4byte	.LASF43
 441 0206 06       		.byte	0x6
 442 0207 C9       		.byte	0xc9
 443 0208 08010000 		.4byte	0x108
 444 020c 3C       		.byte	0x3c
 445 020d 06       		.uleb128 0x6
 446 020e 7B030000 		.4byte	.LASF44
 447 0212 06       		.byte	0x6
 448 0213 D0       		.byte	0xd0
 449 0214 BA050000 		.4byte	0x5ba
 450 0218 40       		.byte	0x40
 451 0219 06       		.uleb128 0x6
ARM GAS  /tmp/ccgwxRxY.s 			page 9


 452 021a F7030000 		.4byte	.LASF45
 453 021e 06       		.byte	0x6
 454 021f D4       		.byte	0xd4
 455 0220 F2000000 		.4byte	0xf2
 456 0224 44       		.byte	0x44
 457 0225 06       		.uleb128 0x6
 458 0226 82000000 		.4byte	.LASF46
 459 022a 06       		.byte	0x6
 460 022b DA       		.byte	0xda
 461 022c 8F020000 		.4byte	0x28f
 462 0230 48       		.byte	0x48
 463 0231 00       		.byte	0
 464 0232 08       		.uleb128 0x8
 465 0233 08       		.byte	0x8
 466 0234 05       		.byte	0x5
 467 0235 61       		.byte	0x61
 468 0236 53020000 		.4byte	0x253
 469 023a 06       		.uleb128 0x6
 470 023b AF030000 		.4byte	.LASF27
 471 023f 05       		.byte	0x5
 472 0240 62       		.byte	0x62
 473 0241 53020000 		.4byte	0x253
 474 0245 00       		.byte	0
 475 0246 06       		.uleb128 0x6
 476 0247 42030000 		.4byte	.LASF28
 477 024b 05       		.byte	0x5
 478 024c 64       		.byte	0x64
 479 024d 53020000 		.4byte	0x253
 480 0251 04       		.byte	0x4
 481 0252 00       		.byte	0
 482 0253 09       		.uleb128 0x9
 483 0254 04       		.byte	0x4
 484 0255 1E010000 		.4byte	0x11e
 485 0259 04       		.uleb128 0x4
 486 025a F5020000 		.4byte	.LASF47
 487 025e 05       		.byte	0x5
 488 025f 66       		.byte	0x66
 489 0260 32020000 		.4byte	0x232
 490 0264 08       		.uleb128 0x8
 491 0265 04       		.byte	0x4
 492 0266 05       		.byte	0x5
 493 0267 6B       		.byte	0x6b
 494 0268 79020000 		.4byte	0x279
 495 026c 06       		.uleb128 0x6
 496 026d AF030000 		.4byte	.LASF27
 497 0271 05       		.byte	0x5
 498 0272 6D       		.byte	0x6d
 499 0273 53020000 		.4byte	0x253
 500 0277 00       		.byte	0
 501 0278 00       		.byte	0
 502 0279 04       		.uleb128 0x4
 503 027a 7A010000 		.4byte	.LASF48
 504 027e 05       		.byte	0x5
 505 027f 70       		.byte	0x70
 506 0280 64020000 		.4byte	0x264
 507 0284 04       		.uleb128 0x4
 508 0285 D2000000 		.4byte	.LASF49
ARM GAS  /tmp/ccgwxRxY.s 			page 10


 509 0289 07       		.byte	0x7
 510 028a E5       		.byte	0xe5
 511 028b 8F020000 		.4byte	0x28f
 512 028f 0A       		.uleb128 0xa
 513 0290 04       		.byte	0x4
 514 0291 04       		.uleb128 0x4
 515 0292 98010000 		.4byte	.LASF50
 516 0296 07       		.byte	0x7
 517 0297 EB       		.byte	0xeb
 518 0298 B4000000 		.4byte	0xb4
 519 029c 0B       		.uleb128 0xb
 520 029d 53040000 		.4byte	.LASF51
 521 02a1 64       		.byte	0x64
 522 02a2 07       		.byte	0x7
 523 02a3 0C01     		.2byte	0x10c
 524 02a5 E8030000 		.4byte	0x3e8
 525 02a9 0C       		.uleb128 0xc
 526 02aa 73313600 		.ascii	"s16\000"
 527 02ae 07       		.byte	0x7
 528 02af 0E01     		.2byte	0x10e
 529 02b1 84020000 		.4byte	0x284
 530 02b5 00       		.byte	0
 531 02b6 0C       		.uleb128 0xc
 532 02b7 73313700 		.ascii	"s17\000"
 533 02bb 07       		.byte	0x7
 534 02bc 0F01     		.2byte	0x10f
 535 02be 84020000 		.4byte	0x284
 536 02c2 04       		.byte	0x4
 537 02c3 0C       		.uleb128 0xc
 538 02c4 73313800 		.ascii	"s18\000"
 539 02c8 07       		.byte	0x7
 540 02c9 1001     		.2byte	0x110
 541 02cb 84020000 		.4byte	0x284
 542 02cf 08       		.byte	0x8
 543 02d0 0C       		.uleb128 0xc
 544 02d1 73313900 		.ascii	"s19\000"
 545 02d5 07       		.byte	0x7
 546 02d6 1101     		.2byte	0x111
 547 02d8 84020000 		.4byte	0x284
 548 02dc 0C       		.byte	0xc
 549 02dd 0C       		.uleb128 0xc
 550 02de 73323000 		.ascii	"s20\000"
 551 02e2 07       		.byte	0x7
 552 02e3 1201     		.2byte	0x112
 553 02e5 84020000 		.4byte	0x284
 554 02e9 10       		.byte	0x10
 555 02ea 0C       		.uleb128 0xc
 556 02eb 73323100 		.ascii	"s21\000"
 557 02ef 07       		.byte	0x7
 558 02f0 1301     		.2byte	0x113
 559 02f2 84020000 		.4byte	0x284
 560 02f6 14       		.byte	0x14
 561 02f7 0C       		.uleb128 0xc
 562 02f8 73323200 		.ascii	"s22\000"
 563 02fc 07       		.byte	0x7
 564 02fd 1401     		.2byte	0x114
 565 02ff 84020000 		.4byte	0x284
ARM GAS  /tmp/ccgwxRxY.s 			page 11


 566 0303 18       		.byte	0x18
 567 0304 0C       		.uleb128 0xc
 568 0305 73323300 		.ascii	"s23\000"
 569 0309 07       		.byte	0x7
 570 030a 1501     		.2byte	0x115
 571 030c 84020000 		.4byte	0x284
 572 0310 1C       		.byte	0x1c
 573 0311 0C       		.uleb128 0xc
 574 0312 73323400 		.ascii	"s24\000"
 575 0316 07       		.byte	0x7
 576 0317 1601     		.2byte	0x116
 577 0319 84020000 		.4byte	0x284
 578 031d 20       		.byte	0x20
 579 031e 0C       		.uleb128 0xc
 580 031f 73323500 		.ascii	"s25\000"
 581 0323 07       		.byte	0x7
 582 0324 1701     		.2byte	0x117
 583 0326 84020000 		.4byte	0x284
 584 032a 24       		.byte	0x24
 585 032b 0C       		.uleb128 0xc
 586 032c 73323600 		.ascii	"s26\000"
 587 0330 07       		.byte	0x7
 588 0331 1801     		.2byte	0x118
 589 0333 84020000 		.4byte	0x284
 590 0337 28       		.byte	0x28
 591 0338 0C       		.uleb128 0xc
 592 0339 73323700 		.ascii	"s27\000"
 593 033d 07       		.byte	0x7
 594 033e 1901     		.2byte	0x119
 595 0340 84020000 		.4byte	0x284
 596 0344 2C       		.byte	0x2c
 597 0345 0C       		.uleb128 0xc
 598 0346 73323800 		.ascii	"s28\000"
 599 034a 07       		.byte	0x7
 600 034b 1A01     		.2byte	0x11a
 601 034d 84020000 		.4byte	0x284
 602 0351 30       		.byte	0x30
 603 0352 0C       		.uleb128 0xc
 604 0353 73323900 		.ascii	"s29\000"
 605 0357 07       		.byte	0x7
 606 0358 1B01     		.2byte	0x11b
 607 035a 84020000 		.4byte	0x284
 608 035e 34       		.byte	0x34
 609 035f 0C       		.uleb128 0xc
 610 0360 73333000 		.ascii	"s30\000"
 611 0364 07       		.byte	0x7
 612 0365 1C01     		.2byte	0x11c
 613 0367 84020000 		.4byte	0x284
 614 036b 38       		.byte	0x38
 615 036c 0C       		.uleb128 0xc
 616 036d 73333100 		.ascii	"s31\000"
 617 0371 07       		.byte	0x7
 618 0372 1D01     		.2byte	0x11d
 619 0374 84020000 		.4byte	0x284
 620 0378 3C       		.byte	0x3c
 621 0379 0C       		.uleb128 0xc
 622 037a 723400   		.ascii	"r4\000"
ARM GAS  /tmp/ccgwxRxY.s 			page 12


 623 037d 07       		.byte	0x7
 624 037e 1F01     		.2byte	0x11f
 625 0380 84020000 		.4byte	0x284
 626 0384 40       		.byte	0x40
 627 0385 0C       		.uleb128 0xc
 628 0386 723500   		.ascii	"r5\000"
 629 0389 07       		.byte	0x7
 630 038a 2001     		.2byte	0x120
 631 038c 84020000 		.4byte	0x284
 632 0390 44       		.byte	0x44
 633 0391 0C       		.uleb128 0xc
 634 0392 723600   		.ascii	"r6\000"
 635 0395 07       		.byte	0x7
 636 0396 2101     		.2byte	0x121
 637 0398 84020000 		.4byte	0x284
 638 039c 48       		.byte	0x48
 639 039d 0C       		.uleb128 0xc
 640 039e 723700   		.ascii	"r7\000"
 641 03a1 07       		.byte	0x7
 642 03a2 2201     		.2byte	0x122
 643 03a4 84020000 		.4byte	0x284
 644 03a8 4C       		.byte	0x4c
 645 03a9 0C       		.uleb128 0xc
 646 03aa 723800   		.ascii	"r8\000"
 647 03ad 07       		.byte	0x7
 648 03ae 2301     		.2byte	0x123
 649 03b0 84020000 		.4byte	0x284
 650 03b4 50       		.byte	0x50
 651 03b5 0C       		.uleb128 0xc
 652 03b6 723900   		.ascii	"r9\000"
 653 03b9 07       		.byte	0x7
 654 03ba 2401     		.2byte	0x124
 655 03bc 84020000 		.4byte	0x284
 656 03c0 54       		.byte	0x54
 657 03c1 0C       		.uleb128 0xc
 658 03c2 72313000 		.ascii	"r10\000"
 659 03c6 07       		.byte	0x7
 660 03c7 2501     		.2byte	0x125
 661 03c9 84020000 		.4byte	0x284
 662 03cd 58       		.byte	0x58
 663 03ce 0C       		.uleb128 0xc
 664 03cf 72313100 		.ascii	"r11\000"
 665 03d3 07       		.byte	0x7
 666 03d4 2601     		.2byte	0x126
 667 03d6 84020000 		.4byte	0x284
 668 03da 5C       		.byte	0x5c
 669 03db 0C       		.uleb128 0xc
 670 03dc 6C7200   		.ascii	"lr\000"
 671 03df 07       		.byte	0x7
 672 03e0 2701     		.2byte	0x127
 673 03e2 84020000 		.4byte	0x284
 674 03e6 60       		.byte	0x60
 675 03e7 00       		.byte	0
 676 03e8 0B       		.uleb128 0xb
 677 03e9 3D010000 		.4byte	.LASF52
 678 03ed 04       		.byte	0x4
 679 03ee 07       		.byte	0x7
ARM GAS  /tmp/ccgwxRxY.s 			page 13


 680 03ef 3101     		.2byte	0x131
 681 03f1 03040000 		.4byte	0x403
 682 03f5 0C       		.uleb128 0xc
 683 03f6 72313300 		.ascii	"r13\000"
 684 03fa 07       		.byte	0x7
 685 03fb 3201     		.2byte	0x132
 686 03fd 03040000 		.4byte	0x403
 687 0401 00       		.byte	0
 688 0402 00       		.byte	0
 689 0403 09       		.uleb128 0x9
 690 0404 04       		.byte	0x4
 691 0405 9C020000 		.4byte	0x29c
 692 0409 03       		.uleb128 0x3
 693 040a 04       		.byte	0x4
 694 040b 07       		.byte	0x7
 695 040c B2010000 		.4byte	.LASF53
 696 0410 04       		.uleb128 0x4
 697 0411 27010000 		.4byte	.LASF54
 698 0415 08       		.byte	0x8
 699 0416 58       		.byte	0x58
 700 0417 1B040000 		.4byte	0x41b
 701 041b 09       		.uleb128 0x9
 702 041c 04       		.byte	0x4
 703 041d 21040000 		.4byte	0x421
 704 0421 0D       		.uleb128 0xd
 705 0422 2C040000 		.4byte	0x42c
 706 0426 0E       		.uleb128 0xe
 707 0427 8F020000 		.4byte	0x28f
 708 042b 00       		.byte	0
 709 042c 04       		.uleb128 0x4
 710 042d 30010000 		.4byte	.LASF55
 711 0431 08       		.byte	0x8
 712 0432 5D       		.byte	0x5d
 713 0433 37040000 		.4byte	0x437
 714 0437 05       		.uleb128 0x5
 715 0438 30010000 		.4byte	.LASF55
 716 043c 14       		.byte	0x14
 717 043d 08       		.byte	0x8
 718 043e 64       		.byte	0x64
 719 043f 80040000 		.4byte	0x480
 720 0443 06       		.uleb128 0x6
 721 0444 03010000 		.4byte	.LASF56
 722 0448 08       		.byte	0x8
 723 0449 65       		.byte	0x65
 724 044a 80040000 		.4byte	0x480
 725 044e 00       		.byte	0
 726 044f 06       		.uleb128 0x6
 727 0450 DB000000 		.4byte	.LASF57
 728 0454 08       		.byte	0x8
 729 0455 67       		.byte	0x67
 730 0456 80040000 		.4byte	0x480
 731 045a 04       		.byte	0x4
 732 045b 06       		.uleb128 0x6
 733 045c A3010000 		.4byte	.LASF58
 734 0460 08       		.byte	0x8
 735 0461 69       		.byte	0x69
 736 0462 13010000 		.4byte	0x113
ARM GAS  /tmp/ccgwxRxY.s 			page 14


 737 0466 08       		.byte	0x8
 738 0467 06       		.uleb128 0x6
 739 0468 D0020000 		.4byte	.LASF59
 740 046c 08       		.byte	0x8
 741 046d 6A       		.byte	0x6a
 742 046e 10040000 		.4byte	0x410
 743 0472 0C       		.byte	0xc
 744 0473 06       		.uleb128 0x6
 745 0474 65040000 		.4byte	.LASF60
 746 0478 08       		.byte	0x8
 747 0479 6C       		.byte	0x6c
 748 047a 8F020000 		.4byte	0x28f
 749 047e 10       		.byte	0x10
 750 047f 00       		.byte	0
 751 0480 09       		.uleb128 0x9
 752 0481 04       		.byte	0x4
 753 0482 2C040000 		.4byte	0x42c
 754 0486 08       		.uleb128 0x8
 755 0487 10       		.byte	0x10
 756 0488 08       		.byte	0x8
 757 0489 76       		.byte	0x76
 758 048a BF040000 		.4byte	0x4bf
 759 048e 06       		.uleb128 0x6
 760 048f 03010000 		.4byte	.LASF56
 761 0493 08       		.byte	0x8
 762 0494 77       		.byte	0x77
 763 0495 80040000 		.4byte	0x480
 764 0499 00       		.byte	0
 765 049a 06       		.uleb128 0x6
 766 049b DB000000 		.4byte	.LASF57
 767 049f 08       		.byte	0x8
 768 04a0 79       		.byte	0x79
 769 04a1 80040000 		.4byte	0x480
 770 04a5 04       		.byte	0x4
 771 04a6 06       		.uleb128 0x6
 772 04a7 A3010000 		.4byte	.LASF58
 773 04ab 08       		.byte	0x8
 774 04ac 7B       		.byte	0x7b
 775 04ad 13010000 		.4byte	0x113
 776 04b1 08       		.byte	0x8
 777 04b2 06       		.uleb128 0x6
 778 04b3 A2040000 		.4byte	.LASF61
 779 04b7 08       		.byte	0x8
 780 04b8 7C       		.byte	0x7c
 781 04b9 BF040000 		.4byte	0x4bf
 782 04bd 0C       		.byte	0xc
 783 04be 00       		.byte	0
 784 04bf 0F       		.uleb128 0xf
 785 04c0 13010000 		.4byte	0x113
 786 04c4 04       		.uleb128 0x4
 787 04c5 AD040000 		.4byte	.LASF62
 788 04c9 08       		.byte	0x8
 789 04ca 7D       		.byte	0x7d
 790 04cb 86040000 		.4byte	0x486
 791 04cf 08       		.uleb128 0x8
 792 04d0 1C       		.byte	0x1c
 793 04d1 09       		.byte	0x9
ARM GAS  /tmp/ccgwxRxY.s 			page 15


 794 04d2 5E       		.byte	0x5e
 795 04d3 20050000 		.4byte	0x520
 796 04d7 06       		.uleb128 0x6
 797 04d8 D9030000 		.4byte	.LASF63
 798 04dc 09       		.byte	0x9
 799 04dd 5F       		.byte	0x5f
 800 04de 59020000 		.4byte	0x259
 801 04e2 00       		.byte	0
 802 04e3 06       		.uleb128 0x6
 803 04e4 A1030000 		.4byte	.LASF64
 804 04e8 09       		.byte	0x9
 805 04e9 60       		.byte	0x60
 806 04ea F2000000 		.4byte	0xf2
 807 04ee 08       		.byte	0x8
 808 04ef 06       		.uleb128 0x6
 809 04f0 EF020000 		.4byte	.LASF65
 810 04f4 09       		.byte	0x9
 811 04f5 62       		.byte	0x62
 812 04f6 E8030000 		.4byte	0x3e8
 813 04fa 0C       		.byte	0xc
 814 04fb 06       		.uleb128 0x6
 815 04fc 6A010000 		.4byte	.LASF66
 816 0500 09       		.byte	0x9
 817 0501 65       		.byte	0x65
 818 0502 53020000 		.4byte	0x253
 819 0506 10       		.byte	0x10
 820 0507 06       		.uleb128 0x6
 821 0508 0C030000 		.4byte	.LASF67
 822 050c 09       		.byte	0x9
 823 050d 66       		.byte	0x66
 824 050e 53020000 		.4byte	0x253
 825 0512 14       		.byte	0x14
 826 0513 06       		.uleb128 0x6
 827 0514 02030000 		.4byte	.LASF68
 828 0518 09       		.byte	0x9
 829 0519 69       		.byte	0x69
 830 051a 53020000 		.4byte	0x253
 831 051e 18       		.byte	0x18
 832 051f 00       		.byte	0
 833 0520 04       		.uleb128 0x4
 834 0521 73040000 		.4byte	.LASF69
 835 0525 09       		.byte	0x9
 836 0526 6B       		.byte	0x6b
 837 0527 CF040000 		.4byte	0x4cf
 838 052b 05       		.uleb128 0x5
 839 052c 92010000 		.4byte	.LASF70
 840 0530 10       		.byte	0x10
 841 0531 0A       		.byte	0xa
 842 0532 2C       		.byte	0x2c
 843 0533 5C050000 		.4byte	0x55c
 844 0537 06       		.uleb128 0x6
 845 0538 8A000000 		.4byte	.LASF71
 846 053c 0A       		.byte	0xa
 847 053d 2D       		.byte	0x2d
 848 053e 59020000 		.4byte	0x259
 849 0542 00       		.byte	0
 850 0543 06       		.uleb128 0x6
ARM GAS  /tmp/ccgwxRxY.s 			page 16


 851 0544 B4040000 		.4byte	.LASF72
 852 0548 0A       		.byte	0xa
 853 0549 2F       		.byte	0x2f
 854 054a 53020000 		.4byte	0x253
 855 054e 08       		.byte	0x8
 856 054f 06       		.uleb128 0x6
 857 0550 E6030000 		.4byte	.LASF73
 858 0554 0A       		.byte	0xa
 859 0555 31       		.byte	0x31
 860 0556 5C050000 		.4byte	0x55c
 861 055a 0C       		.byte	0xc
 862 055b 00       		.byte	0
 863 055c 09       		.uleb128 0x9
 864 055d 04       		.byte	0x4
 865 055e 2B050000 		.4byte	0x52b
 866 0562 04       		.uleb128 0x4
 867 0563 92010000 		.4byte	.LASF70
 868 0567 0A       		.byte	0xa
 869 0568 33       		.byte	0x33
 870 0569 2B050000 		.4byte	0x52b
 871 056d 10       		.uleb128 0x10
 872 056e 04       		.byte	0x4
 873 056f 06       		.byte	0x6
 874 0570 96       		.byte	0x96
 875 0571 A2050000 		.4byte	0x5a2
 876 0575 11       		.uleb128 0x11
 877 0576 11000000 		.4byte	.LASF74
 878 057a 06       		.byte	0x6
 879 057b 9D       		.byte	0x9d
 880 057c FD000000 		.4byte	0xfd
 881 0580 11       		.uleb128 0x11
 882 0581 B6000000 		.4byte	.LASF75
 883 0585 06       		.byte	0x6
 884 0586 A4       		.byte	0xa4
 885 0587 FD000000 		.4byte	0xfd
 886 058b 11       		.uleb128 0x11
 887 058c 94040000 		.4byte	.LASF76
 888 0590 06       		.byte	0x6
 889 0591 AB       		.byte	0xab
 890 0592 8F020000 		.4byte	0x28f
 891 0596 11       		.uleb128 0x11
 892 0597 A8030000 		.4byte	.LASF77
 893 059b 06       		.byte	0x6
 894 059c B2       		.byte	0xb2
 895 059d 08010000 		.4byte	0x108
 896 05a1 00       		.byte	0
 897 05a2 09       		.uleb128 0x9
 898 05a3 04       		.byte	0x4
 899 05a4 A8050000 		.4byte	0x5a8
 900 05a8 12       		.uleb128 0x12
 901 05a9 AD050000 		.4byte	0x5ad
 902 05ad 03       		.uleb128 0x3
 903 05ae 01       		.byte	0x1
 904 05af 08       		.byte	0x8
 905 05b0 E1030000 		.4byte	.LASF78
 906 05b4 09       		.uleb128 0x9
 907 05b5 04       		.byte	0x4
ARM GAS  /tmp/ccgwxRxY.s 			page 17


 908 05b6 91020000 		.4byte	0x291
 909 05ba 09       		.uleb128 0x9
 910 05bb 04       		.byte	0x4
 911 05bc 62050000 		.4byte	0x562
 912 05c0 08       		.uleb128 0x8
 913 05c1 10       		.byte	0x10
 914 05c2 0B       		.byte	0xb
 915 05c3 71       		.byte	0x71
 916 05c4 F9050000 		.4byte	0x5f9
 917 05c8 06       		.uleb128 0x6
 918 05c9 E3000000 		.4byte	.LASF79
 919 05cd 0B       		.byte	0xb
 920 05ce 72       		.byte	0x72
 921 05cf 13010000 		.4byte	0x113
 922 05d3 00       		.byte	0
 923 05d4 06       		.uleb128 0x6
 924 05d5 62000000 		.4byte	.LASF80
 925 05d9 0B       		.byte	0xb
 926 05da 73       		.byte	0x73
 927 05db 53020000 		.4byte	0x253
 928 05df 04       		.byte	0x4
 929 05e0 06       		.uleb128 0x6
 930 05e1 BC040000 		.4byte	.LASF81
 931 05e5 0B       		.byte	0xb
 932 05e6 74       		.byte	0x74
 933 05e7 8F020000 		.4byte	0x28f
 934 05eb 08       		.byte	0x8
 935 05ec 06       		.uleb128 0x6
 936 05ed 7D040000 		.4byte	.LASF82
 937 05f1 0B       		.byte	0xb
 938 05f2 75       		.byte	0x75
 939 05f3 93000000 		.4byte	0x93
 940 05f7 0C       		.byte	0xc
 941 05f8 00       		.byte	0
 942 05f9 04       		.uleb128 0x4
 943 05fa D8020000 		.4byte	.LASF83
 944 05fe 0B       		.byte	0xb
 945 05ff 76       		.byte	0x76
 946 0600 C0050000 		.4byte	0x5c0
 947 0604 13       		.uleb128 0x13
 948 0605 0804     		.2byte	0x408
 949 0607 0B       		.byte	0xb
 950 0608 7B       		.byte	0x7b
 951 0609 32060000 		.4byte	0x632
 952 060d 06       		.uleb128 0x6
 953 060e BF000000 		.4byte	.LASF84
 954 0612 0B       		.byte	0xb
 955 0613 7C       		.byte	0x7c
 956 0614 28000000 		.4byte	0x28
 957 0618 00       		.byte	0
 958 0619 06       		.uleb128 0x6
 959 061a AB010000 		.4byte	.LASF85
 960 061e 0B       		.byte	0xb
 961 061f 7D       		.byte	0x7d
 962 0620 32060000 		.4byte	0x632
 963 0624 04       		.byte	0x4
 964 0625 06       		.uleb128 0x6
ARM GAS  /tmp/ccgwxRxY.s 			page 18


 965 0626 38030000 		.4byte	.LASF86
 966 062a 0B       		.byte	0xb
 967 062b 7F       		.byte	0x7f
 968 062c 38060000 		.4byte	0x638
 969 0630 08       		.byte	0x8
 970 0631 00       		.byte	0
 971 0632 09       		.uleb128 0x9
 972 0633 04       		.byte	0x4
 973 0634 F9050000 		.4byte	0x5f9
 974 0638 14       		.uleb128 0x14
 975 0639 F9050000 		.4byte	0x5f9
 976 063d 48060000 		.4byte	0x648
 977 0641 15       		.uleb128 0x15
 978 0642 09040000 		.4byte	0x409
 979 0646 3F       		.byte	0x3f
 980 0647 00       		.byte	0
 981 0648 04       		.uleb128 0x4
 982 0649 49000000 		.4byte	.LASF87
 983 064d 0B       		.byte	0xb
 984 064e 80       		.byte	0x80
 985 064f 04060000 		.4byte	0x604
 986 0653 16       		.uleb128 0x16
 987 0654 58010000 		.4byte	.LASF96
 988 0658 01       		.byte	0x1
 989 0659 E5       		.byte	0xe5
 990 065a 00000000 		.4byte	.LFB0
 991 065e 18000000 		.4byte	.LFE0-.LFB0
 992 0662 01       		.uleb128 0x1
 993 0663 9C       		.byte	0x9c
 994 0664 17       		.uleb128 0x17
 995 0665 0B010000 		.4byte	.LASF88
 996 0669 01       		.byte	0x1
 997 066a F2       		.byte	0xf2
 998 066b 00000000 		.4byte	.LFB1
 999 066f 60000000 		.4byte	.LFE1-.LFB1
 1000 0673 01       		.uleb128 0x1
 1001 0674 9C       		.byte	0x9c
 1002 0675 88060000 		.4byte	0x688
 1003 0679 18       		.uleb128 0x18
 1004 067a 6F747000 		.ascii	"otp\000"
 1005 067e 01       		.byte	0x1
 1006 067f F2       		.byte	0xf2
 1007 0680 53020000 		.4byte	0x253
 1008 0684 02       		.uleb128 0x2
 1009 0685 91       		.byte	0x91
 1010 0686 7C       		.sleb128 -4
 1011 0687 00       		.byte	0
 1012 0688 19       		.uleb128 0x19
 1013 0689 06000000 		.4byte	.LASF89
 1014 068d 01       		.byte	0x1
 1015 068e 0F01     		.2byte	0x10f
 1016 0690 00000000 		.4byte	.LFB2
 1017 0694 1C000000 		.4byte	.LFE2-.LFB2
 1018 0698 01       		.uleb128 0x1
 1019 0699 9C       		.byte	0x9c
 1020 069a AE060000 		.4byte	0x6ae
 1021 069e 1A       		.uleb128 0x1a
ARM GAS  /tmp/ccgwxRxY.s 			page 19


 1022 069f 6D736700 		.ascii	"msg\000"
 1023 06a3 01       		.byte	0x1
 1024 06a4 0F01     		.2byte	0x10f
 1025 06a6 A2050000 		.4byte	0x5a2
 1026 06aa 02       		.uleb128 0x2
 1027 06ab 91       		.byte	0x91
 1028 06ac 74       		.sleb128 -12
 1029 06ad 00       		.byte	0
 1030 06ae 1B       		.uleb128 0x1b
 1031 06af 2B000000 		.4byte	.LASF90
 1032 06b3 08       		.byte	0x8
 1033 06b4 F5       		.byte	0xf5
 1034 06b5 C4040000 		.4byte	0x4c4
 1035 06b9 1B       		.uleb128 0x1b
 1036 06ba 86040000 		.4byte	.LASF91
 1037 06be 09       		.byte	0x9
 1038 06bf 6F       		.byte	0x6f
 1039 06c0 20050000 		.4byte	0x520
 1040 06c4 1C       		.uleb128 0x1c
 1041 06c5 1F030000 		.4byte	.LASF92
 1042 06c9 01       		.byte	0x1
 1043 06ca DF       		.byte	0xdf
 1044 06cb 48060000 		.4byte	0x648
 1045 06cf 05       		.uleb128 0x5
 1046 06d0 03       		.byte	0x3
 1047 06d1 00000000 		.4byte	dbg_trace_buffer
 1048 06d5 1D       		.uleb128 0x1d
 1049 06d6 6D030000 		.4byte	.LASF93
 1050 06da 01       		.byte	0x1
 1051 06db 0801     		.2byte	0x108
 1052 06dd A2050000 		.4byte	0x5a2
 1053 06e1 05       		.uleb128 0x5
 1054 06e2 03       		.byte	0x3
 1055 06e3 00000000 		.4byte	dbg_panic_msg
 1056 06e7 00       		.byte	0
 1057              		.section	.debug_abbrev,"",%progbits
 1058              	.Ldebug_abbrev0:
 1059 0000 01       		.uleb128 0x1
 1060 0001 11       		.uleb128 0x11
 1061 0002 01       		.byte	0x1
 1062 0003 25       		.uleb128 0x25
 1063 0004 0E       		.uleb128 0xe
 1064 0005 13       		.uleb128 0x13
 1065 0006 0B       		.uleb128 0xb
 1066 0007 03       		.uleb128 0x3
 1067 0008 0E       		.uleb128 0xe
 1068 0009 55       		.uleb128 0x55
 1069 000a 17       		.uleb128 0x17
 1070 000b 11       		.uleb128 0x11
 1071 000c 01       		.uleb128 0x1
 1072 000d 10       		.uleb128 0x10
 1073 000e 17       		.uleb128 0x17
 1074 000f 00       		.byte	0
 1075 0010 00       		.byte	0
 1076 0011 02       		.uleb128 0x2
 1077 0012 24       		.uleb128 0x24
 1078 0013 00       		.byte	0
ARM GAS  /tmp/ccgwxRxY.s 			page 20


 1079 0014 0B       		.uleb128 0xb
 1080 0015 0B       		.uleb128 0xb
 1081 0016 3E       		.uleb128 0x3e
 1082 0017 0B       		.uleb128 0xb
 1083 0018 03       		.uleb128 0x3
 1084 0019 08       		.uleb128 0x8
 1085 001a 00       		.byte	0
 1086 001b 00       		.byte	0
 1087 001c 03       		.uleb128 0x3
 1088 001d 24       		.uleb128 0x24
 1089 001e 00       		.byte	0
 1090 001f 0B       		.uleb128 0xb
 1091 0020 0B       		.uleb128 0xb
 1092 0021 3E       		.uleb128 0x3e
 1093 0022 0B       		.uleb128 0xb
 1094 0023 03       		.uleb128 0x3
 1095 0024 0E       		.uleb128 0xe
 1096 0025 00       		.byte	0
 1097 0026 00       		.byte	0
 1098 0027 04       		.uleb128 0x4
 1099 0028 16       		.uleb128 0x16
 1100 0029 00       		.byte	0
 1101 002a 03       		.uleb128 0x3
 1102 002b 0E       		.uleb128 0xe
 1103 002c 3A       		.uleb128 0x3a
 1104 002d 0B       		.uleb128 0xb
 1105 002e 3B       		.uleb128 0x3b
 1106 002f 0B       		.uleb128 0xb
 1107 0030 49       		.uleb128 0x49
 1108 0031 13       		.uleb128 0x13
 1109 0032 00       		.byte	0
 1110 0033 00       		.byte	0
 1111 0034 05       		.uleb128 0x5
 1112 0035 13       		.uleb128 0x13
 1113 0036 01       		.byte	0x1
 1114 0037 03       		.uleb128 0x3
 1115 0038 0E       		.uleb128 0xe
 1116 0039 0B       		.uleb128 0xb
 1117 003a 0B       		.uleb128 0xb
 1118 003b 3A       		.uleb128 0x3a
 1119 003c 0B       		.uleb128 0xb
 1120 003d 3B       		.uleb128 0x3b
 1121 003e 0B       		.uleb128 0xb
 1122 003f 01       		.uleb128 0x1
 1123 0040 13       		.uleb128 0x13
 1124 0041 00       		.byte	0
 1125 0042 00       		.byte	0
 1126 0043 06       		.uleb128 0x6
 1127 0044 0D       		.uleb128 0xd
 1128 0045 00       		.byte	0
 1129 0046 03       		.uleb128 0x3
 1130 0047 0E       		.uleb128 0xe
 1131 0048 3A       		.uleb128 0x3a
 1132 0049 0B       		.uleb128 0xb
 1133 004a 3B       		.uleb128 0x3b
 1134 004b 0B       		.uleb128 0xb
 1135 004c 49       		.uleb128 0x49
ARM GAS  /tmp/ccgwxRxY.s 			page 21


 1136 004d 13       		.uleb128 0x13
 1137 004e 38       		.uleb128 0x38
 1138 004f 0B       		.uleb128 0xb
 1139 0050 00       		.byte	0
 1140 0051 00       		.byte	0
 1141 0052 07       		.uleb128 0x7
 1142 0053 0D       		.uleb128 0xd
 1143 0054 00       		.byte	0
 1144 0055 03       		.uleb128 0x3
 1145 0056 08       		.uleb128 0x8
 1146 0057 3A       		.uleb128 0x3a
 1147 0058 0B       		.uleb128 0xb
 1148 0059 3B       		.uleb128 0x3b
 1149 005a 0B       		.uleb128 0xb
 1150 005b 49       		.uleb128 0x49
 1151 005c 13       		.uleb128 0x13
 1152 005d 38       		.uleb128 0x38
 1153 005e 0B       		.uleb128 0xb
 1154 005f 00       		.byte	0
 1155 0060 00       		.byte	0
 1156 0061 08       		.uleb128 0x8
 1157 0062 13       		.uleb128 0x13
 1158 0063 01       		.byte	0x1
 1159 0064 0B       		.uleb128 0xb
 1160 0065 0B       		.uleb128 0xb
 1161 0066 3A       		.uleb128 0x3a
 1162 0067 0B       		.uleb128 0xb
 1163 0068 3B       		.uleb128 0x3b
 1164 0069 0B       		.uleb128 0xb
 1165 006a 01       		.uleb128 0x1
 1166 006b 13       		.uleb128 0x13
 1167 006c 00       		.byte	0
 1168 006d 00       		.byte	0
 1169 006e 09       		.uleb128 0x9
 1170 006f 0F       		.uleb128 0xf
 1171 0070 00       		.byte	0
 1172 0071 0B       		.uleb128 0xb
 1173 0072 0B       		.uleb128 0xb
 1174 0073 49       		.uleb128 0x49
 1175 0074 13       		.uleb128 0x13
 1176 0075 00       		.byte	0
 1177 0076 00       		.byte	0
 1178 0077 0A       		.uleb128 0xa
 1179 0078 0F       		.uleb128 0xf
 1180 0079 00       		.byte	0
 1181 007a 0B       		.uleb128 0xb
 1182 007b 0B       		.uleb128 0xb
 1183 007c 00       		.byte	0
 1184 007d 00       		.byte	0
 1185 007e 0B       		.uleb128 0xb
 1186 007f 13       		.uleb128 0x13
 1187 0080 01       		.byte	0x1
 1188 0081 03       		.uleb128 0x3
 1189 0082 0E       		.uleb128 0xe
 1190 0083 0B       		.uleb128 0xb
 1191 0084 0B       		.uleb128 0xb
 1192 0085 3A       		.uleb128 0x3a
ARM GAS  /tmp/ccgwxRxY.s 			page 22


 1193 0086 0B       		.uleb128 0xb
 1194 0087 3B       		.uleb128 0x3b
 1195 0088 05       		.uleb128 0x5
 1196 0089 01       		.uleb128 0x1
 1197 008a 13       		.uleb128 0x13
 1198 008b 00       		.byte	0
 1199 008c 00       		.byte	0
 1200 008d 0C       		.uleb128 0xc
 1201 008e 0D       		.uleb128 0xd
 1202 008f 00       		.byte	0
 1203 0090 03       		.uleb128 0x3
 1204 0091 08       		.uleb128 0x8
 1205 0092 3A       		.uleb128 0x3a
 1206 0093 0B       		.uleb128 0xb
 1207 0094 3B       		.uleb128 0x3b
 1208 0095 05       		.uleb128 0x5
 1209 0096 49       		.uleb128 0x49
 1210 0097 13       		.uleb128 0x13
 1211 0098 38       		.uleb128 0x38
 1212 0099 0B       		.uleb128 0xb
 1213 009a 00       		.byte	0
 1214 009b 00       		.byte	0
 1215 009c 0D       		.uleb128 0xd
 1216 009d 15       		.uleb128 0x15
 1217 009e 01       		.byte	0x1
 1218 009f 27       		.uleb128 0x27
 1219 00a0 19       		.uleb128 0x19
 1220 00a1 01       		.uleb128 0x1
 1221 00a2 13       		.uleb128 0x13
 1222 00a3 00       		.byte	0
 1223 00a4 00       		.byte	0
 1224 00a5 0E       		.uleb128 0xe
 1225 00a6 05       		.uleb128 0x5
 1226 00a7 00       		.byte	0
 1227 00a8 49       		.uleb128 0x49
 1228 00a9 13       		.uleb128 0x13
 1229 00aa 00       		.byte	0
 1230 00ab 00       		.byte	0
 1231 00ac 0F       		.uleb128 0xf
 1232 00ad 35       		.uleb128 0x35
 1233 00ae 00       		.byte	0
 1234 00af 49       		.uleb128 0x49
 1235 00b0 13       		.uleb128 0x13
 1236 00b1 00       		.byte	0
 1237 00b2 00       		.byte	0
 1238 00b3 10       		.uleb128 0x10
 1239 00b4 17       		.uleb128 0x17
 1240 00b5 01       		.byte	0x1
 1241 00b6 0B       		.uleb128 0xb
 1242 00b7 0B       		.uleb128 0xb
 1243 00b8 3A       		.uleb128 0x3a
 1244 00b9 0B       		.uleb128 0xb
 1245 00ba 3B       		.uleb128 0x3b
 1246 00bb 0B       		.uleb128 0xb
 1247 00bc 01       		.uleb128 0x1
 1248 00bd 13       		.uleb128 0x13
 1249 00be 00       		.byte	0
ARM GAS  /tmp/ccgwxRxY.s 			page 23


 1250 00bf 00       		.byte	0
 1251 00c0 11       		.uleb128 0x11
 1252 00c1 0D       		.uleb128 0xd
 1253 00c2 00       		.byte	0
 1254 00c3 03       		.uleb128 0x3
 1255 00c4 0E       		.uleb128 0xe
 1256 00c5 3A       		.uleb128 0x3a
 1257 00c6 0B       		.uleb128 0xb
 1258 00c7 3B       		.uleb128 0x3b
 1259 00c8 0B       		.uleb128 0xb
 1260 00c9 49       		.uleb128 0x49
 1261 00ca 13       		.uleb128 0x13
 1262 00cb 00       		.byte	0
 1263 00cc 00       		.byte	0
 1264 00cd 12       		.uleb128 0x12
 1265 00ce 26       		.uleb128 0x26
 1266 00cf 00       		.byte	0
 1267 00d0 49       		.uleb128 0x49
 1268 00d1 13       		.uleb128 0x13
 1269 00d2 00       		.byte	0
 1270 00d3 00       		.byte	0
 1271 00d4 13       		.uleb128 0x13
 1272 00d5 13       		.uleb128 0x13
 1273 00d6 01       		.byte	0x1
 1274 00d7 0B       		.uleb128 0xb
 1275 00d8 05       		.uleb128 0x5
 1276 00d9 3A       		.uleb128 0x3a
 1277 00da 0B       		.uleb128 0xb
 1278 00db 3B       		.uleb128 0x3b
 1279 00dc 0B       		.uleb128 0xb
 1280 00dd 01       		.uleb128 0x1
 1281 00de 13       		.uleb128 0x13
 1282 00df 00       		.byte	0
 1283 00e0 00       		.byte	0
 1284 00e1 14       		.uleb128 0x14
 1285 00e2 01       		.uleb128 0x1
 1286 00e3 01       		.byte	0x1
 1287 00e4 49       		.uleb128 0x49
 1288 00e5 13       		.uleb128 0x13
 1289 00e6 01       		.uleb128 0x1
 1290 00e7 13       		.uleb128 0x13
 1291 00e8 00       		.byte	0
 1292 00e9 00       		.byte	0
 1293 00ea 15       		.uleb128 0x15
 1294 00eb 21       		.uleb128 0x21
 1295 00ec 00       		.byte	0
 1296 00ed 49       		.uleb128 0x49
 1297 00ee 13       		.uleb128 0x13
 1298 00ef 2F       		.uleb128 0x2f
 1299 00f0 0B       		.uleb128 0xb
 1300 00f1 00       		.byte	0
 1301 00f2 00       		.byte	0
 1302 00f3 16       		.uleb128 0x16
 1303 00f4 2E       		.uleb128 0x2e
 1304 00f5 00       		.byte	0
 1305 00f6 3F       		.uleb128 0x3f
 1306 00f7 19       		.uleb128 0x19
ARM GAS  /tmp/ccgwxRxY.s 			page 24


 1307 00f8 03       		.uleb128 0x3
 1308 00f9 0E       		.uleb128 0xe
 1309 00fa 3A       		.uleb128 0x3a
 1310 00fb 0B       		.uleb128 0xb
 1311 00fc 3B       		.uleb128 0x3b
 1312 00fd 0B       		.uleb128 0xb
 1313 00fe 27       		.uleb128 0x27
 1314 00ff 19       		.uleb128 0x19
 1315 0100 11       		.uleb128 0x11
 1316 0101 01       		.uleb128 0x1
 1317 0102 12       		.uleb128 0x12
 1318 0103 06       		.uleb128 0x6
 1319 0104 40       		.uleb128 0x40
 1320 0105 18       		.uleb128 0x18
 1321 0106 9742     		.uleb128 0x2117
 1322 0108 19       		.uleb128 0x19
 1323 0109 00       		.byte	0
 1324 010a 00       		.byte	0
 1325 010b 17       		.uleb128 0x17
 1326 010c 2E       		.uleb128 0x2e
 1327 010d 01       		.byte	0x1
 1328 010e 3F       		.uleb128 0x3f
 1329 010f 19       		.uleb128 0x19
 1330 0110 03       		.uleb128 0x3
 1331 0111 0E       		.uleb128 0xe
 1332 0112 3A       		.uleb128 0x3a
 1333 0113 0B       		.uleb128 0xb
 1334 0114 3B       		.uleb128 0x3b
 1335 0115 0B       		.uleb128 0xb
 1336 0116 27       		.uleb128 0x27
 1337 0117 19       		.uleb128 0x19
 1338 0118 11       		.uleb128 0x11
 1339 0119 01       		.uleb128 0x1
 1340 011a 12       		.uleb128 0x12
 1341 011b 06       		.uleb128 0x6
 1342 011c 40       		.uleb128 0x40
 1343 011d 18       		.uleb128 0x18
 1344 011e 9742     		.uleb128 0x2117
 1345 0120 19       		.uleb128 0x19
 1346 0121 01       		.uleb128 0x1
 1347 0122 13       		.uleb128 0x13
 1348 0123 00       		.byte	0
 1349 0124 00       		.byte	0
 1350 0125 18       		.uleb128 0x18
 1351 0126 05       		.uleb128 0x5
 1352 0127 00       		.byte	0
 1353 0128 03       		.uleb128 0x3
 1354 0129 08       		.uleb128 0x8
 1355 012a 3A       		.uleb128 0x3a
 1356 012b 0B       		.uleb128 0xb
 1357 012c 3B       		.uleb128 0x3b
 1358 012d 0B       		.uleb128 0xb
 1359 012e 49       		.uleb128 0x49
 1360 012f 13       		.uleb128 0x13
 1361 0130 02       		.uleb128 0x2
 1362 0131 18       		.uleb128 0x18
 1363 0132 00       		.byte	0
ARM GAS  /tmp/ccgwxRxY.s 			page 25


 1364 0133 00       		.byte	0
 1365 0134 19       		.uleb128 0x19
 1366 0135 2E       		.uleb128 0x2e
 1367 0136 01       		.byte	0x1
 1368 0137 3F       		.uleb128 0x3f
 1369 0138 19       		.uleb128 0x19
 1370 0139 03       		.uleb128 0x3
 1371 013a 0E       		.uleb128 0xe
 1372 013b 3A       		.uleb128 0x3a
 1373 013c 0B       		.uleb128 0xb
 1374 013d 3B       		.uleb128 0x3b
 1375 013e 05       		.uleb128 0x5
 1376 013f 27       		.uleb128 0x27
 1377 0140 19       		.uleb128 0x19
 1378 0141 11       		.uleb128 0x11
 1379 0142 01       		.uleb128 0x1
 1380 0143 12       		.uleb128 0x12
 1381 0144 06       		.uleb128 0x6
 1382 0145 40       		.uleb128 0x40
 1383 0146 18       		.uleb128 0x18
 1384 0147 9642     		.uleb128 0x2116
 1385 0149 19       		.uleb128 0x19
 1386 014a 01       		.uleb128 0x1
 1387 014b 13       		.uleb128 0x13
 1388 014c 00       		.byte	0
 1389 014d 00       		.byte	0
 1390 014e 1A       		.uleb128 0x1a
 1391 014f 05       		.uleb128 0x5
 1392 0150 00       		.byte	0
 1393 0151 03       		.uleb128 0x3
 1394 0152 08       		.uleb128 0x8
 1395 0153 3A       		.uleb128 0x3a
 1396 0154 0B       		.uleb128 0xb
 1397 0155 3B       		.uleb128 0x3b
 1398 0156 05       		.uleb128 0x5
 1399 0157 49       		.uleb128 0x49
 1400 0158 13       		.uleb128 0x13
 1401 0159 02       		.uleb128 0x2
 1402 015a 18       		.uleb128 0x18
 1403 015b 00       		.byte	0
 1404 015c 00       		.byte	0
 1405 015d 1B       		.uleb128 0x1b
 1406 015e 34       		.uleb128 0x34
 1407 015f 00       		.byte	0
 1408 0160 03       		.uleb128 0x3
 1409 0161 0E       		.uleb128 0xe
 1410 0162 3A       		.uleb128 0x3a
 1411 0163 0B       		.uleb128 0xb
 1412 0164 3B       		.uleb128 0x3b
 1413 0165 0B       		.uleb128 0xb
 1414 0166 49       		.uleb128 0x49
 1415 0167 13       		.uleb128 0x13
 1416 0168 3F       		.uleb128 0x3f
 1417 0169 19       		.uleb128 0x19
 1418 016a 3C       		.uleb128 0x3c
 1419 016b 19       		.uleb128 0x19
 1420 016c 00       		.byte	0
ARM GAS  /tmp/ccgwxRxY.s 			page 26


 1421 016d 00       		.byte	0
 1422 016e 1C       		.uleb128 0x1c
 1423 016f 34       		.uleb128 0x34
 1424 0170 00       		.byte	0
 1425 0171 03       		.uleb128 0x3
 1426 0172 0E       		.uleb128 0xe
 1427 0173 3A       		.uleb128 0x3a
 1428 0174 0B       		.uleb128 0xb
 1429 0175 3B       		.uleb128 0x3b
 1430 0176 0B       		.uleb128 0xb
 1431 0177 49       		.uleb128 0x49
 1432 0178 13       		.uleb128 0x13
 1433 0179 3F       		.uleb128 0x3f
 1434 017a 19       		.uleb128 0x19
 1435 017b 02       		.uleb128 0x2
 1436 017c 18       		.uleb128 0x18
 1437 017d 00       		.byte	0
 1438 017e 00       		.byte	0
 1439 017f 1D       		.uleb128 0x1d
 1440 0180 34       		.uleb128 0x34
 1441 0181 00       		.byte	0
 1442 0182 03       		.uleb128 0x3
 1443 0183 0E       		.uleb128 0xe
 1444 0184 3A       		.uleb128 0x3a
 1445 0185 0B       		.uleb128 0xb
 1446 0186 3B       		.uleb128 0x3b
 1447 0187 05       		.uleb128 0x5
 1448 0188 49       		.uleb128 0x49
 1449 0189 13       		.uleb128 0x13
 1450 018a 3F       		.uleb128 0x3f
 1451 018b 19       		.uleb128 0x19
 1452 018c 02       		.uleb128 0x2
 1453 018d 18       		.uleb128 0x18
 1454 018e 00       		.byte	0
 1455 018f 00       		.byte	0
 1456 0190 00       		.byte	0
 1457              		.section	.debug_aranges,"",%progbits
 1458 0000 2C000000 		.4byte	0x2c
 1459 0004 0200     		.2byte	0x2
 1460 0006 00000000 		.4byte	.Ldebug_info0
 1461 000a 04       		.byte	0x4
 1462 000b 00       		.byte	0
 1463 000c 0000     		.2byte	0
 1464 000e 0000     		.2byte	0
 1465 0010 00000000 		.4byte	.LFB0
 1466 0014 18000000 		.4byte	.LFE0-.LFB0
 1467 0018 00000000 		.4byte	.LFB1
 1468 001c 60000000 		.4byte	.LFE1-.LFB1
 1469 0020 00000000 		.4byte	.LFB2
 1470 0024 1C000000 		.4byte	.LFE2-.LFB2
 1471 0028 00000000 		.4byte	0
 1472 002c 00000000 		.4byte	0
 1473              		.section	.debug_ranges,"",%progbits
 1474              	.Ldebug_ranges0:
 1475 0000 00000000 		.4byte	.LFB0
 1476 0004 18000000 		.4byte	.LFE0
 1477 0008 00000000 		.4byte	.LFB1
ARM GAS  /tmp/ccgwxRxY.s 			page 27


 1478 000c 60000000 		.4byte	.LFE1
 1479 0010 00000000 		.4byte	.LFB2
 1480 0014 1C000000 		.4byte	.LFE2
 1481 0018 00000000 		.4byte	0
 1482 001c 00000000 		.4byte	0
 1483              		.section	.debug_line,"",%progbits
 1484              	.Ldebug_line0:
 1485 0000 F8010000 		.section	.debug_str,"MS",%progbits,1
 1485      0200B501 
 1485      00000201 
 1485      FB0E0D00 
 1485      01010101 
 1486              	.LASF42:
 1487 0000 705F6D73 		.ascii	"p_msg\000"
 1487      6700
 1488              	.LASF89:
 1489 0006 63684462 		.ascii	"chDbgPanic\000"
 1489      6750616E 
 1489      696300
 1490              	.LASF74:
 1491 0011 7264796D 		.ascii	"rdymsg\000"
 1491      736700
 1492              	.LASF16:
 1493 0018 75696E74 		.ascii	"uint64_t\000"
 1493      36345F74 
 1493      00
 1494              	.LASF5:
 1495 0021 5F5F7569 		.ascii	"__uint8_t\000"
 1495      6E74385F 
 1495      7400
 1496              	.LASF90:
 1497 002b 76746C69 		.ascii	"vtlist\000"
 1497      737400
 1498              	.LASF12:
 1499 0032 6C6F6E67 		.ascii	"long long unsigned int\000"
 1499      206C6F6E 
 1499      6720756E 
 1499      7369676E 
 1499      65642069 
 1500              	.LASF87:
 1501 0049 63685F74 		.ascii	"ch_trace_buffer_t\000"
 1501      72616365 
 1501      5F627566 
 1501      6665725F 
 1501      7400
 1502              	.LASF29:
 1503 005b 705F7072 		.ascii	"p_prio\000"
 1503      696F00
 1504              	.LASF80:
 1505 0062 73655F74 		.ascii	"se_tp\000"
 1505      7000
 1506              	.LASF10:
 1507 0068 6C6F6E67 		.ascii	"long long int\000"
 1507      206C6F6E 
 1507      6720696E 
 1507      7400
 1508              	.LASF1:
ARM GAS  /tmp/ccgwxRxY.s 			page 28


 1509 0076 7369676E 		.ascii	"signed char\000"
 1509      65642063 
 1509      68617200 
 1510              	.LASF46:
 1511 0082 705F6D70 		.ascii	"p_mpool\000"
 1511      6F6F6C00 
 1512              	.LASF71:
 1513 008a 6D5F7175 		.ascii	"m_queue\000"
 1513      65756500 
 1514              	.LASF21:
 1515 0092 74736C69 		.ascii	"tslices_t\000"
 1515      6365735F 
 1515      7400
 1516              	.LASF7:
 1517 009c 6C6F6E67 		.ascii	"long int\000"
 1517      20696E74 
 1517      00
 1518              	.LASF19:
 1519 00a5 74737461 		.ascii	"tstate_t\000"
 1519      74655F74 
 1519      00
 1520              	.LASF31:
 1521 00ae 705F6E65 		.ascii	"p_newer\000"
 1521      77657200 
 1522              	.LASF75:
 1523 00b6 65786974 		.ascii	"exitcode\000"
 1523      636F6465 
 1523      00
 1524              	.LASF84:
 1525 00bf 74625F73 		.ascii	"tb_size\000"
 1525      697A6500 
 1526              	.LASF8:
 1527 00c7 5F5F7569 		.ascii	"__uint32_t\000"
 1527      6E743332 
 1527      5F7400
 1528              	.LASF49:
 1529 00d2 72656761 		.ascii	"regarm_t\000"
 1529      726D5F74 
 1529      00
 1530              	.LASF57:
 1531 00db 76745F70 		.ascii	"vt_prev\000"
 1531      72657600 
 1532              	.LASF79:
 1533 00e3 73655F74 		.ascii	"se_time\000"
 1533      696D6500 
 1534              	.LASF34:
 1535 00eb 705F7374 		.ascii	"p_stklimit\000"
 1535      6B6C696D 
 1535      697400
 1536              	.LASF0:
 1537 00f6 756E7369 		.ascii	"unsigned int\000"
 1537      676E6564 
 1537      20696E74 
 1537      00
 1538              	.LASF56:
 1539 0103 76745F6E 		.ascii	"vt_next\000"
 1539      65787400 
ARM GAS  /tmp/ccgwxRxY.s 			page 29


 1540              	.LASF88:
 1541 010b 6462675F 		.ascii	"dbg_trace\000"
 1541      74726163 
 1541      6500
 1542              	.LASF9:
 1543 0115 6C6F6E67 		.ascii	"long unsigned int\000"
 1543      20756E73 
 1543      69676E65 
 1543      6420696E 
 1543      7400
 1544              	.LASF54:
 1545 0127 76746675 		.ascii	"vtfunc_t\000"
 1545      6E635F74 
 1545      00
 1546              	.LASF55:
 1547 0130 56697274 		.ascii	"VirtualTimer\000"
 1547      75616C54 
 1547      696D6572 
 1547      00
 1548              	.LASF52:
 1549 013d 636F6E74 		.ascii	"context\000"
 1549      65787400 
 1550              	.LASF4:
 1551 0145 73686F72 		.ascii	"short unsigned int\000"
 1551      7420756E 
 1551      7369676E 
 1551      65642069 
 1551      6E7400
 1552              	.LASF96:
 1553 0158 5F747261 		.ascii	"_trace_init\000"
 1553      63655F69 
 1553      6E697400 
 1554              	.LASF23:
 1555 0164 6D73675F 		.ascii	"msg_t\000"
 1555      7400
 1556              	.LASF66:
 1557 016a 725F6E65 		.ascii	"r_newer\000"
 1557      77657200 
 1558              	.LASF18:
 1559 0172 746D6F64 		.ascii	"tmode_t\000"
 1559      655F7400 
 1560              	.LASF48:
 1561 017a 54687265 		.ascii	"ThreadsList\000"
 1561      6164734C 
 1561      69737400 
 1562              	.LASF24:
 1563 0186 6576656E 		.ascii	"eventmask_t\000"
 1563      746D6173 
 1563      6B5F7400 
 1564              	.LASF70:
 1565 0192 4D757465 		.ascii	"Mutex\000"
 1565      7800
 1566              	.LASF50:
 1567 0198 73746B61 		.ascii	"stkalign_t\000"
 1567      6C69676E 
 1567      5F7400
 1568              	.LASF58:
ARM GAS  /tmp/ccgwxRxY.s 			page 30


 1569 01a3 76745F74 		.ascii	"vt_time\000"
 1569      696D6500 
 1570              	.LASF85:
 1571 01ab 74625F70 		.ascii	"tb_ptr\000"
 1571      747200
 1572              	.LASF53:
 1573 01b2 73697A65 		.ascii	"sizetype\000"
 1573      74797065 
 1573      00
 1574              	.LASF94:
 1575 01bb 474E5520 		.ascii	"GNU C 4.9.3 20150303 (release) [ARM/embedded-4_9-br"
 1575      4320342E 
 1575      392E3320 
 1575      32303135 
 1575      30333033 
 1576 01ee 616E6368 		.ascii	"anch revision 221220] -mcpu=cortex-m4 -mfloat-abi=h"
 1576      20726576 
 1576      6973696F 
 1576      6E203232 
 1576      31323230 
 1577 0221 61726420 		.ascii	"ard -mfpu=fpv4-sp-d16 -mno-thumb-interwork -mthumb "
 1577      2D6D6670 
 1577      753D6670 
 1577      76342D73 
 1577      702D6431 
 1578 0254 2D676764 		.ascii	"-ggdb -fomit-frame-pointer -falign-functions=16 -ff"
 1578      62202D66 
 1578      6F6D6974 
 1578      2D667261 
 1578      6D652D70 
 1579 0287 756E6374 		.ascii	"unction-sections -fdata-sections -fno-common -fsing"
 1579      696F6E2D 
 1579      73656374 
 1579      696F6E73 
 1579      202D6664 
 1580 02ba 6C652D70 		.ascii	"le-precision-constant\000"
 1580      72656369 
 1580      73696F6E 
 1580      2D636F6E 
 1580      7374616E 
 1581              	.LASF59:
 1582 02d0 76745F66 		.ascii	"vt_func\000"
 1582      756E6300 
 1583              	.LASF83:
 1584 02d8 63685F73 		.ascii	"ch_swc_event_t\000"
 1584      77635F65 
 1584      76656E74 
 1584      5F7400
 1585              	.LASF32:
 1586 02e7 705F6F6C 		.ascii	"p_older\000"
 1586      64657200 
 1587              	.LASF65:
 1588 02ef 725F6374 		.ascii	"r_ctx\000"
 1588      7800
 1589              	.LASF47:
 1590 02f5 54687265 		.ascii	"ThreadsQueue\000"
 1590      61647351 
ARM GAS  /tmp/ccgwxRxY.s 			page 31


 1590      75657565 
 1590      00
 1591              	.LASF68:
 1592 0302 725F6375 		.ascii	"r_current\000"
 1592      7272656E 
 1592      7400
 1593              	.LASF67:
 1594 030c 725F6F6C 		.ascii	"r_older\000"
 1594      64657200 
 1595              	.LASF11:
 1596 0314 5F5F7569 		.ascii	"__uint64_t\000"
 1596      6E743634 
 1596      5F7400
 1597              	.LASF92:
 1598 031f 6462675F 		.ascii	"dbg_trace_buffer\000"
 1598      74726163 
 1598      655F6275 
 1598      66666572 
 1598      00
 1599              	.LASF20:
 1600 0330 74726566 		.ascii	"trefs_t\000"
 1600      735F7400 
 1601              	.LASF86:
 1602 0338 74625F62 		.ascii	"tb_buffer\000"
 1602      75666665 
 1602      7200
 1603              	.LASF28:
 1604 0342 705F7072 		.ascii	"p_prev\000"
 1604      657600
 1605              	.LASF22:
 1606 0349 74707269 		.ascii	"tprio_t\000"
 1606      6F5F7400 
 1607              	.LASF17:
 1608 0351 5F426F6F 		.ascii	"_Bool\000"
 1608      6C00
 1609              	.LASF14:
 1610 0357 696E7433 		.ascii	"int32_t\000"
 1610      325F7400 
 1611              	.LASF2:
 1612 035f 756E7369 		.ascii	"unsigned char\000"
 1612      676E6564 
 1612      20636861 
 1612      7200
 1613              	.LASF93:
 1614 036d 6462675F 		.ascii	"dbg_panic_msg\000"
 1614      70616E69 
 1614      635F6D73 
 1614      6700
 1615              	.LASF44:
 1616 037b 705F6D74 		.ascii	"p_mtxlist\000"
 1616      786C6973 
 1616      7400
 1617              	.LASF3:
 1618 0385 73686F72 		.ascii	"short int\000"
 1618      7420696E 
 1618      7400
 1619              	.LASF35:
ARM GAS  /tmp/ccgwxRxY.s 			page 32


 1620 038f 705F7374 		.ascii	"p_state\000"
 1620      61746500 
 1621              	.LASF38:
 1622 0397 705F7072 		.ascii	"p_preempt\000"
 1622      65656D70 
 1622      7400
 1623              	.LASF64:
 1624 03a1 725F7072 		.ascii	"r_prio\000"
 1624      696F00
 1625              	.LASF77:
 1626 03a8 65776D61 		.ascii	"ewmask\000"
 1626      736B00
 1627              	.LASF27:
 1628 03af 705F6E65 		.ascii	"p_next\000"
 1628      787400
 1629              	.LASF36:
 1630 03b6 705F666C 		.ascii	"p_flags\000"
 1630      61677300 
 1631              	.LASF26:
 1632 03be 54687265 		.ascii	"Thread\000"
 1632      616400
 1633              	.LASF43:
 1634 03c5 705F6570 		.ascii	"p_epending\000"
 1634      656E6469 
 1634      6E6700
 1635              	.LASF15:
 1636 03d0 75696E74 		.ascii	"uint32_t\000"
 1636      33325F74 
 1636      00
 1637              	.LASF63:
 1638 03d9 725F7175 		.ascii	"r_queue\000"
 1638      65756500 
 1639              	.LASF78:
 1640 03e1 63686172 		.ascii	"char\000"
 1640      00
 1641              	.LASF73:
 1642 03e6 6D5F6E65 		.ascii	"m_next\000"
 1642      787400
 1643              	.LASF25:
 1644 03ed 73797374 		.ascii	"systime_t\000"
 1644      696D655F 
 1644      7400
 1645              	.LASF45:
 1646 03f7 705F7265 		.ascii	"p_realprio\000"
 1646      616C7072 
 1646      696F00
 1647              	.LASF6:
 1648 0402 5F5F696E 		.ascii	"__int32_t\000"
 1648      7433325F 
 1648      7400
 1649              	.LASF95:
 1650 040c 2F686F6D 		.ascii	"/home/makkmarci/workspace/ChibiOS_2.6.8/os/kernel/s"
 1650      652F6D61 
 1650      6B6B6D61 
 1650      7263692F 
 1650      776F726B 
 1651 043f 72632F63 		.ascii	"rc/chdebug.c\000"
ARM GAS  /tmp/ccgwxRxY.s 			page 33


 1651      68646562 
 1651      75672E63 
 1651      00
 1652              	.LASF39:
 1653 044c 705F7469 		.ascii	"p_time\000"
 1653      6D6500
 1654              	.LASF51:
 1655 0453 696E7463 		.ascii	"intctx\000"
 1655      747800
 1656              	.LASF41:
 1657 045a 705F6D73 		.ascii	"p_msgqueue\000"
 1657      67717565 
 1657      756500
 1658              	.LASF60:
 1659 0465 76745F70 		.ascii	"vt_par\000"
 1659      617200
 1660              	.LASF37:
 1661 046c 705F7265 		.ascii	"p_refs\000"
 1661      667300
 1662              	.LASF69:
 1663 0473 52656164 		.ascii	"ReadyList\000"
 1663      794C6973 
 1663      7400
 1664              	.LASF82:
 1665 047d 73655F73 		.ascii	"se_state\000"
 1665      74617465 
 1665      00
 1666              	.LASF91:
 1667 0486 726C6973 		.ascii	"rlist\000"
 1667      7400
 1668              	.LASF13:
 1669 048c 75696E74 		.ascii	"uint8_t\000"
 1669      385F7400 
 1670              	.LASF76:
 1671 0494 77746F62 		.ascii	"wtobjp\000"
 1671      6A7000
 1672              	.LASF33:
 1673 049b 705F6E61 		.ascii	"p_name\000"
 1673      6D6500
 1674              	.LASF61:
 1675 04a2 76745F73 		.ascii	"vt_systime\000"
 1675      79737469 
 1675      6D6500
 1676              	.LASF62:
 1677 04ad 56544C69 		.ascii	"VTList\000"
 1677      737400
 1678              	.LASF72:
 1679 04b4 6D5F6F77 		.ascii	"m_owner\000"
 1679      6E657200 
 1680              	.LASF81:
 1681 04bc 73655F77 		.ascii	"se_wtobjp\000"
 1681      746F626A 
 1681      7000
 1682              	.LASF30:
 1683 04c6 705F6374 		.ascii	"p_ctx\000"
 1683      7800
 1684              	.LASF40:
ARM GAS  /tmp/ccgwxRxY.s 			page 34


 1685 04cc 705F7761 		.ascii	"p_waiting\000"
 1685      6974696E 
 1685      6700
 1686              		.ident	"GCC: (GNU Tools for ARM Embedded Processors) 4.9.3 20150303 (release) [ARM/embedded-4_9-br
ARM GAS  /tmp/ccgwxRxY.s 			page 35


DEFINED SYMBOLS
                            *ABS*:00000000 chdebug.c
     /tmp/ccgwxRxY.s:25     .bss.dbg_trace_buffer:00000000 dbg_trace_buffer
     /tmp/ccgwxRxY.s:22     .bss.dbg_trace_buffer:00000000 $d
     /tmp/ccgwxRxY.s:28     .text._trace_init:00000000 $t
     /tmp/ccgwxRxY.s:34     .text._trace_init:00000000 _trace_init
     /tmp/ccgwxRxY.s:55     .text._trace_init:00000010 $d
     /tmp/ccgwxRxY.s:61     .text.dbg_trace:00000000 $t
     /tmp/ccgwxRxY.s:67     .text.dbg_trace:00000000 dbg_trace
     /tmp/ccgwxRxY.s:125    .text.dbg_trace:0000004c $d
     /tmp/ccgwxRxY.s:138    .bss.dbg_panic_msg:00000000 dbg_panic_msg
     /tmp/ccgwxRxY.s:135    .bss.dbg_panic_msg:00000000 $d
     /tmp/ccgwxRxY.s:141    .text.chDbgPanic:00000000 $t
     /tmp/ccgwxRxY.s:147    .text.chDbgPanic:00000000 chDbgPanic
     /tmp/ccgwxRxY.s:173    .text.chDbgPanic:00000018 $d
                     .debug_frame:00000010 $d
     /tmp/ccgwxRxY.s:60     .text._trace_init:00000018 $t
     /tmp/ccgwxRxY.s:177    .text.chDbgPanic:0000001c $t

UNDEFINED SYMBOLS
vtlist
rlist
port_halt
