ARM GAS  /tmp/ccQI3oKh.s 			page 1


   1              		.syntax unified
   2              		.cpu cortex-m4
   3              		.eabi_attribute 27, 1
   4              		.eabi_attribute 28, 1
   5              		.fpu fpv4-sp-d16
   6              		.eabi_attribute 20, 1
   7              		.eabi_attribute 21, 1
   8              		.eabi_attribute 23, 3
   9              		.eabi_attribute 24, 1
  10              		.eabi_attribute 25, 1
  11              		.eabi_attribute 26, 1
  12              		.eabi_attribute 30, 6
  13              		.eabi_attribute 34, 1
  14              		.eabi_attribute 18, 4
  15              		.thumb
  16              		.file	"chdynamic.c"
  17              		.text
  18              	.Ltext0:
  19              		.cfi_sections	.debug_frame
  20              		.section	.rodata
  21              		.align	2
  22              	.LC0:
  23 0000 63685468 		.ascii	"chThdAddRef(), #1\000"
  23      64416464 
  23      52656628 
  23      292C2023 
  23      3100
  24              		.section	.text.chThdAddRef,"ax",%progbits
  25              		.align	2
  26              		.p2align 4,,15
  27              		.global	chThdAddRef
  28              		.thumb
  29              		.thumb_func
  30              		.type	chThdAddRef, %function
  31              	chThdAddRef:
  32              	.LFB0:
  33              		.file 1 "/home/makkmarci/workspace/ChibiOS_2.6.8/os/kernel/src/chdynamic.c"
  34              		.loc 1 52 0
  35              		.cfi_startproc
  36              		@ args = 0, pretend = 0, frame = 8
  37              		@ frame_needed = 0, uses_anonymous_args = 0
  38 0000 00B5     		push	{lr}
  39              		.cfi_def_cfa_offset 4
  40              		.cfi_offset 14, -4
  41 0002 83B0     		sub	sp, sp, #12
  42              		.cfi_def_cfa_offset 16
  43 0004 0190     		str	r0, [sp, #4]
  44              		.loc 1 54 0
  45              	@ 54 "/home/makkmarci/workspace/ChibiOS_2.6.8/os/kernel/src/chdynamic.c" 1
  46 0006 FFF7FEFF 		bl      _port_lock
  47              	@ 0 "" 2
  48              		.loc 1 55 0
  49              		.thumb
  50 000a 019B     		ldr	r3, [sp, #4]
  51 000c 93F82230 		ldrb	r3, [r3, #34]	@ zero_extendqisi2
  52 0010 FF2B     		cmp	r3, #255
  53 0012 02D1     		bne	.L2
ARM GAS  /tmp/ccQI3oKh.s 			page 2


  54              		.loc 1 55 0 is_stmt 0 discriminator 1
  55 0014 0848     		ldr	r0, .L4
  56 0016 FFF7FEFF 		bl	chDbgPanic
  57              	.L2:
  58              		.loc 1 56 0 is_stmt 1
  59 001a 019B     		ldr	r3, [sp, #4]
  60 001c 93F82230 		ldrb	r3, [r3, #34]	@ zero_extendqisi2
  61 0020 0133     		adds	r3, r3, #1
  62 0022 DAB2     		uxtb	r2, r3
  63 0024 019B     		ldr	r3, [sp, #4]
  64 0026 83F82220 		strb	r2, [r3, #34]
  65              		.loc 1 57 0
  66              	@ 57 "/home/makkmarci/workspace/ChibiOS_2.6.8/os/kernel/src/chdynamic.c" 1
  67 002a FFF7FEFF 		bl      _port_unlock
  68              	@ 0 "" 2
  69              		.loc 1 58 0
  70              		.thumb
  71 002e 019B     		ldr	r3, [sp, #4]
  72              		.loc 1 59 0
  73 0030 1846     		mov	r0, r3
  74 0032 03B0     		add	sp, sp, #12
  75              		.cfi_def_cfa_offset 4
  76              		@ sp needed
  77 0034 5DF804FB 		ldr	pc, [sp], #4
  78              	.L5:
  79              		.align	2
  80              	.L4:
  81 0038 00000000 		.word	.LC0
  82              		.cfi_endproc
  83              	.LFE0:
  84              		.size	chThdAddRef, .-chThdAddRef
  85 003c AFF30080 		.section	.rodata
  86 0012 0000     		.align	2
  87              	.LC1:
  88 0014 63685468 		.ascii	"chThdRelease(), #1\000"
  88      6452656C 
  88      65617365 
  88      28292C20 
  88      233100
  89              		.section	.text.chThdRelease,"ax",%progbits
  90              		.align	2
  91              		.p2align 4,,15
  92              		.global	chThdRelease
  93              		.thumb
  94              		.thumb_func
  95              		.type	chThdRelease, %function
  96              	chThdRelease:
  97              	.LFB1:
  98              		.loc 1 74 0
  99              		.cfi_startproc
 100              		@ args = 0, pretend = 0, frame = 16
 101              		@ frame_needed = 0, uses_anonymous_args = 0
 102 0000 00B5     		push	{lr}
 103              		.cfi_def_cfa_offset 4
 104              		.cfi_offset 14, -4
 105 0002 85B0     		sub	sp, sp, #20
 106              		.cfi_def_cfa_offset 24
ARM GAS  /tmp/ccQI3oKh.s 			page 3


 107 0004 0190     		str	r0, [sp, #4]
 108              		.loc 1 77 0
 109              	@ 77 "/home/makkmarci/workspace/ChibiOS_2.6.8/os/kernel/src/chdynamic.c" 1
 110 0006 FFF7FEFF 		bl      _port_lock
 111              	@ 0 "" 2
 112              		.loc 1 78 0
 113              		.thumb
 114 000a 019B     		ldr	r3, [sp, #4]
 115 000c 93F82230 		ldrb	r3, [r3, #34]	@ zero_extendqisi2
 116 0010 002B     		cmp	r3, #0
 117 0012 02D1     		bne	.L7
 118              		.loc 1 78 0 is_stmt 0 discriminator 1
 119 0014 2348     		ldr	r0, .L11
 120 0016 FFF7FEFF 		bl	chDbgPanic
 121              	.L7:
 122              		.loc 1 79 0 is_stmt 1
 123 001a 019B     		ldr	r3, [sp, #4]
 124 001c 93F82230 		ldrb	r3, [r3, #34]	@ zero_extendqisi2
 125 0020 013B     		subs	r3, r3, #1
 126 0022 DAB2     		uxtb	r2, r3
 127 0024 019B     		ldr	r3, [sp, #4]
 128 0026 83F82220 		strb	r2, [r3, #34]
 129 002a 019B     		ldr	r3, [sp, #4]
 130 002c 93F82230 		ldrb	r3, [r3, #34]
 131 0030 8DF80F30 		strb	r3, [sp, #15]
 132              		.loc 1 80 0
 133              	@ 80 "/home/makkmarci/workspace/ChibiOS_2.6.8/os/kernel/src/chdynamic.c" 1
 134 0034 FFF7FEFF 		bl      _port_unlock
 135              	@ 0 "" 2
 136              		.loc 1 85 0
 137              		.thumb
 138 0038 9DF80F30 		ldrb	r3, [sp, #15]	@ zero_extendqisi2
 139 003c 002B     		cmp	r3, #0
 140 003e 2DD1     		bne	.L6
 141              		.loc 1 85 0 is_stmt 0 discriminator 1
 142 0040 019B     		ldr	r3, [sp, #4]
 143 0042 93F82030 		ldrb	r3, [r3, #32]	@ zero_extendqisi2
 144 0046 0E2B     		cmp	r3, #14
 145 0048 28D1     		bne	.L6
 146              		.loc 1 86 0 is_stmt 1
 147 004a 019B     		ldr	r3, [sp, #4]
 148 004c 93F82130 		ldrb	r3, [r3, #33]	@ zero_extendqisi2
 149 0050 03F00303 		and	r3, r3, #3
 150 0054 012B     		cmp	r3, #1
 151 0056 02D0     		beq	.L9
 152 0058 022B     		cmp	r3, #2
 153 005a 0ED0     		beq	.L10
 154 005c 1EE0     		b	.L6
 155              	.L9:
 156              		.loc 1 90 0
 157 005e 019B     		ldr	r3, [sp, #4]
 158 0060 5B69     		ldr	r3, [r3, #20]
 159 0062 019A     		ldr	r2, [sp, #4]
 160 0064 1269     		ldr	r2, [r2, #16]
 161 0066 1A61     		str	r2, [r3, #16]
 162 0068 019B     		ldr	r3, [sp, #4]
 163 006a 1B69     		ldr	r3, [r3, #16]
ARM GAS  /tmp/ccQI3oKh.s 			page 4


 164 006c 019A     		ldr	r2, [sp, #4]
 165 006e 5269     		ldr	r2, [r2, #20]
 166 0070 5A61     		str	r2, [r3, #20]
 167              		.loc 1 92 0
 168 0072 0198     		ldr	r0, [sp, #4]
 169 0074 FFF7FEFF 		bl	chHeapFree
 170              		.loc 1 93 0
 171 0078 10E0     		b	.L6
 172              	.L10:
 173              		.loc 1 98 0
 174 007a 019B     		ldr	r3, [sp, #4]
 175 007c 5B69     		ldr	r3, [r3, #20]
 176 007e 019A     		ldr	r2, [sp, #4]
 177 0080 1269     		ldr	r2, [r2, #16]
 178 0082 1A61     		str	r2, [r3, #16]
 179 0084 019B     		ldr	r3, [sp, #4]
 180 0086 1B69     		ldr	r3, [r3, #16]
 181 0088 019A     		ldr	r2, [sp, #4]
 182 008a 5269     		ldr	r2, [r2, #20]
 183 008c 5A61     		str	r2, [r3, #20]
 184              		.loc 1 100 0
 185 008e 019B     		ldr	r3, [sp, #4]
 186 0090 9B6C     		ldr	r3, [r3, #72]
 187 0092 1846     		mov	r0, r3
 188 0094 0199     		ldr	r1, [sp, #4]
 189 0096 FFF7FEFF 		bl	chPoolFree
 190              		.loc 1 101 0
 191 009a 00BF     		nop
 192              	.L6:
 193              		.loc 1 105 0
 194 009c 05B0     		add	sp, sp, #20
 195              		.cfi_def_cfa_offset 4
 196              		@ sp needed
 197 009e 5DF804FB 		ldr	pc, [sp], #4
 198              	.L12:
 199 00a2 00BF     		.align	2
 200              	.L11:
 201 00a4 14000000 		.word	.LC1
 202              		.cfi_endproc
 203              	.LFE1:
 204              		.size	chThdRelease, .-chThdRelease
 205 00a8 AFF30080 		.section	.text.chThdCreateFromHeap,"ax",%progbits
 205      AFF30080 
 206              		.align	2
 207              		.p2align 4,,15
 208              		.global	chThdCreateFromHeap
 209              		.thumb
 210              		.thumb_func
 211              		.type	chThdCreateFromHeap, %function
 212              	chThdCreateFromHeap:
 213              	.LFB2:
 214              		.loc 1 131 0
 215              		.cfi_startproc
 216              		@ args = 4, pretend = 0, frame = 24
 217              		@ frame_needed = 0, uses_anonymous_args = 0
 218 0000 00B5     		push	{lr}
 219              		.cfi_def_cfa_offset 4
ARM GAS  /tmp/ccQI3oKh.s 			page 5


 220              		.cfi_offset 14, -4
 221 0002 89B0     		sub	sp, sp, #36
 222              		.cfi_def_cfa_offset 40
 223 0004 0590     		str	r0, [sp, #20]
 224 0006 0491     		str	r1, [sp, #16]
 225 0008 0392     		str	r2, [sp, #12]
 226 000a 0293     		str	r3, [sp, #8]
 227              		.loc 1 135 0
 228 000c 0598     		ldr	r0, [sp, #20]
 229 000e 0499     		ldr	r1, [sp, #16]
 230 0010 FFF7FEFF 		bl	chHeapAlloc
 231 0014 0790     		str	r0, [sp, #28]
 232              		.loc 1 136 0
 233 0016 079B     		ldr	r3, [sp, #28]
 234 0018 002B     		cmp	r3, #0
 235 001a 01D1     		bne	.L14
 236              		.loc 1 137 0
 237 001c 0023     		movs	r3, #0
 238 001e 27E0     		b	.L15
 239              	.L14:
 240              		.loc 1 140 0
 241 0020 079B     		ldr	r3, [sp, #28]
 242 0022 4C33     		adds	r3, r3, #76
 243 0024 0798     		ldr	r0, [sp, #28]
 244 0026 1946     		mov	r1, r3
 245 0028 FF22     		movs	r2, #255
 246 002a FFF7FEFF 		bl	_thread_memfill
 247              		.loc 1 143 0
 248 002e 079B     		ldr	r3, [sp, #28]
 249 0030 03F14C01 		add	r1, r3, #76
 250 0034 079A     		ldr	r2, [sp, #28]
 251 0036 049B     		ldr	r3, [sp, #16]
 252 0038 1344     		add	r3, r3, r2
 253 003a 0846     		mov	r0, r1
 254 003c 1946     		mov	r1, r3
 255 003e 5522     		movs	r2, #85
 256 0040 FFF7FEFF 		bl	_thread_memfill
 257              		.loc 1 148 0
 258              	@ 148 "/home/makkmarci/workspace/ChibiOS_2.6.8/os/kernel/src/chdynamic.c" 1
 259 0044 FFF7FEFF 		bl      _port_lock
 260              	@ 0 "" 2
 261              		.loc 1 149 0
 262              		.thumb
 263 0048 0A9B     		ldr	r3, [sp, #40]
 264 004a 0093     		str	r3, [sp]
 265 004c 0798     		ldr	r0, [sp, #28]
 266 004e 0499     		ldr	r1, [sp, #16]
 267 0050 039A     		ldr	r2, [sp, #12]
 268 0052 029B     		ldr	r3, [sp, #8]
 269 0054 FFF7FEFF 		bl	chThdCreateI
 270 0058 0690     		str	r0, [sp, #24]
 271              		.loc 1 150 0
 272 005a 069B     		ldr	r3, [sp, #24]
 273 005c 0122     		movs	r2, #1
 274 005e 83F82120 		strb	r2, [r3, #33]
 275              		.loc 1 151 0
 276 0062 0698     		ldr	r0, [sp, #24]
ARM GAS  /tmp/ccQI3oKh.s 			page 6


 277 0064 0021     		movs	r1, #0
 278 0066 FFF7FEFF 		bl	chSchWakeupS
 279              		.loc 1 152 0
 280              	@ 152 "/home/makkmarci/workspace/ChibiOS_2.6.8/os/kernel/src/chdynamic.c" 1
 281 006a FFF7FEFF 		bl      _port_unlock
 282              	@ 0 "" 2
 283              		.loc 1 153 0
 284              		.thumb
 285 006e 069B     		ldr	r3, [sp, #24]
 286              	.L15:
 287              		.loc 1 154 0
 288 0070 1846     		mov	r0, r3
 289 0072 09B0     		add	sp, sp, #36
 290              		.cfi_def_cfa_offset 4
 291              		@ sp needed
 292 0074 5DF804FB 		ldr	pc, [sp], #4
 293              		.cfi_endproc
 294              	.LFE2:
 295              		.size	chThdCreateFromHeap, .-chThdCreateFromHeap
 296 0078 AFF30080 		.section	.rodata
 296      AFF30080 
 297 0027 00       		.align	2
 298              	.LC2:
 299 0028 22636854 		.ascii	"\"chThdCreateFromMemoryPool\"()\000"
 299      68644372 
 299      65617465 
 299      46726F6D 
 299      4D656D6F 
 300 0046 0000     		.section	.text.chThdCreateFromMemoryPool,"ax",%progbits
 301              		.align	2
 302              		.p2align 4,,15
 303              		.global	chThdCreateFromMemoryPool
 304              		.thumb
 305              		.thumb_func
 306              		.type	chThdCreateFromMemoryPool, %function
 307              	chThdCreateFromMemoryPool:
 308              	.LFB3:
 309              		.loc 1 180 0
 310              		.cfi_startproc
 311              		@ args = 0, pretend = 0, frame = 24
 312              		@ frame_needed = 0, uses_anonymous_args = 0
 313 0000 00B5     		push	{lr}
 314              		.cfi_def_cfa_offset 4
 315              		.cfi_offset 14, -4
 316 0002 89B0     		sub	sp, sp, #36
 317              		.cfi_def_cfa_offset 40
 318 0004 0590     		str	r0, [sp, #20]
 319 0006 0491     		str	r1, [sp, #16]
 320 0008 0392     		str	r2, [sp, #12]
 321 000a 0293     		str	r3, [sp, #8]
 322              		.loc 1 184 0
 323 000c 059B     		ldr	r3, [sp, #20]
 324 000e 002B     		cmp	r3, #0
 325 0010 02D1     		bne	.L17
 326              		.loc 1 184 0 is_stmt 0 discriminator 1
 327 0012 1F48     		ldr	r0, .L20
 328 0014 FFF7FEFF 		bl	chDbgPanic
ARM GAS  /tmp/ccQI3oKh.s 			page 7


 329              	.L17:
 330              		.loc 1 186 0 is_stmt 1
 331 0018 0598     		ldr	r0, [sp, #20]
 332 001a FFF7FEFF 		bl	chPoolAlloc
 333 001e 0790     		str	r0, [sp, #28]
 334              		.loc 1 187 0
 335 0020 079B     		ldr	r3, [sp, #28]
 336 0022 002B     		cmp	r3, #0
 337 0024 01D1     		bne	.L18
 338              		.loc 1 188 0
 339 0026 0023     		movs	r3, #0
 340 0028 2DE0     		b	.L19
 341              	.L18:
 342              		.loc 1 191 0
 343 002a 079B     		ldr	r3, [sp, #28]
 344 002c 4C33     		adds	r3, r3, #76
 345 002e 0798     		ldr	r0, [sp, #28]
 346 0030 1946     		mov	r1, r3
 347 0032 FF22     		movs	r2, #255
 348 0034 FFF7FEFF 		bl	_thread_memfill
 349              		.loc 1 194 0
 350 0038 079B     		ldr	r3, [sp, #28]
 351 003a 03F14C01 		add	r1, r3, #76
 352              		.loc 1 195 0
 353 003e 059B     		ldr	r3, [sp, #20]
 354 0040 5B68     		ldr	r3, [r3, #4]
 355              		.loc 1 194 0
 356 0042 079A     		ldr	r2, [sp, #28]
 357 0044 1344     		add	r3, r3, r2
 358 0046 0846     		mov	r0, r1
 359 0048 1946     		mov	r1, r3
 360 004a 5522     		movs	r2, #85
 361 004c FFF7FEFF 		bl	_thread_memfill
 362              		.loc 1 199 0
 363              	@ 199 "/home/makkmarci/workspace/ChibiOS_2.6.8/os/kernel/src/chdynamic.c" 1
 364 0050 FFF7FEFF 		bl      _port_lock
 365              	@ 0 "" 2
 366              		.loc 1 200 0
 367              		.thumb
 368 0054 059B     		ldr	r3, [sp, #20]
 369 0056 5A68     		ldr	r2, [r3, #4]
 370 0058 029B     		ldr	r3, [sp, #8]
 371 005a 0093     		str	r3, [sp]
 372 005c 0798     		ldr	r0, [sp, #28]
 373 005e 1146     		mov	r1, r2
 374 0060 049A     		ldr	r2, [sp, #16]
 375 0062 039B     		ldr	r3, [sp, #12]
 376 0064 FFF7FEFF 		bl	chThdCreateI
 377 0068 0690     		str	r0, [sp, #24]
 378              		.loc 1 201 0
 379 006a 069B     		ldr	r3, [sp, #24]
 380 006c 0222     		movs	r2, #2
 381 006e 83F82120 		strb	r2, [r3, #33]
 382              		.loc 1 202 0
 383 0072 069B     		ldr	r3, [sp, #24]
 384 0074 059A     		ldr	r2, [sp, #20]
 385 0076 9A64     		str	r2, [r3, #72]
ARM GAS  /tmp/ccQI3oKh.s 			page 8


 386              		.loc 1 203 0
 387 0078 0698     		ldr	r0, [sp, #24]
 388 007a 0021     		movs	r1, #0
 389 007c FFF7FEFF 		bl	chSchWakeupS
 390              		.loc 1 204 0
 391              	@ 204 "/home/makkmarci/workspace/ChibiOS_2.6.8/os/kernel/src/chdynamic.c" 1
 392 0080 FFF7FEFF 		bl      _port_unlock
 393              	@ 0 "" 2
 394              		.loc 1 205 0
 395              		.thumb
 396 0084 069B     		ldr	r3, [sp, #24]
 397              	.L19:
 398              		.loc 1 206 0
 399 0086 1846     		mov	r0, r3
 400 0088 09B0     		add	sp, sp, #36
 401              		.cfi_def_cfa_offset 4
 402              		@ sp needed
 403 008a 5DF804FB 		ldr	pc, [sp], #4
 404              	.L21:
 405 008e 00BF     		.align	2
 406              	.L20:
 407 0090 28000000 		.word	.LC2
 408              		.cfi_endproc
 409              	.LFE3:
 410              		.size	chThdCreateFromMemoryPool, .-chThdCreateFromMemoryPool
 411 0094 AFF30080 		.text
 411      AFF30080 
 411      AFF30080 
 412              	.Letext0:
 413              		.file 2 "/opt/gcc-arm-none-eabi/lib/gcc/arm-none-eabi/4.9.3/include/stddef.h"
 414              		.file 3 "/opt/gcc-arm-none-eabi/arm-none-eabi/include/machine/_default_types.h"
 415              		.file 4 "/opt/gcc-arm-none-eabi/arm-none-eabi/include/stdint.h"
 416              		.file 5 "/home/makkmarci/workspace/ChibiOS_2.6.8/os/ports/GCC/ARMCMx/chtypes.h"
 417              		.file 6 "/home/makkmarci/workspace/ChibiOS_2.6.8/os/kernel/include/chlists.h"
 418              		.file 7 "/home/makkmarci/workspace/ChibiOS_2.6.8/os/kernel/include/chthreads.h"
 419              		.file 8 "/home/makkmarci/workspace/ChibiOS_2.6.8/os/ports/GCC/ARMCMx/chcore_v7m.h"
 420              		.file 9 "/home/makkmarci/workspace/ChibiOS_2.6.8/os/kernel/include/chmtx.h"
 421              		.file 10 "/home/makkmarci/workspace/ChibiOS_2.6.8/os/kernel/include/chmemcore.h"
 422              		.file 11 "/home/makkmarci/workspace/ChibiOS_2.6.8/os/kernel/include/chheap.h"
 423              		.file 12 "/home/makkmarci/workspace/ChibiOS_2.6.8/os/kernel/include/chmempools.h"
 424              		.section	.debug_info,"",%progbits
 425              	.Ldebug_info0:
 426 0000 33070000 		.4byte	0x733
 427 0004 0400     		.2byte	0x4
 428 0006 00000000 		.4byte	.Ldebug_abbrev0
 429 000a 04       		.byte	0x4
 430 000b 01       		.uleb128 0x1
 431 000c C6010000 		.4byte	.LASF87
 432 0010 01       		.byte	0x1
 433 0011 44030000 		.4byte	.LASF88
 434 0015 00000000 		.4byte	.Ldebug_ranges0+0
 435 0019 00000000 		.4byte	0
 436 001d 00000000 		.4byte	.Ldebug_line0
 437 0021 02       		.uleb128 0x2
 438 0022 04       		.byte	0x4
 439 0023 05       		.byte	0x5
 440 0024 696E7400 		.ascii	"int\000"
ARM GAS  /tmp/ccQI3oKh.s 			page 9


 441 0028 03       		.uleb128 0x3
 442 0029 0E000000 		.4byte	.LASF2
 443 002d 02       		.byte	0x2
 444 002e D4       		.byte	0xd4
 445 002f 33000000 		.4byte	0x33
 446 0033 04       		.uleb128 0x4
 447 0034 04       		.byte	0x4
 448 0035 07       		.byte	0x7
 449 0036 33010000 		.4byte	.LASF0
 450 003a 04       		.uleb128 0x4
 451 003b 01       		.byte	0x1
 452 003c 06       		.byte	0x6
 453 003d 85000000 		.4byte	.LASF1
 454 0041 03       		.uleb128 0x3
 455 0042 25000000 		.4byte	.LASF3
 456 0046 03       		.byte	0x3
 457 0047 1D       		.byte	0x1d
 458 0048 4C000000 		.4byte	0x4c
 459 004c 04       		.uleb128 0x4
 460 004d 01       		.byte	0x1
 461 004e 08       		.byte	0x8
 462 004f 86030000 		.4byte	.LASF4
 463 0053 04       		.uleb128 0x4
 464 0054 02       		.byte	0x2
 465 0055 05       		.byte	0x5
 466 0056 A9030000 		.4byte	.LASF5
 467 005a 04       		.uleb128 0x4
 468 005b 02       		.byte	0x2
 469 005c 07       		.byte	0x7
 470 005d 5F010000 		.4byte	.LASF6
 471 0061 03       		.uleb128 0x3
 472 0062 35040000 		.4byte	.LASF7
 473 0066 03       		.byte	0x3
 474 0067 3F       		.byte	0x3f
 475 0068 6C000000 		.4byte	0x6c
 476 006c 04       		.uleb128 0x4
 477 006d 04       		.byte	0x4
 478 006e 05       		.byte	0x5
 479 006f B1000000 		.4byte	.LASF8
 480 0073 03       		.uleb128 0x3
 481 0074 02010000 		.4byte	.LASF9
 482 0078 03       		.byte	0x3
 483 0079 41       		.byte	0x41
 484 007a 7E000000 		.4byte	0x7e
 485 007e 04       		.uleb128 0x4
 486 007f 04       		.byte	0x4
 487 0080 07       		.byte	0x7
 488 0081 40010000 		.4byte	.LASF10
 489 0085 04       		.uleb128 0x4
 490 0086 08       		.byte	0x8
 491 0087 05       		.byte	0x5
 492 0088 77000000 		.4byte	.LASF11
 493 008c 03       		.uleb128 0x3
 494 008d 0F030000 		.4byte	.LASF12
 495 0091 03       		.byte	0x3
 496 0092 5B       		.byte	0x5b
 497 0093 97000000 		.4byte	0x97
ARM GAS  /tmp/ccQI3oKh.s 			page 10


 498 0097 04       		.uleb128 0x4
 499 0098 08       		.byte	0x8
 500 0099 07       		.byte	0x7
 501 009a 47000000 		.4byte	.LASF13
 502 009e 03       		.uleb128 0x3
 503 009f 73040000 		.4byte	.LASF14
 504 00a3 04       		.byte	0x4
 505 00a4 15       		.byte	0x15
 506 00a5 41000000 		.4byte	0x41
 507 00a9 03       		.uleb128 0x3
 508 00aa B5010000 		.4byte	.LASF15
 509 00ae 04       		.byte	0x4
 510 00af 2C       		.byte	0x2c
 511 00b0 61000000 		.4byte	0x61
 512 00b4 03       		.uleb128 0x3
 513 00b5 06040000 		.4byte	.LASF16
 514 00b9 04       		.byte	0x4
 515 00ba 2D       		.byte	0x2d
 516 00bb 73000000 		.4byte	0x73
 517 00bf 03       		.uleb128 0x3
 518 00c0 1C000000 		.4byte	.LASF17
 519 00c4 04       		.byte	0x4
 520 00c5 39       		.byte	0x39
 521 00c6 8C000000 		.4byte	0x8c
 522 00ca 04       		.uleb128 0x4
 523 00cb 01       		.byte	0x1
 524 00cc 02       		.byte	0x2
 525 00cd 3E030000 		.4byte	.LASF18
 526 00d1 03       		.uleb128 0x3
 527 00d2 78010000 		.4byte	.LASF19
 528 00d6 05       		.byte	0x5
 529 00d7 2C       		.byte	0x2c
 530 00d8 9E000000 		.4byte	0x9e
 531 00dc 03       		.uleb128 0x3
 532 00dd CE000000 		.4byte	.LASF20
 533 00e1 05       		.byte	0x5
 534 00e2 2D       		.byte	0x2d
 535 00e3 9E000000 		.4byte	0x9e
 536 00e7 03       		.uleb128 0x3
 537 00e8 22030000 		.4byte	.LASF21
 538 00ec 05       		.byte	0x5
 539 00ed 2E       		.byte	0x2e
 540 00ee 9E000000 		.4byte	0x9e
 541 00f2 03       		.uleb128 0x3
 542 00f3 A7000000 		.4byte	.LASF22
 543 00f7 05       		.byte	0x5
 544 00f8 2F       		.byte	0x2f
 545 00f9 9E000000 		.4byte	0x9e
 546 00fd 03       		.uleb128 0x3
 547 00fe 36030000 		.4byte	.LASF23
 548 0102 05       		.byte	0x5
 549 0103 30       		.byte	0x30
 550 0104 B4000000 		.4byte	0xb4
 551 0108 03       		.uleb128 0x3
 552 0109 72010000 		.4byte	.LASF24
 553 010d 05       		.byte	0x5
 554 010e 31       		.byte	0x31
ARM GAS  /tmp/ccQI3oKh.s 			page 11


 555 010f A9000000 		.4byte	0xa9
 556 0113 03       		.uleb128 0x3
 557 0114 8C010000 		.4byte	.LASF25
 558 0118 05       		.byte	0x5
 559 0119 33       		.byte	0x33
 560 011a B4000000 		.4byte	0xb4
 561 011e 03       		.uleb128 0x3
 562 011f 20040000 		.4byte	.LASF26
 563 0123 05       		.byte	0x5
 564 0124 35       		.byte	0x35
 565 0125 B4000000 		.4byte	0xb4
 566 0129 03       		.uleb128 0x3
 567 012a F4030000 		.4byte	.LASF27
 568 012e 06       		.byte	0x6
 569 012f 2A       		.byte	0x2a
 570 0130 34010000 		.4byte	0x134
 571 0134 05       		.uleb128 0x5
 572 0135 F4030000 		.4byte	.LASF27
 573 0139 4C       		.byte	0x4c
 574 013a 07       		.byte	0x7
 575 013b 5E       		.byte	0x5e
 576 013c 3D020000 		.4byte	0x23d
 577 0140 06       		.uleb128 0x6
 578 0141 D8030000 		.4byte	.LASF28
 579 0145 07       		.byte	0x7
 580 0146 5F       		.byte	0x5f
 581 0147 5E020000 		.4byte	0x25e
 582 014b 00       		.byte	0
 583 014c 06       		.uleb128 0x6
 584 014d 2F030000 		.4byte	.LASF29
 585 0151 07       		.byte	0x7
 586 0152 61       		.byte	0x61
 587 0153 5E020000 		.4byte	0x25e
 588 0157 04       		.byte	0x4
 589 0158 06       		.uleb128 0x6
 590 0159 70000000 		.4byte	.LASF30
 591 015d 07       		.byte	0x7
 592 015e 63       		.byte	0x63
 593 015f FD000000 		.4byte	0xfd
 594 0163 08       		.byte	0x8
 595 0164 06       		.uleb128 0x6
 596 0165 91040000 		.4byte	.LASF31
 597 0169 07       		.byte	0x7
 598 016a 64       		.byte	0x64
 599 016b F3030000 		.4byte	0x3f3
 600 016f 0C       		.byte	0xc
 601 0170 06       		.uleb128 0x6
 602 0171 D7000000 		.4byte	.LASF32
 603 0175 07       		.byte	0x7
 604 0176 66       		.byte	0x66
 605 0177 5E020000 		.4byte	0x25e
 606 017b 10       		.byte	0x10
 607 017c 06       		.uleb128 0x6
 608 017d DB020000 		.4byte	.LASF33
 609 0181 07       		.byte	0x7
 610 0182 67       		.byte	0x67
 611 0183 5E020000 		.4byte	0x25e
ARM GAS  /tmp/ccQI3oKh.s 			page 12


 612 0187 14       		.byte	0x14
 613 0188 06       		.uleb128 0x6
 614 0189 82040000 		.4byte	.LASF34
 615 018d 07       		.byte	0x7
 616 018e 6E       		.byte	0x6e
 617 018f B5050000 		.4byte	0x5b5
 618 0193 18       		.byte	0x18
 619 0194 06       		.uleb128 0x6
 620 0195 28010000 		.4byte	.LASF35
 621 0199 07       		.byte	0x7
 622 019a 74       		.byte	0x74
 623 019b C7050000 		.4byte	0x5c7
 624 019f 1C       		.byte	0x1c
 625 01a0 06       		.uleb128 0x6
 626 01a1 B3030000 		.4byte	.LASF36
 627 01a5 07       		.byte	0x7
 628 01a6 79       		.byte	0x79
 629 01a7 DC000000 		.4byte	0xdc
 630 01ab 20       		.byte	0x20
 631 01ac 06       		.uleb128 0x6
 632 01ad DF030000 		.4byte	.LASF37
 633 01b1 07       		.byte	0x7
 634 01b2 7D       		.byte	0x7d
 635 01b3 D1000000 		.4byte	0xd1
 636 01b7 21       		.byte	0x21
 637 01b8 06       		.uleb128 0x6
 638 01b9 6C040000 		.4byte	.LASF38
 639 01bd 07       		.byte	0x7
 640 01be 82       		.byte	0x82
 641 01bf E7000000 		.4byte	0xe7
 642 01c3 22       		.byte	0x22
 643 01c4 06       		.uleb128 0x6
 644 01c5 BB030000 		.4byte	.LASF39
 645 01c9 07       		.byte	0x7
 646 01ca 88       		.byte	0x88
 647 01cb F2000000 		.4byte	0xf2
 648 01cf 23       		.byte	0x23
 649 01d0 06       		.uleb128 0x6
 650 01d1 47040000 		.4byte	.LASF40
 651 01d5 07       		.byte	0x7
 652 01d6 8F       		.byte	0x8f
 653 01d7 1B040000 		.4byte	0x41b
 654 01db 24       		.byte	0x24
 655 01dc 07       		.uleb128 0x7
 656 01dd 705F7500 		.ascii	"p_u\000"
 657 01e1 07       		.byte	0x7
 658 01e2 B4       		.byte	0xb4
 659 01e3 80050000 		.4byte	0x580
 660 01e7 28       		.byte	0x28
 661 01e8 06       		.uleb128 0x6
 662 01e9 97040000 		.4byte	.LASF41
 663 01ed 07       		.byte	0x7
 664 01ee B9       		.byte	0xb9
 665 01ef 84020000 		.4byte	0x284
 666 01f3 2C       		.byte	0x2c
 667 01f4 06       		.uleb128 0x6
 668 01f5 55040000 		.4byte	.LASF42
ARM GAS  /tmp/ccQI3oKh.s 			page 13


 669 01f9 07       		.byte	0x7
 670 01fa BF       		.byte	0xbf
 671 01fb 64020000 		.4byte	0x264
 672 01ff 30       		.byte	0x30
 673 0200 06       		.uleb128 0x6
 674 0201 08000000 		.4byte	.LASF43
 675 0205 07       		.byte	0x7
 676 0206 C3       		.byte	0xc3
 677 0207 08010000 		.4byte	0x108
 678 020b 38       		.byte	0x38
 679 020c 06       		.uleb128 0x6
 680 020d FB030000 		.4byte	.LASF44
 681 0211 07       		.byte	0x7
 682 0212 C9       		.byte	0xc9
 683 0213 13010000 		.4byte	0x113
 684 0217 3C       		.byte	0x3c
 685 0218 06       		.uleb128 0x6
 686 0219 9F030000 		.4byte	.LASF45
 687 021d 07       		.byte	0x7
 688 021e D0       		.byte	0xd0
 689 021f CD050000 		.4byte	0x5cd
 690 0223 40       		.byte	0x40
 691 0224 06       		.uleb128 0x6
 692 0225 2A040000 		.4byte	.LASF46
 693 0229 07       		.byte	0x7
 694 022a D4       		.byte	0xd4
 695 022b FD000000 		.4byte	0xfd
 696 022f 44       		.byte	0x44
 697 0230 06       		.uleb128 0x6
 698 0231 97000000 		.4byte	.LASF47
 699 0235 07       		.byte	0x7
 700 0236 DA       		.byte	0xda
 701 0237 9A020000 		.4byte	0x29a
 702 023b 48       		.byte	0x48
 703 023c 00       		.byte	0
 704 023d 08       		.uleb128 0x8
 705 023e 08       		.byte	0x8
 706 023f 06       		.byte	0x6
 707 0240 61       		.byte	0x61
 708 0241 5E020000 		.4byte	0x25e
 709 0245 06       		.uleb128 0x6
 710 0246 D8030000 		.4byte	.LASF28
 711 024a 06       		.byte	0x6
 712 024b 62       		.byte	0x62
 713 024c 5E020000 		.4byte	0x25e
 714 0250 00       		.byte	0
 715 0251 06       		.uleb128 0x6
 716 0252 2F030000 		.4byte	.LASF29
 717 0256 06       		.byte	0x6
 718 0257 64       		.byte	0x64
 719 0258 5E020000 		.4byte	0x25e
 720 025c 04       		.byte	0x4
 721 025d 00       		.byte	0
 722 025e 09       		.uleb128 0x9
 723 025f 04       		.byte	0x4
 724 0260 29010000 		.4byte	0x129
 725 0264 03       		.uleb128 0x3
ARM GAS  /tmp/ccQI3oKh.s 			page 14


 726 0265 E3020000 		.4byte	.LASF48
 727 0269 06       		.byte	0x6
 728 026a 66       		.byte	0x66
 729 026b 3D020000 		.4byte	0x23d
 730 026f 08       		.uleb128 0x8
 731 0270 04       		.byte	0x4
 732 0271 06       		.byte	0x6
 733 0272 6B       		.byte	0x6b
 734 0273 84020000 		.4byte	0x284
 735 0277 06       		.uleb128 0x6
 736 0278 D8030000 		.4byte	.LASF28
 737 027c 06       		.byte	0x6
 738 027d 6D       		.byte	0x6d
 739 027e 5E020000 		.4byte	0x25e
 740 0282 00       		.byte	0
 741 0283 00       		.byte	0
 742 0284 03       		.uleb128 0x3
 743 0285 80010000 		.4byte	.LASF49
 744 0289 06       		.byte	0x6
 745 028a 70       		.byte	0x70
 746 028b 6F020000 		.4byte	0x26f
 747 028f 03       		.uleb128 0x3
 748 0290 19010000 		.4byte	.LASF50
 749 0294 08       		.byte	0x8
 750 0295 E5       		.byte	0xe5
 751 0296 9A020000 		.4byte	0x29a
 752 029a 0A       		.uleb128 0xa
 753 029b 04       		.byte	0x4
 754 029c 03       		.uleb128 0x3
 755 029d AA010000 		.4byte	.LASF51
 756 02a1 08       		.byte	0x8
 757 02a2 EB       		.byte	0xeb
 758 02a3 BF000000 		.4byte	0xbf
 759 02a7 0B       		.uleb128 0xb
 760 02a8 4E040000 		.4byte	.LASF52
 761 02ac 64       		.byte	0x64
 762 02ad 08       		.byte	0x8
 763 02ae 0C01     		.2byte	0x10c
 764 02b0 F3030000 		.4byte	0x3f3
 765 02b4 0C       		.uleb128 0xc
 766 02b5 73313600 		.ascii	"s16\000"
 767 02b9 08       		.byte	0x8
 768 02ba 0E01     		.2byte	0x10e
 769 02bc 8F020000 		.4byte	0x28f
 770 02c0 00       		.byte	0
 771 02c1 0C       		.uleb128 0xc
 772 02c2 73313700 		.ascii	"s17\000"
 773 02c6 08       		.byte	0x8
 774 02c7 0F01     		.2byte	0x10f
 775 02c9 8F020000 		.4byte	0x28f
 776 02cd 04       		.byte	0x4
 777 02ce 0C       		.uleb128 0xc
 778 02cf 73313800 		.ascii	"s18\000"
 779 02d3 08       		.byte	0x8
 780 02d4 1001     		.2byte	0x110
 781 02d6 8F020000 		.4byte	0x28f
 782 02da 08       		.byte	0x8
ARM GAS  /tmp/ccQI3oKh.s 			page 15


 783 02db 0C       		.uleb128 0xc
 784 02dc 73313900 		.ascii	"s19\000"
 785 02e0 08       		.byte	0x8
 786 02e1 1101     		.2byte	0x111
 787 02e3 8F020000 		.4byte	0x28f
 788 02e7 0C       		.byte	0xc
 789 02e8 0C       		.uleb128 0xc
 790 02e9 73323000 		.ascii	"s20\000"
 791 02ed 08       		.byte	0x8
 792 02ee 1201     		.2byte	0x112
 793 02f0 8F020000 		.4byte	0x28f
 794 02f4 10       		.byte	0x10
 795 02f5 0C       		.uleb128 0xc
 796 02f6 73323100 		.ascii	"s21\000"
 797 02fa 08       		.byte	0x8
 798 02fb 1301     		.2byte	0x113
 799 02fd 8F020000 		.4byte	0x28f
 800 0301 14       		.byte	0x14
 801 0302 0C       		.uleb128 0xc
 802 0303 73323200 		.ascii	"s22\000"
 803 0307 08       		.byte	0x8
 804 0308 1401     		.2byte	0x114
 805 030a 8F020000 		.4byte	0x28f
 806 030e 18       		.byte	0x18
 807 030f 0C       		.uleb128 0xc
 808 0310 73323300 		.ascii	"s23\000"
 809 0314 08       		.byte	0x8
 810 0315 1501     		.2byte	0x115
 811 0317 8F020000 		.4byte	0x28f
 812 031b 1C       		.byte	0x1c
 813 031c 0C       		.uleb128 0xc
 814 031d 73323400 		.ascii	"s24\000"
 815 0321 08       		.byte	0x8
 816 0322 1601     		.2byte	0x116
 817 0324 8F020000 		.4byte	0x28f
 818 0328 20       		.byte	0x20
 819 0329 0C       		.uleb128 0xc
 820 032a 73323500 		.ascii	"s25\000"
 821 032e 08       		.byte	0x8
 822 032f 1701     		.2byte	0x117
 823 0331 8F020000 		.4byte	0x28f
 824 0335 24       		.byte	0x24
 825 0336 0C       		.uleb128 0xc
 826 0337 73323600 		.ascii	"s26\000"
 827 033b 08       		.byte	0x8
 828 033c 1801     		.2byte	0x118
 829 033e 8F020000 		.4byte	0x28f
 830 0342 28       		.byte	0x28
 831 0343 0C       		.uleb128 0xc
 832 0344 73323700 		.ascii	"s27\000"
 833 0348 08       		.byte	0x8
 834 0349 1901     		.2byte	0x119
 835 034b 8F020000 		.4byte	0x28f
 836 034f 2C       		.byte	0x2c
 837 0350 0C       		.uleb128 0xc
 838 0351 73323800 		.ascii	"s28\000"
 839 0355 08       		.byte	0x8
ARM GAS  /tmp/ccQI3oKh.s 			page 16


 840 0356 1A01     		.2byte	0x11a
 841 0358 8F020000 		.4byte	0x28f
 842 035c 30       		.byte	0x30
 843 035d 0C       		.uleb128 0xc
 844 035e 73323900 		.ascii	"s29\000"
 845 0362 08       		.byte	0x8
 846 0363 1B01     		.2byte	0x11b
 847 0365 8F020000 		.4byte	0x28f
 848 0369 34       		.byte	0x34
 849 036a 0C       		.uleb128 0xc
 850 036b 73333000 		.ascii	"s30\000"
 851 036f 08       		.byte	0x8
 852 0370 1C01     		.2byte	0x11c
 853 0372 8F020000 		.4byte	0x28f
 854 0376 38       		.byte	0x38
 855 0377 0C       		.uleb128 0xc
 856 0378 73333100 		.ascii	"s31\000"
 857 037c 08       		.byte	0x8
 858 037d 1D01     		.2byte	0x11d
 859 037f 8F020000 		.4byte	0x28f
 860 0383 3C       		.byte	0x3c
 861 0384 0C       		.uleb128 0xc
 862 0385 723400   		.ascii	"r4\000"
 863 0388 08       		.byte	0x8
 864 0389 1F01     		.2byte	0x11f
 865 038b 8F020000 		.4byte	0x28f
 866 038f 40       		.byte	0x40
 867 0390 0C       		.uleb128 0xc
 868 0391 723500   		.ascii	"r5\000"
 869 0394 08       		.byte	0x8
 870 0395 2001     		.2byte	0x120
 871 0397 8F020000 		.4byte	0x28f
 872 039b 44       		.byte	0x44
 873 039c 0C       		.uleb128 0xc
 874 039d 723600   		.ascii	"r6\000"
 875 03a0 08       		.byte	0x8
 876 03a1 2101     		.2byte	0x121
 877 03a3 8F020000 		.4byte	0x28f
 878 03a7 48       		.byte	0x48
 879 03a8 0C       		.uleb128 0xc
 880 03a9 723700   		.ascii	"r7\000"
 881 03ac 08       		.byte	0x8
 882 03ad 2201     		.2byte	0x122
 883 03af 8F020000 		.4byte	0x28f
 884 03b3 4C       		.byte	0x4c
 885 03b4 0C       		.uleb128 0xc
 886 03b5 723800   		.ascii	"r8\000"
 887 03b8 08       		.byte	0x8
 888 03b9 2301     		.2byte	0x123
 889 03bb 8F020000 		.4byte	0x28f
 890 03bf 50       		.byte	0x50
 891 03c0 0C       		.uleb128 0xc
 892 03c1 723900   		.ascii	"r9\000"
 893 03c4 08       		.byte	0x8
 894 03c5 2401     		.2byte	0x124
 895 03c7 8F020000 		.4byte	0x28f
 896 03cb 54       		.byte	0x54
ARM GAS  /tmp/ccQI3oKh.s 			page 17


 897 03cc 0C       		.uleb128 0xc
 898 03cd 72313000 		.ascii	"r10\000"
 899 03d1 08       		.byte	0x8
 900 03d2 2501     		.2byte	0x125
 901 03d4 8F020000 		.4byte	0x28f
 902 03d8 58       		.byte	0x58
 903 03d9 0C       		.uleb128 0xc
 904 03da 72313100 		.ascii	"r11\000"
 905 03de 08       		.byte	0x8
 906 03df 2601     		.2byte	0x126
 907 03e1 8F020000 		.4byte	0x28f
 908 03e5 5C       		.byte	0x5c
 909 03e6 0C       		.uleb128 0xc
 910 03e7 6C7200   		.ascii	"lr\000"
 911 03ea 08       		.byte	0x8
 912 03eb 2701     		.2byte	0x127
 913 03ed 8F020000 		.4byte	0x28f
 914 03f1 60       		.byte	0x60
 915 03f2 00       		.byte	0
 916 03f3 0B       		.uleb128 0xb
 917 03f4 52010000 		.4byte	.LASF53
 918 03f8 04       		.byte	0x4
 919 03f9 08       		.byte	0x8
 920 03fa 3101     		.2byte	0x131
 921 03fc 0E040000 		.4byte	0x40e
 922 0400 0C       		.uleb128 0xc
 923 0401 72313300 		.ascii	"r13\000"
 924 0405 08       		.byte	0x8
 925 0406 3201     		.2byte	0x132
 926 0408 0E040000 		.4byte	0x40e
 927 040c 00       		.byte	0
 928 040d 00       		.byte	0
 929 040e 09       		.uleb128 0x9
 930 040f 04       		.byte	0x4
 931 0410 A7020000 		.4byte	0x2a7
 932 0414 04       		.uleb128 0x4
 933 0415 04       		.byte	0x4
 934 0416 07       		.byte	0x7
 935 0417 BD010000 		.4byte	.LASF54
 936 041b 0D       		.uleb128 0xd
 937 041c 1E010000 		.4byte	0x11e
 938 0420 05       		.uleb128 0x5
 939 0421 98010000 		.4byte	.LASF55
 940 0425 10       		.byte	0x10
 941 0426 09       		.byte	0x9
 942 0427 2C       		.byte	0x2c
 943 0428 51040000 		.4byte	0x451
 944 042c 06       		.uleb128 0x6
 945 042d 9F000000 		.4byte	.LASF56
 946 0431 09       		.byte	0x9
 947 0432 2D       		.byte	0x2d
 948 0433 64020000 		.4byte	0x264
 949 0437 00       		.byte	0
 950 0438 06       		.uleb128 0x6
 951 0439 89040000 		.4byte	.LASF57
 952 043d 09       		.byte	0x9
 953 043e 2F       		.byte	0x2f
ARM GAS  /tmp/ccQI3oKh.s 			page 18


 954 043f 5E020000 		.4byte	0x25e
 955 0443 08       		.byte	0x8
 956 0444 06       		.uleb128 0x6
 957 0445 19040000 		.4byte	.LASF58
 958 0449 09       		.byte	0x9
 959 044a 31       		.byte	0x31
 960 044b 51040000 		.4byte	0x451
 961 044f 0C       		.byte	0xc
 962 0450 00       		.byte	0
 963 0451 09       		.uleb128 0x9
 964 0452 04       		.byte	0x4
 965 0453 20040000 		.4byte	0x420
 966 0457 03       		.uleb128 0x3
 967 0458 98010000 		.4byte	.LASF55
 968 045c 09       		.byte	0x9
 969 045d 33       		.byte	0x33
 970 045e 20040000 		.4byte	0x420
 971 0462 03       		.uleb128 0x3
 972 0463 3A000000 		.4byte	.LASF59
 973 0467 0A       		.byte	0xa
 974 0468 2C       		.byte	0x2c
 975 0469 6D040000 		.4byte	0x46d
 976 046d 09       		.uleb128 0x9
 977 046e 04       		.byte	0x4
 978 046f 73040000 		.4byte	0x473
 979 0473 0E       		.uleb128 0xe
 980 0474 9A020000 		.4byte	0x29a
 981 0478 82040000 		.4byte	0x482
 982 047c 0F       		.uleb128 0xf
 983 047d 28000000 		.4byte	0x28
 984 0481 00       		.byte	0
 985 0482 03       		.uleb128 0x3
 986 0483 04030000 		.4byte	.LASF60
 987 0487 0B       		.byte	0xb
 988 0488 34       		.byte	0x34
 989 0489 8D040000 		.4byte	0x48d
 990 048d 05       		.uleb128 0x5
 991 048e A1040000 		.4byte	.LASF61
 992 0492 20       		.byte	0x20
 993 0493 0B       		.byte	0xb
 994 0494 47       		.byte	0x47
 995 0495 BE040000 		.4byte	0x4be
 996 0499 06       		.uleb128 0x6
 997 049a 94030000 		.4byte	.LASF62
 998 049e 0B       		.byte	0xb
 999 049f 48       		.byte	0x48
 1000 04a0 62040000 		.4byte	0x462
 1001 04a4 00       		.byte	0
 1002 04a5 06       		.uleb128 0x6
 1003 04a6 5E000000 		.4byte	.LASF63
 1004 04aa 0B       		.byte	0xb
 1005 04ab 4A       		.byte	0x4a
 1006 04ac DD040000 		.4byte	0x4dd
 1007 04b0 08       		.byte	0x8
 1008 04b1 06       		.uleb128 0x6
 1009 04b2 91000000 		.4byte	.LASF64
 1010 04b6 0B       		.byte	0xb
ARM GAS  /tmp/ccQI3oKh.s 			page 19


 1011 04b7 4C       		.byte	0x4c
 1012 04b8 57040000 		.4byte	0x457
 1013 04bc 10       		.byte	0x10
 1014 04bd 00       		.byte	0
 1015 04be 10       		.uleb128 0x10
 1016 04bf 04       		.byte	0x4
 1017 04c0 0B       		.byte	0xb
 1018 04c1 3C       		.byte	0x3c
 1019 04c2 DD040000 		.4byte	0x4dd
 1020 04c6 11       		.uleb128 0x11
 1021 04c7 6B000000 		.4byte	.LASF65
 1022 04cb 0B       		.byte	0xb
 1023 04cc 3D       		.byte	0x3d
 1024 04cd FE040000 		.4byte	0x4fe
 1025 04d1 11       		.uleb128 0x11
 1026 04d2 0F040000 		.4byte	.LASF66
 1027 04d6 0B       		.byte	0xb
 1028 04d7 3E       		.byte	0x3e
 1029 04d8 04050000 		.4byte	0x504
 1030 04dc 00       		.byte	0
 1031 04dd 12       		.uleb128 0x12
 1032 04de C5030000 		.4byte	.LASF89
 1033 04e2 08       		.byte	0x8
 1034 04e3 0B       		.byte	0xb
 1035 04e4 39       		.byte	0x39
 1036 04e5 FE040000 		.4byte	0x4fe
 1037 04e9 11       		.uleb128 0x11
 1038 04ea 22010000 		.4byte	.LASF67
 1039 04ee 0B       		.byte	0xb
 1040 04ef 3A       		.byte	0x3a
 1041 04f0 9C020000 		.4byte	0x29c
 1042 04f4 13       		.uleb128 0x13
 1043 04f5 6800     		.ascii	"h\000"
 1044 04f7 0B       		.byte	0xb
 1045 04f8 41       		.byte	0x41
 1046 04f9 0A050000 		.4byte	0x50a
 1047 04fd 00       		.byte	0
 1048 04fe 09       		.uleb128 0x9
 1049 04ff 04       		.byte	0x4
 1050 0500 DD040000 		.4byte	0x4dd
 1051 0504 09       		.uleb128 0x9
 1052 0505 04       		.byte	0x4
 1053 0506 82040000 		.4byte	0x482
 1054 050a 08       		.uleb128 0x8
 1055 050b 08       		.byte	0x8
 1056 050c 0B       		.byte	0xb
 1057 050d 3B       		.byte	0x3b
 1058 050e 29050000 		.4byte	0x529
 1059 0512 07       		.uleb128 0x7
 1060 0513 7500     		.ascii	"u\000"
 1061 0515 0B       		.byte	0xb
 1062 0516 3F       		.byte	0x3f
 1063 0517 BE040000 		.4byte	0x4be
 1064 051b 00       		.byte	0
 1065 051c 06       		.uleb128 0x6
 1066 051d 5A010000 		.4byte	.LASF68
 1067 0521 0B       		.byte	0xb
ARM GAS  /tmp/ccQI3oKh.s 			page 20


 1068 0522 40       		.byte	0x40
 1069 0523 28000000 		.4byte	0x28
 1070 0527 04       		.byte	0x4
 1071 0528 00       		.byte	0
 1072 0529 05       		.uleb128 0x5
 1073 052a 60040000 		.4byte	.LASF69
 1074 052e 04       		.byte	0x4
 1075 052f 0C       		.byte	0xc
 1076 0530 2C       		.byte	0x2c
 1077 0531 42050000 		.4byte	0x542
 1078 0535 06       		.uleb128 0x6
 1079 0536 1A030000 		.4byte	.LASF70
 1080 053a 0C       		.byte	0xc
 1081 053b 2D       		.byte	0x2d
 1082 053c 42050000 		.4byte	0x542
 1083 0540 00       		.byte	0
 1084 0541 00       		.byte	0
 1085 0542 09       		.uleb128 0x9
 1086 0543 04       		.byte	0x4
 1087 0544 29050000 		.4byte	0x529
 1088 0548 08       		.uleb128 0x8
 1089 0549 0C       		.byte	0xc
 1090 054a 0C       		.byte	0xc
 1091 054b 34       		.byte	0x34
 1092 054c 75050000 		.4byte	0x575
 1093 0550 06       		.uleb128 0x6
 1094 0551 3F040000 		.4byte	.LASF71
 1095 0555 0C       		.byte	0xc
 1096 0556 35       		.byte	0x35
 1097 0557 42050000 		.4byte	0x542
 1098 055b 00       		.byte	0
 1099 055c 06       		.uleb128 0x6
 1100 055d F0020000 		.4byte	.LASF72
 1101 0561 0C       		.byte	0xc
 1102 0562 36       		.byte	0x36
 1103 0563 28000000 		.4byte	0x28
 1104 0567 04       		.byte	0x4
 1105 0568 06       		.uleb128 0x6
 1106 0569 0D010000 		.4byte	.LASF73
 1107 056d 0C       		.byte	0xc
 1108 056e 38       		.byte	0x38
 1109 056f 62040000 		.4byte	0x462
 1110 0573 08       		.byte	0x8
 1111 0574 00       		.byte	0
 1112 0575 03       		.uleb128 0x3
 1113 0576 2F000000 		.4byte	.LASF74
 1114 057a 0C       		.byte	0xc
 1115 057b 3A       		.byte	0x3a
 1116 057c 48050000 		.4byte	0x548
 1117 0580 10       		.uleb128 0x10
 1118 0581 04       		.byte	0x4
 1119 0582 07       		.byte	0x7
 1120 0583 96       		.byte	0x96
 1121 0584 B5050000 		.4byte	0x5b5
 1122 0588 11       		.uleb128 0x11
 1123 0589 15000000 		.4byte	.LASF75
 1124 058d 07       		.byte	0x7
ARM GAS  /tmp/ccQI3oKh.s 			page 21


 1125 058e 9D       		.byte	0x9d
 1126 058f 08010000 		.4byte	0x108
 1127 0593 11       		.uleb128 0x11
 1128 0594 F9000000 		.4byte	.LASF76
 1129 0598 07       		.byte	0x7
 1130 0599 A4       		.byte	0xa4
 1131 059a 08010000 		.4byte	0x108
 1132 059e 11       		.uleb128 0x11
 1133 059f 7B040000 		.4byte	.LASF77
 1134 05a3 07       		.byte	0x7
 1135 05a4 AB       		.byte	0xab
 1136 05a5 9A020000 		.4byte	0x29a
 1137 05a9 11       		.uleb128 0x11
 1138 05aa D1030000 		.4byte	.LASF78
 1139 05ae 07       		.byte	0x7
 1140 05af B2       		.byte	0xb2
 1141 05b0 13010000 		.4byte	0x113
 1142 05b4 00       		.byte	0
 1143 05b5 09       		.uleb128 0x9
 1144 05b6 04       		.byte	0x4
 1145 05b7 BB050000 		.4byte	0x5bb
 1146 05bb 14       		.uleb128 0x14
 1147 05bc C0050000 		.4byte	0x5c0
 1148 05c0 04       		.uleb128 0x4
 1149 05c1 01       		.byte	0x1
 1150 05c2 08       		.byte	0x8
 1151 05c3 14040000 		.4byte	.LASF79
 1152 05c7 09       		.uleb128 0x9
 1153 05c8 04       		.byte	0x4
 1154 05c9 9C020000 		.4byte	0x29c
 1155 05cd 09       		.uleb128 0x9
 1156 05ce 04       		.byte	0x4
 1157 05cf 57040000 		.4byte	0x457
 1158 05d3 03       		.uleb128 0x3
 1159 05d4 00000000 		.4byte	.LASF80
 1160 05d8 07       		.byte	0x7
 1161 05d9 E5       		.byte	0xe5
 1162 05da DE050000 		.4byte	0x5de
 1163 05de 09       		.uleb128 0x9
 1164 05df 04       		.byte	0x4
 1165 05e0 E4050000 		.4byte	0x5e4
 1166 05e4 0E       		.uleb128 0xe
 1167 05e5 08010000 		.4byte	0x108
 1168 05e9 F3050000 		.4byte	0x5f3
 1169 05ed 0F       		.uleb128 0xf
 1170 05ee 9A020000 		.4byte	0x29a
 1171 05f2 00       		.byte	0
 1172 05f3 15       		.uleb128 0x15
 1173 05f4 9E010000 		.4byte	.LASF81
 1174 05f8 01       		.byte	0x1
 1175 05f9 34       		.byte	0x34
 1176 05fa 5E020000 		.4byte	0x25e
 1177 05fe 00000000 		.4byte	.LFB0
 1178 0602 3C000000 		.4byte	.LFE0-.LFB0
 1179 0606 01       		.uleb128 0x1
 1180 0607 9C       		.byte	0x9c
 1181 0608 1A060000 		.4byte	0x61a
ARM GAS  /tmp/ccQI3oKh.s 			page 22


 1182 060c 16       		.uleb128 0x16
 1183 060d 747000   		.ascii	"tp\000"
 1184 0610 01       		.byte	0x1
 1185 0611 34       		.byte	0x34
 1186 0612 5E020000 		.4byte	0x25e
 1187 0616 02       		.uleb128 0x2
 1188 0617 91       		.byte	0x91
 1189 0618 74       		.sleb128 -12
 1190 0619 00       		.byte	0
 1191 061a 17       		.uleb128 0x17
 1192 061b E7030000 		.4byte	.LASF90
 1193 061f 01       		.byte	0x1
 1194 0620 4A       		.byte	0x4a
 1195 0621 00000000 		.4byte	.LFB1
 1196 0625 A8000000 		.4byte	.LFE1-.LFB1
 1197 0629 01       		.uleb128 0x1
 1198 062a 9C       		.byte	0x9c
 1199 062b 4B060000 		.4byte	0x64b
 1200 062f 16       		.uleb128 0x16
 1201 0630 747000   		.ascii	"tp\000"
 1202 0633 01       		.byte	0x1
 1203 0634 4A       		.byte	0x4a
 1204 0635 5E020000 		.4byte	0x25e
 1205 0639 02       		.uleb128 0x2
 1206 063a 91       		.byte	0x91
 1207 063b 6C       		.sleb128 -20
 1208 063c 18       		.uleb128 0x18
 1209 063d 2A030000 		.4byte	.LASF85
 1210 0641 01       		.byte	0x1
 1211 0642 4B       		.byte	0x4b
 1212 0643 E7000000 		.4byte	0xe7
 1213 0647 02       		.uleb128 0x2
 1214 0648 91       		.byte	0x91
 1215 0649 77       		.sleb128 -9
 1216 064a 00       		.byte	0
 1217 064b 15       		.uleb128 0x15
 1218 064c BA000000 		.4byte	.LASF82
 1219 0650 01       		.byte	0x1
 1220 0651 82       		.byte	0x82
 1221 0652 5E020000 		.4byte	0x25e
 1222 0656 00000000 		.4byte	.LFB2
 1223 065a 78000000 		.4byte	.LFE2-.LFB2
 1224 065e 01       		.uleb128 0x1
 1225 065f 9C       		.byte	0x9c
 1226 0660 C5060000 		.4byte	0x6c5
 1227 0664 19       		.uleb128 0x19
 1228 0665 65000000 		.4byte	.LASF83
 1229 0669 01       		.byte	0x1
 1230 066a 82       		.byte	0x82
 1231 066b 04050000 		.4byte	0x504
 1232 066f 02       		.uleb128 0x2
 1233 0670 91       		.byte	0x91
 1234 0671 6C       		.sleb128 -20
 1235 0672 19       		.uleb128 0x19
 1236 0673 5A010000 		.4byte	.LASF68
 1237 0677 01       		.byte	0x1
 1238 0678 82       		.byte	0x82
ARM GAS  /tmp/ccQI3oKh.s 			page 23


 1239 0679 28000000 		.4byte	0x28
 1240 067d 02       		.uleb128 0x2
 1241 067e 91       		.byte	0x91
 1242 067f 68       		.sleb128 -24
 1243 0680 19       		.uleb128 0x19
 1244 0681 FF020000 		.4byte	.LASF84
 1245 0685 01       		.byte	0x1
 1246 0686 83       		.byte	0x83
 1247 0687 FD000000 		.4byte	0xfd
 1248 068b 02       		.uleb128 0x2
 1249 068c 91       		.byte	0x91
 1250 068d 64       		.sleb128 -28
 1251 068e 16       		.uleb128 0x16
 1252 068f 706600   		.ascii	"pf\000"
 1253 0692 01       		.byte	0x1
 1254 0693 83       		.byte	0x83
 1255 0694 D3050000 		.4byte	0x5d3
 1256 0698 02       		.uleb128 0x2
 1257 0699 91       		.byte	0x91
 1258 069a 60       		.sleb128 -32
 1259 069b 16       		.uleb128 0x16
 1260 069c 61726700 		.ascii	"arg\000"
 1261 06a0 01       		.byte	0x1
 1262 06a1 83       		.byte	0x83
 1263 06a2 9A020000 		.4byte	0x29a
 1264 06a6 02       		.uleb128 0x2
 1265 06a7 91       		.byte	0x91
 1266 06a8 00       		.sleb128 0
 1267 06a9 1A       		.uleb128 0x1a
 1268 06aa 77737000 		.ascii	"wsp\000"
 1269 06ae 01       		.byte	0x1
 1270 06af 84       		.byte	0x84
 1271 06b0 9A020000 		.4byte	0x29a
 1272 06b4 02       		.uleb128 0x2
 1273 06b5 91       		.byte	0x91
 1274 06b6 74       		.sleb128 -12
 1275 06b7 1A       		.uleb128 0x1a
 1276 06b8 747000   		.ascii	"tp\000"
 1277 06bb 01       		.byte	0x1
 1278 06bc 85       		.byte	0x85
 1279 06bd 5E020000 		.4byte	0x25e
 1280 06c1 02       		.uleb128 0x2
 1281 06c2 91       		.byte	0x91
 1282 06c3 70       		.sleb128 -16
 1283 06c4 00       		.byte	0
 1284 06c5 15       		.uleb128 0x15
 1285 06c6 DF000000 		.4byte	.LASF86
 1286 06ca 01       		.byte	0x1
 1287 06cb B3       		.byte	0xb3
 1288 06cc 5E020000 		.4byte	0x25e
 1289 06d0 00000000 		.4byte	.LFB3
 1290 06d4 94000000 		.4byte	.LFE3-.LFB3
 1291 06d8 01       		.uleb128 0x1
 1292 06d9 9C       		.byte	0x9c
 1293 06da 30070000 		.4byte	0x730
 1294 06de 16       		.uleb128 0x16
 1295 06df 6D7000   		.ascii	"mp\000"
ARM GAS  /tmp/ccQI3oKh.s 			page 24


 1296 06e2 01       		.byte	0x1
 1297 06e3 B3       		.byte	0xb3
 1298 06e4 30070000 		.4byte	0x730
 1299 06e8 02       		.uleb128 0x2
 1300 06e9 91       		.byte	0x91
 1301 06ea 6C       		.sleb128 -20
 1302 06eb 19       		.uleb128 0x19
 1303 06ec FF020000 		.4byte	.LASF84
 1304 06f0 01       		.byte	0x1
 1305 06f1 B3       		.byte	0xb3
 1306 06f2 FD000000 		.4byte	0xfd
 1307 06f6 02       		.uleb128 0x2
 1308 06f7 91       		.byte	0x91
 1309 06f8 68       		.sleb128 -24
 1310 06f9 16       		.uleb128 0x16
 1311 06fa 706600   		.ascii	"pf\000"
 1312 06fd 01       		.byte	0x1
 1313 06fe B4       		.byte	0xb4
 1314 06ff D3050000 		.4byte	0x5d3
 1315 0703 02       		.uleb128 0x2
 1316 0704 91       		.byte	0x91
 1317 0705 64       		.sleb128 -28
 1318 0706 16       		.uleb128 0x16
 1319 0707 61726700 		.ascii	"arg\000"
 1320 070b 01       		.byte	0x1
 1321 070c B4       		.byte	0xb4
 1322 070d 9A020000 		.4byte	0x29a
 1323 0711 02       		.uleb128 0x2
 1324 0712 91       		.byte	0x91
 1325 0713 60       		.sleb128 -32
 1326 0714 1A       		.uleb128 0x1a
 1327 0715 77737000 		.ascii	"wsp\000"
 1328 0719 01       		.byte	0x1
 1329 071a B5       		.byte	0xb5
 1330 071b 9A020000 		.4byte	0x29a
 1331 071f 02       		.uleb128 0x2
 1332 0720 91       		.byte	0x91
 1333 0721 74       		.sleb128 -12
 1334 0722 1A       		.uleb128 0x1a
 1335 0723 747000   		.ascii	"tp\000"
 1336 0726 01       		.byte	0x1
 1337 0727 B6       		.byte	0xb6
 1338 0728 5E020000 		.4byte	0x25e
 1339 072c 02       		.uleb128 0x2
 1340 072d 91       		.byte	0x91
 1341 072e 70       		.sleb128 -16
 1342 072f 00       		.byte	0
 1343 0730 09       		.uleb128 0x9
 1344 0731 04       		.byte	0x4
 1345 0732 75050000 		.4byte	0x575
 1346 0736 00       		.byte	0
 1347              		.section	.debug_abbrev,"",%progbits
 1348              	.Ldebug_abbrev0:
 1349 0000 01       		.uleb128 0x1
 1350 0001 11       		.uleb128 0x11
 1351 0002 01       		.byte	0x1
 1352 0003 25       		.uleb128 0x25
ARM GAS  /tmp/ccQI3oKh.s 			page 25


 1353 0004 0E       		.uleb128 0xe
 1354 0005 13       		.uleb128 0x13
 1355 0006 0B       		.uleb128 0xb
 1356 0007 03       		.uleb128 0x3
 1357 0008 0E       		.uleb128 0xe
 1358 0009 55       		.uleb128 0x55
 1359 000a 17       		.uleb128 0x17
 1360 000b 11       		.uleb128 0x11
 1361 000c 01       		.uleb128 0x1
 1362 000d 10       		.uleb128 0x10
 1363 000e 17       		.uleb128 0x17
 1364 000f 00       		.byte	0
 1365 0010 00       		.byte	0
 1366 0011 02       		.uleb128 0x2
 1367 0012 24       		.uleb128 0x24
 1368 0013 00       		.byte	0
 1369 0014 0B       		.uleb128 0xb
 1370 0015 0B       		.uleb128 0xb
 1371 0016 3E       		.uleb128 0x3e
 1372 0017 0B       		.uleb128 0xb
 1373 0018 03       		.uleb128 0x3
 1374 0019 08       		.uleb128 0x8
 1375 001a 00       		.byte	0
 1376 001b 00       		.byte	0
 1377 001c 03       		.uleb128 0x3
 1378 001d 16       		.uleb128 0x16
 1379 001e 00       		.byte	0
 1380 001f 03       		.uleb128 0x3
 1381 0020 0E       		.uleb128 0xe
 1382 0021 3A       		.uleb128 0x3a
 1383 0022 0B       		.uleb128 0xb
 1384 0023 3B       		.uleb128 0x3b
 1385 0024 0B       		.uleb128 0xb
 1386 0025 49       		.uleb128 0x49
 1387 0026 13       		.uleb128 0x13
 1388 0027 00       		.byte	0
 1389 0028 00       		.byte	0
 1390 0029 04       		.uleb128 0x4
 1391 002a 24       		.uleb128 0x24
 1392 002b 00       		.byte	0
 1393 002c 0B       		.uleb128 0xb
 1394 002d 0B       		.uleb128 0xb
 1395 002e 3E       		.uleb128 0x3e
 1396 002f 0B       		.uleb128 0xb
 1397 0030 03       		.uleb128 0x3
 1398 0031 0E       		.uleb128 0xe
 1399 0032 00       		.byte	0
 1400 0033 00       		.byte	0
 1401 0034 05       		.uleb128 0x5
 1402 0035 13       		.uleb128 0x13
 1403 0036 01       		.byte	0x1
 1404 0037 03       		.uleb128 0x3
 1405 0038 0E       		.uleb128 0xe
 1406 0039 0B       		.uleb128 0xb
 1407 003a 0B       		.uleb128 0xb
 1408 003b 3A       		.uleb128 0x3a
 1409 003c 0B       		.uleb128 0xb
ARM GAS  /tmp/ccQI3oKh.s 			page 26


 1410 003d 3B       		.uleb128 0x3b
 1411 003e 0B       		.uleb128 0xb
 1412 003f 01       		.uleb128 0x1
 1413 0040 13       		.uleb128 0x13
 1414 0041 00       		.byte	0
 1415 0042 00       		.byte	0
 1416 0043 06       		.uleb128 0x6
 1417 0044 0D       		.uleb128 0xd
 1418 0045 00       		.byte	0
 1419 0046 03       		.uleb128 0x3
 1420 0047 0E       		.uleb128 0xe
 1421 0048 3A       		.uleb128 0x3a
 1422 0049 0B       		.uleb128 0xb
 1423 004a 3B       		.uleb128 0x3b
 1424 004b 0B       		.uleb128 0xb
 1425 004c 49       		.uleb128 0x49
 1426 004d 13       		.uleb128 0x13
 1427 004e 38       		.uleb128 0x38
 1428 004f 0B       		.uleb128 0xb
 1429 0050 00       		.byte	0
 1430 0051 00       		.byte	0
 1431 0052 07       		.uleb128 0x7
 1432 0053 0D       		.uleb128 0xd
 1433 0054 00       		.byte	0
 1434 0055 03       		.uleb128 0x3
 1435 0056 08       		.uleb128 0x8
 1436 0057 3A       		.uleb128 0x3a
 1437 0058 0B       		.uleb128 0xb
 1438 0059 3B       		.uleb128 0x3b
 1439 005a 0B       		.uleb128 0xb
 1440 005b 49       		.uleb128 0x49
 1441 005c 13       		.uleb128 0x13
 1442 005d 38       		.uleb128 0x38
 1443 005e 0B       		.uleb128 0xb
 1444 005f 00       		.byte	0
 1445 0060 00       		.byte	0
 1446 0061 08       		.uleb128 0x8
 1447 0062 13       		.uleb128 0x13
 1448 0063 01       		.byte	0x1
 1449 0064 0B       		.uleb128 0xb
 1450 0065 0B       		.uleb128 0xb
 1451 0066 3A       		.uleb128 0x3a
 1452 0067 0B       		.uleb128 0xb
 1453 0068 3B       		.uleb128 0x3b
 1454 0069 0B       		.uleb128 0xb
 1455 006a 01       		.uleb128 0x1
 1456 006b 13       		.uleb128 0x13
 1457 006c 00       		.byte	0
 1458 006d 00       		.byte	0
 1459 006e 09       		.uleb128 0x9
 1460 006f 0F       		.uleb128 0xf
 1461 0070 00       		.byte	0
 1462 0071 0B       		.uleb128 0xb
 1463 0072 0B       		.uleb128 0xb
 1464 0073 49       		.uleb128 0x49
 1465 0074 13       		.uleb128 0x13
 1466 0075 00       		.byte	0
ARM GAS  /tmp/ccQI3oKh.s 			page 27


 1467 0076 00       		.byte	0
 1468 0077 0A       		.uleb128 0xa
 1469 0078 0F       		.uleb128 0xf
 1470 0079 00       		.byte	0
 1471 007a 0B       		.uleb128 0xb
 1472 007b 0B       		.uleb128 0xb
 1473 007c 00       		.byte	0
 1474 007d 00       		.byte	0
 1475 007e 0B       		.uleb128 0xb
 1476 007f 13       		.uleb128 0x13
 1477 0080 01       		.byte	0x1
 1478 0081 03       		.uleb128 0x3
 1479 0082 0E       		.uleb128 0xe
 1480 0083 0B       		.uleb128 0xb
 1481 0084 0B       		.uleb128 0xb
 1482 0085 3A       		.uleb128 0x3a
 1483 0086 0B       		.uleb128 0xb
 1484 0087 3B       		.uleb128 0x3b
 1485 0088 05       		.uleb128 0x5
 1486 0089 01       		.uleb128 0x1
 1487 008a 13       		.uleb128 0x13
 1488 008b 00       		.byte	0
 1489 008c 00       		.byte	0
 1490 008d 0C       		.uleb128 0xc
 1491 008e 0D       		.uleb128 0xd
 1492 008f 00       		.byte	0
 1493 0090 03       		.uleb128 0x3
 1494 0091 08       		.uleb128 0x8
 1495 0092 3A       		.uleb128 0x3a
 1496 0093 0B       		.uleb128 0xb
 1497 0094 3B       		.uleb128 0x3b
 1498 0095 05       		.uleb128 0x5
 1499 0096 49       		.uleb128 0x49
 1500 0097 13       		.uleb128 0x13
 1501 0098 38       		.uleb128 0x38
 1502 0099 0B       		.uleb128 0xb
 1503 009a 00       		.byte	0
 1504 009b 00       		.byte	0
 1505 009c 0D       		.uleb128 0xd
 1506 009d 35       		.uleb128 0x35
 1507 009e 00       		.byte	0
 1508 009f 49       		.uleb128 0x49
 1509 00a0 13       		.uleb128 0x13
 1510 00a1 00       		.byte	0
 1511 00a2 00       		.byte	0
 1512 00a3 0E       		.uleb128 0xe
 1513 00a4 15       		.uleb128 0x15
 1514 00a5 01       		.byte	0x1
 1515 00a6 27       		.uleb128 0x27
 1516 00a7 19       		.uleb128 0x19
 1517 00a8 49       		.uleb128 0x49
 1518 00a9 13       		.uleb128 0x13
 1519 00aa 01       		.uleb128 0x1
 1520 00ab 13       		.uleb128 0x13
 1521 00ac 00       		.byte	0
 1522 00ad 00       		.byte	0
 1523 00ae 0F       		.uleb128 0xf
ARM GAS  /tmp/ccQI3oKh.s 			page 28


 1524 00af 05       		.uleb128 0x5
 1525 00b0 00       		.byte	0
 1526 00b1 49       		.uleb128 0x49
 1527 00b2 13       		.uleb128 0x13
 1528 00b3 00       		.byte	0
 1529 00b4 00       		.byte	0
 1530 00b5 10       		.uleb128 0x10
 1531 00b6 17       		.uleb128 0x17
 1532 00b7 01       		.byte	0x1
 1533 00b8 0B       		.uleb128 0xb
 1534 00b9 0B       		.uleb128 0xb
 1535 00ba 3A       		.uleb128 0x3a
 1536 00bb 0B       		.uleb128 0xb
 1537 00bc 3B       		.uleb128 0x3b
 1538 00bd 0B       		.uleb128 0xb
 1539 00be 01       		.uleb128 0x1
 1540 00bf 13       		.uleb128 0x13
 1541 00c0 00       		.byte	0
 1542 00c1 00       		.byte	0
 1543 00c2 11       		.uleb128 0x11
 1544 00c3 0D       		.uleb128 0xd
 1545 00c4 00       		.byte	0
 1546 00c5 03       		.uleb128 0x3
 1547 00c6 0E       		.uleb128 0xe
 1548 00c7 3A       		.uleb128 0x3a
 1549 00c8 0B       		.uleb128 0xb
 1550 00c9 3B       		.uleb128 0x3b
 1551 00ca 0B       		.uleb128 0xb
 1552 00cb 49       		.uleb128 0x49
 1553 00cc 13       		.uleb128 0x13
 1554 00cd 00       		.byte	0
 1555 00ce 00       		.byte	0
 1556 00cf 12       		.uleb128 0x12
 1557 00d0 17       		.uleb128 0x17
 1558 00d1 01       		.byte	0x1
 1559 00d2 03       		.uleb128 0x3
 1560 00d3 0E       		.uleb128 0xe
 1561 00d4 0B       		.uleb128 0xb
 1562 00d5 0B       		.uleb128 0xb
 1563 00d6 3A       		.uleb128 0x3a
 1564 00d7 0B       		.uleb128 0xb
 1565 00d8 3B       		.uleb128 0x3b
 1566 00d9 0B       		.uleb128 0xb
 1567 00da 01       		.uleb128 0x1
 1568 00db 13       		.uleb128 0x13
 1569 00dc 00       		.byte	0
 1570 00dd 00       		.byte	0
 1571 00de 13       		.uleb128 0x13
 1572 00df 0D       		.uleb128 0xd
 1573 00e0 00       		.byte	0
 1574 00e1 03       		.uleb128 0x3
 1575 00e2 08       		.uleb128 0x8
 1576 00e3 3A       		.uleb128 0x3a
 1577 00e4 0B       		.uleb128 0xb
 1578 00e5 3B       		.uleb128 0x3b
 1579 00e6 0B       		.uleb128 0xb
 1580 00e7 49       		.uleb128 0x49
ARM GAS  /tmp/ccQI3oKh.s 			page 29


 1581 00e8 13       		.uleb128 0x13
 1582 00e9 00       		.byte	0
 1583 00ea 00       		.byte	0
 1584 00eb 14       		.uleb128 0x14
 1585 00ec 26       		.uleb128 0x26
 1586 00ed 00       		.byte	0
 1587 00ee 49       		.uleb128 0x49
 1588 00ef 13       		.uleb128 0x13
 1589 00f0 00       		.byte	0
 1590 00f1 00       		.byte	0
 1591 00f2 15       		.uleb128 0x15
 1592 00f3 2E       		.uleb128 0x2e
 1593 00f4 01       		.byte	0x1
 1594 00f5 3F       		.uleb128 0x3f
 1595 00f6 19       		.uleb128 0x19
 1596 00f7 03       		.uleb128 0x3
 1597 00f8 0E       		.uleb128 0xe
 1598 00f9 3A       		.uleb128 0x3a
 1599 00fa 0B       		.uleb128 0xb
 1600 00fb 3B       		.uleb128 0x3b
 1601 00fc 0B       		.uleb128 0xb
 1602 00fd 27       		.uleb128 0x27
 1603 00fe 19       		.uleb128 0x19
 1604 00ff 49       		.uleb128 0x49
 1605 0100 13       		.uleb128 0x13
 1606 0101 11       		.uleb128 0x11
 1607 0102 01       		.uleb128 0x1
 1608 0103 12       		.uleb128 0x12
 1609 0104 06       		.uleb128 0x6
 1610 0105 40       		.uleb128 0x40
 1611 0106 18       		.uleb128 0x18
 1612 0107 9642     		.uleb128 0x2116
 1613 0109 19       		.uleb128 0x19
 1614 010a 01       		.uleb128 0x1
 1615 010b 13       		.uleb128 0x13
 1616 010c 00       		.byte	0
 1617 010d 00       		.byte	0
 1618 010e 16       		.uleb128 0x16
 1619 010f 05       		.uleb128 0x5
 1620 0110 00       		.byte	0
 1621 0111 03       		.uleb128 0x3
 1622 0112 08       		.uleb128 0x8
 1623 0113 3A       		.uleb128 0x3a
 1624 0114 0B       		.uleb128 0xb
 1625 0115 3B       		.uleb128 0x3b
 1626 0116 0B       		.uleb128 0xb
 1627 0117 49       		.uleb128 0x49
 1628 0118 13       		.uleb128 0x13
 1629 0119 02       		.uleb128 0x2
 1630 011a 18       		.uleb128 0x18
 1631 011b 00       		.byte	0
 1632 011c 00       		.byte	0
 1633 011d 17       		.uleb128 0x17
 1634 011e 2E       		.uleb128 0x2e
 1635 011f 01       		.byte	0x1
 1636 0120 3F       		.uleb128 0x3f
 1637 0121 19       		.uleb128 0x19
ARM GAS  /tmp/ccQI3oKh.s 			page 30


 1638 0122 03       		.uleb128 0x3
 1639 0123 0E       		.uleb128 0xe
 1640 0124 3A       		.uleb128 0x3a
 1641 0125 0B       		.uleb128 0xb
 1642 0126 3B       		.uleb128 0x3b
 1643 0127 0B       		.uleb128 0xb
 1644 0128 27       		.uleb128 0x27
 1645 0129 19       		.uleb128 0x19
 1646 012a 11       		.uleb128 0x11
 1647 012b 01       		.uleb128 0x1
 1648 012c 12       		.uleb128 0x12
 1649 012d 06       		.uleb128 0x6
 1650 012e 40       		.uleb128 0x40
 1651 012f 18       		.uleb128 0x18
 1652 0130 9642     		.uleb128 0x2116
 1653 0132 19       		.uleb128 0x19
 1654 0133 01       		.uleb128 0x1
 1655 0134 13       		.uleb128 0x13
 1656 0135 00       		.byte	0
 1657 0136 00       		.byte	0
 1658 0137 18       		.uleb128 0x18
 1659 0138 34       		.uleb128 0x34
 1660 0139 00       		.byte	0
 1661 013a 03       		.uleb128 0x3
 1662 013b 0E       		.uleb128 0xe
 1663 013c 3A       		.uleb128 0x3a
 1664 013d 0B       		.uleb128 0xb
 1665 013e 3B       		.uleb128 0x3b
 1666 013f 0B       		.uleb128 0xb
 1667 0140 49       		.uleb128 0x49
 1668 0141 13       		.uleb128 0x13
 1669 0142 02       		.uleb128 0x2
 1670 0143 18       		.uleb128 0x18
 1671 0144 00       		.byte	0
 1672 0145 00       		.byte	0
 1673 0146 19       		.uleb128 0x19
 1674 0147 05       		.uleb128 0x5
 1675 0148 00       		.byte	0
 1676 0149 03       		.uleb128 0x3
 1677 014a 0E       		.uleb128 0xe
 1678 014b 3A       		.uleb128 0x3a
 1679 014c 0B       		.uleb128 0xb
 1680 014d 3B       		.uleb128 0x3b
 1681 014e 0B       		.uleb128 0xb
 1682 014f 49       		.uleb128 0x49
 1683 0150 13       		.uleb128 0x13
 1684 0151 02       		.uleb128 0x2
 1685 0152 18       		.uleb128 0x18
 1686 0153 00       		.byte	0
 1687 0154 00       		.byte	0
 1688 0155 1A       		.uleb128 0x1a
 1689 0156 34       		.uleb128 0x34
 1690 0157 00       		.byte	0
 1691 0158 03       		.uleb128 0x3
 1692 0159 08       		.uleb128 0x8
 1693 015a 3A       		.uleb128 0x3a
 1694 015b 0B       		.uleb128 0xb
ARM GAS  /tmp/ccQI3oKh.s 			page 31


 1695 015c 3B       		.uleb128 0x3b
 1696 015d 0B       		.uleb128 0xb
 1697 015e 49       		.uleb128 0x49
 1698 015f 13       		.uleb128 0x13
 1699 0160 02       		.uleb128 0x2
 1700 0161 18       		.uleb128 0x18
 1701 0162 00       		.byte	0
 1702 0163 00       		.byte	0
 1703 0164 00       		.byte	0
 1704              		.section	.debug_aranges,"",%progbits
 1705 0000 34000000 		.4byte	0x34
 1706 0004 0200     		.2byte	0x2
 1707 0006 00000000 		.4byte	.Ldebug_info0
 1708 000a 04       		.byte	0x4
 1709 000b 00       		.byte	0
 1710 000c 0000     		.2byte	0
 1711 000e 0000     		.2byte	0
 1712 0010 00000000 		.4byte	.LFB0
 1713 0014 3C000000 		.4byte	.LFE0-.LFB0
 1714 0018 00000000 		.4byte	.LFB1
 1715 001c A8000000 		.4byte	.LFE1-.LFB1
 1716 0020 00000000 		.4byte	.LFB2
 1717 0024 78000000 		.4byte	.LFE2-.LFB2
 1718 0028 00000000 		.4byte	.LFB3
 1719 002c 94000000 		.4byte	.LFE3-.LFB3
 1720 0030 00000000 		.4byte	0
 1721 0034 00000000 		.4byte	0
 1722              		.section	.debug_ranges,"",%progbits
 1723              	.Ldebug_ranges0:
 1724 0000 00000000 		.4byte	.LFB0
 1725 0004 3C000000 		.4byte	.LFE0
 1726 0008 00000000 		.4byte	.LFB1
 1727 000c A8000000 		.4byte	.LFE1
 1728 0010 00000000 		.4byte	.LFB2
 1729 0014 78000000 		.4byte	.LFE2
 1730 0018 00000000 		.4byte	.LFB3
 1731 001c 94000000 		.4byte	.LFE3
 1732 0020 00000000 		.4byte	0
 1733 0024 00000000 		.4byte	0
 1734              		.section	.debug_line,"",%progbits
 1735              	.Ldebug_line0:
 1736 0000 96020000 		.section	.debug_str,"MS",%progbits,1
 1736      02000602 
 1736      00000201 
 1736      FB0E0D00 
 1736      01010101 
 1737              	.LASF80:
 1738 0000 7466756E 		.ascii	"tfunc_t\000"
 1738      635F7400 
 1739              	.LASF43:
 1740 0008 705F6D73 		.ascii	"p_msg\000"
 1740      6700
 1741              	.LASF2:
 1742 000e 73697A65 		.ascii	"size_t\000"
 1742      5F7400
 1743              	.LASF75:
 1744 0015 7264796D 		.ascii	"rdymsg\000"
ARM GAS  /tmp/ccQI3oKh.s 			page 32


 1744      736700
 1745              	.LASF17:
 1746 001c 75696E74 		.ascii	"uint64_t\000"
 1746      36345F74 
 1746      00
 1747              	.LASF3:
 1748 0025 5F5F7569 		.ascii	"__uint8_t\000"
 1748      6E74385F 
 1748      7400
 1749              	.LASF74:
 1750 002f 4D656D6F 		.ascii	"MemoryPool\000"
 1750      7279506F 
 1750      6F6C00
 1751              	.LASF59:
 1752 003a 6D656D67 		.ascii	"memgetfunc_t\000"
 1752      65746675 
 1752      6E635F74 
 1752      00
 1753              	.LASF13:
 1754 0047 6C6F6E67 		.ascii	"long long unsigned int\000"
 1754      206C6F6E 
 1754      6720756E 
 1754      7369676E 
 1754      65642069 
 1755              	.LASF63:
 1756 005e 685F6672 		.ascii	"h_free\000"
 1756      656500
 1757              	.LASF83:
 1758 0065 68656170 		.ascii	"heapp\000"
 1758      7000
 1759              	.LASF65:
 1760 006b 6E657874 		.ascii	"next\000"
 1760      00
 1761              	.LASF30:
 1762 0070 705F7072 		.ascii	"p_prio\000"
 1762      696F00
 1763              	.LASF11:
 1764 0077 6C6F6E67 		.ascii	"long long int\000"
 1764      206C6F6E 
 1764      6720696E 
 1764      7400
 1765              	.LASF1:
 1766 0085 7369676E 		.ascii	"signed char\000"
 1766      65642063 
 1766      68617200 
 1767              	.LASF64:
 1768 0091 685F6D74 		.ascii	"h_mtx\000"
 1768      7800
 1769              	.LASF47:
 1770 0097 705F6D70 		.ascii	"p_mpool\000"
 1770      6F6F6C00 
 1771              	.LASF56:
 1772 009f 6D5F7175 		.ascii	"m_queue\000"
 1772      65756500 
 1773              	.LASF22:
 1774 00a7 74736C69 		.ascii	"tslices_t\000"
 1774      6365735F 
ARM GAS  /tmp/ccQI3oKh.s 			page 33


 1774      7400
 1775              	.LASF8:
 1776 00b1 6C6F6E67 		.ascii	"long int\000"
 1776      20696E74 
 1776      00
 1777              	.LASF82:
 1778 00ba 63685468 		.ascii	"chThdCreateFromHeap\000"
 1778      64437265 
 1778      61746546 
 1778      726F6D48 
 1778      65617000 
 1779              	.LASF20:
 1780 00ce 74737461 		.ascii	"tstate_t\000"
 1780      74655F74 
 1780      00
 1781              	.LASF32:
 1782 00d7 705F6E65 		.ascii	"p_newer\000"
 1782      77657200 
 1783              	.LASF86:
 1784 00df 63685468 		.ascii	"chThdCreateFromMemoryPool\000"
 1784      64437265 
 1784      61746546 
 1784      726F6D4D 
 1784      656D6F72 
 1785              	.LASF76:
 1786 00f9 65786974 		.ascii	"exitcode\000"
 1786      636F6465 
 1786      00
 1787              	.LASF9:
 1788 0102 5F5F7569 		.ascii	"__uint32_t\000"
 1788      6E743332 
 1788      5F7400
 1789              	.LASF73:
 1790 010d 6D705F70 		.ascii	"mp_provider\000"
 1790      726F7669 
 1790      64657200 
 1791              	.LASF50:
 1792 0119 72656761 		.ascii	"regarm_t\000"
 1792      726D5F74 
 1792      00
 1793              	.LASF67:
 1794 0122 616C6967 		.ascii	"align\000"
 1794      6E00
 1795              	.LASF35:
 1796 0128 705F7374 		.ascii	"p_stklimit\000"
 1796      6B6C696D 
 1796      697400
 1797              	.LASF0:
 1798 0133 756E7369 		.ascii	"unsigned int\000"
 1798      676E6564 
 1798      20696E74 
 1798      00
 1799              	.LASF10:
 1800 0140 6C6F6E67 		.ascii	"long unsigned int\000"
 1800      20756E73 
 1800      69676E65 
 1800      6420696E 
ARM GAS  /tmp/ccQI3oKh.s 			page 34


 1800      7400
 1801              	.LASF53:
 1802 0152 636F6E74 		.ascii	"context\000"
 1802      65787400 
 1803              	.LASF68:
 1804 015a 73697A65 		.ascii	"size\000"
 1804      00
 1805              	.LASF6:
 1806 015f 73686F72 		.ascii	"short unsigned int\000"
 1806      7420756E 
 1806      7369676E 
 1806      65642069 
 1806      6E7400
 1807              	.LASF24:
 1808 0172 6D73675F 		.ascii	"msg_t\000"
 1808      7400
 1809              	.LASF19:
 1810 0178 746D6F64 		.ascii	"tmode_t\000"
 1810      655F7400 
 1811              	.LASF49:
 1812 0180 54687265 		.ascii	"ThreadsList\000"
 1812      6164734C 
 1812      69737400 
 1813              	.LASF25:
 1814 018c 6576656E 		.ascii	"eventmask_t\000"
 1814      746D6173 
 1814      6B5F7400 
 1815              	.LASF55:
 1816 0198 4D757465 		.ascii	"Mutex\000"
 1816      7800
 1817              	.LASF81:
 1818 019e 63685468 		.ascii	"chThdAddRef\000"
 1818      64416464 
 1818      52656600 
 1819              	.LASF51:
 1820 01aa 73746B61 		.ascii	"stkalign_t\000"
 1820      6C69676E 
 1820      5F7400
 1821              	.LASF15:
 1822 01b5 696E7433 		.ascii	"int32_t\000"
 1822      325F7400 
 1823              	.LASF54:
 1824 01bd 73697A65 		.ascii	"sizetype\000"
 1824      74797065 
 1824      00
 1825              	.LASF87:
 1826 01c6 474E5520 		.ascii	"GNU C 4.9.3 20150303 (release) [ARM/embedded-4_9-br"
 1826      4320342E 
 1826      392E3320 
 1826      32303135 
 1826      30333033 
 1827 01f9 616E6368 		.ascii	"anch revision 221220] -mcpu=cortex-m4 -mfloat-abi=h"
 1827      20726576 
 1827      6973696F 
 1827      6E203232 
 1827      31323230 
 1828 022c 61726420 		.ascii	"ard -mfpu=fpv4-sp-d16 -mno-thumb-interwork -mthumb "
ARM GAS  /tmp/ccQI3oKh.s 			page 35


 1828      2D6D6670 
 1828      753D6670 
 1828      76342D73 
 1828      702D6431 
 1829 025f 2D676764 		.ascii	"-ggdb -fomit-frame-pointer -falign-functions=16 -ff"
 1829      62202D66 
 1829      6F6D6974 
 1829      2D667261 
 1829      6D652D70 
 1830 0292 756E6374 		.ascii	"unction-sections -fdata-sections -fno-common -fsing"
 1830      696F6E2D 
 1830      73656374 
 1830      696F6E73 
 1830      202D6664 
 1831 02c5 6C652D70 		.ascii	"le-precision-constant\000"
 1831      72656369 
 1831      73696F6E 
 1831      2D636F6E 
 1831      7374616E 
 1832              	.LASF33:
 1833 02db 705F6F6C 		.ascii	"p_older\000"
 1833      64657200 
 1834              	.LASF48:
 1835 02e3 54687265 		.ascii	"ThreadsQueue\000"
 1835      61647351 
 1835      75657565 
 1835      00
 1836              	.LASF72:
 1837 02f0 6D705F6F 		.ascii	"mp_object_size\000"
 1837      626A6563 
 1837      745F7369 
 1837      7A6500
 1838              	.LASF84:
 1839 02ff 7072696F 		.ascii	"prio\000"
 1839      00
 1840              	.LASF60:
 1841 0304 4D656D6F 		.ascii	"MemoryHeap\000"
 1841      72794865 
 1841      617000
 1842              	.LASF12:
 1843 030f 5F5F7569 		.ascii	"__uint64_t\000"
 1843      6E743634 
 1843      5F7400
 1844              	.LASF70:
 1845 031a 70685F6E 		.ascii	"ph_next\000"
 1845      65787400 
 1846              	.LASF21:
 1847 0322 74726566 		.ascii	"trefs_t\000"
 1847      735F7400 
 1848              	.LASF85:
 1849 032a 72656673 		.ascii	"refs\000"
 1849      00
 1850              	.LASF29:
 1851 032f 705F7072 		.ascii	"p_prev\000"
 1851      657600
 1852              	.LASF23:
 1853 0336 74707269 		.ascii	"tprio_t\000"
ARM GAS  /tmp/ccQI3oKh.s 			page 36


 1853      6F5F7400 
 1854              	.LASF18:
 1855 033e 5F426F6F 		.ascii	"_Bool\000"
 1855      6C00
 1856              	.LASF88:
 1857 0344 2F686F6D 		.ascii	"/home/makkmarci/workspace/ChibiOS_2.6.8/os/kernel/s"
 1857      652F6D61 
 1857      6B6B6D61 
 1857      7263692F 
 1857      776F726B 
 1858 0377 72632F63 		.ascii	"rc/chdynamic.c\000"
 1858      6864796E 
 1858      616D6963 
 1858      2E6300
 1859              	.LASF4:
 1860 0386 756E7369 		.ascii	"unsigned char\000"
 1860      676E6564 
 1860      20636861 
 1860      7200
 1861              	.LASF62:
 1862 0394 685F7072 		.ascii	"h_provider\000"
 1862      6F766964 
 1862      657200
 1863              	.LASF45:
 1864 039f 705F6D74 		.ascii	"p_mtxlist\000"
 1864      786C6973 
 1864      7400
 1865              	.LASF5:
 1866 03a9 73686F72 		.ascii	"short int\000"
 1866      7420696E 
 1866      7400
 1867              	.LASF36:
 1868 03b3 705F7374 		.ascii	"p_state\000"
 1868      61746500 
 1869              	.LASF39:
 1870 03bb 705F7072 		.ascii	"p_preempt\000"
 1870      65656D70 
 1870      7400
 1871              	.LASF89:
 1872 03c5 68656170 		.ascii	"heap_header\000"
 1872      5F686561 
 1872      64657200 
 1873              	.LASF78:
 1874 03d1 65776D61 		.ascii	"ewmask\000"
 1874      736B00
 1875              	.LASF28:
 1876 03d8 705F6E65 		.ascii	"p_next\000"
 1876      787400
 1877              	.LASF37:
 1878 03df 705F666C 		.ascii	"p_flags\000"
 1878      61677300 
 1879              	.LASF90:
 1880 03e7 63685468 		.ascii	"chThdRelease\000"
 1880      6452656C 
 1880      65617365 
 1880      00
 1881              	.LASF27:
ARM GAS  /tmp/ccQI3oKh.s 			page 37


 1882 03f4 54687265 		.ascii	"Thread\000"
 1882      616400
 1883              	.LASF44:
 1884 03fb 705F6570 		.ascii	"p_epending\000"
 1884      656E6469 
 1884      6E6700
 1885              	.LASF16:
 1886 0406 75696E74 		.ascii	"uint32_t\000"
 1886      33325F74 
 1886      00
 1887              	.LASF66:
 1888 040f 68656170 		.ascii	"heap\000"
 1888      00
 1889              	.LASF79:
 1890 0414 63686172 		.ascii	"char\000"
 1890      00
 1891              	.LASF58:
 1892 0419 6D5F6E65 		.ascii	"m_next\000"
 1892      787400
 1893              	.LASF26:
 1894 0420 73797374 		.ascii	"systime_t\000"
 1894      696D655F 
 1894      7400
 1895              	.LASF46:
 1896 042a 705F7265 		.ascii	"p_realprio\000"
 1896      616C7072 
 1896      696F00
 1897              	.LASF7:
 1898 0435 5F5F696E 		.ascii	"__int32_t\000"
 1898      7433325F 
 1898      7400
 1899              	.LASF71:
 1900 043f 6D705F6E 		.ascii	"mp_next\000"
 1900      65787400 
 1901              	.LASF40:
 1902 0447 705F7469 		.ascii	"p_time\000"
 1902      6D6500
 1903              	.LASF52:
 1904 044e 696E7463 		.ascii	"intctx\000"
 1904      747800
 1905              	.LASF42:
 1906 0455 705F6D73 		.ascii	"p_msgqueue\000"
 1906      67717565 
 1906      756500
 1907              	.LASF69:
 1908 0460 706F6F6C 		.ascii	"pool_header\000"
 1908      5F686561 
 1908      64657200 
 1909              	.LASF38:
 1910 046c 705F7265 		.ascii	"p_refs\000"
 1910      667300
 1911              	.LASF14:
 1912 0473 75696E74 		.ascii	"uint8_t\000"
 1912      385F7400 
 1913              	.LASF77:
 1914 047b 77746F62 		.ascii	"wtobjp\000"
 1914      6A7000
ARM GAS  /tmp/ccQI3oKh.s 			page 38


 1915              	.LASF34:
 1916 0482 705F6E61 		.ascii	"p_name\000"
 1916      6D6500
 1917              	.LASF57:
 1918 0489 6D5F6F77 		.ascii	"m_owner\000"
 1918      6E657200 
 1919              	.LASF31:
 1920 0491 705F6374 		.ascii	"p_ctx\000"
 1920      7800
 1921              	.LASF41:
 1922 0497 705F7761 		.ascii	"p_waiting\000"
 1922      6974696E 
 1922      6700
 1923              	.LASF61:
 1924 04a1 6D656D6F 		.ascii	"memory_heap\000"
 1924      72795F68 
 1924      65617000 
 1925              		.ident	"GCC: (GNU Tools for ARM Embedded Processors) 4.9.3 20150303 (release) [ARM/embedded-4_9-br
ARM GAS  /tmp/ccQI3oKh.s 			page 39


DEFINED SYMBOLS
                            *ABS*:00000000 chdynamic.c
     /tmp/ccQI3oKh.s:21     .rodata:00000000 $d
     /tmp/ccQI3oKh.s:25     .text.chThdAddRef:00000000 $t
     /tmp/ccQI3oKh.s:31     .text.chThdAddRef:00000000 chThdAddRef
     /tmp/ccQI3oKh.s:81     .text.chThdAddRef:00000038 $d
     /tmp/ccQI3oKh.s:90     .text.chThdRelease:00000000 $t
     /tmp/ccQI3oKh.s:96     .text.chThdRelease:00000000 chThdRelease
     /tmp/ccQI3oKh.s:201    .text.chThdRelease:000000a4 $d
     /tmp/ccQI3oKh.s:206    .text.chThdCreateFromHeap:00000000 $t
     /tmp/ccQI3oKh.s:212    .text.chThdCreateFromHeap:00000000 chThdCreateFromHeap
     /tmp/ccQI3oKh.s:301    .text.chThdCreateFromMemoryPool:00000000 $t
     /tmp/ccQI3oKh.s:307    .text.chThdCreateFromMemoryPool:00000000 chThdCreateFromMemoryPool
     /tmp/ccQI3oKh.s:407    .text.chThdCreateFromMemoryPool:00000090 $d
                     .debug_frame:00000010 $d
     /tmp/ccQI3oKh.s:85     .text.chThdAddRef:0000003c $t
     /tmp/ccQI3oKh.s:205    .text.chThdRelease:000000a8 $t
     /tmp/ccQI3oKh.s:411    .text.chThdCreateFromMemoryPool:00000094 $t

UNDEFINED SYMBOLS
_port_lock
chDbgPanic
_port_unlock
chHeapFree
chPoolFree
chHeapAlloc
_thread_memfill
chThdCreateI
chSchWakeupS
chPoolAlloc
