ARM GAS  /tmp/ccYhBpi1.s 			page 1


   1              		.syntax unified
   2              		.cpu cortex-m4
   3              		.eabi_attribute 27, 3
   4              		.eabi_attribute 28, 1
   5              		.fpu fpv4-sp-d16
   6              		.eabi_attribute 20, 1
   7              		.eabi_attribute 21, 1
   8              		.eabi_attribute 23, 3
   9              		.eabi_attribute 24, 1
  10              		.eabi_attribute 25, 1
  11              		.eabi_attribute 26, 1
  12              		.eabi_attribute 30, 2
  13              		.eabi_attribute 34, 1
  14              		.eabi_attribute 18, 4
  15              		.thumb
  16              		.file	"chmemcore.c"
  17              		.text
  18              	.Ltext0:
  19              		.cfi_sections	.debug_frame
  20              		.section	.text._core_init,"ax",%progbits
  21              		.align	2
  22              		.p2align 4,,15
  23              		.global	_core_init
  24              		.thumb
  25              		.thumb_func
  26              		.type	_core_init, %function
  27              	_core_init:
  28              	.LFB7:
  29              		.file 1 "../../os/kernel/src/chmemcore.c"
  30              		.loc 1 66 0
  31              		.cfi_startproc
  32              		@ args = 0, pretend = 0, frame = 0
  33              		@ frame_needed = 0, uses_anonymous_args = 0
  34              		@ link register save eliminated.
  35              		.loc 1 70 0
  36 0000 0548     		ldr	r0, .L2
  37              		.loc 1 71 0
  38 0002 064A     		ldr	r2, .L2+4
  39              		.loc 1 70 0
  40 0004 0649     		ldr	r1, .L2+8
  41              		.loc 1 71 0
  42 0006 074B     		ldr	r3, .L2+12
  43              		.loc 1 70 0
  44 0008 20F00700 		bic	r0, r0, #7
  45              		.loc 1 71 0
  46 000c 22F00702 		bic	r2, r2, #7
  47              		.loc 1 70 0
  48 0010 0860     		str	r0, [r1]
  49              		.loc 1 71 0
  50 0012 1A60     		str	r2, [r3]
  51 0014 7047     		bx	lr
  52              	.L3:
  53 0016 00BF     		.align	2
  54              	.L2:
  55 0018 07000000 		.word	__heap_base__+7
  56 001c 00000000 		.word	__heap_end__
  57 0020 00000000 		.word	.LANCHOR0
ARM GAS  /tmp/ccYhBpi1.s 			page 2


  58 0024 00000000 		.word	.LANCHOR1
  59              		.cfi_endproc
  60              	.LFE7:
  61              		.size	_core_init, .-_core_init
  62 0028 AFF30080 		.section	.text.chCoreAllocI,"ax",%progbits
  62      AFF30080 
  63              		.align	2
  64              		.p2align 4,,15
  65              		.global	chCoreAllocI
  66              		.thumb
  67              		.thumb_func
  68              		.type	chCoreAllocI, %function
  69              	chCoreAllocI:
  70              	.LFB9:
  71              		.loc 1 112 0
  72              		.cfi_startproc
  73              		@ args = 0, pretend = 0, frame = 0
  74              		@ frame_needed = 0, uses_anonymous_args = 0
  75              	.LVL0:
  76 0000 10B5     		push	{r4, lr}
  77              		.cfi_def_cfa_offset 8
  78              		.cfi_offset 4, -8
  79              		.cfi_offset 14, -4
  80              		.loc 1 112 0
  81 0002 0446     		mov	r4, r0
  82              		.loc 1 115 0
  83 0004 FFF7FEFF 		bl	chDbgCheckClassI
  84              	.LVL1:
  85              		.loc 1 118 0
  86 0008 074A     		ldr	r2, .L7
  87 000a 0849     		ldr	r1, .L7+4
  88 000c 1368     		ldr	r3, [r2]
  89 000e 0968     		ldr	r1, [r1]
  90              		.loc 1 117 0
  91 0010 E01D     		adds	r0, r4, #7
  92 0012 20F00700 		bic	r0, r0, #7
  93              	.LVL2:
  94              		.loc 1 118 0
  95 0016 C91A     		subs	r1, r1, r3
  96 0018 8842     		cmp	r0, r1
  97              	.LVL3:
  98              		.loc 1 121 0
  99 001a 9DBF     		ittte	ls
 100 001c C018     		addls	r0, r0, r3
 101              	.LVL4:
 102 001e 1060     		strls	r0, [r2]
 103              		.loc 1 122 0
 104 0020 1846     		movls	r0, r3
 105              		.loc 1 119 0
 106 0022 0020     		movhi	r0, #0
 107              		.loc 1 123 0
 108 0024 10BD     		pop	{r4, pc}
 109              	.LVL5:
 110              	.L8:
 111 0026 00BF     		.align	2
 112              	.L7:
 113 0028 00000000 		.word	.LANCHOR0
ARM GAS  /tmp/ccYhBpi1.s 			page 3


 114 002c 00000000 		.word	.LANCHOR1
 115              		.cfi_endproc
 116              	.LFE9:
 117              		.size	chCoreAllocI, .-chCoreAllocI
 118              		.section	.text.chCoreAlloc,"ax",%progbits
 119              		.align	2
 120              		.p2align 4,,15
 121              		.global	chCoreAlloc
 122              		.thumb
 123              		.thumb_func
 124              		.type	chCoreAlloc, %function
 125              	chCoreAlloc:
 126              	.LFB8:
 127              		.loc 1 91 0
 128              		.cfi_startproc
 129              		@ args = 0, pretend = 0, frame = 0
 130              		@ frame_needed = 0, uses_anonymous_args = 0
 131              	.LVL6:
 132 0000 10B5     		push	{r4, lr}
 133              		.cfi_def_cfa_offset 8
 134              		.cfi_offset 4, -8
 135              		.cfi_offset 14, -4
 136              	.LBB2:
 137              		.loc 1 94 0
 138 0002 2023     		movs	r3, #32
 139              	.LBE2:
 140              		.loc 1 91 0
 141 0004 0446     		mov	r4, r0
 142              	.LBB3:
 143              		.loc 1 94 0
 144              	@ 94 "../../os/kernel/src/chmemcore.c" 1
 145 0006 83F31188 		msr     BASEPRI, r3
 146              	@ 0 "" 2
 147              		.thumb
 148              	.LBE3:
 149 000a FFF7FEFF 		bl	dbg_check_lock
 150              	.LVL7:
 151              		.loc 1 95 0
 152 000e 2046     		mov	r0, r4
 153 0010 FFF7FEFF 		bl	chCoreAllocI
 154              	.LVL8:
 155 0014 0446     		mov	r4, r0
 156              	.LVL9:
 157              		.loc 1 96 0
 158 0016 FFF7FEFF 		bl	dbg_check_unlock
 159              	.LVL10:
 160              	.LBB4:
 161 001a 0023     		movs	r3, #0
 162              	@ 96 "../../os/kernel/src/chmemcore.c" 1
 163 001c 83F31188 		msr     BASEPRI, r3
 164              	@ 0 "" 2
 165              		.thumb
 166              	.LBE4:
 167              		.loc 1 98 0
 168 0020 2046     		mov	r0, r4
 169 0022 10BD     		pop	{r4, pc}
 170              		.cfi_endproc
ARM GAS  /tmp/ccYhBpi1.s 			page 4


 171              	.LFE8:
 172              		.size	chCoreAlloc, .-chCoreAlloc
 173 0024 AFF30080 		.section	.text.chCoreStatus,"ax",%progbits
 173      AFF30080 
 173      AFF30080 
 174              		.align	2
 175              		.p2align 4,,15
 176              		.global	chCoreStatus
 177              		.thumb
 178              		.thumb_func
 179              		.type	chCoreStatus, %function
 180              	chCoreStatus:
 181              	.LFB10:
 182              		.loc 1 132 0
 183              		.cfi_startproc
 184              		@ args = 0, pretend = 0, frame = 0
 185              		@ frame_needed = 0, uses_anonymous_args = 0
 186              		@ link register save eliminated.
 187              		.loc 1 134 0
 188 0000 024A     		ldr	r2, .L11
 189 0002 034B     		ldr	r3, .L11+4
 190 0004 1068     		ldr	r0, [r2]
 191 0006 1B68     		ldr	r3, [r3]
 192              		.loc 1 135 0
 193 0008 C01A     		subs	r0, r0, r3
 194 000a 7047     		bx	lr
 195              	.L12:
 196              		.align	2
 197              	.L11:
 198 000c 00000000 		.word	.LANCHOR1
 199 0010 00000000 		.word	.LANCHOR0
 200              		.cfi_endproc
 201              	.LFE10:
 202              		.size	chCoreStatus, .-chCoreStatus
 203 0014 AFF30080 		.section	.bss.endmem,"aw",%nobits
 203      AFF30080 
 203      AFF30080 
 204              		.align	2
 205              		.set	.LANCHOR1,. + 0
 206              		.type	endmem, %object
 207              		.size	endmem, 4
 208              	endmem:
 209 0000 00000000 		.space	4
 210              		.section	.bss.nextmem,"aw",%nobits
 211              		.align	2
 212              		.set	.LANCHOR0,. + 0
 213              		.type	nextmem, %object
 214              		.size	nextmem, 4
 215              	nextmem:
 216 0000 00000000 		.space	4
 217              		.text
 218              	.Letext0:
 219              		.file 2 "/opt/ARM/lib/gcc/arm-none-eabi/4.8.4/include/stddef.h"
 220              		.file 3 "/opt/ARM/arm-none-eabi/include/machine/_default_types.h"
 221              		.file 4 "/opt/ARM/arm-none-eabi/include/stdint.h"
 222              		.file 5 "../../os/kernel/include/chdebug.h"
 223              		.section	.debug_info,"",%progbits
ARM GAS  /tmp/ccYhBpi1.s 			page 5


 224              	.Ldebug_info0:
 225 0000 20020000 		.4byte	0x220
 226 0004 0400     		.2byte	0x4
 227 0006 00000000 		.4byte	.Ldebug_abbrev0
 228 000a 04       		.byte	0x4
 229 000b 01       		.uleb128 0x1
 230 000c B3010000 		.4byte	.LASF27
 231 0010 01       		.byte	0x1
 232 0011 72010000 		.4byte	.LASF28
 233 0015 5E000000 		.4byte	.LASF29
 234 0019 18000000 		.4byte	.Ldebug_ranges0+0x18
 235 001d 00000000 		.4byte	0
 236 0021 00000000 		.4byte	.Ldebug_line0
 237 0025 02       		.uleb128 0x2
 238 0026 04       		.byte	0x4
 239 0027 05       		.byte	0x5
 240 0028 696E7400 		.ascii	"int\000"
 241 002c 03       		.uleb128 0x3
 242 002d 11000000 		.4byte	.LASF2
 243 0031 02       		.byte	0x2
 244 0032 D4       		.byte	0xd4
 245 0033 37000000 		.4byte	0x37
 246 0037 04       		.uleb128 0x4
 247 0038 04       		.byte	0x4
 248 0039 07       		.byte	0x7
 249 003a 05010000 		.4byte	.LASF0
 250 003e 04       		.uleb128 0x4
 251 003f 01       		.byte	0x1
 252 0040 06       		.byte	0x6
 253 0041 A7010000 		.4byte	.LASF1
 254 0045 03       		.uleb128 0x3
 255 0046 07000000 		.4byte	.LASF3
 256 004a 03       		.byte	0x3
 257 004b 1C       		.byte	0x1c
 258 004c 50000000 		.4byte	0x50
 259 0050 04       		.uleb128 0x4
 260 0051 01       		.byte	0x1
 261 0052 08       		.byte	0x8
 262 0053 E1000000 		.4byte	.LASF4
 263 0057 04       		.uleb128 0x4
 264 0058 02       		.byte	0x2
 265 0059 05       		.byte	0x5
 266 005a 68010000 		.4byte	.LASF5
 267 005e 04       		.uleb128 0x4
 268 005f 02       		.byte	0x2
 269 0060 07       		.byte	0x7
 270 0061 C5000000 		.4byte	.LASF6
 271 0065 04       		.uleb128 0x4
 272 0066 04       		.byte	0x4
 273 0067 05       		.byte	0x5
 274 0068 9E010000 		.4byte	.LASF7
 275 006c 03       		.uleb128 0x3
 276 006d EF000000 		.4byte	.LASF8
 277 0071 03       		.byte	0x3
 278 0072 38       		.byte	0x38
 279 0073 77000000 		.4byte	0x77
 280 0077 04       		.uleb128 0x4
ARM GAS  /tmp/ccYhBpi1.s 			page 6


 281 0078 04       		.byte	0x4
 282 0079 07       		.byte	0x7
 283 007a A6000000 		.4byte	.LASF9
 284 007e 04       		.uleb128 0x4
 285 007f 08       		.byte	0x8
 286 0080 05       		.byte	0x5
 287 0081 48010000 		.4byte	.LASF10
 288 0085 04       		.uleb128 0x4
 289 0086 08       		.byte	0x8
 290 0087 07       		.byte	0x7
 291 0088 12010000 		.4byte	.LASF11
 292 008c 03       		.uleb128 0x3
 293 008d 29010000 		.4byte	.LASF12
 294 0091 04       		.byte	0x4
 295 0092 2A       		.byte	0x2a
 296 0093 45000000 		.4byte	0x45
 297 0097 03       		.uleb128 0x3
 298 0098 D8000000 		.4byte	.LASF13
 299 009c 04       		.byte	0x4
 300 009d 42       		.byte	0x42
 301 009e 6C000000 		.4byte	0x6c
 302 00a2 04       		.uleb128 0x4
 303 00a3 01       		.byte	0x1
 304 00a4 02       		.byte	0x2
 305 00a5 CC020000 		.4byte	.LASF14
 306 00a9 05       		.uleb128 0x5
 307 00aa 04       		.byte	0x4
 308 00ab 04       		.uleb128 0x4
 309 00ac 04       		.byte	0x4
 310 00ad 07       		.byte	0x7
 311 00ae 3F010000 		.4byte	.LASF15
 312 00b2 04       		.uleb128 0x4
 313 00b3 01       		.byte	0x1
 314 00b4 08       		.byte	0x8
 315 00b5 56010000 		.4byte	.LASF16
 316 00b9 06       		.uleb128 0x6
 317 00ba 04       		.byte	0x4
 318 00bb 8C000000 		.4byte	0x8c
 319 00bf 07       		.uleb128 0x7
 320 00c0 FA000000 		.4byte	.LASF30
 321 00c4 01       		.byte	0x1
 322 00c5 42       		.byte	0x42
 323 00c6 00000000 		.4byte	.LFB7
 324 00ca 28000000 		.4byte	.LFE7-.LFB7
 325 00ce 01       		.uleb128 0x1
 326 00cf 9C       		.byte	0x9c
 327 00d0 EB000000 		.4byte	0xeb
 328 00d4 08       		.uleb128 0x8
 329 00d5 31010000 		.4byte	.LASF17
 330 00d9 01       		.byte	0x1
 331 00da 44       		.byte	0x44
 332 00db EB000000 		.4byte	0xeb
 333 00df 08       		.uleb128 0x8
 334 00e0 5B010000 		.4byte	.LASF18
 335 00e4 01       		.byte	0x1
 336 00e5 45       		.byte	0x45
 337 00e6 EB000000 		.4byte	0xeb
ARM GAS  /tmp/ccYhBpi1.s 			page 7


 338 00ea 00       		.byte	0
 339 00eb 09       		.uleb128 0x9
 340 00ec 8C000000 		.4byte	0x8c
 341 00f0 F6000000 		.4byte	0xf6
 342 00f4 0A       		.uleb128 0xa
 343 00f5 00       		.byte	0
 344 00f6 0B       		.uleb128 0xb
 345 00f7 51000000 		.4byte	.LASF19
 346 00fb 01       		.byte	0x1
 347 00fc 70       		.byte	0x70
 348 00fd A9000000 		.4byte	0xa9
 349 0101 00000000 		.4byte	.LFB9
 350 0105 30000000 		.4byte	.LFE9-.LFB9
 351 0109 01       		.uleb128 0x1
 352 010a 9C       		.byte	0x9c
 353 010b 33010000 		.4byte	0x133
 354 010f 0C       		.uleb128 0xc
 355 0110 A1000000 		.4byte	.LASF21
 356 0114 01       		.byte	0x1
 357 0115 70       		.byte	0x70
 358 0116 2C000000 		.4byte	0x2c
 359 011a 00000000 		.4byte	.LLST0
 360 011e 0D       		.uleb128 0xd
 361 011f 7000     		.ascii	"p\000"
 362 0121 01       		.byte	0x1
 363 0122 71       		.byte	0x71
 364 0123 A9000000 		.4byte	0xa9
 365 0127 01       		.uleb128 0x1
 366 0128 53       		.byte	0x53
 367 0129 0E       		.uleb128 0xe
 368 012a 08000000 		.4byte	.LVL1
 369 012e 0E020000 		.4byte	0x20e
 370 0132 00       		.byte	0
 371 0133 0B       		.uleb128 0xb
 372 0134 92010000 		.4byte	.LASF20
 373 0138 01       		.byte	0x1
 374 0139 5B       		.byte	0x5b
 375 013a A9000000 		.4byte	0xa9
 376 013e 00000000 		.4byte	.LFB8
 377 0142 24000000 		.4byte	.LFE8-.LFB8
 378 0146 01       		.uleb128 0x1
 379 0147 9C       		.byte	0x9c
 380 0148 C1010000 		.4byte	0x1c1
 381 014c 0C       		.uleb128 0xc
 382 014d A1000000 		.4byte	.LASF21
 383 0151 01       		.byte	0x1
 384 0152 5B       		.byte	0x5b
 385 0153 2C000000 		.4byte	0x2c
 386 0157 4C000000 		.4byte	.LLST1
 387 015b 0F       		.uleb128 0xf
 388 015c 7000     		.ascii	"p\000"
 389 015e 01       		.byte	0x1
 390 015f 5C       		.byte	0x5c
 391 0160 A9000000 		.4byte	0xa9
 392 0164 78000000 		.4byte	.LLST2
 393 0168 10       		.uleb128 0x10
 394 0169 00000000 		.4byte	.Ldebug_ranges0+0
ARM GAS  /tmp/ccYhBpi1.s 			page 8


 395 016d 7F010000 		.4byte	0x17f
 396 0171 0D       		.uleb128 0xd
 397 0172 746D7000 		.ascii	"tmp\000"
 398 0176 01       		.byte	0x1
 399 0177 5E       		.byte	0x5e
 400 0178 97000000 		.4byte	0x97
 401 017c 01       		.uleb128 0x1
 402 017d 53       		.byte	0x53
 403 017e 00       		.byte	0
 404 017f 11       		.uleb128 0x11
 405 0180 1A000000 		.4byte	.LBB4
 406 0184 06000000 		.4byte	.LBE4-.LBB4
 407 0188 9A010000 		.4byte	0x19a
 408 018c 0D       		.uleb128 0xd
 409 018d 746D7000 		.ascii	"tmp\000"
 410 0191 01       		.byte	0x1
 411 0192 60       		.byte	0x60
 412 0193 97000000 		.4byte	0x97
 413 0197 01       		.uleb128 0x1
 414 0198 53       		.byte	0x53
 415 0199 00       		.byte	0
 416 019a 0E       		.uleb128 0xe
 417 019b 0E000000 		.4byte	.LVL7
 418 019f 15020000 		.4byte	0x215
 419 01a3 12       		.uleb128 0x12
 420 01a4 14000000 		.4byte	.LVL8
 421 01a8 F6000000 		.4byte	0xf6
 422 01ac B7010000 		.4byte	0x1b7
 423 01b0 13       		.uleb128 0x13
 424 01b1 01       		.uleb128 0x1
 425 01b2 50       		.byte	0x50
 426 01b3 02       		.uleb128 0x2
 427 01b4 74       		.byte	0x74
 428 01b5 00       		.sleb128 0
 429 01b6 00       		.byte	0
 430 01b7 0E       		.uleb128 0xe
 431 01b8 1A000000 		.4byte	.LVL10
 432 01bc 1C020000 		.4byte	0x21c
 433 01c0 00       		.byte	0
 434 01c1 14       		.uleb128 0x14
 435 01c2 B8000000 		.4byte	.LASF31
 436 01c6 01       		.byte	0x1
 437 01c7 84       		.byte	0x84
 438 01c8 2C000000 		.4byte	0x2c
 439 01cc 00000000 		.4byte	.LFB10
 440 01d0 14000000 		.4byte	.LFE10-.LFB10
 441 01d4 01       		.uleb128 0x1
 442 01d5 9C       		.byte	0x9c
 443 01d6 15       		.uleb128 0x15
 444 01d7 49000000 		.4byte	.LASF22
 445 01db 01       		.byte	0x1
 446 01dc 3A       		.byte	0x3a
 447 01dd B9000000 		.4byte	0xb9
 448 01e1 05       		.uleb128 0x5
 449 01e2 03       		.byte	0x3
 450 01e3 00000000 		.4byte	nextmem
 451 01e7 15       		.uleb128 0x15
ARM GAS  /tmp/ccYhBpi1.s 			page 9


 452 01e8 00000000 		.4byte	.LASF23
 453 01ec 01       		.byte	0x1
 454 01ed 3B       		.byte	0x3b
 455 01ee B9000000 		.4byte	0xb9
 456 01f2 05       		.uleb128 0x5
 457 01f3 03       		.byte	0x3
 458 01f4 00000000 		.4byte	endmem
 459 01f8 08       		.uleb128 0x8
 460 01f9 31010000 		.4byte	.LASF17
 461 01fd 01       		.byte	0x1
 462 01fe 44       		.byte	0x44
 463 01ff EB000000 		.4byte	0xeb
 464 0203 08       		.uleb128 0x8
 465 0204 5B010000 		.4byte	.LASF18
 466 0208 01       		.byte	0x1
 467 0209 45       		.byte	0x45
 468 020a EB000000 		.4byte	0xeb
 469 020e 16       		.uleb128 0x16
 470 020f 38000000 		.4byte	.LASF24
 471 0213 05       		.byte	0x5
 472 0214 ED       		.byte	0xed
 473 0215 16       		.uleb128 0x16
 474 0216 18000000 		.4byte	.LASF25
 475 021a 05       		.byte	0x5
 476 021b E7       		.byte	0xe7
 477 021c 16       		.uleb128 0x16
 478 021d 27000000 		.4byte	.LASF26
 479 0221 05       		.byte	0x5
 480 0222 E8       		.byte	0xe8
 481 0223 00       		.byte	0
 482              		.section	.debug_abbrev,"",%progbits
 483              	.Ldebug_abbrev0:
 484 0000 01       		.uleb128 0x1
 485 0001 11       		.uleb128 0x11
 486 0002 01       		.byte	0x1
 487 0003 25       		.uleb128 0x25
 488 0004 0E       		.uleb128 0xe
 489 0005 13       		.uleb128 0x13
 490 0006 0B       		.uleb128 0xb
 491 0007 03       		.uleb128 0x3
 492 0008 0E       		.uleb128 0xe
 493 0009 1B       		.uleb128 0x1b
 494 000a 0E       		.uleb128 0xe
 495 000b 55       		.uleb128 0x55
 496 000c 17       		.uleb128 0x17
 497 000d 11       		.uleb128 0x11
 498 000e 01       		.uleb128 0x1
 499 000f 10       		.uleb128 0x10
 500 0010 17       		.uleb128 0x17
 501 0011 00       		.byte	0
 502 0012 00       		.byte	0
 503 0013 02       		.uleb128 0x2
 504 0014 24       		.uleb128 0x24
 505 0015 00       		.byte	0
 506 0016 0B       		.uleb128 0xb
 507 0017 0B       		.uleb128 0xb
 508 0018 3E       		.uleb128 0x3e
ARM GAS  /tmp/ccYhBpi1.s 			page 10


 509 0019 0B       		.uleb128 0xb
 510 001a 03       		.uleb128 0x3
 511 001b 08       		.uleb128 0x8
 512 001c 00       		.byte	0
 513 001d 00       		.byte	0
 514 001e 03       		.uleb128 0x3
 515 001f 16       		.uleb128 0x16
 516 0020 00       		.byte	0
 517 0021 03       		.uleb128 0x3
 518 0022 0E       		.uleb128 0xe
 519 0023 3A       		.uleb128 0x3a
 520 0024 0B       		.uleb128 0xb
 521 0025 3B       		.uleb128 0x3b
 522 0026 0B       		.uleb128 0xb
 523 0027 49       		.uleb128 0x49
 524 0028 13       		.uleb128 0x13
 525 0029 00       		.byte	0
 526 002a 00       		.byte	0
 527 002b 04       		.uleb128 0x4
 528 002c 24       		.uleb128 0x24
 529 002d 00       		.byte	0
 530 002e 0B       		.uleb128 0xb
 531 002f 0B       		.uleb128 0xb
 532 0030 3E       		.uleb128 0x3e
 533 0031 0B       		.uleb128 0xb
 534 0032 03       		.uleb128 0x3
 535 0033 0E       		.uleb128 0xe
 536 0034 00       		.byte	0
 537 0035 00       		.byte	0
 538 0036 05       		.uleb128 0x5
 539 0037 0F       		.uleb128 0xf
 540 0038 00       		.byte	0
 541 0039 0B       		.uleb128 0xb
 542 003a 0B       		.uleb128 0xb
 543 003b 00       		.byte	0
 544 003c 00       		.byte	0
 545 003d 06       		.uleb128 0x6
 546 003e 0F       		.uleb128 0xf
 547 003f 00       		.byte	0
 548 0040 0B       		.uleb128 0xb
 549 0041 0B       		.uleb128 0xb
 550 0042 49       		.uleb128 0x49
 551 0043 13       		.uleb128 0x13
 552 0044 00       		.byte	0
 553 0045 00       		.byte	0
 554 0046 07       		.uleb128 0x7
 555 0047 2E       		.uleb128 0x2e
 556 0048 01       		.byte	0x1
 557 0049 3F       		.uleb128 0x3f
 558 004a 19       		.uleb128 0x19
 559 004b 03       		.uleb128 0x3
 560 004c 0E       		.uleb128 0xe
 561 004d 3A       		.uleb128 0x3a
 562 004e 0B       		.uleb128 0xb
 563 004f 3B       		.uleb128 0x3b
 564 0050 0B       		.uleb128 0xb
 565 0051 27       		.uleb128 0x27
ARM GAS  /tmp/ccYhBpi1.s 			page 11


 566 0052 19       		.uleb128 0x19
 567 0053 11       		.uleb128 0x11
 568 0054 01       		.uleb128 0x1
 569 0055 12       		.uleb128 0x12
 570 0056 06       		.uleb128 0x6
 571 0057 40       		.uleb128 0x40
 572 0058 18       		.uleb128 0x18
 573 0059 9742     		.uleb128 0x2117
 574 005b 19       		.uleb128 0x19
 575 005c 01       		.uleb128 0x1
 576 005d 13       		.uleb128 0x13
 577 005e 00       		.byte	0
 578 005f 00       		.byte	0
 579 0060 08       		.uleb128 0x8
 580 0061 34       		.uleb128 0x34
 581 0062 00       		.byte	0
 582 0063 03       		.uleb128 0x3
 583 0064 0E       		.uleb128 0xe
 584 0065 3A       		.uleb128 0x3a
 585 0066 0B       		.uleb128 0xb
 586 0067 3B       		.uleb128 0x3b
 587 0068 0B       		.uleb128 0xb
 588 0069 49       		.uleb128 0x49
 589 006a 13       		.uleb128 0x13
 590 006b 3F       		.uleb128 0x3f
 591 006c 19       		.uleb128 0x19
 592 006d 3C       		.uleb128 0x3c
 593 006e 19       		.uleb128 0x19
 594 006f 00       		.byte	0
 595 0070 00       		.byte	0
 596 0071 09       		.uleb128 0x9
 597 0072 01       		.uleb128 0x1
 598 0073 01       		.byte	0x1
 599 0074 49       		.uleb128 0x49
 600 0075 13       		.uleb128 0x13
 601 0076 01       		.uleb128 0x1
 602 0077 13       		.uleb128 0x13
 603 0078 00       		.byte	0
 604 0079 00       		.byte	0
 605 007a 0A       		.uleb128 0xa
 606 007b 21       		.uleb128 0x21
 607 007c 00       		.byte	0
 608 007d 00       		.byte	0
 609 007e 00       		.byte	0
 610 007f 0B       		.uleb128 0xb
 611 0080 2E       		.uleb128 0x2e
 612 0081 01       		.byte	0x1
 613 0082 3F       		.uleb128 0x3f
 614 0083 19       		.uleb128 0x19
 615 0084 03       		.uleb128 0x3
 616 0085 0E       		.uleb128 0xe
 617 0086 3A       		.uleb128 0x3a
 618 0087 0B       		.uleb128 0xb
 619 0088 3B       		.uleb128 0x3b
 620 0089 0B       		.uleb128 0xb
 621 008a 27       		.uleb128 0x27
 622 008b 19       		.uleb128 0x19
ARM GAS  /tmp/ccYhBpi1.s 			page 12


 623 008c 49       		.uleb128 0x49
 624 008d 13       		.uleb128 0x13
 625 008e 11       		.uleb128 0x11
 626 008f 01       		.uleb128 0x1
 627 0090 12       		.uleb128 0x12
 628 0091 06       		.uleb128 0x6
 629 0092 40       		.uleb128 0x40
 630 0093 18       		.uleb128 0x18
 631 0094 9742     		.uleb128 0x2117
 632 0096 19       		.uleb128 0x19
 633 0097 01       		.uleb128 0x1
 634 0098 13       		.uleb128 0x13
 635 0099 00       		.byte	0
 636 009a 00       		.byte	0
 637 009b 0C       		.uleb128 0xc
 638 009c 05       		.uleb128 0x5
 639 009d 00       		.byte	0
 640 009e 03       		.uleb128 0x3
 641 009f 0E       		.uleb128 0xe
 642 00a0 3A       		.uleb128 0x3a
 643 00a1 0B       		.uleb128 0xb
 644 00a2 3B       		.uleb128 0x3b
 645 00a3 0B       		.uleb128 0xb
 646 00a4 49       		.uleb128 0x49
 647 00a5 13       		.uleb128 0x13
 648 00a6 02       		.uleb128 0x2
 649 00a7 17       		.uleb128 0x17
 650 00a8 00       		.byte	0
 651 00a9 00       		.byte	0
 652 00aa 0D       		.uleb128 0xd
 653 00ab 34       		.uleb128 0x34
 654 00ac 00       		.byte	0
 655 00ad 03       		.uleb128 0x3
 656 00ae 08       		.uleb128 0x8
 657 00af 3A       		.uleb128 0x3a
 658 00b0 0B       		.uleb128 0xb
 659 00b1 3B       		.uleb128 0x3b
 660 00b2 0B       		.uleb128 0xb
 661 00b3 49       		.uleb128 0x49
 662 00b4 13       		.uleb128 0x13
 663 00b5 02       		.uleb128 0x2
 664 00b6 18       		.uleb128 0x18
 665 00b7 00       		.byte	0
 666 00b8 00       		.byte	0
 667 00b9 0E       		.uleb128 0xe
 668 00ba 898201   		.uleb128 0x4109
 669 00bd 00       		.byte	0
 670 00be 11       		.uleb128 0x11
 671 00bf 01       		.uleb128 0x1
 672 00c0 31       		.uleb128 0x31
 673 00c1 13       		.uleb128 0x13
 674 00c2 00       		.byte	0
 675 00c3 00       		.byte	0
 676 00c4 0F       		.uleb128 0xf
 677 00c5 34       		.uleb128 0x34
 678 00c6 00       		.byte	0
 679 00c7 03       		.uleb128 0x3
ARM GAS  /tmp/ccYhBpi1.s 			page 13


 680 00c8 08       		.uleb128 0x8
 681 00c9 3A       		.uleb128 0x3a
 682 00ca 0B       		.uleb128 0xb
 683 00cb 3B       		.uleb128 0x3b
 684 00cc 0B       		.uleb128 0xb
 685 00cd 49       		.uleb128 0x49
 686 00ce 13       		.uleb128 0x13
 687 00cf 02       		.uleb128 0x2
 688 00d0 17       		.uleb128 0x17
 689 00d1 00       		.byte	0
 690 00d2 00       		.byte	0
 691 00d3 10       		.uleb128 0x10
 692 00d4 0B       		.uleb128 0xb
 693 00d5 01       		.byte	0x1
 694 00d6 55       		.uleb128 0x55
 695 00d7 17       		.uleb128 0x17
 696 00d8 01       		.uleb128 0x1
 697 00d9 13       		.uleb128 0x13
 698 00da 00       		.byte	0
 699 00db 00       		.byte	0
 700 00dc 11       		.uleb128 0x11
 701 00dd 0B       		.uleb128 0xb
 702 00de 01       		.byte	0x1
 703 00df 11       		.uleb128 0x11
 704 00e0 01       		.uleb128 0x1
 705 00e1 12       		.uleb128 0x12
 706 00e2 06       		.uleb128 0x6
 707 00e3 01       		.uleb128 0x1
 708 00e4 13       		.uleb128 0x13
 709 00e5 00       		.byte	0
 710 00e6 00       		.byte	0
 711 00e7 12       		.uleb128 0x12
 712 00e8 898201   		.uleb128 0x4109
 713 00eb 01       		.byte	0x1
 714 00ec 11       		.uleb128 0x11
 715 00ed 01       		.uleb128 0x1
 716 00ee 31       		.uleb128 0x31
 717 00ef 13       		.uleb128 0x13
 718 00f0 01       		.uleb128 0x1
 719 00f1 13       		.uleb128 0x13
 720 00f2 00       		.byte	0
 721 00f3 00       		.byte	0
 722 00f4 13       		.uleb128 0x13
 723 00f5 8A8201   		.uleb128 0x410a
 724 00f8 00       		.byte	0
 725 00f9 02       		.uleb128 0x2
 726 00fa 18       		.uleb128 0x18
 727 00fb 9142     		.uleb128 0x2111
 728 00fd 18       		.uleb128 0x18
 729 00fe 00       		.byte	0
 730 00ff 00       		.byte	0
 731 0100 14       		.uleb128 0x14
 732 0101 2E       		.uleb128 0x2e
 733 0102 00       		.byte	0
 734 0103 3F       		.uleb128 0x3f
 735 0104 19       		.uleb128 0x19
 736 0105 03       		.uleb128 0x3
ARM GAS  /tmp/ccYhBpi1.s 			page 14


 737 0106 0E       		.uleb128 0xe
 738 0107 3A       		.uleb128 0x3a
 739 0108 0B       		.uleb128 0xb
 740 0109 3B       		.uleb128 0x3b
 741 010a 0B       		.uleb128 0xb
 742 010b 27       		.uleb128 0x27
 743 010c 19       		.uleb128 0x19
 744 010d 49       		.uleb128 0x49
 745 010e 13       		.uleb128 0x13
 746 010f 11       		.uleb128 0x11
 747 0110 01       		.uleb128 0x1
 748 0111 12       		.uleb128 0x12
 749 0112 06       		.uleb128 0x6
 750 0113 40       		.uleb128 0x40
 751 0114 18       		.uleb128 0x18
 752 0115 9742     		.uleb128 0x2117
 753 0117 19       		.uleb128 0x19
 754 0118 00       		.byte	0
 755 0119 00       		.byte	0
 756 011a 15       		.uleb128 0x15
 757 011b 34       		.uleb128 0x34
 758 011c 00       		.byte	0
 759 011d 03       		.uleb128 0x3
 760 011e 0E       		.uleb128 0xe
 761 011f 3A       		.uleb128 0x3a
 762 0120 0B       		.uleb128 0xb
 763 0121 3B       		.uleb128 0x3b
 764 0122 0B       		.uleb128 0xb
 765 0123 49       		.uleb128 0x49
 766 0124 13       		.uleb128 0x13
 767 0125 02       		.uleb128 0x2
 768 0126 18       		.uleb128 0x18
 769 0127 00       		.byte	0
 770 0128 00       		.byte	0
 771 0129 16       		.uleb128 0x16
 772 012a 2E       		.uleb128 0x2e
 773 012b 00       		.byte	0
 774 012c 3F       		.uleb128 0x3f
 775 012d 19       		.uleb128 0x19
 776 012e 03       		.uleb128 0x3
 777 012f 0E       		.uleb128 0xe
 778 0130 3A       		.uleb128 0x3a
 779 0131 0B       		.uleb128 0xb
 780 0132 3B       		.uleb128 0x3b
 781 0133 0B       		.uleb128 0xb
 782 0134 27       		.uleb128 0x27
 783 0135 19       		.uleb128 0x19
 784 0136 3C       		.uleb128 0x3c
 785 0137 19       		.uleb128 0x19
 786 0138 00       		.byte	0
 787 0139 00       		.byte	0
 788 013a 00       		.byte	0
 789              		.section	.debug_loc,"",%progbits
 790              	.Ldebug_loc0:
 791              	.LLST0:
 792 0000 00000000 		.4byte	.LVL0
 793 0004 07000000 		.4byte	.LVL1-1
ARM GAS  /tmp/ccYhBpi1.s 			page 15


 794 0008 0100     		.2byte	0x1
 795 000a 50       		.byte	0x50
 796 000b 07000000 		.4byte	.LVL1-1
 797 000f 16000000 		.4byte	.LVL2
 798 0013 0100     		.2byte	0x1
 799 0015 54       		.byte	0x54
 800 0016 16000000 		.4byte	.LVL2
 801 001a 1E000000 		.4byte	.LVL4
 802 001e 0100     		.2byte	0x1
 803 0020 50       		.byte	0x50
 804 0021 1E000000 		.4byte	.LVL4
 805 0025 26000000 		.4byte	.LVL5
 806 0029 0600     		.2byte	0x6
 807 002b 74       		.byte	0x74
 808 002c 07       		.sleb128 7
 809 002d 09       		.byte	0x9
 810 002e F8       		.byte	0xf8
 811 002f 1A       		.byte	0x1a
 812 0030 9F       		.byte	0x9f
 813 0031 26000000 		.4byte	.LVL5
 814 0035 30000000 		.4byte	.LFE9
 815 0039 0900     		.2byte	0x9
 816 003b F3       		.byte	0xf3
 817 003c 01       		.uleb128 0x1
 818 003d 50       		.byte	0x50
 819 003e 23       		.byte	0x23
 820 003f 07       		.uleb128 0x7
 821 0040 09       		.byte	0x9
 822 0041 F8       		.byte	0xf8
 823 0042 1A       		.byte	0x1a
 824 0043 9F       		.byte	0x9f
 825 0044 00000000 		.4byte	0
 826 0048 00000000 		.4byte	0
 827              	.LLST1:
 828 004c 00000000 		.4byte	.LVL6
 829 0050 0D000000 		.4byte	.LVL7-1
 830 0054 0100     		.2byte	0x1
 831 0056 50       		.byte	0x50
 832 0057 0D000000 		.4byte	.LVL7-1
 833 005b 16000000 		.4byte	.LVL9
 834 005f 0100     		.2byte	0x1
 835 0061 54       		.byte	0x54
 836 0062 16000000 		.4byte	.LVL9
 837 0066 24000000 		.4byte	.LFE8
 838 006a 0400     		.2byte	0x4
 839 006c F3       		.byte	0xf3
 840 006d 01       		.uleb128 0x1
 841 006e 50       		.byte	0x50
 842 006f 9F       		.byte	0x9f
 843 0070 00000000 		.4byte	0
 844 0074 00000000 		.4byte	0
 845              	.LLST2:
 846 0078 16000000 		.4byte	.LVL9
 847 007c 19000000 		.4byte	.LVL10-1
 848 0080 0100     		.2byte	0x1
 849 0082 50       		.byte	0x50
 850 0083 19000000 		.4byte	.LVL10-1
ARM GAS  /tmp/ccYhBpi1.s 			page 16


 851 0087 24000000 		.4byte	.LFE8
 852 008b 0100     		.2byte	0x1
 853 008d 54       		.byte	0x54
 854 008e 00000000 		.4byte	0
 855 0092 00000000 		.4byte	0
 856              		.section	.debug_aranges,"",%progbits
 857 0000 34000000 		.4byte	0x34
 858 0004 0200     		.2byte	0x2
 859 0006 00000000 		.4byte	.Ldebug_info0
 860 000a 04       		.byte	0x4
 861 000b 00       		.byte	0
 862 000c 0000     		.2byte	0
 863 000e 0000     		.2byte	0
 864 0010 00000000 		.4byte	.LFB7
 865 0014 28000000 		.4byte	.LFE7-.LFB7
 866 0018 00000000 		.4byte	.LFB9
 867 001c 30000000 		.4byte	.LFE9-.LFB9
 868 0020 00000000 		.4byte	.LFB8
 869 0024 24000000 		.4byte	.LFE8-.LFB8
 870 0028 00000000 		.4byte	.LFB10
 871 002c 14000000 		.4byte	.LFE10-.LFB10
 872 0030 00000000 		.4byte	0
 873 0034 00000000 		.4byte	0
 874              		.section	.debug_ranges,"",%progbits
 875              	.Ldebug_ranges0:
 876 0000 02000000 		.4byte	.LBB2
 877 0004 04000000 		.4byte	.LBE2
 878 0008 06000000 		.4byte	.LBB3
 879 000c 0A000000 		.4byte	.LBE3
 880 0010 00000000 		.4byte	0
 881 0014 00000000 		.4byte	0
 882 0018 00000000 		.4byte	.LFB7
 883 001c 28000000 		.4byte	.LFE7
 884 0020 00000000 		.4byte	.LFB9
 885 0024 30000000 		.4byte	.LFE9
 886 0028 00000000 		.4byte	.LFB8
 887 002c 24000000 		.4byte	.LFE8
 888 0030 00000000 		.4byte	.LFB10
 889 0034 14000000 		.4byte	.LFE10
 890 0038 00000000 		.4byte	0
 891 003c 00000000 		.4byte	0
 892              		.section	.debug_line,"",%progbits
 893              	.Ldebug_line0:
 894 0000 59010000 		.section	.debug_str,"MS",%progbits,1
 894      0200FA00 
 894      00000201 
 894      FB0E0D00 
 894      01010101 
 895              	.LASF23:
 896 0000 656E646D 		.ascii	"endmem\000"
 896      656D00
 897              	.LASF3:
 898 0007 5F5F7569 		.ascii	"__uint8_t\000"
 898      6E74385F 
 898      7400
 899              	.LASF2:
 900 0011 73697A65 		.ascii	"size_t\000"
ARM GAS  /tmp/ccYhBpi1.s 			page 17


 900      5F7400
 901              	.LASF25:
 902 0018 6462675F 		.ascii	"dbg_check_lock\000"
 902      63686563 
 902      6B5F6C6F 
 902      636B00
 903              	.LASF26:
 904 0027 6462675F 		.ascii	"dbg_check_unlock\000"
 904      63686563 
 904      6B5F756E 
 904      6C6F636B 
 904      00
 905              	.LASF24:
 906 0038 63684462 		.ascii	"chDbgCheckClassI\000"
 906      67436865 
 906      636B436C 
 906      61737349 
 906      00
 907              	.LASF22:
 908 0049 6E657874 		.ascii	"nextmem\000"
 908      6D656D00 
 909              	.LASF19:
 910 0051 6368436F 		.ascii	"chCoreAllocI\000"
 910      7265416C 
 910      6C6F6349 
 910      00
 911              	.LASF29:
 912 005e 2F686F6D 		.ascii	"/home/makkmarci/devel/ChibiOS_2.6.5/projects/STM32F"
 912      652F6D61 
 912      6B6B6D61 
 912      7263692F 
 912      64657665 
 913 0091 345F4368 		.ascii	"4_ChibiOS_uGFX/\000"
 913      6962694F 
 913      535F7547 
 913      46582F00 
 914              	.LASF21:
 915 00a1 73697A65 		.ascii	"size\000"
 915      00
 916              	.LASF9:
 917 00a6 6C6F6E67 		.ascii	"long unsigned int\000"
 917      20756E73 
 917      69676E65 
 917      6420696E 
 917      7400
 918              	.LASF31:
 919 00b8 6368436F 		.ascii	"chCoreStatus\000"
 919      72655374 
 919      61747573 
 919      00
 920              	.LASF6:
 921 00c5 73686F72 		.ascii	"short unsigned int\000"
 921      7420756E 
 921      7369676E 
 921      65642069 
 921      6E7400
 922              	.LASF13:
ARM GAS  /tmp/ccYhBpi1.s 			page 18


 923 00d8 75696E74 		.ascii	"uint32_t\000"
 923      33325F74 
 923      00
 924              	.LASF4:
 925 00e1 756E7369 		.ascii	"unsigned char\000"
 925      676E6564 
 925      20636861 
 925      7200
 926              	.LASF8:
 927 00ef 5F5F7569 		.ascii	"__uint32_t\000"
 927      6E743332 
 927      5F7400
 928              	.LASF30:
 929 00fa 5F636F72 		.ascii	"_core_init\000"
 929      655F696E 
 929      697400
 930              	.LASF0:
 931 0105 756E7369 		.ascii	"unsigned int\000"
 931      676E6564 
 931      20696E74 
 931      00
 932              	.LASF11:
 933 0112 6C6F6E67 		.ascii	"long long unsigned int\000"
 933      206C6F6E 
 933      6720756E 
 933      7369676E 
 933      65642069 
 934              	.LASF12:
 935 0129 75696E74 		.ascii	"uint8_t\000"
 935      385F7400 
 936              	.LASF17:
 937 0131 5F5F6865 		.ascii	"__heap_base__\000"
 937      61705F62 
 937      6173655F 
 937      5F00
 938              	.LASF15:
 939 013f 73697A65 		.ascii	"sizetype\000"
 939      74797065 
 939      00
 940              	.LASF10:
 941 0148 6C6F6E67 		.ascii	"long long int\000"
 941      206C6F6E 
 941      6720696E 
 941      7400
 942              	.LASF16:
 943 0156 63686172 		.ascii	"char\000"
 943      00
 944              	.LASF18:
 945 015b 5F5F6865 		.ascii	"__heap_end__\000"
 945      61705F65 
 945      6E645F5F 
 945      00
 946              	.LASF5:
 947 0168 73686F72 		.ascii	"short int\000"
 947      7420696E 
 947      7400
 948              	.LASF28:
ARM GAS  /tmp/ccYhBpi1.s 			page 19


 949 0172 2E2E2F2E 		.ascii	"../../os/kernel/src/chmemcore.c\000"
 949      2E2F6F73 
 949      2F6B6572 
 949      6E656C2F 
 949      7372632F 
 950              	.LASF20:
 951 0192 6368436F 		.ascii	"chCoreAlloc\000"
 951      7265416C 
 951      6C6F6300 
 952              	.LASF7:
 953 019e 6C6F6E67 		.ascii	"long int\000"
 953      20696E74 
 953      00
 954              	.LASF1:
 955 01a7 7369676E 		.ascii	"signed char\000"
 955      65642063 
 955      68617200 
 956              	.LASF27:
 957 01b3 474E5520 		.ascii	"GNU C 4.8.4 20140526 (release) [ARM/embedded-4_8-br"
 957      4320342E 
 957      382E3420 
 957      32303134 
 957      30353236 
 958 01e6 616E6368 		.ascii	"anch revision 211358] -mcpu=cortex-m4 -mfloat-abi=h"
 958      20726576 
 958      6973696F 
 958      6E203231 
 958      31333538 
 959 0219 61726420 		.ascii	"ard -mfpu=fpv4-sp-d16 -mno-thumb-interwork -mthumb "
 959      2D6D6670 
 959      753D6670 
 959      76342D73 
 959      702D6431 
 960 024c 2D676764 		.ascii	"-ggdb -O2 -fomit-frame-pointer -falign-functions=16"
 960      62202D4F 
 960      32202D66 
 960      6F6D6974 
 960      2D667261 
 961 027f 202D6666 		.ascii	" -ffunction-sections -fdata-sections -fno-common -f"
 961      756E6374 
 961      696F6E2D 
 961      73656374 
 961      696F6E73 
 962 02b2 73696E67 		.ascii	"single-precision-constant\000"
 962      6C652D70 
 962      72656369 
 962      73696F6E 
 962      2D636F6E 
 963              	.LASF14:
 964 02cc 5F426F6F 		.ascii	"_Bool\000"
 964      6C00
 965              		.ident	"GCC: (GNU Tools for ARM Embedded Processors) 4.8.4 20140526 (release) [ARM/embedded-4_8-br
ARM GAS  /tmp/ccYhBpi1.s 			page 20


DEFINED SYMBOLS
                            *ABS*:00000000 chmemcore.c
     /tmp/ccYhBpi1.s:21     .text._core_init:00000000 $t
     /tmp/ccYhBpi1.s:27     .text._core_init:00000000 _core_init
     /tmp/ccYhBpi1.s:55     .text._core_init:00000018 $d
     /tmp/ccYhBpi1.s:63     .text.chCoreAllocI:00000000 $t
     /tmp/ccYhBpi1.s:69     .text.chCoreAllocI:00000000 chCoreAllocI
     /tmp/ccYhBpi1.s:113    .text.chCoreAllocI:00000028 $d
     /tmp/ccYhBpi1.s:119    .text.chCoreAlloc:00000000 $t
     /tmp/ccYhBpi1.s:125    .text.chCoreAlloc:00000000 chCoreAlloc
     /tmp/ccYhBpi1.s:174    .text.chCoreStatus:00000000 $t
     /tmp/ccYhBpi1.s:180    .text.chCoreStatus:00000000 chCoreStatus
     /tmp/ccYhBpi1.s:198    .text.chCoreStatus:0000000c $d
     /tmp/ccYhBpi1.s:204    .bss.endmem:00000000 $d
     /tmp/ccYhBpi1.s:208    .bss.endmem:00000000 endmem
     /tmp/ccYhBpi1.s:211    .bss.nextmem:00000000 $d
     /tmp/ccYhBpi1.s:215    .bss.nextmem:00000000 nextmem
                     .debug_frame:00000010 $d
     /tmp/ccYhBpi1.s:62     .text._core_init:00000028 $t
     /tmp/ccYhBpi1.s:203    .text.chCoreStatus:00000014 $t

UNDEFINED SYMBOLS
__heap_base__
__heap_end__
chDbgCheckClassI
dbg_check_lock
dbg_check_unlock
