ARM GAS  /tmp/ccMt9VZU.s 			page 1


   1              		.syntax unified
   2              		.cpu cortex-m4
   3              		.eabi_attribute 27, 3
   4              		.eabi_attribute 28, 1
   5              		.fpu fpv4-sp-d16
   6              		.eabi_attribute 20, 1
   7              		.eabi_attribute 21, 1
   8              		.eabi_attribute 23, 3
   9              		.eabi_attribute 24, 1
  10              		.eabi_attribute 25, 1
  11              		.eabi_attribute 26, 1
  12              		.eabi_attribute 30, 2
  13              		.eabi_attribute 34, 1
  14              		.eabi_attribute 18, 4
  15              		.thumb
  16              		.file	"chmsg.c"
  17              		.text
  18              	.Ltext0:
  19              		.cfi_sections	.debug_frame
  20              		.section	.text.chMsgSend,"ax",%progbits
  21              		.align	2
  22              		.p2align 4,,15
  23              		.global	chMsgSend
  24              		.thumb
  25              		.thumb_func
  26              		.type	chMsgSend, %function
  27              	chMsgSend:
  28              	.LFB7:
  29              		.file 1 "../../os/kernel/src/chmsg.c"
  30              		.loc 1 75 0
  31              		.cfi_startproc
  32              		@ args = 0, pretend = 0, frame = 0
  33              		@ frame_needed = 0, uses_anonymous_args = 0
  34              	.LVL0:
  35              		.loc 1 76 0
  36 0000 154B     		ldr	r3, .L7
  37              		.loc 1 75 0
  38 0002 70B5     		push	{r4, r5, r6, lr}
  39              		.cfi_def_cfa_offset 16
  40              		.cfi_offset 4, -16
  41              		.cfi_offset 5, -12
  42              		.cfi_offset 6, -8
  43              		.cfi_offset 14, -4
  44              		.loc 1 78 0
  45 0004 0546     		mov	r5, r0
  46              		.loc 1 75 0
  47 0006 0E46     		mov	r6, r1
  48              		.loc 1 76 0
  49 0008 9C69     		ldr	r4, [r3, #24]
  50              	.LVL1:
  51              		.loc 1 78 0
  52 000a 00B3     		cbz	r0, .L5
  53              	.LVL2:
  54              	.L2:
  55              	.LBB10:
  56              		.loc 1 80 0
  57 000c 2023     		movs	r3, #32
ARM GAS  /tmp/ccMt9VZU.s 			page 2


  58              	@ 80 "../../os/kernel/src/chmsg.c" 1
  59 000e 83F31188 		msr     BASEPRI, r3
  60              	@ 0 "" 2
  61              		.thumb
  62              	.LBE10:
  63 0012 FFF7FEFF 		bl	dbg_check_lock
  64              	.LVL3:
  65              		.loc 1 82 0
  66 0016 05F13002 		add	r2, r5, #48
  67              		.loc 1 84 0
  68 001a 95F82010 		ldrb	r1, [r5, #32]	@ zero_extendqisi2
  69              		.loc 1 82 0
  70 001e A262     		str	r2, [r4, #40]
  71              	.LVL4:
  72              	.LBB11:
  73              	.LBB12:
  74              		.file 2 "../../os/kernel/include/chinline.h"
  75              		.loc 2 55 0
  76 0020 6B6B     		ldr	r3, [r5, #52]
  77              	.LBE12:
  78              	.LBE11:
  79              		.loc 1 81 0
  80 0022 A663     		str	r6, [r4, #56]
  81              		.loc 1 84 0
  82 0024 0C29     		cmp	r1, #12
  83              	.LBB14:
  84              	.LBB13:
  85              		.loc 2 55 0
  86 0026 84E80C00 		stmia	r4, {r2, r3}
  87              		.loc 2 56 0
  88 002a 6C63     		str	r4, [r5, #52]
  89 002c 1C60     		str	r4, [r3]
  90              	.LBE13:
  91              	.LBE14:
  92              		.loc 1 84 0
  93 002e 0AD0     		beq	.L6
  94              	.LVL5:
  95              	.L3:
  96              		.loc 1 86 0
  97 0030 0A20     		movs	r0, #10
  98 0032 FFF7FEFF 		bl	chSchGoSleepS
  99              	.LVL6:
 100              		.loc 1 87 0
 101 0036 A46A     		ldr	r4, [r4, #40]
 102              	.LVL7:
 103              		.loc 1 88 0
 104 0038 FFF7FEFF 		bl	dbg_check_unlock
 105              	.LVL8:
 106              	.LBB15:
 107 003c 0023     		movs	r3, #0
 108              	@ 88 "../../os/kernel/src/chmsg.c" 1
 109 003e 83F31188 		msr     BASEPRI, r3
 110              	@ 0 "" 2
 111              		.thumb
 112              	.LBE15:
 113              		.loc 1 90 0
 114 0042 2046     		mov	r0, r4
ARM GAS  /tmp/ccMt9VZU.s 			page 3


 115 0044 70BD     		pop	{r4, r5, r6, pc}
 116              	.LVL9:
 117              	.L6:
 118              		.loc 1 85 0
 119 0046 2846     		mov	r0, r5
 120 0048 FFF7FEFF 		bl	chSchReadyI
 121              	.LVL10:
 122 004c F0E7     		b	.L3
 123              	.LVL11:
 124              	.L5:
 125              		.loc 1 78 0 discriminator 1
 126 004e 0348     		ldr	r0, .L7+4
 127              	.LVL12:
 128 0050 FFF7FEFF 		bl	chDbgPanic
 129              	.LVL13:
 130 0054 DAE7     		b	.L2
 131              	.L8:
 132 0056 00BF     		.align	2
 133              	.L7:
 134 0058 00000000 		.word	rlist
 135 005c 00000000 		.word	.LC0
 136              		.cfi_endproc
 137              	.LFE7:
 138              		.size	chMsgSend, .-chMsgSend
 139              		.section	.text.chMsgWait,"ax",%progbits
 140              		.align	2
 141              		.p2align 4,,15
 142              		.global	chMsgWait
 143              		.thumb
 144              		.thumb_func
 145              		.type	chMsgWait, %function
 146              	chMsgWait:
 147              	.LFB8:
 148              		.loc 1 106 0
 149              		.cfi_startproc
 150              		@ args = 0, pretend = 0, frame = 0
 151              		@ frame_needed = 0, uses_anonymous_args = 0
 152 0000 38B5     		push	{r3, r4, r5, lr}
 153              		.cfi_def_cfa_offset 16
 154              		.cfi_offset 3, -16
 155              		.cfi_offset 4, -12
 156              		.cfi_offset 5, -8
 157              		.cfi_offset 14, -4
 158              	.LBB16:
 159              		.loc 1 109 0
 160 0002 2023     		movs	r3, #32
 161              	@ 109 "../../os/kernel/src/chmsg.c" 1
 162 0004 83F31188 		msr     BASEPRI, r3
 163              	@ 0 "" 2
 164              		.thumb
 165              	.LBE16:
 166              		.loc 1 110 0
 167 0008 0E4D     		ldr	r5, .L12
 168              		.loc 1 109 0
 169 000a FFF7FEFF 		bl	dbg_check_lock
 170              	.LVL14:
 171              		.loc 1 110 0
ARM GAS  /tmp/ccMt9VZU.s 			page 4


 172 000e AA69     		ldr	r2, [r5, #24]
 173 0010 1346     		mov	r3, r2
 174 0012 53F8304F 		ldr	r4, [r3, #48]!
 175 0016 9C42     		cmp	r4, r3
 176 0018 0CD0     		beq	.L11
 177              	.L10:
 178              	.LVL15:
 179              	.LBB17:
 180              	.LBB18:
 181              		.loc 2 62 0
 182 001a 2168     		ldr	r1, [r4]
 183 001c 1163     		str	r1, [r2, #48]
 184              	.LBE18:
 185              	.LBE17:
 186              		.loc 1 113 0
 187 001e 0B22     		movs	r2, #11
 188              	.LBB20:
 189              	.LBB19:
 190              		.loc 2 62 0
 191 0020 4B60     		str	r3, [r1, #4]
 192              	.LBE19:
 193              	.LBE20:
 194              		.loc 1 113 0
 195 0022 84F82020 		strb	r2, [r4, #32]
 196              		.loc 1 114 0
 197 0026 FFF7FEFF 		bl	dbg_check_unlock
 198              	.LVL16:
 199              	.LBB21:
 200 002a 0023     		movs	r3, #0
 201              	@ 114 "../../os/kernel/src/chmsg.c" 1
 202 002c 83F31188 		msr     BASEPRI, r3
 203              	@ 0 "" 2
 204              		.thumb
 205              	.LBE21:
 206              		.loc 1 116 0
 207 0030 2046     		mov	r0, r4
 208 0032 38BD     		pop	{r3, r4, r5, pc}
 209              	.LVL17:
 210              	.L11:
 211              		.loc 1 111 0
 212 0034 0C20     		movs	r0, #12
 213 0036 FFF7FEFF 		bl	chSchGoSleepS
 214              	.LVL18:
 215 003a AA69     		ldr	r2, [r5, #24]
 216 003c 146B     		ldr	r4, [r2, #48]
 217 003e 02F13003 		add	r3, r2, #48
 218 0042 EAE7     		b	.L10
 219              	.L13:
 220              		.align	2
 221              	.L12:
 222 0044 00000000 		.word	rlist
 223              		.cfi_endproc
 224              	.LFE8:
 225              		.size	chMsgWait, .-chMsgWait
 226 0048 AFF30080 		.section	.text.chMsgRelease,"ax",%progbits
 226      AFF30080 
 227              		.align	2
ARM GAS  /tmp/ccMt9VZU.s 			page 5


 228              		.p2align 4,,15
 229              		.global	chMsgRelease
 230              		.thumb
 231              		.thumb_func
 232              		.type	chMsgRelease, %function
 233              	chMsgRelease:
 234              	.LFB9:
 235              		.loc 1 128 0
 236              		.cfi_startproc
 237              		@ args = 0, pretend = 0, frame = 0
 238              		@ frame_needed = 0, uses_anonymous_args = 0
 239              	.LVL19:
 240 0000 38B5     		push	{r3, r4, r5, lr}
 241              		.cfi_def_cfa_offset 16
 242              		.cfi_offset 3, -16
 243              		.cfi_offset 4, -12
 244              		.cfi_offset 5, -8
 245              		.cfi_offset 14, -4
 246              		.loc 1 128 0
 247 0002 0446     		mov	r4, r0
 248 0004 0D46     		mov	r5, r1
 249              	.LBB22:
 250              		.loc 1 130 0
 251 0006 2023     		movs	r3, #32
 252              	@ 130 "../../os/kernel/src/chmsg.c" 1
 253 0008 83F31188 		msr     BASEPRI, r3
 254              	@ 0 "" 2
 255              		.thumb
 256              	.LBE22:
 257 000c FFF7FEFF 		bl	dbg_check_lock
 258              	.LVL20:
 259              		.loc 1 131 0
 260 0010 94F82030 		ldrb	r3, [r4, #32]	@ zero_extendqisi2
 261 0014 0B2B     		cmp	r3, #11
 262 0016 02D0     		beq	.L15
 263              		.loc 1 131 0 is_stmt 0 discriminator 1
 264 0018 0648     		ldr	r0, .L19
 265 001a FFF7FEFF 		bl	chDbgPanic
 266              	.LVL21:
 267              	.L15:
 268              		.loc 1 133 0 is_stmt 1
 269 001e 2046     		mov	r0, r4
 270 0020 2946     		mov	r1, r5
 271 0022 FFF7FEFF 		bl	chSchWakeupS
 272              	.LVL22:
 273              		.loc 1 134 0
 274 0026 FFF7FEFF 		bl	dbg_check_unlock
 275              	.LVL23:
 276              	.LBB23:
 277 002a 0023     		movs	r3, #0
 278              	@ 134 "../../os/kernel/src/chmsg.c" 1
 279 002c 83F31188 		msr     BASEPRI, r3
 280              	@ 0 "" 2
 281              		.thumb
 282 0030 38BD     		pop	{r3, r4, r5, pc}
 283              	.LVL24:
 284              	.L20:
ARM GAS  /tmp/ccMt9VZU.s 			page 6


 285 0032 00BF     		.align	2
 286              	.L19:
 287 0034 10000000 		.word	.LC1
 288              	.LBE23:
 289              		.cfi_endproc
 290              	.LFE9:
 291              		.size	chMsgRelease, .-chMsgRelease
 292 0038 AFF30080 		.section	.rodata.str1.4,"aMS",%progbits,1
 292      AFF30080 
 293              		.align	2
 294              	.LC0:
 295 0000 2263684D 		.ascii	"\"chMsgSend\"()\000"
 295      73675365 
 295      6E642228 
 295      2900
 296 000e 0000     		.space	2
 297              	.LC1:
 298 0010 63684D73 		.ascii	"chMsgRelease(), #1\000"
 298      6752656C 
 298      65617365 
 298      28292C20 
 298      233100
 299 0023 00       		.text
 300              	.Letext0:
 301              		.file 3 "/opt/ARM/arm-none-eabi/include/machine/_default_types.h"
 302              		.file 4 "/opt/ARM/arm-none-eabi/include/stdint.h"
 303              		.file 5 "../../os/ports/GCC/ARMCMx/chtypes.h"
 304              		.file 6 "../../os/kernel/include/chlists.h"
 305              		.file 7 "../../os/kernel/include/chthreads.h"
 306              		.file 8 "../../os/ports/GCC/ARMCMx/chcore_v7m.h"
 307              		.file 9 "../../os/kernel/include/chschd.h"
 308              		.file 10 "../../os/kernel/include/chmtx.h"
 309              		.file 11 "../../os/kernel/include/chdebug.h"
 310              		.section	.debug_info,"",%progbits
 311              	.Ldebug_info0:
 312 0000 F8070000 		.4byte	0x7f8
 313 0004 0400     		.2byte	0x4
 314 0006 00000000 		.4byte	.Ldebug_abbrev0
 315 000a 04       		.byte	0x4
 316 000b 01       		.uleb128 0x1
 317 000c 26020000 		.4byte	.LASF76
 318 0010 01       		.byte	0x1
 319 0011 60040000 		.4byte	.LASF77
 320 0015 C7030000 		.4byte	.LASF78
 321 0019 30000000 		.4byte	.Ldebug_ranges0+0x30
 322 001d 00000000 		.4byte	0
 323 0021 00000000 		.4byte	.Ldebug_line0
 324 0025 02       		.uleb128 0x2
 325 0026 04       		.byte	0x4
 326 0027 05       		.byte	0x5
 327 0028 696E7400 		.ascii	"int\000"
 328 002c 03       		.uleb128 0x3
 329 002d 04       		.byte	0x4
 330 002e 07       		.byte	0x7
 331 002f D6000000 		.4byte	.LASF0
 332 0033 03       		.uleb128 0x3
 333 0034 01       		.byte	0x1
ARM GAS  /tmp/ccMt9VZU.s 			page 7


 334 0035 06       		.byte	0x6
 335 0036 64000000 		.4byte	.LASF1
 336 003a 04       		.uleb128 0x4
 337 003b 2E000000 		.4byte	.LASF5
 338 003f 03       		.byte	0x3
 339 0040 1C       		.byte	0x1c
 340 0041 45000000 		.4byte	0x45
 341 0045 03       		.uleb128 0x3
 342 0046 01       		.byte	0x1
 343 0047 08       		.byte	0x8
 344 0048 D5010000 		.4byte	.LASF2
 345 004c 03       		.uleb128 0x3
 346 004d 02       		.byte	0x2
 347 004e 05       		.byte	0x5
 348 004f ED010000 		.4byte	.LASF3
 349 0053 03       		.uleb128 0x3
 350 0054 02       		.byte	0x2
 351 0055 07       		.byte	0x7
 352 0056 FD000000 		.4byte	.LASF4
 353 005a 04       		.uleb128 0x4
 354 005b B6030000 		.4byte	.LASF6
 355 005f 03       		.byte	0x3
 356 0060 37       		.byte	0x37
 357 0061 65000000 		.4byte	0x65
 358 0065 03       		.uleb128 0x3
 359 0066 04       		.byte	0x4
 360 0067 05       		.byte	0x5
 361 0068 8A000000 		.4byte	.LASF7
 362 006c 04       		.uleb128 0x4
 363 006d B7000000 		.4byte	.LASF8
 364 0071 03       		.byte	0x3
 365 0072 38       		.byte	0x38
 366 0073 77000000 		.4byte	0x77
 367 0077 03       		.uleb128 0x3
 368 0078 04       		.byte	0x4
 369 0079 07       		.byte	0x7
 370 007a E3000000 		.4byte	.LASF9
 371 007e 03       		.uleb128 0x3
 372 007f 08       		.byte	0x8
 373 0080 05       		.byte	0x5
 374 0081 56000000 		.4byte	.LASF10
 375 0085 04       		.uleb128 0x4
 376 0086 A5010000 		.4byte	.LASF11
 377 008a 03       		.byte	0x3
 378 008b 4E       		.byte	0x4e
 379 008c 90000000 		.4byte	0x90
 380 0090 03       		.uleb128 0x3
 381 0091 08       		.byte	0x8
 382 0092 07       		.byte	0x7
 383 0093 38000000 		.4byte	.LASF12
 384 0097 04       		.uleb128 0x4
 385 0098 4A040000 		.4byte	.LASF13
 386 009c 04       		.byte	0x4
 387 009d 2A       		.byte	0x2a
 388 009e 3A000000 		.4byte	0x3a
 389 00a2 04       		.uleb128 0x4
 390 00a3 CD010000 		.4byte	.LASF14
ARM GAS  /tmp/ccMt9VZU.s 			page 8


 391 00a7 04       		.byte	0x4
 392 00a8 41       		.byte	0x41
 393 00a9 5A000000 		.4byte	0x5a
 394 00ad 04       		.uleb128 0x4
 395 00ae 6C030000 		.4byte	.LASF15
 396 00b2 04       		.byte	0x4
 397 00b3 42       		.byte	0x42
 398 00b4 6C000000 		.4byte	0x6c
 399 00b8 04       		.uleb128 0x4
 400 00b9 25000000 		.4byte	.LASF16
 401 00bd 04       		.byte	0x4
 402 00be 4E       		.byte	0x4e
 403 00bf 85000000 		.4byte	0x85
 404 00c3 03       		.uleb128 0x3
 405 00c4 01       		.byte	0x1
 406 00c5 02       		.byte	0x2
 407 00c6 C7010000 		.4byte	.LASF17
 408 00ca 04       		.uleb128 0x4
 409 00cb 1E010000 		.4byte	.LASF18
 410 00cf 05       		.byte	0x5
 411 00d0 2C       		.byte	0x2c
 412 00d1 97000000 		.4byte	0x97
 413 00d5 04       		.uleb128 0x4
 414 00d6 9D000000 		.4byte	.LASF19
 415 00da 05       		.byte	0x5
 416 00db 2D       		.byte	0x2d
 417 00dc 97000000 		.4byte	0x97
 418 00e0 04       		.uleb128 0x4
 419 00e1 B0010000 		.4byte	.LASF20
 420 00e5 05       		.byte	0x5
 421 00e6 2E       		.byte	0x2e
 422 00e7 97000000 		.4byte	0x97
 423 00eb 04       		.uleb128 0x4
 424 00ec 80000000 		.4byte	.LASF21
 425 00f0 05       		.byte	0x5
 426 00f1 2F       		.byte	0x2f
 427 00f2 97000000 		.4byte	0x97
 428 00f6 04       		.uleb128 0x4
 429 00f7 BF010000 		.4byte	.LASF22
 430 00fb 05       		.byte	0x5
 431 00fc 30       		.byte	0x30
 432 00fd AD000000 		.4byte	0xad
 433 0101 04       		.uleb128 0x4
 434 0102 10010000 		.4byte	.LASF23
 435 0106 05       		.byte	0x5
 436 0107 31       		.byte	0x31
 437 0108 A2000000 		.4byte	0xa2
 438 010c 04       		.uleb128 0x4
 439 010d 32010000 		.4byte	.LASF24
 440 0111 05       		.byte	0x5
 441 0112 33       		.byte	0x33
 442 0113 AD000000 		.4byte	0xad
 443 0117 04       		.uleb128 0x4
 444 0118 A1030000 		.4byte	.LASF25
 445 011c 05       		.byte	0x5
 446 011d 35       		.byte	0x35
 447 011e AD000000 		.4byte	0xad
ARM GAS  /tmp/ccMt9VZU.s 			page 9


 448 0122 04       		.uleb128 0x4
 449 0123 3F030000 		.4byte	.LASF26
 450 0127 06       		.byte	0x6
 451 0128 2A       		.byte	0x2a
 452 0129 2D010000 		.4byte	0x12d
 453 012d 05       		.uleb128 0x5
 454 012e 3F030000 		.4byte	.LASF26
 455 0132 4C       		.byte	0x4c
 456 0133 07       		.byte	0x7
 457 0134 5E       		.byte	0x5e
 458 0135 36020000 		.4byte	0x236
 459 0139 06       		.uleb128 0x6
 460 013a 17020000 		.4byte	.LASF27
 461 013e 07       		.byte	0x7
 462 013f 5F       		.byte	0x5f
 463 0140 57020000 		.4byte	0x257
 464 0144 00       		.byte	0
 465 0145 06       		.uleb128 0x6
 466 0146 B8010000 		.4byte	.LASF28
 467 014a 07       		.byte	0x7
 468 014b 61       		.byte	0x61
 469 014c 57020000 		.4byte	0x257
 470 0150 04       		.byte	0x4
 471 0151 06       		.uleb128 0x6
 472 0152 4F000000 		.4byte	.LASF29
 473 0156 07       		.byte	0x7
 474 0157 63       		.byte	0x63
 475 0158 F6000000 		.4byte	0xf6
 476 015c 08       		.byte	0x8
 477 015d 06       		.uleb128 0x6
 478 015e 84040000 		.4byte	.LASF30
 479 0162 07       		.byte	0x7
 480 0163 64       		.byte	0x64
 481 0164 EC030000 		.4byte	0x3ec
 482 0168 0C       		.byte	0xc
 483 0169 06       		.uleb128 0x6
 484 016a A6000000 		.4byte	.LASF31
 485 016e 07       		.byte	0x7
 486 016f 66       		.byte	0x66
 487 0170 57020000 		.4byte	0x257
 488 0174 10       		.byte	0x10
 489 0175 06       		.uleb128 0x6
 490 0176 67010000 		.4byte	.LASF32
 491 017a 07       		.byte	0x7
 492 017b 67       		.byte	0x67
 493 017c 57020000 		.4byte	0x257
 494 0180 14       		.byte	0x14
 495 0181 06       		.uleb128 0x6
 496 0182 59040000 		.4byte	.LASF33
 497 0186 07       		.byte	0x7
 498 0187 6E       		.byte	0x6e
 499 0188 EC040000 		.4byte	0x4ec
 500 018c 18       		.byte	0x18
 501 018d 06       		.uleb128 0x6
 502 018e CB000000 		.4byte	.LASF34
 503 0192 07       		.byte	0x7
 504 0193 74       		.byte	0x74
ARM GAS  /tmp/ccMt9VZU.s 			page 10


 505 0194 FE040000 		.4byte	0x4fe
 506 0198 1C       		.byte	0x1c
 507 0199 06       		.uleb128 0x6
 508 019a F7010000 		.4byte	.LASF35
 509 019e 07       		.byte	0x7
 510 019f 79       		.byte	0x79
 511 01a0 D5000000 		.4byte	0xd5
 512 01a4 20       		.byte	0x20
 513 01a5 06       		.uleb128 0x6
 514 01a6 1E020000 		.4byte	.LASF36
 515 01aa 07       		.byte	0x7
 516 01ab 7D       		.byte	0x7d
 517 01ac CA000000 		.4byte	0xca
 518 01b0 21       		.byte	0x21
 519 01b1 06       		.uleb128 0x6
 520 01b2 33040000 		.4byte	.LASF37
 521 01b6 07       		.byte	0x7
 522 01b7 82       		.byte	0x82
 523 01b8 E0000000 		.4byte	0xe0
 524 01bc 22       		.byte	0x22
 525 01bd 06       		.uleb128 0x6
 526 01be FF010000 		.4byte	.LASF38
 527 01c2 07       		.byte	0x7
 528 01c3 88       		.byte	0x88
 529 01c4 EB000000 		.4byte	0xeb
 530 01c8 23       		.byte	0x23
 531 01c9 06       		.uleb128 0x6
 532 01ca C0030000 		.4byte	.LASF39
 533 01ce 07       		.byte	0x7
 534 01cf 8F       		.byte	0x8f
 535 01d0 14040000 		.4byte	0x414
 536 01d4 24       		.byte	0x24
 537 01d5 07       		.uleb128 0x7
 538 01d6 705F7500 		.ascii	"p_u\000"
 539 01da 07       		.byte	0x7
 540 01db B4       		.byte	0xb4
 541 01dc B7040000 		.4byte	0x4b7
 542 01e0 28       		.byte	0x28
 543 01e1 06       		.uleb128 0x6
 544 01e2 8A040000 		.4byte	.LASF40
 545 01e6 07       		.byte	0x7
 546 01e7 B9       		.byte	0xb9
 547 01e8 7D020000 		.4byte	0x27d
 548 01ec 2C       		.byte	0x2c
 549 01ed 06       		.uleb128 0x6
 550 01ee 11040000 		.4byte	.LASF41
 551 01f2 07       		.byte	0x7
 552 01f3 BF       		.byte	0xbf
 553 01f4 5D020000 		.4byte	0x25d
 554 01f8 30       		.byte	0x30
 555 01f9 06       		.uleb128 0x6
 556 01fa 00000000 		.4byte	.LASF42
 557 01fe 07       		.byte	0x7
 558 01ff C3       		.byte	0xc3
 559 0200 01010000 		.4byte	0x101
 560 0204 38       		.byte	0x38
 561 0205 06       		.uleb128 0x6
ARM GAS  /tmp/ccMt9VZU.s 			page 11


 562 0206 61030000 		.4byte	.LASF43
 563 020a 07       		.byte	0x7
 564 020b C9       		.byte	0xc9
 565 020c 0C010000 		.4byte	0x10c
 566 0210 3C       		.byte	0x3c
 567 0211 06       		.uleb128 0x6
 568 0212 E3010000 		.4byte	.LASF44
 569 0216 07       		.byte	0x7
 570 0217 D0       		.byte	0xd0
 571 0218 04050000 		.4byte	0x504
 572 021c 40       		.byte	0x40
 573 021d 06       		.uleb128 0x6
 574 021e AB030000 		.4byte	.LASF45
 575 0222 07       		.byte	0x7
 576 0223 D4       		.byte	0xd4
 577 0224 F6000000 		.4byte	0xf6
 578 0228 44       		.byte	0x44
 579 0229 06       		.uleb128 0x6
 580 022a 70000000 		.4byte	.LASF46
 581 022e 07       		.byte	0x7
 582 022f DA       		.byte	0xda
 583 0230 93020000 		.4byte	0x293
 584 0234 48       		.byte	0x48
 585 0235 00       		.byte	0
 586 0236 08       		.uleb128 0x8
 587 0237 08       		.byte	0x8
 588 0238 06       		.byte	0x6
 589 0239 61       		.byte	0x61
 590 023a 57020000 		.4byte	0x257
 591 023e 06       		.uleb128 0x6
 592 023f 17020000 		.4byte	.LASF27
 593 0243 06       		.byte	0x6
 594 0244 62       		.byte	0x62
 595 0245 57020000 		.4byte	0x257
 596 0249 00       		.byte	0
 597 024a 06       		.uleb128 0x6
 598 024b B8010000 		.4byte	.LASF28
 599 024f 06       		.byte	0x6
 600 0250 64       		.byte	0x64
 601 0251 57020000 		.4byte	0x257
 602 0255 04       		.byte	0x4
 603 0256 00       		.byte	0
 604 0257 09       		.uleb128 0x9
 605 0258 04       		.byte	0x4
 606 0259 22010000 		.4byte	0x122
 607 025d 04       		.uleb128 0x4
 608 025e 75010000 		.4byte	.LASF47
 609 0262 06       		.byte	0x6
 610 0263 66       		.byte	0x66
 611 0264 36020000 		.4byte	0x236
 612 0268 08       		.uleb128 0x8
 613 0269 04       		.byte	0x4
 614 026a 06       		.byte	0x6
 615 026b 6B       		.byte	0x6b
 616 026c 7D020000 		.4byte	0x27d
 617 0270 06       		.uleb128 0x6
 618 0271 17020000 		.4byte	.LASF27
ARM GAS  /tmp/ccMt9VZU.s 			page 12


 619 0275 06       		.byte	0x6
 620 0276 6D       		.byte	0x6d
 621 0277 57020000 		.4byte	0x257
 622 027b 00       		.byte	0
 623 027c 00       		.byte	0
 624 027d 04       		.uleb128 0x4
 625 027e 26010000 		.4byte	.LASF48
 626 0282 06       		.byte	0x6
 627 0283 70       		.byte	0x70
 628 0284 68020000 		.4byte	0x268
 629 0288 04       		.uleb128 0x4
 630 0289 C2000000 		.4byte	.LASF49
 631 028d 08       		.byte	0x8
 632 028e E5       		.byte	0xe5
 633 028f 93020000 		.4byte	0x293
 634 0293 0A       		.uleb128 0xa
 635 0294 04       		.byte	0x4
 636 0295 04       		.uleb128 0x4
 637 0296 44010000 		.4byte	.LASF50
 638 029a 08       		.byte	0x8
 639 029b EB       		.byte	0xeb
 640 029c B8000000 		.4byte	0xb8
 641 02a0 0B       		.uleb128 0xb
 642 02a1 0A040000 		.4byte	.LASF51
 643 02a5 64       		.byte	0x64
 644 02a6 08       		.byte	0x8
 645 02a7 0C01     		.2byte	0x10c
 646 02a9 EC030000 		.4byte	0x3ec
 647 02ad 0C       		.uleb128 0xc
 648 02ae 73313600 		.ascii	"s16\000"
 649 02b2 08       		.byte	0x8
 650 02b3 0E01     		.2byte	0x10e
 651 02b5 88020000 		.4byte	0x288
 652 02b9 00       		.byte	0
 653 02ba 0C       		.uleb128 0xc
 654 02bb 73313700 		.ascii	"s17\000"
 655 02bf 08       		.byte	0x8
 656 02c0 0F01     		.2byte	0x10f
 657 02c2 88020000 		.4byte	0x288
 658 02c6 04       		.byte	0x4
 659 02c7 0C       		.uleb128 0xc
 660 02c8 73313800 		.ascii	"s18\000"
 661 02cc 08       		.byte	0x8
 662 02cd 1001     		.2byte	0x110
 663 02cf 88020000 		.4byte	0x288
 664 02d3 08       		.byte	0x8
 665 02d4 0C       		.uleb128 0xc
 666 02d5 73313900 		.ascii	"s19\000"
 667 02d9 08       		.byte	0x8
 668 02da 1101     		.2byte	0x111
 669 02dc 88020000 		.4byte	0x288
 670 02e0 0C       		.byte	0xc
 671 02e1 0C       		.uleb128 0xc
 672 02e2 73323000 		.ascii	"s20\000"
 673 02e6 08       		.byte	0x8
 674 02e7 1201     		.2byte	0x112
 675 02e9 88020000 		.4byte	0x288
ARM GAS  /tmp/ccMt9VZU.s 			page 13


 676 02ed 10       		.byte	0x10
 677 02ee 0C       		.uleb128 0xc
 678 02ef 73323100 		.ascii	"s21\000"
 679 02f3 08       		.byte	0x8
 680 02f4 1301     		.2byte	0x113
 681 02f6 88020000 		.4byte	0x288
 682 02fa 14       		.byte	0x14
 683 02fb 0C       		.uleb128 0xc
 684 02fc 73323200 		.ascii	"s22\000"
 685 0300 08       		.byte	0x8
 686 0301 1401     		.2byte	0x114
 687 0303 88020000 		.4byte	0x288
 688 0307 18       		.byte	0x18
 689 0308 0C       		.uleb128 0xc
 690 0309 73323300 		.ascii	"s23\000"
 691 030d 08       		.byte	0x8
 692 030e 1501     		.2byte	0x115
 693 0310 88020000 		.4byte	0x288
 694 0314 1C       		.byte	0x1c
 695 0315 0C       		.uleb128 0xc
 696 0316 73323400 		.ascii	"s24\000"
 697 031a 08       		.byte	0x8
 698 031b 1601     		.2byte	0x116
 699 031d 88020000 		.4byte	0x288
 700 0321 20       		.byte	0x20
 701 0322 0C       		.uleb128 0xc
 702 0323 73323500 		.ascii	"s25\000"
 703 0327 08       		.byte	0x8
 704 0328 1701     		.2byte	0x117
 705 032a 88020000 		.4byte	0x288
 706 032e 24       		.byte	0x24
 707 032f 0C       		.uleb128 0xc
 708 0330 73323600 		.ascii	"s26\000"
 709 0334 08       		.byte	0x8
 710 0335 1801     		.2byte	0x118
 711 0337 88020000 		.4byte	0x288
 712 033b 28       		.byte	0x28
 713 033c 0C       		.uleb128 0xc
 714 033d 73323700 		.ascii	"s27\000"
 715 0341 08       		.byte	0x8
 716 0342 1901     		.2byte	0x119
 717 0344 88020000 		.4byte	0x288
 718 0348 2C       		.byte	0x2c
 719 0349 0C       		.uleb128 0xc
 720 034a 73323800 		.ascii	"s28\000"
 721 034e 08       		.byte	0x8
 722 034f 1A01     		.2byte	0x11a
 723 0351 88020000 		.4byte	0x288
 724 0355 30       		.byte	0x30
 725 0356 0C       		.uleb128 0xc
 726 0357 73323900 		.ascii	"s29\000"
 727 035b 08       		.byte	0x8
 728 035c 1B01     		.2byte	0x11b
 729 035e 88020000 		.4byte	0x288
 730 0362 34       		.byte	0x34
 731 0363 0C       		.uleb128 0xc
 732 0364 73333000 		.ascii	"s30\000"
ARM GAS  /tmp/ccMt9VZU.s 			page 14


 733 0368 08       		.byte	0x8
 734 0369 1C01     		.2byte	0x11c
 735 036b 88020000 		.4byte	0x288
 736 036f 38       		.byte	0x38
 737 0370 0C       		.uleb128 0xc
 738 0371 73333100 		.ascii	"s31\000"
 739 0375 08       		.byte	0x8
 740 0376 1D01     		.2byte	0x11d
 741 0378 88020000 		.4byte	0x288
 742 037c 3C       		.byte	0x3c
 743 037d 0C       		.uleb128 0xc
 744 037e 723400   		.ascii	"r4\000"
 745 0381 08       		.byte	0x8
 746 0382 1F01     		.2byte	0x11f
 747 0384 88020000 		.4byte	0x288
 748 0388 40       		.byte	0x40
 749 0389 0C       		.uleb128 0xc
 750 038a 723500   		.ascii	"r5\000"
 751 038d 08       		.byte	0x8
 752 038e 2001     		.2byte	0x120
 753 0390 88020000 		.4byte	0x288
 754 0394 44       		.byte	0x44
 755 0395 0C       		.uleb128 0xc
 756 0396 723600   		.ascii	"r6\000"
 757 0399 08       		.byte	0x8
 758 039a 2101     		.2byte	0x121
 759 039c 88020000 		.4byte	0x288
 760 03a0 48       		.byte	0x48
 761 03a1 0C       		.uleb128 0xc
 762 03a2 723700   		.ascii	"r7\000"
 763 03a5 08       		.byte	0x8
 764 03a6 2201     		.2byte	0x122
 765 03a8 88020000 		.4byte	0x288
 766 03ac 4C       		.byte	0x4c
 767 03ad 0C       		.uleb128 0xc
 768 03ae 723800   		.ascii	"r8\000"
 769 03b1 08       		.byte	0x8
 770 03b2 2301     		.2byte	0x123
 771 03b4 88020000 		.4byte	0x288
 772 03b8 50       		.byte	0x50
 773 03b9 0C       		.uleb128 0xc
 774 03ba 723900   		.ascii	"r9\000"
 775 03bd 08       		.byte	0x8
 776 03be 2401     		.2byte	0x124
 777 03c0 88020000 		.4byte	0x288
 778 03c4 54       		.byte	0x54
 779 03c5 0C       		.uleb128 0xc
 780 03c6 72313000 		.ascii	"r10\000"
 781 03ca 08       		.byte	0x8
 782 03cb 2501     		.2byte	0x125
 783 03cd 88020000 		.4byte	0x288
 784 03d1 58       		.byte	0x58
 785 03d2 0C       		.uleb128 0xc
 786 03d3 72313100 		.ascii	"r11\000"
 787 03d7 08       		.byte	0x8
 788 03d8 2601     		.2byte	0x126
 789 03da 88020000 		.4byte	0x288
ARM GAS  /tmp/ccMt9VZU.s 			page 15


 790 03de 5C       		.byte	0x5c
 791 03df 0C       		.uleb128 0xc
 792 03e0 6C7200   		.ascii	"lr\000"
 793 03e3 08       		.byte	0x8
 794 03e4 2701     		.2byte	0x127
 795 03e6 88020000 		.4byte	0x288
 796 03ea 60       		.byte	0x60
 797 03eb 00       		.byte	0
 798 03ec 0B       		.uleb128 0xb
 799 03ed F5000000 		.4byte	.LASF52
 800 03f1 04       		.byte	0x4
 801 03f2 08       		.byte	0x8
 802 03f3 3101     		.2byte	0x131
 803 03f5 07040000 		.4byte	0x407
 804 03f9 0C       		.uleb128 0xc
 805 03fa 72313300 		.ascii	"r13\000"
 806 03fe 08       		.byte	0x8
 807 03ff 3201     		.2byte	0x132
 808 0401 07040000 		.4byte	0x407
 809 0405 00       		.byte	0
 810 0406 00       		.byte	0
 811 0407 09       		.uleb128 0x9
 812 0408 04       		.byte	0x4
 813 0409 A0020000 		.4byte	0x2a0
 814 040d 03       		.uleb128 0x3
 815 040e 04       		.byte	0x4
 816 040f 07       		.byte	0x7
 817 0410 4F010000 		.4byte	.LASF53
 818 0414 0D       		.uleb128 0xd
 819 0415 17010000 		.4byte	0x117
 820 0419 08       		.uleb128 0x8
 821 041a 1C       		.byte	0x1c
 822 041b 09       		.byte	0x9
 823 041c 5E       		.byte	0x5e
 824 041d 6A040000 		.4byte	0x46a
 825 0421 06       		.uleb128 0x6
 826 0422 75030000 		.4byte	.LASF54
 827 0426 09       		.byte	0x9
 828 0427 5F       		.byte	0x5f
 829 0428 5D020000 		.4byte	0x25d
 830 042c 00       		.byte	0
 831 042d 06       		.uleb128 0x6
 832 042e 09020000 		.4byte	.LASF55
 833 0432 09       		.byte	0x9
 834 0433 60       		.byte	0x60
 835 0434 F6000000 		.4byte	0xf6
 836 0438 08       		.byte	0x8
 837 0439 06       		.uleb128 0x6
 838 043a 6F010000 		.4byte	.LASF56
 839 043e 09       		.byte	0x9
 840 043f 62       		.byte	0x62
 841 0440 EC030000 		.4byte	0x3ec
 842 0444 0C       		.byte	0xc
 843 0445 06       		.uleb128 0x6
 844 0446 16010000 		.4byte	.LASF57
 845 044a 09       		.byte	0x9
 846 044b 65       		.byte	0x65
ARM GAS  /tmp/ccMt9VZU.s 			page 16


 847 044c 57020000 		.4byte	0x257
 848 0450 10       		.byte	0x10
 849 0451 06       		.uleb128 0x6
 850 0452 8C010000 		.4byte	.LASF58
 851 0456 09       		.byte	0x9
 852 0457 66       		.byte	0x66
 853 0458 57020000 		.4byte	0x257
 854 045c 14       		.byte	0x14
 855 045d 06       		.uleb128 0x6
 856 045e 82010000 		.4byte	.LASF59
 857 0462 09       		.byte	0x9
 858 0463 69       		.byte	0x69
 859 0464 57020000 		.4byte	0x257
 860 0468 18       		.byte	0x18
 861 0469 00       		.byte	0
 862 046a 04       		.uleb128 0x4
 863 046b 3A040000 		.4byte	.LASF60
 864 046f 09       		.byte	0x9
 865 0470 6B       		.byte	0x6b
 866 0471 19040000 		.4byte	0x419
 867 0475 05       		.uleb128 0x5
 868 0476 3E010000 		.4byte	.LASF61
 869 047a 10       		.byte	0x10
 870 047b 0A       		.byte	0xa
 871 047c 2C       		.byte	0x2c
 872 047d A6040000 		.4byte	0x4a6
 873 0481 06       		.uleb128 0x6
 874 0482 78000000 		.4byte	.LASF62
 875 0486 0A       		.byte	0xa
 876 0487 2D       		.byte	0x2d
 877 0488 5D020000 		.4byte	0x25d
 878 048c 00       		.byte	0
 879 048d 06       		.uleb128 0x6
 880 048e 7C040000 		.4byte	.LASF63
 881 0492 0A       		.byte	0xa
 882 0493 2F       		.byte	0x2f
 883 0494 57020000 		.4byte	0x257
 884 0498 08       		.byte	0x8
 885 0499 06       		.uleb128 0x6
 886 049a 9A030000 		.4byte	.LASF64
 887 049e 0A       		.byte	0xa
 888 049f 31       		.byte	0x31
 889 04a0 A6040000 		.4byte	0x4a6
 890 04a4 0C       		.byte	0xc
 891 04a5 00       		.byte	0
 892 04a6 09       		.uleb128 0x9
 893 04a7 04       		.byte	0x4
 894 04a8 75040000 		.4byte	0x475
 895 04ac 04       		.uleb128 0x4
 896 04ad 3E010000 		.4byte	.LASF61
 897 04b1 0A       		.byte	0xa
 898 04b2 33       		.byte	0x33
 899 04b3 75040000 		.4byte	0x475
 900 04b7 0E       		.uleb128 0xe
 901 04b8 04       		.byte	0x4
 902 04b9 07       		.byte	0x7
 903 04ba 96       		.byte	0x96
ARM GAS  /tmp/ccMt9VZU.s 			page 17


 904 04bb EC040000 		.4byte	0x4ec
 905 04bf 0F       		.uleb128 0xf
 906 04c0 1E000000 		.4byte	.LASF65
 907 04c4 07       		.byte	0x7
 908 04c5 9D       		.byte	0x9d
 909 04c6 01010000 		.4byte	0x101
 910 04ca 0F       		.uleb128 0xf
 911 04cb AE000000 		.4byte	.LASF66
 912 04cf 07       		.byte	0x7
 913 04d0 A4       		.byte	0xa4
 914 04d1 01010000 		.4byte	0x101
 915 04d5 0F       		.uleb128 0xf
 916 04d6 52040000 		.4byte	.LASF67
 917 04da 07       		.byte	0x7
 918 04db AB       		.byte	0xab
 919 04dc 93020000 		.4byte	0x293
 920 04e0 0F       		.uleb128 0xf
 921 04e1 10020000 		.4byte	.LASF68
 922 04e5 07       		.byte	0x7
 923 04e6 B2       		.byte	0xb2
 924 04e7 0C010000 		.4byte	0x10c
 925 04eb 00       		.byte	0
 926 04ec 09       		.uleb128 0x9
 927 04ed 04       		.byte	0x4
 928 04ee F2040000 		.4byte	0x4f2
 929 04f2 10       		.uleb128 0x10
 930 04f3 F7040000 		.4byte	0x4f7
 931 04f7 03       		.uleb128 0x3
 932 04f8 01       		.byte	0x1
 933 04f9 08       		.byte	0x8
 934 04fa 7D030000 		.4byte	.LASF69
 935 04fe 09       		.uleb128 0x9
 936 04ff 04       		.byte	0x4
 937 0500 95020000 		.4byte	0x295
 938 0504 09       		.uleb128 0x9
 939 0505 04       		.byte	0x4
 940 0506 AC040000 		.4byte	0x4ac
 941 050a 11       		.uleb128 0x11
 942 050b 06000000 		.4byte	.LASF79
 943 050f 02       		.byte	0x2
 944 0510 34       		.byte	0x34
 945 0511 03       		.byte	0x3
 946 0512 2C050000 		.4byte	0x52c
 947 0516 12       		.uleb128 0x12
 948 0517 747000   		.ascii	"tp\000"
 949 051a 02       		.byte	0x2
 950 051b 34       		.byte	0x34
 951 051c 57020000 		.4byte	0x257
 952 0520 12       		.uleb128 0x12
 953 0521 74717000 		.ascii	"tqp\000"
 954 0525 02       		.byte	0x2
 955 0526 34       		.byte	0x34
 956 0527 2C050000 		.4byte	0x52c
 957 052b 00       		.byte	0
 958 052c 09       		.uleb128 0x9
 959 052d 04       		.byte	0x4
 960 052e 5D020000 		.4byte	0x25d
ARM GAS  /tmp/ccMt9VZU.s 			page 18


 961 0532 13       		.uleb128 0x13
 962 0533 82030000 		.4byte	.LASF80
 963 0537 02       		.byte	0x2
 964 0538 3B       		.byte	0x3b
 965 0539 57020000 		.4byte	0x257
 966 053d 03       		.byte	0x3
 967 053e 58050000 		.4byte	0x558
 968 0542 12       		.uleb128 0x12
 969 0543 74717000 		.ascii	"tqp\000"
 970 0547 02       		.byte	0x2
 971 0548 3B       		.byte	0x3b
 972 0549 2C050000 		.4byte	0x52c
 973 054d 14       		.uleb128 0x14
 974 054e 747000   		.ascii	"tp\000"
 975 0551 02       		.byte	0x2
 976 0552 3C       		.byte	0x3c
 977 0553 57020000 		.4byte	0x257
 978 0557 00       		.byte	0
 979 0558 15       		.uleb128 0x15
 980 0559 93000000 		.4byte	.LASF70
 981 055d 01       		.byte	0x1
 982 055e 4B       		.byte	0x4b
 983 055f 01010000 		.4byte	0x101
 984 0563 00000000 		.4byte	.LFB7
 985 0567 60000000 		.4byte	.LFE7-.LFB7
 986 056b 01       		.uleb128 0x1
 987 056c 9C       		.byte	0x9c
 988 056d 46060000 		.4byte	0x646
 989 0571 16       		.uleb128 0x16
 990 0572 747000   		.ascii	"tp\000"
 991 0575 01       		.byte	0x1
 992 0576 4B       		.byte	0x4b
 993 0577 57020000 		.4byte	0x257
 994 057b 00000000 		.4byte	.LLST0
 995 057f 16       		.uleb128 0x16
 996 0580 6D736700 		.ascii	"msg\000"
 997 0584 01       		.byte	0x1
 998 0585 4B       		.byte	0x4b
 999 0586 01010000 		.4byte	0x101
 1000 058a 34000000 		.4byte	.LLST1
 1001 058e 17       		.uleb128 0x17
 1002 058f 63747000 		.ascii	"ctp\000"
 1003 0593 01       		.byte	0x1
 1004 0594 4C       		.byte	0x4c
 1005 0595 57020000 		.4byte	0x257
 1006 0599 7E000000 		.4byte	.LLST2
 1007 059d 18       		.uleb128 0x18
 1008 059e 0C000000 		.4byte	.LBB10
 1009 05a2 06000000 		.4byte	.LBE10-.LBB10
 1010 05a6 B8050000 		.4byte	0x5b8
 1011 05aa 19       		.uleb128 0x19
 1012 05ab 746D7000 		.ascii	"tmp\000"
 1013 05af 01       		.byte	0x1
 1014 05b0 50       		.byte	0x50
 1015 05b1 AD000000 		.4byte	0xad
 1016 05b5 01       		.uleb128 0x1
 1017 05b6 53       		.byte	0x53
ARM GAS  /tmp/ccMt9VZU.s 			page 19


 1018 05b7 00       		.byte	0
 1019 05b8 1A       		.uleb128 0x1a
 1020 05b9 0A050000 		.4byte	0x50a
 1021 05bd 20000000 		.4byte	.LBB11
 1022 05c1 00000000 		.4byte	.Ldebug_ranges0+0
 1023 05c5 01       		.byte	0x1
 1024 05c6 53       		.byte	0x53
 1025 05c7 DE050000 		.4byte	0x5de
 1026 05cb 1B       		.uleb128 0x1b
 1027 05cc 20050000 		.4byte	0x520
 1028 05d0 9C000000 		.4byte	.LLST3
 1029 05d4 1B       		.uleb128 0x1b
 1030 05d5 16050000 		.4byte	0x516
 1031 05d9 D4000000 		.4byte	.LLST4
 1032 05dd 00       		.byte	0
 1033 05de 18       		.uleb128 0x18
 1034 05df 3C000000 		.4byte	.LBB15
 1035 05e3 06000000 		.4byte	.LBE15-.LBB15
 1036 05e7 F9050000 		.4byte	0x5f9
 1037 05eb 19       		.uleb128 0x19
 1038 05ec 746D7000 		.ascii	"tmp\000"
 1039 05f0 01       		.byte	0x1
 1040 05f1 58       		.byte	0x58
 1041 05f2 AD000000 		.4byte	0xad
 1042 05f6 01       		.uleb128 0x1
 1043 05f7 53       		.byte	0x53
 1044 05f8 00       		.byte	0
 1045 05f9 1C       		.uleb128 0x1c
 1046 05fa 16000000 		.4byte	.LVL3
 1047 05fe A4070000 		.4byte	0x7a4
 1048 0602 1D       		.uleb128 0x1d
 1049 0603 36000000 		.4byte	.LVL6
 1050 0607 AB070000 		.4byte	0x7ab
 1051 060b 15060000 		.4byte	0x615
 1052 060f 1E       		.uleb128 0x1e
 1053 0610 01       		.uleb128 0x1
 1054 0611 50       		.byte	0x50
 1055 0612 01       		.uleb128 0x1
 1056 0613 3A       		.byte	0x3a
 1057 0614 00       		.byte	0
 1058 0615 1C       		.uleb128 0x1c
 1059 0616 3C000000 		.4byte	.LVL8
 1060 061a BC070000 		.4byte	0x7bc
 1061 061e 1D       		.uleb128 0x1d
 1062 061f 4C000000 		.4byte	.LVL10
 1063 0623 C3070000 		.4byte	0x7c3
 1064 0627 32060000 		.4byte	0x632
 1065 062b 1E       		.uleb128 0x1e
 1066 062c 01       		.uleb128 0x1
 1067 062d 50       		.byte	0x50
 1068 062e 02       		.uleb128 0x2
 1069 062f 75       		.byte	0x75
 1070 0630 00       		.sleb128 0
 1071 0631 00       		.byte	0
 1072 0632 1F       		.uleb128 0x1f
 1073 0633 54000000 		.4byte	.LVL13
 1074 0637 D8070000 		.4byte	0x7d8
ARM GAS  /tmp/ccMt9VZU.s 			page 20


 1075 063b 1E       		.uleb128 0x1e
 1076 063c 01       		.uleb128 0x1
 1077 063d 50       		.byte	0x50
 1078 063e 05       		.uleb128 0x5
 1079 063f 03       		.byte	0x3
 1080 0640 00000000 		.4byte	.LC0
 1081 0644 00       		.byte	0
 1082 0645 00       		.byte	0
 1083 0646 15       		.uleb128 0x15
 1084 0647 29040000 		.4byte	.LASF71
 1085 064b 01       		.byte	0x1
 1086 064c 6A       		.byte	0x6a
 1087 064d 57020000 		.4byte	0x257
 1088 0651 00000000 		.4byte	.LFB8
 1089 0655 48000000 		.4byte	.LFE8-.LFB8
 1090 0659 01       		.uleb128 0x1
 1091 065a 9C       		.byte	0x9c
 1092 065b ED060000 		.4byte	0x6ed
 1093 065f 14       		.uleb128 0x14
 1094 0660 747000   		.ascii	"tp\000"
 1095 0663 01       		.byte	0x1
 1096 0664 6B       		.byte	0x6b
 1097 0665 57020000 		.4byte	0x257
 1098 0669 18       		.uleb128 0x18
 1099 066a 02000000 		.4byte	.LBB16
 1100 066e 06000000 		.4byte	.LBE16-.LBB16
 1101 0672 84060000 		.4byte	0x684
 1102 0676 19       		.uleb128 0x19
 1103 0677 746D7000 		.ascii	"tmp\000"
 1104 067b 01       		.byte	0x1
 1105 067c 6D       		.byte	0x6d
 1106 067d AD000000 		.4byte	0xad
 1107 0681 01       		.uleb128 0x1
 1108 0682 53       		.byte	0x53
 1109 0683 00       		.byte	0
 1110 0684 1A       		.uleb128 0x1a
 1111 0685 32050000 		.4byte	0x532
 1112 0689 1A000000 		.4byte	.LBB17
 1113 068d 18000000 		.4byte	.Ldebug_ranges0+0x18
 1114 0691 01       		.byte	0x1
 1115 0692 70       		.byte	0x70
 1116 0693 B0060000 		.4byte	0x6b0
 1117 0697 1B       		.uleb128 0x1b
 1118 0698 42050000 		.4byte	0x542
 1119 069c F2000000 		.4byte	.LLST5
 1120 06a0 20       		.uleb128 0x20
 1121 06a1 18000000 		.4byte	.Ldebug_ranges0+0x18
 1122 06a5 21       		.uleb128 0x21
 1123 06a6 4D050000 		.4byte	0x54d
 1124 06aa 05010000 		.4byte	.LLST6
 1125 06ae 00       		.byte	0
 1126 06af 00       		.byte	0
 1127 06b0 18       		.uleb128 0x18
 1128 06b1 2A000000 		.4byte	.LBB21
 1129 06b5 06000000 		.4byte	.LBE21-.LBB21
 1130 06b9 CB060000 		.4byte	0x6cb
 1131 06bd 19       		.uleb128 0x19
ARM GAS  /tmp/ccMt9VZU.s 			page 21


 1132 06be 746D7000 		.ascii	"tmp\000"
 1133 06c2 01       		.byte	0x1
 1134 06c3 72       		.byte	0x72
 1135 06c4 AD000000 		.4byte	0xad
 1136 06c8 01       		.uleb128 0x1
 1137 06c9 53       		.byte	0x53
 1138 06ca 00       		.byte	0
 1139 06cb 1C       		.uleb128 0x1c
 1140 06cc 0E000000 		.4byte	.LVL14
 1141 06d0 A4070000 		.4byte	0x7a4
 1142 06d4 1C       		.uleb128 0x1c
 1143 06d5 2A000000 		.4byte	.LVL16
 1144 06d9 BC070000 		.4byte	0x7bc
 1145 06dd 1F       		.uleb128 0x1f
 1146 06de 3A000000 		.4byte	.LVL18
 1147 06e2 AB070000 		.4byte	0x7ab
 1148 06e6 1E       		.uleb128 0x1e
 1149 06e7 01       		.uleb128 0x1
 1150 06e8 50       		.byte	0x50
 1151 06e9 01       		.uleb128 0x1
 1152 06ea 3C       		.byte	0x3c
 1153 06eb 00       		.byte	0
 1154 06ec 00       		.byte	0
 1155 06ed 22       		.uleb128 0x22
 1156 06ee 46030000 		.4byte	.LASF81
 1157 06f2 01       		.byte	0x1
 1158 06f3 80       		.byte	0x80
 1159 06f4 00000000 		.4byte	.LFB9
 1160 06f8 38000000 		.4byte	.LFE9-.LFB9
 1161 06fc 01       		.uleb128 0x1
 1162 06fd 9C       		.byte	0x9c
 1163 06fe 99070000 		.4byte	0x799
 1164 0702 16       		.uleb128 0x16
 1165 0703 747000   		.ascii	"tp\000"
 1166 0706 01       		.byte	0x1
 1167 0707 80       		.byte	0x80
 1168 0708 57020000 		.4byte	0x257
 1169 070c 18010000 		.4byte	.LLST7
 1170 0710 16       		.uleb128 0x16
 1171 0711 6D736700 		.ascii	"msg\000"
 1172 0715 01       		.byte	0x1
 1173 0716 80       		.byte	0x80
 1174 0717 01010000 		.4byte	0x101
 1175 071b 44010000 		.4byte	.LLST8
 1176 071f 18       		.uleb128 0x18
 1177 0720 06000000 		.4byte	.LBB22
 1178 0724 06000000 		.4byte	.LBE22-.LBB22
 1179 0728 3A070000 		.4byte	0x73a
 1180 072c 19       		.uleb128 0x19
 1181 072d 746D7000 		.ascii	"tmp\000"
 1182 0731 01       		.byte	0x1
 1183 0732 82       		.byte	0x82
 1184 0733 AD000000 		.4byte	0xad
 1185 0737 01       		.uleb128 0x1
 1186 0738 53       		.byte	0x53
 1187 0739 00       		.byte	0
 1188 073a 18       		.uleb128 0x18
ARM GAS  /tmp/ccMt9VZU.s 			page 22


 1189 073b 2A000000 		.4byte	.LBB23
 1190 073f 0E000000 		.4byte	.LBE23-.LBB23
 1191 0743 55070000 		.4byte	0x755
 1192 0747 19       		.uleb128 0x19
 1193 0748 746D7000 		.ascii	"tmp\000"
 1194 074c 01       		.byte	0x1
 1195 074d 86       		.byte	0x86
 1196 074e AD000000 		.4byte	0xad
 1197 0752 01       		.uleb128 0x1
 1198 0753 53       		.byte	0x53
 1199 0754 00       		.byte	0
 1200 0755 1C       		.uleb128 0x1c
 1201 0756 10000000 		.4byte	.LVL20
 1202 075a A4070000 		.4byte	0x7a4
 1203 075e 1D       		.uleb128 0x1d
 1204 075f 1E000000 		.4byte	.LVL21
 1205 0763 D8070000 		.4byte	0x7d8
 1206 0767 75070000 		.4byte	0x775
 1207 076b 1E       		.uleb128 0x1e
 1208 076c 01       		.uleb128 0x1
 1209 076d 50       		.byte	0x50
 1210 076e 05       		.uleb128 0x5
 1211 076f 03       		.byte	0x3
 1212 0770 10000000 		.4byte	.LC1
 1213 0774 00       		.byte	0
 1214 0775 1D       		.uleb128 0x1d
 1215 0776 26000000 		.4byte	.LVL22
 1216 077a E9070000 		.4byte	0x7e9
 1217 077e 8F070000 		.4byte	0x78f
 1218 0782 1E       		.uleb128 0x1e
 1219 0783 01       		.uleb128 0x1
 1220 0784 51       		.byte	0x51
 1221 0785 02       		.uleb128 0x2
 1222 0786 75       		.byte	0x75
 1223 0787 00       		.sleb128 0
 1224 0788 1E       		.uleb128 0x1e
 1225 0789 01       		.uleb128 0x1
 1226 078a 50       		.byte	0x50
 1227 078b 02       		.uleb128 0x2
 1228 078c 74       		.byte	0x74
 1229 078d 00       		.sleb128 0
 1230 078e 00       		.byte	0
 1231 078f 1C       		.uleb128 0x1c
 1232 0790 2A000000 		.4byte	.LVL23
 1233 0794 BC070000 		.4byte	0x7bc
 1234 0798 00       		.byte	0
 1235 0799 23       		.uleb128 0x23
 1236 079a 44040000 		.4byte	.LASF82
 1237 079e 09       		.byte	0x9
 1238 079f 6F       		.byte	0x6f
 1239 07a0 6A040000 		.4byte	0x46a
 1240 07a4 24       		.uleb128 0x24
 1241 07a5 58010000 		.4byte	.LASF72
 1242 07a9 0B       		.byte	0xb
 1243 07aa E7       		.byte	0xe7
 1244 07ab 25       		.uleb128 0x25
 1245 07ac 53030000 		.4byte	.LASF74
ARM GAS  /tmp/ccMt9VZU.s 			page 23


 1246 07b0 09       		.byte	0x9
 1247 07b1 93       		.byte	0x93
 1248 07b2 BC070000 		.4byte	0x7bc
 1249 07b6 26       		.uleb128 0x26
 1250 07b7 D5000000 		.4byte	0xd5
 1251 07bb 00       		.byte	0
 1252 07bc 24       		.uleb128 0x24
 1253 07bd 94010000 		.4byte	.LASF73
 1254 07c1 0B       		.byte	0xb
 1255 07c2 E8       		.byte	0xe8
 1256 07c3 27       		.uleb128 0x27
 1257 07c4 8E030000 		.4byte	.LASF83
 1258 07c8 09       		.byte	0x9
 1259 07c9 90       		.byte	0x90
 1260 07ca 57020000 		.4byte	0x257
 1261 07ce D8070000 		.4byte	0x7d8
 1262 07d2 26       		.uleb128 0x26
 1263 07d3 57020000 		.4byte	0x257
 1264 07d7 00       		.byte	0
 1265 07d8 25       		.uleb128 0x25
 1266 07d9 13000000 		.4byte	.LASF75
 1267 07dd 0B       		.byte	0xb
 1268 07de F6       		.byte	0xf6
 1269 07df E9070000 		.4byte	0x7e9
 1270 07e3 26       		.uleb128 0x26
 1271 07e4 EC040000 		.4byte	0x4ec
 1272 07e8 00       		.byte	0
 1273 07e9 28       		.uleb128 0x28
 1274 07ea 1C040000 		.4byte	.LASF84
 1275 07ee 09       		.byte	0x9
 1276 07ef 99       		.byte	0x99
 1277 07f0 26       		.uleb128 0x26
 1278 07f1 57020000 		.4byte	0x257
 1279 07f5 26       		.uleb128 0x26
 1280 07f6 01010000 		.4byte	0x101
 1281 07fa 00       		.byte	0
 1282 07fb 00       		.byte	0
 1283              		.section	.debug_abbrev,"",%progbits
 1284              	.Ldebug_abbrev0:
 1285 0000 01       		.uleb128 0x1
 1286 0001 11       		.uleb128 0x11
 1287 0002 01       		.byte	0x1
 1288 0003 25       		.uleb128 0x25
 1289 0004 0E       		.uleb128 0xe
 1290 0005 13       		.uleb128 0x13
 1291 0006 0B       		.uleb128 0xb
 1292 0007 03       		.uleb128 0x3
 1293 0008 0E       		.uleb128 0xe
 1294 0009 1B       		.uleb128 0x1b
 1295 000a 0E       		.uleb128 0xe
 1296 000b 55       		.uleb128 0x55
 1297 000c 17       		.uleb128 0x17
 1298 000d 11       		.uleb128 0x11
 1299 000e 01       		.uleb128 0x1
 1300 000f 10       		.uleb128 0x10
 1301 0010 17       		.uleb128 0x17
 1302 0011 00       		.byte	0
ARM GAS  /tmp/ccMt9VZU.s 			page 24


 1303 0012 00       		.byte	0
 1304 0013 02       		.uleb128 0x2
 1305 0014 24       		.uleb128 0x24
 1306 0015 00       		.byte	0
 1307 0016 0B       		.uleb128 0xb
 1308 0017 0B       		.uleb128 0xb
 1309 0018 3E       		.uleb128 0x3e
 1310 0019 0B       		.uleb128 0xb
 1311 001a 03       		.uleb128 0x3
 1312 001b 08       		.uleb128 0x8
 1313 001c 00       		.byte	0
 1314 001d 00       		.byte	0
 1315 001e 03       		.uleb128 0x3
 1316 001f 24       		.uleb128 0x24
 1317 0020 00       		.byte	0
 1318 0021 0B       		.uleb128 0xb
 1319 0022 0B       		.uleb128 0xb
 1320 0023 3E       		.uleb128 0x3e
 1321 0024 0B       		.uleb128 0xb
 1322 0025 03       		.uleb128 0x3
 1323 0026 0E       		.uleb128 0xe
 1324 0027 00       		.byte	0
 1325 0028 00       		.byte	0
 1326 0029 04       		.uleb128 0x4
 1327 002a 16       		.uleb128 0x16
 1328 002b 00       		.byte	0
 1329 002c 03       		.uleb128 0x3
 1330 002d 0E       		.uleb128 0xe
 1331 002e 3A       		.uleb128 0x3a
 1332 002f 0B       		.uleb128 0xb
 1333 0030 3B       		.uleb128 0x3b
 1334 0031 0B       		.uleb128 0xb
 1335 0032 49       		.uleb128 0x49
 1336 0033 13       		.uleb128 0x13
 1337 0034 00       		.byte	0
 1338 0035 00       		.byte	0
 1339 0036 05       		.uleb128 0x5
 1340 0037 13       		.uleb128 0x13
 1341 0038 01       		.byte	0x1
 1342 0039 03       		.uleb128 0x3
 1343 003a 0E       		.uleb128 0xe
 1344 003b 0B       		.uleb128 0xb
 1345 003c 0B       		.uleb128 0xb
 1346 003d 3A       		.uleb128 0x3a
 1347 003e 0B       		.uleb128 0xb
 1348 003f 3B       		.uleb128 0x3b
 1349 0040 0B       		.uleb128 0xb
 1350 0041 01       		.uleb128 0x1
 1351 0042 13       		.uleb128 0x13
 1352 0043 00       		.byte	0
 1353 0044 00       		.byte	0
 1354 0045 06       		.uleb128 0x6
 1355 0046 0D       		.uleb128 0xd
 1356 0047 00       		.byte	0
 1357 0048 03       		.uleb128 0x3
 1358 0049 0E       		.uleb128 0xe
 1359 004a 3A       		.uleb128 0x3a
ARM GAS  /tmp/ccMt9VZU.s 			page 25


 1360 004b 0B       		.uleb128 0xb
 1361 004c 3B       		.uleb128 0x3b
 1362 004d 0B       		.uleb128 0xb
 1363 004e 49       		.uleb128 0x49
 1364 004f 13       		.uleb128 0x13
 1365 0050 38       		.uleb128 0x38
 1366 0051 0B       		.uleb128 0xb
 1367 0052 00       		.byte	0
 1368 0053 00       		.byte	0
 1369 0054 07       		.uleb128 0x7
 1370 0055 0D       		.uleb128 0xd
 1371 0056 00       		.byte	0
 1372 0057 03       		.uleb128 0x3
 1373 0058 08       		.uleb128 0x8
 1374 0059 3A       		.uleb128 0x3a
 1375 005a 0B       		.uleb128 0xb
 1376 005b 3B       		.uleb128 0x3b
 1377 005c 0B       		.uleb128 0xb
 1378 005d 49       		.uleb128 0x49
 1379 005e 13       		.uleb128 0x13
 1380 005f 38       		.uleb128 0x38
 1381 0060 0B       		.uleb128 0xb
 1382 0061 00       		.byte	0
 1383 0062 00       		.byte	0
 1384 0063 08       		.uleb128 0x8
 1385 0064 13       		.uleb128 0x13
 1386 0065 01       		.byte	0x1
 1387 0066 0B       		.uleb128 0xb
 1388 0067 0B       		.uleb128 0xb
 1389 0068 3A       		.uleb128 0x3a
 1390 0069 0B       		.uleb128 0xb
 1391 006a 3B       		.uleb128 0x3b
 1392 006b 0B       		.uleb128 0xb
 1393 006c 01       		.uleb128 0x1
 1394 006d 13       		.uleb128 0x13
 1395 006e 00       		.byte	0
 1396 006f 00       		.byte	0
 1397 0070 09       		.uleb128 0x9
 1398 0071 0F       		.uleb128 0xf
 1399 0072 00       		.byte	0
 1400 0073 0B       		.uleb128 0xb
 1401 0074 0B       		.uleb128 0xb
 1402 0075 49       		.uleb128 0x49
 1403 0076 13       		.uleb128 0x13
 1404 0077 00       		.byte	0
 1405 0078 00       		.byte	0
 1406 0079 0A       		.uleb128 0xa
 1407 007a 0F       		.uleb128 0xf
 1408 007b 00       		.byte	0
 1409 007c 0B       		.uleb128 0xb
 1410 007d 0B       		.uleb128 0xb
 1411 007e 00       		.byte	0
 1412 007f 00       		.byte	0
 1413 0080 0B       		.uleb128 0xb
 1414 0081 13       		.uleb128 0x13
 1415 0082 01       		.byte	0x1
 1416 0083 03       		.uleb128 0x3
ARM GAS  /tmp/ccMt9VZU.s 			page 26


 1417 0084 0E       		.uleb128 0xe
 1418 0085 0B       		.uleb128 0xb
 1419 0086 0B       		.uleb128 0xb
 1420 0087 3A       		.uleb128 0x3a
 1421 0088 0B       		.uleb128 0xb
 1422 0089 3B       		.uleb128 0x3b
 1423 008a 05       		.uleb128 0x5
 1424 008b 01       		.uleb128 0x1
 1425 008c 13       		.uleb128 0x13
 1426 008d 00       		.byte	0
 1427 008e 00       		.byte	0
 1428 008f 0C       		.uleb128 0xc
 1429 0090 0D       		.uleb128 0xd
 1430 0091 00       		.byte	0
 1431 0092 03       		.uleb128 0x3
 1432 0093 08       		.uleb128 0x8
 1433 0094 3A       		.uleb128 0x3a
 1434 0095 0B       		.uleb128 0xb
 1435 0096 3B       		.uleb128 0x3b
 1436 0097 05       		.uleb128 0x5
 1437 0098 49       		.uleb128 0x49
 1438 0099 13       		.uleb128 0x13
 1439 009a 38       		.uleb128 0x38
 1440 009b 0B       		.uleb128 0xb
 1441 009c 00       		.byte	0
 1442 009d 00       		.byte	0
 1443 009e 0D       		.uleb128 0xd
 1444 009f 35       		.uleb128 0x35
 1445 00a0 00       		.byte	0
 1446 00a1 49       		.uleb128 0x49
 1447 00a2 13       		.uleb128 0x13
 1448 00a3 00       		.byte	0
 1449 00a4 00       		.byte	0
 1450 00a5 0E       		.uleb128 0xe
 1451 00a6 17       		.uleb128 0x17
 1452 00a7 01       		.byte	0x1
 1453 00a8 0B       		.uleb128 0xb
 1454 00a9 0B       		.uleb128 0xb
 1455 00aa 3A       		.uleb128 0x3a
 1456 00ab 0B       		.uleb128 0xb
 1457 00ac 3B       		.uleb128 0x3b
 1458 00ad 0B       		.uleb128 0xb
 1459 00ae 01       		.uleb128 0x1
 1460 00af 13       		.uleb128 0x13
 1461 00b0 00       		.byte	0
 1462 00b1 00       		.byte	0
 1463 00b2 0F       		.uleb128 0xf
 1464 00b3 0D       		.uleb128 0xd
 1465 00b4 00       		.byte	0
 1466 00b5 03       		.uleb128 0x3
 1467 00b6 0E       		.uleb128 0xe
 1468 00b7 3A       		.uleb128 0x3a
 1469 00b8 0B       		.uleb128 0xb
 1470 00b9 3B       		.uleb128 0x3b
 1471 00ba 0B       		.uleb128 0xb
 1472 00bb 49       		.uleb128 0x49
 1473 00bc 13       		.uleb128 0x13
ARM GAS  /tmp/ccMt9VZU.s 			page 27


 1474 00bd 00       		.byte	0
 1475 00be 00       		.byte	0
 1476 00bf 10       		.uleb128 0x10
 1477 00c0 26       		.uleb128 0x26
 1478 00c1 00       		.byte	0
 1479 00c2 49       		.uleb128 0x49
 1480 00c3 13       		.uleb128 0x13
 1481 00c4 00       		.byte	0
 1482 00c5 00       		.byte	0
 1483 00c6 11       		.uleb128 0x11
 1484 00c7 2E       		.uleb128 0x2e
 1485 00c8 01       		.byte	0x1
 1486 00c9 03       		.uleb128 0x3
 1487 00ca 0E       		.uleb128 0xe
 1488 00cb 3A       		.uleb128 0x3a
 1489 00cc 0B       		.uleb128 0xb
 1490 00cd 3B       		.uleb128 0x3b
 1491 00ce 0B       		.uleb128 0xb
 1492 00cf 27       		.uleb128 0x27
 1493 00d0 19       		.uleb128 0x19
 1494 00d1 20       		.uleb128 0x20
 1495 00d2 0B       		.uleb128 0xb
 1496 00d3 01       		.uleb128 0x1
 1497 00d4 13       		.uleb128 0x13
 1498 00d5 00       		.byte	0
 1499 00d6 00       		.byte	0
 1500 00d7 12       		.uleb128 0x12
 1501 00d8 05       		.uleb128 0x5
 1502 00d9 00       		.byte	0
 1503 00da 03       		.uleb128 0x3
 1504 00db 08       		.uleb128 0x8
 1505 00dc 3A       		.uleb128 0x3a
 1506 00dd 0B       		.uleb128 0xb
 1507 00de 3B       		.uleb128 0x3b
 1508 00df 0B       		.uleb128 0xb
 1509 00e0 49       		.uleb128 0x49
 1510 00e1 13       		.uleb128 0x13
 1511 00e2 00       		.byte	0
 1512 00e3 00       		.byte	0
 1513 00e4 13       		.uleb128 0x13
 1514 00e5 2E       		.uleb128 0x2e
 1515 00e6 01       		.byte	0x1
 1516 00e7 03       		.uleb128 0x3
 1517 00e8 0E       		.uleb128 0xe
 1518 00e9 3A       		.uleb128 0x3a
 1519 00ea 0B       		.uleb128 0xb
 1520 00eb 3B       		.uleb128 0x3b
 1521 00ec 0B       		.uleb128 0xb
 1522 00ed 27       		.uleb128 0x27
 1523 00ee 19       		.uleb128 0x19
 1524 00ef 49       		.uleb128 0x49
 1525 00f0 13       		.uleb128 0x13
 1526 00f1 20       		.uleb128 0x20
 1527 00f2 0B       		.uleb128 0xb
 1528 00f3 01       		.uleb128 0x1
 1529 00f4 13       		.uleb128 0x13
 1530 00f5 00       		.byte	0
ARM GAS  /tmp/ccMt9VZU.s 			page 28


 1531 00f6 00       		.byte	0
 1532 00f7 14       		.uleb128 0x14
 1533 00f8 34       		.uleb128 0x34
 1534 00f9 00       		.byte	0
 1535 00fa 03       		.uleb128 0x3
 1536 00fb 08       		.uleb128 0x8
 1537 00fc 3A       		.uleb128 0x3a
 1538 00fd 0B       		.uleb128 0xb
 1539 00fe 3B       		.uleb128 0x3b
 1540 00ff 0B       		.uleb128 0xb
 1541 0100 49       		.uleb128 0x49
 1542 0101 13       		.uleb128 0x13
 1543 0102 00       		.byte	0
 1544 0103 00       		.byte	0
 1545 0104 15       		.uleb128 0x15
 1546 0105 2E       		.uleb128 0x2e
 1547 0106 01       		.byte	0x1
 1548 0107 3F       		.uleb128 0x3f
 1549 0108 19       		.uleb128 0x19
 1550 0109 03       		.uleb128 0x3
 1551 010a 0E       		.uleb128 0xe
 1552 010b 3A       		.uleb128 0x3a
 1553 010c 0B       		.uleb128 0xb
 1554 010d 3B       		.uleb128 0x3b
 1555 010e 0B       		.uleb128 0xb
 1556 010f 27       		.uleb128 0x27
 1557 0110 19       		.uleb128 0x19
 1558 0111 49       		.uleb128 0x49
 1559 0112 13       		.uleb128 0x13
 1560 0113 11       		.uleb128 0x11
 1561 0114 01       		.uleb128 0x1
 1562 0115 12       		.uleb128 0x12
 1563 0116 06       		.uleb128 0x6
 1564 0117 40       		.uleb128 0x40
 1565 0118 18       		.uleb128 0x18
 1566 0119 9742     		.uleb128 0x2117
 1567 011b 19       		.uleb128 0x19
 1568 011c 01       		.uleb128 0x1
 1569 011d 13       		.uleb128 0x13
 1570 011e 00       		.byte	0
 1571 011f 00       		.byte	0
 1572 0120 16       		.uleb128 0x16
 1573 0121 05       		.uleb128 0x5
 1574 0122 00       		.byte	0
 1575 0123 03       		.uleb128 0x3
 1576 0124 08       		.uleb128 0x8
 1577 0125 3A       		.uleb128 0x3a
 1578 0126 0B       		.uleb128 0xb
 1579 0127 3B       		.uleb128 0x3b
 1580 0128 0B       		.uleb128 0xb
 1581 0129 49       		.uleb128 0x49
 1582 012a 13       		.uleb128 0x13
 1583 012b 02       		.uleb128 0x2
 1584 012c 17       		.uleb128 0x17
 1585 012d 00       		.byte	0
 1586 012e 00       		.byte	0
 1587 012f 17       		.uleb128 0x17
ARM GAS  /tmp/ccMt9VZU.s 			page 29


 1588 0130 34       		.uleb128 0x34
 1589 0131 00       		.byte	0
 1590 0132 03       		.uleb128 0x3
 1591 0133 08       		.uleb128 0x8
 1592 0134 3A       		.uleb128 0x3a
 1593 0135 0B       		.uleb128 0xb
 1594 0136 3B       		.uleb128 0x3b
 1595 0137 0B       		.uleb128 0xb
 1596 0138 49       		.uleb128 0x49
 1597 0139 13       		.uleb128 0x13
 1598 013a 02       		.uleb128 0x2
 1599 013b 17       		.uleb128 0x17
 1600 013c 00       		.byte	0
 1601 013d 00       		.byte	0
 1602 013e 18       		.uleb128 0x18
 1603 013f 0B       		.uleb128 0xb
 1604 0140 01       		.byte	0x1
 1605 0141 11       		.uleb128 0x11
 1606 0142 01       		.uleb128 0x1
 1607 0143 12       		.uleb128 0x12
 1608 0144 06       		.uleb128 0x6
 1609 0145 01       		.uleb128 0x1
 1610 0146 13       		.uleb128 0x13
 1611 0147 00       		.byte	0
 1612 0148 00       		.byte	0
 1613 0149 19       		.uleb128 0x19
 1614 014a 34       		.uleb128 0x34
 1615 014b 00       		.byte	0
 1616 014c 03       		.uleb128 0x3
 1617 014d 08       		.uleb128 0x8
 1618 014e 3A       		.uleb128 0x3a
 1619 014f 0B       		.uleb128 0xb
 1620 0150 3B       		.uleb128 0x3b
 1621 0151 0B       		.uleb128 0xb
 1622 0152 49       		.uleb128 0x49
 1623 0153 13       		.uleb128 0x13
 1624 0154 02       		.uleb128 0x2
 1625 0155 18       		.uleb128 0x18
 1626 0156 00       		.byte	0
 1627 0157 00       		.byte	0
 1628 0158 1A       		.uleb128 0x1a
 1629 0159 1D       		.uleb128 0x1d
 1630 015a 01       		.byte	0x1
 1631 015b 31       		.uleb128 0x31
 1632 015c 13       		.uleb128 0x13
 1633 015d 52       		.uleb128 0x52
 1634 015e 01       		.uleb128 0x1
 1635 015f 55       		.uleb128 0x55
 1636 0160 17       		.uleb128 0x17
 1637 0161 58       		.uleb128 0x58
 1638 0162 0B       		.uleb128 0xb
 1639 0163 59       		.uleb128 0x59
 1640 0164 0B       		.uleb128 0xb
 1641 0165 01       		.uleb128 0x1
 1642 0166 13       		.uleb128 0x13
 1643 0167 00       		.byte	0
 1644 0168 00       		.byte	0
ARM GAS  /tmp/ccMt9VZU.s 			page 30


 1645 0169 1B       		.uleb128 0x1b
 1646 016a 05       		.uleb128 0x5
 1647 016b 00       		.byte	0
 1648 016c 31       		.uleb128 0x31
 1649 016d 13       		.uleb128 0x13
 1650 016e 02       		.uleb128 0x2
 1651 016f 17       		.uleb128 0x17
 1652 0170 00       		.byte	0
 1653 0171 00       		.byte	0
 1654 0172 1C       		.uleb128 0x1c
 1655 0173 898201   		.uleb128 0x4109
 1656 0176 00       		.byte	0
 1657 0177 11       		.uleb128 0x11
 1658 0178 01       		.uleb128 0x1
 1659 0179 31       		.uleb128 0x31
 1660 017a 13       		.uleb128 0x13
 1661 017b 00       		.byte	0
 1662 017c 00       		.byte	0
 1663 017d 1D       		.uleb128 0x1d
 1664 017e 898201   		.uleb128 0x4109
 1665 0181 01       		.byte	0x1
 1666 0182 11       		.uleb128 0x11
 1667 0183 01       		.uleb128 0x1
 1668 0184 31       		.uleb128 0x31
 1669 0185 13       		.uleb128 0x13
 1670 0186 01       		.uleb128 0x1
 1671 0187 13       		.uleb128 0x13
 1672 0188 00       		.byte	0
 1673 0189 00       		.byte	0
 1674 018a 1E       		.uleb128 0x1e
 1675 018b 8A8201   		.uleb128 0x410a
 1676 018e 00       		.byte	0
 1677 018f 02       		.uleb128 0x2
 1678 0190 18       		.uleb128 0x18
 1679 0191 9142     		.uleb128 0x2111
 1680 0193 18       		.uleb128 0x18
 1681 0194 00       		.byte	0
 1682 0195 00       		.byte	0
 1683 0196 1F       		.uleb128 0x1f
 1684 0197 898201   		.uleb128 0x4109
 1685 019a 01       		.byte	0x1
 1686 019b 11       		.uleb128 0x11
 1687 019c 01       		.uleb128 0x1
 1688 019d 31       		.uleb128 0x31
 1689 019e 13       		.uleb128 0x13
 1690 019f 00       		.byte	0
 1691 01a0 00       		.byte	0
 1692 01a1 20       		.uleb128 0x20
 1693 01a2 0B       		.uleb128 0xb
 1694 01a3 01       		.byte	0x1
 1695 01a4 55       		.uleb128 0x55
 1696 01a5 17       		.uleb128 0x17
 1697 01a6 00       		.byte	0
 1698 01a7 00       		.byte	0
 1699 01a8 21       		.uleb128 0x21
 1700 01a9 34       		.uleb128 0x34
 1701 01aa 00       		.byte	0
ARM GAS  /tmp/ccMt9VZU.s 			page 31


 1702 01ab 31       		.uleb128 0x31
 1703 01ac 13       		.uleb128 0x13
 1704 01ad 02       		.uleb128 0x2
 1705 01ae 17       		.uleb128 0x17
 1706 01af 00       		.byte	0
 1707 01b0 00       		.byte	0
 1708 01b1 22       		.uleb128 0x22
 1709 01b2 2E       		.uleb128 0x2e
 1710 01b3 01       		.byte	0x1
 1711 01b4 3F       		.uleb128 0x3f
 1712 01b5 19       		.uleb128 0x19
 1713 01b6 03       		.uleb128 0x3
 1714 01b7 0E       		.uleb128 0xe
 1715 01b8 3A       		.uleb128 0x3a
 1716 01b9 0B       		.uleb128 0xb
 1717 01ba 3B       		.uleb128 0x3b
 1718 01bb 0B       		.uleb128 0xb
 1719 01bc 27       		.uleb128 0x27
 1720 01bd 19       		.uleb128 0x19
 1721 01be 11       		.uleb128 0x11
 1722 01bf 01       		.uleb128 0x1
 1723 01c0 12       		.uleb128 0x12
 1724 01c1 06       		.uleb128 0x6
 1725 01c2 40       		.uleb128 0x40
 1726 01c3 18       		.uleb128 0x18
 1727 01c4 9742     		.uleb128 0x2117
 1728 01c6 19       		.uleb128 0x19
 1729 01c7 01       		.uleb128 0x1
 1730 01c8 13       		.uleb128 0x13
 1731 01c9 00       		.byte	0
 1732 01ca 00       		.byte	0
 1733 01cb 23       		.uleb128 0x23
 1734 01cc 34       		.uleb128 0x34
 1735 01cd 00       		.byte	0
 1736 01ce 03       		.uleb128 0x3
 1737 01cf 0E       		.uleb128 0xe
 1738 01d0 3A       		.uleb128 0x3a
 1739 01d1 0B       		.uleb128 0xb
 1740 01d2 3B       		.uleb128 0x3b
 1741 01d3 0B       		.uleb128 0xb
 1742 01d4 49       		.uleb128 0x49
 1743 01d5 13       		.uleb128 0x13
 1744 01d6 3F       		.uleb128 0x3f
 1745 01d7 19       		.uleb128 0x19
 1746 01d8 3C       		.uleb128 0x3c
 1747 01d9 19       		.uleb128 0x19
 1748 01da 00       		.byte	0
 1749 01db 00       		.byte	0
 1750 01dc 24       		.uleb128 0x24
 1751 01dd 2E       		.uleb128 0x2e
 1752 01de 00       		.byte	0
 1753 01df 3F       		.uleb128 0x3f
 1754 01e0 19       		.uleb128 0x19
 1755 01e1 03       		.uleb128 0x3
 1756 01e2 0E       		.uleb128 0xe
 1757 01e3 3A       		.uleb128 0x3a
 1758 01e4 0B       		.uleb128 0xb
ARM GAS  /tmp/ccMt9VZU.s 			page 32


 1759 01e5 3B       		.uleb128 0x3b
 1760 01e6 0B       		.uleb128 0xb
 1761 01e7 27       		.uleb128 0x27
 1762 01e8 19       		.uleb128 0x19
 1763 01e9 3C       		.uleb128 0x3c
 1764 01ea 19       		.uleb128 0x19
 1765 01eb 00       		.byte	0
 1766 01ec 00       		.byte	0
 1767 01ed 25       		.uleb128 0x25
 1768 01ee 2E       		.uleb128 0x2e
 1769 01ef 01       		.byte	0x1
 1770 01f0 3F       		.uleb128 0x3f
 1771 01f1 19       		.uleb128 0x19
 1772 01f2 03       		.uleb128 0x3
 1773 01f3 0E       		.uleb128 0xe
 1774 01f4 3A       		.uleb128 0x3a
 1775 01f5 0B       		.uleb128 0xb
 1776 01f6 3B       		.uleb128 0x3b
 1777 01f7 0B       		.uleb128 0xb
 1778 01f8 27       		.uleb128 0x27
 1779 01f9 19       		.uleb128 0x19
 1780 01fa 3C       		.uleb128 0x3c
 1781 01fb 19       		.uleb128 0x19
 1782 01fc 01       		.uleb128 0x1
 1783 01fd 13       		.uleb128 0x13
 1784 01fe 00       		.byte	0
 1785 01ff 00       		.byte	0
 1786 0200 26       		.uleb128 0x26
 1787 0201 05       		.uleb128 0x5
 1788 0202 00       		.byte	0
 1789 0203 49       		.uleb128 0x49
 1790 0204 13       		.uleb128 0x13
 1791 0205 00       		.byte	0
 1792 0206 00       		.byte	0
 1793 0207 27       		.uleb128 0x27
 1794 0208 2E       		.uleb128 0x2e
 1795 0209 01       		.byte	0x1
 1796 020a 3F       		.uleb128 0x3f
 1797 020b 19       		.uleb128 0x19
 1798 020c 03       		.uleb128 0x3
 1799 020d 0E       		.uleb128 0xe
 1800 020e 3A       		.uleb128 0x3a
 1801 020f 0B       		.uleb128 0xb
 1802 0210 3B       		.uleb128 0x3b
 1803 0211 0B       		.uleb128 0xb
 1804 0212 27       		.uleb128 0x27
 1805 0213 19       		.uleb128 0x19
 1806 0214 49       		.uleb128 0x49
 1807 0215 13       		.uleb128 0x13
 1808 0216 3C       		.uleb128 0x3c
 1809 0217 19       		.uleb128 0x19
 1810 0218 01       		.uleb128 0x1
 1811 0219 13       		.uleb128 0x13
 1812 021a 00       		.byte	0
 1813 021b 00       		.byte	0
 1814 021c 28       		.uleb128 0x28
 1815 021d 2E       		.uleb128 0x2e
ARM GAS  /tmp/ccMt9VZU.s 			page 33


 1816 021e 01       		.byte	0x1
 1817 021f 3F       		.uleb128 0x3f
 1818 0220 19       		.uleb128 0x19
 1819 0221 03       		.uleb128 0x3
 1820 0222 0E       		.uleb128 0xe
 1821 0223 3A       		.uleb128 0x3a
 1822 0224 0B       		.uleb128 0xb
 1823 0225 3B       		.uleb128 0x3b
 1824 0226 0B       		.uleb128 0xb
 1825 0227 27       		.uleb128 0x27
 1826 0228 19       		.uleb128 0x19
 1827 0229 3C       		.uleb128 0x3c
 1828 022a 19       		.uleb128 0x19
 1829 022b 00       		.byte	0
 1830 022c 00       		.byte	0
 1831 022d 00       		.byte	0
 1832              		.section	.debug_loc,"",%progbits
 1833              	.Ldebug_loc0:
 1834              	.LLST0:
 1835 0000 00000000 		.4byte	.LVL0
 1836 0004 0C000000 		.4byte	.LVL2
 1837 0008 0100     		.2byte	0x1
 1838 000a 50       		.byte	0x50
 1839 000b 0C000000 		.4byte	.LVL2
 1840 000f 4E000000 		.4byte	.LVL11
 1841 0013 0100     		.2byte	0x1
 1842 0015 55       		.byte	0x55
 1843 0016 4E000000 		.4byte	.LVL11
 1844 001a 50000000 		.4byte	.LVL12
 1845 001e 0100     		.2byte	0x1
 1846 0020 50       		.byte	0x50
 1847 0021 50000000 		.4byte	.LVL12
 1848 0025 60000000 		.4byte	.LFE7
 1849 0029 0100     		.2byte	0x1
 1850 002b 55       		.byte	0x55
 1851 002c 00000000 		.4byte	0
 1852 0030 00000000 		.4byte	0
 1853              	.LLST1:
 1854 0034 00000000 		.4byte	.LVL0
 1855 0038 0C000000 		.4byte	.LVL2
 1856 003c 0100     		.2byte	0x1
 1857 003e 51       		.byte	0x51
 1858 003f 0C000000 		.4byte	.LVL2
 1859 0043 38000000 		.4byte	.LVL7
 1860 0047 0100     		.2byte	0x1
 1861 0049 56       		.byte	0x56
 1862 004a 38000000 		.4byte	.LVL7
 1863 004e 46000000 		.4byte	.LVL9
 1864 0052 0100     		.2byte	0x1
 1865 0054 54       		.byte	0x54
 1866 0055 46000000 		.4byte	.LVL9
 1867 0059 4E000000 		.4byte	.LVL11
 1868 005d 0100     		.2byte	0x1
 1869 005f 56       		.byte	0x56
 1870 0060 4E000000 		.4byte	.LVL11
 1871 0064 53000000 		.4byte	.LVL13-1
 1872 0068 0100     		.2byte	0x1
ARM GAS  /tmp/ccMt9VZU.s 			page 34


 1873 006a 51       		.byte	0x51
 1874 006b 53000000 		.4byte	.LVL13-1
 1875 006f 60000000 		.4byte	.LFE7
 1876 0073 0100     		.2byte	0x1
 1877 0075 56       		.byte	0x56
 1878 0076 00000000 		.4byte	0
 1879 007a 00000000 		.4byte	0
 1880              	.LLST2:
 1881 007e 0A000000 		.4byte	.LVL1
 1882 0082 38000000 		.4byte	.LVL7
 1883 0086 0100     		.2byte	0x1
 1884 0088 54       		.byte	0x54
 1885 0089 46000000 		.4byte	.LVL9
 1886 008d 60000000 		.4byte	.LFE7
 1887 0091 0100     		.2byte	0x1
 1888 0093 54       		.byte	0x54
 1889 0094 00000000 		.4byte	0
 1890 0098 00000000 		.4byte	0
 1891              	.LLST3:
 1892 009c 20000000 		.4byte	.LVL4
 1893 00a0 30000000 		.4byte	.LVL5
 1894 00a4 0100     		.2byte	0x1
 1895 00a6 52       		.byte	0x52
 1896 00a7 30000000 		.4byte	.LVL5
 1897 00ab 46000000 		.4byte	.LVL9
 1898 00af 0300     		.2byte	0x3
 1899 00b1 75       		.byte	0x75
 1900 00b2 30       		.sleb128 48
 1901 00b3 9F       		.byte	0x9f
 1902 00b4 46000000 		.4byte	.LVL9
 1903 00b8 4B000000 		.4byte	.LVL10-1
 1904 00bc 0100     		.2byte	0x1
 1905 00be 52       		.byte	0x52
 1906 00bf 4B000000 		.4byte	.LVL10-1
 1907 00c3 4E000000 		.4byte	.LVL11
 1908 00c7 0300     		.2byte	0x3
 1909 00c9 75       		.byte	0x75
 1910 00ca 30       		.sleb128 48
 1911 00cb 9F       		.byte	0x9f
 1912 00cc 00000000 		.4byte	0
 1913 00d0 00000000 		.4byte	0
 1914              	.LLST4:
 1915 00d4 20000000 		.4byte	.LVL4
 1916 00d8 38000000 		.4byte	.LVL7
 1917 00dc 0100     		.2byte	0x1
 1918 00de 54       		.byte	0x54
 1919 00df 46000000 		.4byte	.LVL9
 1920 00e3 4E000000 		.4byte	.LVL11
 1921 00e7 0100     		.2byte	0x1
 1922 00e9 54       		.byte	0x54
 1923 00ea 00000000 		.4byte	0
 1924 00ee 00000000 		.4byte	0
 1925              	.LLST5:
 1926 00f2 1A000000 		.4byte	.LVL15
 1927 00f6 29000000 		.4byte	.LVL16-1
 1928 00fa 0100     		.2byte	0x1
 1929 00fc 53       		.byte	0x53
ARM GAS  /tmp/ccMt9VZU.s 			page 35


 1930 00fd 00000000 		.4byte	0
 1931 0101 00000000 		.4byte	0
 1932              	.LLST6:
 1933 0105 1A000000 		.4byte	.LVL15
 1934 0109 34000000 		.4byte	.LVL17
 1935 010d 0100     		.2byte	0x1
 1936 010f 54       		.byte	0x54
 1937 0110 00000000 		.4byte	0
 1938 0114 00000000 		.4byte	0
 1939              	.LLST7:
 1940 0118 00000000 		.4byte	.LVL19
 1941 011c 0F000000 		.4byte	.LVL20-1
 1942 0120 0100     		.2byte	0x1
 1943 0122 50       		.byte	0x50
 1944 0123 0F000000 		.4byte	.LVL20-1
 1945 0127 32000000 		.4byte	.LVL24
 1946 012b 0100     		.2byte	0x1
 1947 012d 54       		.byte	0x54
 1948 012e 32000000 		.4byte	.LVL24
 1949 0132 38000000 		.4byte	.LFE9
 1950 0136 0400     		.2byte	0x4
 1951 0138 F3       		.byte	0xf3
 1952 0139 01       		.uleb128 0x1
 1953 013a 50       		.byte	0x50
 1954 013b 9F       		.byte	0x9f
 1955 013c 00000000 		.4byte	0
 1956 0140 00000000 		.4byte	0
 1957              	.LLST8:
 1958 0144 00000000 		.4byte	.LVL19
 1959 0148 0F000000 		.4byte	.LVL20-1
 1960 014c 0100     		.2byte	0x1
 1961 014e 51       		.byte	0x51
 1962 014f 0F000000 		.4byte	.LVL20-1
 1963 0153 32000000 		.4byte	.LVL24
 1964 0157 0100     		.2byte	0x1
 1965 0159 55       		.byte	0x55
 1966 015a 32000000 		.4byte	.LVL24
 1967 015e 38000000 		.4byte	.LFE9
 1968 0162 0400     		.2byte	0x4
 1969 0164 F3       		.byte	0xf3
 1970 0165 01       		.uleb128 0x1
 1971 0166 51       		.byte	0x51
 1972 0167 9F       		.byte	0x9f
 1973 0168 00000000 		.4byte	0
 1974 016c 00000000 		.4byte	0
 1975              		.section	.debug_aranges,"",%progbits
 1976 0000 2C000000 		.4byte	0x2c
 1977 0004 0200     		.2byte	0x2
 1978 0006 00000000 		.4byte	.Ldebug_info0
 1979 000a 04       		.byte	0x4
 1980 000b 00       		.byte	0
 1981 000c 0000     		.2byte	0
 1982 000e 0000     		.2byte	0
 1983 0010 00000000 		.4byte	.LFB7
 1984 0014 60000000 		.4byte	.LFE7-.LFB7
 1985 0018 00000000 		.4byte	.LFB8
 1986 001c 48000000 		.4byte	.LFE8-.LFB8
ARM GAS  /tmp/ccMt9VZU.s 			page 36


 1987 0020 00000000 		.4byte	.LFB9
 1988 0024 38000000 		.4byte	.LFE9-.LFB9
 1989 0028 00000000 		.4byte	0
 1990 002c 00000000 		.4byte	0
 1991              		.section	.debug_ranges,"",%progbits
 1992              	.Ldebug_ranges0:
 1993 0000 20000000 		.4byte	.LBB11
 1994 0004 22000000 		.4byte	.LBE11
 1995 0008 26000000 		.4byte	.LBB14
 1996 000c 2E000000 		.4byte	.LBE14
 1997 0010 00000000 		.4byte	0
 1998 0014 00000000 		.4byte	0
 1999 0018 1A000000 		.4byte	.LBB17
 2000 001c 1E000000 		.4byte	.LBE17
 2001 0020 20000000 		.4byte	.LBB20
 2002 0024 22000000 		.4byte	.LBE20
 2003 0028 00000000 		.4byte	0
 2004 002c 00000000 		.4byte	0
 2005 0030 00000000 		.4byte	.LFB7
 2006 0034 60000000 		.4byte	.LFE7
 2007 0038 00000000 		.4byte	.LFB8
 2008 003c 48000000 		.4byte	.LFE8
 2009 0040 00000000 		.4byte	.LFB9
 2010 0044 38000000 		.4byte	.LFE9
 2011 0048 00000000 		.4byte	0
 2012 004c 00000000 		.4byte	0
 2013              		.section	.debug_line,"",%progbits
 2014              	.Ldebug_line0:
 2015 0000 BE010000 		.section	.debug_str,"MS",%progbits,1
 2015      02003501 
 2015      00000201 
 2015      FB0E0D00 
 2015      01010101 
 2016              	.LASF42:
 2017 0000 705F6D73 		.ascii	"p_msg\000"
 2017      6700
 2018              	.LASF79:
 2019 0006 71756575 		.ascii	"queue_insert\000"
 2019      655F696E 
 2019      73657274 
 2019      00
 2020              	.LASF75:
 2021 0013 63684462 		.ascii	"chDbgPanic\000"
 2021      6750616E 
 2021      696300
 2022              	.LASF65:
 2023 001e 7264796D 		.ascii	"rdymsg\000"
 2023      736700
 2024              	.LASF16:
 2025 0025 75696E74 		.ascii	"uint64_t\000"
 2025      36345F74 
 2025      00
 2026              	.LASF5:
 2027 002e 5F5F7569 		.ascii	"__uint8_t\000"
 2027      6E74385F 
 2027      7400
 2028              	.LASF12:
ARM GAS  /tmp/ccMt9VZU.s 			page 37


 2029 0038 6C6F6E67 		.ascii	"long long unsigned int\000"
 2029      206C6F6E 
 2029      6720756E 
 2029      7369676E 
 2029      65642069 
 2030              	.LASF29:
 2031 004f 705F7072 		.ascii	"p_prio\000"
 2031      696F00
 2032              	.LASF10:
 2033 0056 6C6F6E67 		.ascii	"long long int\000"
 2033      206C6F6E 
 2033      6720696E 
 2033      7400
 2034              	.LASF1:
 2035 0064 7369676E 		.ascii	"signed char\000"
 2035      65642063 
 2035      68617200 
 2036              	.LASF46:
 2037 0070 705F6D70 		.ascii	"p_mpool\000"
 2037      6F6F6C00 
 2038              	.LASF62:
 2039 0078 6D5F7175 		.ascii	"m_queue\000"
 2039      65756500 
 2040              	.LASF21:
 2041 0080 74736C69 		.ascii	"tslices_t\000"
 2041      6365735F 
 2041      7400
 2042              	.LASF7:
 2043 008a 6C6F6E67 		.ascii	"long int\000"
 2043      20696E74 
 2043      00
 2044              	.LASF70:
 2045 0093 63684D73 		.ascii	"chMsgSend\000"
 2045      6753656E 
 2045      6400
 2046              	.LASF19:
 2047 009d 74737461 		.ascii	"tstate_t\000"
 2047      74655F74 
 2047      00
 2048              	.LASF31:
 2049 00a6 705F6E65 		.ascii	"p_newer\000"
 2049      77657200 
 2050              	.LASF66:
 2051 00ae 65786974 		.ascii	"exitcode\000"
 2051      636F6465 
 2051      00
 2052              	.LASF8:
 2053 00b7 5F5F7569 		.ascii	"__uint32_t\000"
 2053      6E743332 
 2053      5F7400
 2054              	.LASF49:
 2055 00c2 72656761 		.ascii	"regarm_t\000"
 2055      726D5F74 
 2055      00
 2056              	.LASF34:
 2057 00cb 705F7374 		.ascii	"p_stklimit\000"
 2057      6B6C696D 
ARM GAS  /tmp/ccMt9VZU.s 			page 38


 2057      697400
 2058              	.LASF0:
 2059 00d6 756E7369 		.ascii	"unsigned int\000"
 2059      676E6564 
 2059      20696E74 
 2059      00
 2060              	.LASF9:
 2061 00e3 6C6F6E67 		.ascii	"long unsigned int\000"
 2061      20756E73 
 2061      69676E65 
 2061      6420696E 
 2061      7400
 2062              	.LASF52:
 2063 00f5 636F6E74 		.ascii	"context\000"
 2063      65787400 
 2064              	.LASF4:
 2065 00fd 73686F72 		.ascii	"short unsigned int\000"
 2065      7420756E 
 2065      7369676E 
 2065      65642069 
 2065      6E7400
 2066              	.LASF23:
 2067 0110 6D73675F 		.ascii	"msg_t\000"
 2067      7400
 2068              	.LASF57:
 2069 0116 725F6E65 		.ascii	"r_newer\000"
 2069      77657200 
 2070              	.LASF18:
 2071 011e 746D6F64 		.ascii	"tmode_t\000"
 2071      655F7400 
 2072              	.LASF48:
 2073 0126 54687265 		.ascii	"ThreadsList\000"
 2073      6164734C 
 2073      69737400 
 2074              	.LASF24:
 2075 0132 6576656E 		.ascii	"eventmask_t\000"
 2075      746D6173 
 2075      6B5F7400 
 2076              	.LASF61:
 2077 013e 4D757465 		.ascii	"Mutex\000"
 2077      7800
 2078              	.LASF50:
 2079 0144 73746B61 		.ascii	"stkalign_t\000"
 2079      6C69676E 
 2079      5F7400
 2080              	.LASF53:
 2081 014f 73697A65 		.ascii	"sizetype\000"
 2081      74797065 
 2081      00
 2082              	.LASF72:
 2083 0158 6462675F 		.ascii	"dbg_check_lock\000"
 2083      63686563 
 2083      6B5F6C6F 
 2083      636B00
 2084              	.LASF32:
 2085 0167 705F6F6C 		.ascii	"p_older\000"
 2085      64657200 
ARM GAS  /tmp/ccMt9VZU.s 			page 39


 2086              	.LASF56:
 2087 016f 725F6374 		.ascii	"r_ctx\000"
 2087      7800
 2088              	.LASF47:
 2089 0175 54687265 		.ascii	"ThreadsQueue\000"
 2089      61647351 
 2089      75657565 
 2089      00
 2090              	.LASF59:
 2091 0182 725F6375 		.ascii	"r_current\000"
 2091      7272656E 
 2091      7400
 2092              	.LASF58:
 2093 018c 725F6F6C 		.ascii	"r_older\000"
 2093      64657200 
 2094              	.LASF73:
 2095 0194 6462675F 		.ascii	"dbg_check_unlock\000"
 2095      63686563 
 2095      6B5F756E 
 2095      6C6F636B 
 2095      00
 2096              	.LASF11:
 2097 01a5 5F5F7569 		.ascii	"__uint64_t\000"
 2097      6E743634 
 2097      5F7400
 2098              	.LASF20:
 2099 01b0 74726566 		.ascii	"trefs_t\000"
 2099      735F7400 
 2100              	.LASF28:
 2101 01b8 705F7072 		.ascii	"p_prev\000"
 2101      657600
 2102              	.LASF22:
 2103 01bf 74707269 		.ascii	"tprio_t\000"
 2103      6F5F7400 
 2104              	.LASF17:
 2105 01c7 5F426F6F 		.ascii	"_Bool\000"
 2105      6C00
 2106              	.LASF14:
 2107 01cd 696E7433 		.ascii	"int32_t\000"
 2107      325F7400 
 2108              	.LASF2:
 2109 01d5 756E7369 		.ascii	"unsigned char\000"
 2109      676E6564 
 2109      20636861 
 2109      7200
 2110              	.LASF44:
 2111 01e3 705F6D74 		.ascii	"p_mtxlist\000"
 2111      786C6973 
 2111      7400
 2112              	.LASF3:
 2113 01ed 73686F72 		.ascii	"short int\000"
 2113      7420696E 
 2113      7400
 2114              	.LASF35:
 2115 01f7 705F7374 		.ascii	"p_state\000"
 2115      61746500 
 2116              	.LASF38:
ARM GAS  /tmp/ccMt9VZU.s 			page 40


 2117 01ff 705F7072 		.ascii	"p_preempt\000"
 2117      65656D70 
 2117      7400
 2118              	.LASF55:
 2119 0209 725F7072 		.ascii	"r_prio\000"
 2119      696F00
 2120              	.LASF68:
 2121 0210 65776D61 		.ascii	"ewmask\000"
 2121      736B00
 2122              	.LASF27:
 2123 0217 705F6E65 		.ascii	"p_next\000"
 2123      787400
 2124              	.LASF36:
 2125 021e 705F666C 		.ascii	"p_flags\000"
 2125      61677300 
 2126              	.LASF76:
 2127 0226 474E5520 		.ascii	"GNU C 4.8.4 20140526 (release) [ARM/embedded-4_8-br"
 2127      4320342E 
 2127      382E3420 
 2127      32303134 
 2127      30353236 
 2128 0259 616E6368 		.ascii	"anch revision 211358] -mcpu=cortex-m4 -mfloat-abi=h"
 2128      20726576 
 2128      6973696F 
 2128      6E203231 
 2128      31333538 
 2129 028c 61726420 		.ascii	"ard -mfpu=fpv4-sp-d16 -mno-thumb-interwork -mthumb "
 2129      2D6D6670 
 2129      753D6670 
 2129      76342D73 
 2129      702D6431 
 2130 02bf 2D676764 		.ascii	"-ggdb -O2 -fomit-frame-pointer -falign-functions=16"
 2130      62202D4F 
 2130      32202D66 
 2130      6F6D6974 
 2130      2D667261 
 2131 02f2 202D6666 		.ascii	" -ffunction-sections -fdata-sections -fno-common -f"
 2131      756E6374 
 2131      696F6E2D 
 2131      73656374 
 2131      696F6E73 
 2132 0325 73696E67 		.ascii	"single-precision-constant\000"
 2132      6C652D70 
 2132      72656369 
 2132      73696F6E 
 2132      2D636F6E 
 2133              	.LASF26:
 2134 033f 54687265 		.ascii	"Thread\000"
 2134      616400
 2135              	.LASF81:
 2136 0346 63684D73 		.ascii	"chMsgRelease\000"
 2136      6752656C 
 2136      65617365 
 2136      00
 2137              	.LASF74:
 2138 0353 63685363 		.ascii	"chSchGoSleepS\000"
 2138      68476F53 
ARM GAS  /tmp/ccMt9VZU.s 			page 41


 2138      6C656570 
 2138      5300
 2139              	.LASF43:
 2140 0361 705F6570 		.ascii	"p_epending\000"
 2140      656E6469 
 2140      6E6700
 2141              	.LASF15:
 2142 036c 75696E74 		.ascii	"uint32_t\000"
 2142      33325F74 
 2142      00
 2143              	.LASF54:
 2144 0375 725F7175 		.ascii	"r_queue\000"
 2144      65756500 
 2145              	.LASF69:
 2146 037d 63686172 		.ascii	"char\000"
 2146      00
 2147              	.LASF80:
 2148 0382 6669666F 		.ascii	"fifo_remove\000"
 2148      5F72656D 
 2148      6F766500 
 2149              	.LASF83:
 2150 038e 63685363 		.ascii	"chSchReadyI\000"
 2150      68526561 
 2150      64794900 
 2151              	.LASF64:
 2152 039a 6D5F6E65 		.ascii	"m_next\000"
 2152      787400
 2153              	.LASF25:
 2154 03a1 73797374 		.ascii	"systime_t\000"
 2154      696D655F 
 2154      7400
 2155              	.LASF45:
 2156 03ab 705F7265 		.ascii	"p_realprio\000"
 2156      616C7072 
 2156      696F00
 2157              	.LASF6:
 2158 03b6 5F5F696E 		.ascii	"__int32_t\000"
 2158      7433325F 
 2158      7400
 2159              	.LASF39:
 2160 03c0 705F7469 		.ascii	"p_time\000"
 2160      6D6500
 2161              	.LASF78:
 2162 03c7 2F686F6D 		.ascii	"/home/makkmarci/devel/ChibiOS_2.6.5/projects/STM32F"
 2162      652F6D61 
 2162      6B6B6D61 
 2162      7263692F 
 2162      64657665 
 2163 03fa 345F4368 		.ascii	"4_ChibiOS_uGFX/\000"
 2163      6962694F 
 2163      535F7547 
 2163      46582F00 
 2164              	.LASF51:
 2165 040a 696E7463 		.ascii	"intctx\000"
 2165      747800
 2166              	.LASF41:
 2167 0411 705F6D73 		.ascii	"p_msgqueue\000"
ARM GAS  /tmp/ccMt9VZU.s 			page 42


 2167      67717565 
 2167      756500
 2168              	.LASF84:
 2169 041c 63685363 		.ascii	"chSchWakeupS\000"
 2169      6857616B 
 2169      65757053 
 2169      00
 2170              	.LASF71:
 2171 0429 63684D73 		.ascii	"chMsgWait\000"
 2171      67576169 
 2171      7400
 2172              	.LASF37:
 2173 0433 705F7265 		.ascii	"p_refs\000"
 2173      667300
 2174              	.LASF60:
 2175 043a 52656164 		.ascii	"ReadyList\000"
 2175      794C6973 
 2175      7400
 2176              	.LASF82:
 2177 0444 726C6973 		.ascii	"rlist\000"
 2177      7400
 2178              	.LASF13:
 2179 044a 75696E74 		.ascii	"uint8_t\000"
 2179      385F7400 
 2180              	.LASF67:
 2181 0452 77746F62 		.ascii	"wtobjp\000"
 2181      6A7000
 2182              	.LASF33:
 2183 0459 705F6E61 		.ascii	"p_name\000"
 2183      6D6500
 2184              	.LASF77:
 2185 0460 2E2E2F2E 		.ascii	"../../os/kernel/src/chmsg.c\000"
 2185      2E2F6F73 
 2185      2F6B6572 
 2185      6E656C2F 
 2185      7372632F 
 2186              	.LASF63:
 2187 047c 6D5F6F77 		.ascii	"m_owner\000"
 2187      6E657200 
 2188              	.LASF30:
 2189 0484 705F6374 		.ascii	"p_ctx\000"
 2189      7800
 2190              	.LASF40:
 2191 048a 705F7761 		.ascii	"p_waiting\000"
 2191      6974696E 
 2191      6700
 2192              		.ident	"GCC: (GNU Tools for ARM Embedded Processors) 4.8.4 20140526 (release) [ARM/embedded-4_8-br
ARM GAS  /tmp/ccMt9VZU.s 			page 43


DEFINED SYMBOLS
                            *ABS*:00000000 chmsg.c
     /tmp/ccMt9VZU.s:21     .text.chMsgSend:00000000 $t
     /tmp/ccMt9VZU.s:27     .text.chMsgSend:00000000 chMsgSend
     /tmp/ccMt9VZU.s:134    .text.chMsgSend:00000058 $d
     /tmp/ccMt9VZU.s:140    .text.chMsgWait:00000000 $t
     /tmp/ccMt9VZU.s:146    .text.chMsgWait:00000000 chMsgWait
     /tmp/ccMt9VZU.s:222    .text.chMsgWait:00000044 $d
     /tmp/ccMt9VZU.s:227    .text.chMsgRelease:00000000 $t
     /tmp/ccMt9VZU.s:233    .text.chMsgRelease:00000000 chMsgRelease
     /tmp/ccMt9VZU.s:287    .text.chMsgRelease:00000034 $d
     /tmp/ccMt9VZU.s:293    .rodata.str1.4:00000000 $d
                     .debug_frame:00000010 $d
     /tmp/ccMt9VZU.s:226    .text.chMsgWait:00000048 $t
     /tmp/ccMt9VZU.s:292    .text.chMsgRelease:00000038 $t

UNDEFINED SYMBOLS
dbg_check_lock
chSchGoSleepS
dbg_check_unlock
chSchReadyI
chDbgPanic
rlist
chSchWakeupS
