ARM GAS  /tmp/ccSc3bGh.s 			page 1


   1              		.syntax unified
   2              		.cpu cortex-m4
   3              		.eabi_attribute 27, 1
   4              		.eabi_attribute 28, 1
   5              		.fpu fpv4-sp-d16
   6              		.eabi_attribute 20, 1
   7              		.eabi_attribute 21, 1
   8              		.eabi_attribute 23, 3
   9              		.eabi_attribute 24, 1
  10              		.eabi_attribute 25, 1
  11              		.eabi_attribute 26, 1
  12              		.eabi_attribute 30, 6
  13              		.eabi_attribute 34, 1
  14              		.eabi_attribute 18, 4
  15              		.thumb
  16              		.file	"chprintf.c"
  17              		.text
  18              	.Ltext0:
  19              		.cfi_sections	.debug_frame
  20              		.section	.text.long_to_string_with_divisor,"ax",%progbits
  21              		.align	2
  22              		.p2align 4,,15
  23              		.thumb
  24              		.thumb_func
  25              		.type	long_to_string_with_divisor, %function
  26              	long_to_string_with_divisor:
  27              	.LFB1:
  28              		.file 1 "/home/makkmarci/workspace/ChibiOS_2.6.8/os/various/chprintf.c"
  29              		.loc 1 40 0
  30              		.cfi_startproc
  31              		@ args = 0, pretend = 0, frame = 32
  32              		@ frame_needed = 0, uses_anonymous_args = 0
  33              		@ link register save eliminated.
  34 0000 88B0     		sub	sp, sp, #32
  35              		.cfi_def_cfa_offset 32
  36 0002 0390     		str	r0, [sp, #12]
  37 0004 0291     		str	r1, [sp, #8]
  38 0006 0192     		str	r2, [sp, #4]
  39 0008 0093     		str	r3, [sp]
  40              		.loc 1 45 0
  41 000a 029B     		ldr	r3, [sp, #8]
  42 000c 0593     		str	r3, [sp, #20]
  43              		.loc 1 46 0
  44 000e 009B     		ldr	r3, [sp]
  45 0010 002B     		cmp	r3, #0
  46 0012 02D1     		bne	.L2
  47              		.loc 1 47 0
  48 0014 029B     		ldr	r3, [sp, #8]
  49 0016 0493     		str	r3, [sp, #16]
  50 0018 01E0     		b	.L3
  51              	.L2:
  52              		.loc 1 49 0
  53 001a 009B     		ldr	r3, [sp]
  54 001c 0493     		str	r3, [sp, #16]
  55              	.L3:
  56              		.loc 1 52 0
  57 001e 039B     		ldr	r3, [sp, #12]
ARM GAS  /tmp/ccSc3bGh.s 			page 2


  58 0020 0B33     		adds	r3, r3, #11
  59 0022 0693     		str	r3, [sp, #24]
  60              	.L5:
  61              		.loc 1 54 0
  62 0024 059B     		ldr	r3, [sp, #20]
  63 0026 019A     		ldr	r2, [sp, #4]
  64 0028 B3FBF2F2 		udiv	r2, r3, r2
  65 002c 0199     		ldr	r1, [sp, #4]
  66 002e 01FB02F2 		mul	r2, r1, r2
  67 0032 9B1A     		subs	r3, r3, r2
  68 0034 0793     		str	r3, [sp, #28]
  69              		.loc 1 55 0
  70 0036 079B     		ldr	r3, [sp, #28]
  71 0038 3033     		adds	r3, r3, #48
  72 003a 0793     		str	r3, [sp, #28]
  73              		.loc 1 56 0
  74 003c 079B     		ldr	r3, [sp, #28]
  75 003e 392B     		cmp	r3, #57
  76 0040 02DD     		ble	.L4
  77              		.loc 1 57 0
  78 0042 079B     		ldr	r3, [sp, #28]
  79 0044 0733     		adds	r3, r3, #7
  80 0046 0793     		str	r3, [sp, #28]
  81              	.L4:
  82              		.loc 1 58 0
  83 0048 069B     		ldr	r3, [sp, #24]
  84 004a 013B     		subs	r3, r3, #1
  85 004c 0693     		str	r3, [sp, #24]
  86 004e 079B     		ldr	r3, [sp, #28]
  87 0050 DAB2     		uxtb	r2, r3
  88 0052 069B     		ldr	r3, [sp, #24]
  89 0054 1A70     		strb	r2, [r3]
  90              		.loc 1 59 0
  91 0056 059A     		ldr	r2, [sp, #20]
  92 0058 019B     		ldr	r3, [sp, #4]
  93 005a B2FBF3F3 		udiv	r3, r2, r3
  94 005e 0593     		str	r3, [sp, #20]
  95              		.loc 1 60 0
  96 0060 049A     		ldr	r2, [sp, #16]
  97 0062 019B     		ldr	r3, [sp, #4]
  98 0064 B2FBF3F3 		udiv	r3, r2, r3
  99 0068 0493     		str	r3, [sp, #16]
 100 006a 049B     		ldr	r3, [sp, #16]
 101 006c 002B     		cmp	r3, #0
 102 006e D9D1     		bne	.L5
 103              		.loc 1 62 0
 104 0070 039B     		ldr	r3, [sp, #12]
 105 0072 0B33     		adds	r3, r3, #11
 106 0074 1A46     		mov	r2, r3
 107 0076 069B     		ldr	r3, [sp, #24]
 108 0078 D31A     		subs	r3, r2, r3
 109 007a 0793     		str	r3, [sp, #28]
 110              	.L6:
 111              		.loc 1 64 0 discriminator 1
 112 007c 039B     		ldr	r3, [sp, #12]
 113 007e 5A1C     		adds	r2, r3, #1
 114 0080 0392     		str	r2, [sp, #12]
ARM GAS  /tmp/ccSc3bGh.s 			page 3


 115 0082 069A     		ldr	r2, [sp, #24]
 116 0084 511C     		adds	r1, r2, #1
 117 0086 0691     		str	r1, [sp, #24]
 118 0088 1278     		ldrb	r2, [r2]	@ zero_extendqisi2
 119 008a 1A70     		strb	r2, [r3]
 120              		.loc 1 65 0 discriminator 1
 121 008c 079B     		ldr	r3, [sp, #28]
 122 008e 013B     		subs	r3, r3, #1
 123 0090 0793     		str	r3, [sp, #28]
 124 0092 079B     		ldr	r3, [sp, #28]
 125 0094 002B     		cmp	r3, #0
 126 0096 F1D1     		bne	.L6
 127              		.loc 1 67 0
 128 0098 039B     		ldr	r3, [sp, #12]
 129              		.loc 1 68 0
 130 009a 1846     		mov	r0, r3
 131 009c 08B0     		add	sp, sp, #32
 132              		.cfi_def_cfa_offset 0
 133              		@ sp needed
 134 009e 7047     		bx	lr
 135              		.cfi_endproc
 136              	.LFE1:
 137              		.size	long_to_string_with_divisor, .-long_to_string_with_divisor
 138              		.section	.text.ltoa,"ax",%progbits
 139              		.align	2
 140              		.p2align 4,,15
 141              		.thumb
 142              		.thumb_func
 143              		.type	ltoa, %function
 144              	ltoa:
 145              	.LFB2:
 146              		.loc 1 70 0
 147              		.cfi_startproc
 148              		@ args = 0, pretend = 0, frame = 16
 149              		@ frame_needed = 0, uses_anonymous_args = 0
 150 0000 00B5     		push	{lr}
 151              		.cfi_def_cfa_offset 4
 152              		.cfi_offset 14, -4
 153 0002 85B0     		sub	sp, sp, #20
 154              		.cfi_def_cfa_offset 24
 155 0004 0390     		str	r0, [sp, #12]
 156 0006 0291     		str	r1, [sp, #8]
 157 0008 0192     		str	r2, [sp, #4]
 158              		.loc 1 72 0
 159 000a 0398     		ldr	r0, [sp, #12]
 160 000c 0299     		ldr	r1, [sp, #8]
 161 000e 019A     		ldr	r2, [sp, #4]
 162 0010 0023     		movs	r3, #0
 163 0012 FFF7FEFF 		bl	long_to_string_with_divisor
 164 0016 0346     		mov	r3, r0
 165              		.loc 1 73 0
 166 0018 1846     		mov	r0, r3
 167 001a 05B0     		add	sp, sp, #20
 168              		.cfi_def_cfa_offset 4
 169              		@ sp needed
 170 001c 5DF804FB 		ldr	pc, [sp], #4
 171              		.cfi_endproc
ARM GAS  /tmp/ccSc3bGh.s 			page 4


 172              	.LFE2:
 173              		.size	ltoa, .-ltoa
 174              		.section	.rodata
 175              		.align	2
 176              	.LC0:
 177 0000 286E756C 		.ascii	"(null)\000"
 177      6C2900
 178 0007 00       		.section	.text.chvprintf,"ax",%progbits
 179              		.align	2
 180              		.p2align 4,,15
 181              		.global	chvprintf
 182              		.thumb
 183              		.thumb_func
 184              		.type	chvprintf, %function
 185              	chvprintf:
 186              	.LFB3:
 187              		.loc 1 112 0
 188              		.cfi_startproc
 189              		@ args = 0, pretend = 0, frame = 64
 190              		@ frame_needed = 0, uses_anonymous_args = 0
 191 0000 00B5     		push	{lr}
 192              		.cfi_def_cfa_offset 4
 193              		.cfi_offset 14, -4
 194 0002 91B0     		sub	sp, sp, #68
 195              		.cfi_def_cfa_offset 72
 196 0004 0390     		str	r0, [sp, #12]
 197 0006 0291     		str	r1, [sp, #8]
 198 0008 0192     		str	r2, [sp, #4]
 199              	.L62:
 200              		.loc 1 125 0
 201 000a 029B     		ldr	r3, [sp, #8]
 202 000c 5A1C     		adds	r2, r3, #1
 203 000e 0292     		str	r2, [sp, #8]
 204 0010 1B78     		ldrb	r3, [r3]
 205 0012 8DF83730 		strb	r3, [sp, #55]
 206              		.loc 1 126 0
 207 0016 9DF83730 		ldrb	r3, [sp, #55]	@ zero_extendqisi2
 208 001a 002B     		cmp	r3, #0
 209 001c 00D1     		bne	.L11
 210              		.loc 1 127 0
 211 001e 05E2     		b	.L64
 212              	.L11:
 213              		.loc 1 128 0
 214 0020 9DF83730 		ldrb	r3, [sp, #55]	@ zero_extendqisi2
 215 0024 252B     		cmp	r3, #37
 216 0026 08D0     		beq	.L13
 217              		.loc 1 129 0
 218 0028 039B     		ldr	r3, [sp, #12]
 219 002a 1B68     		ldr	r3, [r3]
 220 002c 9B68     		ldr	r3, [r3, #8]
 221 002e 9DF83720 		ldrb	r2, [sp, #55]	@ zero_extendqisi2
 222 0032 0398     		ldr	r0, [sp, #12]
 223 0034 1146     		mov	r1, r2
 224 0036 9847     		blx	r3
 225              		.loc 1 130 0
 226 0038 F7E1     		b	.L14
 227              	.L13:
ARM GAS  /tmp/ccSc3bGh.s 			page 5


 228              		.loc 1 132 0
 229 003a 05AB     		add	r3, sp, #20
 230 003c 0F93     		str	r3, [sp, #60]
 231              		.loc 1 133 0
 232 003e 05AB     		add	r3, sp, #20
 233 0040 0E93     		str	r3, [sp, #56]
 234              		.loc 1 134 0
 235 0042 0023     		movs	r3, #0
 236 0044 8DF82630 		strb	r3, [sp, #38]
 237              		.loc 1 135 0
 238 0048 029B     		ldr	r3, [sp, #8]
 239 004a 1B78     		ldrb	r3, [r3]	@ zero_extendqisi2
 240 004c 2D2B     		cmp	r3, #45
 241 004e 05D1     		bne	.L15
 242              		.loc 1 136 0
 243 0050 029B     		ldr	r3, [sp, #8]
 244 0052 0133     		adds	r3, r3, #1
 245 0054 0293     		str	r3, [sp, #8]
 246              		.loc 1 137 0
 247 0056 0123     		movs	r3, #1
 248 0058 8DF82630 		strb	r3, [sp, #38]
 249              	.L15:
 250              		.loc 1 139 0
 251 005c 2023     		movs	r3, #32
 252 005e 8DF83630 		strb	r3, [sp, #54]
 253              		.loc 1 140 0
 254 0062 029B     		ldr	r3, [sp, #8]
 255 0064 1B78     		ldrb	r3, [r3]	@ zero_extendqisi2
 256 0066 2E2B     		cmp	r3, #46
 257 0068 03D0     		beq	.L16
 258              		.loc 1 140 0 is_stmt 0 discriminator 1
 259 006a 029B     		ldr	r3, [sp, #8]
 260 006c 1B78     		ldrb	r3, [r3]	@ zero_extendqisi2
 261 006e 302B     		cmp	r3, #48
 262 0070 05D1     		bne	.L17
 263              	.L16:
 264              		.loc 1 141 0 is_stmt 1
 265 0072 029B     		ldr	r3, [sp, #8]
 266 0074 0133     		adds	r3, r3, #1
 267 0076 0293     		str	r3, [sp, #8]
 268              		.loc 1 142 0
 269 0078 3023     		movs	r3, #48
 270 007a 8DF83630 		strb	r3, [sp, #54]
 271              	.L17:
 272              		.loc 1 144 0
 273 007e 0023     		movs	r3, #0
 274 0080 0A93     		str	r3, [sp, #40]
 275              	.L22:
 276              		.loc 1 146 0
 277 0082 029B     		ldr	r3, [sp, #8]
 278 0084 5A1C     		adds	r2, r3, #1
 279 0086 0292     		str	r2, [sp, #8]
 280 0088 1B78     		ldrb	r3, [r3]
 281 008a 8DF83730 		strb	r3, [sp, #55]
 282              		.loc 1 147 0
 283 008e 9DF83730 		ldrb	r3, [sp, #55]	@ zero_extendqisi2
 284 0092 2F2B     		cmp	r3, #47
ARM GAS  /tmp/ccSc3bGh.s 			page 6


 285 0094 09D9     		bls	.L18
 286              		.loc 1 147 0 is_stmt 0 discriminator 1
 287 0096 9DF83730 		ldrb	r3, [sp, #55]	@ zero_extendqisi2
 288 009a 392B     		cmp	r3, #57
 289 009c 05D8     		bhi	.L18
 290              		.loc 1 148 0 is_stmt 1
 291 009e 9DF83730 		ldrb	r3, [sp, #55]
 292 00a2 303B     		subs	r3, r3, #48
 293 00a4 8DF83730 		strb	r3, [sp, #55]
 294 00a8 12E0     		b	.L19
 295              	.L18:
 296              		.loc 1 149 0
 297 00aa 9DF83730 		ldrb	r3, [sp, #55]	@ zero_extendqisi2
 298 00ae 2A2B     		cmp	r3, #42
 299 00b0 06D1     		bne	.L20
 300              		.loc 1 150 0
 301 00b2 019B     		ldr	r3, [sp, #4]
 302 00b4 1A1D     		adds	r2, r3, #4
 303 00b6 0192     		str	r2, [sp, #4]
 304 00b8 1B68     		ldr	r3, [r3]
 305 00ba 8DF83730 		strb	r3, [sp, #55]
 306 00be 07E0     		b	.L19
 307              	.L20:
 308              		.loc 1 152 0
 309 00c0 00BF     		nop
 310              		.loc 1 155 0
 311 00c2 0023     		movs	r3, #0
 312 00c4 0B93     		str	r3, [sp, #44]
 313              		.loc 1 156 0
 314 00c6 9DF83730 		ldrb	r3, [sp, #55]	@ zero_extendqisi2
 315 00ca 2E2B     		cmp	r3, #46
 316 00cc 37D1     		bne	.L23
 317 00ce 0AE0     		b	.L27
 318              	.L19:
 319              		.loc 1 153 0
 320 00d0 0A9A     		ldr	r2, [sp, #40]
 321 00d2 1346     		mov	r3, r2
 322 00d4 9B00     		lsls	r3, r3, #2
 323 00d6 1344     		add	r3, r3, r2
 324 00d8 5B00     		lsls	r3, r3, #1
 325 00da 1A46     		mov	r2, r3
 326 00dc 9DF83730 		ldrb	r3, [sp, #55]	@ zero_extendqisi2
 327 00e0 1344     		add	r3, r3, r2
 328 00e2 0A93     		str	r3, [sp, #40]
 329              		.loc 1 154 0
 330 00e4 CDE7     		b	.L22
 331              	.L27:
 332              		.loc 1 158 0
 333 00e6 029B     		ldr	r3, [sp, #8]
 334 00e8 5A1C     		adds	r2, r3, #1
 335 00ea 0292     		str	r2, [sp, #8]
 336 00ec 1B78     		ldrb	r3, [r3]
 337 00ee 8DF83730 		strb	r3, [sp, #55]
 338              		.loc 1 159 0
 339 00f2 9DF83730 		ldrb	r3, [sp, #55]	@ zero_extendqisi2
 340 00f6 2F2B     		cmp	r3, #47
 341 00f8 09D9     		bls	.L24
ARM GAS  /tmp/ccSc3bGh.s 			page 7


 342              		.loc 1 159 0 is_stmt 0 discriminator 1
 343 00fa 9DF83730 		ldrb	r3, [sp, #55]	@ zero_extendqisi2
 344 00fe 392B     		cmp	r3, #57
 345 0100 05D8     		bhi	.L24
 346              		.loc 1 160 0 is_stmt 1
 347 0102 9DF83730 		ldrb	r3, [sp, #55]
 348 0106 303B     		subs	r3, r3, #48
 349 0108 8DF83730 		strb	r3, [sp, #55]
 350 010c 0BE0     		b	.L25
 351              	.L24:
 352              		.loc 1 161 0
 353 010e 9DF83730 		ldrb	r3, [sp, #55]	@ zero_extendqisi2
 354 0112 2A2B     		cmp	r3, #42
 355 0114 06D1     		bne	.L26
 356              		.loc 1 162 0
 357 0116 019B     		ldr	r3, [sp, #4]
 358 0118 1A1D     		adds	r2, r3, #4
 359 011a 0192     		str	r2, [sp, #4]
 360 011c 1B68     		ldr	r3, [r3]
 361 011e 8DF83730 		strb	r3, [sp, #55]
 362 0122 00E0     		b	.L25
 363              	.L26:
 364              		.loc 1 164 0
 365 0124 0BE0     		b	.L23
 366              	.L25:
 367              		.loc 1 165 0
 368 0126 0B9A     		ldr	r2, [sp, #44]
 369 0128 1346     		mov	r3, r2
 370 012a 9B00     		lsls	r3, r3, #2
 371 012c 1344     		add	r3, r3, r2
 372 012e 5B00     		lsls	r3, r3, #1
 373 0130 0B93     		str	r3, [sp, #44]
 374              		.loc 1 166 0
 375 0132 9DF83730 		ldrb	r3, [sp, #55]	@ zero_extendqisi2
 376 0136 0B9A     		ldr	r2, [sp, #44]
 377 0138 1344     		add	r3, r3, r2
 378 013a 0B93     		str	r3, [sp, #44]
 379              		.loc 1 167 0
 380 013c D3E7     		b	.L27
 381              	.L23:
 382              		.loc 1 170 0
 383 013e 9DF83730 		ldrb	r3, [sp, #55]	@ zero_extendqisi2
 384 0142 6C2B     		cmp	r3, #108
 385 0144 03D0     		beq	.L28
 386              		.loc 1 170 0 is_stmt 0 discriminator 1
 387 0146 9DF83730 		ldrb	r3, [sp, #55]	@ zero_extendqisi2
 388 014a 4C2B     		cmp	r3, #76
 389 014c 0ED1     		bne	.L29
 390              	.L28:
 391              		.loc 1 171 0 is_stmt 1
 392 014e 0123     		movs	r3, #1
 393 0150 8DF82730 		strb	r3, [sp, #39]
 394              		.loc 1 172 0
 395 0154 029B     		ldr	r3, [sp, #8]
 396 0156 1B78     		ldrb	r3, [r3]	@ zero_extendqisi2
 397 0158 002B     		cmp	r3, #0
 398 015a 06D0     		beq	.L30
ARM GAS  /tmp/ccSc3bGh.s 			page 8


 399              		.loc 1 173 0
 400 015c 029B     		ldr	r3, [sp, #8]
 401 015e 5A1C     		adds	r2, r3, #1
 402 0160 0292     		str	r2, [sp, #8]
 403 0162 1B78     		ldrb	r3, [r3]
 404 0164 8DF83730 		strb	r3, [sp, #55]
 405              		.loc 1 172 0
 406 0168 13E0     		b	.L31
 407              	.L30:
 408 016a 12E0     		b	.L31
 409              	.L29:
 410              		.loc 1 176 0
 411 016c 9DF83730 		ldrb	r3, [sp, #55]	@ zero_extendqisi2
 412 0170 402B     		cmp	r3, #64
 413 0172 05D9     		bls	.L32
 414              		.loc 1 176 0 is_stmt 0 discriminator 1
 415 0174 9DF83730 		ldrb	r3, [sp, #55]	@ zero_extendqisi2
 416 0178 5A2B     		cmp	r3, #90
 417 017a 01D8     		bhi	.L32
 418              		.loc 1 176 0 discriminator 3
 419 017c 0123     		movs	r3, #1
 420 017e 00E0     		b	.L33
 421              	.L32:
 422              		.loc 1 176 0 discriminator 4
 423 0180 0023     		movs	r3, #0
 424              	.L33:
 425              		.loc 1 176 0 discriminator 6
 426 0182 8DF82730 		strb	r3, [sp, #39]
 427 0186 9DF82730 		ldrb	r3, [sp, #39]
 428 018a 03F00103 		and	r3, r3, #1
 429 018e 8DF82730 		strb	r3, [sp, #39]
 430              	.L31:
 431              		.loc 1 179 0 is_stmt 1
 432 0192 9DF83730 		ldrb	r3, [sp, #55]	@ zero_extendqisi2
 433 0196 443B     		subs	r3, r3, #68
 434 0198 342B     		cmp	r3, #52
 435 019a 00F2E280 		bhi	.L34
 436 019e 01A2     		adr	r2, .L36
 437 01a0 52F823F0 		ldr	pc, [r2, r3, lsl #2]
 438              		.p2align 2
 439              	.L36:
 440 01a4 DB020000 		.word	.L35+1
 441 01a8 63030000 		.word	.L34+1
 442 01ac 63030000 		.word	.L34+1
 443 01b0 63030000 		.word	.L34+1
 444 01b4 63030000 		.word	.L34+1
 445 01b8 DB020000 		.word	.L35+1
 446 01bc 63030000 		.word	.L34+1
 447 01c0 63030000 		.word	.L34+1
 448 01c4 63030000 		.word	.L34+1
 449 01c8 63030000 		.word	.L34+1
 450 01cc 63030000 		.word	.L34+1
 451 01d0 2D030000 		.word	.L37+1
 452 01d4 63030000 		.word	.L34+1
 453 01d8 63030000 		.word	.L34+1
 454 01dc 63030000 		.word	.L34+1
 455 01e0 63030000 		.word	.L34+1
ARM GAS  /tmp/ccSc3bGh.s 			page 9


 456 01e4 63030000 		.word	.L34+1
 457 01e8 25030000 		.word	.L38+1
 458 01ec 63030000 		.word	.L34+1
 459 01f0 63030000 		.word	.L34+1
 460 01f4 1D030000 		.word	.L39+1
 461 01f8 63030000 		.word	.L34+1
 462 01fc 63030000 		.word	.L34+1
 463 0200 63030000 		.word	.L34+1
 464 0204 63030000 		.word	.L34+1
 465 0208 63030000 		.word	.L34+1
 466 020c 63030000 		.word	.L34+1
 467 0210 63030000 		.word	.L34+1
 468 0214 63030000 		.word	.L34+1
 469 0218 63030000 		.word	.L34+1
 470 021c 63030000 		.word	.L34+1
 471 0220 79020000 		.word	.L40+1
 472 0224 DB020000 		.word	.L35+1
 473 0228 63030000 		.word	.L34+1
 474 022c 63030000 		.word	.L34+1
 475 0230 63030000 		.word	.L34+1
 476 0234 63030000 		.word	.L34+1
 477 0238 DB020000 		.word	.L35+1
 478 023c 63030000 		.word	.L34+1
 479 0240 63030000 		.word	.L34+1
 480 0244 63030000 		.word	.L34+1
 481 0248 63030000 		.word	.L34+1
 482 024c 63030000 		.word	.L34+1
 483 0250 2D030000 		.word	.L37+1
 484 0254 63030000 		.word	.L34+1
 485 0258 63030000 		.word	.L34+1
 486 025c 63030000 		.word	.L34+1
 487 0260 93020000 		.word	.L41+1
 488 0264 63030000 		.word	.L34+1
 489 0268 25030000 		.word	.L38+1
 490 026c 63030000 		.word	.L34+1
 491 0270 63030000 		.word	.L34+1
 492 0274 1D030000 		.word	.L39+1
 493              		.p2align 1
 494              	.L40:
 495              		.loc 1 181 0
 496 0278 2023     		movs	r3, #32
 497 027a 8DF83630 		strb	r3, [sp, #54]
 498              		.loc 1 182 0
 499 027e 0F9B     		ldr	r3, [sp, #60]
 500 0280 5A1C     		adds	r2, r3, #1
 501 0282 0F92     		str	r2, [sp, #60]
 502 0284 019A     		ldr	r2, [sp, #4]
 503 0286 111D     		adds	r1, r2, #4
 504 0288 0191     		str	r1, [sp, #4]
 505 028a 1268     		ldr	r2, [r2]
 506 028c D2B2     		uxtb	r2, r2
 507 028e 1A70     		strb	r2, [r3]
 508              		.loc 1 183 0
 509 0290 6EE0     		b	.L42
 510              	.L41:
 511              		.loc 1 185 0
 512 0292 2023     		movs	r3, #32
ARM GAS  /tmp/ccSc3bGh.s 			page 10


 513 0294 8DF83630 		strb	r3, [sp, #54]
 514              		.loc 1 186 0
 515 0298 019B     		ldr	r3, [sp, #4]
 516 029a 1A1D     		adds	r2, r3, #4
 517 029c 0192     		str	r2, [sp, #4]
 518 029e 1B68     		ldr	r3, [r3]
 519 02a0 0E93     		str	r3, [sp, #56]
 520 02a2 0E9B     		ldr	r3, [sp, #56]
 521 02a4 002B     		cmp	r3, #0
 522 02a6 01D1     		bne	.L43
 523              		.loc 1 187 0
 524 02a8 624B     		ldr	r3, .L65
 525 02aa 0E93     		str	r3, [sp, #56]
 526              	.L43:
 527              		.loc 1 188 0
 528 02ac 0B9B     		ldr	r3, [sp, #44]
 529 02ae 002B     		cmp	r3, #0
 530 02b0 02D1     		bne	.L44
 531              		.loc 1 189 0
 532 02b2 47F6FF73 		movw	r3, #32767
 533 02b6 0B93     		str	r3, [sp, #44]
 534              	.L44:
 535              		.loc 1 190 0
 536 02b8 0E9B     		ldr	r3, [sp, #56]
 537 02ba 0F93     		str	r3, [sp, #60]
 538 02bc 02E0     		b	.L45
 539              	.L47:
 540              		.loc 1 190 0 is_stmt 0 discriminator 4
 541 02be 0F9B     		ldr	r3, [sp, #60]
 542 02c0 0133     		adds	r3, r3, #1
 543 02c2 0F93     		str	r3, [sp, #60]
 544              	.L45:
 545              		.loc 1 190 0 discriminator 1
 546 02c4 0F9B     		ldr	r3, [sp, #60]
 547 02c6 1B78     		ldrb	r3, [r3]	@ zero_extendqisi2
 548 02c8 002B     		cmp	r3, #0
 549 02ca 05D0     		beq	.L46
 550              		.loc 1 190 0 discriminator 3
 551 02cc 0B9B     		ldr	r3, [sp, #44]
 552 02ce 013B     		subs	r3, r3, #1
 553 02d0 0B93     		str	r3, [sp, #44]
 554 02d2 0B9B     		ldr	r3, [sp, #44]
 555 02d4 002B     		cmp	r3, #0
 556 02d6 F2DA     		bge	.L47
 557              	.L46:
 558              		.loc 1 192 0 is_stmt 1
 559 02d8 4AE0     		b	.L42
 560              	.L35:
 561              		.loc 1 197 0
 562 02da 9DF82730 		ldrb	r3, [sp, #39]	@ zero_extendqisi2
 563 02de 002B     		cmp	r3, #0
 564 02e0 05D0     		beq	.L48
 565              		.loc 1 198 0
 566 02e2 019B     		ldr	r3, [sp, #4]
 567 02e4 1A1D     		adds	r2, r3, #4
 568 02e6 0192     		str	r2, [sp, #4]
 569 02e8 1B68     		ldr	r3, [r3]
ARM GAS  /tmp/ccSc3bGh.s 			page 11


 570 02ea 0893     		str	r3, [sp, #32]
 571 02ec 04E0     		b	.L49
 572              	.L48:
 573              		.loc 1 200 0
 574 02ee 019B     		ldr	r3, [sp, #4]
 575 02f0 1A1D     		adds	r2, r3, #4
 576 02f2 0192     		str	r2, [sp, #4]
 577 02f4 1B68     		ldr	r3, [r3]
 578 02f6 0893     		str	r3, [sp, #32]
 579              	.L49:
 580              		.loc 1 201 0
 581 02f8 089B     		ldr	r3, [sp, #32]
 582 02fa 002B     		cmp	r3, #0
 583 02fc 07DA     		bge	.L50
 584              		.loc 1 202 0
 585 02fe 0F9B     		ldr	r3, [sp, #60]
 586 0300 5A1C     		adds	r2, r3, #1
 587 0302 0F92     		str	r2, [sp, #60]
 588 0304 2D22     		movs	r2, #45
 589 0306 1A70     		strb	r2, [r3]
 590              		.loc 1 203 0
 591 0308 089B     		ldr	r3, [sp, #32]
 592 030a 5B42     		negs	r3, r3
 593 030c 0893     		str	r3, [sp, #32]
 594              	.L50:
 595              		.loc 1 205 0
 596 030e 0F98     		ldr	r0, [sp, #60]
 597 0310 0899     		ldr	r1, [sp, #32]
 598 0312 0A22     		movs	r2, #10
 599 0314 FFF7FEFF 		bl	ltoa
 600 0318 0F90     		str	r0, [sp, #60]
 601              		.loc 1 206 0
 602 031a 29E0     		b	.L42
 603              	.L39:
 604              		.loc 1 219 0
 605 031c 1023     		movs	r3, #16
 606 031e 8DF83730 		strb	r3, [sp, #55]
 607              		.loc 1 220 0
 608 0322 06E0     		b	.L51
 609              	.L38:
 610              		.loc 1 223 0
 611 0324 0A23     		movs	r3, #10
 612 0326 8DF83730 		strb	r3, [sp, #55]
 613              		.loc 1 224 0
 614 032a 02E0     		b	.L51
 615              	.L37:
 616              		.loc 1 227 0
 617 032c 0823     		movs	r3, #8
 618 032e 8DF83730 		strb	r3, [sp, #55]
 619              	.L51:
 620              		.loc 1 229 0
 621 0332 9DF82730 		ldrb	r3, [sp, #39]	@ zero_extendqisi2
 622 0336 002B     		cmp	r3, #0
 623 0338 05D0     		beq	.L52
 624              		.loc 1 230 0
 625 033a 019B     		ldr	r3, [sp, #4]
 626 033c 1A1D     		adds	r2, r3, #4
ARM GAS  /tmp/ccSc3bGh.s 			page 12


 627 033e 0192     		str	r2, [sp, #4]
 628 0340 1B68     		ldr	r3, [r3]
 629 0342 0893     		str	r3, [sp, #32]
 630 0344 04E0     		b	.L53
 631              	.L52:
 632              		.loc 1 232 0
 633 0346 019B     		ldr	r3, [sp, #4]
 634 0348 1A1D     		adds	r2, r3, #4
 635 034a 0192     		str	r2, [sp, #4]
 636 034c 1B68     		ldr	r3, [r3]
 637 034e 0893     		str	r3, [sp, #32]
 638              	.L53:
 639              		.loc 1 233 0
 640 0350 9DF83730 		ldrb	r3, [sp, #55]	@ zero_extendqisi2
 641 0354 0F98     		ldr	r0, [sp, #60]
 642 0356 0899     		ldr	r1, [sp, #32]
 643 0358 1A46     		mov	r2, r3
 644 035a FFF7FEFF 		bl	ltoa
 645 035e 0F90     		str	r0, [sp, #60]
 646              		.loc 1 234 0
 647 0360 06E0     		b	.L42
 648              	.L34:
 649              		.loc 1 236 0
 650 0362 0F9B     		ldr	r3, [sp, #60]
 651 0364 5A1C     		adds	r2, r3, #1
 652 0366 0F92     		str	r2, [sp, #60]
 653 0368 9DF83720 		ldrb	r2, [sp, #55]
 654 036c 1A70     		strb	r2, [r3]
 655              		.loc 1 237 0
 656 036e 00BF     		nop
 657              	.L42:
 658              		.loc 1 239 0
 659 0370 0F9A     		ldr	r2, [sp, #60]
 660 0372 0E9B     		ldr	r3, [sp, #56]
 661 0374 D31A     		subs	r3, r2, r3
 662 0376 0C93     		str	r3, [sp, #48]
 663              		.loc 1 240 0
 664 0378 0A9A     		ldr	r2, [sp, #40]
 665 037a 0C9B     		ldr	r3, [sp, #48]
 666 037c D31A     		subs	r3, r2, r3
 667 037e 0A93     		str	r3, [sp, #40]
 668 0380 0A9B     		ldr	r3, [sp, #40]
 669 0382 002B     		cmp	r3, #0
 670 0384 01DA     		bge	.L54
 671              		.loc 1 241 0
 672 0386 0023     		movs	r3, #0
 673 0388 0A93     		str	r3, [sp, #40]
 674              	.L54:
 675              		.loc 1 242 0
 676 038a 9DF82630 		ldrb	r3, [sp, #38]
 677 038e 83F00103 		eor	r3, r3, #1
 678 0392 DBB2     		uxtb	r3, r3
 679 0394 002B     		cmp	r3, #0
 680 0396 02D0     		beq	.L55
 681              		.loc 1 243 0
 682 0398 0A9B     		ldr	r3, [sp, #40]
 683 039a 5B42     		negs	r3, r3
ARM GAS  /tmp/ccSc3bGh.s 			page 13


 684 039c 0A93     		str	r3, [sp, #40]
 685              	.L55:
 686              		.loc 1 244 0
 687 039e 0A9B     		ldr	r3, [sp, #40]
 688 03a0 002B     		cmp	r3, #0
 689 03a2 22DA     		bge	.L56
 690              		.loc 1 245 0
 691 03a4 0E9B     		ldr	r3, [sp, #56]
 692 03a6 1B78     		ldrb	r3, [r3]	@ zero_extendqisi2
 693 03a8 2D2B     		cmp	r3, #45
 694 03aa 10D1     		bne	.L57
 695              		.loc 1 245 0 is_stmt 0 discriminator 1
 696 03ac 9DF83630 		ldrb	r3, [sp, #54]	@ zero_extendqisi2
 697 03b0 302B     		cmp	r3, #48
 698 03b2 0CD1     		bne	.L57
 699              		.loc 1 246 0 is_stmt 1
 700 03b4 039B     		ldr	r3, [sp, #12]
 701 03b6 1B68     		ldr	r3, [r3]
 702 03b8 9A68     		ldr	r2, [r3, #8]
 703 03ba 0E9B     		ldr	r3, [sp, #56]
 704 03bc 591C     		adds	r1, r3, #1
 705 03be 0E91     		str	r1, [sp, #56]
 706 03c0 1B78     		ldrb	r3, [r3]	@ zero_extendqisi2
 707 03c2 0398     		ldr	r0, [sp, #12]
 708 03c4 1946     		mov	r1, r3
 709 03c6 9047     		blx	r2
 710              		.loc 1 247 0
 711 03c8 0C9B     		ldr	r3, [sp, #48]
 712 03ca 013B     		subs	r3, r3, #1
 713 03cc 0C93     		str	r3, [sp, #48]
 714              	.L57:
 715              		.loc 1 250 0 discriminator 1
 716 03ce 039B     		ldr	r3, [sp, #12]
 717 03d0 1B68     		ldr	r3, [r3]
 718 03d2 9B68     		ldr	r3, [r3, #8]
 719 03d4 9DF83620 		ldrb	r2, [sp, #54]	@ zero_extendqisi2
 720 03d8 0398     		ldr	r0, [sp, #12]
 721 03da 1146     		mov	r1, r2
 722 03dc 9847     		blx	r3
 723              		.loc 1 251 0 discriminator 1
 724 03de 0A9B     		ldr	r3, [sp, #40]
 725 03e0 0133     		adds	r3, r3, #1
 726 03e2 0A93     		str	r3, [sp, #40]
 727 03e4 0A9B     		ldr	r3, [sp, #40]
 728 03e6 002B     		cmp	r3, #0
 729 03e8 F1D1     		bne	.L57
 730              	.L56:
 731              		.loc 1 253 0
 732 03ea 09E0     		b	.L58
 733              	.L59:
 734              		.loc 1 254 0
 735 03ec 039B     		ldr	r3, [sp, #12]
 736 03ee 1B68     		ldr	r3, [r3]
 737 03f0 9A68     		ldr	r2, [r3, #8]
 738 03f2 0E9B     		ldr	r3, [sp, #56]
 739 03f4 591C     		adds	r1, r3, #1
 740 03f6 0E91     		str	r1, [sp, #56]
ARM GAS  /tmp/ccSc3bGh.s 			page 14


 741 03f8 1B78     		ldrb	r3, [r3]	@ zero_extendqisi2
 742 03fa 0398     		ldr	r0, [sp, #12]
 743 03fc 1946     		mov	r1, r3
 744 03fe 9047     		blx	r2
 745              	.L58:
 746              		.loc 1 253 0
 747 0400 0C9B     		ldr	r3, [sp, #48]
 748 0402 013B     		subs	r3, r3, #1
 749 0404 0C93     		str	r3, [sp, #48]
 750 0406 0C9B     		ldr	r3, [sp, #48]
 751 0408 002B     		cmp	r3, #0
 752 040a EFDA     		bge	.L59
 753              		.loc 1 256 0
 754 040c 0AE0     		b	.L60
 755              	.L61:
 756              		.loc 1 257 0
 757 040e 039B     		ldr	r3, [sp, #12]
 758 0410 1B68     		ldr	r3, [r3]
 759 0412 9B68     		ldr	r3, [r3, #8]
 760 0414 9DF83620 		ldrb	r2, [sp, #54]	@ zero_extendqisi2
 761 0418 0398     		ldr	r0, [sp, #12]
 762 041a 1146     		mov	r1, r2
 763 041c 9847     		blx	r3
 764              		.loc 1 258 0
 765 041e 0A9B     		ldr	r3, [sp, #40]
 766 0420 013B     		subs	r3, r3, #1
 767 0422 0A93     		str	r3, [sp, #40]
 768              	.L60:
 769              		.loc 1 256 0
 770 0424 0A9B     		ldr	r3, [sp, #40]
 771 0426 002B     		cmp	r3, #0
 772 0428 F1D1     		bne	.L61
 773              	.L14:
 774              		.loc 1 260 0
 775 042a EEE5     		b	.L62
 776              	.L64:
 777              		.loc 1 261 0
 778 042c 11B0     		add	sp, sp, #68
 779              		.cfi_def_cfa_offset 4
 780              		@ sp needed
 781 042e 5DF804FB 		ldr	pc, [sp], #4
 782              	.L66:
 783 0432 00BF     		.align	2
 784              	.L65:
 785 0434 00000000 		.word	.LC0
 786              		.cfi_endproc
 787              	.LFE3:
 788              		.size	chvprintf, .-chvprintf
 789 0438 AFF30080 		.section	.text.chsnprintf,"ax",%progbits
 789      AFF30080 
 790              		.align	2
 791              		.p2align 4,,15
 792              		.global	chsnprintf
 793              		.thumb
 794              		.thumb_func
 795              		.type	chsnprintf, %function
 796              	chsnprintf:
ARM GAS  /tmp/ccSc3bGh.s 			page 15


 797              	.LFB4:
 798              		.loc 1 288 0
 799              		.cfi_startproc
 800              		@ args = 4, pretend = 8, frame = 40
 801              		@ frame_needed = 0, uses_anonymous_args = 1
 802 0000 0CB4     		push	{r2, r3}
 803              		.cfi_def_cfa_offset 8
 804              		.cfi_offset 2, -8
 805              		.cfi_offset 3, -4
 806 0002 00B5     		push	{lr}
 807              		.cfi_def_cfa_offset 12
 808              		.cfi_offset 14, -12
 809 0004 8BB0     		sub	sp, sp, #44
 810              		.cfi_def_cfa_offset 56
 811 0006 0190     		str	r0, [sp, #4]
 812 0008 0091     		str	r1, [sp]
 813              		.loc 1 295 0
 814 000a 009B     		ldr	r3, [sp]
 815 000c 013B     		subs	r3, r3, #1
 816 000e 03AA     		add	r2, sp, #12
 817 0010 1046     		mov	r0, r2
 818 0012 0199     		ldr	r1, [sp, #4]
 819 0014 1A46     		mov	r2, r3
 820 0016 0023     		movs	r3, #0
 821 0018 FFF7FEFF 		bl	msObjectInit
 822              		.loc 1 298 0
 823 001c 03AB     		add	r3, sp, #12
 824 001e 0993     		str	r3, [sp, #36]
 825              		.loc 1 299 0
 826 0020 0DAB     		add	r3, sp, #52
 827 0022 0893     		str	r3, [sp, #32]
 828              		.loc 1 300 0
 829 0024 0998     		ldr	r0, [sp, #36]
 830 0026 0C99     		ldr	r1, [sp, #48]
 831 0028 089A     		ldr	r2, [sp, #32]
 832 002a FFF7FEFF 		bl	chvprintf
 833              		.loc 1 304 0
 834 002e 069B     		ldr	r3, [sp, #24]
 835 0030 019A     		ldr	r2, [sp, #4]
 836 0032 1344     		add	r3, r3, r2
 837 0034 0022     		movs	r2, #0
 838 0036 1A70     		strb	r2, [r3]
 839              		.loc 1 305 0
 840 0038 069B     		ldr	r3, [sp, #24]
 841              		.loc 1 306 0
 842 003a 1846     		mov	r0, r3
 843 003c 0BB0     		add	sp, sp, #44
 844              		.cfi_def_cfa_offset 12
 845              		@ sp needed
 846 003e 5DF804EB 		ldr	lr, [sp], #4
 847              		.cfi_restore 14
 848              		.cfi_def_cfa_offset 8
 849 0042 02B0     		add	sp, sp, #8
 850              		.cfi_restore 3
 851              		.cfi_restore 2
 852              		.cfi_def_cfa_offset 0
 853 0044 7047     		bx	lr
ARM GAS  /tmp/ccSc3bGh.s 			page 16


 854              		.cfi_endproc
 855              	.LFE4:
 856              		.size	chsnprintf, .-chsnprintf
 857 0046 00BFAFF3 		.text
 857      0080AFF3 
 857      0080
 858              	.Letext0:
 859              		.file 2 "/opt/gcc-arm-none-eabi/lib/gcc/arm-none-eabi/4.9.3/include/stddef.h"
 860              		.file 3 "/opt/gcc-arm-none-eabi/arm-none-eabi/include/machine/_default_types.h"
 861              		.file 4 "/opt/gcc-arm-none-eabi/arm-none-eabi/include/stdint.h"
 862              		.file 5 "/home/makkmarci/workspace/ChibiOS_2.6.8/os/ports/GCC/ARMCMx/chtypes.h"
 863              		.file 6 "/home/makkmarci/workspace/ChibiOS_2.6.8/os/kernel/include/chstreams.h"
 864              		.file 7 "/opt/gcc-arm-none-eabi/lib/gcc/arm-none-eabi/4.9.3/include/stdarg.h"
 865              		.file 8 "<built-in>"
 866              		.file 9 "/home/makkmarci/workspace/ChibiOS_2.6.8/os/various/memstreams.h"
 867              		.section	.debug_info,"",%progbits
 868              	.Ldebug_info0:
 869 0000 AC040000 		.4byte	0x4ac
 870 0004 0400     		.2byte	0x4
 871 0006 00000000 		.4byte	.Ldebug_abbrev0
 872 000a 04       		.byte	0x4
 873 000b 01       		.uleb128 0x1
 874 000c 03010000 		.4byte	.LASF43
 875 0010 01       		.byte	0x1
 876 0011 B6020000 		.4byte	.LASF44
 877 0015 12030000 		.4byte	.LASF45
 878 0019 00000000 		.4byte	.Ldebug_ranges0+0
 879 001d 00000000 		.4byte	0
 880 0021 00000000 		.4byte	.Ldebug_line0
 881 0025 02       		.uleb128 0x2
 882 0026 04       		.byte	0x4
 883 0027 05       		.byte	0x5
 884 0028 696E7400 		.ascii	"int\000"
 885 002c 03       		.uleb128 0x3
 886 002d 00000000 		.4byte	.LASF2
 887 0031 02       		.byte	0x2
 888 0032 D4       		.byte	0xd4
 889 0033 37000000 		.4byte	0x37
 890 0037 04       		.uleb128 0x4
 891 0038 04       		.byte	0x4
 892 0039 07       		.byte	0x7
 893 003a A1000000 		.4byte	.LASF0
 894 003e 04       		.uleb128 0x4
 895 003f 01       		.byte	0x1
 896 0040 06       		.byte	0x6
 897 0041 3E000000 		.4byte	.LASF1
 898 0045 03       		.uleb128 0x3
 899 0046 07000000 		.4byte	.LASF3
 900 004a 03       		.byte	0x3
 901 004b 1D       		.byte	0x1d
 902 004c 50000000 		.4byte	0x50
 903 0050 04       		.uleb128 0x4
 904 0051 01       		.byte	0x1
 905 0052 08       		.byte	0x8
 906 0053 67020000 		.4byte	.LASF4
 907 0057 04       		.uleb128 0x4
 908 0058 02       		.byte	0x2
ARM GAS  /tmp/ccSc3bGh.s 			page 17


 909 0059 05       		.byte	0x5
 910 005a 75020000 		.4byte	.LASF5
 911 005e 04       		.uleb128 0x4
 912 005f 02       		.byte	0x2
 913 0060 07       		.byte	0x7
 914 0061 D6000000 		.4byte	.LASF6
 915 0065 03       		.uleb128 0x3
 916 0066 AC020000 		.4byte	.LASF7
 917 006a 03       		.byte	0x3
 918 006b 3F       		.byte	0x3f
 919 006c 70000000 		.4byte	0x70
 920 0070 04       		.uleb128 0x4
 921 0071 04       		.byte	0x4
 922 0072 05       		.byte	0x5
 923 0073 58000000 		.4byte	.LASF8
 924 0077 04       		.uleb128 0x4
 925 0078 04       		.byte	0x4
 926 0079 07       		.byte	0x7
 927 007a AE000000 		.4byte	.LASF9
 928 007e 04       		.uleb128 0x4
 929 007f 08       		.byte	0x8
 930 0080 05       		.byte	0x5
 931 0081 30000000 		.4byte	.LASF10
 932 0085 04       		.uleb128 0x4
 933 0086 08       		.byte	0x8
 934 0087 07       		.byte	0x7
 935 0088 19000000 		.4byte	.LASF11
 936 008c 03       		.uleb128 0x3
 937 008d 00030000 		.4byte	.LASF12
 938 0091 04       		.byte	0x4
 939 0092 15       		.byte	0x15
 940 0093 45000000 		.4byte	0x45
 941 0097 03       		.uleb128 0x3
 942 0098 5F020000 		.4byte	.LASF13
 943 009c 04       		.byte	0x4
 944 009d 2C       		.byte	0x2c
 945 009e 65000000 		.4byte	0x65
 946 00a2 03       		.uleb128 0x3
 947 00a3 4A000000 		.4byte	.LASF14
 948 00a7 05       		.byte	0x5
 949 00a8 2B       		.byte	0x2b
 950 00a9 AD000000 		.4byte	0xad
 951 00ad 04       		.uleb128 0x4
 952 00ae 01       		.byte	0x1
 953 00af 02       		.byte	0x2
 954 00b0 59020000 		.4byte	.LASF15
 955 00b4 03       		.uleb128 0x3
 956 00b5 E9000000 		.4byte	.LASF16
 957 00b9 05       		.byte	0x5
 958 00ba 31       		.byte	0x31
 959 00bb 97000000 		.4byte	0x97
 960 00bf 05       		.uleb128 0x5
 961 00c0 04       		.byte	0x4
 962 00c1 04       		.uleb128 0x4
 963 00c2 04       		.byte	0x4
 964 00c3 07       		.byte	0x7
 965 00c4 FA000000 		.4byte	.LASF17
ARM GAS  /tmp/ccSc3bGh.s 			page 18


 966 00c8 06       		.uleb128 0x6
 967 00c9 04       		.byte	0x4
 968 00ca CE000000 		.4byte	0xce
 969 00ce 07       		.uleb128 0x7
 970 00cf D3000000 		.4byte	0xd3
 971 00d3 04       		.uleb128 0x4
 972 00d4 01       		.byte	0x1
 973 00d5 08       		.byte	0x8
 974 00d6 9D020000 		.4byte	.LASF18
 975 00da 06       		.uleb128 0x6
 976 00db 04       		.byte	0x4
 977 00dc E0000000 		.4byte	0xe0
 978 00e0 08       		.uleb128 0x8
 979 00e1 B4000000 		.4byte	0xb4
 980 00e5 EF000000 		.4byte	0xef
 981 00e9 09       		.uleb128 0x9
 982 00ea BF000000 		.4byte	0xbf
 983 00ee 00       		.byte	0
 984 00ef 06       		.uleb128 0x6
 985 00f0 04       		.byte	0x4
 986 00f1 8C000000 		.4byte	0x8c
 987 00f5 0A       		.uleb128 0xa
 988 00f6 7F020000 		.4byte	.LASF23
 989 00fa 10       		.byte	0x10
 990 00fb 06       		.byte	0x6
 991 00fc 48       		.byte	0x48
 992 00fd 32010000 		.4byte	0x132
 993 0101 0B       		.uleb128 0xb
 994 0102 F4000000 		.4byte	.LASF19
 995 0106 06       		.byte	0x6
 996 0107 49       		.byte	0x49
 997 0108 56010000 		.4byte	0x156
 998 010c 00       		.byte	0
 999 010d 0B       		.uleb128 0xb
 1000 010e 48030000 		.4byte	.LASF20
 1001 0112 06       		.byte	0x6
 1002 0113 49       		.byte	0x49
 1003 0114 75010000 		.4byte	0x175
 1004 0118 04       		.byte	0x4
 1005 0119 0C       		.uleb128 0xc
 1006 011a 70757400 		.ascii	"put\000"
 1007 011e 06       		.byte	0x6
 1008 011f 49       		.byte	0x49
 1009 0120 8F010000 		.4byte	0x18f
 1010 0124 08       		.byte	0x8
 1011 0125 0C       		.uleb128 0xc
 1012 0126 67657400 		.ascii	"get\000"
 1013 012a 06       		.byte	0x6
 1014 012b 49       		.byte	0x49
 1015 012c DA000000 		.4byte	0xda
 1016 0130 0C       		.byte	0xc
 1017 0131 00       		.byte	0
 1018 0132 08       		.uleb128 0x8
 1019 0133 2C000000 		.4byte	0x2c
 1020 0137 4B010000 		.4byte	0x14b
 1021 013b 09       		.uleb128 0x9
 1022 013c BF000000 		.4byte	0xbf
ARM GAS  /tmp/ccSc3bGh.s 			page 19


 1023 0140 09       		.uleb128 0x9
 1024 0141 4B010000 		.4byte	0x14b
 1025 0145 09       		.uleb128 0x9
 1026 0146 2C000000 		.4byte	0x2c
 1027 014a 00       		.byte	0
 1028 014b 06       		.uleb128 0x6
 1029 014c 04       		.byte	0x4
 1030 014d 51010000 		.4byte	0x151
 1031 0151 07       		.uleb128 0x7
 1032 0152 8C000000 		.4byte	0x8c
 1033 0156 06       		.uleb128 0x6
 1034 0157 04       		.byte	0x4
 1035 0158 32010000 		.4byte	0x132
 1036 015c 08       		.uleb128 0x8
 1037 015d 2C000000 		.4byte	0x2c
 1038 0161 75010000 		.4byte	0x175
 1039 0165 09       		.uleb128 0x9
 1040 0166 BF000000 		.4byte	0xbf
 1041 016a 09       		.uleb128 0x9
 1042 016b EF000000 		.4byte	0xef
 1043 016f 09       		.uleb128 0x9
 1044 0170 2C000000 		.4byte	0x2c
 1045 0174 00       		.byte	0
 1046 0175 06       		.uleb128 0x6
 1047 0176 04       		.byte	0x4
 1048 0177 5C010000 		.4byte	0x15c
 1049 017b 08       		.uleb128 0x8
 1050 017c B4000000 		.4byte	0xb4
 1051 0180 8F010000 		.4byte	0x18f
 1052 0184 09       		.uleb128 0x9
 1053 0185 BF000000 		.4byte	0xbf
 1054 0189 09       		.uleb128 0x9
 1055 018a 8C000000 		.4byte	0x8c
 1056 018e 00       		.byte	0
 1057 018f 06       		.uleb128 0x6
 1058 0190 04       		.byte	0x4
 1059 0191 7B010000 		.4byte	0x17b
 1060 0195 0D       		.uleb128 0xd
 1061 0196 04       		.byte	0x4
 1062 0197 06       		.byte	0x6
 1063 0198 51       		.byte	0x51
 1064 0199 AA010000 		.4byte	0x1aa
 1065 019d 0C       		.uleb128 0xc
 1066 019e 766D7400 		.ascii	"vmt\000"
 1067 01a2 06       		.byte	0x6
 1068 01a3 53       		.byte	0x53
 1069 01a4 AA010000 		.4byte	0x1aa
 1070 01a8 00       		.byte	0
 1071 01a9 00       		.byte	0
 1072 01aa 06       		.uleb128 0x6
 1073 01ab 04       		.byte	0x4
 1074 01ac B0010000 		.4byte	0x1b0
 1075 01b0 07       		.uleb128 0x7
 1076 01b1 F5000000 		.4byte	0xf5
 1077 01b5 03       		.uleb128 0x3
 1078 01b6 8C000000 		.4byte	.LASF21
 1079 01ba 06       		.byte	0x6
ARM GAS  /tmp/ccSc3bGh.s 			page 20


 1080 01bb 55       		.byte	0x55
 1081 01bc 95010000 		.4byte	0x195
 1082 01c0 03       		.uleb128 0x3
 1083 01c1 30020000 		.4byte	.LASF22
 1084 01c5 07       		.byte	0x7
 1085 01c6 28       		.byte	0x28
 1086 01c7 CB010000 		.4byte	0x1cb
 1087 01cb 0A       		.uleb128 0xa
 1088 01cc 6C000000 		.4byte	.LASF24
 1089 01d0 04       		.byte	0x4
 1090 01d1 08       		.byte	0x8
 1091 01d2 00       		.byte	0
 1092 01d3 E2010000 		.4byte	0x1e2
 1093 01d7 0E       		.uleb128 0xe
 1094 01d8 FB020000 		.4byte	.LASF46
 1095 01dc BF000000 		.4byte	0xbf
 1096 01e0 00       		.byte	0
 1097 01e1 00       		.byte	0
 1098 01e2 03       		.uleb128 0x3
 1099 01e3 11000000 		.4byte	.LASF25
 1100 01e7 07       		.byte	0x7
 1101 01e8 62       		.byte	0x62
 1102 01e9 C0010000 		.4byte	0x1c0
 1103 01ed 0A       		.uleb128 0xa
 1104 01ee 3F020000 		.4byte	.LASF26
 1105 01f2 10       		.byte	0x10
 1106 01f3 09       		.byte	0x9
 1107 01f4 3D       		.byte	0x3d
 1108 01f5 2A020000 		.4byte	0x22a
 1109 01f9 0B       		.uleb128 0xb
 1110 01fa F4000000 		.4byte	.LASF19
 1111 01fe 09       		.byte	0x9
 1112 01ff 3E       		.byte	0x3e
 1113 0200 56010000 		.4byte	0x156
 1114 0204 00       		.byte	0
 1115 0205 0B       		.uleb128 0xb
 1116 0206 48030000 		.4byte	.LASF20
 1117 020a 09       		.byte	0x9
 1118 020b 3E       		.byte	0x3e
 1119 020c 75010000 		.4byte	0x175
 1120 0210 04       		.byte	0x4
 1121 0211 0C       		.uleb128 0xc
 1122 0212 70757400 		.ascii	"put\000"
 1123 0216 09       		.byte	0x9
 1124 0217 3E       		.byte	0x3e
 1125 0218 8F010000 		.4byte	0x18f
 1126 021c 08       		.byte	0x8
 1127 021d 0C       		.uleb128 0xc
 1128 021e 67657400 		.ascii	"get\000"
 1129 0222 09       		.byte	0x9
 1130 0223 3E       		.byte	0x3e
 1131 0224 DA000000 		.4byte	0xda
 1132 0228 0C       		.byte	0xc
 1133 0229 00       		.byte	0
 1134 022a 0D       		.uleb128 0xd
 1135 022b 14       		.byte	0x14
 1136 022c 09       		.byte	0x9
ARM GAS  /tmp/ccSc3bGh.s 			page 21


 1137 022d 46       		.byte	0x46
 1138 022e 6F020000 		.4byte	0x26f
 1139 0232 0C       		.uleb128 0xc
 1140 0233 766D7400 		.ascii	"vmt\000"
 1141 0237 09       		.byte	0x9
 1142 0238 48       		.byte	0x48
 1143 0239 6F020000 		.4byte	0x26f
 1144 023d 00       		.byte	0
 1145 023e 0B       		.uleb128 0xb
 1146 023f 76000000 		.4byte	.LASF27
 1147 0243 09       		.byte	0x9
 1148 0244 49       		.byte	0x49
 1149 0245 EF000000 		.4byte	0xef
 1150 0249 04       		.byte	0x4
 1151 024a 0B       		.uleb128 0xb
 1152 024b D1000000 		.4byte	.LASF28
 1153 024f 09       		.byte	0x9
 1154 0250 49       		.byte	0x49
 1155 0251 2C000000 		.4byte	0x2c
 1156 0255 08       		.byte	0x8
 1157 0256 0C       		.uleb128 0xc
 1158 0257 656F7300 		.ascii	"eos\000"
 1159 025b 09       		.byte	0x9
 1160 025c 49       		.byte	0x49
 1161 025d 2C000000 		.4byte	0x2c
 1162 0261 0C       		.byte	0xc
 1163 0262 0B       		.uleb128 0xb
 1164 0263 F4020000 		.4byte	.LASF29
 1165 0267 09       		.byte	0x9
 1166 0268 49       		.byte	0x49
 1167 0269 2C000000 		.4byte	0x2c
 1168 026d 10       		.byte	0x10
 1169 026e 00       		.byte	0
 1170 026f 06       		.uleb128 0x6
 1171 0270 04       		.byte	0x4
 1172 0271 75020000 		.4byte	0x275
 1173 0275 07       		.uleb128 0x7
 1174 0276 ED010000 		.4byte	0x1ed
 1175 027a 03       		.uleb128 0x3
 1176 027b 4C020000 		.4byte	.LASF30
 1177 027f 09       		.byte	0x9
 1178 0280 4A       		.byte	0x4a
 1179 0281 2A020000 		.4byte	0x22a
 1180 0285 0F       		.uleb128 0xf
 1181 0286 4D030000 		.4byte	.LASF33
 1182 028a 01       		.byte	0x1
 1183 028b 25       		.byte	0x25
 1184 028c 06030000 		.4byte	0x306
 1185 0290 00000000 		.4byte	.LFB1
 1186 0294 A0000000 		.4byte	.LFE1-.LFB1
 1187 0298 01       		.uleb128 0x1
 1188 0299 9C       		.byte	0x9c
 1189 029a 06030000 		.4byte	0x306
 1190 029e 10       		.uleb128 0x10
 1191 029f 7000     		.ascii	"p\000"
 1192 02a1 01       		.byte	0x1
 1193 02a2 25       		.byte	0x25
ARM GAS  /tmp/ccSc3bGh.s 			page 22


 1194 02a3 06030000 		.4byte	0x306
 1195 02a7 02       		.uleb128 0x2
 1196 02a8 91       		.byte	0x91
 1197 02a9 6C       		.sleb128 -20
 1198 02aa 10       		.uleb128 0x10
 1199 02ab 6E756D00 		.ascii	"num\000"
 1200 02af 01       		.byte	0x1
 1201 02b0 26       		.byte	0x26
 1202 02b1 70000000 		.4byte	0x70
 1203 02b5 02       		.uleb128 0x2
 1204 02b6 91       		.byte	0x91
 1205 02b7 68       		.sleb128 -24
 1206 02b8 11       		.uleb128 0x11
 1207 02b9 97020000 		.4byte	.LASF31
 1208 02bd 01       		.byte	0x1
 1209 02be 27       		.byte	0x27
 1210 02bf 37000000 		.4byte	0x37
 1211 02c3 02       		.uleb128 0x2
 1212 02c4 91       		.byte	0x91
 1213 02c5 64       		.sleb128 -28
 1214 02c6 11       		.uleb128 0x11
 1215 02c7 28020000 		.4byte	.LASF32
 1216 02cb 01       		.byte	0x1
 1217 02cc 28       		.byte	0x28
 1218 02cd 70000000 		.4byte	0x70
 1219 02d1 02       		.uleb128 0x2
 1220 02d2 91       		.byte	0x91
 1221 02d3 60       		.sleb128 -32
 1222 02d4 12       		.uleb128 0x12
 1223 02d5 6900     		.ascii	"i\000"
 1224 02d7 01       		.byte	0x1
 1225 02d8 29       		.byte	0x29
 1226 02d9 25000000 		.4byte	0x25
 1227 02dd 02       		.uleb128 0x2
 1228 02de 91       		.byte	0x91
 1229 02df 7C       		.sleb128 -4
 1230 02e0 12       		.uleb128 0x12
 1231 02e1 7100     		.ascii	"q\000"
 1232 02e3 01       		.byte	0x1
 1233 02e4 2A       		.byte	0x2a
 1234 02e5 06030000 		.4byte	0x306
 1235 02e9 02       		.uleb128 0x2
 1236 02ea 91       		.byte	0x91
 1237 02eb 78       		.sleb128 -8
 1238 02ec 12       		.uleb128 0x12
 1239 02ed 6C00     		.ascii	"l\000"
 1240 02ef 01       		.byte	0x1
 1241 02f0 2B       		.byte	0x2b
 1242 02f1 70000000 		.4byte	0x70
 1243 02f5 02       		.uleb128 0x2
 1244 02f6 91       		.byte	0x91
 1245 02f7 74       		.sleb128 -12
 1246 02f8 12       		.uleb128 0x12
 1247 02f9 6C6C00   		.ascii	"ll\000"
 1248 02fc 01       		.byte	0x1
 1249 02fd 2B       		.byte	0x2b
 1250 02fe 70000000 		.4byte	0x70
ARM GAS  /tmp/ccSc3bGh.s 			page 23


 1251 0302 02       		.uleb128 0x2
 1252 0303 91       		.byte	0x91
 1253 0304 70       		.sleb128 -16
 1254 0305 00       		.byte	0
 1255 0306 06       		.uleb128 0x6
 1256 0307 04       		.byte	0x4
 1257 0308 D3000000 		.4byte	0xd3
 1258 030c 13       		.uleb128 0x13
 1259 030d EF000000 		.4byte	.LASF34
 1260 0311 01       		.byte	0x1
 1261 0312 46       		.byte	0x46
 1262 0313 06030000 		.4byte	0x306
 1263 0317 00000000 		.4byte	.LFB2
 1264 031b 20000000 		.4byte	.LFE2-.LFB2
 1265 031f 01       		.uleb128 0x1
 1266 0320 9C       		.byte	0x9c
 1267 0321 4E030000 		.4byte	0x34e
 1268 0325 10       		.uleb128 0x10
 1269 0326 7000     		.ascii	"p\000"
 1270 0328 01       		.byte	0x1
 1271 0329 46       		.byte	0x46
 1272 032a 06030000 		.4byte	0x306
 1273 032e 02       		.uleb128 0x2
 1274 032f 91       		.byte	0x91
 1275 0330 74       		.sleb128 -12
 1276 0331 10       		.uleb128 0x10
 1277 0332 6E756D00 		.ascii	"num\000"
 1278 0336 01       		.byte	0x1
 1279 0337 46       		.byte	0x46
 1280 0338 70000000 		.4byte	0x70
 1281 033c 02       		.uleb128 0x2
 1282 033d 91       		.byte	0x91
 1283 033e 70       		.sleb128 -16
 1284 033f 11       		.uleb128 0x11
 1285 0340 97020000 		.4byte	.LASF31
 1286 0344 01       		.byte	0x1
 1287 0345 46       		.byte	0x46
 1288 0346 37000000 		.4byte	0x37
 1289 034a 02       		.uleb128 0x2
 1290 034b 91       		.byte	0x91
 1291 034c 6C       		.sleb128 -20
 1292 034d 00       		.byte	0
 1293 034e 14       		.uleb128 0x14
 1294 034f 08030000 		.4byte	.LASF41
 1295 0353 01       		.byte	0x1
 1296 0354 70       		.byte	0x70
 1297 0355 00000000 		.4byte	.LFB3
 1298 0359 38040000 		.4byte	.LFE3-.LFB3
 1299 035d 01       		.uleb128 0x1
 1300 035e 9C       		.byte	0x9c
 1301 035f 29040000 		.4byte	0x429
 1302 0363 10       		.uleb128 0x10
 1303 0364 63687000 		.ascii	"chp\000"
 1304 0368 01       		.byte	0x1
 1305 0369 70       		.byte	0x70
 1306 036a 29040000 		.4byte	0x429
 1307 036e 02       		.uleb128 0x2
ARM GAS  /tmp/ccSc3bGh.s 			page 24


 1308 036f 91       		.byte	0x91
 1309 0370 44       		.sleb128 -60
 1310 0371 10       		.uleb128 0x10
 1311 0372 666D7400 		.ascii	"fmt\000"
 1312 0376 01       		.byte	0x1
 1313 0377 70       		.byte	0x70
 1314 0378 C8000000 		.4byte	0xc8
 1315 037c 02       		.uleb128 0x2
 1316 037d 91       		.byte	0x91
 1317 037e 40       		.sleb128 -64
 1318 037f 10       		.uleb128 0x10
 1319 0380 617000   		.ascii	"ap\000"
 1320 0383 01       		.byte	0x1
 1321 0384 70       		.byte	0x70
 1322 0385 E2010000 		.4byte	0x1e2
 1323 0389 03       		.uleb128 0x3
 1324 038a 91       		.byte	0x91
 1325 038b BC7F     		.sleb128 -68
 1326 038d 12       		.uleb128 0x12
 1327 038e 7000     		.ascii	"p\000"
 1328 0390 01       		.byte	0x1
 1329 0391 71       		.byte	0x71
 1330 0392 06030000 		.4byte	0x306
 1331 0396 02       		.uleb128 0x2
 1332 0397 91       		.byte	0x91
 1333 0398 74       		.sleb128 -12
 1334 0399 12       		.uleb128 0x12
 1335 039a 7300     		.ascii	"s\000"
 1336 039c 01       		.byte	0x1
 1337 039d 71       		.byte	0x71
 1338 039e 06030000 		.4byte	0x306
 1339 03a2 02       		.uleb128 0x2
 1340 03a3 91       		.byte	0x91
 1341 03a4 70       		.sleb128 -16
 1342 03a5 12       		.uleb128 0x12
 1343 03a6 6300     		.ascii	"c\000"
 1344 03a8 01       		.byte	0x1
 1345 03a9 71       		.byte	0x71
 1346 03aa D3000000 		.4byte	0xd3
 1347 03ae 02       		.uleb128 0x2
 1348 03af 91       		.byte	0x91
 1349 03b0 6F       		.sleb128 -17
 1350 03b1 15       		.uleb128 0x15
 1351 03b2 7D000000 		.4byte	.LASF35
 1352 03b6 01       		.byte	0x1
 1353 03b7 71       		.byte	0x71
 1354 03b8 D3000000 		.4byte	0xd3
 1355 03bc 02       		.uleb128 0x2
 1356 03bd 91       		.byte	0x91
 1357 03be 6E       		.sleb128 -18
 1358 03bf 12       		.uleb128 0x12
 1359 03c0 6900     		.ascii	"i\000"
 1360 03c2 01       		.byte	0x1
 1361 03c3 72       		.byte	0x72
 1362 03c4 25000000 		.4byte	0x25
 1363 03c8 02       		.uleb128 0x2
 1364 03c9 91       		.byte	0x91
ARM GAS  /tmp/ccSc3bGh.s 			page 25


 1365 03ca 68       		.sleb128 -24
 1366 03cb 15       		.uleb128 0x15
 1367 03cc A2020000 		.4byte	.LASF36
 1368 03d0 01       		.byte	0x1
 1369 03d1 72       		.byte	0x72
 1370 03d2 25000000 		.4byte	0x25
 1371 03d6 02       		.uleb128 0x2
 1372 03d7 91       		.byte	0x91
 1373 03d8 64       		.sleb128 -28
 1374 03d9 15       		.uleb128 0x15
 1375 03da CB000000 		.4byte	.LASF37
 1376 03de 01       		.byte	0x1
 1377 03df 72       		.byte	0x72
 1378 03e0 25000000 		.4byte	0x25
 1379 03e4 02       		.uleb128 0x2
 1380 03e5 91       		.byte	0x91
 1381 03e6 60       		.sleb128 -32
 1382 03e7 15       		.uleb128 0x15
 1383 03e8 84000000 		.4byte	.LASF38
 1384 03ec 01       		.byte	0x1
 1385 03ed 73       		.byte	0x73
 1386 03ee A2000000 		.4byte	0xa2
 1387 03f2 02       		.uleb128 0x2
 1388 03f3 91       		.byte	0x91
 1389 03f4 5F       		.sleb128 -33
 1390 03f5 15       		.uleb128 0x15
 1391 03f6 C0000000 		.4byte	.LASF39
 1392 03fa 01       		.byte	0x1
 1393 03fb 73       		.byte	0x73
 1394 03fc A2000000 		.4byte	0xa2
 1395 0400 02       		.uleb128 0x2
 1396 0401 91       		.byte	0x91
 1397 0402 5E       		.sleb128 -34
 1398 0403 12       		.uleb128 0x12
 1399 0404 6C00     		.ascii	"l\000"
 1400 0406 01       		.byte	0x1
 1401 0407 74       		.byte	0x74
 1402 0408 70000000 		.4byte	0x70
 1403 040c 02       		.uleb128 0x2
 1404 040d 91       		.byte	0x91
 1405 040e 58       		.sleb128 -40
 1406 040f 15       		.uleb128 0x15
 1407 0410 51000000 		.4byte	.LASF40
 1408 0414 01       		.byte	0x1
 1409 0415 79       		.byte	0x79
 1410 0416 2F040000 		.4byte	0x42f
 1411 041a 02       		.uleb128 0x2
 1412 041b 91       		.byte	0x91
 1413 041c 4C       		.sleb128 -52
 1414 041d 16       		.uleb128 0x16
 1415 041e 18020000 		.4byte	.LASF47
 1416 0422 01       		.byte	0x1
 1417 0423 E4       		.byte	0xe4
 1418 0424 32030000 		.4byte	.L51
 1419 0428 00       		.byte	0
 1420 0429 06       		.uleb128 0x6
 1421 042a 04       		.byte	0x4
ARM GAS  /tmp/ccSc3bGh.s 			page 26


 1422 042b B5010000 		.4byte	0x1b5
 1423 042f 17       		.uleb128 0x17
 1424 0430 D3000000 		.4byte	0xd3
 1425 0434 3F040000 		.4byte	0x43f
 1426 0438 18       		.uleb128 0x18
 1427 0439 C1000000 		.4byte	0xc1
 1428 043d 0B       		.byte	0xb
 1429 043e 00       		.byte	0
 1430 043f 19       		.uleb128 0x19
 1431 0440 61000000 		.4byte	.LASF42
 1432 0444 01       		.byte	0x1
 1433 0445 2001     		.2byte	0x120
 1434 0447 25000000 		.4byte	0x25
 1435 044b 00000000 		.4byte	.LFB4
 1436 044f 46000000 		.4byte	.LFE4-.LFB4
 1437 0453 01       		.uleb128 0x1
 1438 0454 9C       		.byte	0x9c
 1439 0455 1A       		.uleb128 0x1a
 1440 0456 73747200 		.ascii	"str\000"
 1441 045a 01       		.byte	0x1
 1442 045b 2001     		.2byte	0x120
 1443 045d 06030000 		.4byte	0x306
 1444 0461 02       		.uleb128 0x2
 1445 0462 91       		.byte	0x91
 1446 0463 4C       		.sleb128 -52
 1447 0464 1B       		.uleb128 0x1b
 1448 0465 D1000000 		.4byte	.LASF28
 1449 0469 01       		.byte	0x1
 1450 046a 2001     		.2byte	0x120
 1451 046c 2C000000 		.4byte	0x2c
 1452 0470 02       		.uleb128 0x2
 1453 0471 91       		.byte	0x91
 1454 0472 48       		.sleb128 -56
 1455 0473 1A       		.uleb128 0x1a
 1456 0474 666D7400 		.ascii	"fmt\000"
 1457 0478 01       		.byte	0x1
 1458 0479 2001     		.2byte	0x120
 1459 047b C8000000 		.4byte	0xc8
 1460 047f 02       		.uleb128 0x2
 1461 0480 91       		.byte	0x91
 1462 0481 78       		.sleb128 -8
 1463 0482 1C       		.uleb128 0x1c
 1464 0483 1D       		.uleb128 0x1d
 1465 0484 617000   		.ascii	"ap\000"
 1466 0487 01       		.byte	0x1
 1467 0488 2101     		.2byte	0x121
 1468 048a E2010000 		.4byte	0x1e2
 1469 048e 02       		.uleb128 0x2
 1470 048f 91       		.byte	0x91
 1471 0490 68       		.sleb128 -24
 1472 0491 1D       		.uleb128 0x1d
 1473 0492 6D7300   		.ascii	"ms\000"
 1474 0495 01       		.byte	0x1
 1475 0496 2201     		.2byte	0x122
 1476 0498 7A020000 		.4byte	0x27a
 1477 049c 02       		.uleb128 0x2
 1478 049d 91       		.byte	0x91
ARM GAS  /tmp/ccSc3bGh.s 			page 27


 1479 049e 54       		.sleb128 -44
 1480 049f 1D       		.uleb128 0x1d
 1481 04a0 63687000 		.ascii	"chp\000"
 1482 04a4 01       		.byte	0x1
 1483 04a5 2301     		.2byte	0x123
 1484 04a7 29040000 		.4byte	0x429
 1485 04ab 02       		.uleb128 0x2
 1486 04ac 91       		.byte	0x91
 1487 04ad 6C       		.sleb128 -20
 1488 04ae 00       		.byte	0
 1489 04af 00       		.byte	0
 1490              		.section	.debug_abbrev,"",%progbits
 1491              	.Ldebug_abbrev0:
 1492 0000 01       		.uleb128 0x1
 1493 0001 11       		.uleb128 0x11
 1494 0002 01       		.byte	0x1
 1495 0003 25       		.uleb128 0x25
 1496 0004 0E       		.uleb128 0xe
 1497 0005 13       		.uleb128 0x13
 1498 0006 0B       		.uleb128 0xb
 1499 0007 03       		.uleb128 0x3
 1500 0008 0E       		.uleb128 0xe
 1501 0009 1B       		.uleb128 0x1b
 1502 000a 0E       		.uleb128 0xe
 1503 000b 55       		.uleb128 0x55
 1504 000c 17       		.uleb128 0x17
 1505 000d 11       		.uleb128 0x11
 1506 000e 01       		.uleb128 0x1
 1507 000f 10       		.uleb128 0x10
 1508 0010 17       		.uleb128 0x17
 1509 0011 00       		.byte	0
 1510 0012 00       		.byte	0
 1511 0013 02       		.uleb128 0x2
 1512 0014 24       		.uleb128 0x24
 1513 0015 00       		.byte	0
 1514 0016 0B       		.uleb128 0xb
 1515 0017 0B       		.uleb128 0xb
 1516 0018 3E       		.uleb128 0x3e
 1517 0019 0B       		.uleb128 0xb
 1518 001a 03       		.uleb128 0x3
 1519 001b 08       		.uleb128 0x8
 1520 001c 00       		.byte	0
 1521 001d 00       		.byte	0
 1522 001e 03       		.uleb128 0x3
 1523 001f 16       		.uleb128 0x16
 1524 0020 00       		.byte	0
 1525 0021 03       		.uleb128 0x3
 1526 0022 0E       		.uleb128 0xe
 1527 0023 3A       		.uleb128 0x3a
 1528 0024 0B       		.uleb128 0xb
 1529 0025 3B       		.uleb128 0x3b
 1530 0026 0B       		.uleb128 0xb
 1531 0027 49       		.uleb128 0x49
 1532 0028 13       		.uleb128 0x13
 1533 0029 00       		.byte	0
 1534 002a 00       		.byte	0
 1535 002b 04       		.uleb128 0x4
ARM GAS  /tmp/ccSc3bGh.s 			page 28


 1536 002c 24       		.uleb128 0x24
 1537 002d 00       		.byte	0
 1538 002e 0B       		.uleb128 0xb
 1539 002f 0B       		.uleb128 0xb
 1540 0030 3E       		.uleb128 0x3e
 1541 0031 0B       		.uleb128 0xb
 1542 0032 03       		.uleb128 0x3
 1543 0033 0E       		.uleb128 0xe
 1544 0034 00       		.byte	0
 1545 0035 00       		.byte	0
 1546 0036 05       		.uleb128 0x5
 1547 0037 0F       		.uleb128 0xf
 1548 0038 00       		.byte	0
 1549 0039 0B       		.uleb128 0xb
 1550 003a 0B       		.uleb128 0xb
 1551 003b 00       		.byte	0
 1552 003c 00       		.byte	0
 1553 003d 06       		.uleb128 0x6
 1554 003e 0F       		.uleb128 0xf
 1555 003f 00       		.byte	0
 1556 0040 0B       		.uleb128 0xb
 1557 0041 0B       		.uleb128 0xb
 1558 0042 49       		.uleb128 0x49
 1559 0043 13       		.uleb128 0x13
 1560 0044 00       		.byte	0
 1561 0045 00       		.byte	0
 1562 0046 07       		.uleb128 0x7
 1563 0047 26       		.uleb128 0x26
 1564 0048 00       		.byte	0
 1565 0049 49       		.uleb128 0x49
 1566 004a 13       		.uleb128 0x13
 1567 004b 00       		.byte	0
 1568 004c 00       		.byte	0
 1569 004d 08       		.uleb128 0x8
 1570 004e 15       		.uleb128 0x15
 1571 004f 01       		.byte	0x1
 1572 0050 27       		.uleb128 0x27
 1573 0051 19       		.uleb128 0x19
 1574 0052 49       		.uleb128 0x49
 1575 0053 13       		.uleb128 0x13
 1576 0054 01       		.uleb128 0x1
 1577 0055 13       		.uleb128 0x13
 1578 0056 00       		.byte	0
 1579 0057 00       		.byte	0
 1580 0058 09       		.uleb128 0x9
 1581 0059 05       		.uleb128 0x5
 1582 005a 00       		.byte	0
 1583 005b 49       		.uleb128 0x49
 1584 005c 13       		.uleb128 0x13
 1585 005d 00       		.byte	0
 1586 005e 00       		.byte	0
 1587 005f 0A       		.uleb128 0xa
 1588 0060 13       		.uleb128 0x13
 1589 0061 01       		.byte	0x1
 1590 0062 03       		.uleb128 0x3
 1591 0063 0E       		.uleb128 0xe
 1592 0064 0B       		.uleb128 0xb
ARM GAS  /tmp/ccSc3bGh.s 			page 29


 1593 0065 0B       		.uleb128 0xb
 1594 0066 3A       		.uleb128 0x3a
 1595 0067 0B       		.uleb128 0xb
 1596 0068 3B       		.uleb128 0x3b
 1597 0069 0B       		.uleb128 0xb
 1598 006a 01       		.uleb128 0x1
 1599 006b 13       		.uleb128 0x13
 1600 006c 00       		.byte	0
 1601 006d 00       		.byte	0
 1602 006e 0B       		.uleb128 0xb
 1603 006f 0D       		.uleb128 0xd
 1604 0070 00       		.byte	0
 1605 0071 03       		.uleb128 0x3
 1606 0072 0E       		.uleb128 0xe
 1607 0073 3A       		.uleb128 0x3a
 1608 0074 0B       		.uleb128 0xb
 1609 0075 3B       		.uleb128 0x3b
 1610 0076 0B       		.uleb128 0xb
 1611 0077 49       		.uleb128 0x49
 1612 0078 13       		.uleb128 0x13
 1613 0079 38       		.uleb128 0x38
 1614 007a 0B       		.uleb128 0xb
 1615 007b 00       		.byte	0
 1616 007c 00       		.byte	0
 1617 007d 0C       		.uleb128 0xc
 1618 007e 0D       		.uleb128 0xd
 1619 007f 00       		.byte	0
 1620 0080 03       		.uleb128 0x3
 1621 0081 08       		.uleb128 0x8
 1622 0082 3A       		.uleb128 0x3a
 1623 0083 0B       		.uleb128 0xb
 1624 0084 3B       		.uleb128 0x3b
 1625 0085 0B       		.uleb128 0xb
 1626 0086 49       		.uleb128 0x49
 1627 0087 13       		.uleb128 0x13
 1628 0088 38       		.uleb128 0x38
 1629 0089 0B       		.uleb128 0xb
 1630 008a 00       		.byte	0
 1631 008b 00       		.byte	0
 1632 008c 0D       		.uleb128 0xd
 1633 008d 13       		.uleb128 0x13
 1634 008e 01       		.byte	0x1
 1635 008f 0B       		.uleb128 0xb
 1636 0090 0B       		.uleb128 0xb
 1637 0091 3A       		.uleb128 0x3a
 1638 0092 0B       		.uleb128 0xb
 1639 0093 3B       		.uleb128 0x3b
 1640 0094 0B       		.uleb128 0xb
 1641 0095 01       		.uleb128 0x1
 1642 0096 13       		.uleb128 0x13
 1643 0097 00       		.byte	0
 1644 0098 00       		.byte	0
 1645 0099 0E       		.uleb128 0xe
 1646 009a 0D       		.uleb128 0xd
 1647 009b 00       		.byte	0
 1648 009c 03       		.uleb128 0x3
 1649 009d 0E       		.uleb128 0xe
ARM GAS  /tmp/ccSc3bGh.s 			page 30


 1650 009e 49       		.uleb128 0x49
 1651 009f 13       		.uleb128 0x13
 1652 00a0 38       		.uleb128 0x38
 1653 00a1 0B       		.uleb128 0xb
 1654 00a2 34       		.uleb128 0x34
 1655 00a3 19       		.uleb128 0x19
 1656 00a4 00       		.byte	0
 1657 00a5 00       		.byte	0
 1658 00a6 0F       		.uleb128 0xf
 1659 00a7 2E       		.uleb128 0x2e
 1660 00a8 01       		.byte	0x1
 1661 00a9 03       		.uleb128 0x3
 1662 00aa 0E       		.uleb128 0xe
 1663 00ab 3A       		.uleb128 0x3a
 1664 00ac 0B       		.uleb128 0xb
 1665 00ad 3B       		.uleb128 0x3b
 1666 00ae 0B       		.uleb128 0xb
 1667 00af 27       		.uleb128 0x27
 1668 00b0 19       		.uleb128 0x19
 1669 00b1 49       		.uleb128 0x49
 1670 00b2 13       		.uleb128 0x13
 1671 00b3 11       		.uleb128 0x11
 1672 00b4 01       		.uleb128 0x1
 1673 00b5 12       		.uleb128 0x12
 1674 00b6 06       		.uleb128 0x6
 1675 00b7 40       		.uleb128 0x40
 1676 00b8 18       		.uleb128 0x18
 1677 00b9 9742     		.uleb128 0x2117
 1678 00bb 19       		.uleb128 0x19
 1679 00bc 01       		.uleb128 0x1
 1680 00bd 13       		.uleb128 0x13
 1681 00be 00       		.byte	0
 1682 00bf 00       		.byte	0
 1683 00c0 10       		.uleb128 0x10
 1684 00c1 05       		.uleb128 0x5
 1685 00c2 00       		.byte	0
 1686 00c3 03       		.uleb128 0x3
 1687 00c4 08       		.uleb128 0x8
 1688 00c5 3A       		.uleb128 0x3a
 1689 00c6 0B       		.uleb128 0xb
 1690 00c7 3B       		.uleb128 0x3b
 1691 00c8 0B       		.uleb128 0xb
 1692 00c9 49       		.uleb128 0x49
 1693 00ca 13       		.uleb128 0x13
 1694 00cb 02       		.uleb128 0x2
 1695 00cc 18       		.uleb128 0x18
 1696 00cd 00       		.byte	0
 1697 00ce 00       		.byte	0
 1698 00cf 11       		.uleb128 0x11
 1699 00d0 05       		.uleb128 0x5
 1700 00d1 00       		.byte	0
 1701 00d2 03       		.uleb128 0x3
 1702 00d3 0E       		.uleb128 0xe
 1703 00d4 3A       		.uleb128 0x3a
 1704 00d5 0B       		.uleb128 0xb
 1705 00d6 3B       		.uleb128 0x3b
 1706 00d7 0B       		.uleb128 0xb
ARM GAS  /tmp/ccSc3bGh.s 			page 31


 1707 00d8 49       		.uleb128 0x49
 1708 00d9 13       		.uleb128 0x13
 1709 00da 02       		.uleb128 0x2
 1710 00db 18       		.uleb128 0x18
 1711 00dc 00       		.byte	0
 1712 00dd 00       		.byte	0
 1713 00de 12       		.uleb128 0x12
 1714 00df 34       		.uleb128 0x34
 1715 00e0 00       		.byte	0
 1716 00e1 03       		.uleb128 0x3
 1717 00e2 08       		.uleb128 0x8
 1718 00e3 3A       		.uleb128 0x3a
 1719 00e4 0B       		.uleb128 0xb
 1720 00e5 3B       		.uleb128 0x3b
 1721 00e6 0B       		.uleb128 0xb
 1722 00e7 49       		.uleb128 0x49
 1723 00e8 13       		.uleb128 0x13
 1724 00e9 02       		.uleb128 0x2
 1725 00ea 18       		.uleb128 0x18
 1726 00eb 00       		.byte	0
 1727 00ec 00       		.byte	0
 1728 00ed 13       		.uleb128 0x13
 1729 00ee 2E       		.uleb128 0x2e
 1730 00ef 01       		.byte	0x1
 1731 00f0 03       		.uleb128 0x3
 1732 00f1 0E       		.uleb128 0xe
 1733 00f2 3A       		.uleb128 0x3a
 1734 00f3 0B       		.uleb128 0xb
 1735 00f4 3B       		.uleb128 0x3b
 1736 00f5 0B       		.uleb128 0xb
 1737 00f6 27       		.uleb128 0x27
 1738 00f7 19       		.uleb128 0x19
 1739 00f8 49       		.uleb128 0x49
 1740 00f9 13       		.uleb128 0x13
 1741 00fa 11       		.uleb128 0x11
 1742 00fb 01       		.uleb128 0x1
 1743 00fc 12       		.uleb128 0x12
 1744 00fd 06       		.uleb128 0x6
 1745 00fe 40       		.uleb128 0x40
 1746 00ff 18       		.uleb128 0x18
 1747 0100 9642     		.uleb128 0x2116
 1748 0102 19       		.uleb128 0x19
 1749 0103 01       		.uleb128 0x1
 1750 0104 13       		.uleb128 0x13
 1751 0105 00       		.byte	0
 1752 0106 00       		.byte	0
 1753 0107 14       		.uleb128 0x14
 1754 0108 2E       		.uleb128 0x2e
 1755 0109 01       		.byte	0x1
 1756 010a 3F       		.uleb128 0x3f
 1757 010b 19       		.uleb128 0x19
 1758 010c 03       		.uleb128 0x3
 1759 010d 0E       		.uleb128 0xe
 1760 010e 3A       		.uleb128 0x3a
 1761 010f 0B       		.uleb128 0xb
 1762 0110 3B       		.uleb128 0x3b
 1763 0111 0B       		.uleb128 0xb
ARM GAS  /tmp/ccSc3bGh.s 			page 32


 1764 0112 27       		.uleb128 0x27
 1765 0113 19       		.uleb128 0x19
 1766 0114 11       		.uleb128 0x11
 1767 0115 01       		.uleb128 0x1
 1768 0116 12       		.uleb128 0x12
 1769 0117 06       		.uleb128 0x6
 1770 0118 40       		.uleb128 0x40
 1771 0119 18       		.uleb128 0x18
 1772 011a 9642     		.uleb128 0x2116
 1773 011c 19       		.uleb128 0x19
 1774 011d 01       		.uleb128 0x1
 1775 011e 13       		.uleb128 0x13
 1776 011f 00       		.byte	0
 1777 0120 00       		.byte	0
 1778 0121 15       		.uleb128 0x15
 1779 0122 34       		.uleb128 0x34
 1780 0123 00       		.byte	0
 1781 0124 03       		.uleb128 0x3
 1782 0125 0E       		.uleb128 0xe
 1783 0126 3A       		.uleb128 0x3a
 1784 0127 0B       		.uleb128 0xb
 1785 0128 3B       		.uleb128 0x3b
 1786 0129 0B       		.uleb128 0xb
 1787 012a 49       		.uleb128 0x49
 1788 012b 13       		.uleb128 0x13
 1789 012c 02       		.uleb128 0x2
 1790 012d 18       		.uleb128 0x18
 1791 012e 00       		.byte	0
 1792 012f 00       		.byte	0
 1793 0130 16       		.uleb128 0x16
 1794 0131 0A       		.uleb128 0xa
 1795 0132 00       		.byte	0
 1796 0133 03       		.uleb128 0x3
 1797 0134 0E       		.uleb128 0xe
 1798 0135 3A       		.uleb128 0x3a
 1799 0136 0B       		.uleb128 0xb
 1800 0137 3B       		.uleb128 0x3b
 1801 0138 0B       		.uleb128 0xb
 1802 0139 11       		.uleb128 0x11
 1803 013a 01       		.uleb128 0x1
 1804 013b 00       		.byte	0
 1805 013c 00       		.byte	0
 1806 013d 17       		.uleb128 0x17
 1807 013e 01       		.uleb128 0x1
 1808 013f 01       		.byte	0x1
 1809 0140 49       		.uleb128 0x49
 1810 0141 13       		.uleb128 0x13
 1811 0142 01       		.uleb128 0x1
 1812 0143 13       		.uleb128 0x13
 1813 0144 00       		.byte	0
 1814 0145 00       		.byte	0
 1815 0146 18       		.uleb128 0x18
 1816 0147 21       		.uleb128 0x21
 1817 0148 00       		.byte	0
 1818 0149 49       		.uleb128 0x49
 1819 014a 13       		.uleb128 0x13
 1820 014b 2F       		.uleb128 0x2f
ARM GAS  /tmp/ccSc3bGh.s 			page 33


 1821 014c 0B       		.uleb128 0xb
 1822 014d 00       		.byte	0
 1823 014e 00       		.byte	0
 1824 014f 19       		.uleb128 0x19
 1825 0150 2E       		.uleb128 0x2e
 1826 0151 01       		.byte	0x1
 1827 0152 3F       		.uleb128 0x3f
 1828 0153 19       		.uleb128 0x19
 1829 0154 03       		.uleb128 0x3
 1830 0155 0E       		.uleb128 0xe
 1831 0156 3A       		.uleb128 0x3a
 1832 0157 0B       		.uleb128 0xb
 1833 0158 3B       		.uleb128 0x3b
 1834 0159 05       		.uleb128 0x5
 1835 015a 27       		.uleb128 0x27
 1836 015b 19       		.uleb128 0x19
 1837 015c 49       		.uleb128 0x49
 1838 015d 13       		.uleb128 0x13
 1839 015e 11       		.uleb128 0x11
 1840 015f 01       		.uleb128 0x1
 1841 0160 12       		.uleb128 0x12
 1842 0161 06       		.uleb128 0x6
 1843 0162 40       		.uleb128 0x40
 1844 0163 18       		.uleb128 0x18
 1845 0164 9642     		.uleb128 0x2116
 1846 0166 19       		.uleb128 0x19
 1847 0167 00       		.byte	0
 1848 0168 00       		.byte	0
 1849 0169 1A       		.uleb128 0x1a
 1850 016a 05       		.uleb128 0x5
 1851 016b 00       		.byte	0
 1852 016c 03       		.uleb128 0x3
 1853 016d 08       		.uleb128 0x8
 1854 016e 3A       		.uleb128 0x3a
 1855 016f 0B       		.uleb128 0xb
 1856 0170 3B       		.uleb128 0x3b
 1857 0171 05       		.uleb128 0x5
 1858 0172 49       		.uleb128 0x49
 1859 0173 13       		.uleb128 0x13
 1860 0174 02       		.uleb128 0x2
 1861 0175 18       		.uleb128 0x18
 1862 0176 00       		.byte	0
 1863 0177 00       		.byte	0
 1864 0178 1B       		.uleb128 0x1b
 1865 0179 05       		.uleb128 0x5
 1866 017a 00       		.byte	0
 1867 017b 03       		.uleb128 0x3
 1868 017c 0E       		.uleb128 0xe
 1869 017d 3A       		.uleb128 0x3a
 1870 017e 0B       		.uleb128 0xb
 1871 017f 3B       		.uleb128 0x3b
 1872 0180 05       		.uleb128 0x5
 1873 0181 49       		.uleb128 0x49
 1874 0182 13       		.uleb128 0x13
 1875 0183 02       		.uleb128 0x2
 1876 0184 18       		.uleb128 0x18
 1877 0185 00       		.byte	0
ARM GAS  /tmp/ccSc3bGh.s 			page 34


 1878 0186 00       		.byte	0
 1879 0187 1C       		.uleb128 0x1c
 1880 0188 18       		.uleb128 0x18
 1881 0189 00       		.byte	0
 1882 018a 00       		.byte	0
 1883 018b 00       		.byte	0
 1884 018c 1D       		.uleb128 0x1d
 1885 018d 34       		.uleb128 0x34
 1886 018e 00       		.byte	0
 1887 018f 03       		.uleb128 0x3
 1888 0190 08       		.uleb128 0x8
 1889 0191 3A       		.uleb128 0x3a
 1890 0192 0B       		.uleb128 0xb
 1891 0193 3B       		.uleb128 0x3b
 1892 0194 05       		.uleb128 0x5
 1893 0195 49       		.uleb128 0x49
 1894 0196 13       		.uleb128 0x13
 1895 0197 02       		.uleb128 0x2
 1896 0198 18       		.uleb128 0x18
 1897 0199 00       		.byte	0
 1898 019a 00       		.byte	0
 1899 019b 00       		.byte	0
 1900              		.section	.debug_aranges,"",%progbits
 1901 0000 34000000 		.4byte	0x34
 1902 0004 0200     		.2byte	0x2
 1903 0006 00000000 		.4byte	.Ldebug_info0
 1904 000a 04       		.byte	0x4
 1905 000b 00       		.byte	0
 1906 000c 0000     		.2byte	0
 1907 000e 0000     		.2byte	0
 1908 0010 00000000 		.4byte	.LFB1
 1909 0014 A0000000 		.4byte	.LFE1-.LFB1
 1910 0018 00000000 		.4byte	.LFB2
 1911 001c 20000000 		.4byte	.LFE2-.LFB2
 1912 0020 00000000 		.4byte	.LFB3
 1913 0024 38040000 		.4byte	.LFE3-.LFB3
 1914 0028 00000000 		.4byte	.LFB4
 1915 002c 46000000 		.4byte	.LFE4-.LFB4
 1916 0030 00000000 		.4byte	0
 1917 0034 00000000 		.4byte	0
 1918              		.section	.debug_ranges,"",%progbits
 1919              	.Ldebug_ranges0:
 1920 0000 00000000 		.4byte	.LFB1
 1921 0004 A0000000 		.4byte	.LFE1
 1922 0008 00000000 		.4byte	.LFB2
 1923 000c 20000000 		.4byte	.LFE2
 1924 0010 00000000 		.4byte	.LFB3
 1925 0014 38040000 		.4byte	.LFE3
 1926 0018 00000000 		.4byte	.LFB4
 1927 001c 46000000 		.4byte	.LFE4
 1928 0020 00000000 		.4byte	0
 1929 0024 00000000 		.4byte	0
 1930              		.section	.debug_line,"",%progbits
 1931              	.Ldebug_line0:
 1932 0000 F5020000 		.section	.debug_str,"MS",%progbits,1
 1932      0200D901 
 1932      00000201 
ARM GAS  /tmp/ccSc3bGh.s 			page 35


 1932      FB0E0D00 
 1932      01010101 
 1933              	.LASF2:
 1934 0000 73697A65 		.ascii	"size_t\000"
 1934      5F7400
 1935              	.LASF3:
 1936 0007 5F5F7569 		.ascii	"__uint8_t\000"
 1936      6E74385F 
 1936      7400
 1937              	.LASF25:
 1938 0011 76615F6C 		.ascii	"va_list\000"
 1938      69737400 
 1939              	.LASF11:
 1940 0019 6C6F6E67 		.ascii	"long long unsigned int\000"
 1940      206C6F6E 
 1940      6720756E 
 1940      7369676E 
 1940      65642069 
 1941              	.LASF10:
 1942 0030 6C6F6E67 		.ascii	"long long int\000"
 1942      206C6F6E 
 1942      6720696E 
 1942      7400
 1943              	.LASF1:
 1944 003e 7369676E 		.ascii	"signed char\000"
 1944      65642063 
 1944      68617200 
 1945              	.LASF14:
 1946 004a 626F6F6C 		.ascii	"bool_t\000"
 1946      5F7400
 1947              	.LASF40:
 1948 0051 746D7062 		.ascii	"tmpbuf\000"
 1948      756600
 1949              	.LASF8:
 1950 0058 6C6F6E67 		.ascii	"long int\000"
 1950      20696E74 
 1950      00
 1951              	.LASF42:
 1952 0061 6368736E 		.ascii	"chsnprintf\000"
 1952      7072696E 
 1952      746600
 1953              	.LASF24:
 1954 006c 5F5F7661 		.ascii	"__va_list\000"
 1954      5F6C6973 
 1954      7400
 1955              	.LASF27:
 1956 0076 62756666 		.ascii	"buffer\000"
 1956      657200
 1957              	.LASF35:
 1958 007d 66696C6C 		.ascii	"filler\000"
 1958      657200
 1959              	.LASF38:
 1960 0084 69735F6C 		.ascii	"is_long\000"
 1960      6F6E6700 
 1961              	.LASF21:
 1962 008c 42617365 		.ascii	"BaseSequentialStream\000"
 1962      53657175 
ARM GAS  /tmp/ccSc3bGh.s 			page 36


 1962      656E7469 
 1962      616C5374 
 1962      7265616D 
 1963              	.LASF0:
 1964 00a1 756E7369 		.ascii	"unsigned int\000"
 1964      676E6564 
 1964      20696E74 
 1964      00
 1965              	.LASF9:
 1966 00ae 6C6F6E67 		.ascii	"long unsigned int\000"
 1966      20756E73 
 1966      69676E65 
 1966      6420696E 
 1966      7400
 1967              	.LASF39:
 1968 00c0 6C656674 		.ascii	"left_align\000"
 1968      5F616C69 
 1968      676E00
 1969              	.LASF37:
 1970 00cb 77696474 		.ascii	"width\000"
 1970      6800
 1971              	.LASF28:
 1972 00d1 73697A65 		.ascii	"size\000"
 1972      00
 1973              	.LASF6:
 1974 00d6 73686F72 		.ascii	"short unsigned int\000"
 1974      7420756E 
 1974      7369676E 
 1974      65642069 
 1974      6E7400
 1975              	.LASF16:
 1976 00e9 6D73675F 		.ascii	"msg_t\000"
 1976      7400
 1977              	.LASF34:
 1978 00ef 6C746F61 		.ascii	"ltoa\000"
 1978      00
 1979              	.LASF19:
 1980 00f4 77726974 		.ascii	"write\000"
 1980      6500
 1981              	.LASF17:
 1982 00fa 73697A65 		.ascii	"sizetype\000"
 1982      74797065 
 1982      00
 1983              	.LASF43:
 1984 0103 474E5520 		.ascii	"GNU C 4.9.3 20150303 (release) [ARM/embedded-4_9-br"
 1984      4320342E 
 1984      392E3320 
 1984      32303135 
 1984      30333033 
 1985 0136 616E6368 		.ascii	"anch revision 221220] -mcpu=cortex-m4 -mfloat-abi=h"
 1985      20726576 
 1985      6973696F 
 1985      6E203232 
 1985      31323230 
 1986 0169 61726420 		.ascii	"ard -mfpu=fpv4-sp-d16 -mno-thumb-interwork -mthumb "
 1986      2D6D6670 
 1986      753D6670 
ARM GAS  /tmp/ccSc3bGh.s 			page 37


 1986      76342D73 
 1986      702D6431 
 1987 019c 2D676764 		.ascii	"-ggdb -fomit-frame-pointer -falign-functions=16 -ff"
 1987      62202D66 
 1987      6F6D6974 
 1987      2D667261 
 1987      6D652D70 
 1988 01cf 756E6374 		.ascii	"unction-sections -fdata-sections -fno-common -fsing"
 1988      696F6E2D 
 1988      73656374 
 1988      696F6E73 
 1988      202D6664 
 1989 0202 6C652D70 		.ascii	"le-precision-constant\000"
 1989      72656369 
 1989      73696F6E 
 1989      2D636F6E 
 1989      7374616E 
 1990              	.LASF47:
 1991 0218 756E7369 		.ascii	"unsigned_common\000"
 1991      676E6564 
 1991      5F636F6D 
 1991      6D6F6E00 
 1992              	.LASF32:
 1993 0228 64697669 		.ascii	"divisor\000"
 1993      736F7200 
 1994              	.LASF22:
 1995 0230 5F5F676E 		.ascii	"__gnuc_va_list\000"
 1995      75635F76 
 1995      615F6C69 
 1995      737400
 1996              	.LASF26:
 1997 023f 4D656D53 		.ascii	"MemStreamVMT\000"
 1997      74726561 
 1997      6D564D54 
 1997      00
 1998              	.LASF30:
 1999 024c 4D656D6F 		.ascii	"MemoryStream\000"
 1999      72795374 
 1999      7265616D 
 1999      00
 2000              	.LASF15:
 2001 0259 5F426F6F 		.ascii	"_Bool\000"
 2001      6C00
 2002              	.LASF13:
 2003 025f 696E7433 		.ascii	"int32_t\000"
 2003      325F7400 
 2004              	.LASF4:
 2005 0267 756E7369 		.ascii	"unsigned char\000"
 2005      676E6564 
 2005      20636861 
 2005      7200
 2006              	.LASF5:
 2007 0275 73686F72 		.ascii	"short int\000"
 2007      7420696E 
 2007      7400
 2008              	.LASF23:
 2009 027f 42617365 		.ascii	"BaseSequentialStreamVMT\000"
ARM GAS  /tmp/ccSc3bGh.s 			page 38


 2009      53657175 
 2009      656E7469 
 2009      616C5374 
 2009      7265616D 
 2010              	.LASF31:
 2011 0297 72616469 		.ascii	"radix\000"
 2011      7800
 2012              	.LASF18:
 2013 029d 63686172 		.ascii	"char\000"
 2013      00
 2014              	.LASF36:
 2015 02a2 70726563 		.ascii	"precision\000"
 2015      6973696F 
 2015      6E00
 2016              	.LASF7:
 2017 02ac 5F5F696E 		.ascii	"__int32_t\000"
 2017      7433325F 
 2017      7400
 2018              	.LASF44:
 2019 02b6 2F686F6D 		.ascii	"/home/makkmarci/workspace/ChibiOS_2.6.8/os/various/"
 2019      652F6D61 
 2019      6B6B6D61 
 2019      7263692F 
 2019      776F726B 
 2020 02e9 63687072 		.ascii	"chprintf.c\000"
 2020      696E7466 
 2020      2E6300
 2021              	.LASF29:
 2022 02f4 6F666673 		.ascii	"offset\000"
 2022      657400
 2023              	.LASF46:
 2024 02fb 5F5F6170 		.ascii	"__ap\000"
 2024      00
 2025              	.LASF12:
 2026 0300 75696E74 		.ascii	"uint8_t\000"
 2026      385F7400 
 2027              	.LASF41:
 2028 0308 63687670 		.ascii	"chvprintf\000"
 2028      72696E74 
 2028      6600
 2029              	.LASF45:
 2030 0312 2F686F6D 		.ascii	"/home/makkmarci/workspace/STM32F4_ChibiOS_uGFX_gwin"
 2030      652F6D61 
 2030      6B6B6D61 
 2030      7263692F 
 2030      776F726B 
 2031 0345 5F3200   		.ascii	"_2\000"
 2032              	.LASF20:
 2033 0348 72656164 		.ascii	"read\000"
 2033      00
 2034              	.LASF33:
 2035 034d 6C6F6E67 		.ascii	"long_to_string_with_divisor\000"
 2035      5F746F5F 
 2035      73747269 
 2035      6E675F77 
 2035      6974685F 
 2036              		.ident	"GCC: (GNU Tools for ARM Embedded Processors) 4.9.3 20150303 (release) [ARM/embedded-4_9-br
ARM GAS  /tmp/ccSc3bGh.s 			page 39


ARM GAS  /tmp/ccSc3bGh.s 			page 40


DEFINED SYMBOLS
                            *ABS*:00000000 chprintf.c
     /tmp/ccSc3bGh.s:21     .text.long_to_string_with_divisor:00000000 $t
     /tmp/ccSc3bGh.s:26     .text.long_to_string_with_divisor:00000000 long_to_string_with_divisor
     /tmp/ccSc3bGh.s:139    .text.ltoa:00000000 $t
     /tmp/ccSc3bGh.s:144    .text.ltoa:00000000 ltoa
     /tmp/ccSc3bGh.s:175    .rodata:00000000 $d
     /tmp/ccSc3bGh.s:179    .text.chvprintf:00000000 $t
     /tmp/ccSc3bGh.s:185    .text.chvprintf:00000000 chvprintf
     /tmp/ccSc3bGh.s:440    .text.chvprintf:000001a4 $d
     /tmp/ccSc3bGh.s:493    .text.chvprintf:00000278 $t
     /tmp/ccSc3bGh.s:785    .text.chvprintf:00000434 $d
     /tmp/ccSc3bGh.s:790    .text.chsnprintf:00000000 $t
     /tmp/ccSc3bGh.s:796    .text.chsnprintf:00000000 chsnprintf
                     .debug_frame:00000010 $d
     /tmp/ccSc3bGh.s:789    .text.chvprintf:00000438 $t

UNDEFINED SYMBOLS
msObjectInit
