ARM GAS  /tmp/ccc4yxeN.s 			page 1


   1              		.syntax unified
   2              		.cpu cortex-m4
   3              		.eabi_attribute 27, 3
   4              		.eabi_attribute 28, 1
   5              		.fpu fpv4-sp-d16
   6              		.eabi_attribute 20, 1
   7              		.eabi_attribute 21, 1
   8              		.eabi_attribute 23, 3
   9              		.eabi_attribute 24, 1
  10              		.eabi_attribute 25, 1
  11              		.eabi_attribute 26, 1
  12              		.eabi_attribute 30, 2
  13              		.eabi_attribute 34, 1
  14              		.eabi_attribute 18, 4
  15              		.thumb
  16              		.file	"chregistry.c"
  17              		.text
  18              	.Ltext0:
  19              		.cfi_sections	.debug_frame
  20              		.section	.text.chRegFirstThread,"ax",%progbits
  21              		.align	2
  22              		.p2align 4,,15
  23              		.global	chRegFirstThread
  24              		.thumb
  25              		.thumb_func
  26              		.type	chRegFirstThread, %function
  27              	chRegFirstThread:
  28              	.LFB7:
  29              		.file 1 "../../os/kernel/src/chregistry.c"
  30              		.loc 1 117 0
  31              		.cfi_startproc
  32              		@ args = 0, pretend = 0, frame = 0
  33              		@ frame_needed = 0, uses_anonymous_args = 0
  34 0000 10B5     		push	{r4, lr}
  35              		.cfi_def_cfa_offset 8
  36              		.cfi_offset 4, -8
  37              		.cfi_offset 14, -4
  38              	.LBB2:
  39              		.loc 1 120 0
  40 0002 2023     		movs	r3, #32
  41              	@ 120 "../../os/kernel/src/chregistry.c" 1
  42 0004 83F31188 		msr     BASEPRI, r3
  43              	@ 0 "" 2
  44              		.thumb
  45              	.LBE2:
  46 0008 FFF7FEFF 		bl	dbg_check_lock
  47              	.LVL0:
  48              		.loc 1 121 0
  49 000c 064B     		ldr	r3, .L2
  50 000e 1C69     		ldr	r4, [r3, #16]
  51              	.LVL1:
  52              		.loc 1 123 0
  53 0010 94F82230 		ldrb	r3, [r4, #34]	@ zero_extendqisi2
  54 0014 0133     		adds	r3, r3, #1
  55 0016 84F82230 		strb	r3, [r4, #34]
  56              		.loc 1 125 0
  57 001a FFF7FEFF 		bl	dbg_check_unlock
ARM GAS  /tmp/ccc4yxeN.s 			page 2


  58              	.LVL2:
  59              	.LBB3:
  60 001e 0023     		movs	r3, #0
  61              	@ 125 "../../os/kernel/src/chregistry.c" 1
  62 0020 83F31188 		msr     BASEPRI, r3
  63              	@ 0 "" 2
  64              		.thumb
  65              	.LBE3:
  66              		.loc 1 127 0
  67 0024 2046     		mov	r0, r4
  68 0026 10BD     		pop	{r4, pc}
  69              	.LVL3:
  70              	.L3:
  71              		.align	2
  72              	.L2:
  73 0028 00000000 		.word	rlist
  74              		.cfi_endproc
  75              	.LFE7:
  76              		.size	chRegFirstThread, .-chRegFirstThread
  77 002c AFF30080 		.section	.text.chRegNextThread,"ax",%progbits
  78              		.align	2
  79              		.p2align 4,,15
  80              		.global	chRegNextThread
  81              		.thumb
  82              		.thumb_func
  83              		.type	chRegNextThread, %function
  84              	chRegNextThread:
  85              	.LFB8:
  86              		.loc 1 140 0
  87              		.cfi_startproc
  88              		@ args = 0, pretend = 0, frame = 0
  89              		@ frame_needed = 0, uses_anonymous_args = 0
  90              	.LVL4:
  91 0000 38B5     		push	{r3, r4, r5, lr}
  92              		.cfi_def_cfa_offset 16
  93              		.cfi_offset 3, -16
  94              		.cfi_offset 4, -12
  95              		.cfi_offset 5, -8
  96              		.cfi_offset 14, -4
  97              		.loc 1 140 0
  98 0002 0546     		mov	r5, r0
  99              	.LBB4:
 100              		.loc 1 143 0
 101 0004 2023     		movs	r3, #32
 102              	@ 143 "../../os/kernel/src/chregistry.c" 1
 103 0006 83F31188 		msr     BASEPRI, r3
 104              	@ 0 "" 2
 105              		.thumb
 106              	.LBE4:
 107 000a FFF7FEFF 		bl	dbg_check_lock
 108              	.LVL5:
 109              		.loc 1 144 0
 110 000e 2C69     		ldr	r4, [r5, #16]
 111              	.LVL6:
 112              		.loc 1 145 0
 113 0010 0D4B     		ldr	r3, .L10
 114 0012 9C42     		cmp	r4, r3
ARM GAS  /tmp/ccc4yxeN.s 			page 3


 115 0014 16D0     		beq	.L7
 116              		.loc 1 149 0
 117 0016 94F82230 		ldrb	r3, [r4, #34]	@ zero_extendqisi2
 118 001a FF2B     		cmp	r3, #255
 119 001c 0CD0     		beq	.L9
 120              	.L6:
 121              		.loc 1 151 0
 122 001e 0133     		adds	r3, r3, #1
 123 0020 84F82230 		strb	r3, [r4, #34]
 124              	.LVL7:
 125              	.L5:
 126              		.loc 1 154 0
 127 0024 FFF7FEFF 		bl	dbg_check_unlock
 128              	.LVL8:
 129              	.LBB5:
 130 0028 0023     		movs	r3, #0
 131              	@ 154 "../../os/kernel/src/chregistry.c" 1
 132 002a 83F31188 		msr     BASEPRI, r3
 133              	@ 0 "" 2
 134              		.thumb
 135              	.LBE5:
 136              		.loc 1 156 0
 137 002e 2846     		mov	r0, r5
 138 0030 FFF7FEFF 		bl	chThdRelease
 139              	.LVL9:
 140              		.loc 1 159 0
 141 0034 2046     		mov	r0, r4
 142 0036 38BD     		pop	{r3, r4, r5, pc}
 143              	.LVL10:
 144              	.L9:
 145              		.loc 1 149 0 discriminator 1
 146 0038 0448     		ldr	r0, .L10+4
 147 003a FFF7FEFF 		bl	chDbgPanic
 148              	.LVL11:
 149 003e 94F82230 		ldrb	r3, [r4, #34]	@ zero_extendqisi2
 150 0042 ECE7     		b	.L6
 151              	.L7:
 152              		.loc 1 146 0
 153 0044 0024     		movs	r4, #0
 154              	.LVL12:
 155 0046 EDE7     		b	.L5
 156              	.L11:
 157              		.align	2
 158              	.L10:
 159 0048 00000000 		.word	rlist
 160 004c 00000000 		.word	.LC0
 161              		.cfi_endproc
 162              	.LFE8:
 163              		.size	chRegNextThread, .-chRegNextThread
 164              		.global	ch_debug
 165              		.section	.rodata.ch_debug,"a",%progbits
 166              		.align	2
 167              		.type	ch_debug, %object
 168              		.size	ch_debug, 22
 169              	ch_debug:
 170 0000 6D61696E 		.ascii	"main"
 171 0004 00       		.byte	0
ARM GAS  /tmp/ccc4yxeN.s 			page 4


 172 0005 16       		.byte	22
 173 0006 8511     		.short	4485
 174 0008 04       		.byte	4
 175 0009 04       		.byte	4
 176 000a 4C       		.byte	76
 177 000b 08       		.byte	8
 178 000c 0C       		.byte	12
 179 000d 10       		.byte	16
 180 000e 14       		.byte	20
 181 000f 18       		.byte	24
 182 0010 1C       		.byte	28
 183 0011 20       		.byte	32
 184 0012 21       		.byte	33
 185 0013 22       		.byte	34
 186 0014 23       		.byte	35
 187 0015 24       		.byte	36
 188 0016 0000     		.section	.rodata.str1.4,"aMS",%progbits,1
 189              		.align	2
 190              	.LC0:
 191 0000 63685265 		.ascii	"chRegNextThread(), #1\000"
 191      674E6578 
 191      74546872 
 191      65616428 
 191      292C2023 
 192 0016 0000     		.text
 193              	.Letext0:
 194              		.file 2 "/opt/ARM/lib/gcc/arm-none-eabi/4.8.4/include/stddef.h"
 195              		.file 3 "/opt/ARM/arm-none-eabi/include/machine/_default_types.h"
 196              		.file 4 "/opt/ARM/arm-none-eabi/include/stdint.h"
 197              		.file 5 "../../os/ports/GCC/ARMCMx/chtypes.h"
 198              		.file 6 "../../os/kernel/include/chlists.h"
 199              		.file 7 "../../os/kernel/include/chthreads.h"
 200              		.file 8 "../../os/ports/GCC/ARMCMx/chcore_v7m.h"
 201              		.file 9 "../../os/kernel/include/chschd.h"
 202              		.file 10 "../../os/kernel/include/chmtx.h"
 203              		.file 11 "../../os/kernel/include/chregistry.h"
 204              		.file 12 "../../os/kernel/include/chdebug.h"
 205              		.file 13 "../../os/kernel/include/chdynamic.h"
 206              		.section	.debug_info,"",%progbits
 207              	.Ldebug_info0:
 208 0000 87070000 		.4byte	0x787
 209 0004 0400     		.2byte	0x4
 210 0006 00000000 		.4byte	.Ldebug_abbrev0
 211 000a 04       		.byte	0x4
 212 000b 01       		.uleb128 0x1
 213 000c FD020000 		.4byte	.LASF98
 214 0010 01       		.byte	0x1
 215 0011 F4040000 		.4byte	.LASF99
 216 0015 9F040000 		.4byte	.LASF100
 217 0019 00000000 		.4byte	.Ldebug_ranges0+0
 218 001d 00000000 		.4byte	0
 219 0021 00000000 		.4byte	.Ldebug_line0
 220 0025 02       		.uleb128 0x2
 221 0026 04       		.byte	0x4
 222 0027 05       		.byte	0x5
 223 0028 696E7400 		.ascii	"int\000"
 224 002c 03       		.uleb128 0x3
ARM GAS  /tmp/ccc4yxeN.s 			page 5


 225 002d 13000000 		.4byte	.LASF2
 226 0031 02       		.byte	0x2
 227 0032 D4       		.byte	0xd4
 228 0033 37000000 		.4byte	0x37
 229 0037 04       		.uleb128 0x4
 230 0038 04       		.byte	0x4
 231 0039 07       		.byte	0x7
 232 003a 2F010000 		.4byte	.LASF0
 233 003e 04       		.uleb128 0x4
 234 003f 01       		.byte	0x1
 235 0040 06       		.byte	0x6
 236 0041 97000000 		.4byte	.LASF1
 237 0045 03       		.uleb128 0x3
 238 0046 2A000000 		.4byte	.LASF3
 239 004a 03       		.byte	0x3
 240 004b 1C       		.byte	0x1c
 241 004c 50000000 		.4byte	0x50
 242 0050 04       		.uleb128 0x4
 243 0051 01       		.byte	0x1
 244 0052 08       		.byte	0x8
 245 0053 91020000 		.4byte	.LASF4
 246 0057 04       		.uleb128 0x4
 247 0058 02       		.byte	0x2
 248 0059 05       		.byte	0x5
 249 005a A9020000 		.4byte	.LASF5
 250 005e 03       		.uleb128 0x3
 251 005f 67040000 		.4byte	.LASF6
 252 0063 03       		.byte	0x3
 253 0064 26       		.byte	0x26
 254 0065 69000000 		.4byte	0x69
 255 0069 04       		.uleb128 0x4
 256 006a 02       		.byte	0x2
 257 006b 07       		.byte	0x7
 258 006c 6D010000 		.4byte	.LASF7
 259 0070 03       		.uleb128 0x3
 260 0071 8E040000 		.4byte	.LASF8
 261 0075 03       		.byte	0x3
 262 0076 37       		.byte	0x37
 263 0077 7B000000 		.4byte	0x7b
 264 007b 04       		.uleb128 0x4
 265 007c 04       		.byte	0x4
 266 007d 05       		.byte	0x5
 267 007e DA000000 		.4byte	.LASF9
 268 0082 03       		.uleb128 0x3
 269 0083 10010000 		.4byte	.LASF10
 270 0087 03       		.byte	0x3
 271 0088 38       		.byte	0x38
 272 0089 8D000000 		.4byte	0x8d
 273 008d 04       		.uleb128 0x4
 274 008e 04       		.byte	0x4
 275 008f 07       		.byte	0x7
 276 0090 3C010000 		.4byte	.LASF11
 277 0094 04       		.uleb128 0x4
 278 0095 08       		.byte	0x8
 279 0096 05       		.byte	0x5
 280 0097 89000000 		.4byte	.LASF12
 281 009b 03       		.uleb128 0x3
ARM GAS  /tmp/ccc4yxeN.s 			page 6


 282 009c 56020000 		.4byte	.LASF13
 283 00a0 03       		.byte	0x3
 284 00a1 4E       		.byte	0x4e
 285 00a2 A6000000 		.4byte	0xa6
 286 00a6 04       		.uleb128 0x4
 287 00a7 08       		.byte	0x8
 288 00a8 07       		.byte	0x7
 289 00a9 42000000 		.4byte	.LASF14
 290 00ad 03       		.uleb128 0x3
 291 00ae 37050000 		.4byte	.LASF15
 292 00b2 04       		.byte	0x4
 293 00b3 2A       		.byte	0x2a
 294 00b4 45000000 		.4byte	0x45
 295 00b8 03       		.uleb128 0x3
 296 00b9 EC000000 		.4byte	.LASF16
 297 00bd 04       		.byte	0x4
 298 00be 36       		.byte	0x36
 299 00bf 5E000000 		.4byte	0x5e
 300 00c3 03       		.uleb128 0x3
 301 00c4 89020000 		.4byte	.LASF17
 302 00c8 04       		.byte	0x4
 303 00c9 41       		.byte	0x41
 304 00ca 70000000 		.4byte	0x70
 305 00ce 03       		.uleb128 0x3
 306 00cf 35040000 		.4byte	.LASF18
 307 00d3 04       		.byte	0x4
 308 00d4 42       		.byte	0x42
 309 00d5 82000000 		.4byte	0x82
 310 00d9 03       		.uleb128 0x3
 311 00da 21000000 		.4byte	.LASF19
 312 00de 04       		.byte	0x4
 313 00df 4E       		.byte	0x4e
 314 00e0 9B000000 		.4byte	0x9b
 315 00e4 04       		.uleb128 0x4
 316 00e5 01       		.byte	0x1
 317 00e6 02       		.byte	0x2
 318 00e7 83020000 		.4byte	.LASF20
 319 00eb 03       		.uleb128 0x3
 320 00ec 9B010000 		.4byte	.LASF21
 321 00f0 05       		.byte	0x5
 322 00f1 2C       		.byte	0x2c
 323 00f2 AD000000 		.4byte	0xad
 324 00f6 03       		.uleb128 0x3
 325 00f7 E3000000 		.4byte	.LASF22
 326 00fb 05       		.byte	0x5
 327 00fc 2D       		.byte	0x2d
 328 00fd AD000000 		.4byte	0xad
 329 0101 03       		.uleb128 0x3
 330 0102 61020000 		.4byte	.LASF23
 331 0106 05       		.byte	0x5
 332 0107 2E       		.byte	0x2e
 333 0108 AD000000 		.4byte	0xad
 334 010c 03       		.uleb128 0x3
 335 010d D0000000 		.4byte	.LASF24
 336 0111 05       		.byte	0x5
 337 0112 2F       		.byte	0x2f
 338 0113 AD000000 		.4byte	0xad
ARM GAS  /tmp/ccc4yxeN.s 			page 7


 339 0117 03       		.uleb128 0x3
 340 0118 7B020000 		.4byte	.LASF25
 341 011c 05       		.byte	0x5
 342 011d 30       		.byte	0x30
 343 011e CE000000 		.4byte	0xce
 344 0122 03       		.uleb128 0x3
 345 0123 8D010000 		.4byte	.LASF26
 346 0127 05       		.byte	0x5
 347 0128 31       		.byte	0x31
 348 0129 C3000000 		.4byte	0xc3
 349 012d 03       		.uleb128 0x3
 350 012e AF010000 		.4byte	.LASF27
 351 0132 05       		.byte	0x5
 352 0133 33       		.byte	0x33
 353 0134 CE000000 		.4byte	0xce
 354 0138 03       		.uleb128 0x3
 355 0139 79040000 		.4byte	.LASF28
 356 013d 05       		.byte	0x5
 357 013e 35       		.byte	0x35
 358 013f CE000000 		.4byte	0xce
 359 0143 03       		.uleb128 0x3
 360 0144 16040000 		.4byte	.LASF29
 361 0148 06       		.byte	0x6
 362 0149 2A       		.byte	0x2a
 363 014a 4E010000 		.4byte	0x14e
 364 014e 05       		.uleb128 0x5
 365 014f 16040000 		.4byte	.LASF29
 366 0153 4C       		.byte	0x4c
 367 0154 07       		.byte	0x7
 368 0155 5E       		.byte	0x5e
 369 0156 57020000 		.4byte	0x257
 370 015a 06       		.uleb128 0x6
 371 015b DF020000 		.4byte	.LASF30
 372 015f 07       		.byte	0x7
 373 0160 5F       		.byte	0x5f
 374 0161 78020000 		.4byte	0x278
 375 0165 00       		.byte	0
 376 0166 06       		.uleb128 0x6
 377 0167 74020000 		.4byte	.LASF31
 378 016b 07       		.byte	0x7
 379 016c 61       		.byte	0x61
 380 016d 78020000 		.4byte	0x278
 381 0171 04       		.byte	0x4
 382 0172 06       		.uleb128 0x6
 383 0173 75000000 		.4byte	.LASF32
 384 0177 07       		.byte	0x7
 385 0178 63       		.byte	0x63
 386 0179 17010000 		.4byte	0x117
 387 017d 08       		.byte	0x8
 388 017e 06       		.uleb128 0x6
 389 017f 60050000 		.4byte	.LASF33
 390 0183 07       		.byte	0x7
 391 0184 64       		.byte	0x64
 392 0185 0D040000 		.4byte	0x40d
 393 0189 0C       		.byte	0xc
 394 018a 06       		.uleb128 0x6
 395 018b FF000000 		.4byte	.LASF34
ARM GAS  /tmp/ccc4yxeN.s 			page 8


 396 018f 07       		.byte	0x7
 397 0190 66       		.byte	0x66
 398 0191 78020000 		.4byte	0x278
 399 0195 10       		.byte	0x10
 400 0196 06       		.uleb128 0x6
 401 0197 10020000 		.4byte	.LASF35
 402 019b 07       		.byte	0x7
 403 019c 67       		.byte	0x67
 404 019d 78020000 		.4byte	0x278
 405 01a1 14       		.byte	0x14
 406 01a2 06       		.uleb128 0x6
 407 01a3 46050000 		.4byte	.LASF36
 408 01a7 07       		.byte	0x7
 409 01a8 6E       		.byte	0x6e
 410 01a9 0D050000 		.4byte	0x50d
 411 01ad 18       		.byte	0x18
 412 01ae 06       		.uleb128 0x6
 413 01af 24010000 		.4byte	.LASF37
 414 01b3 07       		.byte	0x7
 415 01b4 74       		.byte	0x74
 416 01b5 1F050000 		.4byte	0x51f
 417 01b9 1C       		.byte	0x1c
 418 01ba 06       		.uleb128 0x6
 419 01bb B3020000 		.4byte	.LASF38
 420 01bf 07       		.byte	0x7
 421 01c0 79       		.byte	0x79
 422 01c1 F6000000 		.4byte	0xf6
 423 01c5 20       		.byte	0x20
 424 01c6 06       		.uleb128 0x6
 425 01c7 F5020000 		.4byte	.LASF39
 426 01cb 07       		.byte	0x7
 427 01cc 7D       		.byte	0x7d
 428 01cd EB000000 		.4byte	0xeb
 429 01d1 21       		.byte	0x21
 430 01d2 06       		.uleb128 0x6
 431 01d3 20050000 		.4byte	.LASF40
 432 01d7 07       		.byte	0x7
 433 01d8 82       		.byte	0x82
 434 01d9 01010000 		.4byte	0x101
 435 01dd 22       		.byte	0x22
 436 01de 06       		.uleb128 0x6
 437 01df BB020000 		.4byte	.LASF41
 438 01e3 07       		.byte	0x7
 439 01e4 88       		.byte	0x88
 440 01e5 0C010000 		.4byte	0x10c
 441 01e9 23       		.byte	0x23
 442 01ea 06       		.uleb128 0x6
 443 01eb 98040000 		.4byte	.LASF42
 444 01ef 07       		.byte	0x7
 445 01f0 8F       		.byte	0x8f
 446 01f1 35040000 		.4byte	0x435
 447 01f5 24       		.byte	0x24
 448 01f6 07       		.uleb128 0x7
 449 01f7 705F7500 		.ascii	"p_u\000"
 450 01fb 07       		.byte	0x7
 451 01fc B4       		.byte	0xb4
 452 01fd D8040000 		.4byte	0x4d8
ARM GAS  /tmp/ccc4yxeN.s 			page 9


 453 0201 28       		.byte	0x28
 454 0202 06       		.uleb128 0x6
 455 0203 66050000 		.4byte	.LASF43
 456 0207 07       		.byte	0x7
 457 0208 B9       		.byte	0xb9
 458 0209 9E020000 		.4byte	0x29e
 459 020d 2C       		.byte	0x2c
 460 020e 06       		.uleb128 0x6
 461 020f E9040000 		.4byte	.LASF44
 462 0213 07       		.byte	0x7
 463 0214 BF       		.byte	0xbf
 464 0215 7E020000 		.4byte	0x27e
 465 0219 30       		.byte	0x30
 466 021a 06       		.uleb128 0x6
 467 021b 0D000000 		.4byte	.LASF45
 468 021f 07       		.byte	0x7
 469 0220 C3       		.byte	0xc3
 470 0221 22010000 		.4byte	0x122
 471 0225 38       		.byte	0x38
 472 0226 06       		.uleb128 0x6
 473 0227 2A040000 		.4byte	.LASF46
 474 022b 07       		.byte	0x7
 475 022c C9       		.byte	0xc9
 476 022d 2D010000 		.4byte	0x12d
 477 0231 3C       		.byte	0x3c
 478 0232 06       		.uleb128 0x6
 479 0233 9F020000 		.4byte	.LASF47
 480 0237 07       		.byte	0x7
 481 0238 D0       		.byte	0xd0
 482 0239 25050000 		.4byte	0x525
 483 023d 40       		.byte	0x40
 484 023e 06       		.uleb128 0x6
 485 023f 83040000 		.4byte	.LASF48
 486 0243 07       		.byte	0x7
 487 0244 D4       		.byte	0xd4
 488 0245 17010000 		.4byte	0x117
 489 0249 44       		.byte	0x44
 490 024a 06       		.uleb128 0x6
 491 024b C0000000 		.4byte	.LASF49
 492 024f 07       		.byte	0x7
 493 0250 DA       		.byte	0xda
 494 0251 B4020000 		.4byte	0x2b4
 495 0255 48       		.byte	0x48
 496 0256 00       		.byte	0
 497 0257 08       		.uleb128 0x8
 498 0258 08       		.byte	0x8
 499 0259 06       		.byte	0x6
 500 025a 61       		.byte	0x61
 501 025b 78020000 		.4byte	0x278
 502 025f 06       		.uleb128 0x6
 503 0260 DF020000 		.4byte	.LASF30
 504 0264 06       		.byte	0x6
 505 0265 62       		.byte	0x62
 506 0266 78020000 		.4byte	0x278
 507 026a 00       		.byte	0
 508 026b 06       		.uleb128 0x6
 509 026c 74020000 		.4byte	.LASF31
ARM GAS  /tmp/ccc4yxeN.s 			page 10


 510 0270 06       		.byte	0x6
 511 0271 64       		.byte	0x64
 512 0272 78020000 		.4byte	0x278
 513 0276 04       		.byte	0x4
 514 0277 00       		.byte	0
 515 0278 09       		.uleb128 0x9
 516 0279 04       		.byte	0x4
 517 027a 43010000 		.4byte	0x143
 518 027e 03       		.uleb128 0x3
 519 027f 1E020000 		.4byte	.LASF50
 520 0283 06       		.byte	0x6
 521 0284 66       		.byte	0x66
 522 0285 57020000 		.4byte	0x257
 523 0289 08       		.uleb128 0x8
 524 028a 04       		.byte	0x4
 525 028b 06       		.byte	0x6
 526 028c 6B       		.byte	0x6b
 527 028d 9E020000 		.4byte	0x29e
 528 0291 06       		.uleb128 0x6
 529 0292 DF020000 		.4byte	.LASF30
 530 0296 06       		.byte	0x6
 531 0297 6D       		.byte	0x6d
 532 0298 78020000 		.4byte	0x278
 533 029c 00       		.byte	0
 534 029d 00       		.byte	0
 535 029e 03       		.uleb128 0x3
 536 029f A3010000 		.4byte	.LASF51
 537 02a3 06       		.byte	0x6
 538 02a4 70       		.byte	0x70
 539 02a5 89020000 		.4byte	0x289
 540 02a9 03       		.uleb128 0x3
 541 02aa 1B010000 		.4byte	.LASF52
 542 02ae 08       		.byte	0x8
 543 02af E5       		.byte	0xe5
 544 02b0 B4020000 		.4byte	0x2b4
 545 02b4 0A       		.uleb128 0xa
 546 02b5 04       		.byte	0x4
 547 02b6 03       		.uleb128 0x3
 548 02b7 C1010000 		.4byte	.LASF53
 549 02bb 08       		.byte	0x8
 550 02bc EB       		.byte	0xeb
 551 02bd D9000000 		.4byte	0xd9
 552 02c1 0B       		.uleb128 0xb
 553 02c2 E2040000 		.4byte	.LASF54
 554 02c6 64       		.byte	0x64
 555 02c7 08       		.byte	0x8
 556 02c8 0C01     		.2byte	0x10c
 557 02ca 0D040000 		.4byte	0x40d
 558 02ce 0C       		.uleb128 0xc
 559 02cf 73313600 		.ascii	"s16\000"
 560 02d3 08       		.byte	0x8
 561 02d4 0E01     		.2byte	0x10e
 562 02d6 A9020000 		.4byte	0x2a9
 563 02da 00       		.byte	0
 564 02db 0C       		.uleb128 0xc
 565 02dc 73313700 		.ascii	"s17\000"
 566 02e0 08       		.byte	0x8
ARM GAS  /tmp/ccc4yxeN.s 			page 11


 567 02e1 0F01     		.2byte	0x10f
 568 02e3 A9020000 		.4byte	0x2a9
 569 02e7 04       		.byte	0x4
 570 02e8 0C       		.uleb128 0xc
 571 02e9 73313800 		.ascii	"s18\000"
 572 02ed 08       		.byte	0x8
 573 02ee 1001     		.2byte	0x110
 574 02f0 A9020000 		.4byte	0x2a9
 575 02f4 08       		.byte	0x8
 576 02f5 0C       		.uleb128 0xc
 577 02f6 73313900 		.ascii	"s19\000"
 578 02fa 08       		.byte	0x8
 579 02fb 1101     		.2byte	0x111
 580 02fd A9020000 		.4byte	0x2a9
 581 0301 0C       		.byte	0xc
 582 0302 0C       		.uleb128 0xc
 583 0303 73323000 		.ascii	"s20\000"
 584 0307 08       		.byte	0x8
 585 0308 1201     		.2byte	0x112
 586 030a A9020000 		.4byte	0x2a9
 587 030e 10       		.byte	0x10
 588 030f 0C       		.uleb128 0xc
 589 0310 73323100 		.ascii	"s21\000"
 590 0314 08       		.byte	0x8
 591 0315 1301     		.2byte	0x113
 592 0317 A9020000 		.4byte	0x2a9
 593 031b 14       		.byte	0x14
 594 031c 0C       		.uleb128 0xc
 595 031d 73323200 		.ascii	"s22\000"
 596 0321 08       		.byte	0x8
 597 0322 1401     		.2byte	0x114
 598 0324 A9020000 		.4byte	0x2a9
 599 0328 18       		.byte	0x18
 600 0329 0C       		.uleb128 0xc
 601 032a 73323300 		.ascii	"s23\000"
 602 032e 08       		.byte	0x8
 603 032f 1501     		.2byte	0x115
 604 0331 A9020000 		.4byte	0x2a9
 605 0335 1C       		.byte	0x1c
 606 0336 0C       		.uleb128 0xc
 607 0337 73323400 		.ascii	"s24\000"
 608 033b 08       		.byte	0x8
 609 033c 1601     		.2byte	0x116
 610 033e A9020000 		.4byte	0x2a9
 611 0342 20       		.byte	0x20
 612 0343 0C       		.uleb128 0xc
 613 0344 73323500 		.ascii	"s25\000"
 614 0348 08       		.byte	0x8
 615 0349 1701     		.2byte	0x117
 616 034b A9020000 		.4byte	0x2a9
 617 034f 24       		.byte	0x24
 618 0350 0C       		.uleb128 0xc
 619 0351 73323600 		.ascii	"s26\000"
 620 0355 08       		.byte	0x8
 621 0356 1801     		.2byte	0x118
 622 0358 A9020000 		.4byte	0x2a9
 623 035c 28       		.byte	0x28
ARM GAS  /tmp/ccc4yxeN.s 			page 12


 624 035d 0C       		.uleb128 0xc
 625 035e 73323700 		.ascii	"s27\000"
 626 0362 08       		.byte	0x8
 627 0363 1901     		.2byte	0x119
 628 0365 A9020000 		.4byte	0x2a9
 629 0369 2C       		.byte	0x2c
 630 036a 0C       		.uleb128 0xc
 631 036b 73323800 		.ascii	"s28\000"
 632 036f 08       		.byte	0x8
 633 0370 1A01     		.2byte	0x11a
 634 0372 A9020000 		.4byte	0x2a9
 635 0376 30       		.byte	0x30
 636 0377 0C       		.uleb128 0xc
 637 0378 73323900 		.ascii	"s29\000"
 638 037c 08       		.byte	0x8
 639 037d 1B01     		.2byte	0x11b
 640 037f A9020000 		.4byte	0x2a9
 641 0383 34       		.byte	0x34
 642 0384 0C       		.uleb128 0xc
 643 0385 73333000 		.ascii	"s30\000"
 644 0389 08       		.byte	0x8
 645 038a 1C01     		.2byte	0x11c
 646 038c A9020000 		.4byte	0x2a9
 647 0390 38       		.byte	0x38
 648 0391 0C       		.uleb128 0xc
 649 0392 73333100 		.ascii	"s31\000"
 650 0396 08       		.byte	0x8
 651 0397 1D01     		.2byte	0x11d
 652 0399 A9020000 		.4byte	0x2a9
 653 039d 3C       		.byte	0x3c
 654 039e 0C       		.uleb128 0xc
 655 039f 723400   		.ascii	"r4\000"
 656 03a2 08       		.byte	0x8
 657 03a3 1F01     		.2byte	0x11f
 658 03a5 A9020000 		.4byte	0x2a9
 659 03a9 40       		.byte	0x40
 660 03aa 0C       		.uleb128 0xc
 661 03ab 723500   		.ascii	"r5\000"
 662 03ae 08       		.byte	0x8
 663 03af 2001     		.2byte	0x120
 664 03b1 A9020000 		.4byte	0x2a9
 665 03b5 44       		.byte	0x44
 666 03b6 0C       		.uleb128 0xc
 667 03b7 723600   		.ascii	"r6\000"
 668 03ba 08       		.byte	0x8
 669 03bb 2101     		.2byte	0x121
 670 03bd A9020000 		.4byte	0x2a9
 671 03c1 48       		.byte	0x48
 672 03c2 0C       		.uleb128 0xc
 673 03c3 723700   		.ascii	"r7\000"
 674 03c6 08       		.byte	0x8
 675 03c7 2201     		.2byte	0x122
 676 03c9 A9020000 		.4byte	0x2a9
 677 03cd 4C       		.byte	0x4c
 678 03ce 0C       		.uleb128 0xc
 679 03cf 723800   		.ascii	"r8\000"
 680 03d2 08       		.byte	0x8
ARM GAS  /tmp/ccc4yxeN.s 			page 13


 681 03d3 2301     		.2byte	0x123
 682 03d5 A9020000 		.4byte	0x2a9
 683 03d9 50       		.byte	0x50
 684 03da 0C       		.uleb128 0xc
 685 03db 723900   		.ascii	"r9\000"
 686 03de 08       		.byte	0x8
 687 03df 2401     		.2byte	0x124
 688 03e1 A9020000 		.4byte	0x2a9
 689 03e5 54       		.byte	0x54
 690 03e6 0C       		.uleb128 0xc
 691 03e7 72313000 		.ascii	"r10\000"
 692 03eb 08       		.byte	0x8
 693 03ec 2501     		.2byte	0x125
 694 03ee A9020000 		.4byte	0x2a9
 695 03f2 58       		.byte	0x58
 696 03f3 0C       		.uleb128 0xc
 697 03f4 72313100 		.ascii	"r11\000"
 698 03f8 08       		.byte	0x8
 699 03f9 2601     		.2byte	0x126
 700 03fb A9020000 		.4byte	0x2a9
 701 03ff 5C       		.byte	0x5c
 702 0400 0C       		.uleb128 0xc
 703 0401 6C7200   		.ascii	"lr\000"
 704 0404 08       		.byte	0x8
 705 0405 2701     		.2byte	0x127
 706 0407 A9020000 		.4byte	0x2a9
 707 040b 60       		.byte	0x60
 708 040c 00       		.byte	0
 709 040d 0B       		.uleb128 0xb
 710 040e 65010000 		.4byte	.LASF55
 711 0412 04       		.byte	0x4
 712 0413 08       		.byte	0x8
 713 0414 3101     		.2byte	0x131
 714 0416 28040000 		.4byte	0x428
 715 041a 0C       		.uleb128 0xc
 716 041b 72313300 		.ascii	"r13\000"
 717 041f 08       		.byte	0x8
 718 0420 3201     		.2byte	0x132
 719 0422 28040000 		.4byte	0x428
 720 0426 00       		.byte	0
 721 0427 00       		.byte	0
 722 0428 09       		.uleb128 0x9
 723 0429 04       		.byte	0x4
 724 042a C1020000 		.4byte	0x2c1
 725 042e 04       		.uleb128 0x4
 726 042f 04       		.byte	0x4
 727 0430 07       		.byte	0x7
 728 0431 E0010000 		.4byte	.LASF56
 729 0435 0D       		.uleb128 0xd
 730 0436 38010000 		.4byte	0x138
 731 043a 08       		.uleb128 0x8
 732 043b 1C       		.byte	0x1c
 733 043c 09       		.byte	0x9
 734 043d 5E       		.byte	0x5e
 735 043e 8B040000 		.4byte	0x48b
 736 0442 06       		.uleb128 0x6
 737 0443 4A040000 		.4byte	.LASF57
ARM GAS  /tmp/ccc4yxeN.s 			page 14


 738 0447 09       		.byte	0x9
 739 0448 5F       		.byte	0x5f
 740 0449 7E020000 		.4byte	0x27e
 741 044d 00       		.byte	0
 742 044e 06       		.uleb128 0x6
 743 044f D1020000 		.4byte	.LASF58
 744 0453 09       		.byte	0x9
 745 0454 60       		.byte	0x60
 746 0455 17010000 		.4byte	0x117
 747 0459 08       		.byte	0x8
 748 045a 06       		.uleb128 0x6
 749 045b 18020000 		.4byte	.LASF59
 750 045f 09       		.byte	0x9
 751 0460 62       		.byte	0x62
 752 0461 0D040000 		.4byte	0x40d
 753 0465 0C       		.byte	0xc
 754 0466 06       		.uleb128 0x6
 755 0467 93010000 		.4byte	.LASF60
 756 046b 09       		.byte	0x9
 757 046c 65       		.byte	0x65
 758 046d 78020000 		.4byte	0x278
 759 0471 10       		.byte	0x10
 760 0472 06       		.uleb128 0x6
 761 0473 3D020000 		.4byte	.LASF61
 762 0477 09       		.byte	0x9
 763 0478 66       		.byte	0x66
 764 0479 78020000 		.4byte	0x278
 765 047d 14       		.byte	0x14
 766 047e 06       		.uleb128 0x6
 767 047f 33020000 		.4byte	.LASF62
 768 0483 09       		.byte	0x9
 769 0484 69       		.byte	0x69
 770 0485 78020000 		.4byte	0x278
 771 0489 18       		.byte	0x18
 772 048a 00       		.byte	0
 773 048b 03       		.uleb128 0x3
 774 048c 27050000 		.4byte	.LASF63
 775 0490 09       		.byte	0x9
 776 0491 6B       		.byte	0x6b
 777 0492 3A040000 		.4byte	0x43a
 778 0496 05       		.uleb128 0x5
 779 0497 BB010000 		.4byte	.LASF64
 780 049b 10       		.byte	0x10
 781 049c 0A       		.byte	0xa
 782 049d 2C       		.byte	0x2c
 783 049e C7040000 		.4byte	0x4c7
 784 04a2 06       		.uleb128 0x6
 785 04a3 C8000000 		.4byte	.LASF65
 786 04a7 0A       		.byte	0xa
 787 04a8 2D       		.byte	0x2d
 788 04a9 7E020000 		.4byte	0x27e
 789 04ad 00       		.byte	0
 790 04ae 06       		.uleb128 0x6
 791 04af 58050000 		.4byte	.LASF66
 792 04b3 0A       		.byte	0xa
 793 04b4 2F       		.byte	0x2f
 794 04b5 78020000 		.4byte	0x278
ARM GAS  /tmp/ccc4yxeN.s 			page 15


 795 04b9 08       		.byte	0x8
 796 04ba 06       		.uleb128 0x6
 797 04bb 72040000 		.4byte	.LASF67
 798 04bf 0A       		.byte	0xa
 799 04c0 31       		.byte	0x31
 800 04c1 C7040000 		.4byte	0x4c7
 801 04c5 0C       		.byte	0xc
 802 04c6 00       		.byte	0
 803 04c7 09       		.uleb128 0x9
 804 04c8 04       		.byte	0x4
 805 04c9 96040000 		.4byte	0x496
 806 04cd 03       		.uleb128 0x3
 807 04ce BB010000 		.4byte	.LASF64
 808 04d2 0A       		.byte	0xa
 809 04d3 33       		.byte	0x33
 810 04d4 96040000 		.4byte	0x496
 811 04d8 0E       		.uleb128 0xe
 812 04d9 04       		.byte	0x4
 813 04da 07       		.byte	0x7
 814 04db 96       		.byte	0x96
 815 04dc 0D050000 		.4byte	0x50d
 816 04e0 0F       		.uleb128 0xf
 817 04e1 1A000000 		.4byte	.LASF68
 818 04e5 07       		.byte	0x7
 819 04e6 9D       		.byte	0x9d
 820 04e7 22010000 		.4byte	0x122
 821 04eb 0F       		.uleb128 0xf
 822 04ec 07010000 		.4byte	.LASF69
 823 04f0 07       		.byte	0x7
 824 04f1 A4       		.byte	0xa4
 825 04f2 22010000 		.4byte	0x122
 826 04f6 0F       		.uleb128 0xf
 827 04f7 3F050000 		.4byte	.LASF70
 828 04fb 07       		.byte	0x7
 829 04fc AB       		.byte	0xab
 830 04fd B4020000 		.4byte	0x2b4
 831 0501 0F       		.uleb128 0xf
 832 0502 D8020000 		.4byte	.LASF71
 833 0506 07       		.byte	0x7
 834 0507 B2       		.byte	0xb2
 835 0508 2D010000 		.4byte	0x12d
 836 050c 00       		.byte	0
 837 050d 09       		.uleb128 0x9
 838 050e 04       		.byte	0x4
 839 050f 13050000 		.4byte	0x513
 840 0513 10       		.uleb128 0x10
 841 0514 18050000 		.4byte	0x518
 842 0518 04       		.uleb128 0x4
 843 0519 01       		.byte	0x1
 844 051a 08       		.byte	0x8
 845 051b 52040000 		.4byte	.LASF72
 846 051f 09       		.uleb128 0x9
 847 0520 04       		.byte	0x4
 848 0521 B6020000 		.4byte	0x2b6
 849 0525 09       		.uleb128 0x9
 850 0526 04       		.byte	0x4
 851 0527 CD040000 		.4byte	0x4cd
ARM GAS  /tmp/ccc4yxeN.s 			page 16


 852 052b 08       		.uleb128 0x8
 853 052c 16       		.byte	0x16
 854 052d 0B       		.byte	0xb
 855 052e 2C       		.byte	0x2c
 856 052f 0C060000 		.4byte	0x60c
 857 0533 06       		.uleb128 0x6
 858 0534 57010000 		.4byte	.LASF73
 859 0538 0B       		.byte	0xb
 860 0539 2D       		.byte	0x2d
 861 053a 0C060000 		.4byte	0x60c
 862 053e 00       		.byte	0
 863 053f 06       		.uleb128 0x6
 864 0540 CC010000 		.4byte	.LASF74
 865 0544 0B       		.byte	0xb
 866 0545 2E       		.byte	0x2e
 867 0546 AD000000 		.4byte	0xad
 868 054a 04       		.byte	0x4
 869 054b 06       		.uleb128 0x6
 870 054c 2B020000 		.4byte	.LASF75
 871 0550 0B       		.byte	0xb
 872 0551 2F       		.byte	0x2f
 873 0552 AD000000 		.4byte	0xad
 874 0556 05       		.byte	0x5
 875 0557 06       		.uleb128 0x6
 876 0558 4D050000 		.4byte	.LASF76
 877 055c 0B       		.byte	0xb
 878 055d 30       		.byte	0x30
 879 055e B8000000 		.4byte	0xb8
 880 0562 06       		.byte	0x6
 881 0563 06       		.uleb128 0x6
 882 0564 69020000 		.4byte	.LASF77
 883 0568 0B       		.byte	0xb
 884 0569 31       		.byte	0x31
 885 056a AD000000 		.4byte	0xad
 886 056e 08       		.byte	0x8
 887 056f 06       		.uleb128 0x6
 888 0570 F8010000 		.4byte	.LASF78
 889 0574 0B       		.byte	0xb
 890 0575 32       		.byte	0x32
 891 0576 AD000000 		.4byte	0xad
 892 057a 09       		.byte	0x9
 893 057b 06       		.uleb128 0x6
 894 057c 34000000 		.4byte	.LASF79
 895 0580 0B       		.byte	0xb
 896 0581 33       		.byte	0x33
 897 0582 AD000000 		.4byte	0xad
 898 0586 0A       		.byte	0xa
 899 0587 06       		.uleb128 0x6
 900 0588 3E040000 		.4byte	.LASF80
 901 058c 0B       		.byte	0xb
 902 058d 34       		.byte	0x34
 903 058e AD000000 		.4byte	0xad
 904 0592 0B       		.byte	0xb
 905 0593 06       		.uleb128 0x6
 906 0594 15050000 		.4byte	.LASF81
 907 0598 0B       		.byte	0xb
 908 0599 35       		.byte	0x35
ARM GAS  /tmp/ccc4yxeN.s 			page 17


 909 059a AD000000 		.4byte	0xad
 910 059e 0C       		.byte	0xc
 911 059f 06       		.uleb128 0x6
 912 05a0 1D040000 		.4byte	.LASF82
 913 05a4 0B       		.byte	0xb
 914 05a5 36       		.byte	0x36
 915 05a6 AD000000 		.4byte	0xad
 916 05aa 0D       		.byte	0xd
 917 05ab 06       		.uleb128 0x6
 918 05ac 00000000 		.4byte	.LASF83
 919 05b0 0B       		.byte	0xb
 920 05b1 37       		.byte	0x37
 921 05b2 AD000000 		.4byte	0xad
 922 05b6 0E       		.byte	0xe
 923 05b7 06       		.uleb128 0x6
 924 05b8 04020000 		.4byte	.LASF84
 925 05bc 0B       		.byte	0xb
 926 05bd 38       		.byte	0x38
 927 05be AD000000 		.4byte	0xad
 928 05c2 0F       		.byte	0xf
 929 05c3 06       		.uleb128 0x6
 930 05c4 A3000000 		.4byte	.LASF85
 931 05c8 0B       		.byte	0xb
 932 05c9 39       		.byte	0x39
 933 05ca AD000000 		.4byte	0xad
 934 05ce 10       		.byte	0x10
 935 05cf 06       		.uleb128 0x6
 936 05d0 7C000000 		.4byte	.LASF86
 937 05d4 0B       		.byte	0xb
 938 05d5 3B       		.byte	0x3b
 939 05d6 AD000000 		.4byte	0xad
 940 05da 11       		.byte	0x11
 941 05db 06       		.uleb128 0x6
 942 05dc B3000000 		.4byte	.LASF87
 943 05e0 0B       		.byte	0xb
 944 05e1 3C       		.byte	0x3c
 945 05e2 AD000000 		.4byte	0xad
 946 05e6 12       		.byte	0x12
 947 05e7 06       		.uleb128 0x6
 948 05e8 D4010000 		.4byte	.LASF88
 949 05ec 0B       		.byte	0xb
 950 05ed 3D       		.byte	0x3d
 951 05ee AD000000 		.4byte	0xad
 952 05f2 13       		.byte	0x13
 953 05f3 06       		.uleb128 0x6
 954 05f4 E6020000 		.4byte	.LASF89
 955 05f8 0B       		.byte	0xb
 956 05f9 3E       		.byte	0x3e
 957 05fa AD000000 		.4byte	0xad
 958 05fe 14       		.byte	0x14
 959 05ff 06       		.uleb128 0x6
 960 0600 C5020000 		.4byte	.LASF90
 961 0604 0B       		.byte	0xb
 962 0605 40       		.byte	0x40
 963 0606 AD000000 		.4byte	0xad
 964 060a 15       		.byte	0x15
 965 060b 00       		.byte	0
ARM GAS  /tmp/ccc4yxeN.s 			page 18


 966 060c 11       		.uleb128 0x11
 967 060d 18050000 		.4byte	0x518
 968 0611 1C060000 		.4byte	0x61c
 969 0615 12       		.uleb128 0x12
 970 0616 2E040000 		.4byte	0x42e
 971 061a 03       		.byte	0x3
 972 061b 00       		.byte	0
 973 061c 03       		.uleb128 0x3
 974 061d F5000000 		.4byte	.LASF91
 975 0621 0B       		.byte	0xb
 976 0622 41       		.byte	0x41
 977 0623 2B050000 		.4byte	0x52b
 978 0627 13       		.uleb128 0x13
 979 0628 64000000 		.4byte	.LASF92
 980 062c 01       		.byte	0x1
 981 062d 75       		.byte	0x75
 982 062e 78020000 		.4byte	0x278
 983 0632 00000000 		.4byte	.LFB7
 984 0636 2C000000 		.4byte	.LFE7-.LFB7
 985 063a 01       		.uleb128 0x1
 986 063b 9C       		.byte	0x9c
 987 063c 97060000 		.4byte	0x697
 988 0640 14       		.uleb128 0x14
 989 0641 747000   		.ascii	"tp\000"
 990 0644 01       		.byte	0x1
 991 0645 76       		.byte	0x76
 992 0646 78020000 		.4byte	0x278
 993 064a 00000000 		.4byte	.LLST0
 994 064e 15       		.uleb128 0x15
 995 064f 02000000 		.4byte	.LBB2
 996 0653 06000000 		.4byte	.LBE2-.LBB2
 997 0657 69060000 		.4byte	0x669
 998 065b 16       		.uleb128 0x16
 999 065c 746D7000 		.ascii	"tmp\000"
 1000 0660 01       		.byte	0x1
 1001 0661 78       		.byte	0x78
 1002 0662 CE000000 		.4byte	0xce
 1003 0666 01       		.uleb128 0x1
 1004 0667 53       		.byte	0x53
 1005 0668 00       		.byte	0
 1006 0669 15       		.uleb128 0x15
 1007 066a 1E000000 		.4byte	.LBB3
 1008 066e 06000000 		.4byte	.LBE3-.LBB3
 1009 0672 84060000 		.4byte	0x684
 1010 0676 16       		.uleb128 0x16
 1011 0677 746D7000 		.ascii	"tmp\000"
 1012 067b 01       		.byte	0x1
 1013 067c 7D       		.byte	0x7d
 1014 067d CE000000 		.4byte	0xce
 1015 0681 01       		.uleb128 0x1
 1016 0682 53       		.byte	0x53
 1017 0683 00       		.byte	0
 1018 0684 17       		.uleb128 0x17
 1019 0685 0C000000 		.4byte	.LVL0
 1020 0689 5E070000 		.4byte	0x75e
 1021 068d 17       		.uleb128 0x17
 1022 068e 1E000000 		.4byte	.LVL2
ARM GAS  /tmp/ccc4yxeN.s 			page 19


 1023 0692 65070000 		.4byte	0x765
 1024 0696 00       		.byte	0
 1025 0697 13       		.uleb128 0x13
 1026 0698 57040000 		.4byte	.LASF93
 1027 069c 01       		.byte	0x1
 1028 069d 8C       		.byte	0x8c
 1029 069e 78020000 		.4byte	0x278
 1030 06a2 00000000 		.4byte	.LFB8
 1031 06a6 50000000 		.4byte	.LFE8-.LFB8
 1032 06aa 01       		.uleb128 0x1
 1033 06ab 9C       		.byte	0x9c
 1034 06ac 3D070000 		.4byte	0x73d
 1035 06b0 18       		.uleb128 0x18
 1036 06b1 747000   		.ascii	"tp\000"
 1037 06b4 01       		.byte	0x1
 1038 06b5 8C       		.byte	0x8c
 1039 06b6 78020000 		.4byte	0x278
 1040 06ba 1E000000 		.4byte	.LLST1
 1041 06be 14       		.uleb128 0x14
 1042 06bf 6E747000 		.ascii	"ntp\000"
 1043 06c3 01       		.byte	0x1
 1044 06c4 8D       		.byte	0x8d
 1045 06c5 78020000 		.4byte	0x278
 1046 06c9 3C000000 		.4byte	.LLST2
 1047 06cd 15       		.uleb128 0x15
 1048 06ce 04000000 		.4byte	.LBB4
 1049 06d2 06000000 		.4byte	.LBE4-.LBB4
 1050 06d6 E8060000 		.4byte	0x6e8
 1051 06da 16       		.uleb128 0x16
 1052 06db 746D7000 		.ascii	"tmp\000"
 1053 06df 01       		.byte	0x1
 1054 06e0 8F       		.byte	0x8f
 1055 06e1 CE000000 		.4byte	0xce
 1056 06e5 01       		.uleb128 0x1
 1057 06e6 53       		.byte	0x53
 1058 06e7 00       		.byte	0
 1059 06e8 15       		.uleb128 0x15
 1060 06e9 28000000 		.4byte	.LBB5
 1061 06ed 06000000 		.4byte	.LBE5-.LBB5
 1062 06f1 03070000 		.4byte	0x703
 1063 06f5 16       		.uleb128 0x16
 1064 06f6 746D7000 		.ascii	"tmp\000"
 1065 06fa 01       		.byte	0x1
 1066 06fb 9A       		.byte	0x9a
 1067 06fc CE000000 		.4byte	0xce
 1068 0700 01       		.uleb128 0x1
 1069 0701 53       		.byte	0x53
 1070 0702 00       		.byte	0
 1071 0703 17       		.uleb128 0x17
 1072 0704 0E000000 		.4byte	.LVL5
 1073 0708 5E070000 		.4byte	0x75e
 1074 070c 17       		.uleb128 0x17
 1075 070d 28000000 		.4byte	.LVL8
 1076 0711 65070000 		.4byte	0x765
 1077 0715 19       		.uleb128 0x19
 1078 0716 34000000 		.4byte	.LVL9
 1079 071a 6C070000 		.4byte	0x76c
ARM GAS  /tmp/ccc4yxeN.s 			page 20


 1080 071e 29070000 		.4byte	0x729
 1081 0722 1A       		.uleb128 0x1a
 1082 0723 01       		.uleb128 0x1
 1083 0724 50       		.byte	0x50
 1084 0725 02       		.uleb128 0x2
 1085 0726 75       		.byte	0x75
 1086 0727 00       		.sleb128 0
 1087 0728 00       		.byte	0
 1088 0729 1B       		.uleb128 0x1b
 1089 072a 3E000000 		.4byte	.LVL11
 1090 072e 7D070000 		.4byte	0x77d
 1091 0732 1A       		.uleb128 0x1a
 1092 0733 01       		.uleb128 0x1
 1093 0734 50       		.byte	0x50
 1094 0735 05       		.uleb128 0x5
 1095 0736 03       		.byte	0x3
 1096 0737 00000000 		.4byte	.LC0
 1097 073b 00       		.byte	0
 1098 073c 00       		.byte	0
 1099 073d 1C       		.uleb128 0x1c
 1100 073e 31050000 		.4byte	.LASF94
 1101 0742 09       		.byte	0x9
 1102 0743 6F       		.byte	0x6f
 1103 0744 8B040000 		.4byte	0x48b
 1104 0748 1D       		.uleb128 0x1d
 1105 0749 4E010000 		.4byte	.LASF95
 1106 074d 01       		.byte	0x1
 1107 074e 42       		.byte	0x42
 1108 074f 59070000 		.4byte	0x759
 1109 0753 05       		.uleb128 0x5
 1110 0754 03       		.byte	0x3
 1111 0755 00000000 		.4byte	ch_debug
 1112 0759 10       		.uleb128 0x10
 1113 075a 1C060000 		.4byte	0x61c
 1114 075e 1E       		.uleb128 0x1e
 1115 075f E9010000 		.4byte	.LASF96
 1116 0763 0C       		.byte	0xc
 1117 0764 E7       		.byte	0xe7
 1118 0765 1E       		.uleb128 0x1e
 1119 0766 45020000 		.4byte	.LASF97
 1120 076a 0C       		.byte	0xc
 1121 076b E8       		.byte	0xe8
 1122 076c 1F       		.uleb128 0x1f
 1123 076d 80010000 		.4byte	.LASF101
 1124 0771 0D       		.byte	0xd
 1125 0772 3A       		.byte	0x3a
 1126 0773 7D070000 		.4byte	0x77d
 1127 0777 20       		.uleb128 0x20
 1128 0778 78020000 		.4byte	0x278
 1129 077c 00       		.byte	0
 1130 077d 21       		.uleb128 0x21
 1131 077e 59000000 		.4byte	.LASF102
 1132 0782 0C       		.byte	0xc
 1133 0783 F6       		.byte	0xf6
 1134 0784 20       		.uleb128 0x20
 1135 0785 0D050000 		.4byte	0x50d
 1136 0789 00       		.byte	0
ARM GAS  /tmp/ccc4yxeN.s 			page 21


 1137 078a 00       		.byte	0
 1138              		.section	.debug_abbrev,"",%progbits
 1139              	.Ldebug_abbrev0:
 1140 0000 01       		.uleb128 0x1
 1141 0001 11       		.uleb128 0x11
 1142 0002 01       		.byte	0x1
 1143 0003 25       		.uleb128 0x25
 1144 0004 0E       		.uleb128 0xe
 1145 0005 13       		.uleb128 0x13
 1146 0006 0B       		.uleb128 0xb
 1147 0007 03       		.uleb128 0x3
 1148 0008 0E       		.uleb128 0xe
 1149 0009 1B       		.uleb128 0x1b
 1150 000a 0E       		.uleb128 0xe
 1151 000b 55       		.uleb128 0x55
 1152 000c 17       		.uleb128 0x17
 1153 000d 11       		.uleb128 0x11
 1154 000e 01       		.uleb128 0x1
 1155 000f 10       		.uleb128 0x10
 1156 0010 17       		.uleb128 0x17
 1157 0011 00       		.byte	0
 1158 0012 00       		.byte	0
 1159 0013 02       		.uleb128 0x2
 1160 0014 24       		.uleb128 0x24
 1161 0015 00       		.byte	0
 1162 0016 0B       		.uleb128 0xb
 1163 0017 0B       		.uleb128 0xb
 1164 0018 3E       		.uleb128 0x3e
 1165 0019 0B       		.uleb128 0xb
 1166 001a 03       		.uleb128 0x3
 1167 001b 08       		.uleb128 0x8
 1168 001c 00       		.byte	0
 1169 001d 00       		.byte	0
 1170 001e 03       		.uleb128 0x3
 1171 001f 16       		.uleb128 0x16
 1172 0020 00       		.byte	0
 1173 0021 03       		.uleb128 0x3
 1174 0022 0E       		.uleb128 0xe
 1175 0023 3A       		.uleb128 0x3a
 1176 0024 0B       		.uleb128 0xb
 1177 0025 3B       		.uleb128 0x3b
 1178 0026 0B       		.uleb128 0xb
 1179 0027 49       		.uleb128 0x49
 1180 0028 13       		.uleb128 0x13
 1181 0029 00       		.byte	0
 1182 002a 00       		.byte	0
 1183 002b 04       		.uleb128 0x4
 1184 002c 24       		.uleb128 0x24
 1185 002d 00       		.byte	0
 1186 002e 0B       		.uleb128 0xb
 1187 002f 0B       		.uleb128 0xb
 1188 0030 3E       		.uleb128 0x3e
 1189 0031 0B       		.uleb128 0xb
 1190 0032 03       		.uleb128 0x3
 1191 0033 0E       		.uleb128 0xe
 1192 0034 00       		.byte	0
 1193 0035 00       		.byte	0
ARM GAS  /tmp/ccc4yxeN.s 			page 22


 1194 0036 05       		.uleb128 0x5
 1195 0037 13       		.uleb128 0x13
 1196 0038 01       		.byte	0x1
 1197 0039 03       		.uleb128 0x3
 1198 003a 0E       		.uleb128 0xe
 1199 003b 0B       		.uleb128 0xb
 1200 003c 0B       		.uleb128 0xb
 1201 003d 3A       		.uleb128 0x3a
 1202 003e 0B       		.uleb128 0xb
 1203 003f 3B       		.uleb128 0x3b
 1204 0040 0B       		.uleb128 0xb
 1205 0041 01       		.uleb128 0x1
 1206 0042 13       		.uleb128 0x13
 1207 0043 00       		.byte	0
 1208 0044 00       		.byte	0
 1209 0045 06       		.uleb128 0x6
 1210 0046 0D       		.uleb128 0xd
 1211 0047 00       		.byte	0
 1212 0048 03       		.uleb128 0x3
 1213 0049 0E       		.uleb128 0xe
 1214 004a 3A       		.uleb128 0x3a
 1215 004b 0B       		.uleb128 0xb
 1216 004c 3B       		.uleb128 0x3b
 1217 004d 0B       		.uleb128 0xb
 1218 004e 49       		.uleb128 0x49
 1219 004f 13       		.uleb128 0x13
 1220 0050 38       		.uleb128 0x38
 1221 0051 0B       		.uleb128 0xb
 1222 0052 00       		.byte	0
 1223 0053 00       		.byte	0
 1224 0054 07       		.uleb128 0x7
 1225 0055 0D       		.uleb128 0xd
 1226 0056 00       		.byte	0
 1227 0057 03       		.uleb128 0x3
 1228 0058 08       		.uleb128 0x8
 1229 0059 3A       		.uleb128 0x3a
 1230 005a 0B       		.uleb128 0xb
 1231 005b 3B       		.uleb128 0x3b
 1232 005c 0B       		.uleb128 0xb
 1233 005d 49       		.uleb128 0x49
 1234 005e 13       		.uleb128 0x13
 1235 005f 38       		.uleb128 0x38
 1236 0060 0B       		.uleb128 0xb
 1237 0061 00       		.byte	0
 1238 0062 00       		.byte	0
 1239 0063 08       		.uleb128 0x8
 1240 0064 13       		.uleb128 0x13
 1241 0065 01       		.byte	0x1
 1242 0066 0B       		.uleb128 0xb
 1243 0067 0B       		.uleb128 0xb
 1244 0068 3A       		.uleb128 0x3a
 1245 0069 0B       		.uleb128 0xb
 1246 006a 3B       		.uleb128 0x3b
 1247 006b 0B       		.uleb128 0xb
 1248 006c 01       		.uleb128 0x1
 1249 006d 13       		.uleb128 0x13
 1250 006e 00       		.byte	0
ARM GAS  /tmp/ccc4yxeN.s 			page 23


 1251 006f 00       		.byte	0
 1252 0070 09       		.uleb128 0x9
 1253 0071 0F       		.uleb128 0xf
 1254 0072 00       		.byte	0
 1255 0073 0B       		.uleb128 0xb
 1256 0074 0B       		.uleb128 0xb
 1257 0075 49       		.uleb128 0x49
 1258 0076 13       		.uleb128 0x13
 1259 0077 00       		.byte	0
 1260 0078 00       		.byte	0
 1261 0079 0A       		.uleb128 0xa
 1262 007a 0F       		.uleb128 0xf
 1263 007b 00       		.byte	0
 1264 007c 0B       		.uleb128 0xb
 1265 007d 0B       		.uleb128 0xb
 1266 007e 00       		.byte	0
 1267 007f 00       		.byte	0
 1268 0080 0B       		.uleb128 0xb
 1269 0081 13       		.uleb128 0x13
 1270 0082 01       		.byte	0x1
 1271 0083 03       		.uleb128 0x3
 1272 0084 0E       		.uleb128 0xe
 1273 0085 0B       		.uleb128 0xb
 1274 0086 0B       		.uleb128 0xb
 1275 0087 3A       		.uleb128 0x3a
 1276 0088 0B       		.uleb128 0xb
 1277 0089 3B       		.uleb128 0x3b
 1278 008a 05       		.uleb128 0x5
 1279 008b 01       		.uleb128 0x1
 1280 008c 13       		.uleb128 0x13
 1281 008d 00       		.byte	0
 1282 008e 00       		.byte	0
 1283 008f 0C       		.uleb128 0xc
 1284 0090 0D       		.uleb128 0xd
 1285 0091 00       		.byte	0
 1286 0092 03       		.uleb128 0x3
 1287 0093 08       		.uleb128 0x8
 1288 0094 3A       		.uleb128 0x3a
 1289 0095 0B       		.uleb128 0xb
 1290 0096 3B       		.uleb128 0x3b
 1291 0097 05       		.uleb128 0x5
 1292 0098 49       		.uleb128 0x49
 1293 0099 13       		.uleb128 0x13
 1294 009a 38       		.uleb128 0x38
 1295 009b 0B       		.uleb128 0xb
 1296 009c 00       		.byte	0
 1297 009d 00       		.byte	0
 1298 009e 0D       		.uleb128 0xd
 1299 009f 35       		.uleb128 0x35
 1300 00a0 00       		.byte	0
 1301 00a1 49       		.uleb128 0x49
 1302 00a2 13       		.uleb128 0x13
 1303 00a3 00       		.byte	0
 1304 00a4 00       		.byte	0
 1305 00a5 0E       		.uleb128 0xe
 1306 00a6 17       		.uleb128 0x17
 1307 00a7 01       		.byte	0x1
ARM GAS  /tmp/ccc4yxeN.s 			page 24


 1308 00a8 0B       		.uleb128 0xb
 1309 00a9 0B       		.uleb128 0xb
 1310 00aa 3A       		.uleb128 0x3a
 1311 00ab 0B       		.uleb128 0xb
 1312 00ac 3B       		.uleb128 0x3b
 1313 00ad 0B       		.uleb128 0xb
 1314 00ae 01       		.uleb128 0x1
 1315 00af 13       		.uleb128 0x13
 1316 00b0 00       		.byte	0
 1317 00b1 00       		.byte	0
 1318 00b2 0F       		.uleb128 0xf
 1319 00b3 0D       		.uleb128 0xd
 1320 00b4 00       		.byte	0
 1321 00b5 03       		.uleb128 0x3
 1322 00b6 0E       		.uleb128 0xe
 1323 00b7 3A       		.uleb128 0x3a
 1324 00b8 0B       		.uleb128 0xb
 1325 00b9 3B       		.uleb128 0x3b
 1326 00ba 0B       		.uleb128 0xb
 1327 00bb 49       		.uleb128 0x49
 1328 00bc 13       		.uleb128 0x13
 1329 00bd 00       		.byte	0
 1330 00be 00       		.byte	0
 1331 00bf 10       		.uleb128 0x10
 1332 00c0 26       		.uleb128 0x26
 1333 00c1 00       		.byte	0
 1334 00c2 49       		.uleb128 0x49
 1335 00c3 13       		.uleb128 0x13
 1336 00c4 00       		.byte	0
 1337 00c5 00       		.byte	0
 1338 00c6 11       		.uleb128 0x11
 1339 00c7 01       		.uleb128 0x1
 1340 00c8 01       		.byte	0x1
 1341 00c9 49       		.uleb128 0x49
 1342 00ca 13       		.uleb128 0x13
 1343 00cb 01       		.uleb128 0x1
 1344 00cc 13       		.uleb128 0x13
 1345 00cd 00       		.byte	0
 1346 00ce 00       		.byte	0
 1347 00cf 12       		.uleb128 0x12
 1348 00d0 21       		.uleb128 0x21
 1349 00d1 00       		.byte	0
 1350 00d2 49       		.uleb128 0x49
 1351 00d3 13       		.uleb128 0x13
 1352 00d4 2F       		.uleb128 0x2f
 1353 00d5 0B       		.uleb128 0xb
 1354 00d6 00       		.byte	0
 1355 00d7 00       		.byte	0
 1356 00d8 13       		.uleb128 0x13
 1357 00d9 2E       		.uleb128 0x2e
 1358 00da 01       		.byte	0x1
 1359 00db 3F       		.uleb128 0x3f
 1360 00dc 19       		.uleb128 0x19
 1361 00dd 03       		.uleb128 0x3
 1362 00de 0E       		.uleb128 0xe
 1363 00df 3A       		.uleb128 0x3a
 1364 00e0 0B       		.uleb128 0xb
ARM GAS  /tmp/ccc4yxeN.s 			page 25


 1365 00e1 3B       		.uleb128 0x3b
 1366 00e2 0B       		.uleb128 0xb
 1367 00e3 27       		.uleb128 0x27
 1368 00e4 19       		.uleb128 0x19
 1369 00e5 49       		.uleb128 0x49
 1370 00e6 13       		.uleb128 0x13
 1371 00e7 11       		.uleb128 0x11
 1372 00e8 01       		.uleb128 0x1
 1373 00e9 12       		.uleb128 0x12
 1374 00ea 06       		.uleb128 0x6
 1375 00eb 40       		.uleb128 0x40
 1376 00ec 18       		.uleb128 0x18
 1377 00ed 9742     		.uleb128 0x2117
 1378 00ef 19       		.uleb128 0x19
 1379 00f0 01       		.uleb128 0x1
 1380 00f1 13       		.uleb128 0x13
 1381 00f2 00       		.byte	0
 1382 00f3 00       		.byte	0
 1383 00f4 14       		.uleb128 0x14
 1384 00f5 34       		.uleb128 0x34
 1385 00f6 00       		.byte	0
 1386 00f7 03       		.uleb128 0x3
 1387 00f8 08       		.uleb128 0x8
 1388 00f9 3A       		.uleb128 0x3a
 1389 00fa 0B       		.uleb128 0xb
 1390 00fb 3B       		.uleb128 0x3b
 1391 00fc 0B       		.uleb128 0xb
 1392 00fd 49       		.uleb128 0x49
 1393 00fe 13       		.uleb128 0x13
 1394 00ff 02       		.uleb128 0x2
 1395 0100 17       		.uleb128 0x17
 1396 0101 00       		.byte	0
 1397 0102 00       		.byte	0
 1398 0103 15       		.uleb128 0x15
 1399 0104 0B       		.uleb128 0xb
 1400 0105 01       		.byte	0x1
 1401 0106 11       		.uleb128 0x11
 1402 0107 01       		.uleb128 0x1
 1403 0108 12       		.uleb128 0x12
 1404 0109 06       		.uleb128 0x6
 1405 010a 01       		.uleb128 0x1
 1406 010b 13       		.uleb128 0x13
 1407 010c 00       		.byte	0
 1408 010d 00       		.byte	0
 1409 010e 16       		.uleb128 0x16
 1410 010f 34       		.uleb128 0x34
 1411 0110 00       		.byte	0
 1412 0111 03       		.uleb128 0x3
 1413 0112 08       		.uleb128 0x8
 1414 0113 3A       		.uleb128 0x3a
 1415 0114 0B       		.uleb128 0xb
 1416 0115 3B       		.uleb128 0x3b
 1417 0116 0B       		.uleb128 0xb
 1418 0117 49       		.uleb128 0x49
 1419 0118 13       		.uleb128 0x13
 1420 0119 02       		.uleb128 0x2
 1421 011a 18       		.uleb128 0x18
ARM GAS  /tmp/ccc4yxeN.s 			page 26


 1422 011b 00       		.byte	0
 1423 011c 00       		.byte	0
 1424 011d 17       		.uleb128 0x17
 1425 011e 898201   		.uleb128 0x4109
 1426 0121 00       		.byte	0
 1427 0122 11       		.uleb128 0x11
 1428 0123 01       		.uleb128 0x1
 1429 0124 31       		.uleb128 0x31
 1430 0125 13       		.uleb128 0x13
 1431 0126 00       		.byte	0
 1432 0127 00       		.byte	0
 1433 0128 18       		.uleb128 0x18
 1434 0129 05       		.uleb128 0x5
 1435 012a 00       		.byte	0
 1436 012b 03       		.uleb128 0x3
 1437 012c 08       		.uleb128 0x8
 1438 012d 3A       		.uleb128 0x3a
 1439 012e 0B       		.uleb128 0xb
 1440 012f 3B       		.uleb128 0x3b
 1441 0130 0B       		.uleb128 0xb
 1442 0131 49       		.uleb128 0x49
 1443 0132 13       		.uleb128 0x13
 1444 0133 02       		.uleb128 0x2
 1445 0134 17       		.uleb128 0x17
 1446 0135 00       		.byte	0
 1447 0136 00       		.byte	0
 1448 0137 19       		.uleb128 0x19
 1449 0138 898201   		.uleb128 0x4109
 1450 013b 01       		.byte	0x1
 1451 013c 11       		.uleb128 0x11
 1452 013d 01       		.uleb128 0x1
 1453 013e 31       		.uleb128 0x31
 1454 013f 13       		.uleb128 0x13
 1455 0140 01       		.uleb128 0x1
 1456 0141 13       		.uleb128 0x13
 1457 0142 00       		.byte	0
 1458 0143 00       		.byte	0
 1459 0144 1A       		.uleb128 0x1a
 1460 0145 8A8201   		.uleb128 0x410a
 1461 0148 00       		.byte	0
 1462 0149 02       		.uleb128 0x2
 1463 014a 18       		.uleb128 0x18
 1464 014b 9142     		.uleb128 0x2111
 1465 014d 18       		.uleb128 0x18
 1466 014e 00       		.byte	0
 1467 014f 00       		.byte	0
 1468 0150 1B       		.uleb128 0x1b
 1469 0151 898201   		.uleb128 0x4109
 1470 0154 01       		.byte	0x1
 1471 0155 11       		.uleb128 0x11
 1472 0156 01       		.uleb128 0x1
 1473 0157 31       		.uleb128 0x31
 1474 0158 13       		.uleb128 0x13
 1475 0159 00       		.byte	0
 1476 015a 00       		.byte	0
 1477 015b 1C       		.uleb128 0x1c
 1478 015c 34       		.uleb128 0x34
ARM GAS  /tmp/ccc4yxeN.s 			page 27


 1479 015d 00       		.byte	0
 1480 015e 03       		.uleb128 0x3
 1481 015f 0E       		.uleb128 0xe
 1482 0160 3A       		.uleb128 0x3a
 1483 0161 0B       		.uleb128 0xb
 1484 0162 3B       		.uleb128 0x3b
 1485 0163 0B       		.uleb128 0xb
 1486 0164 49       		.uleb128 0x49
 1487 0165 13       		.uleb128 0x13
 1488 0166 3F       		.uleb128 0x3f
 1489 0167 19       		.uleb128 0x19
 1490 0168 3C       		.uleb128 0x3c
 1491 0169 19       		.uleb128 0x19
 1492 016a 00       		.byte	0
 1493 016b 00       		.byte	0
 1494 016c 1D       		.uleb128 0x1d
 1495 016d 34       		.uleb128 0x34
 1496 016e 00       		.byte	0
 1497 016f 03       		.uleb128 0x3
 1498 0170 0E       		.uleb128 0xe
 1499 0171 3A       		.uleb128 0x3a
 1500 0172 0B       		.uleb128 0xb
 1501 0173 3B       		.uleb128 0x3b
 1502 0174 0B       		.uleb128 0xb
 1503 0175 49       		.uleb128 0x49
 1504 0176 13       		.uleb128 0x13
 1505 0177 3F       		.uleb128 0x3f
 1506 0178 19       		.uleb128 0x19
 1507 0179 02       		.uleb128 0x2
 1508 017a 18       		.uleb128 0x18
 1509 017b 00       		.byte	0
 1510 017c 00       		.byte	0
 1511 017d 1E       		.uleb128 0x1e
 1512 017e 2E       		.uleb128 0x2e
 1513 017f 00       		.byte	0
 1514 0180 3F       		.uleb128 0x3f
 1515 0181 19       		.uleb128 0x19
 1516 0182 03       		.uleb128 0x3
 1517 0183 0E       		.uleb128 0xe
 1518 0184 3A       		.uleb128 0x3a
 1519 0185 0B       		.uleb128 0xb
 1520 0186 3B       		.uleb128 0x3b
 1521 0187 0B       		.uleb128 0xb
 1522 0188 27       		.uleb128 0x27
 1523 0189 19       		.uleb128 0x19
 1524 018a 3C       		.uleb128 0x3c
 1525 018b 19       		.uleb128 0x19
 1526 018c 00       		.byte	0
 1527 018d 00       		.byte	0
 1528 018e 1F       		.uleb128 0x1f
 1529 018f 2E       		.uleb128 0x2e
 1530 0190 01       		.byte	0x1
 1531 0191 3F       		.uleb128 0x3f
 1532 0192 19       		.uleb128 0x19
 1533 0193 03       		.uleb128 0x3
 1534 0194 0E       		.uleb128 0xe
 1535 0195 3A       		.uleb128 0x3a
ARM GAS  /tmp/ccc4yxeN.s 			page 28


 1536 0196 0B       		.uleb128 0xb
 1537 0197 3B       		.uleb128 0x3b
 1538 0198 0B       		.uleb128 0xb
 1539 0199 27       		.uleb128 0x27
 1540 019a 19       		.uleb128 0x19
 1541 019b 3C       		.uleb128 0x3c
 1542 019c 19       		.uleb128 0x19
 1543 019d 01       		.uleb128 0x1
 1544 019e 13       		.uleb128 0x13
 1545 019f 00       		.byte	0
 1546 01a0 00       		.byte	0
 1547 01a1 20       		.uleb128 0x20
 1548 01a2 05       		.uleb128 0x5
 1549 01a3 00       		.byte	0
 1550 01a4 49       		.uleb128 0x49
 1551 01a5 13       		.uleb128 0x13
 1552 01a6 00       		.byte	0
 1553 01a7 00       		.byte	0
 1554 01a8 21       		.uleb128 0x21
 1555 01a9 2E       		.uleb128 0x2e
 1556 01aa 01       		.byte	0x1
 1557 01ab 3F       		.uleb128 0x3f
 1558 01ac 19       		.uleb128 0x19
 1559 01ad 03       		.uleb128 0x3
 1560 01ae 0E       		.uleb128 0xe
 1561 01af 3A       		.uleb128 0x3a
 1562 01b0 0B       		.uleb128 0xb
 1563 01b1 3B       		.uleb128 0x3b
 1564 01b2 0B       		.uleb128 0xb
 1565 01b3 27       		.uleb128 0x27
 1566 01b4 19       		.uleb128 0x19
 1567 01b5 3C       		.uleb128 0x3c
 1568 01b6 19       		.uleb128 0x19
 1569 01b7 00       		.byte	0
 1570 01b8 00       		.byte	0
 1571 01b9 00       		.byte	0
 1572              		.section	.debug_loc,"",%progbits
 1573              	.Ldebug_loc0:
 1574              	.LLST0:
 1575 0000 10000000 		.4byte	.LVL1
 1576 0004 28000000 		.4byte	.LVL3
 1577 0008 0100     		.2byte	0x1
 1578 000a 54       		.byte	0x54
 1579 000b 28000000 		.4byte	.LVL3
 1580 000f 2C000000 		.4byte	.LFE7
 1581 0013 0100     		.2byte	0x1
 1582 0015 50       		.byte	0x50
 1583 0016 00000000 		.4byte	0
 1584 001a 00000000 		.4byte	0
 1585              	.LLST1:
 1586 001e 00000000 		.4byte	.LVL4
 1587 0022 0D000000 		.4byte	.LVL5-1
 1588 0026 0100     		.2byte	0x1
 1589 0028 50       		.byte	0x50
 1590 0029 0D000000 		.4byte	.LVL5-1
 1591 002d 50000000 		.4byte	.LFE8
 1592 0031 0100     		.2byte	0x1
ARM GAS  /tmp/ccc4yxeN.s 			page 29


 1593 0033 55       		.byte	0x55
 1594 0034 00000000 		.4byte	0
 1595 0038 00000000 		.4byte	0
 1596              	.LLST2:
 1597 003c 10000000 		.4byte	.LVL6
 1598 0040 46000000 		.4byte	.LVL12
 1599 0044 0100     		.2byte	0x1
 1600 0046 54       		.byte	0x54
 1601 0047 46000000 		.4byte	.LVL12
 1602 004b 50000000 		.4byte	.LFE8
 1603 004f 0200     		.2byte	0x2
 1604 0051 75       		.byte	0x75
 1605 0052 10       		.sleb128 16
 1606 0053 00000000 		.4byte	0
 1607 0057 00000000 		.4byte	0
 1608              		.section	.debug_aranges,"",%progbits
 1609 0000 24000000 		.4byte	0x24
 1610 0004 0200     		.2byte	0x2
 1611 0006 00000000 		.4byte	.Ldebug_info0
 1612 000a 04       		.byte	0x4
 1613 000b 00       		.byte	0
 1614 000c 0000     		.2byte	0
 1615 000e 0000     		.2byte	0
 1616 0010 00000000 		.4byte	.LFB7
 1617 0014 2C000000 		.4byte	.LFE7-.LFB7
 1618 0018 00000000 		.4byte	.LFB8
 1619 001c 50000000 		.4byte	.LFE8-.LFB8
 1620 0020 00000000 		.4byte	0
 1621 0024 00000000 		.4byte	0
 1622              		.section	.debug_ranges,"",%progbits
 1623              	.Ldebug_ranges0:
 1624 0000 00000000 		.4byte	.LFB7
 1625 0004 2C000000 		.4byte	.LFE7
 1626 0008 00000000 		.4byte	.LFB8
 1627 000c 50000000 		.4byte	.LFE8
 1628 0010 00000000 		.4byte	0
 1629 0014 00000000 		.4byte	0
 1630              		.section	.debug_line,"",%progbits
 1631              	.Ldebug_line0:
 1632 0000 C0010000 		.section	.debug_str,"MS",%progbits,1
 1632      02008401 
 1632      00000201 
 1632      FB0E0D00 
 1632      01010101 
 1633              	.LASF83:
 1634 0000 63665F6F 		.ascii	"cf_off_older\000"
 1634      66665F6F 
 1634      6C646572 
 1634      00
 1635              	.LASF45:
 1636 000d 705F6D73 		.ascii	"p_msg\000"
 1636      6700
 1637              	.LASF2:
 1638 0013 73697A65 		.ascii	"size_t\000"
 1638      5F7400
 1639              	.LASF68:
 1640 001a 7264796D 		.ascii	"rdymsg\000"
ARM GAS  /tmp/ccc4yxeN.s 			page 30


 1640      736700
 1641              	.LASF19:
 1642 0021 75696E74 		.ascii	"uint64_t\000"
 1642      36345F74 
 1642      00
 1643              	.LASF3:
 1644 002a 5F5F7569 		.ascii	"__uint8_t\000"
 1644      6E74385F 
 1644      7400
 1645              	.LASF79:
 1646 0034 63685F74 		.ascii	"ch_threadsize\000"
 1646      68726561 
 1646      6473697A 
 1646      6500
 1647              	.LASF14:
 1648 0042 6C6F6E67 		.ascii	"long long unsigned int\000"
 1648      206C6F6E 
 1648      6720756E 
 1648      7369676E 
 1648      65642069 
 1649              	.LASF102:
 1650 0059 63684462 		.ascii	"chDbgPanic\000"
 1650      6750616E 
 1650      696300
 1651              	.LASF92:
 1652 0064 63685265 		.ascii	"chRegFirstThread\000"
 1652      67466972 
 1652      73745468 
 1652      72656164 
 1652      00
 1653              	.LASF32:
 1654 0075 705F7072 		.ascii	"p_prio\000"
 1654      696F00
 1655              	.LASF86:
 1656 007c 63665F6F 		.ascii	"cf_off_state\000"
 1656      66665F73 
 1656      74617465 
 1656      00
 1657              	.LASF12:
 1658 0089 6C6F6E67 		.ascii	"long long int\000"
 1658      206C6F6E 
 1658      6720696E 
 1658      7400
 1659              	.LASF1:
 1660 0097 7369676E 		.ascii	"signed char\000"
 1660      65642063 
 1660      68617200 
 1661              	.LASF85:
 1662 00a3 63665F6F 		.ascii	"cf_off_stklimit\000"
 1662      66665F73 
 1662      746B6C69 
 1662      6D697400 
 1663              	.LASF87:
 1664 00b3 63665F6F 		.ascii	"cf_off_flags\000"
 1664      66665F66 
 1664      6C616773 
 1664      00
ARM GAS  /tmp/ccc4yxeN.s 			page 31


 1665              	.LASF49:
 1666 00c0 705F6D70 		.ascii	"p_mpool\000"
 1666      6F6F6C00 
 1667              	.LASF65:
 1668 00c8 6D5F7175 		.ascii	"m_queue\000"
 1668      65756500 
 1669              	.LASF24:
 1670 00d0 74736C69 		.ascii	"tslices_t\000"
 1670      6365735F 
 1670      7400
 1671              	.LASF9:
 1672 00da 6C6F6E67 		.ascii	"long int\000"
 1672      20696E74 
 1672      00
 1673              	.LASF22:
 1674 00e3 74737461 		.ascii	"tstate_t\000"
 1674      74655F74 
 1674      00
 1675              	.LASF16:
 1676 00ec 75696E74 		.ascii	"uint16_t\000"
 1676      31365F74 
 1676      00
 1677              	.LASF91:
 1678 00f5 63686465 		.ascii	"chdebug_t\000"
 1678      6275675F 
 1678      7400
 1679              	.LASF34:
 1680 00ff 705F6E65 		.ascii	"p_newer\000"
 1680      77657200 
 1681              	.LASF69:
 1682 0107 65786974 		.ascii	"exitcode\000"
 1682      636F6465 
 1682      00
 1683              	.LASF10:
 1684 0110 5F5F7569 		.ascii	"__uint32_t\000"
 1684      6E743332 
 1684      5F7400
 1685              	.LASF52:
 1686 011b 72656761 		.ascii	"regarm_t\000"
 1686      726D5F74 
 1686      00
 1687              	.LASF37:
 1688 0124 705F7374 		.ascii	"p_stklimit\000"
 1688      6B6C696D 
 1688      697400
 1689              	.LASF0:
 1690 012f 756E7369 		.ascii	"unsigned int\000"
 1690      676E6564 
 1690      20696E74 
 1690      00
 1691              	.LASF11:
 1692 013c 6C6F6E67 		.ascii	"long unsigned int\000"
 1692      20756E73 
 1692      69676E65 
 1692      6420696E 
 1692      7400
 1693              	.LASF95:
ARM GAS  /tmp/ccc4yxeN.s 			page 32


 1694 014e 63685F64 		.ascii	"ch_debug\000"
 1694      65627567 
 1694      00
 1695              	.LASF73:
 1696 0157 63685F69 		.ascii	"ch_identifier\000"
 1696      64656E74 
 1696      69666965 
 1696      7200
 1697              	.LASF55:
 1698 0165 636F6E74 		.ascii	"context\000"
 1698      65787400 
 1699              	.LASF7:
 1700 016d 73686F72 		.ascii	"short unsigned int\000"
 1700      7420756E 
 1700      7369676E 
 1700      65642069 
 1700      6E7400
 1701              	.LASF101:
 1702 0180 63685468 		.ascii	"chThdRelease\000"
 1702      6452656C 
 1702      65617365 
 1702      00
 1703              	.LASF26:
 1704 018d 6D73675F 		.ascii	"msg_t\000"
 1704      7400
 1705              	.LASF60:
 1706 0193 725F6E65 		.ascii	"r_newer\000"
 1706      77657200 
 1707              	.LASF21:
 1708 019b 746D6F64 		.ascii	"tmode_t\000"
 1708      655F7400 
 1709              	.LASF51:
 1710 01a3 54687265 		.ascii	"ThreadsList\000"
 1710      6164734C 
 1710      69737400 
 1711              	.LASF27:
 1712 01af 6576656E 		.ascii	"eventmask_t\000"
 1712      746D6173 
 1712      6B5F7400 
 1713              	.LASF64:
 1714 01bb 4D757465 		.ascii	"Mutex\000"
 1714      7800
 1715              	.LASF53:
 1716 01c1 73746B61 		.ascii	"stkalign_t\000"
 1716      6C69676E 
 1716      5F7400
 1717              	.LASF74:
 1718 01cc 63685F7A 		.ascii	"ch_zero\000"
 1718      65726F00 
 1719              	.LASF88:
 1720 01d4 63665F6F 		.ascii	"cf_off_refs\000"
 1720      66665F72 
 1720      65667300 
 1721              	.LASF56:
 1722 01e0 73697A65 		.ascii	"sizetype\000"
 1722      74797065 
 1722      00
ARM GAS  /tmp/ccc4yxeN.s 			page 33


 1723              	.LASF96:
 1724 01e9 6462675F 		.ascii	"dbg_check_lock\000"
 1724      63686563 
 1724      6B5F6C6F 
 1724      636B00
 1725              	.LASF78:
 1726 01f8 63685F74 		.ascii	"ch_timesize\000"
 1726      696D6573 
 1726      697A6500 
 1727              	.LASF84:
 1728 0204 63665F6F 		.ascii	"cf_off_name\000"
 1728      66665F6E 
 1728      616D6500 
 1729              	.LASF35:
 1730 0210 705F6F6C 		.ascii	"p_older\000"
 1730      64657200 
 1731              	.LASF59:
 1732 0218 725F6374 		.ascii	"r_ctx\000"
 1732      7800
 1733              	.LASF50:
 1734 021e 54687265 		.ascii	"ThreadsQueue\000"
 1734      61647351 
 1734      75657565 
 1734      00
 1735              	.LASF75:
 1736 022b 63685F73 		.ascii	"ch_size\000"
 1736      697A6500 
 1737              	.LASF62:
 1738 0233 725F6375 		.ascii	"r_current\000"
 1738      7272656E 
 1738      7400
 1739              	.LASF61:
 1740 023d 725F6F6C 		.ascii	"r_older\000"
 1740      64657200 
 1741              	.LASF97:
 1742 0245 6462675F 		.ascii	"dbg_check_unlock\000"
 1742      63686563 
 1742      6B5F756E 
 1742      6C6F636B 
 1742      00
 1743              	.LASF13:
 1744 0256 5F5F7569 		.ascii	"__uint64_t\000"
 1744      6E743634 
 1744      5F7400
 1745              	.LASF23:
 1746 0261 74726566 		.ascii	"trefs_t\000"
 1746      735F7400 
 1747              	.LASF77:
 1748 0269 63685F70 		.ascii	"ch_ptrsize\000"
 1748      74727369 
 1748      7A6500
 1749              	.LASF31:
 1750 0274 705F7072 		.ascii	"p_prev\000"
 1750      657600
 1751              	.LASF25:
 1752 027b 74707269 		.ascii	"tprio_t\000"
 1752      6F5F7400 
ARM GAS  /tmp/ccc4yxeN.s 			page 34


 1753              	.LASF20:
 1754 0283 5F426F6F 		.ascii	"_Bool\000"
 1754      6C00
 1755              	.LASF17:
 1756 0289 696E7433 		.ascii	"int32_t\000"
 1756      325F7400 
 1757              	.LASF4:
 1758 0291 756E7369 		.ascii	"unsigned char\000"
 1758      676E6564 
 1758      20636861 
 1758      7200
 1759              	.LASF47:
 1760 029f 705F6D74 		.ascii	"p_mtxlist\000"
 1760      786C6973 
 1760      7400
 1761              	.LASF5:
 1762 02a9 73686F72 		.ascii	"short int\000"
 1762      7420696E 
 1762      7400
 1763              	.LASF38:
 1764 02b3 705F7374 		.ascii	"p_state\000"
 1764      61746500 
 1765              	.LASF41:
 1766 02bb 705F7072 		.ascii	"p_preempt\000"
 1766      65656D70 
 1766      7400
 1767              	.LASF90:
 1768 02c5 63665F6F 		.ascii	"cf_off_time\000"
 1768      66665F74 
 1768      696D6500 
 1769              	.LASF58:
 1770 02d1 725F7072 		.ascii	"r_prio\000"
 1770      696F00
 1771              	.LASF71:
 1772 02d8 65776D61 		.ascii	"ewmask\000"
 1772      736B00
 1773              	.LASF30:
 1774 02df 705F6E65 		.ascii	"p_next\000"
 1774      787400
 1775              	.LASF89:
 1776 02e6 63665F6F 		.ascii	"cf_off_preempt\000"
 1776      66665F70 
 1776      7265656D 
 1776      707400
 1777              	.LASF39:
 1778 02f5 705F666C 		.ascii	"p_flags\000"
 1778      61677300 
 1779              	.LASF98:
 1780 02fd 474E5520 		.ascii	"GNU C 4.8.4 20140526 (release) [ARM/embedded-4_8-br"
 1780      4320342E 
 1780      382E3420 
 1780      32303134 
 1780      30353236 
 1781 0330 616E6368 		.ascii	"anch revision 211358] -mcpu=cortex-m4 -mfloat-abi=h"
 1781      20726576 
 1781      6973696F 
 1781      6E203231 
ARM GAS  /tmp/ccc4yxeN.s 			page 35


 1781      31333538 
 1782 0363 61726420 		.ascii	"ard -mfpu=fpv4-sp-d16 -mno-thumb-interwork -mthumb "
 1782      2D6D6670 
 1782      753D6670 
 1782      76342D73 
 1782      702D6431 
 1783 0396 2D676764 		.ascii	"-ggdb -O2 -fomit-frame-pointer -falign-functions=16"
 1783      62202D4F 
 1783      32202D66 
 1783      6F6D6974 
 1783      2D667261 
 1784 03c9 202D6666 		.ascii	" -ffunction-sections -fdata-sections -fno-common -f"
 1784      756E6374 
 1784      696F6E2D 
 1784      73656374 
 1784      696F6E73 
 1785 03fc 73696E67 		.ascii	"single-precision-constant\000"
 1785      6C652D70 
 1785      72656369 
 1785      73696F6E 
 1785      2D636F6E 
 1786              	.LASF29:
 1787 0416 54687265 		.ascii	"Thread\000"
 1787      616400
 1788              	.LASF82:
 1789 041d 63665F6F 		.ascii	"cf_off_newer\000"
 1789      66665F6E 
 1789      65776572 
 1789      00
 1790              	.LASF46:
 1791 042a 705F6570 		.ascii	"p_epending\000"
 1791      656E6469 
 1791      6E6700
 1792              	.LASF18:
 1793 0435 75696E74 		.ascii	"uint32_t\000"
 1793      33325F74 
 1793      00
 1794              	.LASF80:
 1795 043e 63665F6F 		.ascii	"cf_off_prio\000"
 1795      66665F70 
 1795      72696F00 
 1796              	.LASF57:
 1797 044a 725F7175 		.ascii	"r_queue\000"
 1797      65756500 
 1798              	.LASF72:
 1799 0452 63686172 		.ascii	"char\000"
 1799      00
 1800              	.LASF93:
 1801 0457 63685265 		.ascii	"chRegNextThread\000"
 1801      674E6578 
 1801      74546872 
 1801      65616400 
 1802              	.LASF6:
 1803 0467 5F5F7569 		.ascii	"__uint16_t\000"
 1803      6E743136 
 1803      5F7400
 1804              	.LASF67:
ARM GAS  /tmp/ccc4yxeN.s 			page 36


 1805 0472 6D5F6E65 		.ascii	"m_next\000"
 1805      787400
 1806              	.LASF28:
 1807 0479 73797374 		.ascii	"systime_t\000"
 1807      696D655F 
 1807      7400
 1808              	.LASF48:
 1809 0483 705F7265 		.ascii	"p_realprio\000"
 1809      616C7072 
 1809      696F00
 1810              	.LASF8:
 1811 048e 5F5F696E 		.ascii	"__int32_t\000"
 1811      7433325F 
 1811      7400
 1812              	.LASF42:
 1813 0498 705F7469 		.ascii	"p_time\000"
 1813      6D6500
 1814              	.LASF100:
 1815 049f 2F686F6D 		.ascii	"/home/makkmarci/devel/ChibiOS_2.6.5/projects/STM32F"
 1815      652F6D61 
 1815      6B6B6D61 
 1815      7263692F 
 1815      64657665 
 1816 04d2 345F4368 		.ascii	"4_ChibiOS_uGFX/\000"
 1816      6962694F 
 1816      535F7547 
 1816      46582F00 
 1817              	.LASF54:
 1818 04e2 696E7463 		.ascii	"intctx\000"
 1818      747800
 1819              	.LASF44:
 1820 04e9 705F6D73 		.ascii	"p_msgqueue\000"
 1820      67717565 
 1820      756500
 1821              	.LASF99:
 1822 04f4 2E2E2F2E 		.ascii	"../../os/kernel/src/chregistry.c\000"
 1822      2E2F6F73 
 1822      2F6B6572 
 1822      6E656C2F 
 1822      7372632F 
 1823              	.LASF81:
 1824 0515 63665F6F 		.ascii	"cf_off_ctx\000"
 1824      66665F63 
 1824      747800
 1825              	.LASF40:
 1826 0520 705F7265 		.ascii	"p_refs\000"
 1826      667300
 1827              	.LASF63:
 1828 0527 52656164 		.ascii	"ReadyList\000"
 1828      794C6973 
 1828      7400
 1829              	.LASF94:
 1830 0531 726C6973 		.ascii	"rlist\000"
 1830      7400
 1831              	.LASF15:
 1832 0537 75696E74 		.ascii	"uint8_t\000"
 1832      385F7400 
ARM GAS  /tmp/ccc4yxeN.s 			page 37


 1833              	.LASF70:
 1834 053f 77746F62 		.ascii	"wtobjp\000"
 1834      6A7000
 1835              	.LASF36:
 1836 0546 705F6E61 		.ascii	"p_name\000"
 1836      6D6500
 1837              	.LASF76:
 1838 054d 63685F76 		.ascii	"ch_version\000"
 1838      65727369 
 1838      6F6E00
 1839              	.LASF66:
 1840 0558 6D5F6F77 		.ascii	"m_owner\000"
 1840      6E657200 
 1841              	.LASF33:
 1842 0560 705F6374 		.ascii	"p_ctx\000"
 1842      7800
 1843              	.LASF43:
 1844 0566 705F7761 		.ascii	"p_waiting\000"
 1844      6974696E 
 1844      6700
 1845              		.ident	"GCC: (GNU Tools for ARM Embedded Processors) 4.8.4 20140526 (release) [ARM/embedded-4_8-br
ARM GAS  /tmp/ccc4yxeN.s 			page 38


DEFINED SYMBOLS
                            *ABS*:00000000 chregistry.c
     /tmp/ccc4yxeN.s:21     .text.chRegFirstThread:00000000 $t
     /tmp/ccc4yxeN.s:27     .text.chRegFirstThread:00000000 chRegFirstThread
     /tmp/ccc4yxeN.s:73     .text.chRegFirstThread:00000028 $d
     /tmp/ccc4yxeN.s:78     .text.chRegNextThread:00000000 $t
     /tmp/ccc4yxeN.s:84     .text.chRegNextThread:00000000 chRegNextThread
     /tmp/ccc4yxeN.s:159    .text.chRegNextThread:00000048 $d
     /tmp/ccc4yxeN.s:169    .rodata.ch_debug:00000000 ch_debug
     /tmp/ccc4yxeN.s:166    .rodata.ch_debug:00000000 $d
     /tmp/ccc4yxeN.s:189    .rodata.str1.4:00000000 $d
                     .debug_frame:00000010 $d
     /tmp/ccc4yxeN.s:77     .text.chRegFirstThread:0000002c $t

UNDEFINED SYMBOLS
dbg_check_lock
dbg_check_unlock
rlist
chThdRelease
chDbgPanic
