ARM GAS  /tmp/ccwipJB7.s 			page 1


   1              		.syntax unified
   2              		.cpu cortex-m4
   3              		.eabi_attribute 27, 1
   4              		.eabi_attribute 28, 1
   5              		.fpu fpv4-sp-d16
   6              		.eabi_attribute 20, 1
   7              		.eabi_attribute 21, 1
   8              		.eabi_attribute 23, 3
   9              		.eabi_attribute 24, 1
  10              		.eabi_attribute 25, 1
  11              		.eabi_attribute 26, 1
  12              		.eabi_attribute 30, 6
  13              		.eabi_attribute 34, 1
  14              		.eabi_attribute 18, 4
  15              		.thumb
  16              		.file	"chschd.c"
  17              		.text
  18              	.Ltext0:
  19              		.cfi_sections	.debug_frame
  20              		.global	rlist
  21              		.section	.bss.rlist,"aw",%nobits
  22              		.align	2
  23              		.type	rlist, %object
  24              		.size	rlist, 28
  25              	rlist:
  26 0000 00000000 		.space	28
  26      00000000 
  26      00000000 
  26      00000000 
  26      00000000 
  27              		.section	.text._scheduler_init,"ax",%progbits
  28              		.align	2
  29              		.p2align 4,,15
  30              		.global	_scheduler_init
  31              		.thumb
  32              		.thumb_func
  33              		.type	_scheduler_init, %function
  34              	_scheduler_init:
  35              	.LFB0:
  36              		.file 1 "/home/makkmarci/workspace/ChibiOS_2.6.8/os/kernel/src/chschd.c"
  37              		.loc 1 55 0
  38              		.cfi_startproc
  39              		@ args = 0, pretend = 0, frame = 0
  40              		@ frame_needed = 0, uses_anonymous_args = 0
  41              		@ link register save eliminated.
  42              		.loc 1 57 0
  43 0000 084B     		ldr	r3, .L2
  44 0002 084A     		ldr	r2, .L2
  45 0004 5A60     		str	r2, [r3, #4]
  46 0006 074B     		ldr	r3, .L2
  47 0008 5B68     		ldr	r3, [r3, #4]
  48 000a 064A     		ldr	r2, .L2
  49 000c 1360     		str	r3, [r2]
  50              		.loc 1 58 0
  51 000e 054B     		ldr	r3, .L2
  52 0010 0022     		movs	r2, #0
  53 0012 9A60     		str	r2, [r3, #8]
ARM GAS  /tmp/ccwipJB7.s 			page 2


  54              		.loc 1 60 0
  55 0014 034B     		ldr	r3, .L2
  56 0016 034A     		ldr	r2, .L2
  57 0018 5A61     		str	r2, [r3, #20]
  58 001a 024B     		ldr	r3, .L2
  59 001c 5B69     		ldr	r3, [r3, #20]
  60 001e 014A     		ldr	r2, .L2
  61 0020 1361     		str	r3, [r2, #16]
  62              		.loc 1 62 0
  63 0022 7047     		bx	lr
  64              	.L3:
  65              		.align	2
  66              	.L2:
  67 0024 00000000 		.word	rlist
  68              		.cfi_endproc
  69              	.LFE0:
  70              		.size	_scheduler_init, .-_scheduler_init
  71 0028 AFF30080 		.section	.rodata
  71      AFF30080 
  72              		.align	2
  73              	.LC0:
  74 0000 63685363 		.ascii	"chSchReadyI(), #1\000"
  74      68526561 
  74      64794928 
  74      292C2023 
  74      3100
  75              		.section	.text.chSchReadyI,"ax",%progbits
  76              		.align	2
  77              		.p2align 4,,15
  78              		.global	chSchReadyI
  79              		.thumb
  80              		.thumb_func
  81              		.type	chSchReadyI, %function
  82              	chSchReadyI:
  83              	.LFB1:
  84              		.loc 1 81 0
  85              		.cfi_startproc
  86              		@ args = 0, pretend = 0, frame = 16
  87              		@ frame_needed = 0, uses_anonymous_args = 0
  88 0000 00B5     		push	{lr}
  89              		.cfi_def_cfa_offset 4
  90              		.cfi_offset 14, -4
  91 0002 85B0     		sub	sp, sp, #20
  92              		.cfi_def_cfa_offset 24
  93 0004 0190     		str	r0, [sp, #4]
  94              		.loc 1 87 0
  95 0006 019B     		ldr	r3, [sp, #4]
  96 0008 93F82030 		ldrb	r3, [r3, #32]	@ zero_extendqisi2
  97 000c 002B     		cmp	r3, #0
  98 000e 04D0     		beq	.L5
  99              		.loc 1 87 0 is_stmt 0 discriminator 2
 100 0010 019B     		ldr	r3, [sp, #4]
 101 0012 93F82030 		ldrb	r3, [r3, #32]	@ zero_extendqisi2
 102 0016 0E2B     		cmp	r3, #14
 103 0018 02D1     		bne	.L6
 104              	.L5:
 105              		.loc 1 87 0 discriminator 3
ARM GAS  /tmp/ccwipJB7.s 			page 3


 106 001a 1348     		ldr	r0, .L9
 107 001c FFF7FEFF 		bl	chDbgPanic
 108              	.L6:
 109              		.loc 1 92 0 is_stmt 1
 110 0020 019B     		ldr	r3, [sp, #4]
 111 0022 0022     		movs	r2, #0
 112 0024 83F82020 		strb	r2, [r3, #32]
 113              		.loc 1 93 0
 114 0028 104B     		ldr	r3, .L9+4
 115 002a 0393     		str	r3, [sp, #12]
 116              	.L7:
 117              		.loc 1 95 0 discriminator 1
 118 002c 039B     		ldr	r3, [sp, #12]
 119 002e 1B68     		ldr	r3, [r3]
 120 0030 0393     		str	r3, [sp, #12]
 121              		.loc 1 96 0 discriminator 1
 122 0032 039B     		ldr	r3, [sp, #12]
 123 0034 9A68     		ldr	r2, [r3, #8]
 124 0036 019B     		ldr	r3, [sp, #4]
 125 0038 9B68     		ldr	r3, [r3, #8]
 126 003a 9A42     		cmp	r2, r3
 127 003c F6D2     		bcs	.L7
 128              		.loc 1 98 0
 129 003e 019B     		ldr	r3, [sp, #4]
 130 0040 039A     		ldr	r2, [sp, #12]
 131 0042 1A60     		str	r2, [r3]
 132              		.loc 1 99 0
 133 0044 039B     		ldr	r3, [sp, #12]
 134 0046 5A68     		ldr	r2, [r3, #4]
 135 0048 019B     		ldr	r3, [sp, #4]
 136 004a 5A60     		str	r2, [r3, #4]
 137              		.loc 1 100 0
 138 004c 019B     		ldr	r3, [sp, #4]
 139 004e 5B68     		ldr	r3, [r3, #4]
 140 0050 039A     		ldr	r2, [sp, #12]
 141 0052 0199     		ldr	r1, [sp, #4]
 142 0054 5160     		str	r1, [r2, #4]
 143 0056 039A     		ldr	r2, [sp, #12]
 144 0058 5268     		ldr	r2, [r2, #4]
 145 005a 1A60     		str	r2, [r3]
 146              		.loc 1 101 0
 147 005c 019B     		ldr	r3, [sp, #4]
 148              		.loc 1 102 0
 149 005e 1846     		mov	r0, r3
 150 0060 05B0     		add	sp, sp, #20
 151              		.cfi_def_cfa_offset 4
 152              		@ sp needed
 153 0062 5DF804FB 		ldr	pc, [sp], #4
 154              	.L10:
 155 0066 00BF     		.align	2
 156              	.L9:
 157 0068 00000000 		.word	.LC0
 158 006c 00000000 		.word	rlist
 159              		.cfi_endproc
 160              	.LFE1:
 161              		.size	chSchReadyI, .-chSchReadyI
 162              		.section	.rodata
ARM GAS  /tmp/ccwipJB7.s 			page 4


 163 0012 0000     		.align	2
 164              	.LC1:
 165 0014 73746163 		.ascii	"stack overflow\000"
 165      6B206F76 
 165      6572666C 
 165      6F7700
 166 0023 00       		.section	.text.chSchGoSleepS,"ax",%progbits
 167              		.align	2
 168              		.p2align 4,,15
 169              		.global	chSchGoSleepS
 170              		.thumb
 171              		.thumb_func
 172              		.type	chSchGoSleepS, %function
 173              	chSchGoSleepS:
 174              	.LFB2:
 175              		.loc 1 115 0
 176              		.cfi_startproc
 177              		@ args = 0, pretend = 0, frame = 16
 178              		@ frame_needed = 0, uses_anonymous_args = 0
 179 0000 00B5     		push	{lr}
 180              		.cfi_def_cfa_offset 4
 181              		.cfi_offset 14, -4
 182 0002 85B0     		sub	sp, sp, #20
 183              		.cfi_def_cfa_offset 24
 184 0004 0346     		mov	r3, r0
 185 0006 8DF80730 		strb	r3, [sp, #7]
 186              		.loc 1 120 0
 187 000a 164B     		ldr	r3, .L13
 188 000c 9B69     		ldr	r3, [r3, #24]
 189 000e 0393     		str	r3, [sp, #12]
 190 0010 039B     		ldr	r3, [sp, #12]
 191 0012 9DF80720 		ldrb	r2, [sp, #7]
 192 0016 83F82020 		strb	r2, [r3, #32]
 193              		.loc 1 124 0
 194 001a 039B     		ldr	r3, [sp, #12]
 195 001c 1422     		movs	r2, #20
 196 001e 83F82320 		strb	r2, [r3, #35]
 197              		.loc 1 126 0
 198 0022 1048     		ldr	r0, .L13
 199 0024 FFF7FEFF 		bl	fifo_remove
 200 0028 0246     		mov	r2, r0
 201 002a 0E4B     		ldr	r3, .L13
 202 002c 9A61     		str	r2, [r3, #24]
 203              		.loc 1 127 0
 204 002e 0D4B     		ldr	r3, .L13
 205 0030 9B69     		ldr	r3, [r3, #24]
 206 0032 0122     		movs	r2, #1
 207 0034 83F82020 		strb	r2, [r3, #32]
 208              		.loc 1 128 0
 209 0038 0398     		ldr	r0, [sp, #12]
 210 003a FFF7FEFF 		bl	dbg_trace
 211              	.LBB2:
 212 003e 6B46     		mov	r3, sp
 213 0040 A3F16402 		sub	r2, r3, #100
 214 0044 039B     		ldr	r3, [sp, #12]
 215 0046 DB69     		ldr	r3, [r3, #28]
 216 0048 9A42     		cmp	r2, r3
ARM GAS  /tmp/ccwipJB7.s 			page 5


 217 004a 02D2     		bcs	.L12
 218              		.loc 1 128 0 is_stmt 0 discriminator 1
 219 004c 0648     		ldr	r0, .L13+4
 220 004e FFF7FEFF 		bl	chDbgPanic
 221              	.L12:
 222              		.loc 1 128 0 discriminator 3
 223 0052 044B     		ldr	r3, .L13
 224 0054 9B69     		ldr	r3, [r3, #24]
 225 0056 1846     		mov	r0, r3
 226 0058 0399     		ldr	r1, [sp, #12]
 227 005a FFF7FEFF 		bl	_port_switch
 228              	.LBE2:
 229              		.loc 1 129 0 is_stmt 1 discriminator 3
 230 005e 05B0     		add	sp, sp, #20
 231              		.cfi_def_cfa_offset 4
 232              		@ sp needed
 233 0060 5DF804FB 		ldr	pc, [sp], #4
 234              	.L14:
 235              		.align	2
 236              	.L13:
 237 0064 00000000 		.word	rlist
 238 0068 14000000 		.word	.LC1
 239              		.cfi_endproc
 240              	.LFE2:
 241              		.size	chSchGoSleepS, .-chSchGoSleepS
 242 006c AFF30080 		.section	.text.wakeup,"ax",%progbits
 243              		.align	2
 244              		.p2align 4,,15
 245              		.thumb
 246              		.thumb_func
 247              		.type	wakeup, %function
 248              	wakeup:
 249              	.LFB3:
 250              		.loc 1 136 0
 251              		.cfi_startproc
 252              		@ args = 0, pretend = 0, frame = 16
 253              		@ frame_needed = 0, uses_anonymous_args = 0
 254 0000 00B5     		push	{lr}
 255              		.cfi_def_cfa_offset 4
 256              		.cfi_offset 14, -4
 257 0002 85B0     		sub	sp, sp, #20
 258              		.cfi_def_cfa_offset 24
 259 0004 0190     		str	r0, [sp, #4]
 260              		.loc 1 137 0
 261 0006 019B     		ldr	r3, [sp, #4]
 262 0008 0393     		str	r3, [sp, #12]
 263              		.loc 1 139 0
 264              	@ 139 "/home/makkmarci/workspace/ChibiOS_2.6.8/os/kernel/src/chschd.c" 1
 265 000a FFF7FEFF 		bl      _port_lock
 266              	@ 0 "" 2
 267              		.loc 1 140 0
 268              		.thumb
 269 000e 039B     		ldr	r3, [sp, #12]
 270 0010 93F82030 		ldrb	r3, [r3, #32]	@ zero_extendqisi2
 271 0014 0D2B     		cmp	r3, #13
 272 0016 2AD8     		bhi	.L16
 273 0018 01A2     		adr	r2, .L18
ARM GAS  /tmp/ccwipJB7.s 			page 6


 274 001a 52F823F0 		ldr	pc, [r2, r3, lsl #2]
 275 001e 00BF     		.p2align 2
 276              	.L18:
 277 0020 59000000 		.word	.L17+1
 278 0024 6F000000 		.word	.L16+1
 279 0028 6F000000 		.word	.L16+1
 280 002c 5F000000 		.word	.L19+1
 281 0030 6F000000 		.word	.L16+1
 282 0034 69000000 		.word	.L20+1
 283 0038 6F000000 		.word	.L16+1
 284 003c 6F000000 		.word	.L16+1
 285 0040 6F000000 		.word	.L16+1
 286 0044 6F000000 		.word	.L16+1
 287 0048 6F000000 		.word	.L16+1
 288 004c 6F000000 		.word	.L16+1
 289 0050 6F000000 		.word	.L16+1
 290 0054 69000000 		.word	.L20+1
 291              		.p2align 1
 292              	.L17:
 293              		.loc 1 144 0
 294              	@ 144 "/home/makkmarci/workspace/ChibiOS_2.6.8/os/kernel/src/chschd.c" 1
 295 0058 FFF7FEFF 		bl      _port_unlock
 296              	@ 0 "" 2
 297              		.loc 1 145 0
 298              		.thumb
 299 005c 10E0     		b	.L15
 300              	.L19:
 301              		.loc 1 150 0
 302 005e 039B     		ldr	r3, [sp, #12]
 303 0060 9B6A     		ldr	r3, [r3, #40]
 304 0062 9A68     		ldr	r2, [r3, #8]
 305 0064 0132     		adds	r2, r2, #1
 306 0066 9A60     		str	r2, [r3, #8]
 307              	.L20:
 308              		.loc 1 160 0
 309 0068 0398     		ldr	r0, [sp, #12]
 310 006a FFF7FEFF 		bl	dequeue
 311              	.L16:
 312              		.loc 1 163 0
 313 006e 039B     		ldr	r3, [sp, #12]
 314 0070 4FF0FF32 		mov	r2, #-1
 315 0074 9A62     		str	r2, [r3, #40]
 316              		.loc 1 164 0
 317 0076 0398     		ldr	r0, [sp, #12]
 318 0078 FFF7FEFF 		bl	chSchReadyI
 319              		.loc 1 165 0
 320              	@ 165 "/home/makkmarci/workspace/ChibiOS_2.6.8/os/kernel/src/chschd.c" 1
 321 007c FFF7FEFF 		bl      _port_unlock
 322              	@ 0 "" 2
 323              		.thumb
 324              	.L15:
 325              		.loc 1 166 0
 326 0080 05B0     		add	sp, sp, #20
 327              		.cfi_def_cfa_offset 4
 328              		@ sp needed
 329 0082 5DF804FB 		ldr	pc, [sp], #4
 330              		.cfi_endproc
ARM GAS  /tmp/ccwipJB7.s 			page 7


 331              	.LFE3:
 332              		.size	wakeup, .-wakeup
 333              		.section	.text.chSchGoSleepTimeoutS,"ax",%progbits
 334              		.align	2
 335              		.p2align 4,,15
 336              		.global	chSchGoSleepTimeoutS
 337              		.thumb
 338              		.thumb_func
 339              		.type	chSchGoSleepTimeoutS, %function
 340              	chSchGoSleepTimeoutS:
 341              	.LFB4:
 342              		.loc 1 189 0
 343              		.cfi_startproc
 344              		@ args = 0, pretend = 0, frame = 32
 345              		@ frame_needed = 0, uses_anonymous_args = 0
 346 0000 00B5     		push	{lr}
 347              		.cfi_def_cfa_offset 4
 348              		.cfi_offset 14, -4
 349 0002 89B0     		sub	sp, sp, #36
 350              		.cfi_def_cfa_offset 40
 351 0004 0346     		mov	r3, r0
 352 0006 0091     		str	r1, [sp]
 353 0008 8DF80730 		strb	r3, [sp, #7]
 354              		.loc 1 193 0
 355 000c 009B     		ldr	r3, [sp]
 356 000e B3F1FF3F 		cmp	r3, #-1
 357 0012 15D0     		beq	.L23
 358              	.LBB3:
 359              		.loc 1 196 0
 360 0014 104B     		ldr	r3, .L27
 361 0016 9B69     		ldr	r3, [r3, #24]
 362 0018 03AA     		add	r2, sp, #12
 363 001a 1046     		mov	r0, r2
 364 001c 0099     		ldr	r1, [sp]
 365 001e 0F4A     		ldr	r2, .L27+4
 366 0020 FFF7FEFF 		bl	chVTSetI
 367              		.loc 1 197 0
 368 0024 9DF80730 		ldrb	r3, [sp, #7]	@ zero_extendqisi2
 369 0028 1846     		mov	r0, r3
 370 002a FFF7FEFF 		bl	chSchGoSleepS
 371              		.loc 1 198 0
 372 002e 069B     		ldr	r3, [sp, #24]
 373 0030 002B     		cmp	r3, #0
 374 0032 04D0     		beq	.L24
 375              		.loc 1 199 0
 376 0034 03AB     		add	r3, sp, #12
 377 0036 1846     		mov	r0, r3
 378 0038 FFF7FEFF 		bl	chVTResetI
 379              	.LBE3:
 380 003c 05E0     		b	.L25
 381              	.L24:
 382 003e 04E0     		b	.L25
 383              	.L23:
 384              		.loc 1 202 0
 385 0040 9DF80730 		ldrb	r3, [sp, #7]	@ zero_extendqisi2
 386 0044 1846     		mov	r0, r3
 387 0046 FFF7FEFF 		bl	chSchGoSleepS
ARM GAS  /tmp/ccwipJB7.s 			page 8


 388              	.L25:
 389              		.loc 1 203 0
 390 004a 034B     		ldr	r3, .L27
 391 004c 9B69     		ldr	r3, [r3, #24]
 392 004e 9B6A     		ldr	r3, [r3, #40]
 393              		.loc 1 204 0
 394 0050 1846     		mov	r0, r3
 395 0052 09B0     		add	sp, sp, #36
 396              		.cfi_def_cfa_offset 4
 397              		@ sp needed
 398 0054 5DF804FB 		ldr	pc, [sp], #4
 399              	.L28:
 400              		.align	2
 401              	.L27:
 402 0058 00000000 		.word	rlist
 403 005c 00000000 		.word	wakeup
 404              		.cfi_endproc
 405              	.LFE4:
 406              		.size	chSchGoSleepTimeoutS, .-chSchGoSleepTimeoutS
 407              		.section	.text.chSchWakeupS,"ax",%progbits
 408              		.align	2
 409              		.p2align 4,,15
 410              		.global	chSchWakeupS
 411              		.thumb
 412              		.thumb_func
 413              		.type	chSchWakeupS, %function
 414              	chSchWakeupS:
 415              	.LFB5:
 416              		.loc 1 225 0
 417              		.cfi_startproc
 418              		@ args = 0, pretend = 0, frame = 16
 419              		@ frame_needed = 0, uses_anonymous_args = 0
 420 0000 00B5     		push	{lr}
 421              		.cfi_def_cfa_offset 4
 422              		.cfi_offset 14, -4
 423 0002 85B0     		sub	sp, sp, #20
 424              		.cfi_def_cfa_offset 24
 425 0004 0190     		str	r0, [sp, #4]
 426 0006 0091     		str	r1, [sp]
 427              		.loc 1 229 0
 428 0008 019B     		ldr	r3, [sp, #4]
 429 000a 009A     		ldr	r2, [sp]
 430 000c 9A62     		str	r2, [r3, #40]
 431              		.loc 1 234 0
 432 000e 019B     		ldr	r3, [sp, #4]
 433 0010 9A68     		ldr	r2, [r3, #8]
 434 0012 154B     		ldr	r3, .L33
 435 0014 9B69     		ldr	r3, [r3, #24]
 436 0016 9B68     		ldr	r3, [r3, #8]
 437 0018 9A42     		cmp	r2, r3
 438 001a 03D8     		bhi	.L30
 439              		.loc 1 235 0
 440 001c 0198     		ldr	r0, [sp, #4]
 441 001e FFF7FEFF 		bl	chSchReadyI
 442 0022 1DE0     		b	.L29
 443              	.L30:
 444              	.LBB4:
ARM GAS  /tmp/ccwipJB7.s 			page 9


 445              		.loc 1 237 0
 446 0024 104B     		ldr	r3, .L33
 447 0026 9B69     		ldr	r3, [r3, #24]
 448 0028 1846     		mov	r0, r3
 449 002a FFF7FEFF 		bl	chSchReadyI
 450 002e 0390     		str	r0, [sp, #12]
 451              		.loc 1 238 0
 452 0030 0D4A     		ldr	r2, .L33
 453 0032 019B     		ldr	r3, [sp, #4]
 454 0034 9361     		str	r3, [r2, #24]
 455              		.loc 1 239 0
 456 0036 019B     		ldr	r3, [sp, #4]
 457 0038 0122     		movs	r2, #1
 458 003a 83F82020 		strb	r2, [r3, #32]
 459              		.loc 1 240 0
 460 003e 0398     		ldr	r0, [sp, #12]
 461 0040 FFF7FEFF 		bl	dbg_trace
 462              	.LBB5:
 463 0044 6B46     		mov	r3, sp
 464 0046 A3F16402 		sub	r2, r3, #100
 465 004a 039B     		ldr	r3, [sp, #12]
 466 004c DB69     		ldr	r3, [r3, #28]
 467 004e 9A42     		cmp	r2, r3
 468 0050 02D2     		bcs	.L32
 469              		.loc 1 240 0 is_stmt 0 discriminator 1
 470 0052 0648     		ldr	r0, .L33+4
 471 0054 FFF7FEFF 		bl	chDbgPanic
 472              	.L32:
 473              		.loc 1 240 0 discriminator 3
 474 0058 0198     		ldr	r0, [sp, #4]
 475 005a 0399     		ldr	r1, [sp, #12]
 476 005c FFF7FEFF 		bl	_port_switch
 477              	.L29:
 478              	.LBE5:
 479              	.LBE4:
 480              		.loc 1 242 0 is_stmt 1
 481 0060 05B0     		add	sp, sp, #20
 482              		.cfi_def_cfa_offset 4
 483              		@ sp needed
 484 0062 5DF804FB 		ldr	pc, [sp], #4
 485              	.L34:
 486 0066 00BF     		.align	2
 487              	.L33:
 488 0068 00000000 		.word	rlist
 489 006c 14000000 		.word	.LC1
 490              		.cfi_endproc
 491              	.LFE5:
 492              		.size	chSchWakeupS, .-chSchWakeupS
 493              		.section	.text.chSchRescheduleS,"ax",%progbits
 494              		.align	2
 495              		.p2align 4,,15
 496              		.global	chSchRescheduleS
 497              		.thumb
 498              		.thumb_func
 499              		.type	chSchRescheduleS, %function
 500              	chSchRescheduleS:
 501              	.LFB6:
ARM GAS  /tmp/ccwipJB7.s 			page 10


 502              		.loc 1 253 0
 503              		.cfi_startproc
 504              		@ args = 0, pretend = 0, frame = 0
 505              		@ frame_needed = 0, uses_anonymous_args = 0
 506 0000 08B5     		push	{r3, lr}
 507              		.cfi_def_cfa_offset 8
 508              		.cfi_offset 3, -8
 509              		.cfi_offset 14, -4
 510              		.loc 1 257 0
 511 0002 054B     		ldr	r3, .L37
 512 0004 1B68     		ldr	r3, [r3]
 513 0006 9A68     		ldr	r2, [r3, #8]
 514 0008 034B     		ldr	r3, .L37
 515 000a 9B69     		ldr	r3, [r3, #24]
 516 000c 9B68     		ldr	r3, [r3, #8]
 517 000e 9A42     		cmp	r2, r3
 518 0010 01D9     		bls	.L35
 519              		.loc 1 258 0
 520 0012 FFF7FEFF 		bl	chSchDoRescheduleAhead
 521              	.L35:
 522              		.loc 1 259 0
 523 0016 08BD     		pop	{r3, pc}
 524              	.L38:
 525              		.align	2
 526              	.L37:
 527 0018 00000000 		.word	rlist
 528              		.cfi_endproc
 529              	.LFE6:
 530              		.size	chSchRescheduleS, .-chSchRescheduleS
 531 001c AFF30080 		.section	.text.chSchDoRescheduleBehind,"ax",%progbits
 532              		.align	2
 533              		.p2align 4,,15
 534              		.global	chSchDoRescheduleBehind
 535              		.thumb
 536              		.thumb_func
 537              		.type	chSchDoRescheduleBehind, %function
 538              	chSchDoRescheduleBehind:
 539              	.LFB7:
 540              		.loc 1 304 0
 541              		.cfi_startproc
 542              		@ args = 0, pretend = 0, frame = 8
 543              		@ frame_needed = 0, uses_anonymous_args = 0
 544 0000 00B5     		push	{lr}
 545              		.cfi_def_cfa_offset 4
 546              		.cfi_offset 14, -4
 547 0002 83B0     		sub	sp, sp, #12
 548              		.cfi_def_cfa_offset 16
 549              		.loc 1 307 0
 550 0004 154B     		ldr	r3, .L41
 551 0006 9B69     		ldr	r3, [r3, #24]
 552 0008 0193     		str	r3, [sp, #4]
 553              		.loc 1 309 0
 554 000a 1448     		ldr	r0, .L41
 555 000c FFF7FEFF 		bl	fifo_remove
 556 0010 0246     		mov	r2, r0
 557 0012 124B     		ldr	r3, .L41
 558 0014 9A61     		str	r2, [r3, #24]
ARM GAS  /tmp/ccwipJB7.s 			page 11


 559              		.loc 1 310 0
 560 0016 114B     		ldr	r3, .L41
 561 0018 9B69     		ldr	r3, [r3, #24]
 562 001a 0122     		movs	r2, #1
 563 001c 83F82020 		strb	r2, [r3, #32]
 564              		.loc 1 312 0
 565 0020 019B     		ldr	r3, [sp, #4]
 566 0022 1422     		movs	r2, #20
 567 0024 83F82320 		strb	r2, [r3, #35]
 568              		.loc 1 314 0
 569 0028 0198     		ldr	r0, [sp, #4]
 570 002a FFF7FEFF 		bl	chSchReadyI
 571              		.loc 1 315 0
 572 002e 0198     		ldr	r0, [sp, #4]
 573 0030 FFF7FEFF 		bl	dbg_trace
 574              	.LBB6:
 575 0034 6B46     		mov	r3, sp
 576 0036 A3F16402 		sub	r2, r3, #100
 577 003a 019B     		ldr	r3, [sp, #4]
 578 003c DB69     		ldr	r3, [r3, #28]
 579 003e 9A42     		cmp	r2, r3
 580 0040 02D2     		bcs	.L40
 581              		.loc 1 315 0 is_stmt 0 discriminator 1
 582 0042 0748     		ldr	r0, .L41+4
 583 0044 FFF7FEFF 		bl	chDbgPanic
 584              	.L40:
 585              		.loc 1 315 0 discriminator 3
 586 0048 044B     		ldr	r3, .L41
 587 004a 9B69     		ldr	r3, [r3, #24]
 588 004c 1846     		mov	r0, r3
 589 004e 0199     		ldr	r1, [sp, #4]
 590 0050 FFF7FEFF 		bl	_port_switch
 591              	.LBE6:
 592              		.loc 1 316 0 is_stmt 1 discriminator 3
 593 0054 03B0     		add	sp, sp, #12
 594              		.cfi_def_cfa_offset 4
 595              		@ sp needed
 596 0056 5DF804FB 		ldr	pc, [sp], #4
 597              	.L42:
 598 005a 00BF     		.align	2
 599              	.L41:
 600 005c 00000000 		.word	rlist
 601 0060 14000000 		.word	.LC1
 602              		.cfi_endproc
 603              	.LFE7:
 604              		.size	chSchDoRescheduleBehind, .-chSchDoRescheduleBehind
 605 0064 AFF30080 		.section	.text.chSchDoRescheduleAhead,"ax",%progbits
 605      AFF30080 
 605      AFF30080 
 606              		.align	2
 607              		.p2align 4,,15
 608              		.global	chSchDoRescheduleAhead
 609              		.thumb
 610              		.thumb_func
 611              		.type	chSchDoRescheduleAhead, %function
 612              	chSchDoRescheduleAhead:
 613              	.LFB8:
ARM GAS  /tmp/ccwipJB7.s 			page 12


 614              		.loc 1 329 0
 615              		.cfi_startproc
 616              		@ args = 0, pretend = 0, frame = 8
 617              		@ frame_needed = 0, uses_anonymous_args = 0
 618 0000 00B5     		push	{lr}
 619              		.cfi_def_cfa_offset 4
 620              		.cfi_offset 14, -4
 621 0002 83B0     		sub	sp, sp, #12
 622              		.cfi_def_cfa_offset 16
 623              		.loc 1 332 0
 624 0004 204B     		ldr	r3, .L46
 625 0006 9B69     		ldr	r3, [r3, #24]
 626 0008 0093     		str	r3, [sp]
 627              		.loc 1 334 0
 628 000a 1F48     		ldr	r0, .L46
 629 000c FFF7FEFF 		bl	fifo_remove
 630 0010 0246     		mov	r2, r0
 631 0012 1D4B     		ldr	r3, .L46
 632 0014 9A61     		str	r2, [r3, #24]
 633              		.loc 1 335 0
 634 0016 1C4B     		ldr	r3, .L46
 635 0018 9B69     		ldr	r3, [r3, #24]
 636 001a 0122     		movs	r2, #1
 637 001c 83F82020 		strb	r2, [r3, #32]
 638              		.loc 1 337 0
 639 0020 009B     		ldr	r3, [sp]
 640 0022 0022     		movs	r2, #0
 641 0024 83F82020 		strb	r2, [r3, #32]
 642              		.loc 1 338 0
 643 0028 174B     		ldr	r3, .L46
 644 002a 0193     		str	r3, [sp, #4]
 645              	.L44:
 646              		.loc 1 340 0 discriminator 1
 647 002c 019B     		ldr	r3, [sp, #4]
 648 002e 1B68     		ldr	r3, [r3]
 649 0030 0193     		str	r3, [sp, #4]
 650              		.loc 1 341 0 discriminator 1
 651 0032 019B     		ldr	r3, [sp, #4]
 652 0034 9A68     		ldr	r2, [r3, #8]
 653 0036 009B     		ldr	r3, [sp]
 654 0038 9B68     		ldr	r3, [r3, #8]
 655 003a 9A42     		cmp	r2, r3
 656 003c F6D8     		bhi	.L44
 657              		.loc 1 343 0
 658 003e 009B     		ldr	r3, [sp]
 659 0040 019A     		ldr	r2, [sp, #4]
 660 0042 1A60     		str	r2, [r3]
 661              		.loc 1 344 0
 662 0044 019B     		ldr	r3, [sp, #4]
 663 0046 5A68     		ldr	r2, [r3, #4]
 664 0048 009B     		ldr	r3, [sp]
 665 004a 5A60     		str	r2, [r3, #4]
 666              		.loc 1 345 0
 667 004c 009B     		ldr	r3, [sp]
 668 004e 5B68     		ldr	r3, [r3, #4]
 669 0050 019A     		ldr	r2, [sp, #4]
 670 0052 0099     		ldr	r1, [sp]
ARM GAS  /tmp/ccwipJB7.s 			page 13


 671 0054 5160     		str	r1, [r2, #4]
 672 0056 019A     		ldr	r2, [sp, #4]
 673 0058 5268     		ldr	r2, [r2, #4]
 674 005a 1A60     		str	r2, [r3]
 675              		.loc 1 347 0
 676 005c 0098     		ldr	r0, [sp]
 677 005e FFF7FEFF 		bl	dbg_trace
 678              	.LBB7:
 679 0062 6B46     		mov	r3, sp
 680 0064 A3F16402 		sub	r2, r3, #100
 681 0068 009B     		ldr	r3, [sp]
 682 006a DB69     		ldr	r3, [r3, #28]
 683 006c 9A42     		cmp	r2, r3
 684 006e 02D2     		bcs	.L45
 685              		.loc 1 347 0 is_stmt 0 discriminator 1
 686 0070 0648     		ldr	r0, .L46+4
 687 0072 FFF7FEFF 		bl	chDbgPanic
 688              	.L45:
 689              		.loc 1 347 0 discriminator 3
 690 0076 044B     		ldr	r3, .L46
 691 0078 9B69     		ldr	r3, [r3, #24]
 692 007a 1846     		mov	r0, r3
 693 007c 0099     		ldr	r1, [sp]
 694 007e FFF7FEFF 		bl	_port_switch
 695              	.LBE7:
 696              		.loc 1 348 0 is_stmt 1 discriminator 3
 697 0082 03B0     		add	sp, sp, #12
 698              		.cfi_def_cfa_offset 4
 699              		@ sp needed
 700 0084 5DF804FB 		ldr	pc, [sp], #4
 701              	.L47:
 702              		.align	2
 703              	.L46:
 704 0088 00000000 		.word	rlist
 705 008c 14000000 		.word	.LC1
 706              		.cfi_endproc
 707              	.LFE8:
 708              		.size	chSchDoRescheduleAhead, .-chSchDoRescheduleAhead
 709              		.section	.text.chSchDoReschedule,"ax",%progbits
 710              		.align	2
 711              		.p2align 4,,15
 712              		.global	chSchDoReschedule
 713              		.thumb
 714              		.thumb_func
 715              		.type	chSchDoReschedule, %function
 716              	chSchDoReschedule:
 717              	.LFB9:
 718              		.loc 1 362 0
 719              		.cfi_startproc
 720              		@ args = 0, pretend = 0, frame = 0
 721              		@ frame_needed = 0, uses_anonymous_args = 0
 722 0000 08B5     		push	{r3, lr}
 723              		.cfi_def_cfa_offset 8
 724              		.cfi_offset 3, -8
 725              		.cfi_offset 14, -4
 726              		.loc 1 367 0
 727 0002 064B     		ldr	r3, .L51
ARM GAS  /tmp/ccwipJB7.s 			page 14


 728 0004 9B69     		ldr	r3, [r3, #24]
 729 0006 93F82330 		ldrb	r3, [r3, #35]	@ zero_extendqisi2
 730 000a 002B     		cmp	r3, #0
 731 000c 02D1     		bne	.L49
 732              		.loc 1 370 0
 733 000e FFF7FEFF 		bl	chSchDoRescheduleBehind
 734 0012 01E0     		b	.L48
 735              	.L49:
 736              		.loc 1 375 0
 737 0014 FFF7FEFF 		bl	chSchDoRescheduleAhead
 738              	.L48:
 739              		.loc 1 382 0
 740 0018 08BD     		pop	{r3, pc}
 741              	.L52:
 742 001a 00BF     		.align	2
 743              	.L51:
 744 001c 00000000 		.word	rlist
 745              		.cfi_endproc
 746              	.LFE9:
 747              		.size	chSchDoReschedule, .-chSchDoReschedule
 748              		.text
 749              	.Letext0:
 750              		.file 2 "/opt/gcc-arm-none-eabi/arm-none-eabi/include/machine/_default_types.h"
 751              		.file 3 "/opt/gcc-arm-none-eabi/arm-none-eabi/include/stdint.h"
 752              		.file 4 "/home/makkmarci/workspace/ChibiOS_2.6.8/os/ports/GCC/ARMCMx/chtypes.h"
 753              		.file 5 "/home/makkmarci/workspace/ChibiOS_2.6.8/os/kernel/include/chlists.h"
 754              		.file 6 "/home/makkmarci/workspace/ChibiOS_2.6.8/os/kernel/include/chthreads.h"
 755              		.file 7 "/home/makkmarci/workspace/ChibiOS_2.6.8/os/ports/GCC/ARMCMx/chcore_v7m.h"
 756              		.file 8 "/home/makkmarci/workspace/ChibiOS_2.6.8/os/kernel/include/chvt.h"
 757              		.file 9 "/home/makkmarci/workspace/ChibiOS_2.6.8/os/kernel/include/chschd.h"
 758              		.file 10 "/home/makkmarci/workspace/ChibiOS_2.6.8/os/kernel/include/chsem.h"
 759              		.file 11 "/home/makkmarci/workspace/ChibiOS_2.6.8/os/kernel/include/chmtx.h"
 760              		.section	.debug_info,"",%progbits
 761              	.Ldebug_info0:
 762 0000 DD070000 		.4byte	0x7dd
 763 0004 0400     		.2byte	0x4
 764 0006 00000000 		.4byte	.Ldebug_abbrev0
 765 000a 04       		.byte	0x4
 766 000b 01       		.uleb128 0x1
 767 000c 15020000 		.4byte	.LASF92
 768 0010 01       		.byte	0x1
 769 0011 94010000 		.4byte	.LASF93
 770 0015 00000000 		.4byte	.Ldebug_ranges0+0
 771 0019 00000000 		.4byte	0
 772 001d 00000000 		.4byte	.Ldebug_line0
 773 0021 02       		.uleb128 0x2
 774 0022 04       		.byte	0x4
 775 0023 05       		.byte	0x5
 776 0024 696E7400 		.ascii	"int\000"
 777 0028 03       		.uleb128 0x3
 778 0029 04       		.byte	0x4
 779 002a 07       		.byte	0x7
 780 002b 14010000 		.4byte	.LASF0
 781 002f 03       		.uleb128 0x3
 782 0030 01       		.byte	0x1
 783 0031 06       		.byte	0x6
 784 0032 73000000 		.4byte	.LASF1
ARM GAS  /tmp/ccwipJB7.s 			page 15


 785 0036 04       		.uleb128 0x4
 786 0037 2D000000 		.4byte	.LASF5
 787 003b 02       		.byte	0x2
 788 003c 1D       		.byte	0x1d
 789 003d 41000000 		.4byte	0x41
 790 0041 03       		.uleb128 0x3
 791 0042 01       		.byte	0x1
 792 0043 08       		.byte	0x8
 793 0044 AC030000 		.4byte	.LASF2
 794 0048 03       		.uleb128 0x3
 795 0049 02       		.byte	0x2
 796 004a 05       		.byte	0x5
 797 004b CD030000 		.4byte	.LASF3
 798 004f 03       		.uleb128 0x3
 799 0050 02       		.byte	0x2
 800 0051 07       		.byte	0x7
 801 0052 66010000 		.4byte	.LASF4
 802 0056 04       		.uleb128 0x4
 803 0057 64040000 		.4byte	.LASF6
 804 005b 02       		.byte	0x2
 805 005c 3F       		.byte	0x3f
 806 005d 61000000 		.4byte	0x61
 807 0061 03       		.uleb128 0x3
 808 0062 04       		.byte	0x4
 809 0063 05       		.byte	0x5
 810 0064 99000000 		.4byte	.LASF7
 811 0068 04       		.uleb128 0x4
 812 0069 D5000000 		.4byte	.LASF8
 813 006d 02       		.byte	0x2
 814 006e 41       		.byte	0x41
 815 006f 73000000 		.4byte	0x73
 816 0073 03       		.uleb128 0x3
 817 0074 04       		.byte	0x4
 818 0075 07       		.byte	0x7
 819 0076 30010000 		.4byte	.LASF9
 820 007a 03       		.uleb128 0x3
 821 007b 08       		.byte	0x8
 822 007c 05       		.byte	0x5
 823 007d 65000000 		.4byte	.LASF10
 824 0081 04       		.uleb128 0x4
 825 0082 7C030000 		.4byte	.LASF11
 826 0086 02       		.byte	0x2
 827 0087 5B       		.byte	0x5b
 828 0088 8C000000 		.4byte	0x8c
 829 008c 03       		.uleb128 0x3
 830 008d 08       		.byte	0x8
 831 008e 07       		.byte	0x7
 832 008f 37000000 		.4byte	.LASF12
 833 0093 04       		.uleb128 0x4
 834 0094 AF040000 		.4byte	.LASF13
 835 0098 03       		.byte	0x3
 836 0099 15       		.byte	0x15
 837 009a 36000000 		.4byte	0x36
 838 009e 04       		.uleb128 0x4
 839 009f A4030000 		.4byte	.LASF14
 840 00a3 03       		.byte	0x3
 841 00a4 2C       		.byte	0x2c
ARM GAS  /tmp/ccwipJB7.s 			page 16


 842 00a5 56000000 		.4byte	0x56
 843 00a9 04       		.uleb128 0x4
 844 00aa 26040000 		.4byte	.LASF15
 845 00ae 03       		.byte	0x3
 846 00af 2D       		.byte	0x2d
 847 00b0 68000000 		.4byte	0x68
 848 00b4 04       		.uleb128 0x4
 849 00b5 0D000000 		.4byte	.LASF16
 850 00b9 03       		.byte	0x3
 851 00ba 39       		.byte	0x39
 852 00bb 81000000 		.4byte	0x81
 853 00bf 03       		.uleb128 0x3
 854 00c0 01       		.byte	0x1
 855 00c1 02       		.byte	0x2
 856 00c2 9E030000 		.4byte	.LASF17
 857 00c6 04       		.uleb128 0x4
 858 00c7 D3010000 		.4byte	.LASF18
 859 00cb 04       		.byte	0x4
 860 00cc 2C       		.byte	0x2c
 861 00cd 93000000 		.4byte	0x93
 862 00d1 04       		.uleb128 0x4
 863 00d2 A2000000 		.4byte	.LASF19
 864 00d6 04       		.byte	0x4
 865 00d7 2D       		.byte	0x2d
 866 00d8 93000000 		.4byte	0x93
 867 00dc 04       		.uleb128 0x4
 868 00dd 87030000 		.4byte	.LASF20
 869 00e1 04       		.byte	0x4
 870 00e2 2E       		.byte	0x2e
 871 00e3 93000000 		.4byte	0x93
 872 00e7 04       		.uleb128 0x4
 873 00e8 8F000000 		.4byte	.LASF21
 874 00ec 04       		.byte	0x4
 875 00ed 2F       		.byte	0x2f
 876 00ee 93000000 		.4byte	0x93
 877 00f2 04       		.uleb128 0x4
 878 00f3 96030000 		.4byte	.LASF22
 879 00f7 04       		.byte	0x4
 880 00f8 30       		.byte	0x30
 881 00f9 A9000000 		.4byte	0xa9
 882 00fd 04       		.uleb128 0x4
 883 00fe 86010000 		.4byte	.LASF23
 884 0102 04       		.byte	0x4
 885 0103 31       		.byte	0x31
 886 0104 9E000000 		.4byte	0x9e
 887 0108 04       		.uleb128 0x4
 888 0109 E7010000 		.4byte	.LASF24
 889 010d 04       		.byte	0x4
 890 010e 33       		.byte	0x33
 891 010f A9000000 		.4byte	0xa9
 892 0113 04       		.uleb128 0x4
 893 0114 4F040000 		.4byte	.LASF25
 894 0118 04       		.byte	0x4
 895 0119 35       		.byte	0x35
 896 011a A9000000 		.4byte	0xa9
 897 011e 04       		.uleb128 0x4
 898 011f 03010000 		.4byte	.LASF26
ARM GAS  /tmp/ccwipJB7.s 			page 17


 899 0123 04       		.byte	0x4
 900 0124 36       		.byte	0x36
 901 0125 9E000000 		.4byte	0x9e
 902 0129 04       		.uleb128 0x4
 903 012a 06040000 		.4byte	.LASF27
 904 012e 05       		.byte	0x5
 905 012f 2A       		.byte	0x2a
 906 0130 34010000 		.4byte	0x134
 907 0134 05       		.uleb128 0x5
 908 0135 06040000 		.4byte	.LASF27
 909 0139 4C       		.byte	0x4c
 910 013a 06       		.byte	0x6
 911 013b 5E       		.byte	0x5e
 912 013c 3D020000 		.4byte	0x23d
 913 0140 06       		.uleb128 0x6
 914 0141 F7030000 		.4byte	.LASF28
 915 0145 06       		.byte	0x6
 916 0146 5F       		.byte	0x5f
 917 0147 5E020000 		.4byte	0x25e
 918 014b 00       		.byte	0
 919 014c 06       		.uleb128 0x6
 920 014d 8F030000 		.4byte	.LASF29
 921 0151 06       		.byte	0x6
 922 0152 61       		.byte	0x61
 923 0153 5E020000 		.4byte	0x25e
 924 0157 04       		.byte	0x4
 925 0158 06       		.uleb128 0x6
 926 0159 4E000000 		.4byte	.LASF30
 927 015d 06       		.byte	0x6
 928 015e 63       		.byte	0x63
 929 015f F2000000 		.4byte	0xf2
 930 0163 08       		.byte	0x8
 931 0164 06       		.uleb128 0x6
 932 0165 E2040000 		.4byte	.LASF31
 933 0169 06       		.byte	0x6
 934 016a 64       		.byte	0x64
 935 016b F3030000 		.4byte	0x3f3
 936 016f 0C       		.byte	0xc
 937 0170 06       		.uleb128 0x6
 938 0171 AB000000 		.4byte	.LASF32
 939 0175 06       		.byte	0x6
 940 0176 66       		.byte	0x66
 941 0177 5E020000 		.4byte	0x25e
 942 017b 10       		.byte	0x10
 943 017c 06       		.uleb128 0x6
 944 017d 4A030000 		.4byte	.LASF33
 945 0181 06       		.byte	0x6
 946 0182 67       		.byte	0x67
 947 0183 5E020000 		.4byte	0x25e
 948 0187 14       		.byte	0x14
 949 0188 06       		.uleb128 0x6
 950 0189 BE040000 		.4byte	.LASF34
 951 018d 06       		.byte	0x6
 952 018e 6E       		.byte	0x6e
 953 018f 99050000 		.4byte	0x599
 954 0193 18       		.byte	0x18
 955 0194 06       		.uleb128 0x6
ARM GAS  /tmp/ccwipJB7.s 			page 18


 956 0195 09010000 		.4byte	.LASF35
 957 0199 06       		.byte	0x6
 958 019a 74       		.byte	0x74
 959 019b AB050000 		.4byte	0x5ab
 960 019f 1C       		.byte	0x1c
 961 01a0 06       		.uleb128 0x6
 962 01a1 D7030000 		.4byte	.LASF36
 963 01a5 06       		.byte	0x6
 964 01a6 79       		.byte	0x79
 965 01a7 D1000000 		.4byte	0xd1
 966 01ab 20       		.byte	0x20
 967 01ac 06       		.uleb128 0x6
 968 01ad FE030000 		.4byte	.LASF37
 969 01b1 06       		.byte	0x6
 970 01b2 7D       		.byte	0x7d
 971 01b3 C6000000 		.4byte	0xc6
 972 01b7 21       		.byte	0x21
 973 01b8 06       		.uleb128 0x6
 974 01b9 98040000 		.4byte	.LASF38
 975 01bd 06       		.byte	0x6
 976 01be 82       		.byte	0x82
 977 01bf DC000000 		.4byte	0xdc
 978 01c3 22       		.byte	0x22
 979 01c4 06       		.uleb128 0x6
 980 01c5 DF030000 		.4byte	.LASF39
 981 01c9 06       		.byte	0x6
 982 01ca 88       		.byte	0x88
 983 01cb E7000000 		.4byte	0xe7
 984 01cf 23       		.byte	0x23
 985 01d0 06       		.uleb128 0x6
 986 01d1 6E040000 		.4byte	.LASF40
 987 01d5 06       		.byte	0x6
 988 01d6 8F       		.byte	0x8f
 989 01d7 91040000 		.4byte	0x491
 990 01db 24       		.byte	0x24
 991 01dc 07       		.uleb128 0x7
 992 01dd 705F7500 		.ascii	"p_u\000"
 993 01e1 06       		.byte	0x6
 994 01e2 B4       		.byte	0xb4
 995 01e3 64050000 		.4byte	0x564
 996 01e7 28       		.byte	0x28
 997 01e8 06       		.uleb128 0x6
 998 01e9 E8040000 		.4byte	.LASF41
 999 01ed 06       		.byte	0x6
 1000 01ee B9       		.byte	0xb9
 1001 01ef 84020000 		.4byte	0x284
 1002 01f3 2C       		.byte	0x2c
 1003 01f4 06       		.uleb128 0x6
 1004 01f5 7C040000 		.4byte	.LASF42
 1005 01f9 06       		.byte	0x6
 1006 01fa BF       		.byte	0xbf
 1007 01fb 64020000 		.4byte	0x264
 1008 01ff 30       		.byte	0x30
 1009 0200 06       		.uleb128 0x6
 1010 0201 00000000 		.4byte	.LASF43
 1011 0205 06       		.byte	0x6
 1012 0206 C3       		.byte	0xc3
ARM GAS  /tmp/ccwipJB7.s 			page 19


 1013 0207 FD000000 		.4byte	0xfd
 1014 020b 38       		.byte	0x38
 1015 020c 06       		.uleb128 0x6
 1016 020d 1B040000 		.4byte	.LASF44
 1017 0211 06       		.byte	0x6
 1018 0212 C9       		.byte	0xc9
 1019 0213 08010000 		.4byte	0x108
 1020 0217 3C       		.byte	0x3c
 1021 0218 06       		.uleb128 0x6
 1022 0219 C3030000 		.4byte	.LASF45
 1023 021d 06       		.byte	0x6
 1024 021e D0       		.byte	0xd0
 1025 021f B1050000 		.4byte	0x5b1
 1026 0223 40       		.byte	0x40
 1027 0224 06       		.uleb128 0x6
 1028 0225 59040000 		.4byte	.LASF46
 1029 0229 06       		.byte	0x6
 1030 022a D4       		.byte	0xd4
 1031 022b F2000000 		.4byte	0xf2
 1032 022f 44       		.byte	0x44
 1033 0230 06       		.uleb128 0x6
 1034 0231 7F000000 		.4byte	.LASF47
 1035 0235 06       		.byte	0x6
 1036 0236 DA       		.byte	0xda
 1037 0237 9A020000 		.4byte	0x29a
 1038 023b 48       		.byte	0x48
 1039 023c 00       		.byte	0
 1040 023d 08       		.uleb128 0x8
 1041 023e 08       		.byte	0x8
 1042 023f 05       		.byte	0x5
 1043 0240 61       		.byte	0x61
 1044 0241 5E020000 		.4byte	0x25e
 1045 0245 06       		.uleb128 0x6
 1046 0246 F7030000 		.4byte	.LASF28
 1047 024a 05       		.byte	0x5
 1048 024b 62       		.byte	0x62
 1049 024c 5E020000 		.4byte	0x25e
 1050 0250 00       		.byte	0
 1051 0251 06       		.uleb128 0x6
 1052 0252 8F030000 		.4byte	.LASF29
 1053 0256 05       		.byte	0x5
 1054 0257 64       		.byte	0x64
 1055 0258 5E020000 		.4byte	0x25e
 1056 025c 04       		.byte	0x4
 1057 025d 00       		.byte	0
 1058 025e 09       		.uleb128 0x9
 1059 025f 04       		.byte	0x4
 1060 0260 29010000 		.4byte	0x129
 1061 0264 04       		.uleb128 0x4
 1062 0265 58030000 		.4byte	.LASF48
 1063 0269 05       		.byte	0x5
 1064 026a 66       		.byte	0x66
 1065 026b 3D020000 		.4byte	0x23d
 1066 026f 08       		.uleb128 0x8
 1067 0270 04       		.byte	0x4
 1068 0271 05       		.byte	0x5
 1069 0272 6B       		.byte	0x6b
ARM GAS  /tmp/ccwipJB7.s 			page 20


 1070 0273 84020000 		.4byte	0x284
 1071 0277 06       		.uleb128 0x6
 1072 0278 F7030000 		.4byte	.LASF28
 1073 027c 05       		.byte	0x5
 1074 027d 6D       		.byte	0x6d
 1075 027e 5E020000 		.4byte	0x25e
 1076 0282 00       		.byte	0
 1077 0283 00       		.byte	0
 1078 0284 04       		.uleb128 0x4
 1079 0285 DB010000 		.4byte	.LASF49
 1080 0289 05       		.byte	0x5
 1081 028a 70       		.byte	0x70
 1082 028b 6F020000 		.4byte	0x26f
 1083 028f 04       		.uleb128 0x4
 1084 0290 E0000000 		.4byte	.LASF50
 1085 0294 07       		.byte	0x7
 1086 0295 E5       		.byte	0xe5
 1087 0296 9A020000 		.4byte	0x29a
 1088 029a 0A       		.uleb128 0xa
 1089 029b 04       		.byte	0x4
 1090 029c 04       		.uleb128 0x4
 1091 029d F9010000 		.4byte	.LASF51
 1092 02a1 07       		.byte	0x7
 1093 02a2 EB       		.byte	0xeb
 1094 02a3 B4000000 		.4byte	0xb4
 1095 02a7 0B       		.uleb128 0xb
 1096 02a8 75040000 		.4byte	.LASF52
 1097 02ac 64       		.byte	0x64
 1098 02ad 07       		.byte	0x7
 1099 02ae 0C01     		.2byte	0x10c
 1100 02b0 F3030000 		.4byte	0x3f3
 1101 02b4 0C       		.uleb128 0xc
 1102 02b5 73313600 		.ascii	"s16\000"
 1103 02b9 07       		.byte	0x7
 1104 02ba 0E01     		.2byte	0x10e
 1105 02bc 8F020000 		.4byte	0x28f
 1106 02c0 00       		.byte	0
 1107 02c1 0C       		.uleb128 0xc
 1108 02c2 73313700 		.ascii	"s17\000"
 1109 02c6 07       		.byte	0x7
 1110 02c7 0F01     		.2byte	0x10f
 1111 02c9 8F020000 		.4byte	0x28f
 1112 02cd 04       		.byte	0x4
 1113 02ce 0C       		.uleb128 0xc
 1114 02cf 73313800 		.ascii	"s18\000"
 1115 02d3 07       		.byte	0x7
 1116 02d4 1001     		.2byte	0x110
 1117 02d6 8F020000 		.4byte	0x28f
 1118 02da 08       		.byte	0x8
 1119 02db 0C       		.uleb128 0xc
 1120 02dc 73313900 		.ascii	"s19\000"
 1121 02e0 07       		.byte	0x7
 1122 02e1 1101     		.2byte	0x111
 1123 02e3 8F020000 		.4byte	0x28f
 1124 02e7 0C       		.byte	0xc
 1125 02e8 0C       		.uleb128 0xc
 1126 02e9 73323000 		.ascii	"s20\000"
ARM GAS  /tmp/ccwipJB7.s 			page 21


 1127 02ed 07       		.byte	0x7
 1128 02ee 1201     		.2byte	0x112
 1129 02f0 8F020000 		.4byte	0x28f
 1130 02f4 10       		.byte	0x10
 1131 02f5 0C       		.uleb128 0xc
 1132 02f6 73323100 		.ascii	"s21\000"
 1133 02fa 07       		.byte	0x7
 1134 02fb 1301     		.2byte	0x113
 1135 02fd 8F020000 		.4byte	0x28f
 1136 0301 14       		.byte	0x14
 1137 0302 0C       		.uleb128 0xc
 1138 0303 73323200 		.ascii	"s22\000"
 1139 0307 07       		.byte	0x7
 1140 0308 1401     		.2byte	0x114
 1141 030a 8F020000 		.4byte	0x28f
 1142 030e 18       		.byte	0x18
 1143 030f 0C       		.uleb128 0xc
 1144 0310 73323300 		.ascii	"s23\000"
 1145 0314 07       		.byte	0x7
 1146 0315 1501     		.2byte	0x115
 1147 0317 8F020000 		.4byte	0x28f
 1148 031b 1C       		.byte	0x1c
 1149 031c 0C       		.uleb128 0xc
 1150 031d 73323400 		.ascii	"s24\000"
 1151 0321 07       		.byte	0x7
 1152 0322 1601     		.2byte	0x116
 1153 0324 8F020000 		.4byte	0x28f
 1154 0328 20       		.byte	0x20
 1155 0329 0C       		.uleb128 0xc
 1156 032a 73323500 		.ascii	"s25\000"
 1157 032e 07       		.byte	0x7
 1158 032f 1701     		.2byte	0x117
 1159 0331 8F020000 		.4byte	0x28f
 1160 0335 24       		.byte	0x24
 1161 0336 0C       		.uleb128 0xc
 1162 0337 73323600 		.ascii	"s26\000"
 1163 033b 07       		.byte	0x7
 1164 033c 1801     		.2byte	0x118
 1165 033e 8F020000 		.4byte	0x28f
 1166 0342 28       		.byte	0x28
 1167 0343 0C       		.uleb128 0xc
 1168 0344 73323700 		.ascii	"s27\000"
 1169 0348 07       		.byte	0x7
 1170 0349 1901     		.2byte	0x119
 1171 034b 8F020000 		.4byte	0x28f
 1172 034f 2C       		.byte	0x2c
 1173 0350 0C       		.uleb128 0xc
 1174 0351 73323800 		.ascii	"s28\000"
 1175 0355 07       		.byte	0x7
 1176 0356 1A01     		.2byte	0x11a
 1177 0358 8F020000 		.4byte	0x28f
 1178 035c 30       		.byte	0x30
 1179 035d 0C       		.uleb128 0xc
 1180 035e 73323900 		.ascii	"s29\000"
 1181 0362 07       		.byte	0x7
 1182 0363 1B01     		.2byte	0x11b
 1183 0365 8F020000 		.4byte	0x28f
ARM GAS  /tmp/ccwipJB7.s 			page 22


 1184 0369 34       		.byte	0x34
 1185 036a 0C       		.uleb128 0xc
 1186 036b 73333000 		.ascii	"s30\000"
 1187 036f 07       		.byte	0x7
 1188 0370 1C01     		.2byte	0x11c
 1189 0372 8F020000 		.4byte	0x28f
 1190 0376 38       		.byte	0x38
 1191 0377 0C       		.uleb128 0xc
 1192 0378 73333100 		.ascii	"s31\000"
 1193 037c 07       		.byte	0x7
 1194 037d 1D01     		.2byte	0x11d
 1195 037f 8F020000 		.4byte	0x28f
 1196 0383 3C       		.byte	0x3c
 1197 0384 0C       		.uleb128 0xc
 1198 0385 723400   		.ascii	"r4\000"
 1199 0388 07       		.byte	0x7
 1200 0389 1F01     		.2byte	0x11f
 1201 038b 8F020000 		.4byte	0x28f
 1202 038f 40       		.byte	0x40
 1203 0390 0C       		.uleb128 0xc
 1204 0391 723500   		.ascii	"r5\000"
 1205 0394 07       		.byte	0x7
 1206 0395 2001     		.2byte	0x120
 1207 0397 8F020000 		.4byte	0x28f
 1208 039b 44       		.byte	0x44
 1209 039c 0C       		.uleb128 0xc
 1210 039d 723600   		.ascii	"r6\000"
 1211 03a0 07       		.byte	0x7
 1212 03a1 2101     		.2byte	0x121
 1213 03a3 8F020000 		.4byte	0x28f
 1214 03a7 48       		.byte	0x48
 1215 03a8 0C       		.uleb128 0xc
 1216 03a9 723700   		.ascii	"r7\000"
 1217 03ac 07       		.byte	0x7
 1218 03ad 2201     		.2byte	0x122
 1219 03af 8F020000 		.4byte	0x28f
 1220 03b3 4C       		.byte	0x4c
 1221 03b4 0C       		.uleb128 0xc
 1222 03b5 723800   		.ascii	"r8\000"
 1223 03b8 07       		.byte	0x7
 1224 03b9 2301     		.2byte	0x123
 1225 03bb 8F020000 		.4byte	0x28f
 1226 03bf 50       		.byte	0x50
 1227 03c0 0C       		.uleb128 0xc
 1228 03c1 723900   		.ascii	"r9\000"
 1229 03c4 07       		.byte	0x7
 1230 03c5 2401     		.2byte	0x124
 1231 03c7 8F020000 		.4byte	0x28f
 1232 03cb 54       		.byte	0x54
 1233 03cc 0C       		.uleb128 0xc
 1234 03cd 72313000 		.ascii	"r10\000"
 1235 03d1 07       		.byte	0x7
 1236 03d2 2501     		.2byte	0x125
 1237 03d4 8F020000 		.4byte	0x28f
 1238 03d8 58       		.byte	0x58
 1239 03d9 0C       		.uleb128 0xc
 1240 03da 72313100 		.ascii	"r11\000"
ARM GAS  /tmp/ccwipJB7.s 			page 23


 1241 03de 07       		.byte	0x7
 1242 03df 2601     		.2byte	0x126
 1243 03e1 8F020000 		.4byte	0x28f
 1244 03e5 5C       		.byte	0x5c
 1245 03e6 0C       		.uleb128 0xc
 1246 03e7 6C7200   		.ascii	"lr\000"
 1247 03ea 07       		.byte	0x7
 1248 03eb 2701     		.2byte	0x127
 1249 03ed 8F020000 		.4byte	0x28f
 1250 03f1 60       		.byte	0x60
 1251 03f2 00       		.byte	0
 1252 03f3 0B       		.uleb128 0xb
 1253 03f4 5E010000 		.4byte	.LASF53
 1254 03f8 04       		.byte	0x4
 1255 03f9 07       		.byte	0x7
 1256 03fa 3101     		.2byte	0x131
 1257 03fc 0E040000 		.4byte	0x40e
 1258 0400 0C       		.uleb128 0xc
 1259 0401 72313300 		.ascii	"r13\000"
 1260 0405 07       		.byte	0x7
 1261 0406 3201     		.2byte	0x132
 1262 0408 0E040000 		.4byte	0x40e
 1263 040c 00       		.byte	0
 1264 040d 00       		.byte	0
 1265 040e 09       		.uleb128 0x9
 1266 040f 04       		.byte	0x4
 1267 0410 A7020000 		.4byte	0x2a7
 1268 0414 03       		.uleb128 0x3
 1269 0415 04       		.byte	0x4
 1270 0416 07       		.byte	0x7
 1271 0417 0C020000 		.4byte	.LASF54
 1272 041b 04       		.uleb128 0x4
 1273 041c 42010000 		.4byte	.LASF55
 1274 0420 08       		.byte	0x8
 1275 0421 58       		.byte	0x58
 1276 0422 26040000 		.4byte	0x426
 1277 0426 09       		.uleb128 0x9
 1278 0427 04       		.byte	0x4
 1279 0428 2C040000 		.4byte	0x42c
 1280 042c 0D       		.uleb128 0xd
 1281 042d 37040000 		.4byte	0x437
 1282 0431 0E       		.uleb128 0xe
 1283 0432 9A020000 		.4byte	0x29a
 1284 0436 00       		.byte	0
 1285 0437 04       		.uleb128 0x4
 1286 0438 4B010000 		.4byte	.LASF56
 1287 043c 08       		.byte	0x8
 1288 043d 5D       		.byte	0x5d
 1289 043e 42040000 		.4byte	0x442
 1290 0442 05       		.uleb128 0x5
 1291 0443 4B010000 		.4byte	.LASF56
 1292 0447 14       		.byte	0x14
 1293 0448 08       		.byte	0x8
 1294 0449 64       		.byte	0x64
 1295 044a 8B040000 		.4byte	0x48b
 1296 044e 06       		.uleb128 0x6
 1297 044f 28010000 		.4byte	.LASF57
ARM GAS  /tmp/ccwipJB7.s 			page 24


 1298 0453 08       		.byte	0x8
 1299 0454 65       		.byte	0x65
 1300 0455 8B040000 		.4byte	0x48b
 1301 0459 00       		.byte	0
 1302 045a 06       		.uleb128 0x6
 1303 045b E9000000 		.4byte	.LASF58
 1304 045f 08       		.byte	0x8
 1305 0460 67       		.byte	0x67
 1306 0461 8B040000 		.4byte	0x48b
 1307 0465 04       		.byte	0x4
 1308 0466 06       		.uleb128 0x6
 1309 0467 04020000 		.4byte	.LASF59
 1310 046b 08       		.byte	0x8
 1311 046c 69       		.byte	0x69
 1312 046d 13010000 		.4byte	0x113
 1313 0471 08       		.byte	0x8
 1314 0472 06       		.uleb128 0x6
 1315 0473 2A030000 		.4byte	.LASF60
 1316 0477 08       		.byte	0x8
 1317 0478 6A       		.byte	0x6a
 1318 0479 1B040000 		.4byte	0x41b
 1319 047d 0C       		.byte	0xc
 1320 047e 06       		.uleb128 0x6
 1321 047f 87040000 		.4byte	.LASF61
 1322 0483 08       		.byte	0x8
 1323 0484 6C       		.byte	0x6c
 1324 0485 9A020000 		.4byte	0x29a
 1325 0489 10       		.byte	0x10
 1326 048a 00       		.byte	0
 1327 048b 09       		.uleb128 0x9
 1328 048c 04       		.byte	0x4
 1329 048d 37040000 		.4byte	0x437
 1330 0491 0F       		.uleb128 0xf
 1331 0492 13010000 		.4byte	0x113
 1332 0496 08       		.uleb128 0x8
 1333 0497 1C       		.byte	0x1c
 1334 0498 09       		.byte	0x9
 1335 0499 5E       		.byte	0x5e
 1336 049a E7040000 		.4byte	0x4e7
 1337 049e 06       		.uleb128 0x6
 1338 049f 2F040000 		.4byte	.LASF62
 1339 04a3 09       		.byte	0x9
 1340 04a4 5F       		.byte	0x5f
 1341 04a5 64020000 		.4byte	0x264
 1342 04a9 00       		.byte	0
 1343 04aa 06       		.uleb128 0x6
 1344 04ab E9030000 		.4byte	.LASF63
 1345 04af 09       		.byte	0x9
 1346 04b0 60       		.byte	0x60
 1347 04b1 F2000000 		.4byte	0xf2
 1348 04b5 08       		.byte	0x8
 1349 04b6 06       		.uleb128 0x6
 1350 04b7 52030000 		.4byte	.LASF64
 1351 04bb 09       		.byte	0x9
 1352 04bc 62       		.byte	0x62
 1353 04bd F3030000 		.4byte	0x3f3
 1354 04c1 0C       		.byte	0xc
ARM GAS  /tmp/ccwipJB7.s 			page 25


 1355 04c2 06       		.uleb128 0x6
 1356 04c3 8C010000 		.4byte	.LASF65
 1357 04c7 09       		.byte	0x9
 1358 04c8 65       		.byte	0x65
 1359 04c9 5E020000 		.4byte	0x25e
 1360 04cd 10       		.byte	0x10
 1361 04ce 06       		.uleb128 0x6
 1362 04cf 74030000 		.4byte	.LASF66
 1363 04d3 09       		.byte	0x9
 1364 04d4 66       		.byte	0x66
 1365 04d5 5E020000 		.4byte	0x25e
 1366 04d9 14       		.byte	0x14
 1367 04da 06       		.uleb128 0x6
 1368 04db 6A030000 		.4byte	.LASF67
 1369 04df 09       		.byte	0x9
 1370 04e0 69       		.byte	0x69
 1371 04e1 5E020000 		.4byte	0x25e
 1372 04e5 18       		.byte	0x18
 1373 04e6 00       		.byte	0
 1374 04e7 04       		.uleb128 0x4
 1375 04e8 9F040000 		.4byte	.LASF68
 1376 04ec 09       		.byte	0x9
 1377 04ed 6B       		.byte	0x6b
 1378 04ee 96040000 		.4byte	0x496
 1379 04f2 05       		.uleb128 0x5
 1380 04f3 8E040000 		.4byte	.LASF69
 1381 04f7 0C       		.byte	0xc
 1382 04f8 0A       		.byte	0xa
 1383 04f9 2C       		.byte	0x2c
 1384 04fa 17050000 		.4byte	0x517
 1385 04fe 06       		.uleb128 0x6
 1386 04ff B3000000 		.4byte	.LASF70
 1387 0503 0A       		.byte	0xa
 1388 0504 2D       		.byte	0x2d
 1389 0505 64020000 		.4byte	0x264
 1390 0509 00       		.byte	0
 1391 050a 06       		.uleb128 0x6
 1392 050b 58010000 		.4byte	.LASF71
 1393 050f 0A       		.byte	0xa
 1394 0510 2F       		.byte	0x2f
 1395 0511 1E010000 		.4byte	0x11e
 1396 0515 08       		.byte	0x8
 1397 0516 00       		.byte	0
 1398 0517 04       		.uleb128 0x4
 1399 0518 8E040000 		.4byte	.LASF69
 1400 051c 0A       		.byte	0xa
 1401 051d 30       		.byte	0x30
 1402 051e F2040000 		.4byte	0x4f2
 1403 0522 05       		.uleb128 0x5
 1404 0523 F3010000 		.4byte	.LASF72
 1405 0527 10       		.byte	0x10
 1406 0528 0B       		.byte	0xb
 1407 0529 2C       		.byte	0x2c
 1408 052a 53050000 		.4byte	0x553
 1409 052e 06       		.uleb128 0x6
 1410 052f 87000000 		.4byte	.LASF73
 1411 0533 0B       		.byte	0xb
ARM GAS  /tmp/ccwipJB7.s 			page 26


 1412 0534 2D       		.byte	0x2d
 1413 0535 64020000 		.4byte	0x264
 1414 0539 00       		.byte	0
 1415 053a 06       		.uleb128 0x6
 1416 053b DA040000 		.4byte	.LASF74
 1417 053f 0B       		.byte	0xb
 1418 0540 2F       		.byte	0x2f
 1419 0541 5E020000 		.4byte	0x25e
 1420 0545 08       		.byte	0x8
 1421 0546 06       		.uleb128 0x6
 1422 0547 48040000 		.4byte	.LASF75
 1423 054b 0B       		.byte	0xb
 1424 054c 31       		.byte	0x31
 1425 054d 53050000 		.4byte	0x553
 1426 0551 0C       		.byte	0xc
 1427 0552 00       		.byte	0
 1428 0553 09       		.uleb128 0x9
 1429 0554 04       		.byte	0x4
 1430 0555 22050000 		.4byte	0x522
 1431 0559 04       		.uleb128 0x4
 1432 055a F3010000 		.4byte	.LASF72
 1433 055e 0B       		.byte	0xb
 1434 055f 33       		.byte	0x33
 1435 0560 22050000 		.4byte	0x522
 1436 0564 10       		.uleb128 0x10
 1437 0565 04       		.byte	0x4
 1438 0566 06       		.byte	0x6
 1439 0567 96       		.byte	0x96
 1440 0568 99050000 		.4byte	0x599
 1441 056c 11       		.uleb128 0x11
 1442 056d 06000000 		.4byte	.LASF76
 1443 0571 06       		.byte	0x6
 1444 0572 9D       		.byte	0x9d
 1445 0573 FD000000 		.4byte	0xfd
 1446 0577 11       		.uleb128 0x11
 1447 0578 BB000000 		.4byte	.LASF77
 1448 057c 06       		.byte	0x6
 1449 057d A4       		.byte	0xa4
 1450 057e FD000000 		.4byte	0xfd
 1451 0582 11       		.uleb128 0x11
 1452 0583 B7040000 		.4byte	.LASF78
 1453 0587 06       		.byte	0x6
 1454 0588 AB       		.byte	0xab
 1455 0589 9A020000 		.4byte	0x29a
 1456 058d 11       		.uleb128 0x11
 1457 058e F0030000 		.4byte	.LASF79
 1458 0592 06       		.byte	0x6
 1459 0593 B2       		.byte	0xb2
 1460 0594 08010000 		.4byte	0x108
 1461 0598 00       		.byte	0
 1462 0599 09       		.uleb128 0x9
 1463 059a 04       		.byte	0x4
 1464 059b 9F050000 		.4byte	0x59f
 1465 059f 12       		.uleb128 0x12
 1466 05a0 A4050000 		.4byte	0x5a4
 1467 05a4 03       		.uleb128 0x3
 1468 05a5 01       		.byte	0x1
ARM GAS  /tmp/ccwipJB7.s 			page 27


 1469 05a6 08       		.byte	0x8
 1470 05a7 37040000 		.4byte	.LASF80
 1471 05ab 09       		.uleb128 0x9
 1472 05ac 04       		.byte	0x4
 1473 05ad 9C020000 		.4byte	0x29c
 1474 05b1 09       		.uleb128 0x9
 1475 05b2 04       		.byte	0x4
 1476 05b3 59050000 		.4byte	0x559
 1477 05b7 13       		.uleb128 0x13
 1478 05b8 55000000 		.4byte	.LASF87
 1479 05bc 01       		.byte	0x1
 1480 05bd 37       		.byte	0x37
 1481 05be 00000000 		.4byte	.LFB0
 1482 05c2 28000000 		.4byte	.LFE0-.LFB0
 1483 05c6 01       		.uleb128 0x1
 1484 05c7 9C       		.byte	0x9c
 1485 05c8 14       		.uleb128 0x14
 1486 05c9 3C040000 		.4byte	.LASF82
 1487 05cd 01       		.byte	0x1
 1488 05ce 51       		.byte	0x51
 1489 05cf 5E020000 		.4byte	0x25e
 1490 05d3 00000000 		.4byte	.LFB1
 1491 05d7 70000000 		.4byte	.LFE1-.LFB1
 1492 05db 01       		.uleb128 0x1
 1493 05dc 9C       		.byte	0x9c
 1494 05dd FC050000 		.4byte	0x5fc
 1495 05e1 15       		.uleb128 0x15
 1496 05e2 747000   		.ascii	"tp\000"
 1497 05e5 01       		.byte	0x1
 1498 05e6 51       		.byte	0x51
 1499 05e7 5E020000 		.4byte	0x25e
 1500 05eb 02       		.uleb128 0x2
 1501 05ec 91       		.byte	0x91
 1502 05ed 6C       		.sleb128 -20
 1503 05ee 16       		.uleb128 0x16
 1504 05ef 637000   		.ascii	"cp\000"
 1505 05f2 01       		.byte	0x1
 1506 05f3 52       		.byte	0x52
 1507 05f4 5E020000 		.4byte	0x25e
 1508 05f8 02       		.uleb128 0x2
 1509 05f9 91       		.byte	0x91
 1510 05fa 74       		.sleb128 -12
 1511 05fb 00       		.byte	0
 1512 05fc 17       		.uleb128 0x17
 1513 05fd 0D040000 		.4byte	.LASF85
 1514 0601 01       		.byte	0x1
 1515 0602 73       		.byte	0x73
 1516 0603 00000000 		.4byte	.LFB2
 1517 0607 6C000000 		.4byte	.LFE2-.LFB2
 1518 060b 01       		.uleb128 0x1
 1519 060c 9C       		.byte	0x9c
 1520 060d 45060000 		.4byte	0x645
 1521 0611 18       		.uleb128 0x18
 1522 0612 BA030000 		.4byte	.LASF81
 1523 0616 01       		.byte	0x1
 1524 0617 73       		.byte	0x73
 1525 0618 D1000000 		.4byte	0xd1
ARM GAS  /tmp/ccwipJB7.s 			page 28


 1526 061c 02       		.uleb128 0x2
 1527 061d 91       		.byte	0x91
 1528 061e 6F       		.sleb128 -17
 1529 061f 16       		.uleb128 0x16
 1530 0620 6F747000 		.ascii	"otp\000"
 1531 0624 01       		.byte	0x1
 1532 0625 74       		.byte	0x74
 1533 0626 5E020000 		.4byte	0x25e
 1534 062a 02       		.uleb128 0x2
 1535 062b 91       		.byte	0x91
 1536 062c 74       		.sleb128 -12
 1537 062d 19       		.uleb128 0x19
 1538 062e 3E000000 		.4byte	.LBB2
 1539 0632 20000000 		.4byte	.LBE2-.LBB2
 1540 0636 16       		.uleb128 0x16
 1541 0637 72313300 		.ascii	"r13\000"
 1542 063b 01       		.byte	0x1
 1543 063c 80       		.byte	0x80
 1544 063d 0E040000 		.4byte	0x40e
 1545 0641 01       		.uleb128 0x1
 1546 0642 5D       		.byte	0x5d
 1547 0643 00       		.byte	0
 1548 0644 00       		.byte	0
 1549 0645 1A       		.uleb128 0x1a
 1550 0646 21010000 		.4byte	.LASF94
 1551 064a 01       		.byte	0x1
 1552 064b 88       		.byte	0x88
 1553 064c 00000000 		.4byte	.LFB3
 1554 0650 86000000 		.4byte	.LFE3-.LFB3
 1555 0654 01       		.uleb128 0x1
 1556 0655 9C       		.byte	0x9c
 1557 0656 74060000 		.4byte	0x674
 1558 065a 15       		.uleb128 0x15
 1559 065b 7000     		.ascii	"p\000"
 1560 065d 01       		.byte	0x1
 1561 065e 88       		.byte	0x88
 1562 065f 9A020000 		.4byte	0x29a
 1563 0663 02       		.uleb128 0x2
 1564 0664 91       		.byte	0x91
 1565 0665 6C       		.sleb128 -20
 1566 0666 16       		.uleb128 0x16
 1567 0667 747000   		.ascii	"tp\000"
 1568 066a 01       		.byte	0x1
 1569 066b 89       		.byte	0x89
 1570 066c 5E020000 		.4byte	0x25e
 1571 0670 02       		.uleb128 0x2
 1572 0671 91       		.byte	0x91
 1573 0672 74       		.sleb128 -12
 1574 0673 00       		.byte	0
 1575 0674 14       		.uleb128 0x14
 1576 0675 C5040000 		.4byte	.LASF83
 1577 0679 01       		.byte	0x1
 1578 067a BD       		.byte	0xbd
 1579 067b FD000000 		.4byte	0xfd
 1580 067f 00000000 		.4byte	.LFB4
 1581 0683 60000000 		.4byte	.LFE4-.LFB4
 1582 0687 01       		.uleb128 0x1
ARM GAS  /tmp/ccwipJB7.s 			page 29


 1583 0688 9C       		.byte	0x9c
 1584 0689 C1060000 		.4byte	0x6c1
 1585 068d 18       		.uleb128 0x18
 1586 068e BA030000 		.4byte	.LASF81
 1587 0692 01       		.byte	0x1
 1588 0693 BD       		.byte	0xbd
 1589 0694 D1000000 		.4byte	0xd1
 1590 0698 02       		.uleb128 0x2
 1591 0699 91       		.byte	0x91
 1592 069a 5F       		.sleb128 -33
 1593 069b 18       		.uleb128 0x18
 1594 069c 65030000 		.4byte	.LASF84
 1595 06a0 01       		.byte	0x1
 1596 06a1 BD       		.byte	0xbd
 1597 06a2 13010000 		.4byte	0x113
 1598 06a6 02       		.uleb128 0x2
 1599 06a7 91       		.byte	0x91
 1600 06a8 58       		.sleb128 -40
 1601 06a9 19       		.uleb128 0x19
 1602 06aa 14000000 		.4byte	.LBB3
 1603 06ae 28000000 		.4byte	.LBE3-.LBB3
 1604 06b2 16       		.uleb128 0x16
 1605 06b3 767400   		.ascii	"vt\000"
 1606 06b6 01       		.byte	0x1
 1607 06b7 C2       		.byte	0xc2
 1608 06b8 37040000 		.4byte	0x437
 1609 06bc 02       		.uleb128 0x2
 1610 06bd 91       		.byte	0x91
 1611 06be 64       		.sleb128 -28
 1612 06bf 00       		.byte	0
 1613 06c0 00       		.byte	0
 1614 06c1 17       		.uleb128 0x17
 1615 06c2 79010000 		.4byte	.LASF86
 1616 06c6 01       		.byte	0x1
 1617 06c7 E1       		.byte	0xe1
 1618 06c8 00000000 		.4byte	.LFB5
 1619 06cc 70000000 		.4byte	.LFE5-.LFB5
 1620 06d0 01       		.uleb128 0x1
 1621 06d1 9C       		.byte	0x9c
 1622 06d2 22070000 		.4byte	0x722
 1623 06d6 15       		.uleb128 0x15
 1624 06d7 6E747000 		.ascii	"ntp\000"
 1625 06db 01       		.byte	0x1
 1626 06dc E1       		.byte	0xe1
 1627 06dd 5E020000 		.4byte	0x25e
 1628 06e1 02       		.uleb128 0x2
 1629 06e2 91       		.byte	0x91
 1630 06e3 6C       		.sleb128 -20
 1631 06e4 15       		.uleb128 0x15
 1632 06e5 6D736700 		.ascii	"msg\000"
 1633 06e9 01       		.byte	0x1
 1634 06ea E1       		.byte	0xe1
 1635 06eb FD000000 		.4byte	0xfd
 1636 06ef 02       		.uleb128 0x2
 1637 06f0 91       		.byte	0x91
 1638 06f1 68       		.sleb128 -24
 1639 06f2 19       		.uleb128 0x19
ARM GAS  /tmp/ccwipJB7.s 			page 30


 1640 06f3 24000000 		.4byte	.LBB4
 1641 06f7 3C000000 		.4byte	.LBE4-.LBB4
 1642 06fb 16       		.uleb128 0x16
 1643 06fc 6F747000 		.ascii	"otp\000"
 1644 0700 01       		.byte	0x1
 1645 0701 ED       		.byte	0xed
 1646 0702 5E020000 		.4byte	0x25e
 1647 0706 02       		.uleb128 0x2
 1648 0707 91       		.byte	0x91
 1649 0708 74       		.sleb128 -12
 1650 0709 19       		.uleb128 0x19
 1651 070a 44000000 		.4byte	.LBB5
 1652 070e 1C000000 		.4byte	.LBE5-.LBB5
 1653 0712 16       		.uleb128 0x16
 1654 0713 72313300 		.ascii	"r13\000"
 1655 0717 01       		.byte	0x1
 1656 0718 F0       		.byte	0xf0
 1657 0719 0E040000 		.4byte	0x40e
 1658 071d 01       		.uleb128 0x1
 1659 071e 5D       		.byte	0x5d
 1660 071f 00       		.byte	0
 1661 0720 00       		.byte	0
 1662 0721 00       		.byte	0
 1663 0722 1B       		.uleb128 0x1b
 1664 0723 C4000000 		.4byte	.LASF88
 1665 0727 01       		.byte	0x1
 1666 0728 FD       		.byte	0xfd
 1667 0729 00000000 		.4byte	.LFB6
 1668 072d 1C000000 		.4byte	.LFE6-.LFB6
 1669 0731 01       		.uleb128 0x1
 1670 0732 9C       		.byte	0x9c
 1671 0733 1C       		.uleb128 0x1c
 1672 0734 32030000 		.4byte	.LASF89
 1673 0738 01       		.byte	0x1
 1674 0739 3001     		.2byte	0x130
 1675 073b 00000000 		.4byte	.LFB7
 1676 073f 64000000 		.4byte	.LFE7-.LFB7
 1677 0743 01       		.uleb128 0x1
 1678 0744 9C       		.byte	0x9c
 1679 0745 71070000 		.4byte	0x771
 1680 0749 1D       		.uleb128 0x1d
 1681 074a 6F747000 		.ascii	"otp\000"
 1682 074e 01       		.byte	0x1
 1683 074f 3101     		.2byte	0x131
 1684 0751 5E020000 		.4byte	0x25e
 1685 0755 02       		.uleb128 0x2
 1686 0756 91       		.byte	0x91
 1687 0757 74       		.sleb128 -12
 1688 0758 19       		.uleb128 0x19
 1689 0759 34000000 		.4byte	.LBB6
 1690 075d 20000000 		.4byte	.LBE6-.LBB6
 1691 0761 1D       		.uleb128 0x1d
 1692 0762 72313300 		.ascii	"r13\000"
 1693 0766 01       		.byte	0x1
 1694 0767 3B01     		.2byte	0x13b
 1695 0769 0E040000 		.4byte	0x40e
 1696 076d 01       		.uleb128 0x1
ARM GAS  /tmp/ccwipJB7.s 			page 31


 1697 076e 5D       		.byte	0x5d
 1698 076f 00       		.byte	0
 1699 0770 00       		.byte	0
 1700 0771 1C       		.uleb128 0x1c
 1701 0772 16000000 		.4byte	.LASF90
 1702 0776 01       		.byte	0x1
 1703 0777 4901     		.2byte	0x149
 1704 0779 00000000 		.4byte	.LFB8
 1705 077d 90000000 		.4byte	.LFE8-.LFB8
 1706 0781 01       		.uleb128 0x1
 1707 0782 9C       		.byte	0x9c
 1708 0783 BD070000 		.4byte	0x7bd
 1709 0787 1D       		.uleb128 0x1d
 1710 0788 6F747000 		.ascii	"otp\000"
 1711 078c 01       		.byte	0x1
 1712 078d 4A01     		.2byte	0x14a
 1713 078f 5E020000 		.4byte	0x25e
 1714 0793 02       		.uleb128 0x2
 1715 0794 91       		.byte	0x91
 1716 0795 70       		.sleb128 -16
 1717 0796 1D       		.uleb128 0x1d
 1718 0797 637000   		.ascii	"cp\000"
 1719 079a 01       		.byte	0x1
 1720 079b 4A01     		.2byte	0x14a
 1721 079d 5E020000 		.4byte	0x25e
 1722 07a1 02       		.uleb128 0x2
 1723 07a2 91       		.byte	0x91
 1724 07a3 74       		.sleb128 -12
 1725 07a4 19       		.uleb128 0x19
 1726 07a5 62000000 		.4byte	.LBB7
 1727 07a9 20000000 		.4byte	.LBE7-.LBB7
 1728 07ad 1D       		.uleb128 0x1d
 1729 07ae 72313300 		.ascii	"r13\000"
 1730 07b2 01       		.byte	0x1
 1731 07b3 5B01     		.2byte	0x15b
 1732 07b5 0E040000 		.4byte	0x40e
 1733 07b9 01       		.uleb128 0x1
 1734 07ba 5D       		.byte	0x5d
 1735 07bb 00       		.byte	0
 1736 07bc 00       		.byte	0
 1737 07bd 1E       		.uleb128 0x1e
 1738 07be F1000000 		.4byte	.LASF91
 1739 07c2 01       		.byte	0x1
 1740 07c3 6A01     		.2byte	0x16a
 1741 07c5 00000000 		.4byte	.LFB9
 1742 07c9 20000000 		.4byte	.LFE9-.LFB9
 1743 07cd 01       		.uleb128 0x1
 1744 07ce 9C       		.byte	0x9c
 1745 07cf 1F       		.uleb128 0x1f
 1746 07d0 A9040000 		.4byte	.LASF95
 1747 07d4 01       		.byte	0x1
 1748 07d5 2F       		.byte	0x2f
 1749 07d6 E7040000 		.4byte	0x4e7
 1750 07da 05       		.uleb128 0x5
 1751 07db 03       		.byte	0x3
 1752 07dc 00000000 		.4byte	rlist
 1753 07e0 00       		.byte	0
ARM GAS  /tmp/ccwipJB7.s 			page 32


 1754              		.section	.debug_abbrev,"",%progbits
 1755              	.Ldebug_abbrev0:
 1756 0000 01       		.uleb128 0x1
 1757 0001 11       		.uleb128 0x11
 1758 0002 01       		.byte	0x1
 1759 0003 25       		.uleb128 0x25
 1760 0004 0E       		.uleb128 0xe
 1761 0005 13       		.uleb128 0x13
 1762 0006 0B       		.uleb128 0xb
 1763 0007 03       		.uleb128 0x3
 1764 0008 0E       		.uleb128 0xe
 1765 0009 55       		.uleb128 0x55
 1766 000a 17       		.uleb128 0x17
 1767 000b 11       		.uleb128 0x11
 1768 000c 01       		.uleb128 0x1
 1769 000d 10       		.uleb128 0x10
 1770 000e 17       		.uleb128 0x17
 1771 000f 00       		.byte	0
 1772 0010 00       		.byte	0
 1773 0011 02       		.uleb128 0x2
 1774 0012 24       		.uleb128 0x24
 1775 0013 00       		.byte	0
 1776 0014 0B       		.uleb128 0xb
 1777 0015 0B       		.uleb128 0xb
 1778 0016 3E       		.uleb128 0x3e
 1779 0017 0B       		.uleb128 0xb
 1780 0018 03       		.uleb128 0x3
 1781 0019 08       		.uleb128 0x8
 1782 001a 00       		.byte	0
 1783 001b 00       		.byte	0
 1784 001c 03       		.uleb128 0x3
 1785 001d 24       		.uleb128 0x24
 1786 001e 00       		.byte	0
 1787 001f 0B       		.uleb128 0xb
 1788 0020 0B       		.uleb128 0xb
 1789 0021 3E       		.uleb128 0x3e
 1790 0022 0B       		.uleb128 0xb
 1791 0023 03       		.uleb128 0x3
 1792 0024 0E       		.uleb128 0xe
 1793 0025 00       		.byte	0
 1794 0026 00       		.byte	0
 1795 0027 04       		.uleb128 0x4
 1796 0028 16       		.uleb128 0x16
 1797 0029 00       		.byte	0
 1798 002a 03       		.uleb128 0x3
 1799 002b 0E       		.uleb128 0xe
 1800 002c 3A       		.uleb128 0x3a
 1801 002d 0B       		.uleb128 0xb
 1802 002e 3B       		.uleb128 0x3b
 1803 002f 0B       		.uleb128 0xb
 1804 0030 49       		.uleb128 0x49
 1805 0031 13       		.uleb128 0x13
 1806 0032 00       		.byte	0
 1807 0033 00       		.byte	0
 1808 0034 05       		.uleb128 0x5
 1809 0035 13       		.uleb128 0x13
 1810 0036 01       		.byte	0x1
ARM GAS  /tmp/ccwipJB7.s 			page 33


 1811 0037 03       		.uleb128 0x3
 1812 0038 0E       		.uleb128 0xe
 1813 0039 0B       		.uleb128 0xb
 1814 003a 0B       		.uleb128 0xb
 1815 003b 3A       		.uleb128 0x3a
 1816 003c 0B       		.uleb128 0xb
 1817 003d 3B       		.uleb128 0x3b
 1818 003e 0B       		.uleb128 0xb
 1819 003f 01       		.uleb128 0x1
 1820 0040 13       		.uleb128 0x13
 1821 0041 00       		.byte	0
 1822 0042 00       		.byte	0
 1823 0043 06       		.uleb128 0x6
 1824 0044 0D       		.uleb128 0xd
 1825 0045 00       		.byte	0
 1826 0046 03       		.uleb128 0x3
 1827 0047 0E       		.uleb128 0xe
 1828 0048 3A       		.uleb128 0x3a
 1829 0049 0B       		.uleb128 0xb
 1830 004a 3B       		.uleb128 0x3b
 1831 004b 0B       		.uleb128 0xb
 1832 004c 49       		.uleb128 0x49
 1833 004d 13       		.uleb128 0x13
 1834 004e 38       		.uleb128 0x38
 1835 004f 0B       		.uleb128 0xb
 1836 0050 00       		.byte	0
 1837 0051 00       		.byte	0
 1838 0052 07       		.uleb128 0x7
 1839 0053 0D       		.uleb128 0xd
 1840 0054 00       		.byte	0
 1841 0055 03       		.uleb128 0x3
 1842 0056 08       		.uleb128 0x8
 1843 0057 3A       		.uleb128 0x3a
 1844 0058 0B       		.uleb128 0xb
 1845 0059 3B       		.uleb128 0x3b
 1846 005a 0B       		.uleb128 0xb
 1847 005b 49       		.uleb128 0x49
 1848 005c 13       		.uleb128 0x13
 1849 005d 38       		.uleb128 0x38
 1850 005e 0B       		.uleb128 0xb
 1851 005f 00       		.byte	0
 1852 0060 00       		.byte	0
 1853 0061 08       		.uleb128 0x8
 1854 0062 13       		.uleb128 0x13
 1855 0063 01       		.byte	0x1
 1856 0064 0B       		.uleb128 0xb
 1857 0065 0B       		.uleb128 0xb
 1858 0066 3A       		.uleb128 0x3a
 1859 0067 0B       		.uleb128 0xb
 1860 0068 3B       		.uleb128 0x3b
 1861 0069 0B       		.uleb128 0xb
 1862 006a 01       		.uleb128 0x1
 1863 006b 13       		.uleb128 0x13
 1864 006c 00       		.byte	0
 1865 006d 00       		.byte	0
 1866 006e 09       		.uleb128 0x9
 1867 006f 0F       		.uleb128 0xf
ARM GAS  /tmp/ccwipJB7.s 			page 34


 1868 0070 00       		.byte	0
 1869 0071 0B       		.uleb128 0xb
 1870 0072 0B       		.uleb128 0xb
 1871 0073 49       		.uleb128 0x49
 1872 0074 13       		.uleb128 0x13
 1873 0075 00       		.byte	0
 1874 0076 00       		.byte	0
 1875 0077 0A       		.uleb128 0xa
 1876 0078 0F       		.uleb128 0xf
 1877 0079 00       		.byte	0
 1878 007a 0B       		.uleb128 0xb
 1879 007b 0B       		.uleb128 0xb
 1880 007c 00       		.byte	0
 1881 007d 00       		.byte	0
 1882 007e 0B       		.uleb128 0xb
 1883 007f 13       		.uleb128 0x13
 1884 0080 01       		.byte	0x1
 1885 0081 03       		.uleb128 0x3
 1886 0082 0E       		.uleb128 0xe
 1887 0083 0B       		.uleb128 0xb
 1888 0084 0B       		.uleb128 0xb
 1889 0085 3A       		.uleb128 0x3a
 1890 0086 0B       		.uleb128 0xb
 1891 0087 3B       		.uleb128 0x3b
 1892 0088 05       		.uleb128 0x5
 1893 0089 01       		.uleb128 0x1
 1894 008a 13       		.uleb128 0x13
 1895 008b 00       		.byte	0
 1896 008c 00       		.byte	0
 1897 008d 0C       		.uleb128 0xc
 1898 008e 0D       		.uleb128 0xd
 1899 008f 00       		.byte	0
 1900 0090 03       		.uleb128 0x3
 1901 0091 08       		.uleb128 0x8
 1902 0092 3A       		.uleb128 0x3a
 1903 0093 0B       		.uleb128 0xb
 1904 0094 3B       		.uleb128 0x3b
 1905 0095 05       		.uleb128 0x5
 1906 0096 49       		.uleb128 0x49
 1907 0097 13       		.uleb128 0x13
 1908 0098 38       		.uleb128 0x38
 1909 0099 0B       		.uleb128 0xb
 1910 009a 00       		.byte	0
 1911 009b 00       		.byte	0
 1912 009c 0D       		.uleb128 0xd
 1913 009d 15       		.uleb128 0x15
 1914 009e 01       		.byte	0x1
 1915 009f 27       		.uleb128 0x27
 1916 00a0 19       		.uleb128 0x19
 1917 00a1 01       		.uleb128 0x1
 1918 00a2 13       		.uleb128 0x13
 1919 00a3 00       		.byte	0
 1920 00a4 00       		.byte	0
 1921 00a5 0E       		.uleb128 0xe
 1922 00a6 05       		.uleb128 0x5
 1923 00a7 00       		.byte	0
 1924 00a8 49       		.uleb128 0x49
ARM GAS  /tmp/ccwipJB7.s 			page 35


 1925 00a9 13       		.uleb128 0x13
 1926 00aa 00       		.byte	0
 1927 00ab 00       		.byte	0
 1928 00ac 0F       		.uleb128 0xf
 1929 00ad 35       		.uleb128 0x35
 1930 00ae 00       		.byte	0
 1931 00af 49       		.uleb128 0x49
 1932 00b0 13       		.uleb128 0x13
 1933 00b1 00       		.byte	0
 1934 00b2 00       		.byte	0
 1935 00b3 10       		.uleb128 0x10
 1936 00b4 17       		.uleb128 0x17
 1937 00b5 01       		.byte	0x1
 1938 00b6 0B       		.uleb128 0xb
 1939 00b7 0B       		.uleb128 0xb
 1940 00b8 3A       		.uleb128 0x3a
 1941 00b9 0B       		.uleb128 0xb
 1942 00ba 3B       		.uleb128 0x3b
 1943 00bb 0B       		.uleb128 0xb
 1944 00bc 01       		.uleb128 0x1
 1945 00bd 13       		.uleb128 0x13
 1946 00be 00       		.byte	0
 1947 00bf 00       		.byte	0
 1948 00c0 11       		.uleb128 0x11
 1949 00c1 0D       		.uleb128 0xd
 1950 00c2 00       		.byte	0
 1951 00c3 03       		.uleb128 0x3
 1952 00c4 0E       		.uleb128 0xe
 1953 00c5 3A       		.uleb128 0x3a
 1954 00c6 0B       		.uleb128 0xb
 1955 00c7 3B       		.uleb128 0x3b
 1956 00c8 0B       		.uleb128 0xb
 1957 00c9 49       		.uleb128 0x49
 1958 00ca 13       		.uleb128 0x13
 1959 00cb 00       		.byte	0
 1960 00cc 00       		.byte	0
 1961 00cd 12       		.uleb128 0x12
 1962 00ce 26       		.uleb128 0x26
 1963 00cf 00       		.byte	0
 1964 00d0 49       		.uleb128 0x49
 1965 00d1 13       		.uleb128 0x13
 1966 00d2 00       		.byte	0
 1967 00d3 00       		.byte	0
 1968 00d4 13       		.uleb128 0x13
 1969 00d5 2E       		.uleb128 0x2e
 1970 00d6 00       		.byte	0
 1971 00d7 3F       		.uleb128 0x3f
 1972 00d8 19       		.uleb128 0x19
 1973 00d9 03       		.uleb128 0x3
 1974 00da 0E       		.uleb128 0xe
 1975 00db 3A       		.uleb128 0x3a
 1976 00dc 0B       		.uleb128 0xb
 1977 00dd 3B       		.uleb128 0x3b
 1978 00de 0B       		.uleb128 0xb
 1979 00df 27       		.uleb128 0x27
 1980 00e0 19       		.uleb128 0x19
 1981 00e1 11       		.uleb128 0x11
ARM GAS  /tmp/ccwipJB7.s 			page 36


 1982 00e2 01       		.uleb128 0x1
 1983 00e3 12       		.uleb128 0x12
 1984 00e4 06       		.uleb128 0x6
 1985 00e5 40       		.uleb128 0x40
 1986 00e6 18       		.uleb128 0x18
 1987 00e7 9742     		.uleb128 0x2117
 1988 00e9 19       		.uleb128 0x19
 1989 00ea 00       		.byte	0
 1990 00eb 00       		.byte	0
 1991 00ec 14       		.uleb128 0x14
 1992 00ed 2E       		.uleb128 0x2e
 1993 00ee 01       		.byte	0x1
 1994 00ef 3F       		.uleb128 0x3f
 1995 00f0 19       		.uleb128 0x19
 1996 00f1 03       		.uleb128 0x3
 1997 00f2 0E       		.uleb128 0xe
 1998 00f3 3A       		.uleb128 0x3a
 1999 00f4 0B       		.uleb128 0xb
 2000 00f5 3B       		.uleb128 0x3b
 2001 00f6 0B       		.uleb128 0xb
 2002 00f7 27       		.uleb128 0x27
 2003 00f8 19       		.uleb128 0x19
 2004 00f9 49       		.uleb128 0x49
 2005 00fa 13       		.uleb128 0x13
 2006 00fb 11       		.uleb128 0x11
 2007 00fc 01       		.uleb128 0x1
 2008 00fd 12       		.uleb128 0x12
 2009 00fe 06       		.uleb128 0x6
 2010 00ff 40       		.uleb128 0x40
 2011 0100 18       		.uleb128 0x18
 2012 0101 9642     		.uleb128 0x2116
 2013 0103 19       		.uleb128 0x19
 2014 0104 01       		.uleb128 0x1
 2015 0105 13       		.uleb128 0x13
 2016 0106 00       		.byte	0
 2017 0107 00       		.byte	0
 2018 0108 15       		.uleb128 0x15
 2019 0109 05       		.uleb128 0x5
 2020 010a 00       		.byte	0
 2021 010b 03       		.uleb128 0x3
 2022 010c 08       		.uleb128 0x8
 2023 010d 3A       		.uleb128 0x3a
 2024 010e 0B       		.uleb128 0xb
 2025 010f 3B       		.uleb128 0x3b
 2026 0110 0B       		.uleb128 0xb
 2027 0111 49       		.uleb128 0x49
 2028 0112 13       		.uleb128 0x13
 2029 0113 02       		.uleb128 0x2
 2030 0114 18       		.uleb128 0x18
 2031 0115 00       		.byte	0
 2032 0116 00       		.byte	0
 2033 0117 16       		.uleb128 0x16
 2034 0118 34       		.uleb128 0x34
 2035 0119 00       		.byte	0
 2036 011a 03       		.uleb128 0x3
 2037 011b 08       		.uleb128 0x8
 2038 011c 3A       		.uleb128 0x3a
ARM GAS  /tmp/ccwipJB7.s 			page 37


 2039 011d 0B       		.uleb128 0xb
 2040 011e 3B       		.uleb128 0x3b
 2041 011f 0B       		.uleb128 0xb
 2042 0120 49       		.uleb128 0x49
 2043 0121 13       		.uleb128 0x13
 2044 0122 02       		.uleb128 0x2
 2045 0123 18       		.uleb128 0x18
 2046 0124 00       		.byte	0
 2047 0125 00       		.byte	0
 2048 0126 17       		.uleb128 0x17
 2049 0127 2E       		.uleb128 0x2e
 2050 0128 01       		.byte	0x1
 2051 0129 3F       		.uleb128 0x3f
 2052 012a 19       		.uleb128 0x19
 2053 012b 03       		.uleb128 0x3
 2054 012c 0E       		.uleb128 0xe
 2055 012d 3A       		.uleb128 0x3a
 2056 012e 0B       		.uleb128 0xb
 2057 012f 3B       		.uleb128 0x3b
 2058 0130 0B       		.uleb128 0xb
 2059 0131 27       		.uleb128 0x27
 2060 0132 19       		.uleb128 0x19
 2061 0133 11       		.uleb128 0x11
 2062 0134 01       		.uleb128 0x1
 2063 0135 12       		.uleb128 0x12
 2064 0136 06       		.uleb128 0x6
 2065 0137 40       		.uleb128 0x40
 2066 0138 18       		.uleb128 0x18
 2067 0139 9642     		.uleb128 0x2116
 2068 013b 19       		.uleb128 0x19
 2069 013c 01       		.uleb128 0x1
 2070 013d 13       		.uleb128 0x13
 2071 013e 00       		.byte	0
 2072 013f 00       		.byte	0
 2073 0140 18       		.uleb128 0x18
 2074 0141 05       		.uleb128 0x5
 2075 0142 00       		.byte	0
 2076 0143 03       		.uleb128 0x3
 2077 0144 0E       		.uleb128 0xe
 2078 0145 3A       		.uleb128 0x3a
 2079 0146 0B       		.uleb128 0xb
 2080 0147 3B       		.uleb128 0x3b
 2081 0148 0B       		.uleb128 0xb
 2082 0149 49       		.uleb128 0x49
 2083 014a 13       		.uleb128 0x13
 2084 014b 02       		.uleb128 0x2
 2085 014c 18       		.uleb128 0x18
 2086 014d 00       		.byte	0
 2087 014e 00       		.byte	0
 2088 014f 19       		.uleb128 0x19
 2089 0150 0B       		.uleb128 0xb
 2090 0151 01       		.byte	0x1
 2091 0152 11       		.uleb128 0x11
 2092 0153 01       		.uleb128 0x1
 2093 0154 12       		.uleb128 0x12
 2094 0155 06       		.uleb128 0x6
 2095 0156 00       		.byte	0
ARM GAS  /tmp/ccwipJB7.s 			page 38


 2096 0157 00       		.byte	0
 2097 0158 1A       		.uleb128 0x1a
 2098 0159 2E       		.uleb128 0x2e
 2099 015a 01       		.byte	0x1
 2100 015b 03       		.uleb128 0x3
 2101 015c 0E       		.uleb128 0xe
 2102 015d 3A       		.uleb128 0x3a
 2103 015e 0B       		.uleb128 0xb
 2104 015f 3B       		.uleb128 0x3b
 2105 0160 0B       		.uleb128 0xb
 2106 0161 27       		.uleb128 0x27
 2107 0162 19       		.uleb128 0x19
 2108 0163 11       		.uleb128 0x11
 2109 0164 01       		.uleb128 0x1
 2110 0165 12       		.uleb128 0x12
 2111 0166 06       		.uleb128 0x6
 2112 0167 40       		.uleb128 0x40
 2113 0168 18       		.uleb128 0x18
 2114 0169 9642     		.uleb128 0x2116
 2115 016b 19       		.uleb128 0x19
 2116 016c 01       		.uleb128 0x1
 2117 016d 13       		.uleb128 0x13
 2118 016e 00       		.byte	0
 2119 016f 00       		.byte	0
 2120 0170 1B       		.uleb128 0x1b
 2121 0171 2E       		.uleb128 0x2e
 2122 0172 00       		.byte	0
 2123 0173 3F       		.uleb128 0x3f
 2124 0174 19       		.uleb128 0x19
 2125 0175 03       		.uleb128 0x3
 2126 0176 0E       		.uleb128 0xe
 2127 0177 3A       		.uleb128 0x3a
 2128 0178 0B       		.uleb128 0xb
 2129 0179 3B       		.uleb128 0x3b
 2130 017a 0B       		.uleb128 0xb
 2131 017b 27       		.uleb128 0x27
 2132 017c 19       		.uleb128 0x19
 2133 017d 11       		.uleb128 0x11
 2134 017e 01       		.uleb128 0x1
 2135 017f 12       		.uleb128 0x12
 2136 0180 06       		.uleb128 0x6
 2137 0181 40       		.uleb128 0x40
 2138 0182 18       		.uleb128 0x18
 2139 0183 9642     		.uleb128 0x2116
 2140 0185 19       		.uleb128 0x19
 2141 0186 00       		.byte	0
 2142 0187 00       		.byte	0
 2143 0188 1C       		.uleb128 0x1c
 2144 0189 2E       		.uleb128 0x2e
 2145 018a 01       		.byte	0x1
 2146 018b 3F       		.uleb128 0x3f
 2147 018c 19       		.uleb128 0x19
 2148 018d 03       		.uleb128 0x3
 2149 018e 0E       		.uleb128 0xe
 2150 018f 3A       		.uleb128 0x3a
 2151 0190 0B       		.uleb128 0xb
 2152 0191 3B       		.uleb128 0x3b
ARM GAS  /tmp/ccwipJB7.s 			page 39


 2153 0192 05       		.uleb128 0x5
 2154 0193 27       		.uleb128 0x27
 2155 0194 19       		.uleb128 0x19
 2156 0195 11       		.uleb128 0x11
 2157 0196 01       		.uleb128 0x1
 2158 0197 12       		.uleb128 0x12
 2159 0198 06       		.uleb128 0x6
 2160 0199 40       		.uleb128 0x40
 2161 019a 18       		.uleb128 0x18
 2162 019b 9642     		.uleb128 0x2116
 2163 019d 19       		.uleb128 0x19
 2164 019e 01       		.uleb128 0x1
 2165 019f 13       		.uleb128 0x13
 2166 01a0 00       		.byte	0
 2167 01a1 00       		.byte	0
 2168 01a2 1D       		.uleb128 0x1d
 2169 01a3 34       		.uleb128 0x34
 2170 01a4 00       		.byte	0
 2171 01a5 03       		.uleb128 0x3
 2172 01a6 08       		.uleb128 0x8
 2173 01a7 3A       		.uleb128 0x3a
 2174 01a8 0B       		.uleb128 0xb
 2175 01a9 3B       		.uleb128 0x3b
 2176 01aa 05       		.uleb128 0x5
 2177 01ab 49       		.uleb128 0x49
 2178 01ac 13       		.uleb128 0x13
 2179 01ad 02       		.uleb128 0x2
 2180 01ae 18       		.uleb128 0x18
 2181 01af 00       		.byte	0
 2182 01b0 00       		.byte	0
 2183 01b1 1E       		.uleb128 0x1e
 2184 01b2 2E       		.uleb128 0x2e
 2185 01b3 00       		.byte	0
 2186 01b4 3F       		.uleb128 0x3f
 2187 01b5 19       		.uleb128 0x19
 2188 01b6 03       		.uleb128 0x3
 2189 01b7 0E       		.uleb128 0xe
 2190 01b8 3A       		.uleb128 0x3a
 2191 01b9 0B       		.uleb128 0xb
 2192 01ba 3B       		.uleb128 0x3b
 2193 01bb 05       		.uleb128 0x5
 2194 01bc 27       		.uleb128 0x27
 2195 01bd 19       		.uleb128 0x19
 2196 01be 11       		.uleb128 0x11
 2197 01bf 01       		.uleb128 0x1
 2198 01c0 12       		.uleb128 0x12
 2199 01c1 06       		.uleb128 0x6
 2200 01c2 40       		.uleb128 0x40
 2201 01c3 18       		.uleb128 0x18
 2202 01c4 9642     		.uleb128 0x2116
 2203 01c6 19       		.uleb128 0x19
 2204 01c7 00       		.byte	0
 2205 01c8 00       		.byte	0
 2206 01c9 1F       		.uleb128 0x1f
 2207 01ca 34       		.uleb128 0x34
 2208 01cb 00       		.byte	0
 2209 01cc 03       		.uleb128 0x3
ARM GAS  /tmp/ccwipJB7.s 			page 40


 2210 01cd 0E       		.uleb128 0xe
 2211 01ce 3A       		.uleb128 0x3a
 2212 01cf 0B       		.uleb128 0xb
 2213 01d0 3B       		.uleb128 0x3b
 2214 01d1 0B       		.uleb128 0xb
 2215 01d2 49       		.uleb128 0x49
 2216 01d3 13       		.uleb128 0x13
 2217 01d4 3F       		.uleb128 0x3f
 2218 01d5 19       		.uleb128 0x19
 2219 01d6 02       		.uleb128 0x2
 2220 01d7 18       		.uleb128 0x18
 2221 01d8 00       		.byte	0
 2222 01d9 00       		.byte	0
 2223 01da 00       		.byte	0
 2224              		.section	.debug_aranges,"",%progbits
 2225 0000 64000000 		.4byte	0x64
 2226 0004 0200     		.2byte	0x2
 2227 0006 00000000 		.4byte	.Ldebug_info0
 2228 000a 04       		.byte	0x4
 2229 000b 00       		.byte	0
 2230 000c 0000     		.2byte	0
 2231 000e 0000     		.2byte	0
 2232 0010 00000000 		.4byte	.LFB0
 2233 0014 28000000 		.4byte	.LFE0-.LFB0
 2234 0018 00000000 		.4byte	.LFB1
 2235 001c 70000000 		.4byte	.LFE1-.LFB1
 2236 0020 00000000 		.4byte	.LFB2
 2237 0024 6C000000 		.4byte	.LFE2-.LFB2
 2238 0028 00000000 		.4byte	.LFB3
 2239 002c 86000000 		.4byte	.LFE3-.LFB3
 2240 0030 00000000 		.4byte	.LFB4
 2241 0034 60000000 		.4byte	.LFE4-.LFB4
 2242 0038 00000000 		.4byte	.LFB5
 2243 003c 70000000 		.4byte	.LFE5-.LFB5
 2244 0040 00000000 		.4byte	.LFB6
 2245 0044 1C000000 		.4byte	.LFE6-.LFB6
 2246 0048 00000000 		.4byte	.LFB7
 2247 004c 64000000 		.4byte	.LFE7-.LFB7
 2248 0050 00000000 		.4byte	.LFB8
 2249 0054 90000000 		.4byte	.LFE8-.LFB8
 2250 0058 00000000 		.4byte	.LFB9
 2251 005c 20000000 		.4byte	.LFE9-.LFB9
 2252 0060 00000000 		.4byte	0
 2253 0064 00000000 		.4byte	0
 2254              		.section	.debug_ranges,"",%progbits
 2255              	.Ldebug_ranges0:
 2256 0000 00000000 		.4byte	.LFB0
 2257 0004 28000000 		.4byte	.LFE0
 2258 0008 00000000 		.4byte	.LFB1
 2259 000c 70000000 		.4byte	.LFE1
 2260 0010 00000000 		.4byte	.LFB2
 2261 0014 6C000000 		.4byte	.LFE2
 2262 0018 00000000 		.4byte	.LFB3
 2263 001c 86000000 		.4byte	.LFE3
 2264 0020 00000000 		.4byte	.LFB4
 2265 0024 60000000 		.4byte	.LFE4
 2266 0028 00000000 		.4byte	.LFB5
ARM GAS  /tmp/ccwipJB7.s 			page 41


 2267 002c 70000000 		.4byte	.LFE5
 2268 0030 00000000 		.4byte	.LFB6
 2269 0034 1C000000 		.4byte	.LFE6
 2270 0038 00000000 		.4byte	.LFB7
 2271 003c 64000000 		.4byte	.LFE7
 2272 0040 00000000 		.4byte	.LFB8
 2273 0044 90000000 		.4byte	.LFE8
 2274 0048 00000000 		.4byte	.LFB9
 2275 004c 20000000 		.4byte	.LFE9
 2276 0050 00000000 		.4byte	0
 2277 0054 00000000 		.4byte	0
 2278              		.section	.debug_line,"",%progbits
 2279              	.Ldebug_line0:
 2280 0000 FC020000 		.section	.debug_str,"MS",%progbits,1
 2280      0200B201 
 2280      00000201 
 2280      FB0E0D00 
 2280      01010101 
 2281              	.LASF43:
 2282 0000 705F6D73 		.ascii	"p_msg\000"
 2282      6700
 2283              	.LASF76:
 2284 0006 7264796D 		.ascii	"rdymsg\000"
 2284      736700
 2285              	.LASF16:
 2286 000d 75696E74 		.ascii	"uint64_t\000"
 2286      36345F74 
 2286      00
 2287              	.LASF90:
 2288 0016 63685363 		.ascii	"chSchDoRescheduleAhead\000"
 2288      68446F52 
 2288      65736368 
 2288      6564756C 
 2288      65416865 
 2289              	.LASF5:
 2290 002d 5F5F7569 		.ascii	"__uint8_t\000"
 2290      6E74385F 
 2290      7400
 2291              	.LASF12:
 2292 0037 6C6F6E67 		.ascii	"long long unsigned int\000"
 2292      206C6F6E 
 2292      6720756E 
 2292      7369676E 
 2292      65642069 
 2293              	.LASF30:
 2294 004e 705F7072 		.ascii	"p_prio\000"
 2294      696F00
 2295              	.LASF87:
 2296 0055 5F736368 		.ascii	"_scheduler_init\000"
 2296      6564756C 
 2296      65725F69 
 2296      6E697400 
 2297              	.LASF10:
 2298 0065 6C6F6E67 		.ascii	"long long int\000"
 2298      206C6F6E 
 2298      6720696E 
 2298      7400
ARM GAS  /tmp/ccwipJB7.s 			page 42


 2299              	.LASF1:
 2300 0073 7369676E 		.ascii	"signed char\000"
 2300      65642063 
 2300      68617200 
 2301              	.LASF47:
 2302 007f 705F6D70 		.ascii	"p_mpool\000"
 2302      6F6F6C00 
 2303              	.LASF73:
 2304 0087 6D5F7175 		.ascii	"m_queue\000"
 2304      65756500 
 2305              	.LASF21:
 2306 008f 74736C69 		.ascii	"tslices_t\000"
 2306      6365735F 
 2306      7400
 2307              	.LASF7:
 2308 0099 6C6F6E67 		.ascii	"long int\000"
 2308      20696E74 
 2308      00
 2309              	.LASF19:
 2310 00a2 74737461 		.ascii	"tstate_t\000"
 2310      74655F74 
 2310      00
 2311              	.LASF32:
 2312 00ab 705F6E65 		.ascii	"p_newer\000"
 2312      77657200 
 2313              	.LASF70:
 2314 00b3 735F7175 		.ascii	"s_queue\000"
 2314      65756500 
 2315              	.LASF77:
 2316 00bb 65786974 		.ascii	"exitcode\000"
 2316      636F6465 
 2316      00
 2317              	.LASF88:
 2318 00c4 63685363 		.ascii	"chSchRescheduleS\000"
 2318      68526573 
 2318      63686564 
 2318      756C6553 
 2318      00
 2319              	.LASF8:
 2320 00d5 5F5F7569 		.ascii	"__uint32_t\000"
 2320      6E743332 
 2320      5F7400
 2321              	.LASF50:
 2322 00e0 72656761 		.ascii	"regarm_t\000"
 2322      726D5F74 
 2322      00
 2323              	.LASF58:
 2324 00e9 76745F70 		.ascii	"vt_prev\000"
 2324      72657600 
 2325              	.LASF91:
 2326 00f1 63685363 		.ascii	"chSchDoReschedule\000"
 2326      68446F52 
 2326      65736368 
 2326      6564756C 
 2326      6500
 2327              	.LASF26:
 2328 0103 636E745F 		.ascii	"cnt_t\000"
ARM GAS  /tmp/ccwipJB7.s 			page 43


 2328      7400
 2329              	.LASF35:
 2330 0109 705F7374 		.ascii	"p_stklimit\000"
 2330      6B6C696D 
 2330      697400
 2331              	.LASF0:
 2332 0114 756E7369 		.ascii	"unsigned int\000"
 2332      676E6564 
 2332      20696E74 
 2332      00
 2333              	.LASF94:
 2334 0121 77616B65 		.ascii	"wakeup\000"
 2334      757000
 2335              	.LASF57:
 2336 0128 76745F6E 		.ascii	"vt_next\000"
 2336      65787400 
 2337              	.LASF9:
 2338 0130 6C6F6E67 		.ascii	"long unsigned int\000"
 2338      20756E73 
 2338      69676E65 
 2338      6420696E 
 2338      7400
 2339              	.LASF55:
 2340 0142 76746675 		.ascii	"vtfunc_t\000"
 2340      6E635F74 
 2340      00
 2341              	.LASF56:
 2342 014b 56697274 		.ascii	"VirtualTimer\000"
 2342      75616C54 
 2342      696D6572 
 2342      00
 2343              	.LASF71:
 2344 0158 735F636E 		.ascii	"s_cnt\000"
 2344      7400
 2345              	.LASF53:
 2346 015e 636F6E74 		.ascii	"context\000"
 2346      65787400 
 2347              	.LASF4:
 2348 0166 73686F72 		.ascii	"short unsigned int\000"
 2348      7420756E 
 2348      7369676E 
 2348      65642069 
 2348      6E7400
 2349              	.LASF86:
 2350 0179 63685363 		.ascii	"chSchWakeupS\000"
 2350      6857616B 
 2350      65757053 
 2350      00
 2351              	.LASF23:
 2352 0186 6D73675F 		.ascii	"msg_t\000"
 2352      7400
 2353              	.LASF65:
 2354 018c 725F6E65 		.ascii	"r_newer\000"
 2354      77657200 
 2355              	.LASF93:
 2356 0194 2F686F6D 		.ascii	"/home/makkmarci/workspace/ChibiOS_2.6.8/os/kernel/s"
 2356      652F6D61 
ARM GAS  /tmp/ccwipJB7.s 			page 44


 2356      6B6B6D61 
 2356      7263692F 
 2356      776F726B 
 2357 01c7 72632F63 		.ascii	"rc/chschd.c\000"
 2357      68736368 
 2357      642E6300 
 2358              	.LASF18:
 2359 01d3 746D6F64 		.ascii	"tmode_t\000"
 2359      655F7400 
 2360              	.LASF49:
 2361 01db 54687265 		.ascii	"ThreadsList\000"
 2361      6164734C 
 2361      69737400 
 2362              	.LASF24:
 2363 01e7 6576656E 		.ascii	"eventmask_t\000"
 2363      746D6173 
 2363      6B5F7400 
 2364              	.LASF72:
 2365 01f3 4D757465 		.ascii	"Mutex\000"
 2365      7800
 2366              	.LASF51:
 2367 01f9 73746B61 		.ascii	"stkalign_t\000"
 2367      6C69676E 
 2367      5F7400
 2368              	.LASF59:
 2369 0204 76745F74 		.ascii	"vt_time\000"
 2369      696D6500 
 2370              	.LASF54:
 2371 020c 73697A65 		.ascii	"sizetype\000"
 2371      74797065 
 2371      00
 2372              	.LASF92:
 2373 0215 474E5520 		.ascii	"GNU C 4.9.3 20150303 (release) [ARM/embedded-4_9-br"
 2373      4320342E 
 2373      392E3320 
 2373      32303135 
 2373      30333033 
 2374 0248 616E6368 		.ascii	"anch revision 221220] -mcpu=cortex-m4 -mfloat-abi=h"
 2374      20726576 
 2374      6973696F 
 2374      6E203232 
 2374      31323230 
 2375 027b 61726420 		.ascii	"ard -mfpu=fpv4-sp-d16 -mno-thumb-interwork -mthumb "
 2375      2D6D6670 
 2375      753D6670 
 2375      76342D73 
 2375      702D6431 
 2376 02ae 2D676764 		.ascii	"-ggdb -fomit-frame-pointer -falign-functions=16 -ff"
 2376      62202D66 
 2376      6F6D6974 
 2376      2D667261 
 2376      6D652D70 
 2377 02e1 756E6374 		.ascii	"unction-sections -fdata-sections -fno-common -fsing"
 2377      696F6E2D 
 2377      73656374 
 2377      696F6E73 
 2377      202D6664 
ARM GAS  /tmp/ccwipJB7.s 			page 45


 2378 0314 6C652D70 		.ascii	"le-precision-constant\000"
 2378      72656369 
 2378      73696F6E 
 2378      2D636F6E 
 2378      7374616E 
 2379              	.LASF60:
 2380 032a 76745F66 		.ascii	"vt_func\000"
 2380      756E6300 
 2381              	.LASF89:
 2382 0332 63685363 		.ascii	"chSchDoRescheduleBehind\000"
 2382      68446F52 
 2382      65736368 
 2382      6564756C 
 2382      65426568 
 2383              	.LASF33:
 2384 034a 705F6F6C 		.ascii	"p_older\000"
 2384      64657200 
 2385              	.LASF64:
 2386 0352 725F6374 		.ascii	"r_ctx\000"
 2386      7800
 2387              	.LASF48:
 2388 0358 54687265 		.ascii	"ThreadsQueue\000"
 2388      61647351 
 2388      75657565 
 2388      00
 2389              	.LASF84:
 2390 0365 74696D65 		.ascii	"time\000"
 2390      00
 2391              	.LASF67:
 2392 036a 725F6375 		.ascii	"r_current\000"
 2392      7272656E 
 2392      7400
 2393              	.LASF66:
 2394 0374 725F6F6C 		.ascii	"r_older\000"
 2394      64657200 
 2395              	.LASF11:
 2396 037c 5F5F7569 		.ascii	"__uint64_t\000"
 2396      6E743634 
 2396      5F7400
 2397              	.LASF20:
 2398 0387 74726566 		.ascii	"trefs_t\000"
 2398      735F7400 
 2399              	.LASF29:
 2400 038f 705F7072 		.ascii	"p_prev\000"
 2400      657600
 2401              	.LASF22:
 2402 0396 74707269 		.ascii	"tprio_t\000"
 2402      6F5F7400 
 2403              	.LASF17:
 2404 039e 5F426F6F 		.ascii	"_Bool\000"
 2404      6C00
 2405              	.LASF14:
 2406 03a4 696E7433 		.ascii	"int32_t\000"
 2406      325F7400 
 2407              	.LASF2:
 2408 03ac 756E7369 		.ascii	"unsigned char\000"
 2408      676E6564 
ARM GAS  /tmp/ccwipJB7.s 			page 46


 2408      20636861 
 2408      7200
 2409              	.LASF81:
 2410 03ba 6E657773 		.ascii	"newstate\000"
 2410      74617465 
 2410      00
 2411              	.LASF45:
 2412 03c3 705F6D74 		.ascii	"p_mtxlist\000"
 2412      786C6973 
 2412      7400
 2413              	.LASF3:
 2414 03cd 73686F72 		.ascii	"short int\000"
 2414      7420696E 
 2414      7400
 2415              	.LASF36:
 2416 03d7 705F7374 		.ascii	"p_state\000"
 2416      61746500 
 2417              	.LASF39:
 2418 03df 705F7072 		.ascii	"p_preempt\000"
 2418      65656D70 
 2418      7400
 2419              	.LASF63:
 2420 03e9 725F7072 		.ascii	"r_prio\000"
 2420      696F00
 2421              	.LASF79:
 2422 03f0 65776D61 		.ascii	"ewmask\000"
 2422      736B00
 2423              	.LASF28:
 2424 03f7 705F6E65 		.ascii	"p_next\000"
 2424      787400
 2425              	.LASF37:
 2426 03fe 705F666C 		.ascii	"p_flags\000"
 2426      61677300 
 2427              	.LASF27:
 2428 0406 54687265 		.ascii	"Thread\000"
 2428      616400
 2429              	.LASF85:
 2430 040d 63685363 		.ascii	"chSchGoSleepS\000"
 2430      68476F53 
 2430      6C656570 
 2430      5300
 2431              	.LASF44:
 2432 041b 705F6570 		.ascii	"p_epending\000"
 2432      656E6469 
 2432      6E6700
 2433              	.LASF15:
 2434 0426 75696E74 		.ascii	"uint32_t\000"
 2434      33325F74 
 2434      00
 2435              	.LASF62:
 2436 042f 725F7175 		.ascii	"r_queue\000"
 2436      65756500 
 2437              	.LASF80:
 2438 0437 63686172 		.ascii	"char\000"
 2438      00
 2439              	.LASF82:
 2440 043c 63685363 		.ascii	"chSchReadyI\000"
ARM GAS  /tmp/ccwipJB7.s 			page 47


 2440      68526561 
 2440      64794900 
 2441              	.LASF75:
 2442 0448 6D5F6E65 		.ascii	"m_next\000"
 2442      787400
 2443              	.LASF25:
 2444 044f 73797374 		.ascii	"systime_t\000"
 2444      696D655F 
 2444      7400
 2445              	.LASF46:
 2446 0459 705F7265 		.ascii	"p_realprio\000"
 2446      616C7072 
 2446      696F00
 2447              	.LASF6:
 2448 0464 5F5F696E 		.ascii	"__int32_t\000"
 2448      7433325F 
 2448      7400
 2449              	.LASF40:
 2450 046e 705F7469 		.ascii	"p_time\000"
 2450      6D6500
 2451              	.LASF52:
 2452 0475 696E7463 		.ascii	"intctx\000"
 2452      747800
 2453              	.LASF42:
 2454 047c 705F6D73 		.ascii	"p_msgqueue\000"
 2454      67717565 
 2454      756500
 2455              	.LASF61:
 2456 0487 76745F70 		.ascii	"vt_par\000"
 2456      617200
 2457              	.LASF69:
 2458 048e 53656D61 		.ascii	"Semaphore\000"
 2458      70686F72 
 2458      6500
 2459              	.LASF38:
 2460 0498 705F7265 		.ascii	"p_refs\000"
 2460      667300
 2461              	.LASF68:
 2462 049f 52656164 		.ascii	"ReadyList\000"
 2462      794C6973 
 2462      7400
 2463              	.LASF95:
 2464 04a9 726C6973 		.ascii	"rlist\000"
 2464      7400
 2465              	.LASF13:
 2466 04af 75696E74 		.ascii	"uint8_t\000"
 2466      385F7400 
 2467              	.LASF78:
 2468 04b7 77746F62 		.ascii	"wtobjp\000"
 2468      6A7000
 2469              	.LASF34:
 2470 04be 705F6E61 		.ascii	"p_name\000"
 2470      6D6500
 2471              	.LASF83:
 2472 04c5 63685363 		.ascii	"chSchGoSleepTimeoutS\000"
 2472      68476F53 
 2472      6C656570 
ARM GAS  /tmp/ccwipJB7.s 			page 48


 2472      54696D65 
 2472      6F757453 
 2473              	.LASF74:
 2474 04da 6D5F6F77 		.ascii	"m_owner\000"
 2474      6E657200 
 2475              	.LASF31:
 2476 04e2 705F6374 		.ascii	"p_ctx\000"
 2476      7800
 2477              	.LASF41:
 2478 04e8 705F7761 		.ascii	"p_waiting\000"
 2478      6974696E 
 2478      6700
 2479              		.ident	"GCC: (GNU Tools for ARM Embedded Processors) 4.9.3 20150303 (release) [ARM/embedded-4_9-br
ARM GAS  /tmp/ccwipJB7.s 			page 49


DEFINED SYMBOLS
                            *ABS*:00000000 chschd.c
     /tmp/ccwipJB7.s:25     .bss.rlist:00000000 rlist
     /tmp/ccwipJB7.s:22     .bss.rlist:00000000 $d
     /tmp/ccwipJB7.s:28     .text._scheduler_init:00000000 $t
     /tmp/ccwipJB7.s:34     .text._scheduler_init:00000000 _scheduler_init
     /tmp/ccwipJB7.s:67     .text._scheduler_init:00000024 $d
     /tmp/ccwipJB7.s:72     .rodata:00000000 $d
     /tmp/ccwipJB7.s:76     .text.chSchReadyI:00000000 $t
     /tmp/ccwipJB7.s:82     .text.chSchReadyI:00000000 chSchReadyI
     /tmp/ccwipJB7.s:157    .text.chSchReadyI:00000068 $d
     /tmp/ccwipJB7.s:167    .text.chSchGoSleepS:00000000 $t
     /tmp/ccwipJB7.s:173    .text.chSchGoSleepS:00000000 chSchGoSleepS
     /tmp/ccwipJB7.s:237    .text.chSchGoSleepS:00000064 $d
     /tmp/ccwipJB7.s:243    .text.wakeup:00000000 $t
     /tmp/ccwipJB7.s:248    .text.wakeup:00000000 wakeup
     /tmp/ccwipJB7.s:277    .text.wakeup:00000020 $d
     /tmp/ccwipJB7.s:291    .text.wakeup:00000058 $t
     /tmp/ccwipJB7.s:334    .text.chSchGoSleepTimeoutS:00000000 $t
     /tmp/ccwipJB7.s:340    .text.chSchGoSleepTimeoutS:00000000 chSchGoSleepTimeoutS
     /tmp/ccwipJB7.s:402    .text.chSchGoSleepTimeoutS:00000058 $d
     /tmp/ccwipJB7.s:408    .text.chSchWakeupS:00000000 $t
     /tmp/ccwipJB7.s:414    .text.chSchWakeupS:00000000 chSchWakeupS
     /tmp/ccwipJB7.s:488    .text.chSchWakeupS:00000068 $d
     /tmp/ccwipJB7.s:494    .text.chSchRescheduleS:00000000 $t
     /tmp/ccwipJB7.s:500    .text.chSchRescheduleS:00000000 chSchRescheduleS
     /tmp/ccwipJB7.s:612    .text.chSchDoRescheduleAhead:00000000 chSchDoRescheduleAhead
     /tmp/ccwipJB7.s:527    .text.chSchRescheduleS:00000018 $d
     /tmp/ccwipJB7.s:532    .text.chSchDoRescheduleBehind:00000000 $t
     /tmp/ccwipJB7.s:538    .text.chSchDoRescheduleBehind:00000000 chSchDoRescheduleBehind
     /tmp/ccwipJB7.s:600    .text.chSchDoRescheduleBehind:0000005c $d
     /tmp/ccwipJB7.s:606    .text.chSchDoRescheduleAhead:00000000 $t
     /tmp/ccwipJB7.s:704    .text.chSchDoRescheduleAhead:00000088 $d
     /tmp/ccwipJB7.s:710    .text.chSchDoReschedule:00000000 $t
     /tmp/ccwipJB7.s:716    .text.chSchDoReschedule:00000000 chSchDoReschedule
     /tmp/ccwipJB7.s:744    .text.chSchDoReschedule:0000001c $d
                     .debug_frame:00000010 $d
     /tmp/ccwipJB7.s:71     .text._scheduler_init:00000028 $t
     /tmp/ccwipJB7.s:242    .text.chSchGoSleepS:0000006c $t
     /tmp/ccwipJB7.s:531    .text.chSchRescheduleS:0000001c $t
     /tmp/ccwipJB7.s:605    .text.chSchDoRescheduleBehind:00000064 $t

UNDEFINED SYMBOLS
chDbgPanic
fifo_remove
dbg_trace
_port_switch
_port_lock
_port_unlock
dequeue
chVTSetI
chVTResetI
