ARM GAS  /tmp/ccenMlsW.s 			page 1


   1              		.syntax unified
   2              		.cpu cortex-m4
   3              		.eabi_attribute 27, 1
   4              		.eabi_attribute 28, 1
   5              		.fpu fpv4-sp-d16
   6              		.eabi_attribute 20, 1
   7              		.eabi_attribute 21, 1
   8              		.eabi_attribute 23, 3
   9              		.eabi_attribute 24, 1
  10              		.eabi_attribute 25, 1
  11              		.eabi_attribute 26, 1
  12              		.eabi_attribute 30, 6
  13              		.eabi_attribute 34, 1
  14              		.eabi_attribute 18, 4
  15              		.thumb
  16              		.file	"chsys.c"
  17              		.text
  18              	.Ltext0:
  19              		.cfi_sections	.debug_frame
  20              		.global	_idle_thread_wa
  21              		.section	.bss._idle_thread_wa,"aw",%nobits
  22              		.align	3
  23              		.type	_idle_thread_wa, %object
  24              		.size	_idle_thread_wa, 360
  25              	_idle_thread_wa:
  26 0000 00000000 		.space	360
  26      00000000 
  26      00000000 
  26      00000000 
  26      00000000 
  27              		.section	.rodata
  28              		.align	2
  29              	.LC0:
  30 0000 69646C65 		.ascii	"idle\000"
  30      00
  31 0005 000000   		.section	.text._idle_thread,"ax",%progbits
  32              		.align	2
  33              		.p2align 4,,15
  34              		.global	_idle_thread
  35              		.thumb
  36              		.thumb_func
  37              		.type	_idle_thread, %function
  38              	_idle_thread:
  39              	.LFB0:
  40              		.file 1 "/home/makkmarci/workspace/ChibiOS_2.6.8/os/kernel/src/chsys.c"
  41              		.loc 1 61 0
  42              		.cfi_startproc
  43              		@ args = 0, pretend = 0, frame = 8
  44              		@ frame_needed = 0, uses_anonymous_args = 0
  45              		@ link register save eliminated.
  46 0000 82B0     		sub	sp, sp, #8
  47              		.cfi_def_cfa_offset 8
  48 0002 0190     		str	r0, [sp, #4]
  49              		.loc 1 64 0
  50 0004 024B     		ldr	r3, .L3
  51 0006 9B69     		ldr	r3, [r3, #24]
  52 0008 024A     		ldr	r2, .L3+4
ARM GAS  /tmp/ccenMlsW.s 			page 2


  53 000a 9A61     		str	r2, [r3, #24]
  54              	.L2:
  55              		.loc 1 68 0 discriminator 1
  56 000c FEE7     		b	.L2
  57              	.L4:
  58 000e 00BF     		.align	2
  59              	.L3:
  60 0010 00000000 		.word	rlist
  61 0014 00000000 		.word	.LC0
  62              		.cfi_endproc
  63              	.LFE0:
  64              		.size	_idle_thread, .-_idle_thread
  65 0018 AFF30080 		.section	.text.chSysInit,"ax",%progbits
  65      AFF30080 
  66              		.align	2
  67              		.p2align 4,,15
  68              		.global	chSysInit
  69              		.thumb
  70              		.thumb_func
  71              		.type	chSysInit, %function
  72              	chSysInit:
  73              	.LFB1:
  74              		.loc 1 84 0
  75              		.cfi_startproc
  76              		@ args = 0, pretend = 0, frame = 0
  77              		@ frame_needed = 0, uses_anonymous_args = 0
  78 0000 00B5     		push	{lr}
  79              		.cfi_def_cfa_offset 4
  80              		.cfi_offset 14, -4
  81 0002 83B0     		sub	sp, sp, #12
  82              		.cfi_def_cfa_offset 16
  83              		.loc 1 90 0
  84 0004 FFF7FEFF 		bl	_port_init
  85              		.loc 1 91 0
  86 0008 FFF7FEFF 		bl	_scheduler_init
  87              		.loc 1 92 0
  88 000c FFF7FEFF 		bl	_vt_init
  89              		.loc 1 94 0
  90 0010 FFF7FEFF 		bl	_core_init
  91              		.loc 1 97 0
  92 0014 FFF7FEFF 		bl	_heap_init
  93              		.loc 1 100 0
  94 0018 FFF7FEFF 		bl	_trace_init
  95              		.loc 1 104 0
  96 001c 1148     		ldr	r0, .L6
  97 001e 4021     		movs	r1, #64
  98 0020 FFF7FEFF 		bl	_thread_init
  99 0024 0246     		mov	r2, r0
 100 0026 104B     		ldr	r3, .L6+4
 101 0028 9A61     		str	r2, [r3, #24]
 102              		.loc 1 105 0
 103 002a 0F4B     		ldr	r3, .L6+4
 104 002c 9B69     		ldr	r3, [r3, #24]
 105 002e 0122     		movs	r2, #1
 106 0030 83F82020 		strb	r2, [r3, #32]
 107              		.loc 1 109 0
 108 0034 0C4B     		ldr	r3, .L6+4
ARM GAS  /tmp/ccenMlsW.s 			page 3


 109 0036 9B69     		ldr	r3, [r3, #24]
 110 0038 0C4A     		ldr	r2, .L6+8
 111 003a DA61     		str	r2, [r3, #28]
 112              	.LBB2:
 113              		.loc 1 111 0
 114 003c 0023     		movs	r3, #0
 115              	@ 111 "/home/makkmarci/workspace/ChibiOS_2.6.8/os/kernel/src/chsys.c" 1
 116 003e 83F31188 		msr     BASEPRI, r3                    
 117 0042 62B6     		cpsie   i
 118              	@ 0 "" 2
 119              		.thumb
 120              	.LBE2:
 121              		.loc 1 115 0
 122 0044 084B     		ldr	r3, .L6+4
 123 0046 9B69     		ldr	r3, [r3, #24]
 124 0048 094A     		ldr	r2, .L6+12
 125 004a 9A61     		str	r2, [r3, #24]
 126              		.loc 1 121 0
 127 004c 0023     		movs	r3, #0
 128 004e 0093     		str	r3, [sp]
 129 0050 0848     		ldr	r0, .L6+16
 130 0052 4FF4B471 		mov	r1, #360
 131 0056 0122     		movs	r2, #1
 132 0058 074B     		ldr	r3, .L6+20
 133 005a FFF7FEFF 		bl	chThdCreateStatic
 134              		.loc 1 124 0
 135 005e 03B0     		add	sp, sp, #12
 136              		.cfi_def_cfa_offset 4
 137              		@ sp needed
 138 0060 5DF804FB 		ldr	pc, [sp], #4
 139              	.L7:
 140              		.align	2
 141              	.L6:
 142 0064 00000000 		.word	mainthread.4855
 143 0068 00000000 		.word	rlist
 144 006c 00000000 		.word	__main_thread_stack_base__
 145 0070 00000000 		.word	ch_debug
 146 0074 00000000 		.word	_idle_thread_wa
 147 0078 00000000 		.word	_idle_thread
 148              		.cfi_endproc
 149              	.LFE1:
 150              		.size	chSysInit, .-chSysInit
 151 007c AFF30080 		.section	.text.chSysTimerHandlerI,"ax",%progbits
 152              		.align	2
 153              		.p2align 4,,15
 154              		.global	chSysTimerHandlerI
 155              		.thumb
 156              		.thumb_func
 157              		.type	chSysTimerHandlerI, %function
 158              	chSysTimerHandlerI:
 159              	.LFB2:
 160              		.loc 1 137 0
 161              		.cfi_startproc
 162              		@ args = 0, pretend = 0, frame = 8
 163              		@ frame_needed = 0, uses_anonymous_args = 0
 164 0000 00B5     		push	{lr}
 165              		.cfi_def_cfa_offset 4
ARM GAS  /tmp/ccenMlsW.s 			page 4


 166              		.cfi_offset 14, -4
 167 0002 83B0     		sub	sp, sp, #12
 168              		.cfi_def_cfa_offset 16
 169              		.loc 1 143 0
 170 0004 214B     		ldr	r3, .L13
 171 0006 9B69     		ldr	r3, [r3, #24]
 172 0008 93F82330 		ldrb	r3, [r3, #35]	@ zero_extendqisi2
 173 000c 002B     		cmp	r3, #0
 174 000e 07D0     		beq	.L9
 175              		.loc 1 145 0
 176 0010 1E4B     		ldr	r3, .L13
 177 0012 9B69     		ldr	r3, [r3, #24]
 178 0014 93F82320 		ldrb	r2, [r3, #35]	@ zero_extendqisi2
 179 0018 013A     		subs	r2, r2, #1
 180 001a D2B2     		uxtb	r2, r2
 181 001c 83F82320 		strb	r2, [r3, #35]
 182              	.L9:
 183              		.loc 1 148 0
 184 0020 1A4B     		ldr	r3, .L13
 185 0022 9B69     		ldr	r3, [r3, #24]
 186 0024 5A6A     		ldr	r2, [r3, #36]
 187 0026 0132     		adds	r2, r2, #1
 188 0028 5A62     		str	r2, [r3, #36]
 189              		.loc 1 150 0
 190 002a 194B     		ldr	r3, .L13+4
 191 002c DB68     		ldr	r3, [r3, #12]
 192 002e 0133     		adds	r3, r3, #1
 193 0030 174A     		ldr	r2, .L13+4
 194 0032 D360     		str	r3, [r2, #12]
 195 0034 164B     		ldr	r3, .L13+4
 196 0036 1B68     		ldr	r3, [r3]
 197 0038 154A     		ldr	r2, .L13+4
 198 003a 9342     		cmp	r3, r2
 199 003c 23D0     		beq	.L8
 200              	.LBB3:
 201              		.loc 1 150 0 is_stmt 0 discriminator 1
 202 003e 144B     		ldr	r3, .L13+4
 203 0040 1B68     		ldr	r3, [r3]
 204 0042 9A68     		ldr	r2, [r3, #8]
 205 0044 013A     		subs	r2, r2, #1
 206 0046 9A60     		str	r2, [r3, #8]
 207 0048 16E0     		b	.L11
 208              	.L12:
 209              	.LBB4:
 210              		.loc 1 150 0 discriminator 4
 211 004a 019B     		ldr	r3, [sp, #4]
 212 004c DB68     		ldr	r3, [r3, #12]
 213 004e 0093     		str	r3, [sp]
 214 0050 019B     		ldr	r3, [sp, #4]
 215 0052 0022     		movs	r2, #0
 216 0054 DA60     		str	r2, [r3, #12]
 217 0056 019B     		ldr	r3, [sp, #4]
 218 0058 1B68     		ldr	r3, [r3]
 219 005a 0D4A     		ldr	r2, .L13+4
 220 005c 5A60     		str	r2, [r3, #4]
 221 005e 019B     		ldr	r3, [sp, #4]
 222 0060 1B68     		ldr	r3, [r3]
ARM GAS  /tmp/ccenMlsW.s 			page 5


 223 0062 0B4A     		ldr	r2, .L13+4
 224 0064 1360     		str	r3, [r2]
 225              	@ 150 "/home/makkmarci/workspace/ChibiOS_2.6.8/os/kernel/src/chsys.c" 1
 226 0066 FFF7FEFF 		bl      _port_unlock
 227              	@ 0 "" 2
 228              		.thumb
 229 006a 019B     		ldr	r3, [sp, #4]
 230 006c 1A69     		ldr	r2, [r3, #16]
 231 006e 009B     		ldr	r3, [sp]
 232 0070 1046     		mov	r0, r2
 233 0072 9847     		blx	r3
 234              	@ 150 "/home/makkmarci/workspace/ChibiOS_2.6.8/os/kernel/src/chsys.c" 1
 235 0074 FFF7FEFF 		bl      _port_lock
 236              	@ 0 "" 2
 237              		.thumb
 238              	.L11:
 239              	.LBE4:
 240              		.loc 1 150 0 discriminator 2
 241 0078 054B     		ldr	r3, .L13+4
 242 007a 1B68     		ldr	r3, [r3]
 243 007c 0193     		str	r3, [sp, #4]
 244 007e 019B     		ldr	r3, [sp, #4]
 245 0080 9B68     		ldr	r3, [r3, #8]
 246 0082 002B     		cmp	r3, #0
 247 0084 E1D0     		beq	.L12
 248              	.L8:
 249              	.LBE3:
 250              		.loc 1 154 0 is_stmt 1
 251 0086 03B0     		add	sp, sp, #12
 252              		.cfi_def_cfa_offset 4
 253              		@ sp needed
 254 0088 5DF804FB 		ldr	pc, [sp], #4
 255              	.L14:
 256              		.align	2
 257              	.L13:
 258 008c 00000000 		.word	rlist
 259 0090 00000000 		.word	vtlist
 260              		.cfi_endproc
 261              	.LFE2:
 262              		.size	chSysTimerHandlerI, .-chSysTimerHandlerI
 263 0094 AFF30080 		.section	.bss.mainthread.4855,"aw",%nobits
 263      AFF30080 
 263      AFF30080 
 264              		.align	2
 265              		.type	mainthread.4855, %object
 266              		.size	mainthread.4855, 76
 267              	mainthread.4855:
 268 0000 00000000 		.space	76
 268      00000000 
 268      00000000 
 268      00000000 
 268      00000000 
 269              		.text
 270              	.Letext0:
 271              		.file 2 "/opt/gcc-arm-none-eabi/arm-none-eabi/include/machine/_default_types.h"
 272              		.file 3 "/opt/gcc-arm-none-eabi/arm-none-eabi/include/stdint.h"
 273              		.file 4 "/home/makkmarci/workspace/ChibiOS_2.6.8/os/ports/GCC/ARMCMx/chtypes.h"
ARM GAS  /tmp/ccenMlsW.s 			page 6


 274              		.file 5 "/home/makkmarci/workspace/ChibiOS_2.6.8/os/kernel/include/chlists.h"
 275              		.file 6 "/home/makkmarci/workspace/ChibiOS_2.6.8/os/kernel/include/chthreads.h"
 276              		.file 7 "/home/makkmarci/workspace/ChibiOS_2.6.8/os/ports/GCC/ARMCMx/chcore_v7m.h"
 277              		.file 8 "/home/makkmarci/workspace/ChibiOS_2.6.8/os/kernel/include/chvt.h"
 278              		.file 9 "/home/makkmarci/workspace/ChibiOS_2.6.8/os/kernel/include/chschd.h"
 279              		.file 10 "/home/makkmarci/workspace/ChibiOS_2.6.8/os/kernel/include/chmtx.h"
 280              		.file 11 "/home/makkmarci/workspace/ChibiOS_2.6.8/os/kernel/include/chregistry.h"
 281              		.section	.debug_info,"",%progbits
 282              	.Ldebug_info0:
 283 0000 F1070000 		.4byte	0x7f1
 284 0004 0400     		.2byte	0x4
 285 0006 00000000 		.4byte	.Ldebug_abbrev0
 286 000a 04       		.byte	0x4
 287 000b 01       		.uleb128 0x1
 288 000c 6C020000 		.4byte	.LASF110
 289 0010 01       		.byte	0x1
 290 0011 BD000000 		.4byte	.LASF111
 291 0015 00000000 		.4byte	.Ldebug_ranges0+0
 292 0019 00000000 		.4byte	0
 293 001d 00000000 		.4byte	.Ldebug_line0
 294 0021 02       		.uleb128 0x2
 295 0022 04       		.byte	0x4
 296 0023 05       		.byte	0x5
 297 0024 696E7400 		.ascii	"int\000"
 298 0028 03       		.uleb128 0x3
 299 0029 04       		.byte	0x4
 300 002a 07       		.byte	0x7
 301 002b 99010000 		.4byte	.LASF0
 302 002f 03       		.uleb128 0x3
 303 0030 01       		.byte	0x1
 304 0031 06       		.byte	0x6
 305 0032 A1000000 		.4byte	.LASF1
 306 0036 04       		.uleb128 0x4
 307 0037 2B000000 		.4byte	.LASF4
 308 003b 02       		.byte	0x2
 309 003c 1D       		.byte	0x1d
 310 003d 41000000 		.4byte	0x41
 311 0041 03       		.uleb128 0x3
 312 0042 01       		.byte	0x1
 313 0043 08       		.byte	0x8
 314 0044 1E040000 		.4byte	.LASF2
 315 0048 03       		.uleb128 0x3
 316 0049 02       		.byte	0x2
 317 004a 05       		.byte	0x5
 318 004b 36040000 		.4byte	.LASF3
 319 004f 04       		.uleb128 0x4
 320 0050 CB040000 		.4byte	.LASF5
 321 0054 02       		.byte	0x2
 322 0055 2B       		.byte	0x2b
 323 0056 5A000000 		.4byte	0x5a
 324 005a 03       		.uleb128 0x3
 325 005b 02       		.byte	0x2
 326 005c 07       		.byte	0x7
 327 005d F5010000 		.4byte	.LASF6
 328 0061 04       		.uleb128 0x4
 329 0062 0D050000 		.4byte	.LASF7
 330 0066 02       		.byte	0x2
ARM GAS  /tmp/ccenMlsW.s 			page 7


 331 0067 3F       		.byte	0x3f
 332 0068 6C000000 		.4byte	0x6c
 333 006c 03       		.uleb128 0x3
 334 006d 04       		.byte	0x4
 335 006e 05       		.byte	0x5
 336 006f 22010000 		.4byte	.LASF8
 337 0073 04       		.uleb128 0x4
 338 0074 68010000 		.4byte	.LASF9
 339 0078 02       		.byte	0x2
 340 0079 41       		.byte	0x41
 341 007a 7E000000 		.4byte	0x7e
 342 007e 03       		.uleb128 0x3
 343 007f 04       		.byte	0x4
 344 0080 07       		.byte	0x7
 345 0081 AE010000 		.4byte	.LASF10
 346 0085 03       		.uleb128 0x3
 347 0086 08       		.byte	0x8
 348 0087 05       		.byte	0x5
 349 0088 93000000 		.4byte	.LASF11
 350 008c 04       		.uleb128 0x4
 351 008d E3030000 		.4byte	.LASF12
 352 0091 02       		.byte	0x2
 353 0092 5B       		.byte	0x5b
 354 0093 97000000 		.4byte	0x97
 355 0097 03       		.uleb128 0x3
 356 0098 08       		.byte	0x8
 357 0099 07       		.byte	0x7
 358 009a 5D000000 		.4byte	.LASF13
 359 009e 04       		.uleb128 0x4
 360 009f 59050000 		.4byte	.LASF14
 361 00a3 03       		.byte	0x3
 362 00a4 15       		.byte	0x15
 363 00a5 36000000 		.4byte	0x36
 364 00a9 04       		.uleb128 0x4
 365 00aa 34010000 		.4byte	.LASF15
 366 00ae 03       		.byte	0x3
 367 00af 21       		.byte	0x21
 368 00b0 4F000000 		.4byte	0x4f
 369 00b4 04       		.uleb128 0x4
 370 00b5 16040000 		.4byte	.LASF16
 371 00b9 03       		.byte	0x3
 372 00ba 2C       		.byte	0x2c
 373 00bb 61000000 		.4byte	0x61
 374 00bf 04       		.uleb128 0x4
 375 00c0 A9040000 		.4byte	.LASF17
 376 00c4 03       		.byte	0x3
 377 00c5 2D       		.byte	0x2d
 378 00c6 73000000 		.4byte	0x73
 379 00ca 04       		.uleb128 0x4
 380 00cb 22000000 		.4byte	.LASF18
 381 00cf 03       		.byte	0x3
 382 00d0 39       		.byte	0x39
 383 00d1 8C000000 		.4byte	0x8c
 384 00d5 03       		.uleb128 0x3
 385 00d6 01       		.byte	0x1
 386 00d7 02       		.byte	0x2
 387 00d8 10040000 		.4byte	.LASF19
ARM GAS  /tmp/ccenMlsW.s 			page 8


 388 00dc 04       		.uleb128 0x4
 389 00dd 16020000 		.4byte	.LASF20
 390 00e1 04       		.byte	0x4
 391 00e2 2C       		.byte	0x2c
 392 00e3 9E000000 		.4byte	0x9e
 393 00e7 04       		.uleb128 0x4
 394 00e8 2B010000 		.4byte	.LASF21
 395 00ec 04       		.byte	0x4
 396 00ed 2D       		.byte	0x2d
 397 00ee 9E000000 		.4byte	0x9e
 398 00f2 04       		.uleb128 0x4
 399 00f3 EE030000 		.4byte	.LASF22
 400 00f7 04       		.byte	0x4
 401 00f8 2E       		.byte	0x2e
 402 00f9 9E000000 		.4byte	0x9e
 403 00fd 04       		.uleb128 0x4
 404 00fe 18010000 		.4byte	.LASF23
 405 0102 04       		.byte	0x4
 406 0103 2F       		.byte	0x2f
 407 0104 9E000000 		.4byte	0x9e
 408 0108 04       		.uleb128 0x4
 409 0109 08040000 		.4byte	.LASF24
 410 010d 04       		.byte	0x4
 411 010e 30       		.byte	0x30
 412 010f BF000000 		.4byte	0xbf
 413 0113 04       		.uleb128 0x4
 414 0114 08020000 		.4byte	.LASF25
 415 0118 04       		.byte	0x4
 416 0119 31       		.byte	0x31
 417 011a B4000000 		.4byte	0xb4
 418 011e 04       		.uleb128 0x4
 419 011f 2A020000 		.4byte	.LASF26
 420 0123 04       		.byte	0x4
 421 0124 33       		.byte	0x33
 422 0125 BF000000 		.4byte	0xbf
 423 0129 04       		.uleb128 0x4
 424 012a F8040000 		.4byte	.LASF27
 425 012e 04       		.byte	0x4
 426 012f 35       		.byte	0x35
 427 0130 BF000000 		.4byte	0xbf
 428 0134 04       		.uleb128 0x4
 429 0135 8A040000 		.4byte	.LASF28
 430 0139 05       		.byte	0x5
 431 013a 2A       		.byte	0x2a
 432 013b 3F010000 		.4byte	0x13f
 433 013f 05       		.uleb128 0x5
 434 0140 8A040000 		.4byte	.LASF28
 435 0144 4C       		.byte	0x4c
 436 0145 06       		.byte	0x6
 437 0146 5E       		.byte	0x5e
 438 0147 48020000 		.4byte	0x248
 439 014b 06       		.uleb128 0x6
 440 014c 6C040000 		.4byte	.LASF29
 441 0150 06       		.byte	0x6
 442 0151 5F       		.byte	0x5f
 443 0152 69020000 		.4byte	0x269
 444 0156 00       		.byte	0
ARM GAS  /tmp/ccenMlsW.s 			page 9


 445 0157 06       		.uleb128 0x6
 446 0158 01040000 		.4byte	.LASF30
 447 015c 06       		.byte	0x6
 448 015d 61       		.byte	0x61
 449 015e 69020000 		.4byte	0x269
 450 0162 04       		.byte	0x4
 451 0163 06       		.uleb128 0x6
 452 0164 7F000000 		.4byte	.LASF31
 453 0168 06       		.byte	0x6
 454 0169 63       		.byte	0x63
 455 016a 08010000 		.4byte	0x108
 456 016e 08       		.byte	0x8
 457 016f 06       		.uleb128 0x6
 458 0170 94050000 		.4byte	.LASF32
 459 0174 06       		.byte	0x6
 460 0175 64       		.byte	0x64
 461 0176 FE030000 		.4byte	0x3fe
 462 017a 0C       		.byte	0xc
 463 017b 06       		.uleb128 0x6
 464 017c 47010000 		.4byte	.LASF33
 465 0180 06       		.byte	0x6
 466 0181 66       		.byte	0x66
 467 0182 69020000 		.4byte	0x269
 468 0186 10       		.byte	0x10
 469 0187 06       		.uleb128 0x6
 470 0188 A1030000 		.4byte	.LASF34
 471 018c 06       		.byte	0x6
 472 018d 67       		.byte	0x67
 473 018e 69020000 		.4byte	0x269
 474 0192 14       		.byte	0x14
 475 0193 06       		.uleb128 0x6
 476 0194 68050000 		.4byte	.LASF35
 477 0198 06       		.byte	0x6
 478 0199 6E       		.byte	0x6e
 479 019a B8050000 		.4byte	0x5b8
 480 019e 18       		.byte	0x18
 481 019f 06       		.uleb128 0x6
 482 01a0 8E010000 		.4byte	.LASF36
 483 01a4 06       		.byte	0x6
 484 01a5 74       		.byte	0x74
 485 01a6 CA050000 		.4byte	0x5ca
 486 01aa 1C       		.byte	0x1c
 487 01ab 06       		.uleb128 0x6
 488 01ac 40040000 		.4byte	.LASF37
 489 01b0 06       		.byte	0x6
 490 01b1 79       		.byte	0x79
 491 01b2 E7000000 		.4byte	0xe7
 492 01b6 20       		.byte	0x20
 493 01b7 06       		.uleb128 0x6
 494 01b8 82040000 		.4byte	.LASF38
 495 01bc 06       		.byte	0x6
 496 01bd 7D       		.byte	0x7d
 497 01be DC000000 		.4byte	0xdc
 498 01c2 21       		.byte	0x21
 499 01c3 06       		.uleb128 0x6
 500 01c4 42050000 		.4byte	.LASF39
 501 01c8 06       		.byte	0x6
ARM GAS  /tmp/ccenMlsW.s 			page 10


 502 01c9 82       		.byte	0x82
 503 01ca F2000000 		.4byte	0xf2
 504 01ce 22       		.byte	0x22
 505 01cf 06       		.uleb128 0x6
 506 01d0 48040000 		.4byte	.LASF40
 507 01d4 06       		.byte	0x6
 508 01d5 88       		.byte	0x88
 509 01d6 FD000000 		.4byte	0xfd
 510 01da 23       		.byte	0x23
 511 01db 06       		.uleb128 0x6
 512 01dc 17050000 		.4byte	.LASF41
 513 01e0 06       		.byte	0x6
 514 01e1 8F       		.byte	0x8f
 515 01e2 D5040000 		.4byte	0x4d5
 516 01e6 24       		.byte	0x24
 517 01e7 07       		.uleb128 0x7
 518 01e8 705F7500 		.ascii	"p_u\000"
 519 01ec 06       		.byte	0x6
 520 01ed B4       		.byte	0xb4
 521 01ee 83050000 		.4byte	0x583
 522 01f2 28       		.byte	0x28
 523 01f3 06       		.uleb128 0x6
 524 01f4 9A050000 		.4byte	.LASF42
 525 01f8 06       		.byte	0x6
 526 01f9 B9       		.byte	0xb9
 527 01fa 8F020000 		.4byte	0x28f
 528 01fe 2C       		.byte	0x2c
 529 01ff 06       		.uleb128 0x6
 530 0200 25050000 		.4byte	.LASF43
 531 0204 06       		.byte	0x6
 532 0205 BF       		.byte	0xbf
 533 0206 6F020000 		.4byte	0x26f
 534 020a 30       		.byte	0x30
 535 020b 06       		.uleb128 0x6
 536 020c 15000000 		.4byte	.LASF44
 537 0210 06       		.byte	0x6
 538 0211 C3       		.byte	0xc3
 539 0212 13010000 		.4byte	0x113
 540 0216 38       		.byte	0x38
 541 0217 06       		.uleb128 0x6
 542 0218 9E040000 		.4byte	.LASF45
 543 021c 06       		.byte	0x6
 544 021d C9       		.byte	0xc9
 545 021e 1E010000 		.4byte	0x11e
 546 0222 3C       		.byte	0x3c
 547 0223 06       		.uleb128 0x6
 548 0224 2C040000 		.4byte	.LASF46
 549 0228 06       		.byte	0x6
 550 0229 D0       		.byte	0xd0
 551 022a D0050000 		.4byte	0x5d0
 552 022e 40       		.byte	0x40
 553 022f 06       		.uleb128 0x6
 554 0230 02050000 		.4byte	.LASF47
 555 0234 06       		.byte	0x6
 556 0235 D4       		.byte	0xd4
 557 0236 08010000 		.4byte	0x108
 558 023a 44       		.byte	0x44
ARM GAS  /tmp/ccenMlsW.s 			page 11


 559 023b 06       		.uleb128 0x6
 560 023c 08010000 		.4byte	.LASF48
 561 0240 06       		.byte	0x6
 562 0241 DA       		.byte	0xda
 563 0242 A5020000 		.4byte	0x2a5
 564 0246 48       		.byte	0x48
 565 0247 00       		.byte	0
 566 0248 08       		.uleb128 0x8
 567 0249 08       		.byte	0x8
 568 024a 05       		.byte	0x5
 569 024b 61       		.byte	0x61
 570 024c 69020000 		.4byte	0x269
 571 0250 06       		.uleb128 0x6
 572 0251 6C040000 		.4byte	.LASF29
 573 0255 05       		.byte	0x5
 574 0256 62       		.byte	0x62
 575 0257 69020000 		.4byte	0x269
 576 025b 00       		.byte	0
 577 025c 06       		.uleb128 0x6
 578 025d 01040000 		.4byte	.LASF30
 579 0261 05       		.byte	0x5
 580 0262 64       		.byte	0x64
 581 0263 69020000 		.4byte	0x269
 582 0267 04       		.byte	0x4
 583 0268 00       		.byte	0
 584 0269 09       		.uleb128 0x9
 585 026a 04       		.byte	0x4
 586 026b 34010000 		.4byte	0x134
 587 026f 04       		.uleb128 0x4
 588 0270 AF030000 		.4byte	.LASF49
 589 0274 05       		.byte	0x5
 590 0275 66       		.byte	0x66
 591 0276 48020000 		.4byte	0x248
 592 027a 08       		.uleb128 0x8
 593 027b 04       		.byte	0x4
 594 027c 05       		.byte	0x5
 595 027d 6B       		.byte	0x6b
 596 027e 8F020000 		.4byte	0x28f
 597 0282 06       		.uleb128 0x6
 598 0283 6C040000 		.4byte	.LASF29
 599 0287 05       		.byte	0x5
 600 0288 6D       		.byte	0x6d
 601 0289 69020000 		.4byte	0x269
 602 028d 00       		.byte	0
 603 028e 00       		.byte	0
 604 028f 04       		.uleb128 0x4
 605 0290 1E020000 		.4byte	.LASF50
 606 0294 05       		.byte	0x5
 607 0295 70       		.byte	0x70
 608 0296 7A020000 		.4byte	0x27a
 609 029a 04       		.uleb128 0x4
 610 029b 73010000 		.4byte	.LASF51
 611 029f 07       		.byte	0x7
 612 02a0 E5       		.byte	0xe5
 613 02a1 A5020000 		.4byte	0x2a5
 614 02a5 0A       		.uleb128 0xa
 615 02a6 04       		.byte	0x4
ARM GAS  /tmp/ccenMlsW.s 			page 12


 616 02a7 04       		.uleb128 0x4
 617 02a8 3C020000 		.4byte	.LASF52
 618 02ac 07       		.byte	0x7
 619 02ad EB       		.byte	0xeb
 620 02ae CA000000 		.4byte	0xca
 621 02b2 0B       		.uleb128 0xb
 622 02b3 1E050000 		.4byte	.LASF53
 623 02b7 64       		.byte	0x64
 624 02b8 07       		.byte	0x7
 625 02b9 0C01     		.2byte	0x10c
 626 02bb FE030000 		.4byte	0x3fe
 627 02bf 0C       		.uleb128 0xc
 628 02c0 73313600 		.ascii	"s16\000"
 629 02c4 07       		.byte	0x7
 630 02c5 0E01     		.2byte	0x10e
 631 02c7 9A020000 		.4byte	0x29a
 632 02cb 00       		.byte	0
 633 02cc 0C       		.uleb128 0xc
 634 02cd 73313700 		.ascii	"s17\000"
 635 02d1 07       		.byte	0x7
 636 02d2 0F01     		.2byte	0x10f
 637 02d4 9A020000 		.4byte	0x29a
 638 02d8 04       		.byte	0x4
 639 02d9 0C       		.uleb128 0xc
 640 02da 73313800 		.ascii	"s18\000"
 641 02de 07       		.byte	0x7
 642 02df 1001     		.2byte	0x110
 643 02e1 9A020000 		.4byte	0x29a
 644 02e5 08       		.byte	0x8
 645 02e6 0C       		.uleb128 0xc
 646 02e7 73313900 		.ascii	"s19\000"
 647 02eb 07       		.byte	0x7
 648 02ec 1101     		.2byte	0x111
 649 02ee 9A020000 		.4byte	0x29a
 650 02f2 0C       		.byte	0xc
 651 02f3 0C       		.uleb128 0xc
 652 02f4 73323000 		.ascii	"s20\000"
 653 02f8 07       		.byte	0x7
 654 02f9 1201     		.2byte	0x112
 655 02fb 9A020000 		.4byte	0x29a
 656 02ff 10       		.byte	0x10
 657 0300 0C       		.uleb128 0xc
 658 0301 73323100 		.ascii	"s21\000"
 659 0305 07       		.byte	0x7
 660 0306 1301     		.2byte	0x113
 661 0308 9A020000 		.4byte	0x29a
 662 030c 14       		.byte	0x14
 663 030d 0C       		.uleb128 0xc
 664 030e 73323200 		.ascii	"s22\000"
 665 0312 07       		.byte	0x7
 666 0313 1401     		.2byte	0x114
 667 0315 9A020000 		.4byte	0x29a
 668 0319 18       		.byte	0x18
 669 031a 0C       		.uleb128 0xc
 670 031b 73323300 		.ascii	"s23\000"
 671 031f 07       		.byte	0x7
 672 0320 1501     		.2byte	0x115
ARM GAS  /tmp/ccenMlsW.s 			page 13


 673 0322 9A020000 		.4byte	0x29a
 674 0326 1C       		.byte	0x1c
 675 0327 0C       		.uleb128 0xc
 676 0328 73323400 		.ascii	"s24\000"
 677 032c 07       		.byte	0x7
 678 032d 1601     		.2byte	0x116
 679 032f 9A020000 		.4byte	0x29a
 680 0333 20       		.byte	0x20
 681 0334 0C       		.uleb128 0xc
 682 0335 73323500 		.ascii	"s25\000"
 683 0339 07       		.byte	0x7
 684 033a 1701     		.2byte	0x117
 685 033c 9A020000 		.4byte	0x29a
 686 0340 24       		.byte	0x24
 687 0341 0C       		.uleb128 0xc
 688 0342 73323600 		.ascii	"s26\000"
 689 0346 07       		.byte	0x7
 690 0347 1801     		.2byte	0x118
 691 0349 9A020000 		.4byte	0x29a
 692 034d 28       		.byte	0x28
 693 034e 0C       		.uleb128 0xc
 694 034f 73323700 		.ascii	"s27\000"
 695 0353 07       		.byte	0x7
 696 0354 1901     		.2byte	0x119
 697 0356 9A020000 		.4byte	0x29a
 698 035a 2C       		.byte	0x2c
 699 035b 0C       		.uleb128 0xc
 700 035c 73323800 		.ascii	"s28\000"
 701 0360 07       		.byte	0x7
 702 0361 1A01     		.2byte	0x11a
 703 0363 9A020000 		.4byte	0x29a
 704 0367 30       		.byte	0x30
 705 0368 0C       		.uleb128 0xc
 706 0369 73323900 		.ascii	"s29\000"
 707 036d 07       		.byte	0x7
 708 036e 1B01     		.2byte	0x11b
 709 0370 9A020000 		.4byte	0x29a
 710 0374 34       		.byte	0x34
 711 0375 0C       		.uleb128 0xc
 712 0376 73333000 		.ascii	"s30\000"
 713 037a 07       		.byte	0x7
 714 037b 1C01     		.2byte	0x11c
 715 037d 9A020000 		.4byte	0x29a
 716 0381 38       		.byte	0x38
 717 0382 0C       		.uleb128 0xc
 718 0383 73333100 		.ascii	"s31\000"
 719 0387 07       		.byte	0x7
 720 0388 1D01     		.2byte	0x11d
 721 038a 9A020000 		.4byte	0x29a
 722 038e 3C       		.byte	0x3c
 723 038f 0C       		.uleb128 0xc
 724 0390 723400   		.ascii	"r4\000"
 725 0393 07       		.byte	0x7
 726 0394 1F01     		.2byte	0x11f
 727 0396 9A020000 		.4byte	0x29a
 728 039a 40       		.byte	0x40
 729 039b 0C       		.uleb128 0xc
ARM GAS  /tmp/ccenMlsW.s 			page 14


 730 039c 723500   		.ascii	"r5\000"
 731 039f 07       		.byte	0x7
 732 03a0 2001     		.2byte	0x120
 733 03a2 9A020000 		.4byte	0x29a
 734 03a6 44       		.byte	0x44
 735 03a7 0C       		.uleb128 0xc
 736 03a8 723600   		.ascii	"r6\000"
 737 03ab 07       		.byte	0x7
 738 03ac 2101     		.2byte	0x121
 739 03ae 9A020000 		.4byte	0x29a
 740 03b2 48       		.byte	0x48
 741 03b3 0C       		.uleb128 0xc
 742 03b4 723700   		.ascii	"r7\000"
 743 03b7 07       		.byte	0x7
 744 03b8 2201     		.2byte	0x122
 745 03ba 9A020000 		.4byte	0x29a
 746 03be 4C       		.byte	0x4c
 747 03bf 0C       		.uleb128 0xc
 748 03c0 723800   		.ascii	"r8\000"
 749 03c3 07       		.byte	0x7
 750 03c4 2301     		.2byte	0x123
 751 03c6 9A020000 		.4byte	0x29a
 752 03ca 50       		.byte	0x50
 753 03cb 0C       		.uleb128 0xc
 754 03cc 723900   		.ascii	"r9\000"
 755 03cf 07       		.byte	0x7
 756 03d0 2401     		.2byte	0x124
 757 03d2 9A020000 		.4byte	0x29a
 758 03d6 54       		.byte	0x54
 759 03d7 0C       		.uleb128 0xc
 760 03d8 72313000 		.ascii	"r10\000"
 761 03dc 07       		.byte	0x7
 762 03dd 2501     		.2byte	0x125
 763 03df 9A020000 		.4byte	0x29a
 764 03e3 58       		.byte	0x58
 765 03e4 0C       		.uleb128 0xc
 766 03e5 72313100 		.ascii	"r11\000"
 767 03e9 07       		.byte	0x7
 768 03ea 2601     		.2byte	0x126
 769 03ec 9A020000 		.4byte	0x29a
 770 03f0 5C       		.byte	0x5c
 771 03f1 0C       		.uleb128 0xc
 772 03f2 6C7200   		.ascii	"lr\000"
 773 03f5 07       		.byte	0x7
 774 03f6 2701     		.2byte	0x127
 775 03f8 9A020000 		.4byte	0x29a
 776 03fc 60       		.byte	0x60
 777 03fd 00       		.byte	0
 778 03fe 0B       		.uleb128 0xb
 779 03ff ED010000 		.4byte	.LASF54
 780 0403 04       		.byte	0x4
 781 0404 07       		.byte	0x7
 782 0405 3101     		.2byte	0x131
 783 0407 19040000 		.4byte	0x419
 784 040b 0C       		.uleb128 0xc
 785 040c 72313300 		.ascii	"r13\000"
 786 0410 07       		.byte	0x7
ARM GAS  /tmp/ccenMlsW.s 			page 15


 787 0411 3201     		.2byte	0x132
 788 0413 19040000 		.4byte	0x419
 789 0417 00       		.byte	0
 790 0418 00       		.byte	0
 791 0419 09       		.uleb128 0x9
 792 041a 04       		.byte	0x4
 793 041b B2020000 		.4byte	0x2b2
 794 041f 03       		.uleb128 0x3
 795 0420 04       		.byte	0x4
 796 0421 07       		.byte	0x7
 797 0422 63020000 		.4byte	.LASF55
 798 0426 04       		.uleb128 0x4
 799 0427 C9010000 		.4byte	.LASF56
 800 042b 08       		.byte	0x8
 801 042c 58       		.byte	0x58
 802 042d 31040000 		.4byte	0x431
 803 0431 09       		.uleb128 0x9
 804 0432 04       		.byte	0x4
 805 0433 37040000 		.4byte	0x437
 806 0437 0D       		.uleb128 0xd
 807 0438 42040000 		.4byte	0x442
 808 043c 0E       		.uleb128 0xe
 809 043d A5020000 		.4byte	0x2a5
 810 0441 00       		.byte	0
 811 0442 04       		.uleb128 0x4
 812 0443 E0010000 		.4byte	.LASF57
 813 0447 08       		.byte	0x8
 814 0448 5D       		.byte	0x5d
 815 0449 4D040000 		.4byte	0x44d
 816 044d 05       		.uleb128 0x5
 817 044e E0010000 		.4byte	.LASF57
 818 0452 14       		.byte	0x14
 819 0453 08       		.byte	0x8
 820 0454 64       		.byte	0x64
 821 0455 96040000 		.4byte	0x496
 822 0459 06       		.uleb128 0x6
 823 045a A6010000 		.4byte	.LASF58
 824 045e 08       		.byte	0x8
 825 045f 65       		.byte	0x65
 826 0460 96040000 		.4byte	0x496
 827 0464 00       		.byte	0
 828 0465 06       		.uleb128 0x6
 829 0466 7C010000 		.4byte	.LASF59
 830 046a 08       		.byte	0x8
 831 046b 67       		.byte	0x67
 832 046c 96040000 		.4byte	0x496
 833 0470 04       		.byte	0x4
 834 0471 06       		.uleb128 0x6
 835 0472 5B020000 		.4byte	.LASF60
 836 0476 08       		.byte	0x8
 837 0477 69       		.byte	0x69
 838 0478 29010000 		.4byte	0x129
 839 047c 08       		.byte	0x8
 840 047d 06       		.uleb128 0x6
 841 047e 81030000 		.4byte	.LASF61
 842 0482 08       		.byte	0x8
 843 0483 6A       		.byte	0x6a
ARM GAS  /tmp/ccenMlsW.s 			page 16


 844 0484 26040000 		.4byte	0x426
 845 0488 0C       		.byte	0xc
 846 0489 06       		.uleb128 0x6
 847 048a 30050000 		.4byte	.LASF62
 848 048e 08       		.byte	0x8
 849 048f 6C       		.byte	0x6c
 850 0490 A5020000 		.4byte	0x2a5
 851 0494 10       		.byte	0x10
 852 0495 00       		.byte	0
 853 0496 09       		.uleb128 0x9
 854 0497 04       		.byte	0x4
 855 0498 42040000 		.4byte	0x442
 856 049c 08       		.uleb128 0x8
 857 049d 10       		.byte	0x10
 858 049e 08       		.byte	0x8
 859 049f 76       		.byte	0x76
 860 04a0 D5040000 		.4byte	0x4d5
 861 04a4 06       		.uleb128 0x6
 862 04a5 A6010000 		.4byte	.LASF58
 863 04a9 08       		.byte	0x8
 864 04aa 77       		.byte	0x77
 865 04ab 96040000 		.4byte	0x496
 866 04af 00       		.byte	0
 867 04b0 06       		.uleb128 0x6
 868 04b1 7C010000 		.4byte	.LASF59
 869 04b5 08       		.byte	0x8
 870 04b6 79       		.byte	0x79
 871 04b7 96040000 		.4byte	0x496
 872 04bb 04       		.byte	0x4
 873 04bc 06       		.uleb128 0x6
 874 04bd 5B020000 		.4byte	.LASF60
 875 04c1 08       		.byte	0x8
 876 04c2 7B       		.byte	0x7b
 877 04c3 29010000 		.4byte	0x129
 878 04c7 08       		.byte	0x8
 879 04c8 06       		.uleb128 0x6
 880 04c9 6F050000 		.4byte	.LASF63
 881 04cd 08       		.byte	0x8
 882 04ce 7C       		.byte	0x7c
 883 04cf D5040000 		.4byte	0x4d5
 884 04d3 0C       		.byte	0xc
 885 04d4 00       		.byte	0
 886 04d5 0F       		.uleb128 0xf
 887 04d6 29010000 		.4byte	0x129
 888 04da 04       		.uleb128 0x4
 889 04db 85050000 		.4byte	.LASF64
 890 04df 08       		.byte	0x8
 891 04e0 7D       		.byte	0x7d
 892 04e1 9C040000 		.4byte	0x49c
 893 04e5 08       		.uleb128 0x8
 894 04e6 1C       		.byte	0x1c
 895 04e7 09       		.byte	0x9
 896 04e8 5E       		.byte	0x5e
 897 04e9 36050000 		.4byte	0x536
 898 04ed 06       		.uleb128 0x6
 899 04ee BE040000 		.4byte	.LASF65
 900 04f2 09       		.byte	0x9
ARM GAS  /tmp/ccenMlsW.s 			page 17


 901 04f3 5F       		.byte	0x5f
 902 04f4 6F020000 		.4byte	0x26f
 903 04f8 00       		.byte	0
 904 04f9 06       		.uleb128 0x6
 905 04fa 5E040000 		.4byte	.LASF66
 906 04fe 09       		.byte	0x9
 907 04ff 60       		.byte	0x60
 908 0500 08010000 		.4byte	0x108
 909 0504 08       		.byte	0x8
 910 0505 06       		.uleb128 0x6
 911 0506 A9030000 		.4byte	.LASF67
 912 050a 09       		.byte	0x9
 913 050b 62       		.byte	0x62
 914 050c FE030000 		.4byte	0x3fe
 915 0510 0C       		.byte	0xc
 916 0511 06       		.uleb128 0x6
 917 0512 0E020000 		.4byte	.LASF68
 918 0516 09       		.byte	0x9
 919 0517 65       		.byte	0x65
 920 0518 69020000 		.4byte	0x269
 921 051c 10       		.byte	0x10
 922 051d 06       		.uleb128 0x6
 923 051e CE030000 		.4byte	.LASF69
 924 0522 09       		.byte	0x9
 925 0523 66       		.byte	0x66
 926 0524 69020000 		.4byte	0x269
 927 0528 14       		.byte	0x14
 928 0529 06       		.uleb128 0x6
 929 052a C4030000 		.4byte	.LASF70
 930 052e 09       		.byte	0x9
 931 052f 69       		.byte	0x69
 932 0530 69020000 		.4byte	0x269
 933 0534 18       		.byte	0x18
 934 0535 00       		.byte	0
 935 0536 04       		.uleb128 0x4
 936 0537 49050000 		.4byte	.LASF71
 937 053b 09       		.byte	0x9
 938 053c 6B       		.byte	0x6b
 939 053d E5040000 		.4byte	0x4e5
 940 0541 05       		.uleb128 0x5
 941 0542 36020000 		.4byte	.LASF72
 942 0546 10       		.byte	0x10
 943 0547 0A       		.byte	0xa
 944 0548 2C       		.byte	0x2c
 945 0549 72050000 		.4byte	0x572
 946 054d 06       		.uleb128 0x6
 947 054e 10010000 		.4byte	.LASF73
 948 0552 0A       		.byte	0xa
 949 0553 2D       		.byte	0x2d
 950 0554 6F020000 		.4byte	0x26f
 951 0558 00       		.byte	0
 952 0559 06       		.uleb128 0x6
 953 055a 8C050000 		.4byte	.LASF74
 954 055e 0A       		.byte	0xa
 955 055f 2F       		.byte	0x2f
 956 0560 69020000 		.4byte	0x269
 957 0564 08       		.byte	0x8
ARM GAS  /tmp/ccenMlsW.s 			page 18


 958 0565 06       		.uleb128 0x6
 959 0566 F1040000 		.4byte	.LASF75
 960 056a 0A       		.byte	0xa
 961 056b 31       		.byte	0x31
 962 056c 72050000 		.4byte	0x572
 963 0570 0C       		.byte	0xc
 964 0571 00       		.byte	0
 965 0572 09       		.uleb128 0x9
 966 0573 04       		.byte	0x4
 967 0574 41050000 		.4byte	0x541
 968 0578 04       		.uleb128 0x4
 969 0579 36020000 		.4byte	.LASF72
 970 057d 0A       		.byte	0xa
 971 057e 33       		.byte	0x33
 972 057f 41050000 		.4byte	0x541
 973 0583 10       		.uleb128 0x10
 974 0584 04       		.byte	0x4
 975 0585 06       		.byte	0x6
 976 0586 96       		.byte	0x96
 977 0587 B8050000 		.4byte	0x5b8
 978 058b 11       		.uleb128 0x11
 979 058c 1B000000 		.4byte	.LASF76
 980 0590 06       		.byte	0x6
 981 0591 9D       		.byte	0x9d
 982 0592 13010000 		.4byte	0x113
 983 0596 11       		.uleb128 0x11
 984 0597 5F010000 		.4byte	.LASF77
 985 059b 06       		.byte	0x6
 986 059c A4       		.byte	0xa4
 987 059d 13010000 		.4byte	0x113
 988 05a1 11       		.uleb128 0x11
 989 05a2 61050000 		.4byte	.LASF78
 990 05a6 06       		.byte	0x6
 991 05a7 AB       		.byte	0xab
 992 05a8 A5020000 		.4byte	0x2a5
 993 05ac 11       		.uleb128 0x11
 994 05ad 65040000 		.4byte	.LASF79
 995 05b1 06       		.byte	0x6
 996 05b2 B2       		.byte	0xb2
 997 05b3 1E010000 		.4byte	0x11e
 998 05b7 00       		.byte	0
 999 05b8 09       		.uleb128 0x9
 1000 05b9 04       		.byte	0x4
 1001 05ba BE050000 		.4byte	0x5be
 1002 05be 12       		.uleb128 0x12
 1003 05bf C3050000 		.4byte	0x5c3
 1004 05c3 03       		.uleb128 0x3
 1005 05c4 01       		.byte	0x1
 1006 05c5 08       		.byte	0x8
 1007 05c6 C6040000 		.4byte	.LASF80
 1008 05ca 09       		.uleb128 0x9
 1009 05cb 04       		.byte	0x4
 1010 05cc A7020000 		.4byte	0x2a7
 1011 05d0 09       		.uleb128 0x9
 1012 05d1 04       		.byte	0x4
 1013 05d2 78050000 		.4byte	0x578
 1014 05d6 04       		.uleb128 0x4
ARM GAS  /tmp/ccenMlsW.s 			page 19


 1015 05d7 00000000 		.4byte	.LASF81
 1016 05db 06       		.byte	0x6
 1017 05dc E5       		.byte	0xe5
 1018 05dd E1050000 		.4byte	0x5e1
 1019 05e1 09       		.uleb128 0x9
 1020 05e2 04       		.byte	0x4
 1021 05e3 E7050000 		.4byte	0x5e7
 1022 05e7 13       		.uleb128 0x13
 1023 05e8 13010000 		.4byte	0x113
 1024 05ec F6050000 		.4byte	0x5f6
 1025 05f0 0E       		.uleb128 0xe
 1026 05f1 A5020000 		.4byte	0x2a5
 1027 05f5 00       		.byte	0
 1028 05f6 08       		.uleb128 0x8
 1029 05f7 16       		.byte	0x16
 1030 05f8 0B       		.byte	0xb
 1031 05f9 2C       		.byte	0x2c
 1032 05fa D7060000 		.4byte	0x6d7
 1033 05fe 06       		.uleb128 0x6
 1034 05ff D2010000 		.4byte	.LASF82
 1035 0603 0B       		.byte	0xb
 1036 0604 2D       		.byte	0x2d
 1037 0605 D7060000 		.4byte	0x6d7
 1038 0609 00       		.byte	0
 1039 060a 06       		.uleb128 0x6
 1040 060b 47020000 		.4byte	.LASF83
 1041 060f 0B       		.byte	0xb
 1042 0610 2E       		.byte	0x2e
 1043 0611 9E000000 		.4byte	0x9e
 1044 0615 04       		.byte	0x4
 1045 0616 06       		.uleb128 0x6
 1046 0617 BC030000 		.4byte	.LASF84
 1047 061b 0B       		.byte	0xb
 1048 061c 2F       		.byte	0x2f
 1049 061d 9E000000 		.4byte	0x9e
 1050 0621 05       		.byte	0x5
 1051 0622 06       		.uleb128 0x6
 1052 0623 7A050000 		.4byte	.LASF85
 1053 0627 0B       		.byte	0xb
 1054 0628 30       		.byte	0x30
 1055 0629 A9000000 		.4byte	0xa9
 1056 062d 06       		.byte	0x6
 1057 062e 06       		.uleb128 0x6
 1058 062f F6030000 		.4byte	.LASF86
 1059 0633 0B       		.byte	0xb
 1060 0634 31       		.byte	0x31
 1061 0635 9E000000 		.4byte	0x9e
 1062 0639 08       		.byte	0x8
 1063 063a 06       		.uleb128 0x6
 1064 063b 89030000 		.4byte	.LASF87
 1065 063f 0B       		.byte	0xb
 1066 0640 32       		.byte	0x32
 1067 0641 9E000000 		.4byte	0x9e
 1068 0645 09       		.byte	0x9
 1069 0646 06       		.uleb128 0x6
 1070 0647 35000000 		.4byte	.LASF88
 1071 064b 0B       		.byte	0xb
ARM GAS  /tmp/ccenMlsW.s 			page 20


 1072 064c 33       		.byte	0x33
 1073 064d 9E000000 		.4byte	0x9e
 1074 0651 0A       		.byte	0xa
 1075 0652 06       		.uleb128 0x6
 1076 0653 B2040000 		.4byte	.LASF89
 1077 0657 0B       		.byte	0xb
 1078 0658 34       		.byte	0x34
 1079 0659 9E000000 		.4byte	0x9e
 1080 065d 0B       		.byte	0xb
 1081 065e 06       		.uleb128 0x6
 1082 065f 37050000 		.4byte	.LASF90
 1083 0663 0B       		.byte	0xb
 1084 0664 35       		.byte	0x35
 1085 0665 9E000000 		.4byte	0x9e
 1086 0669 0C       		.byte	0xc
 1087 066a 06       		.uleb128 0x6
 1088 066b 91040000 		.4byte	.LASF91
 1089 066f 0B       		.byte	0xb
 1090 0670 36       		.byte	0x36
 1091 0671 9E000000 		.4byte	0x9e
 1092 0675 0D       		.byte	0xd
 1093 0676 06       		.uleb128 0x6
 1094 0677 08000000 		.4byte	.LASF92
 1095 067b 0B       		.byte	0xb
 1096 067c 37       		.byte	0x37
 1097 067d 9E000000 		.4byte	0x9e
 1098 0681 0E       		.byte	0xe
 1099 0682 06       		.uleb128 0x6
 1100 0683 95030000 		.4byte	.LASF93
 1101 0687 0B       		.byte	0xb
 1102 0688 38       		.byte	0x38
 1103 0689 9E000000 		.4byte	0x9e
 1104 068d 0F       		.byte	0xf
 1105 068e 06       		.uleb128 0x6
 1106 068f AD000000 		.4byte	.LASF94
 1107 0693 0B       		.byte	0xb
 1108 0694 39       		.byte	0x39
 1109 0695 9E000000 		.4byte	0x9e
 1110 0699 10       		.byte	0x10
 1111 069a 06       		.uleb128 0x6
 1112 069b 86000000 		.4byte	.LASF95
 1113 069f 0B       		.byte	0xb
 1114 06a0 3B       		.byte	0x3b
 1115 06a1 9E000000 		.4byte	0x9e
 1116 06a5 11       		.byte	0x11
 1117 06a6 06       		.uleb128 0x6
 1118 06a7 FB000000 		.4byte	.LASF96
 1119 06ab 0B       		.byte	0xb
 1120 06ac 3C       		.byte	0x3c
 1121 06ad 9E000000 		.4byte	0x9e
 1122 06b1 12       		.byte	0x12
 1123 06b2 06       		.uleb128 0x6
 1124 06b3 4F020000 		.4byte	.LASF97
 1125 06b7 0B       		.byte	0xb
 1126 06b8 3D       		.byte	0x3d
 1127 06b9 9E000000 		.4byte	0x9e
 1128 06bd 13       		.byte	0x13
ARM GAS  /tmp/ccenMlsW.s 			page 21


 1129 06be 06       		.uleb128 0x6
 1130 06bf 73040000 		.4byte	.LASF98
 1131 06c3 0B       		.byte	0xb
 1132 06c4 3E       		.byte	0x3e
 1133 06c5 9E000000 		.4byte	0x9e
 1134 06c9 14       		.byte	0x14
 1135 06ca 06       		.uleb128 0x6
 1136 06cb 52040000 		.4byte	.LASF99
 1137 06cf 0B       		.byte	0xb
 1138 06d0 40       		.byte	0x40
 1139 06d1 9E000000 		.4byte	0x9e
 1140 06d5 15       		.byte	0x15
 1141 06d6 00       		.byte	0
 1142 06d7 14       		.uleb128 0x14
 1143 06d8 C3050000 		.4byte	0x5c3
 1144 06dc E7060000 		.4byte	0x6e7
 1145 06e0 15       		.uleb128 0x15
 1146 06e1 1F040000 		.4byte	0x41f
 1147 06e5 03       		.byte	0x3
 1148 06e6 00       		.byte	0
 1149 06e7 04       		.uleb128 0x4
 1150 06e8 3D010000 		.4byte	.LASF100
 1151 06ec 0B       		.byte	0xb
 1152 06ed 41       		.byte	0x41
 1153 06ee F6050000 		.4byte	0x5f6
 1154 06f2 16       		.uleb128 0x16
 1155 06f3 D6030000 		.4byte	.LASF101
 1156 06f7 01       		.byte	0x1
 1157 06f8 3D       		.byte	0x3d
 1158 06f9 00000000 		.4byte	.LFB0
 1159 06fd 18000000 		.4byte	.LFE0-.LFB0
 1160 0701 01       		.uleb128 0x1
 1161 0702 9C       		.byte	0x9c
 1162 0703 14070000 		.4byte	0x714
 1163 0707 17       		.uleb128 0x17
 1164 0708 7000     		.ascii	"p\000"
 1165 070a 01       		.byte	0x1
 1166 070b 3D       		.byte	0x3d
 1167 070c A5020000 		.4byte	0x2a5
 1168 0710 02       		.uleb128 0x2
 1169 0711 91       		.byte	0x91
 1170 0712 7C       		.sleb128 -4
 1171 0713 00       		.byte	0
 1172 0714 18       		.uleb128 0x18
 1173 0715 84010000 		.4byte	.LASF102
 1174 0719 01       		.byte	0x1
 1175 071a 54       		.byte	0x54
 1176 071b 00000000 		.4byte	.LFB1
 1177 071f 7C000000 		.4byte	.LFE1-.LFB1
 1178 0723 01       		.uleb128 0x1
 1179 0724 9C       		.byte	0x9c
 1180 0725 5D070000 		.4byte	0x75d
 1181 0729 19       		.uleb128 0x19
 1182 072a 74000000 		.4byte	.LASF103
 1183 072e 01       		.byte	0x1
 1184 072f 55       		.byte	0x55
 1185 0730 34010000 		.4byte	0x134
ARM GAS  /tmp/ccenMlsW.s 			page 22


 1186 0734 05       		.uleb128 0x5
 1187 0735 03       		.byte	0x3
 1188 0736 00000000 		.4byte	mainthread.4855
 1189 073a 1A       		.uleb128 0x1a
 1190 073b D6040000 		.4byte	.LASF105
 1191 073f 01       		.byte	0x1
 1192 0740 57       		.byte	0x57
 1193 0741 A7020000 		.4byte	0x2a7
 1194 0745 1B       		.uleb128 0x1b
 1195 0746 3C000000 		.4byte	.LBB2
 1196 074a 08000000 		.4byte	.LBE2-.LBB2
 1197 074e 1C       		.uleb128 0x1c
 1198 074f 746D7000 		.ascii	"tmp\000"
 1199 0753 01       		.byte	0x1
 1200 0754 6F       		.byte	0x6f
 1201 0755 BF000000 		.4byte	0xbf
 1202 0759 01       		.uleb128 0x1
 1203 075a 53       		.byte	0x53
 1204 075b 00       		.byte	0
 1205 075c 00       		.byte	0
 1206 075d 18       		.uleb128 0x18
 1207 075e 4A000000 		.4byte	.LASF104
 1208 0762 01       		.byte	0x1
 1209 0763 89       		.byte	0x89
 1210 0764 00000000 		.4byte	.LFB2
 1211 0768 94000000 		.4byte	.LFE2-.LFB2
 1212 076c 01       		.uleb128 0x1
 1213 076d 9C       		.byte	0x9c
 1214 076e A2070000 		.4byte	0x7a2
 1215 0772 1B       		.uleb128 0x1b
 1216 0773 3E000000 		.4byte	.LBB3
 1217 0777 48000000 		.4byte	.LBE3-.LBB3
 1218 077b 1C       		.uleb128 0x1c
 1219 077c 76747000 		.ascii	"vtp\000"
 1220 0780 01       		.byte	0x1
 1221 0781 96       		.byte	0x96
 1222 0782 96040000 		.4byte	0x496
 1223 0786 02       		.uleb128 0x2
 1224 0787 91       		.byte	0x91
 1225 0788 74       		.sleb128 -12
 1226 0789 1B       		.uleb128 0x1b
 1227 078a 4A000000 		.4byte	.LBB4
 1228 078e 2E000000 		.4byte	.LBE4-.LBB4
 1229 0792 1C       		.uleb128 0x1c
 1230 0793 666E00   		.ascii	"fn\000"
 1231 0796 01       		.byte	0x1
 1232 0797 96       		.byte	0x96
 1233 0798 26040000 		.4byte	0x426
 1234 079c 02       		.uleb128 0x2
 1235 079d 91       		.byte	0x91
 1236 079e 70       		.sleb128 -16
 1237 079f 00       		.byte	0
 1238 07a0 00       		.byte	0
 1239 07a1 00       		.byte	0
 1240 07a2 1A       		.uleb128 0x1a
 1241 07a3 43000000 		.4byte	.LASF106
 1242 07a7 08       		.byte	0x8
ARM GAS  /tmp/ccenMlsW.s 			page 23


 1243 07a8 F5       		.byte	0xf5
 1244 07a9 DA040000 		.4byte	0x4da
 1245 07ad 1A       		.uleb128 0x1a
 1246 07ae 53050000 		.4byte	.LASF107
 1247 07b2 09       		.byte	0x9
 1248 07b3 6F       		.byte	0x6f
 1249 07b4 36050000 		.4byte	0x536
 1250 07b8 1A       		.uleb128 0x1a
 1251 07b9 C0010000 		.4byte	.LASF108
 1252 07bd 0B       		.byte	0xb
 1253 07be 7E       		.byte	0x7e
 1254 07bf C3070000 		.4byte	0x7c3
 1255 07c3 12       		.uleb128 0x12
 1256 07c4 E7060000 		.4byte	0x6e7
 1257 07c8 14       		.uleb128 0x14
 1258 07c9 A7020000 		.4byte	0x2a7
 1259 07cd D8070000 		.4byte	0x7d8
 1260 07d1 15       		.uleb128 0x15
 1261 07d2 1F040000 		.4byte	0x41f
 1262 07d6 2C       		.byte	0x2c
 1263 07d7 00       		.byte	0
 1264 07d8 1D       		.uleb128 0x1d
 1265 07d9 4F010000 		.4byte	.LASF109
 1266 07dd 01       		.byte	0x1
 1267 07de 31       		.byte	0x31
 1268 07df C8070000 		.4byte	0x7c8
 1269 07e3 05       		.uleb128 0x5
 1270 07e4 03       		.byte	0x3
 1271 07e5 00000000 		.4byte	_idle_thread_wa
 1272 07e9 1A       		.uleb128 0x1a
 1273 07ea D6040000 		.4byte	.LASF105
 1274 07ee 01       		.byte	0x1
 1275 07ef 57       		.byte	0x57
 1276 07f0 A7020000 		.4byte	0x2a7
 1277 07f4 00       		.byte	0
 1278              		.section	.debug_abbrev,"",%progbits
 1279              	.Ldebug_abbrev0:
 1280 0000 01       		.uleb128 0x1
 1281 0001 11       		.uleb128 0x11
 1282 0002 01       		.byte	0x1
 1283 0003 25       		.uleb128 0x25
 1284 0004 0E       		.uleb128 0xe
 1285 0005 13       		.uleb128 0x13
 1286 0006 0B       		.uleb128 0xb
 1287 0007 03       		.uleb128 0x3
 1288 0008 0E       		.uleb128 0xe
 1289 0009 55       		.uleb128 0x55
 1290 000a 17       		.uleb128 0x17
 1291 000b 11       		.uleb128 0x11
 1292 000c 01       		.uleb128 0x1
 1293 000d 10       		.uleb128 0x10
 1294 000e 17       		.uleb128 0x17
 1295 000f 00       		.byte	0
 1296 0010 00       		.byte	0
 1297 0011 02       		.uleb128 0x2
 1298 0012 24       		.uleb128 0x24
 1299 0013 00       		.byte	0
ARM GAS  /tmp/ccenMlsW.s 			page 24


 1300 0014 0B       		.uleb128 0xb
 1301 0015 0B       		.uleb128 0xb
 1302 0016 3E       		.uleb128 0x3e
 1303 0017 0B       		.uleb128 0xb
 1304 0018 03       		.uleb128 0x3
 1305 0019 08       		.uleb128 0x8
 1306 001a 00       		.byte	0
 1307 001b 00       		.byte	0
 1308 001c 03       		.uleb128 0x3
 1309 001d 24       		.uleb128 0x24
 1310 001e 00       		.byte	0
 1311 001f 0B       		.uleb128 0xb
 1312 0020 0B       		.uleb128 0xb
 1313 0021 3E       		.uleb128 0x3e
 1314 0022 0B       		.uleb128 0xb
 1315 0023 03       		.uleb128 0x3
 1316 0024 0E       		.uleb128 0xe
 1317 0025 00       		.byte	0
 1318 0026 00       		.byte	0
 1319 0027 04       		.uleb128 0x4
 1320 0028 16       		.uleb128 0x16
 1321 0029 00       		.byte	0
 1322 002a 03       		.uleb128 0x3
 1323 002b 0E       		.uleb128 0xe
 1324 002c 3A       		.uleb128 0x3a
 1325 002d 0B       		.uleb128 0xb
 1326 002e 3B       		.uleb128 0x3b
 1327 002f 0B       		.uleb128 0xb
 1328 0030 49       		.uleb128 0x49
 1329 0031 13       		.uleb128 0x13
 1330 0032 00       		.byte	0
 1331 0033 00       		.byte	0
 1332 0034 05       		.uleb128 0x5
 1333 0035 13       		.uleb128 0x13
 1334 0036 01       		.byte	0x1
 1335 0037 03       		.uleb128 0x3
 1336 0038 0E       		.uleb128 0xe
 1337 0039 0B       		.uleb128 0xb
 1338 003a 0B       		.uleb128 0xb
 1339 003b 3A       		.uleb128 0x3a
 1340 003c 0B       		.uleb128 0xb
 1341 003d 3B       		.uleb128 0x3b
 1342 003e 0B       		.uleb128 0xb
 1343 003f 01       		.uleb128 0x1
 1344 0040 13       		.uleb128 0x13
 1345 0041 00       		.byte	0
 1346 0042 00       		.byte	0
 1347 0043 06       		.uleb128 0x6
 1348 0044 0D       		.uleb128 0xd
 1349 0045 00       		.byte	0
 1350 0046 03       		.uleb128 0x3
 1351 0047 0E       		.uleb128 0xe
 1352 0048 3A       		.uleb128 0x3a
 1353 0049 0B       		.uleb128 0xb
 1354 004a 3B       		.uleb128 0x3b
 1355 004b 0B       		.uleb128 0xb
 1356 004c 49       		.uleb128 0x49
ARM GAS  /tmp/ccenMlsW.s 			page 25


 1357 004d 13       		.uleb128 0x13
 1358 004e 38       		.uleb128 0x38
 1359 004f 0B       		.uleb128 0xb
 1360 0050 00       		.byte	0
 1361 0051 00       		.byte	0
 1362 0052 07       		.uleb128 0x7
 1363 0053 0D       		.uleb128 0xd
 1364 0054 00       		.byte	0
 1365 0055 03       		.uleb128 0x3
 1366 0056 08       		.uleb128 0x8
 1367 0057 3A       		.uleb128 0x3a
 1368 0058 0B       		.uleb128 0xb
 1369 0059 3B       		.uleb128 0x3b
 1370 005a 0B       		.uleb128 0xb
 1371 005b 49       		.uleb128 0x49
 1372 005c 13       		.uleb128 0x13
 1373 005d 38       		.uleb128 0x38
 1374 005e 0B       		.uleb128 0xb
 1375 005f 00       		.byte	0
 1376 0060 00       		.byte	0
 1377 0061 08       		.uleb128 0x8
 1378 0062 13       		.uleb128 0x13
 1379 0063 01       		.byte	0x1
 1380 0064 0B       		.uleb128 0xb
 1381 0065 0B       		.uleb128 0xb
 1382 0066 3A       		.uleb128 0x3a
 1383 0067 0B       		.uleb128 0xb
 1384 0068 3B       		.uleb128 0x3b
 1385 0069 0B       		.uleb128 0xb
 1386 006a 01       		.uleb128 0x1
 1387 006b 13       		.uleb128 0x13
 1388 006c 00       		.byte	0
 1389 006d 00       		.byte	0
 1390 006e 09       		.uleb128 0x9
 1391 006f 0F       		.uleb128 0xf
 1392 0070 00       		.byte	0
 1393 0071 0B       		.uleb128 0xb
 1394 0072 0B       		.uleb128 0xb
 1395 0073 49       		.uleb128 0x49
 1396 0074 13       		.uleb128 0x13
 1397 0075 00       		.byte	0
 1398 0076 00       		.byte	0
 1399 0077 0A       		.uleb128 0xa
 1400 0078 0F       		.uleb128 0xf
 1401 0079 00       		.byte	0
 1402 007a 0B       		.uleb128 0xb
 1403 007b 0B       		.uleb128 0xb
 1404 007c 00       		.byte	0
 1405 007d 00       		.byte	0
 1406 007e 0B       		.uleb128 0xb
 1407 007f 13       		.uleb128 0x13
 1408 0080 01       		.byte	0x1
 1409 0081 03       		.uleb128 0x3
 1410 0082 0E       		.uleb128 0xe
 1411 0083 0B       		.uleb128 0xb
 1412 0084 0B       		.uleb128 0xb
 1413 0085 3A       		.uleb128 0x3a
ARM GAS  /tmp/ccenMlsW.s 			page 26


 1414 0086 0B       		.uleb128 0xb
 1415 0087 3B       		.uleb128 0x3b
 1416 0088 05       		.uleb128 0x5
 1417 0089 01       		.uleb128 0x1
 1418 008a 13       		.uleb128 0x13
 1419 008b 00       		.byte	0
 1420 008c 00       		.byte	0
 1421 008d 0C       		.uleb128 0xc
 1422 008e 0D       		.uleb128 0xd
 1423 008f 00       		.byte	0
 1424 0090 03       		.uleb128 0x3
 1425 0091 08       		.uleb128 0x8
 1426 0092 3A       		.uleb128 0x3a
 1427 0093 0B       		.uleb128 0xb
 1428 0094 3B       		.uleb128 0x3b
 1429 0095 05       		.uleb128 0x5
 1430 0096 49       		.uleb128 0x49
 1431 0097 13       		.uleb128 0x13
 1432 0098 38       		.uleb128 0x38
 1433 0099 0B       		.uleb128 0xb
 1434 009a 00       		.byte	0
 1435 009b 00       		.byte	0
 1436 009c 0D       		.uleb128 0xd
 1437 009d 15       		.uleb128 0x15
 1438 009e 01       		.byte	0x1
 1439 009f 27       		.uleb128 0x27
 1440 00a0 19       		.uleb128 0x19
 1441 00a1 01       		.uleb128 0x1
 1442 00a2 13       		.uleb128 0x13
 1443 00a3 00       		.byte	0
 1444 00a4 00       		.byte	0
 1445 00a5 0E       		.uleb128 0xe
 1446 00a6 05       		.uleb128 0x5
 1447 00a7 00       		.byte	0
 1448 00a8 49       		.uleb128 0x49
 1449 00a9 13       		.uleb128 0x13
 1450 00aa 00       		.byte	0
 1451 00ab 00       		.byte	0
 1452 00ac 0F       		.uleb128 0xf
 1453 00ad 35       		.uleb128 0x35
 1454 00ae 00       		.byte	0
 1455 00af 49       		.uleb128 0x49
 1456 00b0 13       		.uleb128 0x13
 1457 00b1 00       		.byte	0
 1458 00b2 00       		.byte	0
 1459 00b3 10       		.uleb128 0x10
 1460 00b4 17       		.uleb128 0x17
 1461 00b5 01       		.byte	0x1
 1462 00b6 0B       		.uleb128 0xb
 1463 00b7 0B       		.uleb128 0xb
 1464 00b8 3A       		.uleb128 0x3a
 1465 00b9 0B       		.uleb128 0xb
 1466 00ba 3B       		.uleb128 0x3b
 1467 00bb 0B       		.uleb128 0xb
 1468 00bc 01       		.uleb128 0x1
 1469 00bd 13       		.uleb128 0x13
 1470 00be 00       		.byte	0
ARM GAS  /tmp/ccenMlsW.s 			page 27


 1471 00bf 00       		.byte	0
 1472 00c0 11       		.uleb128 0x11
 1473 00c1 0D       		.uleb128 0xd
 1474 00c2 00       		.byte	0
 1475 00c3 03       		.uleb128 0x3
 1476 00c4 0E       		.uleb128 0xe
 1477 00c5 3A       		.uleb128 0x3a
 1478 00c6 0B       		.uleb128 0xb
 1479 00c7 3B       		.uleb128 0x3b
 1480 00c8 0B       		.uleb128 0xb
 1481 00c9 49       		.uleb128 0x49
 1482 00ca 13       		.uleb128 0x13
 1483 00cb 00       		.byte	0
 1484 00cc 00       		.byte	0
 1485 00cd 12       		.uleb128 0x12
 1486 00ce 26       		.uleb128 0x26
 1487 00cf 00       		.byte	0
 1488 00d0 49       		.uleb128 0x49
 1489 00d1 13       		.uleb128 0x13
 1490 00d2 00       		.byte	0
 1491 00d3 00       		.byte	0
 1492 00d4 13       		.uleb128 0x13
 1493 00d5 15       		.uleb128 0x15
 1494 00d6 01       		.byte	0x1
 1495 00d7 27       		.uleb128 0x27
 1496 00d8 19       		.uleb128 0x19
 1497 00d9 49       		.uleb128 0x49
 1498 00da 13       		.uleb128 0x13
 1499 00db 01       		.uleb128 0x1
 1500 00dc 13       		.uleb128 0x13
 1501 00dd 00       		.byte	0
 1502 00de 00       		.byte	0
 1503 00df 14       		.uleb128 0x14
 1504 00e0 01       		.uleb128 0x1
 1505 00e1 01       		.byte	0x1
 1506 00e2 49       		.uleb128 0x49
 1507 00e3 13       		.uleb128 0x13
 1508 00e4 01       		.uleb128 0x1
 1509 00e5 13       		.uleb128 0x13
 1510 00e6 00       		.byte	0
 1511 00e7 00       		.byte	0
 1512 00e8 15       		.uleb128 0x15
 1513 00e9 21       		.uleb128 0x21
 1514 00ea 00       		.byte	0
 1515 00eb 49       		.uleb128 0x49
 1516 00ec 13       		.uleb128 0x13
 1517 00ed 2F       		.uleb128 0x2f
 1518 00ee 0B       		.uleb128 0xb
 1519 00ef 00       		.byte	0
 1520 00f0 00       		.byte	0
 1521 00f1 16       		.uleb128 0x16
 1522 00f2 2E       		.uleb128 0x2e
 1523 00f3 01       		.byte	0x1
 1524 00f4 3F       		.uleb128 0x3f
 1525 00f5 19       		.uleb128 0x19
 1526 00f6 03       		.uleb128 0x3
 1527 00f7 0E       		.uleb128 0xe
ARM GAS  /tmp/ccenMlsW.s 			page 28


 1528 00f8 3A       		.uleb128 0x3a
 1529 00f9 0B       		.uleb128 0xb
 1530 00fa 3B       		.uleb128 0x3b
 1531 00fb 0B       		.uleb128 0xb
 1532 00fc 27       		.uleb128 0x27
 1533 00fd 19       		.uleb128 0x19
 1534 00fe 11       		.uleb128 0x11
 1535 00ff 01       		.uleb128 0x1
 1536 0100 12       		.uleb128 0x12
 1537 0101 06       		.uleb128 0x6
 1538 0102 40       		.uleb128 0x40
 1539 0103 18       		.uleb128 0x18
 1540 0104 9742     		.uleb128 0x2117
 1541 0106 19       		.uleb128 0x19
 1542 0107 01       		.uleb128 0x1
 1543 0108 13       		.uleb128 0x13
 1544 0109 00       		.byte	0
 1545 010a 00       		.byte	0
 1546 010b 17       		.uleb128 0x17
 1547 010c 05       		.uleb128 0x5
 1548 010d 00       		.byte	0
 1549 010e 03       		.uleb128 0x3
 1550 010f 08       		.uleb128 0x8
 1551 0110 3A       		.uleb128 0x3a
 1552 0111 0B       		.uleb128 0xb
 1553 0112 3B       		.uleb128 0x3b
 1554 0113 0B       		.uleb128 0xb
 1555 0114 49       		.uleb128 0x49
 1556 0115 13       		.uleb128 0x13
 1557 0116 02       		.uleb128 0x2
 1558 0117 18       		.uleb128 0x18
 1559 0118 00       		.byte	0
 1560 0119 00       		.byte	0
 1561 011a 18       		.uleb128 0x18
 1562 011b 2E       		.uleb128 0x2e
 1563 011c 01       		.byte	0x1
 1564 011d 3F       		.uleb128 0x3f
 1565 011e 19       		.uleb128 0x19
 1566 011f 03       		.uleb128 0x3
 1567 0120 0E       		.uleb128 0xe
 1568 0121 3A       		.uleb128 0x3a
 1569 0122 0B       		.uleb128 0xb
 1570 0123 3B       		.uleb128 0x3b
 1571 0124 0B       		.uleb128 0xb
 1572 0125 27       		.uleb128 0x27
 1573 0126 19       		.uleb128 0x19
 1574 0127 11       		.uleb128 0x11
 1575 0128 01       		.uleb128 0x1
 1576 0129 12       		.uleb128 0x12
 1577 012a 06       		.uleb128 0x6
 1578 012b 40       		.uleb128 0x40
 1579 012c 18       		.uleb128 0x18
 1580 012d 9642     		.uleb128 0x2116
 1581 012f 19       		.uleb128 0x19
 1582 0130 01       		.uleb128 0x1
 1583 0131 13       		.uleb128 0x13
 1584 0132 00       		.byte	0
ARM GAS  /tmp/ccenMlsW.s 			page 29


 1585 0133 00       		.byte	0
 1586 0134 19       		.uleb128 0x19
 1587 0135 34       		.uleb128 0x34
 1588 0136 00       		.byte	0
 1589 0137 03       		.uleb128 0x3
 1590 0138 0E       		.uleb128 0xe
 1591 0139 3A       		.uleb128 0x3a
 1592 013a 0B       		.uleb128 0xb
 1593 013b 3B       		.uleb128 0x3b
 1594 013c 0B       		.uleb128 0xb
 1595 013d 49       		.uleb128 0x49
 1596 013e 13       		.uleb128 0x13
 1597 013f 02       		.uleb128 0x2
 1598 0140 18       		.uleb128 0x18
 1599 0141 00       		.byte	0
 1600 0142 00       		.byte	0
 1601 0143 1A       		.uleb128 0x1a
 1602 0144 34       		.uleb128 0x34
 1603 0145 00       		.byte	0
 1604 0146 03       		.uleb128 0x3
 1605 0147 0E       		.uleb128 0xe
 1606 0148 3A       		.uleb128 0x3a
 1607 0149 0B       		.uleb128 0xb
 1608 014a 3B       		.uleb128 0x3b
 1609 014b 0B       		.uleb128 0xb
 1610 014c 49       		.uleb128 0x49
 1611 014d 13       		.uleb128 0x13
 1612 014e 3F       		.uleb128 0x3f
 1613 014f 19       		.uleb128 0x19
 1614 0150 3C       		.uleb128 0x3c
 1615 0151 19       		.uleb128 0x19
 1616 0152 00       		.byte	0
 1617 0153 00       		.byte	0
 1618 0154 1B       		.uleb128 0x1b
 1619 0155 0B       		.uleb128 0xb
 1620 0156 01       		.byte	0x1
 1621 0157 11       		.uleb128 0x11
 1622 0158 01       		.uleb128 0x1
 1623 0159 12       		.uleb128 0x12
 1624 015a 06       		.uleb128 0x6
 1625 015b 00       		.byte	0
 1626 015c 00       		.byte	0
 1627 015d 1C       		.uleb128 0x1c
 1628 015e 34       		.uleb128 0x34
 1629 015f 00       		.byte	0
 1630 0160 03       		.uleb128 0x3
 1631 0161 08       		.uleb128 0x8
 1632 0162 3A       		.uleb128 0x3a
 1633 0163 0B       		.uleb128 0xb
 1634 0164 3B       		.uleb128 0x3b
 1635 0165 0B       		.uleb128 0xb
 1636 0166 49       		.uleb128 0x49
 1637 0167 13       		.uleb128 0x13
 1638 0168 02       		.uleb128 0x2
 1639 0169 18       		.uleb128 0x18
 1640 016a 00       		.byte	0
 1641 016b 00       		.byte	0
ARM GAS  /tmp/ccenMlsW.s 			page 30


 1642 016c 1D       		.uleb128 0x1d
 1643 016d 34       		.uleb128 0x34
 1644 016e 00       		.byte	0
 1645 016f 03       		.uleb128 0x3
 1646 0170 0E       		.uleb128 0xe
 1647 0171 3A       		.uleb128 0x3a
 1648 0172 0B       		.uleb128 0xb
 1649 0173 3B       		.uleb128 0x3b
 1650 0174 0B       		.uleb128 0xb
 1651 0175 49       		.uleb128 0x49
 1652 0176 13       		.uleb128 0x13
 1653 0177 3F       		.uleb128 0x3f
 1654 0178 19       		.uleb128 0x19
 1655 0179 02       		.uleb128 0x2
 1656 017a 18       		.uleb128 0x18
 1657 017b 00       		.byte	0
 1658 017c 00       		.byte	0
 1659 017d 00       		.byte	0
 1660              		.section	.debug_aranges,"",%progbits
 1661 0000 2C000000 		.4byte	0x2c
 1662 0004 0200     		.2byte	0x2
 1663 0006 00000000 		.4byte	.Ldebug_info0
 1664 000a 04       		.byte	0x4
 1665 000b 00       		.byte	0
 1666 000c 0000     		.2byte	0
 1667 000e 0000     		.2byte	0
 1668 0010 00000000 		.4byte	.LFB0
 1669 0014 18000000 		.4byte	.LFE0-.LFB0
 1670 0018 00000000 		.4byte	.LFB1
 1671 001c 7C000000 		.4byte	.LFE1-.LFB1
 1672 0020 00000000 		.4byte	.LFB2
 1673 0024 94000000 		.4byte	.LFE2-.LFB2
 1674 0028 00000000 		.4byte	0
 1675 002c 00000000 		.4byte	0
 1676              		.section	.debug_ranges,"",%progbits
 1677              	.Ldebug_ranges0:
 1678 0000 00000000 		.4byte	.LFB0
 1679 0004 18000000 		.4byte	.LFE0
 1680 0008 00000000 		.4byte	.LFB1
 1681 000c 7C000000 		.4byte	.LFE1
 1682 0010 00000000 		.4byte	.LFB2
 1683 0014 94000000 		.4byte	.LFE2
 1684 0018 00000000 		.4byte	0
 1685 001c 00000000 		.4byte	0
 1686              		.section	.debug_line,"",%progbits
 1687              	.Ldebug_line0:
 1688 0000 15020000 		.section	.debug_str,"MS",%progbits,1
 1688      0200B601 
 1688      00000201 
 1688      FB0E0D00 
 1688      01010101 
 1689              	.LASF81:
 1690 0000 7466756E 		.ascii	"tfunc_t\000"
 1690      635F7400 
 1691              	.LASF92:
 1692 0008 63665F6F 		.ascii	"cf_off_older\000"
 1692      66665F6F 
ARM GAS  /tmp/ccenMlsW.s 			page 31


 1692      6C646572 
 1692      00
 1693              	.LASF44:
 1694 0015 705F6D73 		.ascii	"p_msg\000"
 1694      6700
 1695              	.LASF76:
 1696 001b 7264796D 		.ascii	"rdymsg\000"
 1696      736700
 1697              	.LASF18:
 1698 0022 75696E74 		.ascii	"uint64_t\000"
 1698      36345F74 
 1698      00
 1699              	.LASF4:
 1700 002b 5F5F7569 		.ascii	"__uint8_t\000"
 1700      6E74385F 
 1700      7400
 1701              	.LASF88:
 1702 0035 63685F74 		.ascii	"ch_threadsize\000"
 1702      68726561 
 1702      6473697A 
 1702      6500
 1703              	.LASF106:
 1704 0043 76746C69 		.ascii	"vtlist\000"
 1704      737400
 1705              	.LASF104:
 1706 004a 63685379 		.ascii	"chSysTimerHandlerI\000"
 1706      7354696D 
 1706      65724861 
 1706      6E646C65 
 1706      724900
 1707              	.LASF13:
 1708 005d 6C6F6E67 		.ascii	"long long unsigned int\000"
 1708      206C6F6E 
 1708      6720756E 
 1708      7369676E 
 1708      65642069 
 1709              	.LASF103:
 1710 0074 6D61696E 		.ascii	"mainthread\000"
 1710      74687265 
 1710      616400
 1711              	.LASF31:
 1712 007f 705F7072 		.ascii	"p_prio\000"
 1712      696F00
 1713              	.LASF95:
 1714 0086 63665F6F 		.ascii	"cf_off_state\000"
 1714      66665F73 
 1714      74617465 
 1714      00
 1715              	.LASF11:
 1716 0093 6C6F6E67 		.ascii	"long long int\000"
 1716      206C6F6E 
 1716      6720696E 
 1716      7400
 1717              	.LASF1:
 1718 00a1 7369676E 		.ascii	"signed char\000"
 1718      65642063 
 1718      68617200 
ARM GAS  /tmp/ccenMlsW.s 			page 32


 1719              	.LASF94:
 1720 00ad 63665F6F 		.ascii	"cf_off_stklimit\000"
 1720      66665F73 
 1720      746B6C69 
 1720      6D697400 
 1721              	.LASF111:
 1722 00bd 2F686F6D 		.ascii	"/home/makkmarci/workspace/ChibiOS_2.6.8/os/kernel/s"
 1722      652F6D61 
 1722      6B6B6D61 
 1722      7263692F 
 1722      776F726B 
 1723 00f0 72632F63 		.ascii	"rc/chsys.c\000"
 1723      68737973 
 1723      2E6300
 1724              	.LASF96:
 1725 00fb 63665F6F 		.ascii	"cf_off_flags\000"
 1725      66665F66 
 1725      6C616773 
 1725      00
 1726              	.LASF48:
 1727 0108 705F6D70 		.ascii	"p_mpool\000"
 1727      6F6F6C00 
 1728              	.LASF73:
 1729 0110 6D5F7175 		.ascii	"m_queue\000"
 1729      65756500 
 1730              	.LASF23:
 1731 0118 74736C69 		.ascii	"tslices_t\000"
 1731      6365735F 
 1731      7400
 1732              	.LASF8:
 1733 0122 6C6F6E67 		.ascii	"long int\000"
 1733      20696E74 
 1733      00
 1734              	.LASF21:
 1735 012b 74737461 		.ascii	"tstate_t\000"
 1735      74655F74 
 1735      00
 1736              	.LASF15:
 1737 0134 75696E74 		.ascii	"uint16_t\000"
 1737      31365F74 
 1737      00
 1738              	.LASF100:
 1739 013d 63686465 		.ascii	"chdebug_t\000"
 1739      6275675F 
 1739      7400
 1740              	.LASF33:
 1741 0147 705F6E65 		.ascii	"p_newer\000"
 1741      77657200 
 1742              	.LASF109:
 1743 014f 5F69646C 		.ascii	"_idle_thread_wa\000"
 1743      655F7468 
 1743      72656164 
 1743      5F776100 
 1744              	.LASF77:
 1745 015f 65786974 		.ascii	"exitcode\000"
 1745      636F6465 
 1745      00
ARM GAS  /tmp/ccenMlsW.s 			page 33


 1746              	.LASF9:
 1747 0168 5F5F7569 		.ascii	"__uint32_t\000"
 1747      6E743332 
 1747      5F7400
 1748              	.LASF51:
 1749 0173 72656761 		.ascii	"regarm_t\000"
 1749      726D5F74 
 1749      00
 1750              	.LASF59:
 1751 017c 76745F70 		.ascii	"vt_prev\000"
 1751      72657600 
 1752              	.LASF102:
 1753 0184 63685379 		.ascii	"chSysInit\000"
 1753      73496E69 
 1753      7400
 1754              	.LASF36:
 1755 018e 705F7374 		.ascii	"p_stklimit\000"
 1755      6B6C696D 
 1755      697400
 1756              	.LASF0:
 1757 0199 756E7369 		.ascii	"unsigned int\000"
 1757      676E6564 
 1757      20696E74 
 1757      00
 1758              	.LASF58:
 1759 01a6 76745F6E 		.ascii	"vt_next\000"
 1759      65787400 
 1760              	.LASF10:
 1761 01ae 6C6F6E67 		.ascii	"long unsigned int\000"
 1761      20756E73 
 1761      69676E65 
 1761      6420696E 
 1761      7400
 1762              	.LASF108:
 1763 01c0 63685F64 		.ascii	"ch_debug\000"
 1763      65627567 
 1763      00
 1764              	.LASF56:
 1765 01c9 76746675 		.ascii	"vtfunc_t\000"
 1765      6E635F74 
 1765      00
 1766              	.LASF82:
 1767 01d2 63685F69 		.ascii	"ch_identifier\000"
 1767      64656E74 
 1767      69666965 
 1767      7200
 1768              	.LASF57:
 1769 01e0 56697274 		.ascii	"VirtualTimer\000"
 1769      75616C54 
 1769      696D6572 
 1769      00
 1770              	.LASF54:
 1771 01ed 636F6E74 		.ascii	"context\000"
 1771      65787400 
 1772              	.LASF6:
 1773 01f5 73686F72 		.ascii	"short unsigned int\000"
 1773      7420756E 
ARM GAS  /tmp/ccenMlsW.s 			page 34


 1773      7369676E 
 1773      65642069 
 1773      6E7400
 1774              	.LASF25:
 1775 0208 6D73675F 		.ascii	"msg_t\000"
 1775      7400
 1776              	.LASF68:
 1777 020e 725F6E65 		.ascii	"r_newer\000"
 1777      77657200 
 1778              	.LASF20:
 1779 0216 746D6F64 		.ascii	"tmode_t\000"
 1779      655F7400 
 1780              	.LASF50:
 1781 021e 54687265 		.ascii	"ThreadsList\000"
 1781      6164734C 
 1781      69737400 
 1782              	.LASF26:
 1783 022a 6576656E 		.ascii	"eventmask_t\000"
 1783      746D6173 
 1783      6B5F7400 
 1784              	.LASF72:
 1785 0236 4D757465 		.ascii	"Mutex\000"
 1785      7800
 1786              	.LASF52:
 1787 023c 73746B61 		.ascii	"stkalign_t\000"
 1787      6C69676E 
 1787      5F7400
 1788              	.LASF83:
 1789 0247 63685F7A 		.ascii	"ch_zero\000"
 1789      65726F00 
 1790              	.LASF97:
 1791 024f 63665F6F 		.ascii	"cf_off_refs\000"
 1791      66665F72 
 1791      65667300 
 1792              	.LASF60:
 1793 025b 76745F74 		.ascii	"vt_time\000"
 1793      696D6500 
 1794              	.LASF55:
 1795 0263 73697A65 		.ascii	"sizetype\000"
 1795      74797065 
 1795      00
 1796              	.LASF110:
 1797 026c 474E5520 		.ascii	"GNU C 4.9.3 20150303 (release) [ARM/embedded-4_9-br"
 1797      4320342E 
 1797      392E3320 
 1797      32303135 
 1797      30333033 
 1798 029f 616E6368 		.ascii	"anch revision 221220] -mcpu=cortex-m4 -mfloat-abi=h"
 1798      20726576 
 1798      6973696F 
 1798      6E203232 
 1798      31323230 
 1799 02d2 61726420 		.ascii	"ard -mfpu=fpv4-sp-d16 -mno-thumb-interwork -mthumb "
 1799      2D6D6670 
 1799      753D6670 
 1799      76342D73 
 1799      702D6431 
ARM GAS  /tmp/ccenMlsW.s 			page 35


 1800 0305 2D676764 		.ascii	"-ggdb -fomit-frame-pointer -falign-functions=16 -ff"
 1800      62202D66 
 1800      6F6D6974 
 1800      2D667261 
 1800      6D652D70 
 1801 0338 756E6374 		.ascii	"unction-sections -fdata-sections -fno-common -fsing"
 1801      696F6E2D 
 1801      73656374 
 1801      696F6E73 
 1801      202D6664 
 1802 036b 6C652D70 		.ascii	"le-precision-constant\000"
 1802      72656369 
 1802      73696F6E 
 1802      2D636F6E 
 1802      7374616E 
 1803              	.LASF61:
 1804 0381 76745F66 		.ascii	"vt_func\000"
 1804      756E6300 
 1805              	.LASF87:
 1806 0389 63685F74 		.ascii	"ch_timesize\000"
 1806      696D6573 
 1806      697A6500 
 1807              	.LASF93:
 1808 0395 63665F6F 		.ascii	"cf_off_name\000"
 1808      66665F6E 
 1808      616D6500 
 1809              	.LASF34:
 1810 03a1 705F6F6C 		.ascii	"p_older\000"
 1810      64657200 
 1811              	.LASF67:
 1812 03a9 725F6374 		.ascii	"r_ctx\000"
 1812      7800
 1813              	.LASF49:
 1814 03af 54687265 		.ascii	"ThreadsQueue\000"
 1814      61647351 
 1814      75657565 
 1814      00
 1815              	.LASF84:
 1816 03bc 63685F73 		.ascii	"ch_size\000"
 1816      697A6500 
 1817              	.LASF70:
 1818 03c4 725F6375 		.ascii	"r_current\000"
 1818      7272656E 
 1818      7400
 1819              	.LASF69:
 1820 03ce 725F6F6C 		.ascii	"r_older\000"
 1820      64657200 
 1821              	.LASF101:
 1822 03d6 5F69646C 		.ascii	"_idle_thread\000"
 1822      655F7468 
 1822      72656164 
 1822      00
 1823              	.LASF12:
 1824 03e3 5F5F7569 		.ascii	"__uint64_t\000"
 1824      6E743634 
 1824      5F7400
 1825              	.LASF22:
ARM GAS  /tmp/ccenMlsW.s 			page 36


 1826 03ee 74726566 		.ascii	"trefs_t\000"
 1826      735F7400 
 1827              	.LASF86:
 1828 03f6 63685F70 		.ascii	"ch_ptrsize\000"
 1828      74727369 
 1828      7A6500
 1829              	.LASF30:
 1830 0401 705F7072 		.ascii	"p_prev\000"
 1830      657600
 1831              	.LASF24:
 1832 0408 74707269 		.ascii	"tprio_t\000"
 1832      6F5F7400 
 1833              	.LASF19:
 1834 0410 5F426F6F 		.ascii	"_Bool\000"
 1834      6C00
 1835              	.LASF16:
 1836 0416 696E7433 		.ascii	"int32_t\000"
 1836      325F7400 
 1837              	.LASF2:
 1838 041e 756E7369 		.ascii	"unsigned char\000"
 1838      676E6564 
 1838      20636861 
 1838      7200
 1839              	.LASF46:
 1840 042c 705F6D74 		.ascii	"p_mtxlist\000"
 1840      786C6973 
 1840      7400
 1841              	.LASF3:
 1842 0436 73686F72 		.ascii	"short int\000"
 1842      7420696E 
 1842      7400
 1843              	.LASF37:
 1844 0440 705F7374 		.ascii	"p_state\000"
 1844      61746500 
 1845              	.LASF40:
 1846 0448 705F7072 		.ascii	"p_preempt\000"
 1846      65656D70 
 1846      7400
 1847              	.LASF99:
 1848 0452 63665F6F 		.ascii	"cf_off_time\000"
 1848      66665F74 
 1848      696D6500 
 1849              	.LASF66:
 1850 045e 725F7072 		.ascii	"r_prio\000"
 1850      696F00
 1851              	.LASF79:
 1852 0465 65776D61 		.ascii	"ewmask\000"
 1852      736B00
 1853              	.LASF29:
 1854 046c 705F6E65 		.ascii	"p_next\000"
 1854      787400
 1855              	.LASF98:
 1856 0473 63665F6F 		.ascii	"cf_off_preempt\000"
 1856      66665F70 
 1856      7265656D 
 1856      707400
 1857              	.LASF38:
ARM GAS  /tmp/ccenMlsW.s 			page 37


 1858 0482 705F666C 		.ascii	"p_flags\000"
 1858      61677300 
 1859              	.LASF28:
 1860 048a 54687265 		.ascii	"Thread\000"
 1860      616400
 1861              	.LASF91:
 1862 0491 63665F6F 		.ascii	"cf_off_newer\000"
 1862      66665F6E 
 1862      65776572 
 1862      00
 1863              	.LASF45:
 1864 049e 705F6570 		.ascii	"p_epending\000"
 1864      656E6469 
 1864      6E6700
 1865              	.LASF17:
 1866 04a9 75696E74 		.ascii	"uint32_t\000"
 1866      33325F74 
 1866      00
 1867              	.LASF89:
 1868 04b2 63665F6F 		.ascii	"cf_off_prio\000"
 1868      66665F70 
 1868      72696F00 
 1869              	.LASF65:
 1870 04be 725F7175 		.ascii	"r_queue\000"
 1870      65756500 
 1871              	.LASF80:
 1872 04c6 63686172 		.ascii	"char\000"
 1872      00
 1873              	.LASF5:
 1874 04cb 5F5F7569 		.ascii	"__uint16_t\000"
 1874      6E743136 
 1874      5F7400
 1875              	.LASF105:
 1876 04d6 5F5F6D61 		.ascii	"__main_thread_stack_base__\000"
 1876      696E5F74 
 1876      68726561 
 1876      645F7374 
 1876      61636B5F 
 1877              	.LASF75:
 1878 04f1 6D5F6E65 		.ascii	"m_next\000"
 1878      787400
 1879              	.LASF27:
 1880 04f8 73797374 		.ascii	"systime_t\000"
 1880      696D655F 
 1880      7400
 1881              	.LASF47:
 1882 0502 705F7265 		.ascii	"p_realprio\000"
 1882      616C7072 
 1882      696F00
 1883              	.LASF7:
 1884 050d 5F5F696E 		.ascii	"__int32_t\000"
 1884      7433325F 
 1884      7400
 1885              	.LASF41:
 1886 0517 705F7469 		.ascii	"p_time\000"
 1886      6D6500
 1887              	.LASF53:
ARM GAS  /tmp/ccenMlsW.s 			page 38


 1888 051e 696E7463 		.ascii	"intctx\000"
 1888      747800
 1889              	.LASF43:
 1890 0525 705F6D73 		.ascii	"p_msgqueue\000"
 1890      67717565 
 1890      756500
 1891              	.LASF62:
 1892 0530 76745F70 		.ascii	"vt_par\000"
 1892      617200
 1893              	.LASF90:
 1894 0537 63665F6F 		.ascii	"cf_off_ctx\000"
 1894      66665F63 
 1894      747800
 1895              	.LASF39:
 1896 0542 705F7265 		.ascii	"p_refs\000"
 1896      667300
 1897              	.LASF71:
 1898 0549 52656164 		.ascii	"ReadyList\000"
 1898      794C6973 
 1898      7400
 1899              	.LASF107:
 1900 0553 726C6973 		.ascii	"rlist\000"
 1900      7400
 1901              	.LASF14:
 1902 0559 75696E74 		.ascii	"uint8_t\000"
 1902      385F7400 
 1903              	.LASF78:
 1904 0561 77746F62 		.ascii	"wtobjp\000"
 1904      6A7000
 1905              	.LASF35:
 1906 0568 705F6E61 		.ascii	"p_name\000"
 1906      6D6500
 1907              	.LASF63:
 1908 056f 76745F73 		.ascii	"vt_systime\000"
 1908      79737469 
 1908      6D6500
 1909              	.LASF85:
 1910 057a 63685F76 		.ascii	"ch_version\000"
 1910      65727369 
 1910      6F6E00
 1911              	.LASF64:
 1912 0585 56544C69 		.ascii	"VTList\000"
 1912      737400
 1913              	.LASF74:
 1914 058c 6D5F6F77 		.ascii	"m_owner\000"
 1914      6E657200 
 1915              	.LASF32:
 1916 0594 705F6374 		.ascii	"p_ctx\000"
 1916      7800
 1917              	.LASF42:
 1918 059a 705F7761 		.ascii	"p_waiting\000"
 1918      6974696E 
 1918      6700
 1919              		.ident	"GCC: (GNU Tools for ARM Embedded Processors) 4.9.3 20150303 (release) [ARM/embedded-4_9-br
ARM GAS  /tmp/ccenMlsW.s 			page 39


DEFINED SYMBOLS
                            *ABS*:00000000 chsys.c
     /tmp/ccenMlsW.s:25     .bss._idle_thread_wa:00000000 _idle_thread_wa
     /tmp/ccenMlsW.s:22     .bss._idle_thread_wa:00000000 $d
     /tmp/ccenMlsW.s:28     .rodata:00000000 $d
     /tmp/ccenMlsW.s:32     .text._idle_thread:00000000 $t
     /tmp/ccenMlsW.s:38     .text._idle_thread:00000000 _idle_thread
     /tmp/ccenMlsW.s:60     .text._idle_thread:00000010 $d
     /tmp/ccenMlsW.s:66     .text.chSysInit:00000000 $t
     /tmp/ccenMlsW.s:72     .text.chSysInit:00000000 chSysInit
     /tmp/ccenMlsW.s:142    .text.chSysInit:00000064 $d
     /tmp/ccenMlsW.s:267    .bss.mainthread.4855:00000000 mainthread.4855
     /tmp/ccenMlsW.s:152    .text.chSysTimerHandlerI:00000000 $t
     /tmp/ccenMlsW.s:158    .text.chSysTimerHandlerI:00000000 chSysTimerHandlerI
     /tmp/ccenMlsW.s:258    .text.chSysTimerHandlerI:0000008c $d
     /tmp/ccenMlsW.s:264    .bss.mainthread.4855:00000000 $d
                     .debug_frame:00000010 $d
     /tmp/ccenMlsW.s:65     .text._idle_thread:00000018 $t
     /tmp/ccenMlsW.s:151    .text.chSysInit:0000007c $t
     /tmp/ccenMlsW.s:263    .text.chSysTimerHandlerI:00000094 $t

UNDEFINED SYMBOLS
rlist
_port_init
_scheduler_init
_vt_init
_core_init
_heap_init
_trace_init
_thread_init
chThdCreateStatic
__main_thread_stack_base__
ch_debug
_port_unlock
_port_lock
vtlist
