ARM GAS  /tmp/cc0Dv4kF.s 			page 1


   1              		.syntax unified
   2              		.cpu cortex-m4
   3              		.eabi_attribute 27, 3
   4              		.eabi_attribute 28, 1
   5              		.fpu fpv4-sp-d16
   6              		.eabi_attribute 20, 1
   7              		.eabi_attribute 21, 1
   8              		.eabi_attribute 23, 3
   9              		.eabi_attribute 24, 1
  10              		.eabi_attribute 25, 1
  11              		.eabi_attribute 26, 1
  12              		.eabi_attribute 30, 2
  13              		.eabi_attribute 34, 1
  14              		.eabi_attribute 18, 4
  15              		.thumb
  16              		.file	"chvt.c"
  17              		.text
  18              	.Ltext0:
  19              		.cfi_sections	.debug_frame
  20              		.section	.text._vt_init,"ax",%progbits
  21              		.align	2
  22              		.p2align 4,,15
  23              		.global	_vt_init
  24              		.thumb
  25              		.thumb_func
  26              		.type	_vt_init, %function
  27              	_vt_init:
  28              	.LFB7:
  29              		.file 1 "../../os/kernel/src/chvt.c"
  30              		.loc 1 50 0
  31              		.cfi_startproc
  32              		@ args = 0, pretend = 0, frame = 0
  33              		@ frame_needed = 0, uses_anonymous_args = 0
  34              		@ link register save eliminated.
  35              		.loc 1 52 0
  36 0000 044B     		ldr	r3, .L2
  37              		.loc 1 53 0
  38 0002 4FF0FF31 		mov	r1, #-1
  39              		.loc 1 54 0
  40 0006 0022     		movs	r2, #0
  41              		.loc 1 52 0
  42 0008 5B60     		str	r3, [r3, #4]
  43 000a 1B60     		str	r3, [r3]
  44              		.loc 1 53 0
  45 000c 9960     		str	r1, [r3, #8]
  46              		.loc 1 54 0
  47 000e DA60     		str	r2, [r3, #12]
  48 0010 7047     		bx	lr
  49              	.L3:
  50 0012 00BF     		.align	2
  51              	.L2:
  52 0014 00000000 		.word	.LANCHOR0
  53              		.cfi_endproc
  54              	.LFE7:
  55              		.size	_vt_init, .-_vt_init
  56 0018 AFF30080 		.section	.text.chVTSetI,"ax",%progbits
  56      AFF30080 
ARM GAS  /tmp/cc0Dv4kF.s 			page 2


  57              		.align	2
  58              		.p2align 4,,15
  59              		.global	chVTSetI
  60              		.thumb
  61              		.thumb_func
  62              		.type	chVTSetI, %function
  63              	chVTSetI:
  64              	.LFB8:
  65              		.loc 1 76 0
  66              		.cfi_startproc
  67              		@ args = 0, pretend = 0, frame = 0
  68              		@ frame_needed = 0, uses_anonymous_args = 0
  69              	.LVL0:
  70 0000 F8B5     		push	{r3, r4, r5, r6, r7, lr}
  71              		.cfi_def_cfa_offset 24
  72              		.cfi_offset 3, -24
  73              		.cfi_offset 4, -20
  74              		.cfi_offset 5, -16
  75              		.cfi_offset 6, -12
  76              		.cfi_offset 7, -8
  77              		.cfi_offset 14, -4
  78              		.loc 1 76 0
  79 0002 0546     		mov	r5, r0
  80 0004 0C46     		mov	r4, r1
  81 0006 1646     		mov	r6, r2
  82 0008 1F46     		mov	r7, r3
  83              		.loc 1 79 0
  84 000a FFF7FEFF 		bl	chDbgCheckClassI
  85              	.LVL1:
  86              		.loc 1 80 0
  87 000e CDB1     		cbz	r5, .L5
  88              		.loc 1 80 0 is_stmt 0 discriminator 2
  89 0010 C6B1     		cbz	r6, .L5
  90              		.loc 1 80 0 discriminator 1
  91 0012 BCB1     		cbz	r4, .L5
  92              	.L6:
  93              		.loc 1 85 0 is_stmt 1
  94 0014 0D49     		ldr	r1, .L17
  95              		.loc 1 83 0
  96 0016 2F61     		str	r7, [r5, #16]
  97              		.loc 1 85 0
  98 0018 0B68     		ldr	r3, [r1]
  99              	.LVL2:
 100              		.loc 1 84 0
 101 001a EE60     		str	r6, [r5, #12]
 102              		.loc 1 86 0
 103 001c 9A68     		ldr	r2, [r3, #8]
 104 001e 9442     		cmp	r4, r2
 105 0020 04D9     		bls	.L7
 106              	.L8:
 107              		.loc 1 88 0
 108 0022 1B68     		ldr	r3, [r3]
 109              	.LVL3:
 110              		.loc 1 87 0
 111 0024 A41A     		subs	r4, r4, r2
 112              	.LVL4:
 113              		.loc 1 86 0
ARM GAS  /tmp/cc0Dv4kF.s 			page 3


 114 0026 9A68     		ldr	r2, [r3, #8]
 115 0028 A242     		cmp	r2, r4
 116 002a FAD3     		bcc	.L8
 117              	.L7:
 118              		.loc 1 91 0
 119 002c 5A68     		ldr	r2, [r3, #4]
 120 002e 6A60     		str	r2, [r5, #4]
 121              		.loc 1 94 0
 122 0030 8B42     		cmp	r3, r1
 123              		.loc 1 91 0
 124 0032 2B60     		str	r3, [r5]
 125              		.loc 1 92 0
 126 0034 5D60     		str	r5, [r3, #4]
 127 0036 1560     		str	r5, [r2]
 128              		.loc 1 93 0
 129 0038 AC60     		str	r4, [r5, #8]
 130              		.loc 1 94 0
 131 003a 02D0     		beq	.L4
 132              		.loc 1 95 0
 133 003c 9A68     		ldr	r2, [r3, #8]
 134 003e 141B     		subs	r4, r2, r4
 135              	.LVL5:
 136 0040 9C60     		str	r4, [r3, #8]
 137              	.LVL6:
 138              	.L4:
 139 0042 F8BD     		pop	{r3, r4, r5, r6, r7, pc}
 140              	.LVL7:
 141              	.L5:
 142              		.loc 1 80 0 discriminator 1
 143 0044 0248     		ldr	r0, .L17+4
 144 0046 FFF7FEFF 		bl	chDbgPanic
 145              	.LVL8:
 146 004a E3E7     		b	.L6
 147              	.L18:
 148              		.align	2
 149              	.L17:
 150 004c 00000000 		.word	.LANCHOR0
 151 0050 00000000 		.word	.LC0
 152              		.cfi_endproc
 153              	.LFE8:
 154              		.size	chVTSetI, .-chVTSetI
 155 0054 AFF30080 		.section	.text.chVTResetI,"ax",%progbits
 155      AFF30080 
 155      AFF30080 
 156              		.align	2
 157              		.p2align 4,,15
 158              		.global	chVTResetI
 159              		.thumb
 160              		.thumb_func
 161              		.type	chVTResetI, %function
 162              	chVTResetI:
 163              	.LFB9:
 164              		.loc 1 106 0
 165              		.cfi_startproc
 166              		@ args = 0, pretend = 0, frame = 0
 167              		@ frame_needed = 0, uses_anonymous_args = 0
 168              	.LVL9:
ARM GAS  /tmp/cc0Dv4kF.s 			page 4


 169 0000 10B5     		push	{r4, lr}
 170              		.cfi_def_cfa_offset 8
 171              		.cfi_offset 4, -8
 172              		.cfi_offset 14, -4
 173              		.loc 1 106 0
 174 0002 0446     		mov	r4, r0
 175              		.loc 1 108 0
 176 0004 FFF7FEFF 		bl	chDbgCheckClassI
 177              	.LVL10:
 178              		.loc 1 109 0
 179 0008 84B1     		cbz	r4, .L23
 180              	.L20:
 181              		.loc 1 110 0
 182 000a E368     		ldr	r3, [r4, #12]
 183 000c 93B1     		cbz	r3, .L24
 184              	.L21:
 185              		.loc 1 114 0
 186 000e 2368     		ldr	r3, [r4]
 187 0010 0A4A     		ldr	r2, .L25
 188 0012 9342     		cmp	r3, r2
 189 0014 03D0     		beq	.L22
 190              		.loc 1 115 0
 191 0016 9968     		ldr	r1, [r3, #8]
 192 0018 A268     		ldr	r2, [r4, #8]
 193 001a 0A44     		add	r2, r2, r1
 194 001c 9A60     		str	r2, [r3, #8]
 195              	.L22:
 196              		.loc 1 116 0
 197 001e 6268     		ldr	r2, [r4, #4]
 198 0020 1360     		str	r3, [r2]
 199              		.loc 1 117 0
 200 0022 2368     		ldr	r3, [r4]
 201              		.loc 1 118 0
 202 0024 0021     		movs	r1, #0
 203              		.loc 1 117 0
 204 0026 5A60     		str	r2, [r3, #4]
 205              		.loc 1 118 0
 206 0028 E160     		str	r1, [r4, #12]
 207 002a 10BD     		pop	{r4, pc}
 208              	.LVL11:
 209              	.L23:
 210              		.loc 1 109 0 discriminator 1
 211 002c 0448     		ldr	r0, .L25+4
 212 002e FFF7FEFF 		bl	chDbgPanic
 213              	.LVL12:
 214 0032 EAE7     		b	.L20
 215              	.L24:
 216              		.loc 1 110 0 discriminator 1
 217 0034 0348     		ldr	r0, .L25+8
 218 0036 FFF7FEFF 		bl	chDbgPanic
 219              	.LVL13:
 220 003a E8E7     		b	.L21
 221              	.L26:
 222              		.align	2
 223              	.L25:
 224 003c 00000000 		.word	.LANCHOR0
 225 0040 10000000 		.word	.LC1
ARM GAS  /tmp/cc0Dv4kF.s 			page 5


 226 0044 20000000 		.word	.LC2
 227              		.cfi_endproc
 228              	.LFE9:
 229              		.size	chVTResetI, .-chVTResetI
 230              		.global	vtlist
 231 0048 AFF30080 		.section	.bss.vtlist,"aw",%nobits
 231      AFF30080 
 232              		.align	2
 233              		.set	.LANCHOR0,. + 0
 234              		.type	vtlist, %object
 235              		.size	vtlist, 16
 236              	vtlist:
 237 0000 00000000 		.space	16
 237      00000000 
 237      00000000 
 237      00000000 
 238              		.section	.rodata.str1.4,"aMS",%progbits,1
 239              		.align	2
 240              	.LC0:
 241 0000 22636856 		.ascii	"\"chVTSetI\"()\000"
 241      54536574 
 241      49222829 
 241      00
 242 000d 000000   		.space	3
 243              	.LC1:
 244 0010 22636856 		.ascii	"\"chVTResetI\"()\000"
 244      54526573 
 244      65744922 
 244      282900
 245 001f 00       		.space	1
 246              	.LC2:
 247 0020 63685654 		.ascii	"chVTResetI(), #1\000"
 247      52657365 
 247      74492829 
 247      2C202331 
 247      00
 248 0031 000000   		.text
 249              	.Letext0:
 250              		.file 2 "/opt/ARM/arm-none-eabi/include/machine/_default_types.h"
 251              		.file 3 "/opt/ARM/arm-none-eabi/include/stdint.h"
 252              		.file 4 "../../os/ports/GCC/ARMCMx/chtypes.h"
 253              		.file 5 "../../os/kernel/include/chvt.h"
 254              		.file 6 "../../os/kernel/include/chdebug.h"
 255              		.section	.debug_info,"",%progbits
 256              	.Ldebug_info0:
 257 0000 73020000 		.4byte	0x273
 258 0004 0400     		.2byte	0x4
 259 0006 00000000 		.4byte	.Ldebug_abbrev0
 260 000a 04       		.byte	0x4
 261 000b 01       		.uleb128 0x1
 262 000c 8F010000 		.4byte	.LASF28
 263 0010 01       		.byte	0x1
 264 0011 10010000 		.4byte	.LASF29
 265 0015 24000000 		.4byte	.LASF30
 266 0019 00000000 		.4byte	.Ldebug_ranges0+0
 267 001d 00000000 		.4byte	0
 268 0021 00000000 		.4byte	.Ldebug_line0
ARM GAS  /tmp/cc0Dv4kF.s 			page 6


 269 0025 02       		.uleb128 0x2
 270 0026 04       		.byte	0x4
 271 0027 05       		.byte	0x5
 272 0028 696E7400 		.ascii	"int\000"
 273 002c 03       		.uleb128 0x3
 274 002d 04       		.byte	0x4
 275 002e 07       		.byte	0x7
 276 002f C4000000 		.4byte	.LASF0
 277 0033 03       		.uleb128 0x3
 278 0034 01       		.byte	0x1
 279 0035 06       		.byte	0x6
 280 0036 83010000 		.4byte	.LASF1
 281 003a 03       		.uleb128 0x3
 282 003b 01       		.byte	0x1
 283 003c 08       		.byte	0x8
 284 003d A2000000 		.4byte	.LASF2
 285 0041 03       		.uleb128 0x3
 286 0042 02       		.byte	0x2
 287 0043 05       		.byte	0x5
 288 0044 5F010000 		.4byte	.LASF3
 289 0048 03       		.uleb128 0x3
 290 0049 02       		.byte	0x2
 291 004a 07       		.byte	0x7
 292 004b 82000000 		.4byte	.LASF4
 293 004f 03       		.uleb128 0x3
 294 0050 04       		.byte	0x4
 295 0051 05       		.byte	0x5
 296 0052 7A010000 		.4byte	.LASF5
 297 0056 04       		.uleb128 0x4
 298 0057 B9000000 		.4byte	.LASF9
 299 005b 02       		.byte	0x2
 300 005c 38       		.byte	0x38
 301 005d 61000000 		.4byte	0x61
 302 0061 03       		.uleb128 0x3
 303 0062 04       		.byte	0x4
 304 0063 07       		.byte	0x7
 305 0064 70000000 		.4byte	.LASF6
 306 0068 03       		.uleb128 0x3
 307 0069 08       		.byte	0x8
 308 006a 05       		.byte	0x5
 309 006b 2B010000 		.4byte	.LASF7
 310 006f 03       		.uleb128 0x3
 311 0070 08       		.byte	0x8
 312 0071 07       		.byte	0x7
 313 0072 D1000000 		.4byte	.LASF8
 314 0076 04       		.uleb128 0x4
 315 0077 71010000 		.4byte	.LASF10
 316 007b 03       		.byte	0x3
 317 007c 42       		.byte	0x42
 318 007d 56000000 		.4byte	0x56
 319 0081 03       		.uleb128 0x3
 320 0082 01       		.byte	0x1
 321 0083 02       		.byte	0x2
 322 0084 C2020000 		.4byte	.LASF11
 323 0088 04       		.uleb128 0x4
 324 0089 09000000 		.4byte	.LASF12
 325 008d 04       		.byte	0x4
ARM GAS  /tmp/cc0Dv4kF.s 			page 7


 326 008e 35       		.byte	0x35
 327 008f 76000000 		.4byte	0x76
 328 0093 05       		.uleb128 0x5
 329 0094 04       		.byte	0x4
 330 0095 03       		.uleb128 0x3
 331 0096 04       		.byte	0x4
 332 0097 07       		.byte	0x7
 333 0098 FC000000 		.4byte	.LASF13
 334 009c 04       		.uleb128 0x4
 335 009d 67000000 		.4byte	.LASF14
 336 00a1 05       		.byte	0x5
 337 00a2 58       		.byte	0x58
 338 00a3 A7000000 		.4byte	0xa7
 339 00a7 06       		.uleb128 0x6
 340 00a8 04       		.byte	0x4
 341 00a9 AD000000 		.4byte	0xad
 342 00ad 07       		.uleb128 0x7
 343 00ae B8000000 		.4byte	0xb8
 344 00b2 08       		.uleb128 0x8
 345 00b3 93000000 		.4byte	0x93
 346 00b7 00       		.byte	0
 347 00b8 04       		.uleb128 0x4
 348 00b9 95000000 		.4byte	.LASF15
 349 00bd 05       		.byte	0x5
 350 00be 5D       		.byte	0x5d
 351 00bf C3000000 		.4byte	0xc3
 352 00c3 09       		.uleb128 0x9
 353 00c4 95000000 		.4byte	.LASF15
 354 00c8 14       		.byte	0x14
 355 00c9 05       		.byte	0x5
 356 00ca 64       		.byte	0x64
 357 00cb 0C010000 		.4byte	0x10c
 358 00cf 0A       		.uleb128 0xa
 359 00d0 AF020000 		.4byte	.LASF16
 360 00d4 05       		.byte	0x5
 361 00d5 65       		.byte	0x65
 362 00d6 0C010000 		.4byte	0x10c
 363 00da 00       		.byte	0
 364 00db 0A       		.uleb128 0xa
 365 00dc 69010000 		.4byte	.LASF17
 366 00e0 05       		.byte	0x5
 367 00e1 67       		.byte	0x67
 368 00e2 0C010000 		.4byte	0x10c
 369 00e6 04       		.byte	0x4
 370 00e7 0A       		.uleb128 0xa
 371 00e8 F4000000 		.4byte	.LASF18
 372 00ec 05       		.byte	0x5
 373 00ed 69       		.byte	0x69
 374 00ee 88000000 		.4byte	0x88
 375 00f2 08       		.byte	0x8
 376 00f3 0A       		.uleb128 0xa
 377 00f4 39010000 		.4byte	.LASF19
 378 00f8 05       		.byte	0x5
 379 00f9 6A       		.byte	0x6a
 380 00fa 9C000000 		.4byte	0x9c
 381 00fe 0C       		.byte	0xc
 382 00ff 0A       		.uleb128 0xa
ARM GAS  /tmp/cc0Dv4kF.s 			page 8


 383 0100 58010000 		.4byte	.LASF20
 384 0104 05       		.byte	0x5
 385 0105 6C       		.byte	0x6c
 386 0106 93000000 		.4byte	0x93
 387 010a 10       		.byte	0x10
 388 010b 00       		.byte	0
 389 010c 06       		.uleb128 0x6
 390 010d 04       		.byte	0x4
 391 010e B8000000 		.4byte	0xb8
 392 0112 0B       		.uleb128 0xb
 393 0113 10       		.byte	0x10
 394 0114 05       		.byte	0x5
 395 0115 76       		.byte	0x76
 396 0116 4B010000 		.4byte	0x14b
 397 011a 0A       		.uleb128 0xa
 398 011b AF020000 		.4byte	.LASF16
 399 011f 05       		.byte	0x5
 400 0120 77       		.byte	0x77
 401 0121 0C010000 		.4byte	0x10c
 402 0125 00       		.byte	0
 403 0126 0A       		.uleb128 0xa
 404 0127 69010000 		.4byte	.LASF17
 405 012b 05       		.byte	0x5
 406 012c 79       		.byte	0x79
 407 012d 0C010000 		.4byte	0x10c
 408 0131 04       		.byte	0x4
 409 0132 0A       		.uleb128 0xa
 410 0133 F4000000 		.4byte	.LASF18
 411 0137 05       		.byte	0x5
 412 0138 7B       		.byte	0x7b
 413 0139 88000000 		.4byte	0x88
 414 013d 08       		.byte	0x8
 415 013e 0A       		.uleb128 0xa
 416 013f 05010000 		.4byte	.LASF21
 417 0143 05       		.byte	0x5
 418 0144 7C       		.byte	0x7c
 419 0145 4B010000 		.4byte	0x14b
 420 0149 0C       		.byte	0xc
 421 014a 00       		.byte	0
 422 014b 0C       		.uleb128 0xc
 423 014c 88000000 		.4byte	0x88
 424 0150 04       		.uleb128 0x4
 425 0151 A8020000 		.4byte	.LASF22
 426 0155 05       		.byte	0x5
 427 0156 7D       		.byte	0x7d
 428 0157 12010000 		.4byte	0x112
 429 015b 06       		.uleb128 0x6
 430 015c 04       		.byte	0x4
 431 015d 61010000 		.4byte	0x161
 432 0161 0D       		.uleb128 0xd
 433 0162 66010000 		.4byte	0x166
 434 0166 03       		.uleb128 0x3
 435 0167 01       		.byte	0x1
 436 0168 08       		.byte	0x8
 437 0169 48010000 		.4byte	.LASF23
 438 016d 0E       		.uleb128 0xe
 439 016e B0000000 		.4byte	.LASF31
ARM GAS  /tmp/cc0Dv4kF.s 			page 9


 440 0172 01       		.byte	0x1
 441 0173 32       		.byte	0x32
 442 0174 00000000 		.4byte	.LFB7
 443 0178 18000000 		.4byte	.LFE7-.LFB7
 444 017c 01       		.uleb128 0x1
 445 017d 9C       		.byte	0x9c
 446 017e 0F       		.uleb128 0xf
 447 017f 00000000 		.4byte	.LASF26
 448 0183 01       		.byte	0x1
 449 0184 4C       		.byte	0x4c
 450 0185 00000000 		.4byte	.LFB8
 451 0189 54000000 		.4byte	.LFE8-.LFB8
 452 018d 01       		.uleb128 0x1
 453 018e 9C       		.byte	0x9c
 454 018f F9010000 		.4byte	0x1f9
 455 0193 10       		.uleb128 0x10
 456 0194 76747000 		.ascii	"vtp\000"
 457 0198 01       		.byte	0x1
 458 0199 4C       		.byte	0x4c
 459 019a 0C010000 		.4byte	0x10c
 460 019e 00000000 		.4byte	.LLST0
 461 01a2 11       		.uleb128 0x11
 462 01a3 EF000000 		.4byte	.LASF24
 463 01a7 01       		.byte	0x1
 464 01a8 4C       		.byte	0x4c
 465 01a9 88000000 		.4byte	0x88
 466 01ad 1E000000 		.4byte	.LLST1
 467 01b1 11       		.uleb128 0x11
 468 01b2 41010000 		.4byte	.LASF25
 469 01b6 01       		.byte	0x1
 470 01b7 4C       		.byte	0x4c
 471 01b8 9C000000 		.4byte	0x9c
 472 01bc 53000000 		.4byte	.LLST2
 473 01c0 10       		.uleb128 0x10
 474 01c1 70617200 		.ascii	"par\000"
 475 01c5 01       		.byte	0x1
 476 01c6 4C       		.byte	0x4c
 477 01c7 93000000 		.4byte	0x93
 478 01cb 71000000 		.4byte	.LLST3
 479 01cf 12       		.uleb128 0x12
 480 01d0 7000     		.ascii	"p\000"
 481 01d2 01       		.byte	0x1
 482 01d3 4D       		.byte	0x4d
 483 01d4 0C010000 		.4byte	0x10c
 484 01d8 8F000000 		.4byte	.LLST4
 485 01dc 13       		.uleb128 0x13
 486 01dd 0E000000 		.4byte	.LVL1
 487 01e1 62020000 		.4byte	0x262
 488 01e5 14       		.uleb128 0x14
 489 01e6 4A000000 		.4byte	.LVL8
 490 01ea 69020000 		.4byte	0x269
 491 01ee 15       		.uleb128 0x15
 492 01ef 01       		.uleb128 0x1
 493 01f0 50       		.byte	0x50
 494 01f1 05       		.uleb128 0x5
 495 01f2 03       		.byte	0x3
 496 01f3 00000000 		.4byte	.LC0
ARM GAS  /tmp/cc0Dv4kF.s 			page 10


 497 01f7 00       		.byte	0
 498 01f8 00       		.byte	0
 499 01f9 0F       		.uleb128 0xf
 500 01fa B7020000 		.4byte	.LASF27
 501 01fe 01       		.byte	0x1
 502 01ff 6A       		.byte	0x6a
 503 0200 00000000 		.4byte	.LFB9
 504 0204 48000000 		.4byte	.LFE9-.LFB9
 505 0208 01       		.uleb128 0x1
 506 0209 9C       		.byte	0x9c
 507 020a 51020000 		.4byte	0x251
 508 020e 10       		.uleb128 0x10
 509 020f 76747000 		.ascii	"vtp\000"
 510 0213 01       		.byte	0x1
 511 0214 6A       		.byte	0x6a
 512 0215 0C010000 		.4byte	0x10c
 513 0219 AD000000 		.4byte	.LLST5
 514 021d 13       		.uleb128 0x13
 515 021e 08000000 		.4byte	.LVL10
 516 0222 62020000 		.4byte	0x262
 517 0226 16       		.uleb128 0x16
 518 0227 32000000 		.4byte	.LVL12
 519 022b 69020000 		.4byte	0x269
 520 022f 3D020000 		.4byte	0x23d
 521 0233 15       		.uleb128 0x15
 522 0234 01       		.uleb128 0x1
 523 0235 50       		.byte	0x50
 524 0236 05       		.uleb128 0x5
 525 0237 03       		.byte	0x3
 526 0238 10000000 		.4byte	.LC1
 527 023c 00       		.byte	0
 528 023d 14       		.uleb128 0x14
 529 023e 3A000000 		.4byte	.LVL13
 530 0242 69020000 		.4byte	0x269
 531 0246 15       		.uleb128 0x15
 532 0247 01       		.uleb128 0x1
 533 0248 50       		.byte	0x50
 534 0249 05       		.uleb128 0x5
 535 024a 03       		.byte	0x3
 536 024b 20000000 		.4byte	.LC2
 537 024f 00       		.byte	0
 538 0250 00       		.byte	0
 539 0251 17       		.uleb128 0x17
 540 0252 E8000000 		.4byte	.LASF32
 541 0256 01       		.byte	0x1
 542 0257 2A       		.byte	0x2a
 543 0258 50010000 		.4byte	0x150
 544 025c 05       		.uleb128 0x5
 545 025d 03       		.byte	0x3
 546 025e 00000000 		.4byte	vtlist
 547 0262 18       		.uleb128 0x18
 548 0263 13000000 		.4byte	.LASF33
 549 0267 06       		.byte	0x6
 550 0268 ED       		.byte	0xed
 551 0269 19       		.uleb128 0x19
 552 026a 4D010000 		.4byte	.LASF34
 553 026e 06       		.byte	0x6
ARM GAS  /tmp/cc0Dv4kF.s 			page 11


 554 026f F6       		.byte	0xf6
 555 0270 08       		.uleb128 0x8
 556 0271 5B010000 		.4byte	0x15b
 557 0275 00       		.byte	0
 558 0276 00       		.byte	0
 559              		.section	.debug_abbrev,"",%progbits
 560              	.Ldebug_abbrev0:
 561 0000 01       		.uleb128 0x1
 562 0001 11       		.uleb128 0x11
 563 0002 01       		.byte	0x1
 564 0003 25       		.uleb128 0x25
 565 0004 0E       		.uleb128 0xe
 566 0005 13       		.uleb128 0x13
 567 0006 0B       		.uleb128 0xb
 568 0007 03       		.uleb128 0x3
 569 0008 0E       		.uleb128 0xe
 570 0009 1B       		.uleb128 0x1b
 571 000a 0E       		.uleb128 0xe
 572 000b 55       		.uleb128 0x55
 573 000c 17       		.uleb128 0x17
 574 000d 11       		.uleb128 0x11
 575 000e 01       		.uleb128 0x1
 576 000f 10       		.uleb128 0x10
 577 0010 17       		.uleb128 0x17
 578 0011 00       		.byte	0
 579 0012 00       		.byte	0
 580 0013 02       		.uleb128 0x2
 581 0014 24       		.uleb128 0x24
 582 0015 00       		.byte	0
 583 0016 0B       		.uleb128 0xb
 584 0017 0B       		.uleb128 0xb
 585 0018 3E       		.uleb128 0x3e
 586 0019 0B       		.uleb128 0xb
 587 001a 03       		.uleb128 0x3
 588 001b 08       		.uleb128 0x8
 589 001c 00       		.byte	0
 590 001d 00       		.byte	0
 591 001e 03       		.uleb128 0x3
 592 001f 24       		.uleb128 0x24
 593 0020 00       		.byte	0
 594 0021 0B       		.uleb128 0xb
 595 0022 0B       		.uleb128 0xb
 596 0023 3E       		.uleb128 0x3e
 597 0024 0B       		.uleb128 0xb
 598 0025 03       		.uleb128 0x3
 599 0026 0E       		.uleb128 0xe
 600 0027 00       		.byte	0
 601 0028 00       		.byte	0
 602 0029 04       		.uleb128 0x4
 603 002a 16       		.uleb128 0x16
 604 002b 00       		.byte	0
 605 002c 03       		.uleb128 0x3
 606 002d 0E       		.uleb128 0xe
 607 002e 3A       		.uleb128 0x3a
 608 002f 0B       		.uleb128 0xb
 609 0030 3B       		.uleb128 0x3b
 610 0031 0B       		.uleb128 0xb
ARM GAS  /tmp/cc0Dv4kF.s 			page 12


 611 0032 49       		.uleb128 0x49
 612 0033 13       		.uleb128 0x13
 613 0034 00       		.byte	0
 614 0035 00       		.byte	0
 615 0036 05       		.uleb128 0x5
 616 0037 0F       		.uleb128 0xf
 617 0038 00       		.byte	0
 618 0039 0B       		.uleb128 0xb
 619 003a 0B       		.uleb128 0xb
 620 003b 00       		.byte	0
 621 003c 00       		.byte	0
 622 003d 06       		.uleb128 0x6
 623 003e 0F       		.uleb128 0xf
 624 003f 00       		.byte	0
 625 0040 0B       		.uleb128 0xb
 626 0041 0B       		.uleb128 0xb
 627 0042 49       		.uleb128 0x49
 628 0043 13       		.uleb128 0x13
 629 0044 00       		.byte	0
 630 0045 00       		.byte	0
 631 0046 07       		.uleb128 0x7
 632 0047 15       		.uleb128 0x15
 633 0048 01       		.byte	0x1
 634 0049 27       		.uleb128 0x27
 635 004a 19       		.uleb128 0x19
 636 004b 01       		.uleb128 0x1
 637 004c 13       		.uleb128 0x13
 638 004d 00       		.byte	0
 639 004e 00       		.byte	0
 640 004f 08       		.uleb128 0x8
 641 0050 05       		.uleb128 0x5
 642 0051 00       		.byte	0
 643 0052 49       		.uleb128 0x49
 644 0053 13       		.uleb128 0x13
 645 0054 00       		.byte	0
 646 0055 00       		.byte	0
 647 0056 09       		.uleb128 0x9
 648 0057 13       		.uleb128 0x13
 649 0058 01       		.byte	0x1
 650 0059 03       		.uleb128 0x3
 651 005a 0E       		.uleb128 0xe
 652 005b 0B       		.uleb128 0xb
 653 005c 0B       		.uleb128 0xb
 654 005d 3A       		.uleb128 0x3a
 655 005e 0B       		.uleb128 0xb
 656 005f 3B       		.uleb128 0x3b
 657 0060 0B       		.uleb128 0xb
 658 0061 01       		.uleb128 0x1
 659 0062 13       		.uleb128 0x13
 660 0063 00       		.byte	0
 661 0064 00       		.byte	0
 662 0065 0A       		.uleb128 0xa
 663 0066 0D       		.uleb128 0xd
 664 0067 00       		.byte	0
 665 0068 03       		.uleb128 0x3
 666 0069 0E       		.uleb128 0xe
 667 006a 3A       		.uleb128 0x3a
ARM GAS  /tmp/cc0Dv4kF.s 			page 13


 668 006b 0B       		.uleb128 0xb
 669 006c 3B       		.uleb128 0x3b
 670 006d 0B       		.uleb128 0xb
 671 006e 49       		.uleb128 0x49
 672 006f 13       		.uleb128 0x13
 673 0070 38       		.uleb128 0x38
 674 0071 0B       		.uleb128 0xb
 675 0072 00       		.byte	0
 676 0073 00       		.byte	0
 677 0074 0B       		.uleb128 0xb
 678 0075 13       		.uleb128 0x13
 679 0076 01       		.byte	0x1
 680 0077 0B       		.uleb128 0xb
 681 0078 0B       		.uleb128 0xb
 682 0079 3A       		.uleb128 0x3a
 683 007a 0B       		.uleb128 0xb
 684 007b 3B       		.uleb128 0x3b
 685 007c 0B       		.uleb128 0xb
 686 007d 01       		.uleb128 0x1
 687 007e 13       		.uleb128 0x13
 688 007f 00       		.byte	0
 689 0080 00       		.byte	0
 690 0081 0C       		.uleb128 0xc
 691 0082 35       		.uleb128 0x35
 692 0083 00       		.byte	0
 693 0084 49       		.uleb128 0x49
 694 0085 13       		.uleb128 0x13
 695 0086 00       		.byte	0
 696 0087 00       		.byte	0
 697 0088 0D       		.uleb128 0xd
 698 0089 26       		.uleb128 0x26
 699 008a 00       		.byte	0
 700 008b 49       		.uleb128 0x49
 701 008c 13       		.uleb128 0x13
 702 008d 00       		.byte	0
 703 008e 00       		.byte	0
 704 008f 0E       		.uleb128 0xe
 705 0090 2E       		.uleb128 0x2e
 706 0091 00       		.byte	0
 707 0092 3F       		.uleb128 0x3f
 708 0093 19       		.uleb128 0x19
 709 0094 03       		.uleb128 0x3
 710 0095 0E       		.uleb128 0xe
 711 0096 3A       		.uleb128 0x3a
 712 0097 0B       		.uleb128 0xb
 713 0098 3B       		.uleb128 0x3b
 714 0099 0B       		.uleb128 0xb
 715 009a 27       		.uleb128 0x27
 716 009b 19       		.uleb128 0x19
 717 009c 11       		.uleb128 0x11
 718 009d 01       		.uleb128 0x1
 719 009e 12       		.uleb128 0x12
 720 009f 06       		.uleb128 0x6
 721 00a0 40       		.uleb128 0x40
 722 00a1 18       		.uleb128 0x18
 723 00a2 9742     		.uleb128 0x2117
 724 00a4 19       		.uleb128 0x19
ARM GAS  /tmp/cc0Dv4kF.s 			page 14


 725 00a5 00       		.byte	0
 726 00a6 00       		.byte	0
 727 00a7 0F       		.uleb128 0xf
 728 00a8 2E       		.uleb128 0x2e
 729 00a9 01       		.byte	0x1
 730 00aa 3F       		.uleb128 0x3f
 731 00ab 19       		.uleb128 0x19
 732 00ac 03       		.uleb128 0x3
 733 00ad 0E       		.uleb128 0xe
 734 00ae 3A       		.uleb128 0x3a
 735 00af 0B       		.uleb128 0xb
 736 00b0 3B       		.uleb128 0x3b
 737 00b1 0B       		.uleb128 0xb
 738 00b2 27       		.uleb128 0x27
 739 00b3 19       		.uleb128 0x19
 740 00b4 11       		.uleb128 0x11
 741 00b5 01       		.uleb128 0x1
 742 00b6 12       		.uleb128 0x12
 743 00b7 06       		.uleb128 0x6
 744 00b8 40       		.uleb128 0x40
 745 00b9 18       		.uleb128 0x18
 746 00ba 9742     		.uleb128 0x2117
 747 00bc 19       		.uleb128 0x19
 748 00bd 01       		.uleb128 0x1
 749 00be 13       		.uleb128 0x13
 750 00bf 00       		.byte	0
 751 00c0 00       		.byte	0
 752 00c1 10       		.uleb128 0x10
 753 00c2 05       		.uleb128 0x5
 754 00c3 00       		.byte	0
 755 00c4 03       		.uleb128 0x3
 756 00c5 08       		.uleb128 0x8
 757 00c6 3A       		.uleb128 0x3a
 758 00c7 0B       		.uleb128 0xb
 759 00c8 3B       		.uleb128 0x3b
 760 00c9 0B       		.uleb128 0xb
 761 00ca 49       		.uleb128 0x49
 762 00cb 13       		.uleb128 0x13
 763 00cc 02       		.uleb128 0x2
 764 00cd 17       		.uleb128 0x17
 765 00ce 00       		.byte	0
 766 00cf 00       		.byte	0
 767 00d0 11       		.uleb128 0x11
 768 00d1 05       		.uleb128 0x5
 769 00d2 00       		.byte	0
 770 00d3 03       		.uleb128 0x3
 771 00d4 0E       		.uleb128 0xe
 772 00d5 3A       		.uleb128 0x3a
 773 00d6 0B       		.uleb128 0xb
 774 00d7 3B       		.uleb128 0x3b
 775 00d8 0B       		.uleb128 0xb
 776 00d9 49       		.uleb128 0x49
 777 00da 13       		.uleb128 0x13
 778 00db 02       		.uleb128 0x2
 779 00dc 17       		.uleb128 0x17
 780 00dd 00       		.byte	0
 781 00de 00       		.byte	0
ARM GAS  /tmp/cc0Dv4kF.s 			page 15


 782 00df 12       		.uleb128 0x12
 783 00e0 34       		.uleb128 0x34
 784 00e1 00       		.byte	0
 785 00e2 03       		.uleb128 0x3
 786 00e3 08       		.uleb128 0x8
 787 00e4 3A       		.uleb128 0x3a
 788 00e5 0B       		.uleb128 0xb
 789 00e6 3B       		.uleb128 0x3b
 790 00e7 0B       		.uleb128 0xb
 791 00e8 49       		.uleb128 0x49
 792 00e9 13       		.uleb128 0x13
 793 00ea 02       		.uleb128 0x2
 794 00eb 17       		.uleb128 0x17
 795 00ec 00       		.byte	0
 796 00ed 00       		.byte	0
 797 00ee 13       		.uleb128 0x13
 798 00ef 898201   		.uleb128 0x4109
 799 00f2 00       		.byte	0
 800 00f3 11       		.uleb128 0x11
 801 00f4 01       		.uleb128 0x1
 802 00f5 31       		.uleb128 0x31
 803 00f6 13       		.uleb128 0x13
 804 00f7 00       		.byte	0
 805 00f8 00       		.byte	0
 806 00f9 14       		.uleb128 0x14
 807 00fa 898201   		.uleb128 0x4109
 808 00fd 01       		.byte	0x1
 809 00fe 11       		.uleb128 0x11
 810 00ff 01       		.uleb128 0x1
 811 0100 31       		.uleb128 0x31
 812 0101 13       		.uleb128 0x13
 813 0102 00       		.byte	0
 814 0103 00       		.byte	0
 815 0104 15       		.uleb128 0x15
 816 0105 8A8201   		.uleb128 0x410a
 817 0108 00       		.byte	0
 818 0109 02       		.uleb128 0x2
 819 010a 18       		.uleb128 0x18
 820 010b 9142     		.uleb128 0x2111
 821 010d 18       		.uleb128 0x18
 822 010e 00       		.byte	0
 823 010f 00       		.byte	0
 824 0110 16       		.uleb128 0x16
 825 0111 898201   		.uleb128 0x4109
 826 0114 01       		.byte	0x1
 827 0115 11       		.uleb128 0x11
 828 0116 01       		.uleb128 0x1
 829 0117 31       		.uleb128 0x31
 830 0118 13       		.uleb128 0x13
 831 0119 01       		.uleb128 0x1
 832 011a 13       		.uleb128 0x13
 833 011b 00       		.byte	0
 834 011c 00       		.byte	0
 835 011d 17       		.uleb128 0x17
 836 011e 34       		.uleb128 0x34
 837 011f 00       		.byte	0
 838 0120 03       		.uleb128 0x3
ARM GAS  /tmp/cc0Dv4kF.s 			page 16


 839 0121 0E       		.uleb128 0xe
 840 0122 3A       		.uleb128 0x3a
 841 0123 0B       		.uleb128 0xb
 842 0124 3B       		.uleb128 0x3b
 843 0125 0B       		.uleb128 0xb
 844 0126 49       		.uleb128 0x49
 845 0127 13       		.uleb128 0x13
 846 0128 3F       		.uleb128 0x3f
 847 0129 19       		.uleb128 0x19
 848 012a 02       		.uleb128 0x2
 849 012b 18       		.uleb128 0x18
 850 012c 00       		.byte	0
 851 012d 00       		.byte	0
 852 012e 18       		.uleb128 0x18
 853 012f 2E       		.uleb128 0x2e
 854 0130 00       		.byte	0
 855 0131 3F       		.uleb128 0x3f
 856 0132 19       		.uleb128 0x19
 857 0133 03       		.uleb128 0x3
 858 0134 0E       		.uleb128 0xe
 859 0135 3A       		.uleb128 0x3a
 860 0136 0B       		.uleb128 0xb
 861 0137 3B       		.uleb128 0x3b
 862 0138 0B       		.uleb128 0xb
 863 0139 27       		.uleb128 0x27
 864 013a 19       		.uleb128 0x19
 865 013b 3C       		.uleb128 0x3c
 866 013c 19       		.uleb128 0x19
 867 013d 00       		.byte	0
 868 013e 00       		.byte	0
 869 013f 19       		.uleb128 0x19
 870 0140 2E       		.uleb128 0x2e
 871 0141 01       		.byte	0x1
 872 0142 3F       		.uleb128 0x3f
 873 0143 19       		.uleb128 0x19
 874 0144 03       		.uleb128 0x3
 875 0145 0E       		.uleb128 0xe
 876 0146 3A       		.uleb128 0x3a
 877 0147 0B       		.uleb128 0xb
 878 0148 3B       		.uleb128 0x3b
 879 0149 0B       		.uleb128 0xb
 880 014a 27       		.uleb128 0x27
 881 014b 19       		.uleb128 0x19
 882 014c 3C       		.uleb128 0x3c
 883 014d 19       		.uleb128 0x19
 884 014e 00       		.byte	0
 885 014f 00       		.byte	0
 886 0150 00       		.byte	0
 887              		.section	.debug_loc,"",%progbits
 888              	.Ldebug_loc0:
 889              	.LLST0:
 890 0000 00000000 		.4byte	.LVL0
 891 0004 0D000000 		.4byte	.LVL1-1
 892 0008 0100     		.2byte	0x1
 893 000a 50       		.byte	0x50
 894 000b 0D000000 		.4byte	.LVL1-1
 895 000f 54000000 		.4byte	.LFE8
ARM GAS  /tmp/cc0Dv4kF.s 			page 17


 896 0013 0100     		.2byte	0x1
 897 0015 55       		.byte	0x55
 898 0016 00000000 		.4byte	0
 899 001a 00000000 		.4byte	0
 900              	.LLST1:
 901 001e 00000000 		.4byte	.LVL0
 902 0022 0D000000 		.4byte	.LVL1-1
 903 0026 0100     		.2byte	0x1
 904 0028 51       		.byte	0x51
 905 0029 0D000000 		.4byte	.LVL1-1
 906 002d 40000000 		.4byte	.LVL5
 907 0031 0100     		.2byte	0x1
 908 0033 54       		.byte	0x54
 909 0034 40000000 		.4byte	.LVL5
 910 0038 42000000 		.4byte	.LVL6
 911 003c 0200     		.2byte	0x2
 912 003e 75       		.byte	0x75
 913 003f 08       		.sleb128 8
 914 0040 44000000 		.4byte	.LVL7
 915 0044 54000000 		.4byte	.LFE8
 916 0048 0100     		.2byte	0x1
 917 004a 54       		.byte	0x54
 918 004b 00000000 		.4byte	0
 919 004f 00000000 		.4byte	0
 920              	.LLST2:
 921 0053 00000000 		.4byte	.LVL0
 922 0057 0D000000 		.4byte	.LVL1-1
 923 005b 0100     		.2byte	0x1
 924 005d 52       		.byte	0x52
 925 005e 0D000000 		.4byte	.LVL1-1
 926 0062 54000000 		.4byte	.LFE8
 927 0066 0100     		.2byte	0x1
 928 0068 56       		.byte	0x56
 929 0069 00000000 		.4byte	0
 930 006d 00000000 		.4byte	0
 931              	.LLST3:
 932 0071 00000000 		.4byte	.LVL0
 933 0075 0D000000 		.4byte	.LVL1-1
 934 0079 0100     		.2byte	0x1
 935 007b 53       		.byte	0x53
 936 007c 0D000000 		.4byte	.LVL1-1
 937 0080 54000000 		.4byte	.LFE8
 938 0084 0100     		.2byte	0x1
 939 0086 57       		.byte	0x57
 940 0087 00000000 		.4byte	0
 941 008b 00000000 		.4byte	0
 942              	.LLST4:
 943 008f 1A000000 		.4byte	.LVL2
 944 0093 24000000 		.4byte	.LVL3
 945 0097 0100     		.2byte	0x1
 946 0099 53       		.byte	0x53
 947 009a 26000000 		.4byte	.LVL4
 948 009e 44000000 		.4byte	.LVL7
 949 00a2 0100     		.2byte	0x1
 950 00a4 53       		.byte	0x53
 951 00a5 00000000 		.4byte	0
 952 00a9 00000000 		.4byte	0
ARM GAS  /tmp/cc0Dv4kF.s 			page 18


 953              	.LLST5:
 954 00ad 00000000 		.4byte	.LVL9
 955 00b1 07000000 		.4byte	.LVL10-1
 956 00b5 0100     		.2byte	0x1
 957 00b7 50       		.byte	0x50
 958 00b8 07000000 		.4byte	.LVL10-1
 959 00bc 48000000 		.4byte	.LFE9
 960 00c0 0100     		.2byte	0x1
 961 00c2 54       		.byte	0x54
 962 00c3 00000000 		.4byte	0
 963 00c7 00000000 		.4byte	0
 964              		.section	.debug_aranges,"",%progbits
 965 0000 2C000000 		.4byte	0x2c
 966 0004 0200     		.2byte	0x2
 967 0006 00000000 		.4byte	.Ldebug_info0
 968 000a 04       		.byte	0x4
 969 000b 00       		.byte	0
 970 000c 0000     		.2byte	0
 971 000e 0000     		.2byte	0
 972 0010 00000000 		.4byte	.LFB7
 973 0014 18000000 		.4byte	.LFE7-.LFB7
 974 0018 00000000 		.4byte	.LFB8
 975 001c 54000000 		.4byte	.LFE8-.LFB8
 976 0020 00000000 		.4byte	.LFB9
 977 0024 48000000 		.4byte	.LFE9-.LFB9
 978 0028 00000000 		.4byte	0
 979 002c 00000000 		.4byte	0
 980              		.section	.debug_ranges,"",%progbits
 981              	.Ldebug_ranges0:
 982 0000 00000000 		.4byte	.LFB7
 983 0004 18000000 		.4byte	.LFE7
 984 0008 00000000 		.4byte	.LFB8
 985 000c 54000000 		.4byte	.LFE8
 986 0010 00000000 		.4byte	.LFB9
 987 0014 48000000 		.4byte	.LFE9
 988 0018 00000000 		.4byte	0
 989 001c 00000000 		.4byte	0
 990              		.section	.debug_line,"",%progbits
 991              	.Ldebug_line0:
 992 0000 64010000 		.section	.debug_str,"MS",%progbits,1
 992      0200ED00 
 992      00000201 
 992      FB0E0D00 
 992      01010101 
 993              	.LASF26:
 994 0000 63685654 		.ascii	"chVTSetI\000"
 994      53657449 
 994      00
 995              	.LASF12:
 996 0009 73797374 		.ascii	"systime_t\000"
 996      696D655F 
 996      7400
 997              	.LASF33:
 998 0013 63684462 		.ascii	"chDbgCheckClassI\000"
 998      67436865 
 998      636B436C 
 998      61737349 
ARM GAS  /tmp/cc0Dv4kF.s 			page 19


 998      00
 999              	.LASF30:
 1000 0024 2F686F6D 		.ascii	"/home/makkmarci/devel/ChibiOS_2.6.5/projects/STM32F"
 1000      652F6D61 
 1000      6B6B6D61 
 1000      7263692F 
 1000      64657665 
 1001 0057 345F4368 		.ascii	"4_ChibiOS_uGFX/\000"
 1001      6962694F 
 1001      535F7547 
 1001      46582F00 
 1002              	.LASF14:
 1003 0067 76746675 		.ascii	"vtfunc_t\000"
 1003      6E635F74 
 1003      00
 1004              	.LASF6:
 1005 0070 6C6F6E67 		.ascii	"long unsigned int\000"
 1005      20756E73 
 1005      69676E65 
 1005      6420696E 
 1005      7400
 1006              	.LASF4:
 1007 0082 73686F72 		.ascii	"short unsigned int\000"
 1007      7420756E 
 1007      7369676E 
 1007      65642069 
 1007      6E7400
 1008              	.LASF15:
 1009 0095 56697274 		.ascii	"VirtualTimer\000"
 1009      75616C54 
 1009      696D6572 
 1009      00
 1010              	.LASF2:
 1011 00a2 756E7369 		.ascii	"unsigned char\000"
 1011      676E6564 
 1011      20636861 
 1011      7200
 1012              	.LASF31:
 1013 00b0 5F76745F 		.ascii	"_vt_init\000"
 1013      696E6974 
 1013      00
 1014              	.LASF9:
 1015 00b9 5F5F7569 		.ascii	"__uint32_t\000"
 1015      6E743332 
 1015      5F7400
 1016              	.LASF0:
 1017 00c4 756E7369 		.ascii	"unsigned int\000"
 1017      676E6564 
 1017      20696E74 
 1017      00
 1018              	.LASF8:
 1019 00d1 6C6F6E67 		.ascii	"long long unsigned int\000"
 1019      206C6F6E 
 1019      6720756E 
 1019      7369676E 
 1019      65642069 
 1020              	.LASF32:
ARM GAS  /tmp/cc0Dv4kF.s 			page 20


 1021 00e8 76746C69 		.ascii	"vtlist\000"
 1021      737400
 1022              	.LASF24:
 1023 00ef 74696D65 		.ascii	"time\000"
 1023      00
 1024              	.LASF18:
 1025 00f4 76745F74 		.ascii	"vt_time\000"
 1025      696D6500 
 1026              	.LASF13:
 1027 00fc 73697A65 		.ascii	"sizetype\000"
 1027      74797065 
 1027      00
 1028              	.LASF21:
 1029 0105 76745F73 		.ascii	"vt_systime\000"
 1029      79737469 
 1029      6D6500
 1030              	.LASF29:
 1031 0110 2E2E2F2E 		.ascii	"../../os/kernel/src/chvt.c\000"
 1031      2E2F6F73 
 1031      2F6B6572 
 1031      6E656C2F 
 1031      7372632F 
 1032              	.LASF7:
 1033 012b 6C6F6E67 		.ascii	"long long int\000"
 1033      206C6F6E 
 1033      6720696E 
 1033      7400
 1034              	.LASF19:
 1035 0139 76745F66 		.ascii	"vt_func\000"
 1035      756E6300 
 1036              	.LASF25:
 1037 0141 76746675 		.ascii	"vtfunc\000"
 1037      6E6300
 1038              	.LASF23:
 1039 0148 63686172 		.ascii	"char\000"
 1039      00
 1040              	.LASF34:
 1041 014d 63684462 		.ascii	"chDbgPanic\000"
 1041      6750616E 
 1041      696300
 1042              	.LASF20:
 1043 0158 76745F70 		.ascii	"vt_par\000"
 1043      617200
 1044              	.LASF3:
 1045 015f 73686F72 		.ascii	"short int\000"
 1045      7420696E 
 1045      7400
 1046              	.LASF17:
 1047 0169 76745F70 		.ascii	"vt_prev\000"
 1047      72657600 
 1048              	.LASF10:
 1049 0171 75696E74 		.ascii	"uint32_t\000"
 1049      33325F74 
 1049      00
 1050              	.LASF5:
 1051 017a 6C6F6E67 		.ascii	"long int\000"
 1051      20696E74 
ARM GAS  /tmp/cc0Dv4kF.s 			page 21


 1051      00
 1052              	.LASF1:
 1053 0183 7369676E 		.ascii	"signed char\000"
 1053      65642063 
 1053      68617200 
 1054              	.LASF28:
 1055 018f 474E5520 		.ascii	"GNU C 4.8.4 20140526 (release) [ARM/embedded-4_8-br"
 1055      4320342E 
 1055      382E3420 
 1055      32303134 
 1055      30353236 
 1056 01c2 616E6368 		.ascii	"anch revision 211358] -mcpu=cortex-m4 -mfloat-abi=h"
 1056      20726576 
 1056      6973696F 
 1056      6E203231 
 1056      31333538 
 1057 01f5 61726420 		.ascii	"ard -mfpu=fpv4-sp-d16 -mno-thumb-interwork -mthumb "
 1057      2D6D6670 
 1057      753D6670 
 1057      76342D73 
 1057      702D6431 
 1058 0228 2D676764 		.ascii	"-ggdb -O2 -fomit-frame-pointer -falign-functions=16"
 1058      62202D4F 
 1058      32202D66 
 1058      6F6D6974 
 1058      2D667261 
 1059 025b 202D6666 		.ascii	" -ffunction-sections -fdata-sections -fno-common -f"
 1059      756E6374 
 1059      696F6E2D 
 1059      73656374 
 1059      696F6E73 
 1060 028e 73696E67 		.ascii	"single-precision-constant\000"
 1060      6C652D70 
 1060      72656369 
 1060      73696F6E 
 1060      2D636F6E 
 1061              	.LASF22:
 1062 02a8 56544C69 		.ascii	"VTList\000"
 1062      737400
 1063              	.LASF16:
 1064 02af 76745F6E 		.ascii	"vt_next\000"
 1064      65787400 
 1065              	.LASF27:
 1066 02b7 63685654 		.ascii	"chVTResetI\000"
 1066      52657365 
 1066      744900
 1067              	.LASF11:
 1068 02c2 5F426F6F 		.ascii	"_Bool\000"
 1068      6C00
 1069              		.ident	"GCC: (GNU Tools for ARM Embedded Processors) 4.8.4 20140526 (release) [ARM/embedded-4_8-br
ARM GAS  /tmp/cc0Dv4kF.s 			page 22


DEFINED SYMBOLS
                            *ABS*:00000000 chvt.c
     /tmp/cc0Dv4kF.s:21     .text._vt_init:00000000 $t
     /tmp/cc0Dv4kF.s:27     .text._vt_init:00000000 _vt_init
     /tmp/cc0Dv4kF.s:52     .text._vt_init:00000014 $d
     /tmp/cc0Dv4kF.s:57     .text.chVTSetI:00000000 $t
     /tmp/cc0Dv4kF.s:63     .text.chVTSetI:00000000 chVTSetI
     /tmp/cc0Dv4kF.s:150    .text.chVTSetI:0000004c $d
     /tmp/cc0Dv4kF.s:156    .text.chVTResetI:00000000 $t
     /tmp/cc0Dv4kF.s:162    .text.chVTResetI:00000000 chVTResetI
     /tmp/cc0Dv4kF.s:224    .text.chVTResetI:0000003c $d
     /tmp/cc0Dv4kF.s:236    .bss.vtlist:00000000 vtlist
     /tmp/cc0Dv4kF.s:232    .bss.vtlist:00000000 $d
     /tmp/cc0Dv4kF.s:239    .rodata.str1.4:00000000 $d
                     .debug_frame:00000010 $d
     /tmp/cc0Dv4kF.s:56     .text._vt_init:00000018 $t
     /tmp/cc0Dv4kF.s:155    .text.chVTSetI:00000054 $t
     /tmp/cc0Dv4kF.s:231    .text.chVTResetI:00000048 $t

UNDEFINED SYMBOLS
chDbgCheckClassI
chDbgPanic
