ARM GAS  /tmp/cccyUWJ5.s 			page 1


   1              		.syntax unified
   2              		.cpu cortex-m4
   3              		.eabi_attribute 27, 3
   4              		.eabi_attribute 28, 1
   5              		.fpu fpv4-sp-d16
   6              		.eabi_attribute 20, 1
   7              		.eabi_attribute 21, 1
   8              		.eabi_attribute 23, 3
   9              		.eabi_attribute 24, 1
  10              		.eabi_attribute 25, 1
  11              		.eabi_attribute 26, 1
  12              		.eabi_attribute 30, 2
  13              		.eabi_attribute 34, 1
  14              		.eabi_attribute 18, 4
  15              		.thumb
  16              		.file	"gfx.c"
  17              		.text
  18              	.Ltext0:
  19              		.cfi_sections	.debug_frame
  20              		.section	.text.gfxInit,"ax",%progbits
  21              		.align	2
  22              		.p2align 4,,15
  23              		.global	gfxInit
  24              		.thumb
  25              		.thumb_func
  26              		.type	gfxInit, %function
  27              	gfxInit:
  28              	.LFB118:
  29              		.file 1 "/home/makkmarci/devel/ugfx/src/gfx.c"
  30              		.loc 1 61 0
  31              		.cfi_startproc
  32              		@ args = 0, pretend = 0, frame = 0
  33              		@ frame_needed = 0, uses_anonymous_args = 0
  34 0000 08B5     		push	{r3, lr}
  35              		.cfi_def_cfa_offset 8
  36              		.cfi_offset 3, -8
  37              		.cfi_offset 14, -4
  38              		.loc 1 63 0
  39 0002 064B     		ldr	r3, .L5
  40 0004 1A78     		ldrb	r2, [r3]	@ zero_extendqisi2
  41 0006 02B1     		cbz	r2, .L4
  42 0008 08BD     		pop	{r3, pc}
  43              	.L4:
  44              		.loc 1 65 0
  45 000a 0122     		movs	r2, #1
  46 000c 1A70     		strb	r2, [r3]
  47              		.loc 1 69 0
  48 000e FFF7FEFF 		bl	_gosInit
  49              	.LVL0:
  50              		.loc 1 97 0
  51 0012 BDE80840 		pop	{r3, lr}
  52              		.loc 1 83 0
  53 0016 FFF7FEBF 		b	_gdispInit
  54              	.LVL1:
  55              	.L6:
  56 001a 00BF     		.align	2
  57              	.L5:
ARM GAS  /tmp/cccyUWJ5.s 			page 2


  58 001c 00000000 		.word	.LANCHOR0
  59              		.cfi_endproc
  60              	.LFE118:
  61              		.size	gfxInit, .-gfxInit
  62              		.section	.text.gfxDeinit,"ax",%progbits
  63              		.align	2
  64              		.p2align 4,,15
  65              		.global	gfxDeinit
  66              		.thumb
  67              		.thumb_func
  68              		.type	gfxDeinit, %function
  69              	gfxDeinit:
  70              	.LFB119:
  71              		.loc 1 100 0
  72              		.cfi_startproc
  73              		@ args = 0, pretend = 0, frame = 0
  74              		@ frame_needed = 0, uses_anonymous_args = 0
  75 0000 08B5     		push	{r3, lr}
  76              		.cfi_def_cfa_offset 8
  77              		.cfi_offset 3, -8
  78              		.cfi_offset 14, -4
  79              		.loc 1 101 0
  80 0002 064B     		ldr	r3, .L10
  81 0004 1A78     		ldrb	r2, [r3]	@ zero_extendqisi2
  82 0006 02B9     		cbnz	r2, .L9
  83 0008 08BD     		pop	{r3, pc}
  84              	.L9:
  85              		.loc 1 103 0
  86 000a 0022     		movs	r2, #0
  87 000c 1A70     		strb	r2, [r3]
  88              		.loc 1 119 0
  89 000e FFF7FEFF 		bl	_gdispDeinit
  90              	.LVL2:
  91              		.loc 1 134 0
  92 0012 BDE80840 		pop	{r3, lr}
  93              		.loc 1 133 0
  94 0016 FFF7FEBF 		b	_gosDeinit
  95              	.LVL3:
  96              	.L11:
  97 001a 00BF     		.align	2
  98              	.L10:
  99 001c 00000000 		.word	.LANCHOR0
 100              		.cfi_endproc
 101              	.LFE119:
 102              		.size	gfxDeinit, .-gfxDeinit
 103              		.section	.bss.initDone,"aw",%nobits
 104              		.set	.LANCHOR0,. + 0
 105              		.type	initDone, %object
 106              		.size	initDone, 1
 107              	initDone:
 108 0000 00       		.space	1
 109              		.text
 110              	.Letext0:
 111              		.file 2 "/opt/ARM/arm-none-eabi/include/machine/_default_types.h"
 112              		.file 3 "/opt/ARM/arm-none-eabi/include/stdint.h"
 113              		.file 4 "../../os/ports/GCC/ARMCMx/chtypes.h"
 114              		.file 5 "../../os/ports/common/ARMCMx/CMSIS/include/core_cm4.h"
ARM GAS  /tmp/cccyUWJ5.s 			page 3


 115              		.section	.debug_info,"",%progbits
 116              	.Ldebug_info0:
 117 0000 2C010000 		.4byte	0x12c
 118 0004 0400     		.2byte	0x4
 119 0006 00000000 		.4byte	.Ldebug_abbrev0
 120 000a 04       		.byte	0x4
 121 000b 01       		.uleb128 0x1
 122 000c C8000000 		.4byte	.LASF21
 123 0010 01       		.byte	0x1
 124 0011 71000000 		.4byte	.LASF22
 125 0015 2E000000 		.4byte	.LASF23
 126 0019 00000000 		.4byte	.Ldebug_ranges0+0
 127 001d 00000000 		.4byte	0
 128 0021 00000000 		.4byte	.Ldebug_line0
 129 0025 02       		.uleb128 0x2
 130 0026 04       		.byte	0x4
 131 0027 05       		.byte	0x5
 132 0028 696E7400 		.ascii	"int\000"
 133 002c 03       		.uleb128 0x3
 134 002d 04       		.byte	0x4
 135 002e 07       		.byte	0x7
 136 002f 21000000 		.4byte	.LASF0
 137 0033 03       		.uleb128 0x3
 138 0034 01       		.byte	0x1
 139 0035 06       		.byte	0x6
 140 0036 39020000 		.4byte	.LASF1
 141 003a 03       		.uleb128 0x3
 142 003b 01       		.byte	0x1
 143 003c 08       		.byte	0x8
 144 003d E1010000 		.4byte	.LASF2
 145 0041 03       		.uleb128 0x3
 146 0042 02       		.byte	0x2
 147 0043 05       		.byte	0x5
 148 0044 6B020000 		.4byte	.LASF3
 149 0048 03       		.uleb128 0x3
 150 0049 02       		.byte	0x2
 151 004a 07       		.byte	0x7
 152 004b 0E000000 		.4byte	.LASF4
 153 004f 04       		.uleb128 0x4
 154 0050 56020000 		.4byte	.LASF9
 155 0054 02       		.byte	0x2
 156 0055 37       		.byte	0x37
 157 0056 5A000000 		.4byte	0x5a
 158 005a 03       		.uleb128 0x3
 159 005b 04       		.byte	0x4
 160 005c 05       		.byte	0x5
 161 005d F4010000 		.4byte	.LASF5
 162 0061 03       		.uleb128 0x3
 163 0062 04       		.byte	0x4
 164 0063 07       		.byte	0x7
 165 0064 96000000 		.4byte	.LASF6
 166 0068 03       		.uleb128 0x3
 167 0069 08       		.byte	0x8
 168 006a 05       		.byte	0x5
 169 006b 00000000 		.4byte	.LASF7
 170 006f 03       		.uleb128 0x3
 171 0070 08       		.byte	0x8
ARM GAS  /tmp/cccyUWJ5.s 			page 4


 172 0071 07       		.byte	0x7
 173 0072 A8000000 		.4byte	.LASF8
 174 0076 04       		.uleb128 0x4
 175 0077 75020000 		.4byte	.LASF10
 176 007b 03       		.byte	0x3
 177 007c 41       		.byte	0x41
 178 007d 4F000000 		.4byte	0x4f
 179 0081 04       		.uleb128 0x4
 180 0082 4F020000 		.4byte	.LASF11
 181 0086 04       		.byte	0x4
 182 0087 2B       		.byte	0x2b
 183 0088 8C000000 		.4byte	0x8c
 184 008c 03       		.uleb128 0x3
 185 008d 01       		.byte	0x1
 186 008e 02       		.byte	0x2
 187 008f 1D020000 		.4byte	.LASF12
 188 0093 03       		.uleb128 0x3
 189 0094 04       		.byte	0x4
 190 0095 07       		.byte	0x7
 191 0096 7D020000 		.4byte	.LASF13
 192 009a 03       		.uleb128 0x3
 193 009b 01       		.byte	0x1
 194 009c 08       		.byte	0x8
 195 009d EF010000 		.4byte	.LASF14
 196 00a1 05       		.uleb128 0x5
 197 00a2 76000000 		.4byte	0x76
 198 00a6 06       		.uleb128 0x6
 199 00a7 FD010000 		.4byte	.LASF15
 200 00ab 01       		.byte	0x1
 201 00ac 3C       		.byte	0x3c
 202 00ad 00000000 		.4byte	.LFB118
 203 00b1 20000000 		.4byte	.LFE118-.LFB118
 204 00b5 01       		.uleb128 0x1
 205 00b6 9C       		.byte	0x9c
 206 00b7 CE000000 		.4byte	0xce
 207 00bb 07       		.uleb128 0x7
 208 00bc 12000000 		.4byte	.LVL0
 209 00c0 13010000 		.4byte	0x113
 210 00c4 08       		.uleb128 0x8
 211 00c5 1A000000 		.4byte	.LVL1
 212 00c9 1A010000 		.4byte	0x11a
 213 00cd 00       		.byte	0
 214 00ce 06       		.uleb128 0x6
 215 00cf 45020000 		.4byte	.LASF16
 216 00d3 01       		.byte	0x1
 217 00d4 63       		.byte	0x63
 218 00d5 00000000 		.4byte	.LFB119
 219 00d9 20000000 		.4byte	.LFE119-.LFB119
 220 00dd 01       		.uleb128 0x1
 221 00de 9C       		.byte	0x9c
 222 00df F6000000 		.4byte	0xf6
 223 00e3 07       		.uleb128 0x7
 224 00e4 12000000 		.4byte	.LVL2
 225 00e8 21010000 		.4byte	0x121
 226 00ec 08       		.uleb128 0x8
 227 00ed 1A000000 		.4byte	.LVL3
 228 00f1 28010000 		.4byte	0x128
ARM GAS  /tmp/cccyUWJ5.s 			page 5


 229 00f5 00       		.byte	0
 230 00f6 09       		.uleb128 0x9
 231 00f7 23020000 		.4byte	.LASF24
 232 00fb 01       		.byte	0x1
 233 00fc 12       		.byte	0x12
 234 00fd 81000000 		.4byte	0x81
 235 0101 05       		.uleb128 0x5
 236 0102 03       		.byte	0x3
 237 0103 00000000 		.4byte	initDone
 238 0107 0A       		.uleb128 0xa
 239 0108 2C020000 		.4byte	.LASF25
 240 010c 05       		.byte	0x5
 241 010d 9806     		.2byte	0x698
 242 010f A1000000 		.4byte	0xa1
 243 0113 0B       		.uleb128 0xb
 244 0114 BF000000 		.4byte	.LASF17
 245 0118 01       		.byte	0x1
 246 0119 15       		.byte	0x15
 247 011a 0B       		.uleb128 0xb
 248 011b 60020000 		.4byte	.LASF18
 249 011f 01       		.byte	0x1
 250 0120 18       		.byte	0x18
 251 0121 0B       		.uleb128 0xb
 252 0122 05020000 		.4byte	.LASF19
 253 0126 01       		.byte	0x1
 254 0127 19       		.byte	0x19
 255 0128 0B       		.uleb128 0xb
 256 0129 12020000 		.4byte	.LASF20
 257 012d 01       		.byte	0x1
 258 012e 16       		.byte	0x16
 259 012f 00       		.byte	0
 260              		.section	.debug_abbrev,"",%progbits
 261              	.Ldebug_abbrev0:
 262 0000 01       		.uleb128 0x1
 263 0001 11       		.uleb128 0x11
 264 0002 01       		.byte	0x1
 265 0003 25       		.uleb128 0x25
 266 0004 0E       		.uleb128 0xe
 267 0005 13       		.uleb128 0x13
 268 0006 0B       		.uleb128 0xb
 269 0007 03       		.uleb128 0x3
 270 0008 0E       		.uleb128 0xe
 271 0009 1B       		.uleb128 0x1b
 272 000a 0E       		.uleb128 0xe
 273 000b 55       		.uleb128 0x55
 274 000c 17       		.uleb128 0x17
 275 000d 11       		.uleb128 0x11
 276 000e 01       		.uleb128 0x1
 277 000f 10       		.uleb128 0x10
 278 0010 17       		.uleb128 0x17
 279 0011 00       		.byte	0
 280 0012 00       		.byte	0
 281 0013 02       		.uleb128 0x2
 282 0014 24       		.uleb128 0x24
 283 0015 00       		.byte	0
 284 0016 0B       		.uleb128 0xb
 285 0017 0B       		.uleb128 0xb
ARM GAS  /tmp/cccyUWJ5.s 			page 6


 286 0018 3E       		.uleb128 0x3e
 287 0019 0B       		.uleb128 0xb
 288 001a 03       		.uleb128 0x3
 289 001b 08       		.uleb128 0x8
 290 001c 00       		.byte	0
 291 001d 00       		.byte	0
 292 001e 03       		.uleb128 0x3
 293 001f 24       		.uleb128 0x24
 294 0020 00       		.byte	0
 295 0021 0B       		.uleb128 0xb
 296 0022 0B       		.uleb128 0xb
 297 0023 3E       		.uleb128 0x3e
 298 0024 0B       		.uleb128 0xb
 299 0025 03       		.uleb128 0x3
 300 0026 0E       		.uleb128 0xe
 301 0027 00       		.byte	0
 302 0028 00       		.byte	0
 303 0029 04       		.uleb128 0x4
 304 002a 16       		.uleb128 0x16
 305 002b 00       		.byte	0
 306 002c 03       		.uleb128 0x3
 307 002d 0E       		.uleb128 0xe
 308 002e 3A       		.uleb128 0x3a
 309 002f 0B       		.uleb128 0xb
 310 0030 3B       		.uleb128 0x3b
 311 0031 0B       		.uleb128 0xb
 312 0032 49       		.uleb128 0x49
 313 0033 13       		.uleb128 0x13
 314 0034 00       		.byte	0
 315 0035 00       		.byte	0
 316 0036 05       		.uleb128 0x5
 317 0037 35       		.uleb128 0x35
 318 0038 00       		.byte	0
 319 0039 49       		.uleb128 0x49
 320 003a 13       		.uleb128 0x13
 321 003b 00       		.byte	0
 322 003c 00       		.byte	0
 323 003d 06       		.uleb128 0x6
 324 003e 2E       		.uleb128 0x2e
 325 003f 01       		.byte	0x1
 326 0040 3F       		.uleb128 0x3f
 327 0041 19       		.uleb128 0x19
 328 0042 03       		.uleb128 0x3
 329 0043 0E       		.uleb128 0xe
 330 0044 3A       		.uleb128 0x3a
 331 0045 0B       		.uleb128 0xb
 332 0046 3B       		.uleb128 0x3b
 333 0047 0B       		.uleb128 0xb
 334 0048 27       		.uleb128 0x27
 335 0049 19       		.uleb128 0x19
 336 004a 11       		.uleb128 0x11
 337 004b 01       		.uleb128 0x1
 338 004c 12       		.uleb128 0x12
 339 004d 06       		.uleb128 0x6
 340 004e 40       		.uleb128 0x40
 341 004f 18       		.uleb128 0x18
 342 0050 9742     		.uleb128 0x2117
ARM GAS  /tmp/cccyUWJ5.s 			page 7


 343 0052 19       		.uleb128 0x19
 344 0053 01       		.uleb128 0x1
 345 0054 13       		.uleb128 0x13
 346 0055 00       		.byte	0
 347 0056 00       		.byte	0
 348 0057 07       		.uleb128 0x7
 349 0058 898201   		.uleb128 0x4109
 350 005b 00       		.byte	0
 351 005c 11       		.uleb128 0x11
 352 005d 01       		.uleb128 0x1
 353 005e 31       		.uleb128 0x31
 354 005f 13       		.uleb128 0x13
 355 0060 00       		.byte	0
 356 0061 00       		.byte	0
 357 0062 08       		.uleb128 0x8
 358 0063 898201   		.uleb128 0x4109
 359 0066 00       		.byte	0
 360 0067 11       		.uleb128 0x11
 361 0068 01       		.uleb128 0x1
 362 0069 9542     		.uleb128 0x2115
 363 006b 19       		.uleb128 0x19
 364 006c 31       		.uleb128 0x31
 365 006d 13       		.uleb128 0x13
 366 006e 00       		.byte	0
 367 006f 00       		.byte	0
 368 0070 09       		.uleb128 0x9
 369 0071 34       		.uleb128 0x34
 370 0072 00       		.byte	0
 371 0073 03       		.uleb128 0x3
 372 0074 0E       		.uleb128 0xe
 373 0075 3A       		.uleb128 0x3a
 374 0076 0B       		.uleb128 0xb
 375 0077 3B       		.uleb128 0x3b
 376 0078 0B       		.uleb128 0xb
 377 0079 49       		.uleb128 0x49
 378 007a 13       		.uleb128 0x13
 379 007b 02       		.uleb128 0x2
 380 007c 18       		.uleb128 0x18
 381 007d 00       		.byte	0
 382 007e 00       		.byte	0
 383 007f 0A       		.uleb128 0xa
 384 0080 34       		.uleb128 0x34
 385 0081 00       		.byte	0
 386 0082 03       		.uleb128 0x3
 387 0083 0E       		.uleb128 0xe
 388 0084 3A       		.uleb128 0x3a
 389 0085 0B       		.uleb128 0xb
 390 0086 3B       		.uleb128 0x3b
 391 0087 05       		.uleb128 0x5
 392 0088 49       		.uleb128 0x49
 393 0089 13       		.uleb128 0x13
 394 008a 3F       		.uleb128 0x3f
 395 008b 19       		.uleb128 0x19
 396 008c 3C       		.uleb128 0x3c
 397 008d 19       		.uleb128 0x19
 398 008e 00       		.byte	0
 399 008f 00       		.byte	0
ARM GAS  /tmp/cccyUWJ5.s 			page 8


 400 0090 0B       		.uleb128 0xb
 401 0091 2E       		.uleb128 0x2e
 402 0092 00       		.byte	0
 403 0093 3F       		.uleb128 0x3f
 404 0094 19       		.uleb128 0x19
 405 0095 03       		.uleb128 0x3
 406 0096 0E       		.uleb128 0xe
 407 0097 3A       		.uleb128 0x3a
 408 0098 0B       		.uleb128 0xb
 409 0099 3B       		.uleb128 0x3b
 410 009a 0B       		.uleb128 0xb
 411 009b 27       		.uleb128 0x27
 412 009c 19       		.uleb128 0x19
 413 009d 3C       		.uleb128 0x3c
 414 009e 19       		.uleb128 0x19
 415 009f 00       		.byte	0
 416 00a0 00       		.byte	0
 417 00a1 00       		.byte	0
 418              		.section	.debug_aranges,"",%progbits
 419 0000 24000000 		.4byte	0x24
 420 0004 0200     		.2byte	0x2
 421 0006 00000000 		.4byte	.Ldebug_info0
 422 000a 04       		.byte	0x4
 423 000b 00       		.byte	0
 424 000c 0000     		.2byte	0
 425 000e 0000     		.2byte	0
 426 0010 00000000 		.4byte	.LFB118
 427 0014 20000000 		.4byte	.LFE118-.LFB118
 428 0018 00000000 		.4byte	.LFB119
 429 001c 20000000 		.4byte	.LFE119-.LFB119
 430 0020 00000000 		.4byte	0
 431 0024 00000000 		.4byte	0
 432              		.section	.debug_ranges,"",%progbits
 433              	.Ldebug_ranges0:
 434 0000 00000000 		.4byte	.LFB118
 435 0004 20000000 		.4byte	.LFE118
 436 0008 00000000 		.4byte	.LFB119
 437 000c 20000000 		.4byte	.LFE119
 438 0010 00000000 		.4byte	0
 439 0014 00000000 		.4byte	0
 440              		.section	.debug_line,"",%progbits
 441              	.Ldebug_line0:
 442 0000 38010000 		.section	.debug_str,"MS",%progbits,1
 442      02000101 
 442      00000201 
 442      FB0E0D00 
 442      01010101 
 443              	.LASF7:
 444 0000 6C6F6E67 		.ascii	"long long int\000"
 444      206C6F6E 
 444      6720696E 
 444      7400
 445              	.LASF4:
 446 000e 73686F72 		.ascii	"short unsigned int\000"
 446      7420756E 
 446      7369676E 
 446      65642069 
ARM GAS  /tmp/cccyUWJ5.s 			page 9


 446      6E7400
 447              	.LASF0:
 448 0021 756E7369 		.ascii	"unsigned int\000"
 448      676E6564 
 448      20696E74 
 448      00
 449              	.LASF23:
 450 002e 2F686F6D 		.ascii	"/home/makkmarci/devel/ChibiOS_2.6.5/projects/STM32F"
 450      652F6D61 
 450      6B6B6D61 
 450      7263692F 
 450      64657665 
 451 0061 345F4368 		.ascii	"4_ChibiOS_uGFX/\000"
 451      6962694F 
 451      535F7547 
 451      46582F00 
 452              	.LASF22:
 453 0071 2F686F6D 		.ascii	"/home/makkmarci/devel/ugfx/src/gfx.c\000"
 453      652F6D61 
 453      6B6B6D61 
 453      7263692F 
 453      64657665 
 454              	.LASF6:
 455 0096 6C6F6E67 		.ascii	"long unsigned int\000"
 455      20756E73 
 455      69676E65 
 455      6420696E 
 455      7400
 456              	.LASF8:
 457 00a8 6C6F6E67 		.ascii	"long long unsigned int\000"
 457      206C6F6E 
 457      6720756E 
 457      7369676E 
 457      65642069 
 458              	.LASF17:
 459 00bf 5F676F73 		.ascii	"_gosInit\000"
 459      496E6974 
 459      00
 460              	.LASF21:
 461 00c8 474E5520 		.ascii	"GNU C 4.8.4 20140526 (release) [ARM/embedded-4_8-br"
 461      4320342E 
 461      382E3420 
 461      32303134 
 461      30353236 
 462 00fb 616E6368 		.ascii	"anch revision 211358] -mcpu=cortex-m4 -mfloat-abi=h"
 462      20726576 
 462      6973696F 
 462      6E203231 
 462      31333538 
 463 012e 61726420 		.ascii	"ard -mfpu=fpv4-sp-d16 -mno-thumb-interwork -mthumb "
 463      2D6D6670 
 463      753D6670 
 463      76342D73 
 463      702D6431 
 464 0161 2D676764 		.ascii	"-ggdb -O2 -fomit-frame-pointer -falign-functions=16"
 464      62202D4F 
 464      32202D66 
ARM GAS  /tmp/cccyUWJ5.s 			page 10


 464      6F6D6974 
 464      2D667261 
 465 0194 202D6666 		.ascii	" -ffunction-sections -fdata-sections -fno-common -f"
 465      756E6374 
 465      696F6E2D 
 465      73656374 
 465      696F6E73 
 466 01c7 73696E67 		.ascii	"single-precision-constant\000"
 466      6C652D70 
 466      72656369 
 466      73696F6E 
 466      2D636F6E 
 467              	.LASF2:
 468 01e1 756E7369 		.ascii	"unsigned char\000"
 468      676E6564 
 468      20636861 
 468      7200
 469              	.LASF14:
 470 01ef 63686172 		.ascii	"char\000"
 470      00
 471              	.LASF5:
 472 01f4 6C6F6E67 		.ascii	"long int\000"
 472      20696E74 
 472      00
 473              	.LASF15:
 474 01fd 67667849 		.ascii	"gfxInit\000"
 474      6E697400 
 475              	.LASF19:
 476 0205 5F676469 		.ascii	"_gdispDeinit\000"
 476      73704465 
 476      696E6974 
 476      00
 477              	.LASF20:
 478 0212 5F676F73 		.ascii	"_gosDeinit\000"
 478      4465696E 
 478      697400
 479              	.LASF12:
 480 021d 5F426F6F 		.ascii	"_Bool\000"
 480      6C00
 481              	.LASF24:
 482 0223 696E6974 		.ascii	"initDone\000"
 482      446F6E65 
 482      00
 483              	.LASF25:
 484 022c 49544D5F 		.ascii	"ITM_RxBuffer\000"
 484      52784275 
 484      66666572 
 484      00
 485              	.LASF1:
 486 0239 7369676E 		.ascii	"signed char\000"
 486      65642063 
 486      68617200 
 487              	.LASF16:
 488 0245 67667844 		.ascii	"gfxDeinit\000"
 488      65696E69 
 488      7400
 489              	.LASF11:
ARM GAS  /tmp/cccyUWJ5.s 			page 11


 490 024f 626F6F6C 		.ascii	"bool_t\000"
 490      5F7400
 491              	.LASF9:
 492 0256 5F5F696E 		.ascii	"__int32_t\000"
 492      7433325F 
 492      7400
 493              	.LASF18:
 494 0260 5F676469 		.ascii	"_gdispInit\000"
 494      7370496E 
 494      697400
 495              	.LASF3:
 496 026b 73686F72 		.ascii	"short int\000"
 496      7420696E 
 496      7400
 497              	.LASF10:
 498 0275 696E7433 		.ascii	"int32_t\000"
 498      325F7400 
 499              	.LASF13:
 500 027d 73697A65 		.ascii	"sizetype\000"
 500      74797065 
 500      00
 501              		.ident	"GCC: (GNU Tools for ARM Embedded Processors) 4.8.4 20140526 (release) [ARM/embedded-4_8-br
ARM GAS  /tmp/cccyUWJ5.s 			page 12


DEFINED SYMBOLS
                            *ABS*:00000000 gfx.c
     /tmp/cccyUWJ5.s:21     .text.gfxInit:00000000 $t
     /tmp/cccyUWJ5.s:27     .text.gfxInit:00000000 gfxInit
     /tmp/cccyUWJ5.s:58     .text.gfxInit:0000001c $d
     /tmp/cccyUWJ5.s:63     .text.gfxDeinit:00000000 $t
     /tmp/cccyUWJ5.s:69     .text.gfxDeinit:00000000 gfxDeinit
     /tmp/cccyUWJ5.s:99     .text.gfxDeinit:0000001c $d
     /tmp/cccyUWJ5.s:107    .bss.initDone:00000000 initDone
     /tmp/cccyUWJ5.s:108    .bss.initDone:00000000 $d
                     .debug_frame:00000010 $d

UNDEFINED SYMBOLS
_gosInit
_gdispInit
_gdispDeinit
_gosDeinit
