ARM GAS  /tmp/ccND9lrJ.s 			page 1


   1              		.syntax unified
   2              		.cpu cortex-m4
   3              		.eabi_attribute 27, 1
   4              		.eabi_attribute 28, 1
   5              		.fpu fpv4-sp-d16
   6              		.eabi_attribute 20, 1
   7              		.eabi_attribute 21, 1
   8              		.eabi_attribute 23, 3
   9              		.eabi_attribute 24, 1
  10              		.eabi_attribute 25, 1
  11              		.eabi_attribute 26, 1
  12              		.eabi_attribute 30, 6
  13              		.eabi_attribute 34, 1
  14              		.eabi_attribute 18, 4
  15              		.thumb
  16              		.file	"gqueue.c"
  17              		.text
  18              	.Ltext0:
  19              		.cfi_sections	.debug_frame
  20              		.section	.text._gqueueInit,"ax",%progbits
  21              		.align	2
  22              		.p2align 4,,15
  23              		.global	_gqueueInit
  24              		.thumb
  25              		.thumb_func
  26              		.type	_gqueueInit, %function
  27              	_gqueueInit:
  28              	.LFB111:
  29              		.file 1 "/home/makkmarci/workspace/ugfx/src/gqueue/gqueue.c"
  30              		.loc 1 17 0
  31              		.cfi_startproc
  32              		@ args = 0, pretend = 0, frame = 0
  33              		@ frame_needed = 0, uses_anonymous_args = 0
  34              		@ link register save eliminated.
  35              		.loc 1 21 0
  36 0000 7047     		bx	lr
  37              		.cfi_endproc
  38              	.LFE111:
  39              		.size	_gqueueInit, .-_gqueueInit
  40 0002 00BFAFF3 		.section	.text._gqueueDeinit,"ax",%progbits
  40      0080AFF3 
  40      0080AFF3 
  40      0080
  41              		.align	2
  42              		.p2align 4,,15
  43              		.global	_gqueueDeinit
  44              		.thumb
  45              		.thumb_func
  46              		.type	_gqueueDeinit, %function
  47              	_gqueueDeinit:
  48              	.LFB112:
  49              		.loc 1 24 0
  50              		.cfi_startproc
  51              		@ args = 0, pretend = 0, frame = 0
  52              		@ frame_needed = 0, uses_anonymous_args = 0
  53              		@ link register save eliminated.
  54              		.loc 1 25 0
ARM GAS  /tmp/ccND9lrJ.s 			page 2


  55 0000 7047     		bx	lr
  56              		.cfi_endproc
  57              	.LFE112:
  58              		.size	_gqueueDeinit, .-_gqueueDeinit
  59 0002 00BFAFF3 		.section	.text.gfxQueueASyncInit,"ax",%progbits
  59      0080AFF3 
  59      0080AFF3 
  59      0080
  60              		.align	2
  61              		.p2align 4,,15
  62              		.global	gfxQueueASyncInit
  63              		.thumb
  64              		.thumb_func
  65              		.type	gfxQueueASyncInit, %function
  66              	gfxQueueASyncInit:
  67              	.LFB113:
  68              		.loc 1 28 0
  69              		.cfi_startproc
  70              		@ args = 0, pretend = 0, frame = 8
  71              		@ frame_needed = 0, uses_anonymous_args = 0
  72              		@ link register save eliminated.
  73 0000 82B0     		sub	sp, sp, #8
  74              		.cfi_def_cfa_offset 8
  75 0002 0190     		str	r0, [sp, #4]
  76              		.loc 1 29 0
  77 0004 019B     		ldr	r3, [sp, #4]
  78 0006 0022     		movs	r2, #0
  79 0008 5A60     		str	r2, [r3, #4]
  80 000a 019B     		ldr	r3, [sp, #4]
  81 000c 5A68     		ldr	r2, [r3, #4]
  82 000e 019B     		ldr	r3, [sp, #4]
  83 0010 1A60     		str	r2, [r3]
  84              		.loc 1 30 0
  85 0012 02B0     		add	sp, sp, #8
  86              		.cfi_def_cfa_offset 0
  87              		@ sp needed
  88 0014 7047     		bx	lr
  89              		.cfi_endproc
  90              	.LFE113:
  91              		.size	gfxQueueASyncInit, .-gfxQueueASyncInit
  92 0016 00BFAFF3 		.section	.text.gfxQueueASyncGet,"ax",%progbits
  92      0080AFF3 
  92      0080
  93              		.align	2
  94              		.p2align 4,,15
  95              		.global	gfxQueueASyncGet
  96              		.thumb
  97              		.thumb_func
  98              		.type	gfxQueueASyncGet, %function
  99              	gfxQueueASyncGet:
 100              	.LFB114:
 101              		.loc 1 32 0
 102              		.cfi_startproc
 103              		@ args = 0, pretend = 0, frame = 16
 104              		@ frame_needed = 0, uses_anonymous_args = 0
 105 0000 00B5     		push	{lr}
 106              		.cfi_def_cfa_offset 4
ARM GAS  /tmp/ccND9lrJ.s 			page 3


 107              		.cfi_offset 14, -4
 108 0002 85B0     		sub	sp, sp, #20
 109              		.cfi_def_cfa_offset 24
 110 0004 0190     		str	r0, [sp, #4]
 111              		.loc 1 36 0
 112 0006 019B     		ldr	r3, [sp, #4]
 113 0008 1B68     		ldr	r3, [r3]
 114 000a 002B     		cmp	r3, #0
 115 000c 01D1     		bne	.L5
 116              		.loc 1 37 0
 117 000e 0023     		movs	r3, #0
 118 0010 08E0     		b	.L6
 119              	.L5:
 120              		.loc 1 39 0
 121              	@ 39 "/home/makkmarci/workspace/ugfx/src/gqueue/gqueue.c" 1
 122 0012 FFF7FEFF 		bl      _port_lock
 123              	@ 0 "" 2
 124              		.loc 1 40 0
 125              		.thumb
 126 0016 0198     		ldr	r0, [sp, #4]
 127 0018 FFF7FEFF 		bl	gfxQueueASyncGetI
 128 001c 0390     		str	r0, [sp, #12]
 129              		.loc 1 41 0
 130              	@ 41 "/home/makkmarci/workspace/ugfx/src/gqueue/gqueue.c" 1
 131 001e FFF7FEFF 		bl      _port_unlock
 132              	@ 0 "" 2
 133              		.loc 1 43 0
 134              		.thumb
 135 0022 039B     		ldr	r3, [sp, #12]
 136              	.L6:
 137              		.loc 1 44 0
 138 0024 1846     		mov	r0, r3
 139 0026 05B0     		add	sp, sp, #20
 140              		.cfi_def_cfa_offset 4
 141              		@ sp needed
 142 0028 5DF804FB 		ldr	pc, [sp], #4
 143              		.cfi_endproc
 144              	.LFE114:
 145              		.size	gfxQueueASyncGet, .-gfxQueueASyncGet
 146 002c AFF30080 		.section	.text.gfxQueueASyncGetI,"ax",%progbits
 147              		.align	2
 148              		.p2align 4,,15
 149              		.global	gfxQueueASyncGetI
 150              		.thumb
 151              		.thumb_func
 152              		.type	gfxQueueASyncGetI, %function
 153              	gfxQueueASyncGetI:
 154              	.LFB115:
 155              		.loc 1 45 0
 156              		.cfi_startproc
 157              		@ args = 0, pretend = 0, frame = 16
 158              		@ frame_needed = 0, uses_anonymous_args = 0
 159              		@ link register save eliminated.
 160 0000 84B0     		sub	sp, sp, #16
 161              		.cfi_def_cfa_offset 16
 162 0002 0190     		str	r0, [sp, #4]
 163              		.loc 1 48 0
ARM GAS  /tmp/ccND9lrJ.s 			page 4


 164 0004 019B     		ldr	r3, [sp, #4]
 165 0006 1B68     		ldr	r3, [r3]
 166 0008 0393     		str	r3, [sp, #12]
 167 000a 039B     		ldr	r3, [sp, #12]
 168 000c 002B     		cmp	r3, #0
 169 000e 06D0     		beq	.L8
 170              		.loc 1 49 0
 171 0010 039B     		ldr	r3, [sp, #12]
 172 0012 1A68     		ldr	r2, [r3]
 173 0014 019B     		ldr	r3, [sp, #4]
 174 0016 1A60     		str	r2, [r3]
 175              		.loc 1 50 0
 176 0018 039B     		ldr	r3, [sp, #12]
 177 001a 0022     		movs	r2, #0
 178 001c 1A60     		str	r2, [r3]
 179              	.L8:
 180              		.loc 1 53 0
 181 001e 039B     		ldr	r3, [sp, #12]
 182              		.loc 1 54 0
 183 0020 1846     		mov	r0, r3
 184 0022 04B0     		add	sp, sp, #16
 185              		.cfi_def_cfa_offset 0
 186              		@ sp needed
 187 0024 7047     		bx	lr
 188              		.cfi_endproc
 189              	.LFE115:
 190              		.size	gfxQueueASyncGetI, .-gfxQueueASyncGetI
 191 0026 00BFAFF3 		.section	.text.gfxQueueASyncPut,"ax",%progbits
 191      0080AFF3 
 191      0080
 192              		.align	2
 193              		.p2align 4,,15
 194              		.global	gfxQueueASyncPut
 195              		.thumb
 196              		.thumb_func
 197              		.type	gfxQueueASyncPut, %function
 198              	gfxQueueASyncPut:
 199              	.LFB116:
 200              		.loc 1 56 0
 201              		.cfi_startproc
 202              		@ args = 0, pretend = 0, frame = 8
 203              		@ frame_needed = 0, uses_anonymous_args = 0
 204 0000 00B5     		push	{lr}
 205              		.cfi_def_cfa_offset 4
 206              		.cfi_offset 14, -4
 207 0002 83B0     		sub	sp, sp, #12
 208              		.cfi_def_cfa_offset 16
 209 0004 0190     		str	r0, [sp, #4]
 210 0006 0091     		str	r1, [sp]
 211              		.loc 1 57 0
 212              	@ 57 "/home/makkmarci/workspace/ugfx/src/gqueue/gqueue.c" 1
 213 0008 FFF7FEFF 		bl      _port_lock
 214              	@ 0 "" 2
 215              		.loc 1 58 0
 216              		.thumb
 217 000c 0198     		ldr	r0, [sp, #4]
 218 000e 0099     		ldr	r1, [sp]
ARM GAS  /tmp/ccND9lrJ.s 			page 5


 219 0010 FFF7FEFF 		bl	gfxQueueASyncPutI
 220              		.loc 1 59 0
 221              	@ 59 "/home/makkmarci/workspace/ugfx/src/gqueue/gqueue.c" 1
 222 0014 FFF7FEFF 		bl      _port_unlock
 223              	@ 0 "" 2
 224              		.loc 1 60 0
 225              		.thumb
 226 0018 03B0     		add	sp, sp, #12
 227              		.cfi_def_cfa_offset 4
 228              		@ sp needed
 229 001a 5DF804FB 		ldr	pc, [sp], #4
 230              		.cfi_endproc
 231              	.LFE116:
 232              		.size	gfxQueueASyncPut, .-gfxQueueASyncPut
 233 001e 00BF     		.section	.text.gfxQueueASyncPutI,"ax",%progbits
 234              		.align	2
 235              		.p2align 4,,15
 236              		.global	gfxQueueASyncPutI
 237              		.thumb
 238              		.thumb_func
 239              		.type	gfxQueueASyncPutI, %function
 240              	gfxQueueASyncPutI:
 241              	.LFB117:
 242              		.loc 1 61 0
 243              		.cfi_startproc
 244              		@ args = 0, pretend = 0, frame = 8
 245              		@ frame_needed = 0, uses_anonymous_args = 0
 246              		@ link register save eliminated.
 247 0000 82B0     		sub	sp, sp, #8
 248              		.cfi_def_cfa_offset 8
 249 0002 0190     		str	r0, [sp, #4]
 250 0004 0091     		str	r1, [sp]
 251              		.loc 1 62 0
 252 0006 009B     		ldr	r3, [sp]
 253 0008 002B     		cmp	r3, #0
 254 000a 00D1     		bne	.L12
 255 000c 15E0     		b	.L11
 256              	.L12:
 257              		.loc 1 63 0
 258 000e 009B     		ldr	r3, [sp]
 259 0010 0022     		movs	r2, #0
 260 0012 1A60     		str	r2, [r3]
 261              		.loc 1 64 0
 262 0014 019B     		ldr	r3, [sp, #4]
 263 0016 1B68     		ldr	r3, [r3]
 264 0018 002B     		cmp	r3, #0
 265 001a 07D1     		bne	.L14
 266              		.loc 1 65 0
 267 001c 019B     		ldr	r3, [sp, #4]
 268 001e 009A     		ldr	r2, [sp]
 269 0020 5A60     		str	r2, [r3, #4]
 270 0022 019B     		ldr	r3, [sp, #4]
 271 0024 5A68     		ldr	r2, [r3, #4]
 272 0026 019B     		ldr	r3, [sp, #4]
 273 0028 1A60     		str	r2, [r3]
 274 002a 06E0     		b	.L11
 275              	.L14:
ARM GAS  /tmp/ccND9lrJ.s 			page 6


 276              		.loc 1 67 0
 277 002c 019B     		ldr	r3, [sp, #4]
 278 002e 5B68     		ldr	r3, [r3, #4]
 279 0030 009A     		ldr	r2, [sp]
 280 0032 1A60     		str	r2, [r3]
 281              		.loc 1 68 0
 282 0034 019B     		ldr	r3, [sp, #4]
 283 0036 009A     		ldr	r2, [sp]
 284 0038 5A60     		str	r2, [r3, #4]
 285              	.L11:
 286              		.loc 1 70 0
 287 003a 02B0     		add	sp, sp, #8
 288              		.cfi_def_cfa_offset 0
 289              		@ sp needed
 290 003c 7047     		bx	lr
 291              		.cfi_endproc
 292              	.LFE117:
 293              		.size	gfxQueueASyncPutI, .-gfxQueueASyncPutI
 294 003e 00BF     		.section	.text.gfxQueueASyncPush,"ax",%progbits
 295              		.align	2
 296              		.p2align 4,,15
 297              		.global	gfxQueueASyncPush
 298              		.thumb
 299              		.thumb_func
 300              		.type	gfxQueueASyncPush, %function
 301              	gfxQueueASyncPush:
 302              	.LFB118:
 303              		.loc 1 72 0
 304              		.cfi_startproc
 305              		@ args = 0, pretend = 0, frame = 8
 306              		@ frame_needed = 0, uses_anonymous_args = 0
 307 0000 00B5     		push	{lr}
 308              		.cfi_def_cfa_offset 4
 309              		.cfi_offset 14, -4
 310 0002 83B0     		sub	sp, sp, #12
 311              		.cfi_def_cfa_offset 16
 312 0004 0190     		str	r0, [sp, #4]
 313 0006 0091     		str	r1, [sp]
 314              		.loc 1 73 0
 315              	@ 73 "/home/makkmarci/workspace/ugfx/src/gqueue/gqueue.c" 1
 316 0008 FFF7FEFF 		bl      _port_lock
 317              	@ 0 "" 2
 318              		.loc 1 74 0
 319              		.thumb
 320 000c 0198     		ldr	r0, [sp, #4]
 321 000e 0099     		ldr	r1, [sp]
 322 0010 FFF7FEFF 		bl	gfxQueueASyncPushI
 323              		.loc 1 75 0
 324              	@ 75 "/home/makkmarci/workspace/ugfx/src/gqueue/gqueue.c" 1
 325 0014 FFF7FEFF 		bl      _port_unlock
 326              	@ 0 "" 2
 327              		.loc 1 76 0
 328              		.thumb
 329 0018 03B0     		add	sp, sp, #12
 330              		.cfi_def_cfa_offset 4
 331              		@ sp needed
 332 001a 5DF804FB 		ldr	pc, [sp], #4
ARM GAS  /tmp/ccND9lrJ.s 			page 7


 333              		.cfi_endproc
 334              	.LFE118:
 335              		.size	gfxQueueASyncPush, .-gfxQueueASyncPush
 336 001e 00BF     		.section	.text.gfxQueueASyncPushI,"ax",%progbits
 337              		.align	2
 338              		.p2align 4,,15
 339              		.global	gfxQueueASyncPushI
 340              		.thumb
 341              		.thumb_func
 342              		.type	gfxQueueASyncPushI, %function
 343              	gfxQueueASyncPushI:
 344              	.LFB119:
 345              		.loc 1 77 0
 346              		.cfi_startproc
 347              		@ args = 0, pretend = 0, frame = 8
 348              		@ frame_needed = 0, uses_anonymous_args = 0
 349              		@ link register save eliminated.
 350 0000 82B0     		sub	sp, sp, #8
 351              		.cfi_def_cfa_offset 8
 352 0002 0190     		str	r0, [sp, #4]
 353 0004 0091     		str	r1, [sp]
 354              		.loc 1 78 0
 355 0006 009B     		ldr	r3, [sp]
 356 0008 002B     		cmp	r3, #0
 357 000a 00D1     		bne	.L17
 358 000c 0DE0     		b	.L16
 359              	.L17:
 360              		.loc 1 79 0
 361 000e 019B     		ldr	r3, [sp, #4]
 362 0010 1A68     		ldr	r2, [r3]
 363 0012 009B     		ldr	r3, [sp]
 364 0014 1A60     		str	r2, [r3]
 365              		.loc 1 80 0
 366 0016 019B     		ldr	r3, [sp, #4]
 367 0018 009A     		ldr	r2, [sp]
 368 001a 1A60     		str	r2, [r3]
 369              		.loc 1 81 0
 370 001c 009B     		ldr	r3, [sp]
 371 001e 1B68     		ldr	r3, [r3]
 372 0020 002B     		cmp	r3, #0
 373 0022 02D1     		bne	.L16
 374              		.loc 1 82 0
 375 0024 019B     		ldr	r3, [sp, #4]
 376 0026 009A     		ldr	r2, [sp]
 377 0028 5A60     		str	r2, [r3, #4]
 378              	.L16:
 379              		.loc 1 83 0
 380 002a 02B0     		add	sp, sp, #8
 381              		.cfi_def_cfa_offset 0
 382              		@ sp needed
 383 002c 7047     		bx	lr
 384              		.cfi_endproc
 385              	.LFE119:
 386              		.size	gfxQueueASyncPushI, .-gfxQueueASyncPushI
 387 002e 00BF     		.section	.text.gfxQueueASyncInsert,"ax",%progbits
 388              		.align	2
 389              		.p2align 4,,15
ARM GAS  /tmp/ccND9lrJ.s 			page 8


 390              		.global	gfxQueueASyncInsert
 391              		.thumb
 392              		.thumb_func
 393              		.type	gfxQueueASyncInsert, %function
 394              	gfxQueueASyncInsert:
 395              	.LFB120:
 396              		.loc 1 85 0
 397              		.cfi_startproc
 398              		@ args = 0, pretend = 0, frame = 16
 399              		@ frame_needed = 0, uses_anonymous_args = 0
 400 0000 00B5     		push	{lr}
 401              		.cfi_def_cfa_offset 4
 402              		.cfi_offset 14, -4
 403 0002 85B0     		sub	sp, sp, #20
 404              		.cfi_def_cfa_offset 24
 405 0004 0390     		str	r0, [sp, #12]
 406 0006 0291     		str	r1, [sp, #8]
 407 0008 0192     		str	r2, [sp, #4]
 408              		.loc 1 86 0
 409              	@ 86 "/home/makkmarci/workspace/ugfx/src/gqueue/gqueue.c" 1
 410 000a FFF7FEFF 		bl      _port_lock
 411              	@ 0 "" 2
 412              		.loc 1 87 0
 413              		.thumb
 414 000e 0398     		ldr	r0, [sp, #12]
 415 0010 0299     		ldr	r1, [sp, #8]
 416 0012 019A     		ldr	r2, [sp, #4]
 417 0014 FFF7FEFF 		bl	gfxQueueASyncInsertI
 418              		.loc 1 88 0
 419              	@ 88 "/home/makkmarci/workspace/ugfx/src/gqueue/gqueue.c" 1
 420 0018 FFF7FEFF 		bl      _port_unlock
 421              	@ 0 "" 2
 422              		.loc 1 89 0
 423              		.thumb
 424 001c 05B0     		add	sp, sp, #20
 425              		.cfi_def_cfa_offset 4
 426              		@ sp needed
 427 001e 5DF804FB 		ldr	pc, [sp], #4
 428              		.cfi_endproc
 429              	.LFE120:
 430              		.size	gfxQueueASyncInsert, .-gfxQueueASyncInsert
 431 0022 00BFAFF3 		.section	.text.gfxQueueASyncInsertI,"ax",%progbits
 431      0080AFF3 
 431      0080AFF3 
 431      0080
 432              		.align	2
 433              		.p2align 4,,15
 434              		.global	gfxQueueASyncInsertI
 435              		.thumb
 436              		.thumb_func
 437              		.type	gfxQueueASyncInsertI, %function
 438              	gfxQueueASyncInsertI:
 439              	.LFB121:
 440              		.loc 1 90 0
 441              		.cfi_startproc
 442              		@ args = 0, pretend = 0, frame = 16
 443              		@ frame_needed = 0, uses_anonymous_args = 0
ARM GAS  /tmp/ccND9lrJ.s 			page 9


 444 0000 00B5     		push	{lr}
 445              		.cfi_def_cfa_offset 4
 446              		.cfi_offset 14, -4
 447 0002 85B0     		sub	sp, sp, #20
 448              		.cfi_def_cfa_offset 24
 449 0004 0390     		str	r0, [sp, #12]
 450 0006 0291     		str	r1, [sp, #8]
 451 0008 0192     		str	r2, [sp, #4]
 452              		.loc 1 91 0
 453 000a 029B     		ldr	r3, [sp, #8]
 454 000c 002B     		cmp	r3, #0
 455 000e 00D1     		bne	.L21
 456 0010 30E0     		b	.L20
 457              	.L21:
 458              		.loc 1 93 0
 459 0012 019B     		ldr	r3, [sp, #4]
 460 0014 002B     		cmp	r3, #0
 461 0016 17D0     		beq	.L23
 462              		.loc 1 93 0 is_stmt 0 discriminator 1
 463 0018 0398     		ldr	r0, [sp, #12]
 464 001a 0199     		ldr	r1, [sp, #4]
 465 001c FFF7FEFF 		bl	gfxQueueASyncIsInI
 466 0020 0346     		mov	r3, r0
 467 0022 002B     		cmp	r3, #0
 468 0024 10D0     		beq	.L23
 469              		.loc 1 94 0 is_stmt 1
 470 0026 019B     		ldr	r3, [sp, #4]
 471 0028 1A68     		ldr	r2, [r3]
 472 002a 029B     		ldr	r3, [sp, #8]
 473 002c 1A60     		str	r2, [r3]
 474              		.loc 1 95 0
 475 002e 019B     		ldr	r3, [sp, #4]
 476 0030 029A     		ldr	r2, [sp, #8]
 477 0032 1A60     		str	r2, [r3]
 478              		.loc 1 96 0
 479 0034 039B     		ldr	r3, [sp, #12]
 480 0036 5A68     		ldr	r2, [r3, #4]
 481 0038 019B     		ldr	r3, [sp, #4]
 482 003a 9A42     		cmp	r2, r3
 483 003c 03D1     		bne	.L24
 484              		.loc 1 97 0
 485 003e 039B     		ldr	r3, [sp, #12]
 486 0040 029A     		ldr	r2, [sp, #8]
 487 0042 5A60     		str	r2, [r3, #4]
 488              		.loc 1 96 0
 489 0044 16E0     		b	.L20
 490              	.L24:
 491 0046 15E0     		b	.L20
 492              	.L23:
 493              		.loc 1 99 0
 494 0048 029B     		ldr	r3, [sp, #8]
 495 004a 0022     		movs	r2, #0
 496 004c 1A60     		str	r2, [r3]
 497              		.loc 1 100 0
 498 004e 039B     		ldr	r3, [sp, #12]
 499 0050 1B68     		ldr	r3, [r3]
 500 0052 002B     		cmp	r3, #0
ARM GAS  /tmp/ccND9lrJ.s 			page 10


 501 0054 07D1     		bne	.L25
 502              		.loc 1 101 0
 503 0056 039B     		ldr	r3, [sp, #12]
 504 0058 029A     		ldr	r2, [sp, #8]
 505 005a 5A60     		str	r2, [r3, #4]
 506 005c 039B     		ldr	r3, [sp, #12]
 507 005e 5A68     		ldr	r2, [r3, #4]
 508 0060 039B     		ldr	r3, [sp, #12]
 509 0062 1A60     		str	r2, [r3]
 510 0064 06E0     		b	.L20
 511              	.L25:
 512              		.loc 1 103 0
 513 0066 039B     		ldr	r3, [sp, #12]
 514 0068 5B68     		ldr	r3, [r3, #4]
 515 006a 029A     		ldr	r2, [sp, #8]
 516 006c 1A60     		str	r2, [r3]
 517              		.loc 1 104 0
 518 006e 039B     		ldr	r3, [sp, #12]
 519 0070 029A     		ldr	r2, [sp, #8]
 520 0072 5A60     		str	r2, [r3, #4]
 521              	.L20:
 522              		.loc 1 107 0
 523 0074 05B0     		add	sp, sp, #20
 524              		.cfi_def_cfa_offset 4
 525              		@ sp needed
 526 0076 5DF804FB 		ldr	pc, [sp], #4
 527              		.cfi_endproc
 528              	.LFE121:
 529              		.size	gfxQueueASyncInsertI, .-gfxQueueASyncInsertI
 530 007a 00BFAFF3 		.section	.text.gfxQueueASyncRemove,"ax",%progbits
 530      0080
 531              		.align	2
 532              		.p2align 4,,15
 533              		.global	gfxQueueASyncRemove
 534              		.thumb
 535              		.thumb_func
 536              		.type	gfxQueueASyncRemove, %function
 537              	gfxQueueASyncRemove:
 538              	.LFB122:
 539              		.loc 1 109 0
 540              		.cfi_startproc
 541              		@ args = 0, pretend = 0, frame = 8
 542              		@ frame_needed = 0, uses_anonymous_args = 0
 543 0000 00B5     		push	{lr}
 544              		.cfi_def_cfa_offset 4
 545              		.cfi_offset 14, -4
 546 0002 83B0     		sub	sp, sp, #12
 547              		.cfi_def_cfa_offset 16
 548 0004 0190     		str	r0, [sp, #4]
 549 0006 0091     		str	r1, [sp]
 550              		.loc 1 110 0
 551              	@ 110 "/home/makkmarci/workspace/ugfx/src/gqueue/gqueue.c" 1
 552 0008 FFF7FEFF 		bl      _port_lock
 553              	@ 0 "" 2
 554              		.loc 1 111 0
 555              		.thumb
 556 000c 0198     		ldr	r0, [sp, #4]
ARM GAS  /tmp/ccND9lrJ.s 			page 11


 557 000e 0099     		ldr	r1, [sp]
 558 0010 FFF7FEFF 		bl	gfxQueueASyncRemoveI
 559              		.loc 1 112 0
 560              	@ 112 "/home/makkmarci/workspace/ugfx/src/gqueue/gqueue.c" 1
 561 0014 FFF7FEFF 		bl      _port_unlock
 562              	@ 0 "" 2
 563              		.loc 1 113 0
 564              		.thumb
 565 0018 03B0     		add	sp, sp, #12
 566              		.cfi_def_cfa_offset 4
 567              		@ sp needed
 568 001a 5DF804FB 		ldr	pc, [sp], #4
 569              		.cfi_endproc
 570              	.LFE122:
 571              		.size	gfxQueueASyncRemove, .-gfxQueueASyncRemove
 572 001e 00BF     		.section	.text.gfxQueueASyncRemoveI,"ax",%progbits
 573              		.align	2
 574              		.p2align 4,,15
 575              		.global	gfxQueueASyncRemoveI
 576              		.thumb
 577              		.thumb_func
 578              		.type	gfxQueueASyncRemoveI, %function
 579              	gfxQueueASyncRemoveI:
 580              	.LFB123:
 581              		.loc 1 114 0
 582              		.cfi_startproc
 583              		@ args = 0, pretend = 0, frame = 16
 584              		@ frame_needed = 0, uses_anonymous_args = 0
 585              		@ link register save eliminated.
 586 0000 84B0     		sub	sp, sp, #16
 587              		.cfi_def_cfa_offset 16
 588 0002 0190     		str	r0, [sp, #4]
 589 0004 0091     		str	r1, [sp]
 590              		.loc 1 117 0
 591 0006 009B     		ldr	r3, [sp]
 592 0008 002B     		cmp	r3, #0
 593 000a 00D1     		bne	.L28
 594 000c 30E0     		b	.L27
 595              	.L28:
 596              		.loc 1 118 0
 597 000e 019B     		ldr	r3, [sp, #4]
 598 0010 1B68     		ldr	r3, [r3]
 599 0012 002B     		cmp	r3, #0
 600 0014 2CD0     		beq	.L27
 601              		.loc 1 119 0
 602 0016 019B     		ldr	r3, [sp, #4]
 603 0018 1A68     		ldr	r2, [r3]
 604 001a 009B     		ldr	r3, [sp]
 605 001c 9A42     		cmp	r2, r3
 606 001e 07D1     		bne	.L30
 607              		.loc 1 120 0
 608 0020 009B     		ldr	r3, [sp]
 609 0022 1A68     		ldr	r2, [r3]
 610 0024 019B     		ldr	r3, [sp, #4]
 611 0026 1A60     		str	r2, [r3]
 612              		.loc 1 121 0
 613 0028 009B     		ldr	r3, [sp]
ARM GAS  /tmp/ccND9lrJ.s 			page 12


 614 002a 0022     		movs	r2, #0
 615 002c 1A60     		str	r2, [r3]
 616 002e 1FE0     		b	.L27
 617              	.L30:
 618              		.loc 1 123 0
 619 0030 019B     		ldr	r3, [sp, #4]
 620 0032 1B68     		ldr	r3, [r3]
 621 0034 0393     		str	r3, [sp, #12]
 622 0036 17E0     		b	.L31
 623              	.L34:
 624              		.loc 1 124 0
 625 0038 039B     		ldr	r3, [sp, #12]
 626 003a 1A68     		ldr	r2, [r3]
 627 003c 009B     		ldr	r3, [sp]
 628 003e 9A42     		cmp	r2, r3
 629 0040 0FD1     		bne	.L32
 630              		.loc 1 125 0
 631 0042 009B     		ldr	r3, [sp]
 632 0044 1A68     		ldr	r2, [r3]
 633 0046 039B     		ldr	r3, [sp, #12]
 634 0048 1A60     		str	r2, [r3]
 635              		.loc 1 126 0
 636 004a 019B     		ldr	r3, [sp, #4]
 637 004c 5A68     		ldr	r2, [r3, #4]
 638 004e 009B     		ldr	r3, [sp]
 639 0050 9A42     		cmp	r2, r3
 640 0052 02D1     		bne	.L33
 641              		.loc 1 127 0
 642 0054 019B     		ldr	r3, [sp, #4]
 643 0056 039A     		ldr	r2, [sp, #12]
 644 0058 5A60     		str	r2, [r3, #4]
 645              	.L33:
 646              		.loc 1 128 0
 647 005a 009B     		ldr	r3, [sp]
 648 005c 0022     		movs	r2, #0
 649 005e 1A60     		str	r2, [r3]
 650              		.loc 1 129 0
 651 0060 06E0     		b	.L27
 652              	.L32:
 653              		.loc 1 123 0 discriminator 2
 654 0062 039B     		ldr	r3, [sp, #12]
 655 0064 1B68     		ldr	r3, [r3]
 656 0066 0393     		str	r3, [sp, #12]
 657              	.L31:
 658              		.loc 1 123 0 is_stmt 0 discriminator 1
 659 0068 039B     		ldr	r3, [sp, #12]
 660 006a 1B68     		ldr	r3, [r3]
 661 006c 002B     		cmp	r3, #0
 662 006e E3D1     		bne	.L34
 663              	.L27:
 664              		.loc 1 134 0 is_stmt 1
 665 0070 04B0     		add	sp, sp, #16
 666              		.cfi_def_cfa_offset 0
 667              		@ sp needed
 668 0072 7047     		bx	lr
 669              		.cfi_endproc
 670              	.LFE123:
ARM GAS  /tmp/ccND9lrJ.s 			page 13


 671              		.size	gfxQueueASyncRemoveI, .-gfxQueueASyncRemoveI
 672 0074 AFF30080 		.section	.text.gfxQueueASyncIsIn,"ax",%progbits
 672      AFF30080 
 672      AFF30080 
 673              		.align	2
 674              		.p2align 4,,15
 675              		.global	gfxQueueASyncIsIn
 676              		.thumb
 677              		.thumb_func
 678              		.type	gfxQueueASyncIsIn, %function
 679              	gfxQueueASyncIsIn:
 680              	.LFB124:
 681              		.loc 1 136 0
 682              		.cfi_startproc
 683              		@ args = 0, pretend = 0, frame = 16
 684              		@ frame_needed = 0, uses_anonymous_args = 0
 685 0000 00B5     		push	{lr}
 686              		.cfi_def_cfa_offset 4
 687              		.cfi_offset 14, -4
 688 0002 85B0     		sub	sp, sp, #20
 689              		.cfi_def_cfa_offset 24
 690 0004 0190     		str	r0, [sp, #4]
 691 0006 0091     		str	r1, [sp]
 692              		.loc 1 139 0
 693              	@ 139 "/home/makkmarci/workspace/ugfx/src/gqueue/gqueue.c" 1
 694 0008 FFF7FEFF 		bl      _port_lock
 695              	@ 0 "" 2
 696              		.loc 1 140 0
 697              		.thumb
 698 000c 0198     		ldr	r0, [sp, #4]
 699 000e 0099     		ldr	r1, [sp]
 700 0010 FFF7FEFF 		bl	gfxQueueASyncIsInI
 701 0014 0346     		mov	r3, r0
 702 0016 8DF80F30 		strb	r3, [sp, #15]
 703              		.loc 1 141 0
 704              	@ 141 "/home/makkmarci/workspace/ugfx/src/gqueue/gqueue.c" 1
 705 001a FFF7FEFF 		bl      _port_unlock
 706              	@ 0 "" 2
 707              		.loc 1 143 0
 708              		.thumb
 709 001e 9DF80F30 		ldrb	r3, [sp, #15]	@ zero_extendqisi2
 710              		.loc 1 144 0
 711 0022 1846     		mov	r0, r3
 712 0024 05B0     		add	sp, sp, #20
 713              		.cfi_def_cfa_offset 4
 714              		@ sp needed
 715 0026 5DF804FB 		ldr	pc, [sp], #4
 716              		.cfi_endproc
 717              	.LFE124:
 718              		.size	gfxQueueASyncIsIn, .-gfxQueueASyncIsIn
 719 002a 00BFAFF3 		.section	.text.gfxQueueASyncIsInI,"ax",%progbits
 719      0080
 720              		.align	2
 721              		.p2align 4,,15
 722              		.global	gfxQueueASyncIsInI
 723              		.thumb
 724              		.thumb_func
ARM GAS  /tmp/ccND9lrJ.s 			page 14


 725              		.type	gfxQueueASyncIsInI, %function
 726              	gfxQueueASyncIsInI:
 727              	.LFB125:
 728              		.loc 1 145 0
 729              		.cfi_startproc
 730              		@ args = 0, pretend = 0, frame = 16
 731              		@ frame_needed = 0, uses_anonymous_args = 0
 732              		@ link register save eliminated.
 733 0000 84B0     		sub	sp, sp, #16
 734              		.cfi_def_cfa_offset 16
 735 0002 0190     		str	r0, [sp, #4]
 736 0004 0091     		str	r1, [sp]
 737              		.loc 1 148 0
 738 0006 019B     		ldr	r3, [sp, #4]
 739 0008 1B68     		ldr	r3, [r3]
 740 000a 0393     		str	r3, [sp, #12]
 741 000c 08E0     		b	.L38
 742              	.L41:
 743              		.loc 1 149 0
 744 000e 039A     		ldr	r2, [sp, #12]
 745 0010 009B     		ldr	r3, [sp]
 746 0012 9A42     		cmp	r2, r3
 747 0014 01D1     		bne	.L39
 748              		.loc 1 150 0
 749 0016 0123     		movs	r3, #1
 750 0018 06E0     		b	.L40
 751              	.L39:
 752              		.loc 1 148 0 discriminator 2
 753 001a 039B     		ldr	r3, [sp, #12]
 754 001c 1B68     		ldr	r3, [r3]
 755 001e 0393     		str	r3, [sp, #12]
 756              	.L38:
 757              		.loc 1 148 0 is_stmt 0 discriminator 1
 758 0020 039B     		ldr	r3, [sp, #12]
 759 0022 002B     		cmp	r3, #0
 760 0024 F3D1     		bne	.L41
 761              		.loc 1 152 0 is_stmt 1
 762 0026 0023     		movs	r3, #0
 763              	.L40:
 764              		.loc 1 153 0
 765 0028 1846     		mov	r0, r3
 766 002a 04B0     		add	sp, sp, #16
 767              		.cfi_def_cfa_offset 0
 768              		@ sp needed
 769 002c 7047     		bx	lr
 770              		.cfi_endproc
 771              	.LFE125:
 772              		.size	gfxQueueASyncIsInI, .-gfxQueueASyncIsInI
 773 002e 00BF     		.text
 774              	.Letext0:
 775              		.file 2 "/opt/gcc-arm-none-eabi/arm-none-eabi/include/machine/_default_types.h"
 776              		.file 3 "/opt/gcc-arm-none-eabi/arm-none-eabi/include/stdint.h"
 777              		.file 4 "/home/makkmarci/workspace/ChibiOS_2.6.8/os/ports/GCC/ARMCMx/chtypes.h"
 778              		.file 5 "/home/makkmarci/workspace/ugfx/src/gqueue/gqueue.h"
 779              		.file 6 "/home/makkmarci/workspace/ChibiOS_2.6.8/os/ports/common/ARMCMx/CMSIS/include/core_cm4.h"
 780              		.section	.debug_info,"",%progbits
 781              	.Ldebug_info0:
ARM GAS  /tmp/ccND9lrJ.s 			page 15


 782 0000 0C040000 		.4byte	0x40c
 783 0004 0400     		.2byte	0x4
 784 0006 00000000 		.4byte	.Ldebug_abbrev0
 785 000a 04       		.byte	0x4
 786 000b 01       		.uleb128 0x1
 787 000c 66000000 		.4byte	.LASF38
 788 0010 01       		.byte	0x1
 789 0011 08020000 		.4byte	.LASF39
 790 0015 00000000 		.4byte	.Ldebug_ranges0+0
 791 0019 00000000 		.4byte	0
 792 001d 00000000 		.4byte	.Ldebug_line0
 793 0021 02       		.uleb128 0x2
 794 0022 04       		.byte	0x4
 795 0023 05       		.byte	0x5
 796 0024 696E7400 		.ascii	"int\000"
 797 0028 03       		.uleb128 0x3
 798 0029 04       		.byte	0x4
 799 002a 07       		.byte	0x7
 800 002b AF020000 		.4byte	.LASF0
 801 002f 03       		.uleb128 0x3
 802 0030 01       		.byte	0x1
 803 0031 06       		.byte	0x6
 804 0032 31030000 		.4byte	.LASF1
 805 0036 03       		.uleb128 0x3
 806 0037 01       		.byte	0x1
 807 0038 08       		.byte	0x8
 808 0039 D7010000 		.4byte	.LASF2
 809 003d 03       		.uleb128 0x3
 810 003e 02       		.byte	0x2
 811 003f 05       		.byte	0x5
 812 0040 13030000 		.4byte	.LASF3
 813 0044 03       		.uleb128 0x3
 814 0045 02       		.byte	0x2
 815 0046 07       		.byte	0x7
 816 0047 4D020000 		.4byte	.LASF4
 817 004b 04       		.uleb128 0x4
 818 004c 38000000 		.4byte	.LASF9
 819 0050 02       		.byte	0x2
 820 0051 3F       		.byte	0x3f
 821 0052 56000000 		.4byte	0x56
 822 0056 03       		.uleb128 0x3
 823 0057 04       		.byte	0x4
 824 0058 05       		.byte	0x5
 825 0059 28030000 		.4byte	.LASF5
 826 005d 03       		.uleb128 0x3
 827 005e 04       		.byte	0x4
 828 005f 07       		.byte	0x7
 829 0060 3B020000 		.4byte	.LASF6
 830 0064 03       		.uleb128 0x3
 831 0065 08       		.byte	0x8
 832 0066 05       		.byte	0x5
 833 0067 E4020000 		.4byte	.LASF7
 834 006b 03       		.uleb128 0x3
 835 006c 08       		.byte	0x8
 836 006d 07       		.byte	0x7
 837 006e C0010000 		.4byte	.LASF8
 838 0072 04       		.uleb128 0x4
ARM GAS  /tmp/ccND9lrJ.s 			page 16


 839 0073 D3020000 		.4byte	.LASF10
 840 0077 03       		.byte	0x3
 841 0078 2C       		.byte	0x2c
 842 0079 4B000000 		.4byte	0x4b
 843 007d 04       		.uleb128 0x4
 844 007e A1010000 		.4byte	.LASF11
 845 0082 04       		.byte	0x4
 846 0083 2B       		.byte	0x2b
 847 0084 88000000 		.4byte	0x88
 848 0088 03       		.uleb128 0x3
 849 0089 01       		.byte	0x1
 850 008a 02       		.byte	0x2
 851 008b 3D030000 		.4byte	.LASF12
 852 008f 03       		.uleb128 0x3
 853 0090 04       		.byte	0x4
 854 0091 07       		.byte	0x7
 855 0092 DB020000 		.4byte	.LASF13
 856 0096 03       		.uleb128 0x3
 857 0097 01       		.byte	0x1
 858 0098 08       		.byte	0x8
 859 0099 BC020000 		.4byte	.LASF14
 860 009d 05       		.uleb128 0x5
 861 009e 72000000 		.4byte	0x72
 862 00a2 06       		.uleb128 0x6
 863 00a3 42000000 		.4byte	.LASF15
 864 00a7 04       		.byte	0x4
 865 00a8 05       		.byte	0x5
 866 00a9 28       		.byte	0x28
 867 00aa BB000000 		.4byte	0xbb
 868 00ae 07       		.uleb128 0x7
 869 00af 25000000 		.4byte	.LASF17
 870 00b3 05       		.byte	0x5
 871 00b4 29       		.byte	0x29
 872 00b5 BB000000 		.4byte	0xbb
 873 00b9 00       		.byte	0
 874 00ba 00       		.byte	0
 875 00bb 08       		.uleb128 0x8
 876 00bc 04       		.byte	0x4
 877 00bd A2000000 		.4byte	0xa2
 878 00c1 04       		.uleb128 0x4
 879 00c2 42000000 		.4byte	.LASF15
 880 00c6 05       		.byte	0x5
 881 00c7 2A       		.byte	0x2a
 882 00c8 A2000000 		.4byte	0xa2
 883 00cc 06       		.uleb128 0x6
 884 00cd 2A000000 		.4byte	.LASF16
 885 00d1 08       		.byte	0x8
 886 00d2 05       		.byte	0x5
 887 00d3 36       		.byte	0x36
 888 00d4 F1000000 		.4byte	0xf1
 889 00d8 07       		.uleb128 0x7
 890 00d9 97020000 		.4byte	.LASF18
 891 00dd 05       		.byte	0x5
 892 00de 37       		.byte	0x37
 893 00df F1000000 		.4byte	0xf1
 894 00e3 00       		.byte	0
 895 00e4 07       		.uleb128 0x7
ARM GAS  /tmp/ccND9lrJ.s 			page 17


 896 00e5 1D030000 		.4byte	.LASF19
 897 00e9 05       		.byte	0x5
 898 00ea 38       		.byte	0x38
 899 00eb F1000000 		.4byte	0xf1
 900 00ef 04       		.byte	0x4
 901 00f0 00       		.byte	0
 902 00f1 08       		.uleb128 0x8
 903 00f2 04       		.byte	0x4
 904 00f3 C1000000 		.4byte	0xc1
 905 00f7 04       		.uleb128 0x4
 906 00f8 2A000000 		.4byte	.LASF16
 907 00fc 05       		.byte	0x5
 908 00fd 39       		.byte	0x39
 909 00fe CC000000 		.4byte	0xcc
 910 0102 09       		.uleb128 0x9
 911 0103 F2020000 		.4byte	.LASF20
 912 0107 01       		.byte	0x1
 913 0108 10       		.byte	0x10
 914 0109 00000000 		.4byte	.LFB111
 915 010d 02000000 		.4byte	.LFE111-.LFB111
 916 0111 01       		.uleb128 0x1
 917 0112 9C       		.byte	0x9c
 918 0113 09       		.uleb128 0x9
 919 0114 82020000 		.4byte	.LASF21
 920 0118 01       		.byte	0x1
 921 0119 17       		.byte	0x17
 922 011a 00000000 		.4byte	.LFB112
 923 011e 02000000 		.4byte	.LFE112-.LFB112
 924 0122 01       		.uleb128 0x1
 925 0123 9C       		.byte	0x9c
 926 0124 0A       		.uleb128 0xa
 927 0125 00000000 		.4byte	.LASF25
 928 0129 01       		.byte	0x1
 929 012a 1C       		.byte	0x1c
 930 012b 00000000 		.4byte	.LFB113
 931 012f 16000000 		.4byte	.LFE113-.LFB113
 932 0133 01       		.uleb128 0x1
 933 0134 9C       		.byte	0x9c
 934 0135 48010000 		.4byte	0x148
 935 0139 0B       		.uleb128 0xb
 936 013a 90020000 		.4byte	.LASF22
 937 013e 01       		.byte	0x1
 938 013f 1C       		.byte	0x1c
 939 0140 48010000 		.4byte	0x148
 940 0144 02       		.uleb128 0x2
 941 0145 91       		.byte	0x91
 942 0146 7C       		.sleb128 -4
 943 0147 00       		.byte	0
 944 0148 08       		.uleb128 0x8
 945 0149 04       		.byte	0x4
 946 014a F7000000 		.4byte	0xf7
 947 014e 0C       		.uleb128 0xc
 948 014f E5010000 		.4byte	.LASF23
 949 0153 01       		.byte	0x1
 950 0154 20       		.byte	0x20
 951 0155 F1000000 		.4byte	0xf1
 952 0159 00000000 		.4byte	.LFB114
ARM GAS  /tmp/ccND9lrJ.s 			page 18


 953 015d 2C000000 		.4byte	.LFE114-.LFB114
 954 0161 01       		.uleb128 0x1
 955 0162 9C       		.byte	0x9c
 956 0163 83010000 		.4byte	0x183
 957 0167 0B       		.uleb128 0xb
 958 0168 90020000 		.4byte	.LASF22
 959 016c 01       		.byte	0x1
 960 016d 20       		.byte	0x20
 961 016e 48010000 		.4byte	0x148
 962 0172 02       		.uleb128 0x2
 963 0173 91       		.byte	0x91
 964 0174 6C       		.sleb128 -20
 965 0175 0D       		.uleb128 0xd
 966 0176 706900   		.ascii	"pi\000"
 967 0179 01       		.byte	0x1
 968 017a 21       		.byte	0x21
 969 017b F1000000 		.4byte	0xf1
 970 017f 02       		.uleb128 0x2
 971 0180 91       		.byte	0x91
 972 0181 74       		.sleb128 -12
 973 0182 00       		.byte	0
 974 0183 0E       		.uleb128 0xe
 975 0184 54000000 		.4byte	.LASF24
 976 0188 01       		.byte	0x1
 977 0189 2D       		.byte	0x2d
 978 018a F1000000 		.4byte	0xf1
 979 018e 00000000 		.4byte	.LFB115
 980 0192 26000000 		.4byte	.LFE115-.LFB115
 981 0196 01       		.uleb128 0x1
 982 0197 9C       		.byte	0x9c
 983 0198 B8010000 		.4byte	0x1b8
 984 019c 0B       		.uleb128 0xb
 985 019d 90020000 		.4byte	.LASF22
 986 01a1 01       		.byte	0x1
 987 01a2 2D       		.byte	0x2d
 988 01a3 48010000 		.4byte	0x148
 989 01a7 02       		.uleb128 0x2
 990 01a8 91       		.byte	0x91
 991 01a9 74       		.sleb128 -12
 992 01aa 0D       		.uleb128 0xd
 993 01ab 706900   		.ascii	"pi\000"
 994 01ae 01       		.byte	0x1
 995 01af 2E       		.byte	0x2e
 996 01b0 F1000000 		.4byte	0xf1
 997 01b4 02       		.uleb128 0x2
 998 01b5 91       		.byte	0x91
 999 01b6 7C       		.sleb128 -4
 1000 01b7 00       		.byte	0
 1001 01b8 0F       		.uleb128 0xf
 1002 01b9 A8010000 		.4byte	.LASF26
 1003 01bd 01       		.byte	0x1
 1004 01be 38       		.byte	0x38
 1005 01bf 00000000 		.4byte	.LFB116
 1006 01c3 1E000000 		.4byte	.LFE116-.LFB116
 1007 01c7 01       		.uleb128 0x1
 1008 01c8 9C       		.byte	0x9c
 1009 01c9 EA010000 		.4byte	0x1ea
ARM GAS  /tmp/ccND9lrJ.s 			page 19


 1010 01cd 0B       		.uleb128 0xb
 1011 01ce 90020000 		.4byte	.LASF22
 1012 01d2 01       		.byte	0x1
 1013 01d3 38       		.byte	0x38
 1014 01d4 48010000 		.4byte	0x148
 1015 01d8 02       		.uleb128 0x2
 1016 01d9 91       		.byte	0x91
 1017 01da 74       		.sleb128 -12
 1018 01db 0B       		.uleb128 0xb
 1019 01dc 22030000 		.4byte	.LASF27
 1020 01e0 01       		.byte	0x1
 1021 01e1 38       		.byte	0x38
 1022 01e2 F1000000 		.4byte	0xf1
 1023 01e6 02       		.uleb128 0x2
 1024 01e7 91       		.byte	0x91
 1025 01e8 70       		.sleb128 -16
 1026 01e9 00       		.byte	0
 1027 01ea 0A       		.uleb128 0xa
 1028 01eb C1020000 		.4byte	.LASF28
 1029 01ef 01       		.byte	0x1
 1030 01f0 3D       		.byte	0x3d
 1031 01f1 00000000 		.4byte	.LFB117
 1032 01f5 3E000000 		.4byte	.LFE117-.LFB117
 1033 01f9 01       		.uleb128 0x1
 1034 01fa 9C       		.byte	0x9c
 1035 01fb 1C020000 		.4byte	0x21c
 1036 01ff 0B       		.uleb128 0xb
 1037 0200 90020000 		.4byte	.LASF22
 1038 0204 01       		.byte	0x1
 1039 0205 3D       		.byte	0x3d
 1040 0206 48010000 		.4byte	0x148
 1041 020a 02       		.uleb128 0x2
 1042 020b 91       		.byte	0x91
 1043 020c 7C       		.sleb128 -4
 1044 020d 0B       		.uleb128 0xb
 1045 020e 22030000 		.4byte	.LASF27
 1046 0212 01       		.byte	0x1
 1047 0213 3D       		.byte	0x3d
 1048 0214 F1000000 		.4byte	0xf1
 1049 0218 02       		.uleb128 0x2
 1050 0219 91       		.byte	0x91
 1051 021a 78       		.sleb128 -8
 1052 021b 00       		.byte	0
 1053 021c 0F       		.uleb128 0xf
 1054 021d F6010000 		.4byte	.LASF29
 1055 0221 01       		.byte	0x1
 1056 0222 48       		.byte	0x48
 1057 0223 00000000 		.4byte	.LFB118
 1058 0227 1E000000 		.4byte	.LFE118-.LFB118
 1059 022b 01       		.uleb128 0x1
 1060 022c 9C       		.byte	0x9c
 1061 022d 4E020000 		.4byte	0x24e
 1062 0231 0B       		.uleb128 0xb
 1063 0232 90020000 		.4byte	.LASF22
 1064 0236 01       		.byte	0x1
 1065 0237 48       		.byte	0x48
 1066 0238 48010000 		.4byte	0x148
ARM GAS  /tmp/ccND9lrJ.s 			page 20


 1067 023c 02       		.uleb128 0x2
 1068 023d 91       		.byte	0x91
 1069 023e 74       		.sleb128 -12
 1070 023f 0B       		.uleb128 0xb
 1071 0240 22030000 		.4byte	.LASF27
 1072 0244 01       		.byte	0x1
 1073 0245 48       		.byte	0x48
 1074 0246 F1000000 		.4byte	0xf1
 1075 024a 02       		.uleb128 0x2
 1076 024b 91       		.byte	0x91
 1077 024c 70       		.sleb128 -16
 1078 024d 00       		.byte	0
 1079 024e 0A       		.uleb128 0xa
 1080 024f 9C020000 		.4byte	.LASF30
 1081 0253 01       		.byte	0x1
 1082 0254 4D       		.byte	0x4d
 1083 0255 00000000 		.4byte	.LFB119
 1084 0259 2E000000 		.4byte	.LFE119-.LFB119
 1085 025d 01       		.uleb128 0x1
 1086 025e 9C       		.byte	0x9c
 1087 025f 80020000 		.4byte	0x280
 1088 0263 0B       		.uleb128 0xb
 1089 0264 90020000 		.4byte	.LASF22
 1090 0268 01       		.byte	0x1
 1091 0269 4D       		.byte	0x4d
 1092 026a 48010000 		.4byte	0x148
 1093 026e 02       		.uleb128 0x2
 1094 026f 91       		.byte	0x91
 1095 0270 7C       		.sleb128 -4
 1096 0271 0B       		.uleb128 0xb
 1097 0272 22030000 		.4byte	.LASF27
 1098 0276 01       		.byte	0x1
 1099 0277 4D       		.byte	0x4d
 1100 0278 F1000000 		.4byte	0xf1
 1101 027c 02       		.uleb128 0x2
 1102 027d 91       		.byte	0x91
 1103 027e 78       		.sleb128 -8
 1104 027f 00       		.byte	0
 1105 0280 0F       		.uleb128 0xf
 1106 0281 7B010000 		.4byte	.LASF31
 1107 0285 01       		.byte	0x1
 1108 0286 55       		.byte	0x55
 1109 0287 00000000 		.4byte	.LFB120
 1110 028b 22000000 		.4byte	.LFE120-.LFB120
 1111 028f 01       		.uleb128 0x1
 1112 0290 9C       		.byte	0x9c
 1113 0291 C0020000 		.4byte	0x2c0
 1114 0295 0B       		.uleb128 0xb
 1115 0296 90020000 		.4byte	.LASF22
 1116 029a 01       		.byte	0x1
 1117 029b 55       		.byte	0x55
 1118 029c 48010000 		.4byte	0x148
 1119 02a0 02       		.uleb128 0x2
 1120 02a1 91       		.byte	0x91
 1121 02a2 74       		.sleb128 -12
 1122 02a3 0B       		.uleb128 0xb
 1123 02a4 22030000 		.4byte	.LASF27
ARM GAS  /tmp/ccND9lrJ.s 			page 21


 1124 02a8 01       		.byte	0x1
 1125 02a9 55       		.byte	0x55
 1126 02aa F1000000 		.4byte	0xf1
 1127 02ae 02       		.uleb128 0x2
 1128 02af 91       		.byte	0x91
 1129 02b0 70       		.sleb128 -16
 1130 02b1 0B       		.uleb128 0xb
 1131 02b2 B9010000 		.4byte	.LASF32
 1132 02b6 01       		.byte	0x1
 1133 02b7 55       		.byte	0x55
 1134 02b8 F1000000 		.4byte	0xf1
 1135 02bc 02       		.uleb128 0x2
 1136 02bd 91       		.byte	0x91
 1137 02be 6C       		.sleb128 -20
 1138 02bf 00       		.byte	0
 1139 02c0 0F       		.uleb128 0xf
 1140 02c1 FE020000 		.4byte	.LASF33
 1141 02c5 01       		.byte	0x1
 1142 02c6 5A       		.byte	0x5a
 1143 02c7 00000000 		.4byte	.LFB121
 1144 02cb 7A000000 		.4byte	.LFE121-.LFB121
 1145 02cf 01       		.uleb128 0x1
 1146 02d0 9C       		.byte	0x9c
 1147 02d1 00030000 		.4byte	0x300
 1148 02d5 0B       		.uleb128 0xb
 1149 02d6 90020000 		.4byte	.LASF22
 1150 02da 01       		.byte	0x1
 1151 02db 5A       		.byte	0x5a
 1152 02dc 48010000 		.4byte	0x148
 1153 02e0 02       		.uleb128 0x2
 1154 02e1 91       		.byte	0x91
 1155 02e2 74       		.sleb128 -12
 1156 02e3 0B       		.uleb128 0xb
 1157 02e4 22030000 		.4byte	.LASF27
 1158 02e8 01       		.byte	0x1
 1159 02e9 5A       		.byte	0x5a
 1160 02ea F1000000 		.4byte	0xf1
 1161 02ee 02       		.uleb128 0x2
 1162 02ef 91       		.byte	0x91
 1163 02f0 70       		.sleb128 -16
 1164 02f1 0B       		.uleb128 0xb
 1165 02f2 B9010000 		.4byte	.LASF32
 1166 02f6 01       		.byte	0x1
 1167 02f7 5A       		.byte	0x5a
 1168 02f8 F1000000 		.4byte	0xf1
 1169 02fc 02       		.uleb128 0x2
 1170 02fd 91       		.byte	0x91
 1171 02fe 6C       		.sleb128 -20
 1172 02ff 00       		.byte	0
 1173 0300 0F       		.uleb128 0xf
 1174 0301 43030000 		.4byte	.LASF34
 1175 0305 01       		.byte	0x1
 1176 0306 6D       		.byte	0x6d
 1177 0307 00000000 		.4byte	.LFB122
 1178 030b 1E000000 		.4byte	.LFE122-.LFB122
 1179 030f 01       		.uleb128 0x1
 1180 0310 9C       		.byte	0x9c
ARM GAS  /tmp/ccND9lrJ.s 			page 22


 1181 0311 32030000 		.4byte	0x332
 1182 0315 0B       		.uleb128 0xb
 1183 0316 90020000 		.4byte	.LASF22
 1184 031a 01       		.byte	0x1
 1185 031b 6D       		.byte	0x6d
 1186 031c 48010000 		.4byte	0x148
 1187 0320 02       		.uleb128 0x2
 1188 0321 91       		.byte	0x91
 1189 0322 74       		.sleb128 -12
 1190 0323 0B       		.uleb128 0xb
 1191 0324 22030000 		.4byte	.LASF27
 1192 0328 01       		.byte	0x1
 1193 0329 6D       		.byte	0x6d
 1194 032a F1000000 		.4byte	0xf1
 1195 032e 02       		.uleb128 0x2
 1196 032f 91       		.byte	0x91
 1197 0330 70       		.sleb128 -16
 1198 0331 00       		.byte	0
 1199 0332 0A       		.uleb128 0xa
 1200 0333 60020000 		.4byte	.LASF35
 1201 0337 01       		.byte	0x1
 1202 0338 72       		.byte	0x72
 1203 0339 00000000 		.4byte	.LFB123
 1204 033d 74000000 		.4byte	.LFE123-.LFB123
 1205 0341 01       		.uleb128 0x1
 1206 0342 9C       		.byte	0x9c
 1207 0343 71030000 		.4byte	0x371
 1208 0347 0B       		.uleb128 0xb
 1209 0348 90020000 		.4byte	.LASF22
 1210 034c 01       		.byte	0x1
 1211 034d 72       		.byte	0x72
 1212 034e 48010000 		.4byte	0x148
 1213 0352 02       		.uleb128 0x2
 1214 0353 91       		.byte	0x91
 1215 0354 74       		.sleb128 -12
 1216 0355 0B       		.uleb128 0xb
 1217 0356 22030000 		.4byte	.LASF27
 1218 035a 01       		.byte	0x1
 1219 035b 72       		.byte	0x72
 1220 035c F1000000 		.4byte	0xf1
 1221 0360 02       		.uleb128 0x2
 1222 0361 91       		.byte	0x91
 1223 0362 70       		.sleb128 -16
 1224 0363 0D       		.uleb128 0xd
 1225 0364 706900   		.ascii	"pi\000"
 1226 0367 01       		.byte	0x1
 1227 0368 73       		.byte	0x73
 1228 0369 F1000000 		.4byte	0xf1
 1229 036d 02       		.uleb128 0x2
 1230 036e 91       		.byte	0x91
 1231 036f 7C       		.sleb128 -4
 1232 0370 00       		.byte	0
 1233 0371 0C       		.uleb128 0xc
 1234 0372 8F010000 		.4byte	.LASF36
 1235 0376 01       		.byte	0x1
 1236 0377 88       		.byte	0x88
 1237 0378 7D000000 		.4byte	0x7d
ARM GAS  /tmp/ccND9lrJ.s 			page 23


 1238 037c 00000000 		.4byte	.LFB124
 1239 0380 2A000000 		.4byte	.LFE124-.LFB124
 1240 0384 01       		.uleb128 0x1
 1241 0385 9C       		.byte	0x9c
 1242 0386 B5030000 		.4byte	0x3b5
 1243 038a 0B       		.uleb128 0xb
 1244 038b 90020000 		.4byte	.LASF22
 1245 038f 01       		.byte	0x1
 1246 0390 88       		.byte	0x88
 1247 0391 48010000 		.4byte	0x148
 1248 0395 02       		.uleb128 0x2
 1249 0396 91       		.byte	0x91
 1250 0397 6C       		.sleb128 -20
 1251 0398 0B       		.uleb128 0xb
 1252 0399 22030000 		.4byte	.LASF27
 1253 039d 01       		.byte	0x1
 1254 039e 88       		.byte	0x88
 1255 039f B5030000 		.4byte	0x3b5
 1256 03a3 02       		.uleb128 0x2
 1257 03a4 91       		.byte	0x91
 1258 03a5 68       		.sleb128 -24
 1259 03a6 0D       		.uleb128 0xd
 1260 03a7 72657300 		.ascii	"res\000"
 1261 03ab 01       		.byte	0x1
 1262 03ac 89       		.byte	0x89
 1263 03ad 7D000000 		.4byte	0x7d
 1264 03b1 02       		.uleb128 0x2
 1265 03b2 91       		.byte	0x91
 1266 03b3 77       		.sleb128 -9
 1267 03b4 00       		.byte	0
 1268 03b5 08       		.uleb128 0x8
 1269 03b6 04       		.byte	0x4
 1270 03b7 BB030000 		.4byte	0x3bb
 1271 03bb 10       		.uleb128 0x10
 1272 03bc C1000000 		.4byte	0xc1
 1273 03c0 0E       		.uleb128 0xe
 1274 03c1 12000000 		.4byte	.LASF37
 1275 03c5 01       		.byte	0x1
 1276 03c6 91       		.byte	0x91
 1277 03c7 7D000000 		.4byte	0x7d
 1278 03cb 00000000 		.4byte	.LFB125
 1279 03cf 2E000000 		.4byte	.LFE125-.LFB125
 1280 03d3 01       		.uleb128 0x1
 1281 03d4 9C       		.byte	0x9c
 1282 03d5 03040000 		.4byte	0x403
 1283 03d9 0B       		.uleb128 0xb
 1284 03da 90020000 		.4byte	.LASF22
 1285 03de 01       		.byte	0x1
 1286 03df 91       		.byte	0x91
 1287 03e0 48010000 		.4byte	0x148
 1288 03e4 02       		.uleb128 0x2
 1289 03e5 91       		.byte	0x91
 1290 03e6 74       		.sleb128 -12
 1291 03e7 0B       		.uleb128 0xb
 1292 03e8 22030000 		.4byte	.LASF27
 1293 03ec 01       		.byte	0x1
 1294 03ed 91       		.byte	0x91
ARM GAS  /tmp/ccND9lrJ.s 			page 24


 1295 03ee B5030000 		.4byte	0x3b5
 1296 03f2 02       		.uleb128 0x2
 1297 03f3 91       		.byte	0x91
 1298 03f4 70       		.sleb128 -16
 1299 03f5 0D       		.uleb128 0xd
 1300 03f6 706900   		.ascii	"pi\000"
 1301 03f9 01       		.byte	0x1
 1302 03fa 92       		.byte	0x92
 1303 03fb F1000000 		.4byte	0xf1
 1304 03ff 02       		.uleb128 0x2
 1305 0400 91       		.byte	0x91
 1306 0401 7C       		.sleb128 -4
 1307 0402 00       		.byte	0
 1308 0403 11       		.uleb128 0x11
 1309 0404 75020000 		.4byte	.LASF40
 1310 0408 06       		.byte	0x6
 1311 0409 9806     		.2byte	0x698
 1312 040b 9D000000 		.4byte	0x9d
 1313 040f 00       		.byte	0
 1314              		.section	.debug_abbrev,"",%progbits
 1315              	.Ldebug_abbrev0:
 1316 0000 01       		.uleb128 0x1
 1317 0001 11       		.uleb128 0x11
 1318 0002 01       		.byte	0x1
 1319 0003 25       		.uleb128 0x25
 1320 0004 0E       		.uleb128 0xe
 1321 0005 13       		.uleb128 0x13
 1322 0006 0B       		.uleb128 0xb
 1323 0007 03       		.uleb128 0x3
 1324 0008 0E       		.uleb128 0xe
 1325 0009 55       		.uleb128 0x55
 1326 000a 17       		.uleb128 0x17
 1327 000b 11       		.uleb128 0x11
 1328 000c 01       		.uleb128 0x1
 1329 000d 10       		.uleb128 0x10
 1330 000e 17       		.uleb128 0x17
 1331 000f 00       		.byte	0
 1332 0010 00       		.byte	0
 1333 0011 02       		.uleb128 0x2
 1334 0012 24       		.uleb128 0x24
 1335 0013 00       		.byte	0
 1336 0014 0B       		.uleb128 0xb
 1337 0015 0B       		.uleb128 0xb
 1338 0016 3E       		.uleb128 0x3e
 1339 0017 0B       		.uleb128 0xb
 1340 0018 03       		.uleb128 0x3
 1341 0019 08       		.uleb128 0x8
 1342 001a 00       		.byte	0
 1343 001b 00       		.byte	0
 1344 001c 03       		.uleb128 0x3
 1345 001d 24       		.uleb128 0x24
 1346 001e 00       		.byte	0
 1347 001f 0B       		.uleb128 0xb
 1348 0020 0B       		.uleb128 0xb
 1349 0021 3E       		.uleb128 0x3e
 1350 0022 0B       		.uleb128 0xb
 1351 0023 03       		.uleb128 0x3
ARM GAS  /tmp/ccND9lrJ.s 			page 25


 1352 0024 0E       		.uleb128 0xe
 1353 0025 00       		.byte	0
 1354 0026 00       		.byte	0
 1355 0027 04       		.uleb128 0x4
 1356 0028 16       		.uleb128 0x16
 1357 0029 00       		.byte	0
 1358 002a 03       		.uleb128 0x3
 1359 002b 0E       		.uleb128 0xe
 1360 002c 3A       		.uleb128 0x3a
 1361 002d 0B       		.uleb128 0xb
 1362 002e 3B       		.uleb128 0x3b
 1363 002f 0B       		.uleb128 0xb
 1364 0030 49       		.uleb128 0x49
 1365 0031 13       		.uleb128 0x13
 1366 0032 00       		.byte	0
 1367 0033 00       		.byte	0
 1368 0034 05       		.uleb128 0x5
 1369 0035 35       		.uleb128 0x35
 1370 0036 00       		.byte	0
 1371 0037 49       		.uleb128 0x49
 1372 0038 13       		.uleb128 0x13
 1373 0039 00       		.byte	0
 1374 003a 00       		.byte	0
 1375 003b 06       		.uleb128 0x6
 1376 003c 13       		.uleb128 0x13
 1377 003d 01       		.byte	0x1
 1378 003e 03       		.uleb128 0x3
 1379 003f 0E       		.uleb128 0xe
 1380 0040 0B       		.uleb128 0xb
 1381 0041 0B       		.uleb128 0xb
 1382 0042 3A       		.uleb128 0x3a
 1383 0043 0B       		.uleb128 0xb
 1384 0044 3B       		.uleb128 0x3b
 1385 0045 0B       		.uleb128 0xb
 1386 0046 01       		.uleb128 0x1
 1387 0047 13       		.uleb128 0x13
 1388 0048 00       		.byte	0
 1389 0049 00       		.byte	0
 1390 004a 07       		.uleb128 0x7
 1391 004b 0D       		.uleb128 0xd
 1392 004c 00       		.byte	0
 1393 004d 03       		.uleb128 0x3
 1394 004e 0E       		.uleb128 0xe
 1395 004f 3A       		.uleb128 0x3a
 1396 0050 0B       		.uleb128 0xb
 1397 0051 3B       		.uleb128 0x3b
 1398 0052 0B       		.uleb128 0xb
 1399 0053 49       		.uleb128 0x49
 1400 0054 13       		.uleb128 0x13
 1401 0055 38       		.uleb128 0x38
 1402 0056 0B       		.uleb128 0xb
 1403 0057 00       		.byte	0
 1404 0058 00       		.byte	0
 1405 0059 08       		.uleb128 0x8
 1406 005a 0F       		.uleb128 0xf
 1407 005b 00       		.byte	0
 1408 005c 0B       		.uleb128 0xb
ARM GAS  /tmp/ccND9lrJ.s 			page 26


 1409 005d 0B       		.uleb128 0xb
 1410 005e 49       		.uleb128 0x49
 1411 005f 13       		.uleb128 0x13
 1412 0060 00       		.byte	0
 1413 0061 00       		.byte	0
 1414 0062 09       		.uleb128 0x9
 1415 0063 2E       		.uleb128 0x2e
 1416 0064 00       		.byte	0
 1417 0065 3F       		.uleb128 0x3f
 1418 0066 19       		.uleb128 0x19
 1419 0067 03       		.uleb128 0x3
 1420 0068 0E       		.uleb128 0xe
 1421 0069 3A       		.uleb128 0x3a
 1422 006a 0B       		.uleb128 0xb
 1423 006b 3B       		.uleb128 0x3b
 1424 006c 0B       		.uleb128 0xb
 1425 006d 27       		.uleb128 0x27
 1426 006e 19       		.uleb128 0x19
 1427 006f 11       		.uleb128 0x11
 1428 0070 01       		.uleb128 0x1
 1429 0071 12       		.uleb128 0x12
 1430 0072 06       		.uleb128 0x6
 1431 0073 40       		.uleb128 0x40
 1432 0074 18       		.uleb128 0x18
 1433 0075 9742     		.uleb128 0x2117
 1434 0077 19       		.uleb128 0x19
 1435 0078 00       		.byte	0
 1436 0079 00       		.byte	0
 1437 007a 0A       		.uleb128 0xa
 1438 007b 2E       		.uleb128 0x2e
 1439 007c 01       		.byte	0x1
 1440 007d 3F       		.uleb128 0x3f
 1441 007e 19       		.uleb128 0x19
 1442 007f 03       		.uleb128 0x3
 1443 0080 0E       		.uleb128 0xe
 1444 0081 3A       		.uleb128 0x3a
 1445 0082 0B       		.uleb128 0xb
 1446 0083 3B       		.uleb128 0x3b
 1447 0084 0B       		.uleb128 0xb
 1448 0085 27       		.uleb128 0x27
 1449 0086 19       		.uleb128 0x19
 1450 0087 11       		.uleb128 0x11
 1451 0088 01       		.uleb128 0x1
 1452 0089 12       		.uleb128 0x12
 1453 008a 06       		.uleb128 0x6
 1454 008b 40       		.uleb128 0x40
 1455 008c 18       		.uleb128 0x18
 1456 008d 9742     		.uleb128 0x2117
 1457 008f 19       		.uleb128 0x19
 1458 0090 01       		.uleb128 0x1
 1459 0091 13       		.uleb128 0x13
 1460 0092 00       		.byte	0
 1461 0093 00       		.byte	0
 1462 0094 0B       		.uleb128 0xb
 1463 0095 05       		.uleb128 0x5
 1464 0096 00       		.byte	0
 1465 0097 03       		.uleb128 0x3
ARM GAS  /tmp/ccND9lrJ.s 			page 27


 1466 0098 0E       		.uleb128 0xe
 1467 0099 3A       		.uleb128 0x3a
 1468 009a 0B       		.uleb128 0xb
 1469 009b 3B       		.uleb128 0x3b
 1470 009c 0B       		.uleb128 0xb
 1471 009d 49       		.uleb128 0x49
 1472 009e 13       		.uleb128 0x13
 1473 009f 02       		.uleb128 0x2
 1474 00a0 18       		.uleb128 0x18
 1475 00a1 00       		.byte	0
 1476 00a2 00       		.byte	0
 1477 00a3 0C       		.uleb128 0xc
 1478 00a4 2E       		.uleb128 0x2e
 1479 00a5 01       		.byte	0x1
 1480 00a6 3F       		.uleb128 0x3f
 1481 00a7 19       		.uleb128 0x19
 1482 00a8 03       		.uleb128 0x3
 1483 00a9 0E       		.uleb128 0xe
 1484 00aa 3A       		.uleb128 0x3a
 1485 00ab 0B       		.uleb128 0xb
 1486 00ac 3B       		.uleb128 0x3b
 1487 00ad 0B       		.uleb128 0xb
 1488 00ae 27       		.uleb128 0x27
 1489 00af 19       		.uleb128 0x19
 1490 00b0 49       		.uleb128 0x49
 1491 00b1 13       		.uleb128 0x13
 1492 00b2 11       		.uleb128 0x11
 1493 00b3 01       		.uleb128 0x1
 1494 00b4 12       		.uleb128 0x12
 1495 00b5 06       		.uleb128 0x6
 1496 00b6 40       		.uleb128 0x40
 1497 00b7 18       		.uleb128 0x18
 1498 00b8 9642     		.uleb128 0x2116
 1499 00ba 19       		.uleb128 0x19
 1500 00bb 01       		.uleb128 0x1
 1501 00bc 13       		.uleb128 0x13
 1502 00bd 00       		.byte	0
 1503 00be 00       		.byte	0
 1504 00bf 0D       		.uleb128 0xd
 1505 00c0 34       		.uleb128 0x34
 1506 00c1 00       		.byte	0
 1507 00c2 03       		.uleb128 0x3
 1508 00c3 08       		.uleb128 0x8
 1509 00c4 3A       		.uleb128 0x3a
 1510 00c5 0B       		.uleb128 0xb
 1511 00c6 3B       		.uleb128 0x3b
 1512 00c7 0B       		.uleb128 0xb
 1513 00c8 49       		.uleb128 0x49
 1514 00c9 13       		.uleb128 0x13
 1515 00ca 02       		.uleb128 0x2
 1516 00cb 18       		.uleb128 0x18
 1517 00cc 00       		.byte	0
 1518 00cd 00       		.byte	0
 1519 00ce 0E       		.uleb128 0xe
 1520 00cf 2E       		.uleb128 0x2e
 1521 00d0 01       		.byte	0x1
 1522 00d1 3F       		.uleb128 0x3f
ARM GAS  /tmp/ccND9lrJ.s 			page 28


 1523 00d2 19       		.uleb128 0x19
 1524 00d3 03       		.uleb128 0x3
 1525 00d4 0E       		.uleb128 0xe
 1526 00d5 3A       		.uleb128 0x3a
 1527 00d6 0B       		.uleb128 0xb
 1528 00d7 3B       		.uleb128 0x3b
 1529 00d8 0B       		.uleb128 0xb
 1530 00d9 27       		.uleb128 0x27
 1531 00da 19       		.uleb128 0x19
 1532 00db 49       		.uleb128 0x49
 1533 00dc 13       		.uleb128 0x13
 1534 00dd 11       		.uleb128 0x11
 1535 00de 01       		.uleb128 0x1
 1536 00df 12       		.uleb128 0x12
 1537 00e0 06       		.uleb128 0x6
 1538 00e1 40       		.uleb128 0x40
 1539 00e2 18       		.uleb128 0x18
 1540 00e3 9742     		.uleb128 0x2117
 1541 00e5 19       		.uleb128 0x19
 1542 00e6 01       		.uleb128 0x1
 1543 00e7 13       		.uleb128 0x13
 1544 00e8 00       		.byte	0
 1545 00e9 00       		.byte	0
 1546 00ea 0F       		.uleb128 0xf
 1547 00eb 2E       		.uleb128 0x2e
 1548 00ec 01       		.byte	0x1
 1549 00ed 3F       		.uleb128 0x3f
 1550 00ee 19       		.uleb128 0x19
 1551 00ef 03       		.uleb128 0x3
 1552 00f0 0E       		.uleb128 0xe
 1553 00f1 3A       		.uleb128 0x3a
 1554 00f2 0B       		.uleb128 0xb
 1555 00f3 3B       		.uleb128 0x3b
 1556 00f4 0B       		.uleb128 0xb
 1557 00f5 27       		.uleb128 0x27
 1558 00f6 19       		.uleb128 0x19
 1559 00f7 11       		.uleb128 0x11
 1560 00f8 01       		.uleb128 0x1
 1561 00f9 12       		.uleb128 0x12
 1562 00fa 06       		.uleb128 0x6
 1563 00fb 40       		.uleb128 0x40
 1564 00fc 18       		.uleb128 0x18
 1565 00fd 9642     		.uleb128 0x2116
 1566 00ff 19       		.uleb128 0x19
 1567 0100 01       		.uleb128 0x1
 1568 0101 13       		.uleb128 0x13
 1569 0102 00       		.byte	0
 1570 0103 00       		.byte	0
 1571 0104 10       		.uleb128 0x10
 1572 0105 26       		.uleb128 0x26
 1573 0106 00       		.byte	0
 1574 0107 49       		.uleb128 0x49
 1575 0108 13       		.uleb128 0x13
 1576 0109 00       		.byte	0
 1577 010a 00       		.byte	0
 1578 010b 11       		.uleb128 0x11
 1579 010c 34       		.uleb128 0x34
ARM GAS  /tmp/ccND9lrJ.s 			page 29


 1580 010d 00       		.byte	0
 1581 010e 03       		.uleb128 0x3
 1582 010f 0E       		.uleb128 0xe
 1583 0110 3A       		.uleb128 0x3a
 1584 0111 0B       		.uleb128 0xb
 1585 0112 3B       		.uleb128 0x3b
 1586 0113 05       		.uleb128 0x5
 1587 0114 49       		.uleb128 0x49
 1588 0115 13       		.uleb128 0x13
 1589 0116 3F       		.uleb128 0x3f
 1590 0117 19       		.uleb128 0x19
 1591 0118 3C       		.uleb128 0x3c
 1592 0119 19       		.uleb128 0x19
 1593 011a 00       		.byte	0
 1594 011b 00       		.byte	0
 1595 011c 00       		.byte	0
 1596              		.section	.debug_aranges,"",%progbits
 1597 0000 8C000000 		.4byte	0x8c
 1598 0004 0200     		.2byte	0x2
 1599 0006 00000000 		.4byte	.Ldebug_info0
 1600 000a 04       		.byte	0x4
 1601 000b 00       		.byte	0
 1602 000c 0000     		.2byte	0
 1603 000e 0000     		.2byte	0
 1604 0010 00000000 		.4byte	.LFB111
 1605 0014 02000000 		.4byte	.LFE111-.LFB111
 1606 0018 00000000 		.4byte	.LFB112
 1607 001c 02000000 		.4byte	.LFE112-.LFB112
 1608 0020 00000000 		.4byte	.LFB113
 1609 0024 16000000 		.4byte	.LFE113-.LFB113
 1610 0028 00000000 		.4byte	.LFB114
 1611 002c 2C000000 		.4byte	.LFE114-.LFB114
 1612 0030 00000000 		.4byte	.LFB115
 1613 0034 26000000 		.4byte	.LFE115-.LFB115
 1614 0038 00000000 		.4byte	.LFB116
 1615 003c 1E000000 		.4byte	.LFE116-.LFB116
 1616 0040 00000000 		.4byte	.LFB117
 1617 0044 3E000000 		.4byte	.LFE117-.LFB117
 1618 0048 00000000 		.4byte	.LFB118
 1619 004c 1E000000 		.4byte	.LFE118-.LFB118
 1620 0050 00000000 		.4byte	.LFB119
 1621 0054 2E000000 		.4byte	.LFE119-.LFB119
 1622 0058 00000000 		.4byte	.LFB120
 1623 005c 22000000 		.4byte	.LFE120-.LFB120
 1624 0060 00000000 		.4byte	.LFB121
 1625 0064 7A000000 		.4byte	.LFE121-.LFB121
 1626 0068 00000000 		.4byte	.LFB122
 1627 006c 1E000000 		.4byte	.LFE122-.LFB122
 1628 0070 00000000 		.4byte	.LFB123
 1629 0074 74000000 		.4byte	.LFE123-.LFB123
 1630 0078 00000000 		.4byte	.LFB124
 1631 007c 2A000000 		.4byte	.LFE124-.LFB124
 1632 0080 00000000 		.4byte	.LFB125
 1633 0084 2E000000 		.4byte	.LFE125-.LFB125
 1634 0088 00000000 		.4byte	0
 1635 008c 00000000 		.4byte	0
 1636              		.section	.debug_ranges,"",%progbits
ARM GAS  /tmp/ccND9lrJ.s 			page 30


 1637              	.Ldebug_ranges0:
 1638 0000 00000000 		.4byte	.LFB111
 1639 0004 02000000 		.4byte	.LFE111
 1640 0008 00000000 		.4byte	.LFB112
 1641 000c 02000000 		.4byte	.LFE112
 1642 0010 00000000 		.4byte	.LFB113
 1643 0014 16000000 		.4byte	.LFE113
 1644 0018 00000000 		.4byte	.LFB114
 1645 001c 2C000000 		.4byte	.LFE114
 1646 0020 00000000 		.4byte	.LFB115
 1647 0024 26000000 		.4byte	.LFE115
 1648 0028 00000000 		.4byte	.LFB116
 1649 002c 1E000000 		.4byte	.LFE116
 1650 0030 00000000 		.4byte	.LFB117
 1651 0034 3E000000 		.4byte	.LFE117
 1652 0038 00000000 		.4byte	.LFB118
 1653 003c 1E000000 		.4byte	.LFE118
 1654 0040 00000000 		.4byte	.LFB119
 1655 0044 2E000000 		.4byte	.LFE119
 1656 0048 00000000 		.4byte	.LFB120
 1657 004c 22000000 		.4byte	.LFE120
 1658 0050 00000000 		.4byte	.LFB121
 1659 0054 7A000000 		.4byte	.LFE121
 1660 0058 00000000 		.4byte	.LFB122
 1661 005c 1E000000 		.4byte	.LFE122
 1662 0060 00000000 		.4byte	.LFB123
 1663 0064 74000000 		.4byte	.LFE123
 1664 0068 00000000 		.4byte	.LFB124
 1665 006c 2A000000 		.4byte	.LFE124
 1666 0070 00000000 		.4byte	.LFB125
 1667 0074 2E000000 		.4byte	.LFE125
 1668 0078 00000000 		.4byte	0
 1669 007c 00000000 		.4byte	0
 1670              		.section	.debug_line,"",%progbits
 1671              	.Ldebug_line0:
 1672 0000 DE020000 		.section	.debug_str,"MS",%progbits,1
 1672      02007B01 
 1672      00000201 
 1672      FB0E0D00 
 1672      01010101 
 1673              	.LASF25:
 1674 0000 67667851 		.ascii	"gfxQueueASyncInit\000"
 1674      75657565 
 1674      4153796E 
 1674      63496E69 
 1674      7400
 1675              	.LASF37:
 1676 0012 67667851 		.ascii	"gfxQueueASyncIsInI\000"
 1676      75657565 
 1676      4153796E 
 1676      63497349 
 1676      6E4900
 1677              	.LASF17:
 1678 0025 6E657874 		.ascii	"next\000"
 1678      00
 1679              	.LASF16:
 1680 002a 67667851 		.ascii	"gfxQueueASync\000"
ARM GAS  /tmp/ccND9lrJ.s 			page 31


 1680      75657565 
 1680      4153796E 
 1680      6300
 1681              	.LASF9:
 1682 0038 5F5F696E 		.ascii	"__int32_t\000"
 1682      7433325F 
 1682      7400
 1683              	.LASF15:
 1684 0042 67667851 		.ascii	"gfxQueueASyncItem\000"
 1684      75657565 
 1684      4153796E 
 1684      63497465 
 1684      6D00
 1685              	.LASF24:
 1686 0054 67667851 		.ascii	"gfxQueueASyncGetI\000"
 1686      75657565 
 1686      4153796E 
 1686      63476574 
 1686      4900
 1687              	.LASF38:
 1688 0066 474E5520 		.ascii	"GNU C 4.9.3 20150303 (release) [ARM/embedded-4_9-br"
 1688      4320342E 
 1688      392E3320 
 1688      32303135 
 1688      30333033 
 1689 0099 616E6368 		.ascii	"anch revision 221220] -mcpu=cortex-m4 -mfloat-abi=h"
 1689      20726576 
 1689      6973696F 
 1689      6E203232 
 1689      31323230 
 1690 00cc 61726420 		.ascii	"ard -mfpu=fpv4-sp-d16 -mno-thumb-interwork -mthumb "
 1690      2D6D6670 
 1690      753D6670 
 1690      76342D73 
 1690      702D6431 
 1691 00ff 2D676764 		.ascii	"-ggdb -fomit-frame-pointer -falign-functions=16 -ff"
 1691      62202D66 
 1691      6F6D6974 
 1691      2D667261 
 1691      6D652D70 
 1692 0132 756E6374 		.ascii	"unction-sections -fdata-sections -fno-common -fsing"
 1692      696F6E2D 
 1692      73656374 
 1692      696F6E73 
 1692      202D6664 
 1693 0165 6C652D70 		.ascii	"le-precision-constant\000"
 1693      72656369 
 1693      73696F6E 
 1693      2D636F6E 
 1693      7374616E 
 1694              	.LASF31:
 1695 017b 67667851 		.ascii	"gfxQueueASyncInsert\000"
 1695      75657565 
 1695      4153796E 
 1695      63496E73 
 1695      65727400 
 1696              	.LASF36:
ARM GAS  /tmp/ccND9lrJ.s 			page 32


 1697 018f 67667851 		.ascii	"gfxQueueASyncIsIn\000"
 1697      75657565 
 1697      4153796E 
 1697      63497349 
 1697      6E00
 1698              	.LASF11:
 1699 01a1 626F6F6C 		.ascii	"bool_t\000"
 1699      5F7400
 1700              	.LASF26:
 1701 01a8 67667851 		.ascii	"gfxQueueASyncPut\000"
 1701      75657565 
 1701      4153796E 
 1701      63507574 
 1701      00
 1702              	.LASF32:
 1703 01b9 70616674 		.ascii	"pafter\000"
 1703      657200
 1704              	.LASF8:
 1705 01c0 6C6F6E67 		.ascii	"long long unsigned int\000"
 1705      206C6F6E 
 1705      6720756E 
 1705      7369676E 
 1705      65642069 
 1706              	.LASF2:
 1707 01d7 756E7369 		.ascii	"unsigned char\000"
 1707      676E6564 
 1707      20636861 
 1707      7200
 1708              	.LASF23:
 1709 01e5 67667851 		.ascii	"gfxQueueASyncGet\000"
 1709      75657565 
 1709      4153796E 
 1709      63476574 
 1709      00
 1710              	.LASF29:
 1711 01f6 67667851 		.ascii	"gfxQueueASyncPush\000"
 1711      75657565 
 1711      4153796E 
 1711      63507573 
 1711      6800
 1712              	.LASF39:
 1713 0208 2F686F6D 		.ascii	"/home/makkmarci/workspace/ugfx/src/gqueue/gqueue.c\000"
 1713      652F6D61 
 1713      6B6B6D61 
 1713      7263692F 
 1713      776F726B 
 1714              	.LASF6:
 1715 023b 6C6F6E67 		.ascii	"long unsigned int\000"
 1715      20756E73 
 1715      69676E65 
 1715      6420696E 
 1715      7400
 1716              	.LASF4:
 1717 024d 73686F72 		.ascii	"short unsigned int\000"
 1717      7420756E 
 1717      7369676E 
 1717      65642069 
ARM GAS  /tmp/ccND9lrJ.s 			page 33


 1717      6E7400
 1718              	.LASF35:
 1719 0260 67667851 		.ascii	"gfxQueueASyncRemoveI\000"
 1719      75657565 
 1719      4153796E 
 1719      6352656D 
 1719      6F766549 
 1720              	.LASF40:
 1721 0275 49544D5F 		.ascii	"ITM_RxBuffer\000"
 1721      52784275 
 1721      66666572 
 1721      00
 1722              	.LASF21:
 1723 0282 5F677175 		.ascii	"_gqueueDeinit\000"
 1723      65756544 
 1723      65696E69 
 1723      7400
 1724              	.LASF22:
 1725 0290 70717565 		.ascii	"pqueue\000"
 1725      756500
 1726              	.LASF18:
 1727 0297 68656164 		.ascii	"head\000"
 1727      00
 1728              	.LASF30:
 1729 029c 67667851 		.ascii	"gfxQueueASyncPushI\000"
 1729      75657565 
 1729      4153796E 
 1729      63507573 
 1729      684900
 1730              	.LASF0:
 1731 02af 756E7369 		.ascii	"unsigned int\000"
 1731      676E6564 
 1731      20696E74 
 1731      00
 1732              	.LASF14:
 1733 02bc 63686172 		.ascii	"char\000"
 1733      00
 1734              	.LASF28:
 1735 02c1 67667851 		.ascii	"gfxQueueASyncPutI\000"
 1735      75657565 
 1735      4153796E 
 1735      63507574 
 1735      4900
 1736              	.LASF10:
 1737 02d3 696E7433 		.ascii	"int32_t\000"
 1737      325F7400 
 1738              	.LASF13:
 1739 02db 73697A65 		.ascii	"sizetype\000"
 1739      74797065 
 1739      00
 1740              	.LASF7:
 1741 02e4 6C6F6E67 		.ascii	"long long int\000"
 1741      206C6F6E 
 1741      6720696E 
 1741      7400
 1742              	.LASF20:
 1743 02f2 5F677175 		.ascii	"_gqueueInit\000"
ARM GAS  /tmp/ccND9lrJ.s 			page 34


 1743      65756549 
 1743      6E697400 
 1744              	.LASF33:
 1745 02fe 67667851 		.ascii	"gfxQueueASyncInsertI\000"
 1745      75657565 
 1745      4153796E 
 1745      63496E73 
 1745      65727449 
 1746              	.LASF3:
 1747 0313 73686F72 		.ascii	"short int\000"
 1747      7420696E 
 1747      7400
 1748              	.LASF19:
 1749 031d 7461696C 		.ascii	"tail\000"
 1749      00
 1750              	.LASF27:
 1751 0322 70697465 		.ascii	"pitem\000"
 1751      6D00
 1752              	.LASF5:
 1753 0328 6C6F6E67 		.ascii	"long int\000"
 1753      20696E74 
 1753      00
 1754              	.LASF1:
 1755 0331 7369676E 		.ascii	"signed char\000"
 1755      65642063 
 1755      68617200 
 1756              	.LASF12:
 1757 033d 5F426F6F 		.ascii	"_Bool\000"
 1757      6C00
 1758              	.LASF34:
 1759 0343 67667851 		.ascii	"gfxQueueASyncRemove\000"
 1759      75657565 
 1759      4153796E 
 1759      6352656D 
 1759      6F766500 
 1760              		.ident	"GCC: (GNU Tools for ARM Embedded Processors) 4.9.3 20150303 (release) [ARM/embedded-4_9-br
ARM GAS  /tmp/ccND9lrJ.s 			page 35


DEFINED SYMBOLS
                            *ABS*:00000000 gqueue.c
     /tmp/ccND9lrJ.s:21     .text._gqueueInit:00000000 $t
     /tmp/ccND9lrJ.s:27     .text._gqueueInit:00000000 _gqueueInit
     /tmp/ccND9lrJ.s:41     .text._gqueueDeinit:00000000 $t
     /tmp/ccND9lrJ.s:47     .text._gqueueDeinit:00000000 _gqueueDeinit
     /tmp/ccND9lrJ.s:60     .text.gfxQueueASyncInit:00000000 $t
     /tmp/ccND9lrJ.s:66     .text.gfxQueueASyncInit:00000000 gfxQueueASyncInit
     /tmp/ccND9lrJ.s:93     .text.gfxQueueASyncGet:00000000 $t
     /tmp/ccND9lrJ.s:99     .text.gfxQueueASyncGet:00000000 gfxQueueASyncGet
     /tmp/ccND9lrJ.s:153    .text.gfxQueueASyncGetI:00000000 gfxQueueASyncGetI
     /tmp/ccND9lrJ.s:147    .text.gfxQueueASyncGetI:00000000 $t
     /tmp/ccND9lrJ.s:192    .text.gfxQueueASyncPut:00000000 $t
     /tmp/ccND9lrJ.s:198    .text.gfxQueueASyncPut:00000000 gfxQueueASyncPut
     /tmp/ccND9lrJ.s:240    .text.gfxQueueASyncPutI:00000000 gfxQueueASyncPutI
     /tmp/ccND9lrJ.s:234    .text.gfxQueueASyncPutI:00000000 $t
     /tmp/ccND9lrJ.s:295    .text.gfxQueueASyncPush:00000000 $t
     /tmp/ccND9lrJ.s:301    .text.gfxQueueASyncPush:00000000 gfxQueueASyncPush
     /tmp/ccND9lrJ.s:343    .text.gfxQueueASyncPushI:00000000 gfxQueueASyncPushI
     /tmp/ccND9lrJ.s:337    .text.gfxQueueASyncPushI:00000000 $t
     /tmp/ccND9lrJ.s:388    .text.gfxQueueASyncInsert:00000000 $t
     /tmp/ccND9lrJ.s:394    .text.gfxQueueASyncInsert:00000000 gfxQueueASyncInsert
     /tmp/ccND9lrJ.s:438    .text.gfxQueueASyncInsertI:00000000 gfxQueueASyncInsertI
     /tmp/ccND9lrJ.s:432    .text.gfxQueueASyncInsertI:00000000 $t
     /tmp/ccND9lrJ.s:726    .text.gfxQueueASyncIsInI:00000000 gfxQueueASyncIsInI
     /tmp/ccND9lrJ.s:531    .text.gfxQueueASyncRemove:00000000 $t
     /tmp/ccND9lrJ.s:537    .text.gfxQueueASyncRemove:00000000 gfxQueueASyncRemove
     /tmp/ccND9lrJ.s:579    .text.gfxQueueASyncRemoveI:00000000 gfxQueueASyncRemoveI
     /tmp/ccND9lrJ.s:573    .text.gfxQueueASyncRemoveI:00000000 $t
     /tmp/ccND9lrJ.s:673    .text.gfxQueueASyncIsIn:00000000 $t
     /tmp/ccND9lrJ.s:679    .text.gfxQueueASyncIsIn:00000000 gfxQueueASyncIsIn
     /tmp/ccND9lrJ.s:720    .text.gfxQueueASyncIsInI:00000000 $t
                     .debug_frame:00000010 $d

UNDEFINED SYMBOLS
_port_lock
_port_unlock
