ARM GAS  /tmp/ccLPkU0a.s 			page 1


   1              		.syntax unified
   2              		.cpu cortex-m4
   3              		.eabi_attribute 27, 1
   4              		.eabi_attribute 28, 1
   5              		.fpu fpv4-sp-d16
   6              		.eabi_attribute 20, 1
   7              		.eabi_attribute 21, 1
   8              		.eabi_attribute 23, 3
   9              		.eabi_attribute 24, 1
  10              		.eabi_attribute 25, 1
  11              		.eabi_attribute 26, 1
  12              		.eabi_attribute 30, 6
  13              		.eabi_attribute 34, 1
  14              		.eabi_attribute 18, 4
  15              		.thumb
  16              		.file	"gwin_button.c"
  17              		.text
  18              	.Ltext0:
  19              		.cfi_sections	.debug_frame
  20              		.section	.text.MouseDown,"ax",%progbits
  21              		.align	2
  22              		.p2align 4,,15
  23              		.thumb
  24              		.thumb_func
  25              		.type	MouseDown, %function
  26              	MouseDown:
  27              	.LFB111:
  28              		.file 1 "/home/makkmarci/workspace/ugfx/src/gwin/gwin_button.c"
  29              		.loc 1 31 0
  30              		.cfi_startproc
  31              		@ args = 0, pretend = 0, frame = 8
  32              		@ frame_needed = 0, uses_anonymous_args = 0
  33 0000 00B5     		push	{lr}
  34              		.cfi_def_cfa_offset 4
  35              		.cfi_offset 14, -4
  36 0002 83B0     		sub	sp, sp, #12
  37              		.cfi_def_cfa_offset 16
  38 0004 0190     		str	r0, [sp, #4]
  39 0006 0B46     		mov	r3, r1
  40 0008 ADF80230 		strh	r3, [sp, #2]	@ movhi
  41 000c 1346     		mov	r3, r2	@ movhi
  42 000e ADF80030 		strh	r3, [sp]	@ movhi
  43              		.loc 1 33 0
  44 0012 019B     		ldr	r3, [sp, #4]
  45 0014 9B69     		ldr	r3, [r3, #24]
  46 0016 43F00102 		orr	r2, r3, #1
  47 001a 019B     		ldr	r3, [sp, #4]
  48 001c 9A61     		str	r2, [r3, #24]
  49              		.loc 1 34 0
  50 001e 0198     		ldr	r0, [sp, #4]
  51 0020 FFF7FEFF 		bl	_gwinUpdate
  52              		.loc 1 35 0
  53 0024 03B0     		add	sp, sp, #12
  54              		.cfi_def_cfa_offset 4
  55              		@ sp needed
  56 0026 5DF804FB 		ldr	pc, [sp], #4
  57              		.cfi_endproc
ARM GAS  /tmp/ccLPkU0a.s 			page 2


  58              	.LFE111:
  59              		.size	MouseDown, .-MouseDown
  60 002a 00BFAFF3 		.section	.text.MouseUp,"ax",%progbits
  60      0080
  61              		.align	2
  62              		.p2align 4,,15
  63              		.thumb
  64              		.thumb_func
  65              		.type	MouseUp, %function
  66              	MouseUp:
  67              	.LFB112:
  68              		.loc 1 38 0
  69              		.cfi_startproc
  70              		@ args = 0, pretend = 0, frame = 8
  71              		@ frame_needed = 0, uses_anonymous_args = 0
  72 0000 00B5     		push	{lr}
  73              		.cfi_def_cfa_offset 4
  74              		.cfi_offset 14, -4
  75 0002 83B0     		sub	sp, sp, #12
  76              		.cfi_def_cfa_offset 16
  77 0004 0190     		str	r0, [sp, #4]
  78 0006 0B46     		mov	r3, r1
  79 0008 ADF80230 		strh	r3, [sp, #2]	@ movhi
  80 000c 1346     		mov	r3, r2	@ movhi
  81 000e ADF80030 		strh	r3, [sp]	@ movhi
  82              		.loc 1 40 0
  83 0012 019B     		ldr	r3, [sp, #4]
  84 0014 9B69     		ldr	r3, [r3, #24]
  85 0016 23F00102 		bic	r2, r3, #1
  86 001a 019B     		ldr	r3, [sp, #4]
  87 001c 9A61     		str	r2, [r3, #24]
  88              		.loc 1 41 0
  89 001e 0198     		ldr	r0, [sp, #4]
  90 0020 FFF7FEFF 		bl	_gwinUpdate
  91              		.loc 1 49 0
  92 0024 019B     		ldr	r3, [sp, #4]
  93 0026 1846     		mov	r0, r3
  94 0028 4FF41071 		mov	r1, #576
  95 002c FFF7FEFF 		bl	_gwinSendEvent
  96              		.loc 1 50 0
  97 0030 03B0     		add	sp, sp, #12
  98              		.cfi_def_cfa_offset 4
  99              		@ sp needed
 100 0032 5DF804FB 		ldr	pc, [sp], #4
 101              		.cfi_endproc
 102              	.LFE112:
 103              		.size	MouseUp, .-MouseUp
 104 0036 00BFAFF3 		.section	.rodata
 104      0080AFF3 
 104      0080
 105              		.align	2
 106              	.LC0:
 107 0000 42757474 		.ascii	"Button\000"
 107      6F6E00
 108 0007 00       		.section	.rodata.buttonVMT,"a",%progbits
 109              		.align	2
 110              		.type	buttonVMT, %object
ARM GAS  /tmp/ccLPkU0a.s 			page 3


 111              		.size	buttonVMT, 36
 112              	buttonVMT:
 113 0000 00000000 		.word	.LC0
 114 0004 30000000 		.word	48
 115 0008 00000000 		.word	_gwidgetDestroy
 116 000c 00000000 		.word	_gwidgetRedraw
 117 0010 00000000 		.word	0
 118 0014 00000000 		.word	gwinButtonDraw_Normal
 119 0018 00000000 		.word	MouseDown
 120 001c 00000000 		.word	MouseUp
 121 0020 00000000 		.word	0
 122              		.section	.text.gwinGButtonCreate,"ax",%progbits
 123              		.align	2
 124              		.p2align 4,,15
 125              		.global	gwinGButtonCreate
 126              		.thumb
 127              		.thumb_func
 128              		.type	gwinGButtonCreate, %function
 129              	gwinGButtonCreate:
 130              	.LFB113:
 131              		.loc 1 117 0
 132              		.cfi_startproc
 133              		@ args = 0, pretend = 0, frame = 16
 134              		@ frame_needed = 0, uses_anonymous_args = 0
 135 0000 00B5     		push	{lr}
 136              		.cfi_def_cfa_offset 4
 137              		.cfi_offset 14, -4
 138 0002 85B0     		sub	sp, sp, #20
 139              		.cfi_def_cfa_offset 24
 140 0004 0390     		str	r0, [sp, #12]
 141 0006 0291     		str	r1, [sp, #8]
 142 0008 0192     		str	r2, [sp, #4]
 143              		.loc 1 118 0
 144 000a 029B     		ldr	r3, [sp, #8]
 145 000c 0398     		ldr	r0, [sp, #12]
 146 000e 1946     		mov	r1, r3
 147 0010 019A     		ldr	r2, [sp, #4]
 148 0012 0A4B     		ldr	r3, .L6
 149 0014 FFF7FEFF 		bl	_gwidgetCreate
 150 0018 0290     		str	r0, [sp, #8]
 151 001a 029B     		ldr	r3, [sp, #8]
 152 001c 002B     		cmp	r3, #0
 153 001e 01D1     		bne	.L4
 154              		.loc 1 119 0
 155 0020 0023     		movs	r3, #0
 156 0022 06E0     		b	.L5
 157              	.L4:
 158              		.loc 1 124 0
 159 0024 019B     		ldr	r3, [sp, #4]
 160 0026 1B7A     		ldrb	r3, [r3, #8]	@ zero_extendqisi2
 161 0028 0298     		ldr	r0, [sp, #8]
 162 002a 1946     		mov	r1, r3
 163 002c FFF7FEFF 		bl	gwinSetVisible
 164              		.loc 1 125 0
 165 0030 029B     		ldr	r3, [sp, #8]
 166              	.L5:
 167              		.loc 1 126 0
ARM GAS  /tmp/ccLPkU0a.s 			page 4


 168 0032 1846     		mov	r0, r3
 169 0034 05B0     		add	sp, sp, #20
 170              		.cfi_def_cfa_offset 4
 171              		@ sp needed
 172 0036 5DF804FB 		ldr	pc, [sp], #4
 173              	.L7:
 174 003a 00BF     		.align	2
 175              	.L6:
 176 003c 00000000 		.word	buttonVMT
 177              		.cfi_endproc
 178              	.LFE113:
 179              		.size	gwinGButtonCreate, .-gwinGButtonCreate
 180              		.section	.text.gwinButtonIsPressed,"ax",%progbits
 181              		.align	2
 182              		.p2align 4,,15
 183              		.global	gwinButtonIsPressed
 184              		.thumb
 185              		.thumb_func
 186              		.type	gwinButtonIsPressed, %function
 187              	gwinButtonIsPressed:
 188              	.LFB114:
 189              		.loc 1 128 0
 190              		.cfi_startproc
 191              		@ args = 0, pretend = 0, frame = 8
 192              		@ frame_needed = 0, uses_anonymous_args = 0
 193              		@ link register save eliminated.
 194 0000 82B0     		sub	sp, sp, #8
 195              		.cfi_def_cfa_offset 8
 196 0002 0190     		str	r0, [sp, #4]
 197              		.loc 1 129 0
 198 0004 019B     		ldr	r3, [sp, #4]
 199 0006 5B68     		ldr	r3, [r3, #4]
 200 0008 084A     		ldr	r2, .L11
 201 000a 9342     		cmp	r3, r2
 202 000c 01D0     		beq	.L9
 203              		.loc 1 130 0
 204 000e 0023     		movs	r3, #0
 205 0010 08E0     		b	.L10
 206              	.L9:
 207              		.loc 1 132 0
 208 0012 019B     		ldr	r3, [sp, #4]
 209 0014 9B69     		ldr	r3, [r3, #24]
 210 0016 03F00103 		and	r3, r3, #1
 211 001a 002B     		cmp	r3, #0
 212 001c 14BF     		ite	ne
 213 001e 0123     		movne	r3, #1
 214 0020 0023     		moveq	r3, #0
 215 0022 DBB2     		uxtb	r3, r3
 216              	.L10:
 217              		.loc 1 133 0
 218 0024 1846     		mov	r0, r3
 219 0026 02B0     		add	sp, sp, #8
 220              		.cfi_def_cfa_offset 0
 221              		@ sp needed
 222 0028 7047     		bx	lr
 223              	.L12:
 224 002a 00BF     		.align	2
ARM GAS  /tmp/ccLPkU0a.s 			page 5


 225              	.L11:
 226 002c 00000000 		.word	buttonVMT
 227              		.cfi_endproc
 228              	.LFE114:
 229              		.size	gwinButtonIsPressed, .-gwinButtonIsPressed
 230              		.section	.text.getDrawColors,"ax",%progbits
 231              		.align	2
 232              		.p2align 4,,15
 233              		.thumb
 234              		.thumb_func
 235              		.type	getDrawColors, %function
 236              	getDrawColors:
 237              	.LFB115:
 238              		.loc 1 139 0
 239              		.cfi_startproc
 240              		@ args = 0, pretend = 0, frame = 8
 241              		@ frame_needed = 0, uses_anonymous_args = 0
 242              		@ link register save eliminated.
 243 0000 82B0     		sub	sp, sp, #8
 244              		.cfi_def_cfa_offset 8
 245 0002 0190     		str	r0, [sp, #4]
 246              		.loc 1 140 0
 247 0004 019B     		ldr	r3, [sp, #4]
 248 0006 9B69     		ldr	r3, [r3, #24]
 249 0008 03F40063 		and	r3, r3, #2048
 250 000c 002B     		cmp	r3, #0
 251 000e 03D1     		bne	.L14
 252              		.loc 1 140 0 is_stmt 0 discriminator 1
 253 0010 019B     		ldr	r3, [sp, #4]
 254 0012 DB6A     		ldr	r3, [r3, #44]
 255 0014 0A33     		adds	r3, r3, #10
 256 0016 0CE0     		b	.L15
 257              	.L14:
 258              		.loc 1 141 0 is_stmt 1
 259 0018 019B     		ldr	r3, [sp, #4]
 260 001a 9B69     		ldr	r3, [r3, #24]
 261 001c 03F00103 		and	r3, r3, #1
 262 0020 002B     		cmp	r3, #0
 263 0022 03D0     		beq	.L16
 264              		.loc 1 141 0 is_stmt 0 discriminator 1
 265 0024 019B     		ldr	r3, [sp, #4]
 266 0026 DB6A     		ldr	r3, [r3, #44]
 267 0028 1233     		adds	r3, r3, #18
 268 002a 02E0     		b	.L15
 269              	.L16:
 270              		.loc 1 142 0 is_stmt 1
 271 002c 019B     		ldr	r3, [sp, #4]
 272 002e DB6A     		ldr	r3, [r3, #44]
 273 0030 0233     		adds	r3, r3, #2
 274              	.L15:
 275              		.loc 1 143 0
 276 0032 1846     		mov	r0, r3
 277 0034 02B0     		add	sp, sp, #8
 278              		.cfi_def_cfa_offset 0
 279              		@ sp needed
 280 0036 7047     		bx	lr
 281              		.cfi_endproc
ARM GAS  /tmp/ccLPkU0a.s 			page 6


 282              	.LFE115:
 283              		.size	getDrawColors, .-getDrawColors
 284 0038 AFF30080 		.section	.text.gwinButtonDraw_Normal,"ax",%progbits
 284      AFF30080 
 285              		.align	2
 286              		.p2align 4,,15
 287              		.global	gwinButtonDraw_Normal
 288              		.thumb
 289              		.thumb_func
 290              		.type	gwinButtonDraw_Normal, %function
 291              	gwinButtonDraw_Normal:
 292              	.LFB116:
 293              		.loc 1 158 0
 294              		.cfi_startproc
 295              		@ args = 0, pretend = 0, frame = 32
 296              		@ frame_needed = 0, uses_anonymous_args = 0
 297 0000 2DE9F041 		push	{r4, r5, r6, r7, r8, lr}
 298              		.cfi_def_cfa_offset 24
 299              		.cfi_offset 4, -24
 300              		.cfi_offset 5, -20
 301              		.cfi_offset 6, -16
 302              		.cfi_offset 7, -12
 303              		.cfi_offset 8, -8
 304              		.cfi_offset 14, -4
 305 0004 8EB0     		sub	sp, sp, #56
 306              		.cfi_def_cfa_offset 80
 307 0006 0790     		str	r0, [sp, #28]
 308 0008 0691     		str	r1, [sp, #24]
 309              		.loc 1 166 0
 310 000a 079B     		ldr	r3, [sp, #28]
 311 000c 5B68     		ldr	r3, [r3, #4]
 312 000e 814A     		ldr	r2, .L22
 313 0010 9342     		cmp	r3, r2
 314 0012 00D0     		beq	.L18
 315 0014 FBE0     		b	.L17
 316              	.L18:
 317              		.loc 1 167 0
 318 0016 0798     		ldr	r0, [sp, #28]
 319 0018 FFF7FEFF 		bl	getDrawColors
 320 001c 0B90     		str	r0, [sp, #44]
 321              		.loc 1 170 0
 322 001e 0B9B     		ldr	r3, [sp, #44]
 323 0020 9B88     		ldrh	r3, [r3, #4]
 324 0022 4FF6FF70 		movw	r0, #65535
 325 0026 1946     		mov	r1, r3
 326 0028 3222     		movs	r2, #50
 327 002a FFF7FEFF 		bl	gdispBlendColor
 328 002e 0346     		mov	r3, r0
 329 0030 ADF82A30 		strh	r3, [sp, #42]	@ movhi
 330              		.loc 1 171 0
 331 0034 0B9B     		ldr	r3, [sp, #44]
 332 0036 9B88     		ldrh	r3, [r3, #4]
 333 0038 0020     		movs	r0, #0
 334 003a 1946     		mov	r1, r3
 335 003c 1922     		movs	r2, #25
 336 003e FFF7FEFF 		bl	gdispBlendColor
 337 0042 0346     		mov	r3, r0
ARM GAS  /tmp/ccLPkU0a.s 			page 7


 338 0044 ADF82830 		strh	r3, [sp, #40]	@ movhi
 339              		.loc 1 172 0
 340 0048 079B     		ldr	r3, [sp, #28]
 341 004a 5B8A     		ldrh	r3, [r3, #18]
 342 004c 1BB2     		sxth	r3, r3
 343 004e 4FF47F02 		mov	r2, #16711680
 344 0052 92FBF3F3 		sdiv	r3, r2, r3
 345 0056 0993     		str	r3, [sp, #36]
 346              		.loc 1 173 0
 347 0058 0023     		movs	r3, #0
 348 005a 0D93     		str	r3, [sp, #52]
 349 005c 0023     		movs	r3, #0
 350 005e ADF83230 		strh	r3, [sp, #50]	@ movhi
 351 0062 43E0     		b	.L20
 352              	.L21:
 353              		.loc 1 174 0 discriminator 3
 354 0064 079B     		ldr	r3, [sp, #28]
 355 0066 9D68     		ldr	r5, [r3, #8]
 356 0068 079B     		ldr	r3, [sp, #28]
 357 006a B3F80C80 		ldrh	r8, [r3, #12]
 358 006e 079B     		ldr	r3, [sp, #28]
 359 0070 DB89     		ldrh	r3, [r3, #14]
 360 0072 9AB2     		uxth	r2, r3
 361 0074 BDF83230 		ldrh	r3, [sp, #50]
 362 0078 1344     		add	r3, r3, r2
 363 007a 9BB2     		uxth	r3, r3
 364 007c 9FB2     		uxth	r7, r3
 365 007e 079B     		ldr	r3, [sp, #28]
 366 0080 9B89     		ldrh	r3, [r3, #12]
 367 0082 9AB2     		uxth	r2, r3
 368 0084 079B     		ldr	r3, [sp, #28]
 369 0086 1B8A     		ldrh	r3, [r3, #16]
 370 0088 9BB2     		uxth	r3, r3
 371 008a 1344     		add	r3, r3, r2
 372 008c 9BB2     		uxth	r3, r3
 373 008e 023B     		subs	r3, r3, #2
 374 0090 9BB2     		uxth	r3, r3
 375 0092 9CB2     		uxth	r4, r3
 376 0094 079B     		ldr	r3, [sp, #28]
 377 0096 DB89     		ldrh	r3, [r3, #14]
 378 0098 9AB2     		uxth	r2, r3
 379 009a BDF83230 		ldrh	r3, [sp, #50]
 380 009e 1344     		add	r3, r3, r2
 381 00a0 9BB2     		uxth	r3, r3
 382 00a2 9EB2     		uxth	r6, r3
 383 00a4 0D9B     		ldr	r3, [sp, #52]
 384 00a6 1B14     		asrs	r3, r3, #16
 385 00a8 DBB2     		uxtb	r3, r3
 386 00aa BDF82810 		ldrh	r1, [sp, #40]
 387 00ae BDF82A20 		ldrh	r2, [sp, #42]
 388 00b2 0846     		mov	r0, r1
 389 00b4 1146     		mov	r1, r2
 390 00b6 1A46     		mov	r2, r3
 391 00b8 FFF7FEFF 		bl	gdispBlendColor
 392 00bc 0346     		mov	r3, r0
 393 00be 1846     		mov	r0, r3
 394 00c0 0FFA88F1 		sxth	r1, r8
ARM GAS  /tmp/ccLPkU0a.s 			page 8


 395 00c4 3AB2     		sxth	r2, r7
 396 00c6 24B2     		sxth	r4, r4
 397 00c8 33B2     		sxth	r3, r6
 398 00ca 0093     		str	r3, [sp]
 399 00cc 0190     		str	r0, [sp, #4]
 400 00ce 2846     		mov	r0, r5
 401 00d0 2346     		mov	r3, r4
 402 00d2 FFF7FEFF 		bl	gdispGDrawLine
 403              		.loc 1 173 0 discriminator 3
 404 00d6 BDF83230 		ldrh	r3, [sp, #50]
 405 00da 9BB2     		uxth	r3, r3
 406 00dc 0133     		adds	r3, r3, #1
 407 00de 9BB2     		uxth	r3, r3
 408 00e0 ADF83230 		strh	r3, [sp, #50]	@ movhi
 409 00e4 0D9A     		ldr	r2, [sp, #52]
 410 00e6 099B     		ldr	r3, [sp, #36]
 411 00e8 1344     		add	r3, r3, r2
 412 00ea 0D93     		str	r3, [sp, #52]
 413              	.L20:
 414              		.loc 1 173 0 is_stmt 0 discriminator 1
 415 00ec 079B     		ldr	r3, [sp, #28]
 416 00ee 5B8A     		ldrh	r3, [r3, #18]
 417 00f0 BDF93220 		ldrsh	r2, [sp, #50]
 418 00f4 1BB2     		sxth	r3, r3
 419 00f6 9A42     		cmp	r2, r3
 420 00f8 B4DB     		blt	.L21
 421              		.loc 1 176 0 is_stmt 1
 422 00fa 079B     		ldr	r3, [sp, #28]
 423 00fc 9F68     		ldr	r7, [r3, #8]
 424 00fe 079B     		ldr	r3, [sp, #28]
 425 0100 9E89     		ldrh	r6, [r3, #12]
 426 0102 079B     		ldr	r3, [sp, #28]
 427 0104 DD89     		ldrh	r5, [r3, #14]
 428 0106 079B     		ldr	r3, [sp, #28]
 429 0108 1B8A     		ldrh	r3, [r3, #16]
 430 010a 9BB2     		uxth	r3, r3
 431 010c 013B     		subs	r3, r3, #1
 432 010e 9BB2     		uxth	r3, r3
 433 0110 9CB2     		uxth	r4, r3
 434 0112 079B     		ldr	r3, [sp, #28]
 435 0114 5B8A     		ldrh	r3, [r3, #18]
 436 0116 9BB2     		uxth	r3, r3
 437 0118 013B     		subs	r3, r3, #1
 438 011a 9BB2     		uxth	r3, r3
 439 011c 98B2     		uxth	r0, r3
 440 011e 079B     		ldr	r3, [sp, #28]
 441 0120 196A     		ldr	r1, [r3, #32]
 442 0122 079B     		ldr	r3, [sp, #28]
 443 0124 DA69     		ldr	r2, [r3, #28]
 444 0126 0B9B     		ldr	r3, [sp, #44]
 445 0128 1B88     		ldrh	r3, [r3]
 446 012a 36B2     		sxth	r6, r6
 447 012c 2DB2     		sxth	r5, r5
 448 012e 24B2     		sxth	r4, r4
 449 0130 00B2     		sxth	r0, r0
 450 0132 0090     		str	r0, [sp]
 451 0134 0191     		str	r1, [sp, #4]
ARM GAS  /tmp/ccLPkU0a.s 			page 9


 452 0136 0292     		str	r2, [sp, #8]
 453 0138 0393     		str	r3, [sp, #12]
 454 013a 0123     		movs	r3, #1
 455 013c 0493     		str	r3, [sp, #16]
 456 013e 3846     		mov	r0, r7
 457 0140 3146     		mov	r1, r6
 458 0142 2A46     		mov	r2, r5
 459 0144 2346     		mov	r3, r4
 460 0146 FFF7FEFF 		bl	gdispGDrawStringBox
 461              		.loc 1 177 0
 462 014a 079B     		ldr	r3, [sp, #28]
 463 014c 9868     		ldr	r0, [r3, #8]
 464 014e 079B     		ldr	r3, [sp, #28]
 465 0150 9B89     		ldrh	r3, [r3, #12]
 466 0152 9AB2     		uxth	r2, r3
 467 0154 079B     		ldr	r3, [sp, #28]
 468 0156 1B8A     		ldrh	r3, [r3, #16]
 469 0158 9BB2     		uxth	r3, r3
 470 015a 1344     		add	r3, r3, r2
 471 015c 9BB2     		uxth	r3, r3
 472 015e 013B     		subs	r3, r3, #1
 473 0160 9BB2     		uxth	r3, r3
 474 0162 99B2     		uxth	r1, r3
 475 0164 079B     		ldr	r3, [sp, #28]
 476 0166 DD89     		ldrh	r5, [r3, #14]
 477 0168 079B     		ldr	r3, [sp, #28]
 478 016a 9B89     		ldrh	r3, [r3, #12]
 479 016c 9AB2     		uxth	r2, r3
 480 016e 079B     		ldr	r3, [sp, #28]
 481 0170 1B8A     		ldrh	r3, [r3, #16]
 482 0172 9BB2     		uxth	r3, r3
 483 0174 1344     		add	r3, r3, r2
 484 0176 9BB2     		uxth	r3, r3
 485 0178 013B     		subs	r3, r3, #1
 486 017a 9BB2     		uxth	r3, r3
 487 017c 9CB2     		uxth	r4, r3
 488 017e 079B     		ldr	r3, [sp, #28]
 489 0180 DB89     		ldrh	r3, [r3, #14]
 490 0182 9AB2     		uxth	r2, r3
 491 0184 079B     		ldr	r3, [sp, #28]
 492 0186 5B8A     		ldrh	r3, [r3, #18]
 493 0188 9BB2     		uxth	r3, r3
 494 018a 1344     		add	r3, r3, r2
 495 018c 9BB2     		uxth	r3, r3
 496 018e 013B     		subs	r3, r3, #1
 497 0190 9BB2     		uxth	r3, r3
 498 0192 9AB2     		uxth	r2, r3
 499 0194 0B9B     		ldr	r3, [sp, #44]
 500 0196 5B88     		ldrh	r3, [r3, #2]
 501 0198 09B2     		sxth	r1, r1
 502 019a 2DB2     		sxth	r5, r5
 503 019c 24B2     		sxth	r4, r4
 504 019e 12B2     		sxth	r2, r2
 505 01a0 0092     		str	r2, [sp]
 506 01a2 0193     		str	r3, [sp, #4]
 507 01a4 2A46     		mov	r2, r5
 508 01a6 2346     		mov	r3, r4
ARM GAS  /tmp/ccLPkU0a.s 			page 10


 509 01a8 FFF7FEFF 		bl	gdispGDrawLine
 510              		.loc 1 178 0
 511 01ac 079B     		ldr	r3, [sp, #28]
 512 01ae 9868     		ldr	r0, [r3, #8]
 513 01b0 079B     		ldr	r3, [sp, #28]
 514 01b2 9989     		ldrh	r1, [r3, #12]
 515 01b4 079B     		ldr	r3, [sp, #28]
 516 01b6 DB89     		ldrh	r3, [r3, #14]
 517 01b8 9AB2     		uxth	r2, r3
 518 01ba 079B     		ldr	r3, [sp, #28]
 519 01bc 5B8A     		ldrh	r3, [r3, #18]
 520 01be 9BB2     		uxth	r3, r3
 521 01c0 1344     		add	r3, r3, r2
 522 01c2 9BB2     		uxth	r3, r3
 523 01c4 013B     		subs	r3, r3, #1
 524 01c6 9BB2     		uxth	r3, r3
 525 01c8 9DB2     		uxth	r5, r3
 526 01ca 079B     		ldr	r3, [sp, #28]
 527 01cc 9B89     		ldrh	r3, [r3, #12]
 528 01ce 9AB2     		uxth	r2, r3
 529 01d0 079B     		ldr	r3, [sp, #28]
 530 01d2 1B8A     		ldrh	r3, [r3, #16]
 531 01d4 9BB2     		uxth	r3, r3
 532 01d6 1344     		add	r3, r3, r2
 533 01d8 9BB2     		uxth	r3, r3
 534 01da 023B     		subs	r3, r3, #2
 535 01dc 9BB2     		uxth	r3, r3
 536 01de 9CB2     		uxth	r4, r3
 537 01e0 079B     		ldr	r3, [sp, #28]
 538 01e2 DB89     		ldrh	r3, [r3, #14]
 539 01e4 9AB2     		uxth	r2, r3
 540 01e6 079B     		ldr	r3, [sp, #28]
 541 01e8 5B8A     		ldrh	r3, [r3, #18]
 542 01ea 9BB2     		uxth	r3, r3
 543 01ec 1344     		add	r3, r3, r2
 544 01ee 9BB2     		uxth	r3, r3
 545 01f0 013B     		subs	r3, r3, #1
 546 01f2 9BB2     		uxth	r3, r3
 547 01f4 9AB2     		uxth	r2, r3
 548 01f6 0B9B     		ldr	r3, [sp, #44]
 549 01f8 5B88     		ldrh	r3, [r3, #2]
 550 01fa 09B2     		sxth	r1, r1
 551 01fc 2DB2     		sxth	r5, r5
 552 01fe 24B2     		sxth	r4, r4
 553 0200 12B2     		sxth	r2, r2
 554 0202 0092     		str	r2, [sp]
 555 0204 0193     		str	r3, [sp, #4]
 556 0206 2A46     		mov	r2, r5
 557 0208 2346     		mov	r3, r4
 558 020a FFF7FEFF 		bl	gdispGDrawLine
 559              	.L17:
 560              		.loc 1 179 0
 561 020e 0EB0     		add	sp, sp, #56
 562              		.cfi_def_cfa_offset 24
 563              		@ sp needed
 564 0210 BDE8F081 		pop	{r4, r5, r6, r7, r8, pc}
 565              	.L23:
ARM GAS  /tmp/ccLPkU0a.s 			page 11


 566              		.align	2
 567              	.L22:
 568 0214 00000000 		.word	buttonVMT
 569              		.cfi_endproc
 570              	.LFE116:
 571              		.size	gwinButtonDraw_Normal, .-gwinButtonDraw_Normal
 572 0218 AFF30080 		.section	.text.gwinButtonDraw_Image,"ax",%progbits
 572      AFF30080 
 573              		.align	2
 574              		.p2align 4,,15
 575              		.global	gwinButtonDraw_Image
 576              		.thumb
 577              		.thumb_func
 578              		.type	gwinButtonDraw_Image, %function
 579              	gwinButtonDraw_Image:
 580              	.LFB117:
 581              		.loc 1 420 0
 582              		.cfi_startproc
 583              		@ args = 0, pretend = 0, frame = 16
 584              		@ frame_needed = 0, uses_anonymous_args = 0
 585 0000 F0B5     		push	{r4, r5, r6, r7, lr}
 586              		.cfi_def_cfa_offset 20
 587              		.cfi_offset 4, -20
 588              		.cfi_offset 5, -16
 589              		.cfi_offset 6, -12
 590              		.cfi_offset 7, -8
 591              		.cfi_offset 14, -4
 592 0002 8BB0     		sub	sp, sp, #44
 593              		.cfi_def_cfa_offset 64
 594 0004 0790     		str	r0, [sp, #28]
 595 0006 0691     		str	r1, [sp, #24]
 596              		.loc 1 424 0
 597 0008 079B     		ldr	r3, [sp, #28]
 598 000a 5B68     		ldr	r3, [r3, #4]
 599 000c 374A     		ldr	r2, .L30
 600 000e 9342     		cmp	r3, r2
 601 0010 00D0     		beq	.L25
 602 0012 69E0     		b	.L24
 603              	.L25:
 604              		.loc 1 425 0
 605 0014 0798     		ldr	r0, [sp, #28]
 606 0016 FFF7FEFF 		bl	getDrawColors
 607 001a 0890     		str	r0, [sp, #32]
 608              		.loc 1 427 0
 609 001c 079B     		ldr	r3, [sp, #28]
 610 001e 9B69     		ldr	r3, [r3, #24]
 611 0020 03F40063 		and	r3, r3, #2048
 612 0024 002B     		cmp	r3, #0
 613 0026 07D1     		bne	.L27
 614              		.loc 1 428 0
 615 0028 079B     		ldr	r3, [sp, #28]
 616 002a 5B8A     		ldrh	r3, [r3, #18]
 617 002c 9BB2     		uxth	r3, r3
 618 002e 5B00     		lsls	r3, r3, #1
 619 0030 9BB2     		uxth	r3, r3
 620 0032 ADF82630 		strh	r3, [sp, #38]	@ movhi
 621 0036 0DE0     		b	.L28
ARM GAS  /tmp/ccLPkU0a.s 			page 12


 622              	.L27:
 623              		.loc 1 429 0
 624 0038 079B     		ldr	r3, [sp, #28]
 625 003a 9B69     		ldr	r3, [r3, #24]
 626 003c 03F00103 		and	r3, r3, #1
 627 0040 002B     		cmp	r3, #0
 628 0042 04D0     		beq	.L29
 629              		.loc 1 430 0
 630 0044 079B     		ldr	r3, [sp, #28]
 631 0046 5B8A     		ldrh	r3, [r3, #18]	@ movhi
 632 0048 ADF82630 		strh	r3, [sp, #38]	@ movhi
 633 004c 02E0     		b	.L28
 634              	.L29:
 635              		.loc 1 432 0
 636 004e 0023     		movs	r3, #0
 637 0050 ADF82630 		strh	r3, [sp, #38]	@ movhi
 638              	.L28:
 639              		.loc 1 435 0
 640 0054 079B     		ldr	r3, [sp, #28]
 641 0056 9968     		ldr	r1, [r3, #8]
 642 0058 079B     		ldr	r3, [sp, #28]
 643 005a 9A89     		ldrh	r2, [r3, #12]
 644 005c 079B     		ldr	r3, [sp, #28]
 645 005e DC89     		ldrh	r4, [r3, #14]
 646 0060 079B     		ldr	r3, [sp, #28]
 647 0062 1D8A     		ldrh	r5, [r3, #16]
 648 0064 079B     		ldr	r3, [sp, #28]
 649 0066 588A     		ldrh	r0, [r3, #18]
 650 0068 12B2     		sxth	r2, r2
 651 006a 24B2     		sxth	r4, r4
 652 006c 2BB2     		sxth	r3, r5
 653 006e 0093     		str	r3, [sp]
 654 0070 03B2     		sxth	r3, r0
 655 0072 0193     		str	r3, [sp, #4]
 656 0074 0023     		movs	r3, #0
 657 0076 0293     		str	r3, [sp, #8]
 658 0078 BDF92630 		ldrsh	r3, [sp, #38]
 659 007c 0393     		str	r3, [sp, #12]
 660 007e 0846     		mov	r0, r1
 661 0080 0699     		ldr	r1, [sp, #24]
 662 0082 2346     		mov	r3, r4
 663 0084 FFF7FEFF 		bl	gdispGImageDraw
 664              		.loc 1 436 0
 665 0088 079B     		ldr	r3, [sp, #28]
 666 008a 9F68     		ldr	r7, [r3, #8]
 667 008c 079B     		ldr	r3, [sp, #28]
 668 008e 9B89     		ldrh	r3, [r3, #12]
 669 0090 9BB2     		uxth	r3, r3
 670 0092 0133     		adds	r3, r3, #1
 671 0094 9BB2     		uxth	r3, r3
 672 0096 9EB2     		uxth	r6, r3
 673 0098 079B     		ldr	r3, [sp, #28]
 674 009a DB89     		ldrh	r3, [r3, #14]
 675 009c 9BB2     		uxth	r3, r3
 676 009e 0133     		adds	r3, r3, #1
 677 00a0 9BB2     		uxth	r3, r3
 678 00a2 9DB2     		uxth	r5, r3
ARM GAS  /tmp/ccLPkU0a.s 			page 13


 679 00a4 079B     		ldr	r3, [sp, #28]
 680 00a6 1B8A     		ldrh	r3, [r3, #16]
 681 00a8 9BB2     		uxth	r3, r3
 682 00aa 023B     		subs	r3, r3, #2
 683 00ac 9BB2     		uxth	r3, r3
 684 00ae 9CB2     		uxth	r4, r3
 685 00b0 079B     		ldr	r3, [sp, #28]
 686 00b2 5B8A     		ldrh	r3, [r3, #18]
 687 00b4 9BB2     		uxth	r3, r3
 688 00b6 023B     		subs	r3, r3, #2
 689 00b8 9BB2     		uxth	r3, r3
 690 00ba 98B2     		uxth	r0, r3
 691 00bc 079B     		ldr	r3, [sp, #28]
 692 00be 196A     		ldr	r1, [r3, #32]
 693 00c0 079B     		ldr	r3, [sp, #28]
 694 00c2 DA69     		ldr	r2, [r3, #28]
 695 00c4 089B     		ldr	r3, [sp, #32]
 696 00c6 1B88     		ldrh	r3, [r3]
 697 00c8 36B2     		sxth	r6, r6
 698 00ca 2DB2     		sxth	r5, r5
 699 00cc 24B2     		sxth	r4, r4
 700 00ce 00B2     		sxth	r0, r0
 701 00d0 0090     		str	r0, [sp]
 702 00d2 0191     		str	r1, [sp, #4]
 703 00d4 0292     		str	r2, [sp, #8]
 704 00d6 0393     		str	r3, [sp, #12]
 705 00d8 0123     		movs	r3, #1
 706 00da 0493     		str	r3, [sp, #16]
 707 00dc 3846     		mov	r0, r7
 708 00de 3146     		mov	r1, r6
 709 00e0 2A46     		mov	r2, r5
 710 00e2 2346     		mov	r3, r4
 711 00e4 FFF7FEFF 		bl	gdispGDrawStringBox
 712              	.L24:
 713              		.loc 1 437 0
 714 00e8 0BB0     		add	sp, sp, #44
 715              		.cfi_def_cfa_offset 20
 716              		@ sp needed
 717 00ea F0BD     		pop	{r4, r5, r6, r7, pc}
 718              	.L31:
 719              		.align	2
 720              	.L30:
 721 00ec 00000000 		.word	buttonVMT
 722              		.cfi_endproc
 723              	.LFE117:
 724              		.size	gwinButtonDraw_Image, .-gwinButtonDraw_Image
 725              		.text
 726              	.Letext0:
 727              		.file 2 "/opt/gcc-arm-none-eabi/lib/gcc/arm-none-eabi/4.9.3/include/stddef.h"
 728              		.file 3 "/opt/gcc-arm-none-eabi/arm-none-eabi/include/machine/_default_types.h"
 729              		.file 4 "/opt/gcc-arm-none-eabi/arm-none-eabi/include/stdint.h"
 730              		.file 5 "/home/makkmarci/workspace/ChibiOS_2.6.8/os/ports/GCC/ARMCMx/chtypes.h"
 731              		.file 6 "/home/makkmarci/workspace/ugfx/src/gfile/gfile.h"
 732              		.file 7 "/home/makkmarci/workspace/ugfx/src/gmisc/gmisc.h"
 733              		.file 8 "/home/makkmarci/workspace/ugfx/src/gqueue/gqueue.h"
 734              		.file 9 "/home/makkmarci/workspace/ugfx/src/gdisp/gdisp.h"
 735              		.file 10 "/home/makkmarci/workspace/ugfx/src/gdisp/gdisp_colors.h"
ARM GAS  /tmp/ccLPkU0a.s 			page 14


 736              		.file 11 "/home/makkmarci/workspace/ugfx/src/gdisp/gdisp_image.h"
 737              		.file 12 "/home/makkmarci/workspace/ugfx/src/gwin/gwin.h"
 738              		.file 13 "/home/makkmarci/workspace/ugfx/src/gwin/gwin_class.h"
 739              		.file 14 "/home/makkmarci/workspace/ugfx/src/gwin/gwin_widget.h"
 740              		.file 15 "/home/makkmarci/workspace/ugfx/src/gwin/gwin_button.h"
 741              		.file 16 "/home/makkmarci/workspace/ChibiOS_2.6.8/os/ports/common/ARMCMx/CMSIS/include/core_cm4.h"
 742              		.section	.debug_info,"",%progbits
 743              	.Ldebug_info0:
 744 0000 ED070000 		.4byte	0x7ed
 745 0004 0400     		.2byte	0x4
 746 0006 00000000 		.4byte	.Ldebug_abbrev0
 747 000a 04       		.byte	0x4
 748 000b 01       		.uleb128 0x1
 749 000c 69010000 		.4byte	.LASF94
 750 0010 01       		.byte	0x1
 751 0011 25010000 		.4byte	.LASF95
 752 0015 00000000 		.4byte	.Ldebug_ranges0+0
 753 0019 00000000 		.4byte	0
 754 001d 00000000 		.4byte	.Ldebug_line0
 755 0021 02       		.uleb128 0x2
 756 0022 04       		.byte	0x4
 757 0023 05       		.byte	0x5
 758 0024 696E7400 		.ascii	"int\000"
 759 0028 03       		.uleb128 0x3
 760 0029 6F000000 		.4byte	.LASF3
 761 002d 02       		.byte	0x2
 762 002e D4       		.byte	0xd4
 763 002f 33000000 		.4byte	0x33
 764 0033 04       		.uleb128 0x4
 765 0034 04       		.byte	0x4
 766 0035 07       		.byte	0x7
 767 0036 4B030000 		.4byte	.LASF0
 768 003a 04       		.uleb128 0x4
 769 003b 01       		.byte	0x1
 770 003c 06       		.byte	0x6
 771 003d 0B030000 		.4byte	.LASF1
 772 0041 04       		.uleb128 0x4
 773 0042 01       		.byte	0x1
 774 0043 08       		.byte	0x8
 775 0044 E6020000 		.4byte	.LASF2
 776 0048 03       		.uleb128 0x3
 777 0049 16000000 		.4byte	.LASF4
 778 004d 03       		.byte	0x3
 779 004e 29       		.byte	0x29
 780 004f 53000000 		.4byte	0x53
 781 0053 04       		.uleb128 0x4
 782 0054 02       		.byte	0x2
 783 0055 05       		.byte	0x5
 784 0056 65000000 		.4byte	.LASF5
 785 005a 03       		.uleb128 0x3
 786 005b A8000000 		.4byte	.LASF6
 787 005f 03       		.byte	0x3
 788 0060 2B       		.byte	0x2b
 789 0061 65000000 		.4byte	0x65
 790 0065 04       		.uleb128 0x4
 791 0066 02       		.byte	0x2
 792 0067 07       		.byte	0x7
ARM GAS  /tmp/ccLPkU0a.s 			page 15


 793 0068 67030000 		.4byte	.LASF7
 794 006c 03       		.uleb128 0x3
 795 006d 01030000 		.4byte	.LASF8
 796 0071 03       		.byte	0x3
 797 0072 3F       		.byte	0x3f
 798 0073 77000000 		.4byte	0x77
 799 0077 04       		.uleb128 0x4
 800 0078 04       		.byte	0x4
 801 0079 05       		.byte	0x5
 802 007a 88020000 		.4byte	.LASF9
 803 007e 03       		.uleb128 0x3
 804 007f 91000000 		.4byte	.LASF10
 805 0083 03       		.byte	0x3
 806 0084 41       		.byte	0x41
 807 0085 89000000 		.4byte	0x89
 808 0089 04       		.uleb128 0x4
 809 008a 04       		.byte	0x4
 810 008b 07       		.byte	0x7
 811 008c 2B040000 		.4byte	.LASF11
 812 0090 04       		.uleb128 0x4
 813 0091 08       		.byte	0x8
 814 0092 05       		.byte	0x5
 815 0093 5B010000 		.4byte	.LASF12
 816 0097 04       		.uleb128 0x4
 817 0098 08       		.byte	0x8
 818 0099 07       		.byte	0x7
 819 009a 1D030000 		.4byte	.LASF13
 820 009e 03       		.uleb128 0x3
 821 009f D4030000 		.4byte	.LASF14
 822 00a3 04       		.byte	0x4
 823 00a4 20       		.byte	0x20
 824 00a5 48000000 		.4byte	0x48
 825 00a9 03       		.uleb128 0x3
 826 00aa 58030000 		.4byte	.LASF15
 827 00ae 04       		.byte	0x4
 828 00af 21       		.byte	0x21
 829 00b0 5A000000 		.4byte	0x5a
 830 00b4 03       		.uleb128 0x3
 831 00b5 BF030000 		.4byte	.LASF16
 832 00b9 04       		.byte	0x4
 833 00ba 2C       		.byte	0x2c
 834 00bb 6C000000 		.4byte	0x6c
 835 00bf 03       		.uleb128 0x3
 836 00c0 F7000000 		.4byte	.LASF17
 837 00c4 04       		.byte	0x4
 838 00c5 2D       		.byte	0x2d
 839 00c6 7E000000 		.4byte	0x7e
 840 00ca 03       		.uleb128 0x3
 841 00cb 22050000 		.4byte	.LASF18
 842 00cf 05       		.byte	0x5
 843 00d0 2B       		.byte	0x2b
 844 00d1 D5000000 		.4byte	0xd5
 845 00d5 04       		.uleb128 0x4
 846 00d6 01       		.byte	0x1
 847 00d7 02       		.byte	0x2
 848 00d8 E4030000 		.4byte	.LASF19
 849 00dc 05       		.uleb128 0x5
ARM GAS  /tmp/ccLPkU0a.s 			page 16


 850 00dd 04       		.byte	0x4
 851 00de 04       		.uleb128 0x4
 852 00df 04       		.byte	0x4
 853 00e0 07       		.byte	0x7
 854 00e1 76000000 		.4byte	.LASF20
 855 00e5 06       		.uleb128 0x6
 856 00e6 04       		.byte	0x4
 857 00e7 EB000000 		.4byte	0xeb
 858 00eb 07       		.uleb128 0x7
 859 00ec F0000000 		.4byte	0xf0
 860 00f0 04       		.uleb128 0x4
 861 00f1 01       		.byte	0x1
 862 00f2 08       		.byte	0x8
 863 00f3 93030000 		.4byte	.LASF21
 864 00f7 08       		.uleb128 0x8
 865 00f8 B4000000 		.4byte	0xb4
 866 00fc 03       		.uleb128 0x3
 867 00fd B3000000 		.4byte	.LASF22
 868 0101 06       		.byte	0x6
 869 0102 22       		.byte	0x22
 870 0103 07010000 		.4byte	0x107
 871 0107 09       		.uleb128 0x9
 872 0108 B3000000 		.4byte	.LASF22
 873 010c 03       		.uleb128 0x3
 874 010d F4020000 		.4byte	.LASF23
 875 0111 07       		.byte	0x7
 876 0112 3C       		.byte	0x3c
 877 0113 B4000000 		.4byte	0xb4
 878 0117 0A       		.uleb128 0xa
 879 0118 3C000000 		.4byte	.LASF24
 880 011c 04       		.byte	0x4
 881 011d 08       		.byte	0x8
 882 011e 28       		.byte	0x28
 883 011f 30010000 		.4byte	0x130
 884 0123 0B       		.uleb128 0xb
 885 0124 29050000 		.4byte	.LASF36
 886 0128 08       		.byte	0x8
 887 0129 29       		.byte	0x29
 888 012a 30010000 		.4byte	0x130
 889 012e 00       		.byte	0
 890 012f 00       		.byte	0
 891 0130 06       		.uleb128 0x6
 892 0131 04       		.byte	0x4
 893 0132 17010000 		.4byte	0x117
 894 0136 03       		.uleb128 0x3
 895 0137 3C000000 		.4byte	.LASF24
 896 013b 08       		.byte	0x8
 897 013c 2A       		.byte	0x2a
 898 013d 17010000 		.4byte	0x117
 899 0141 03       		.uleb128 0x3
 900 0142 DC030000 		.4byte	.LASF25
 901 0146 09       		.byte	0x9
 902 0147 27       		.byte	0x27
 903 0148 9E000000 		.4byte	0x9e
 904 014c 0C       		.uleb128 0xc
 905 014d C7030000 		.4byte	.LASF96
 906 0151 01       		.byte	0x1
ARM GAS  /tmp/ccLPkU0a.s 			page 17


 907 0152 09       		.byte	0x9
 908 0153 36       		.byte	0x36
 909 0154 6B010000 		.4byte	0x16b
 910 0158 0D       		.uleb128 0xd
 911 0159 58040000 		.4byte	.LASF26
 912 015d 00       		.sleb128 0
 913 015e 0D       		.uleb128 0xd
 914 015f 7D040000 		.4byte	.LASF27
 915 0163 01       		.sleb128 1
 916 0164 0D       		.uleb128 0xd
 917 0165 01050000 		.4byte	.LASF28
 918 0169 02       		.sleb128 2
 919 016a 00       		.byte	0
 920 016b 03       		.uleb128 0x3
 921 016c EA030000 		.4byte	.LASF29
 922 0170 09       		.byte	0x9
 923 0171 3E       		.byte	0x3e
 924 0172 76010000 		.4byte	0x176
 925 0176 06       		.uleb128 0x6
 926 0177 04       		.byte	0x4
 927 0178 7C010000 		.4byte	0x17c
 928 017c 07       		.uleb128 0x7
 929 017d 81010000 		.4byte	0x181
 930 0181 09       		.uleb128 0x9
 931 0182 ED000000 		.4byte	.LASF30
 932 0186 03       		.uleb128 0x3
 933 0187 DD020000 		.4byte	.LASF31
 934 018b 09       		.byte	0x9
 935 018c 4D       		.byte	0x4d
 936 018d 91010000 		.4byte	0x191
 937 0191 09       		.uleb128 0x9
 938 0192 DD020000 		.4byte	.LASF31
 939 0196 0E       		.uleb128 0xe
 940 0197 C6000000 		.4byte	.LASF32
 941 019b 0A       		.byte	0xa
 942 019c 9001     		.2byte	0x190
 943 019e A9000000 		.4byte	0xa9
 944 01a2 03       		.uleb128 0x3
 945 01a3 DE000000 		.4byte	.LASF33
 946 01a7 0B       		.byte	0xb
 947 01a8 18       		.byte	0x18
 948 01a9 A9000000 		.4byte	0xa9
 949 01ad 03       		.uleb128 0x3
 950 01ae 83030000 		.4byte	.LASF34
 951 01b2 0B       		.byte	0xb
 952 01b3 30       		.byte	0x30
 953 01b4 A9000000 		.4byte	0xa9
 954 01b8 0A       		.uleb128 0xa
 955 01b9 0B000000 		.4byte	.LASF35
 956 01bd 18       		.byte	0x18
 957 01be 0B       		.byte	0xb
 958 01bf 66       		.byte	0x66
 959 01c0 23020000 		.4byte	0x223
 960 01c4 0B       		.uleb128 0xb
 961 01c5 3F030000 		.4byte	.LASF37
 962 01c9 0B       		.byte	0xb
 963 01ca 67       		.byte	0x67
ARM GAS  /tmp/ccLPkU0a.s 			page 18


 964 01cb A2010000 		.4byte	0x1a2
 965 01cf 00       		.byte	0
 966 01d0 0B       		.uleb128 0xb
 967 01d1 17030000 		.4byte	.LASF38
 968 01d5 0B       		.byte	0xb
 969 01d6 68       		.byte	0x68
 970 01d7 AD010000 		.4byte	0x1ad
 971 01db 02       		.byte	0x2
 972 01dc 0B       		.uleb128 0xb
 973 01dd 1A050000 		.4byte	.LASF39
 974 01e1 0B       		.byte	0xb
 975 01e2 69       		.byte	0x69
 976 01e3 96010000 		.4byte	0x196
 977 01e7 04       		.byte	0x4
 978 01e8 0B       		.uleb128 0xb
 979 01e9 13010000 		.4byte	.LASF40
 980 01ed 0B       		.byte	0xb
 981 01ee 6A       		.byte	0x6a
 982 01ef 41010000 		.4byte	0x141
 983 01f3 06       		.byte	0x6
 984 01f4 0B       		.uleb128 0xb
 985 01f5 44030000 		.4byte	.LASF41
 986 01f9 0B       		.byte	0xb
 987 01fa 6A       		.byte	0x6a
 988 01fb 41010000 		.4byte	0x141
 989 01ff 08       		.byte	0x8
 990 0200 0F       		.uleb128 0xf
 991 0201 6600     		.ascii	"f\000"
 992 0203 0B       		.byte	0xb
 993 0204 6B       		.byte	0x6b
 994 0205 23020000 		.4byte	0x223
 995 0209 0C       		.byte	0xc
 996 020a 0F       		.uleb128 0xf
 997 020b 666E7300 		.ascii	"fns\000"
 998 020f 0B       		.byte	0xb
 999 0210 70       		.byte	0x70
 1000 0211 2E020000 		.4byte	0x22e
 1001 0215 10       		.byte	0x10
 1002 0216 0B       		.uleb128 0xb
 1003 0217 00000000 		.4byte	.LASF42
 1004 021b 0B       		.byte	0xb
 1005 021c 71       		.byte	0x71
 1006 021d 3E020000 		.4byte	0x23e
 1007 0221 14       		.byte	0x14
 1008 0222 00       		.byte	0
 1009 0223 06       		.uleb128 0x6
 1010 0224 04       		.byte	0x4
 1011 0225 FC000000 		.4byte	0xfc
 1012 0229 09       		.uleb128 0x9
 1013 022a F6030000 		.4byte	.LASF43
 1014 022e 06       		.uleb128 0x6
 1015 022f 04       		.byte	0x4
 1016 0230 34020000 		.4byte	0x234
 1017 0234 07       		.uleb128 0x7
 1018 0235 29020000 		.4byte	0x229
 1019 0239 09       		.uleb128 0x9
 1020 023a 53000000 		.4byte	.LASF44
ARM GAS  /tmp/ccLPkU0a.s 			page 19


 1021 023e 06       		.uleb128 0x6
 1022 023f 04       		.byte	0x4
 1023 0240 39020000 		.4byte	0x239
 1024 0244 03       		.uleb128 0x3
 1025 0245 0B000000 		.4byte	.LASF35
 1026 0249 0B       		.byte	0xb
 1027 024a 72       		.byte	0x72
 1028 024b B8010000 		.4byte	0x1b8
 1029 024f 06       		.uleb128 0x6
 1030 0250 04       		.byte	0x4
 1031 0251 55020000 		.4byte	0x255
 1032 0255 0A       		.uleb128 0xa
 1033 0256 C3040000 		.4byte	.LASF45
 1034 025a 20       		.byte	0x20
 1035 025b 0C       		.byte	0xc
 1036 025c 26       		.byte	0x26
 1037 025d E2020000 		.4byte	0x2e2
 1038 0261 0F       		.uleb128 0xf
 1039 0262 776D7100 		.ascii	"wmq\000"
 1040 0266 0C       		.byte	0xc
 1041 0267 29       		.byte	0x29
 1042 0268 36010000 		.4byte	0x136
 1043 026c 00       		.byte	0
 1044 026d 0F       		.uleb128 0xf
 1045 026e 766D7400 		.ascii	"vmt\000"
 1046 0272 0C       		.byte	0xc
 1047 0273 2B       		.byte	0x2b
 1048 0274 2B030000 		.4byte	0x32b
 1049 0278 04       		.byte	0x4
 1050 0279 0B       		.uleb128 0xb
 1051 027a 50040000 		.4byte	.LASF46
 1052 027e 0C       		.byte	0xc
 1053 027f 2C       		.byte	0x2c
 1054 0280 36030000 		.4byte	0x336
 1055 0284 08       		.byte	0x8
 1056 0285 0F       		.uleb128 0xf
 1057 0286 7800     		.ascii	"x\000"
 1058 0288 0C       		.byte	0xc
 1059 0289 2D       		.byte	0x2d
 1060 028a 41010000 		.4byte	0x141
 1061 028e 0C       		.byte	0xc
 1062 028f 0F       		.uleb128 0xf
 1063 0290 7900     		.ascii	"y\000"
 1064 0292 0C       		.byte	0xc
 1065 0293 2D       		.byte	0x2d
 1066 0294 41010000 		.4byte	0x141
 1067 0298 0E       		.byte	0xe
 1068 0299 0B       		.uleb128 0xb
 1069 029a 13010000 		.4byte	.LASF40
 1070 029e 0C       		.byte	0xc
 1071 029f 2E       		.byte	0x2e
 1072 02a0 41010000 		.4byte	0x141
 1073 02a4 10       		.byte	0x10
 1074 02a5 0B       		.uleb128 0xb
 1075 02a6 44030000 		.4byte	.LASF41
 1076 02aa 0C       		.byte	0xc
 1077 02ab 2E       		.byte	0x2e
ARM GAS  /tmp/ccLPkU0a.s 			page 20


 1078 02ac 41010000 		.4byte	0x141
 1079 02b0 12       		.byte	0x12
 1080 02b1 0B       		.uleb128 0xb
 1081 02b2 BD040000 		.4byte	.LASF47
 1082 02b6 0C       		.byte	0xc
 1083 02b7 2F       		.byte	0x2f
 1084 02b8 96010000 		.4byte	0x196
 1085 02bc 14       		.byte	0x14
 1086 02bd 0B       		.uleb128 0xb
 1087 02be 1A050000 		.4byte	.LASF39
 1088 02c2 0C       		.byte	0xc
 1089 02c3 2F       		.byte	0x2f
 1090 02c4 96010000 		.4byte	0x196
 1091 02c8 16       		.byte	0x16
 1092 02c9 0B       		.uleb128 0xb
 1093 02ca 17030000 		.4byte	.LASF38
 1094 02ce 0C       		.byte	0xc
 1095 02cf 30       		.byte	0x30
 1096 02d0 BF000000 		.4byte	0xbf
 1097 02d4 18       		.byte	0x18
 1098 02d5 0B       		.uleb128 0xb
 1099 02d6 4E000000 		.4byte	.LASF48
 1100 02da 0C       		.byte	0xc
 1101 02db 32       		.byte	0x32
 1102 02dc 6B010000 		.4byte	0x16b
 1103 02e0 1C       		.byte	0x1c
 1104 02e1 00       		.byte	0
 1105 02e2 0A       		.uleb128 0xa
 1106 02e3 B9000000 		.4byte	.LASF49
 1107 02e7 14       		.byte	0x14
 1108 02e8 0D       		.byte	0xd
 1109 02e9 3B       		.byte	0x3b
 1110 02ea 2B030000 		.4byte	0x32b
 1111 02ee 0B       		.uleb128 0xb
 1112 02ef D4000000 		.4byte	.LASF50
 1113 02f3 0D       		.byte	0xd
 1114 02f4 3C       		.byte	0x3c
 1115 02f5 E5000000 		.4byte	0xe5
 1116 02f9 00       		.byte	0
 1117 02fa 0B       		.uleb128 0xb
 1118 02fb F1030000 		.4byte	.LASF51
 1119 02ff 0D       		.byte	0xd
 1120 0300 3D       		.byte	0x3d
 1121 0301 28000000 		.4byte	0x28
 1122 0305 04       		.byte	0x4
 1123 0306 0B       		.uleb128 0xb
 1124 0307 7F000000 		.4byte	.LASF52
 1125 030b 0D       		.byte	0xd
 1126 030c 3E       		.byte	0x3e
 1127 030d 30050000 		.4byte	0x530
 1128 0311 08       		.byte	0x8
 1129 0312 0B       		.uleb128 0xb
 1130 0313 91020000 		.4byte	.LASF53
 1131 0317 0D       		.byte	0xd
 1132 0318 3F       		.byte	0x3f
 1133 0319 30050000 		.4byte	0x530
 1134 031d 0C       		.byte	0xc
ARM GAS  /tmp/ccLPkU0a.s 			page 21


 1135 031e 0B       		.uleb128 0xb
 1136 031f 34030000 		.4byte	.LASF54
 1137 0323 0D       		.byte	0xd
 1138 0324 40       		.byte	0x40
 1139 0325 30050000 		.4byte	0x530
 1140 0329 10       		.byte	0x10
 1141 032a 00       		.byte	0
 1142 032b 06       		.uleb128 0x6
 1143 032c 04       		.byte	0x4
 1144 032d 31030000 		.4byte	0x331
 1145 0331 07       		.uleb128 0x7
 1146 0332 E2020000 		.4byte	0x2e2
 1147 0336 06       		.uleb128 0x6
 1148 0337 04       		.byte	0x4
 1149 0338 86010000 		.4byte	0x186
 1150 033c 03       		.uleb128 0x3
 1151 033d C3040000 		.4byte	.LASF45
 1152 0341 0C       		.byte	0xc
 1153 0342 37       		.byte	0x37
 1154 0343 55020000 		.4byte	0x255
 1155 0347 0A       		.uleb128 0xa
 1156 0348 09040000 		.4byte	.LASF55
 1157 034c 0A       		.byte	0xa
 1158 034d 0C       		.byte	0xc
 1159 034e 46       		.byte	0x46
 1160 034f 8C030000 		.4byte	0x38c
 1161 0353 0F       		.uleb128 0xf
 1162 0354 7800     		.ascii	"x\000"
 1163 0356 0C       		.byte	0xc
 1164 0357 47       		.byte	0x47
 1165 0358 41010000 		.4byte	0x141
 1166 035c 00       		.byte	0
 1167 035d 0F       		.uleb128 0xf
 1168 035e 7900     		.ascii	"y\000"
 1169 0360 0C       		.byte	0xc
 1170 0361 47       		.byte	0x47
 1171 0362 41010000 		.4byte	0x141
 1172 0366 02       		.byte	0x2
 1173 0367 0B       		.uleb128 0xb
 1174 0368 13010000 		.4byte	.LASF40
 1175 036c 0C       		.byte	0xc
 1176 036d 48       		.byte	0x48
 1177 036e 41010000 		.4byte	0x141
 1178 0372 04       		.byte	0x4
 1179 0373 0B       		.uleb128 0xb
 1180 0374 44030000 		.4byte	.LASF41
 1181 0378 0C       		.byte	0xc
 1182 0379 48       		.byte	0x48
 1183 037a 41010000 		.4byte	0x141
 1184 037e 06       		.byte	0x6
 1185 037f 0B       		.uleb128 0xb
 1186 0380 25000000 		.4byte	.LASF56
 1187 0384 0C       		.byte	0xc
 1188 0385 49       		.byte	0x49
 1189 0386 CA000000 		.4byte	0xca
 1190 038a 08       		.byte	0x8
 1191 038b 00       		.byte	0
ARM GAS  /tmp/ccLPkU0a.s 			page 22


 1192 038c 03       		.uleb128 0x3
 1193 038d 09040000 		.4byte	.LASF55
 1194 0391 0C       		.byte	0xc
 1195 0392 4D       		.byte	0x4d
 1196 0393 47030000 		.4byte	0x347
 1197 0397 0A       		.uleb128 0xa
 1198 0398 DC040000 		.4byte	.LASF57
 1199 039c 08       		.byte	0x8
 1200 039d 0E       		.byte	0xe
 1201 039e 23       		.byte	0x23
 1202 039f D4030000 		.4byte	0x3d4
 1203 03a3 0B       		.uleb128 0xb
 1204 03a4 20000000 		.4byte	.LASF58
 1205 03a8 0E       		.byte	0xe
 1206 03a9 24       		.byte	0x24
 1207 03aa 96010000 		.4byte	0x196
 1208 03ae 00       		.byte	0
 1209 03af 0B       		.uleb128 0xb
 1210 03b0 9C000000 		.4byte	.LASF59
 1211 03b4 0E       		.byte	0xe
 1212 03b5 25       		.byte	0x25
 1213 03b6 96010000 		.4byte	0x196
 1214 03ba 02       		.byte	0x2
 1215 03bb 0B       		.uleb128 0xb
 1216 03bc C1000000 		.4byte	.LASF60
 1217 03c0 0E       		.byte	0xe
 1218 03c1 26       		.byte	0x26
 1219 03c2 96010000 		.4byte	0x196
 1220 03c6 04       		.byte	0x4
 1221 03c7 0B       		.uleb128 0xb
 1222 03c8 98020000 		.4byte	.LASF61
 1223 03cc 0E       		.byte	0xe
 1224 03cd 27       		.byte	0x27
 1225 03ce 96010000 		.4byte	0x196
 1226 03d2 06       		.byte	0x6
 1227 03d3 00       		.byte	0
 1228 03d4 03       		.uleb128 0x3
 1229 03d5 DC040000 		.4byte	.LASF57
 1230 03d9 0E       		.byte	0xe
 1231 03da 28       		.byte	0x28
 1232 03db 97030000 		.4byte	0x397
 1233 03df 0A       		.uleb128 0xa
 1234 03e0 B0040000 		.4byte	.LASF62
 1235 03e4 1A       		.byte	0x1a
 1236 03e5 0E       		.byte	0xe
 1237 03e6 32       		.byte	0x32
 1238 03e7 1C040000 		.4byte	0x41c
 1239 03eb 0B       		.uleb128 0xb
 1240 03ec D1040000 		.4byte	.LASF63
 1241 03f0 0E       		.byte	0xe
 1242 03f1 33       		.byte	0x33
 1243 03f2 96010000 		.4byte	0x196
 1244 03f6 00       		.byte	0
 1245 03f7 0B       		.uleb128 0xb
 1246 03f8 8B040000 		.4byte	.LASF64
 1247 03fc 0E       		.byte	0xe
 1248 03fd 34       		.byte	0x34
ARM GAS  /tmp/ccLPkU0a.s 			page 23


 1249 03fe D4030000 		.4byte	0x3d4
 1250 0402 02       		.byte	0x2
 1251 0403 0B       		.uleb128 0xb
 1252 0404 7A030000 		.4byte	.LASF65
 1253 0408 0E       		.byte	0xe
 1254 0409 35       		.byte	0x35
 1255 040a D4030000 		.4byte	0x3d4
 1256 040e 0A       		.byte	0xa
 1257 040f 0B       		.uleb128 0xb
 1258 0410 48040000 		.4byte	.LASF66
 1259 0414 0E       		.byte	0xe
 1260 0415 36       		.byte	0x36
 1261 0416 D4030000 		.4byte	0x3d4
 1262 041a 12       		.byte	0x12
 1263 041b 00       		.byte	0
 1264 041c 03       		.uleb128 0x3
 1265 041d B0040000 		.4byte	.LASF62
 1266 0421 0E       		.byte	0xe
 1267 0422 37       		.byte	0x37
 1268 0423 DF030000 		.4byte	0x3df
 1269 0427 03       		.uleb128 0x3
 1270 0428 98030000 		.4byte	.LASF67
 1271 042c 0E       		.byte	0xe
 1272 042d 49       		.byte	0x49
 1273 042e 32040000 		.4byte	0x432
 1274 0432 06       		.uleb128 0x6
 1275 0433 04       		.byte	0x4
 1276 0434 38040000 		.4byte	0x438
 1277 0438 10       		.uleb128 0x10
 1278 0439 48040000 		.4byte	0x448
 1279 043d 11       		.uleb128 0x11
 1280 043e 48040000 		.4byte	0x448
 1281 0442 11       		.uleb128 0x11
 1282 0443 DC000000 		.4byte	0xdc
 1283 0447 00       		.byte	0
 1284 0448 06       		.uleb128 0x6
 1285 0449 04       		.byte	0x4
 1286 044a 4E040000 		.4byte	0x44e
 1287 044e 0A       		.uleb128 0xa
 1288 044f F3040000 		.4byte	.LASF68
 1289 0453 30       		.byte	0x30
 1290 0454 0E       		.byte	0xe
 1291 0455 73       		.byte	0x73
 1292 0456 95040000 		.4byte	0x495
 1293 045a 0F       		.uleb128 0xf
 1294 045b 6700     		.ascii	"g\000"
 1295 045d 0E       		.byte	0xe
 1296 045e 74       		.byte	0x74
 1297 045f 3C030000 		.4byte	0x33c
 1298 0463 00       		.byte	0
 1299 0464 0B       		.uleb128 0xb
 1300 0465 20000000 		.4byte	.LASF58
 1301 0469 0E       		.byte	0xe
 1302 046a 75       		.byte	0x75
 1303 046b E5000000 		.4byte	0xe5
 1304 046f 20       		.byte	0x20
 1305 0470 0B       		.uleb128 0xb
ARM GAS  /tmp/ccLPkU0a.s 			page 24


 1306 0471 FA020000 		.4byte	.LASF69
 1307 0475 0E       		.byte	0xe
 1308 0476 76       		.byte	0x76
 1309 0477 27040000 		.4byte	0x427
 1310 047b 24       		.byte	0x24
 1311 047c 0B       		.uleb128 0xb
 1312 047d AC020000 		.4byte	.LASF70
 1313 0481 0E       		.byte	0xe
 1314 0482 77       		.byte	0x77
 1315 0483 DC000000 		.4byte	0xdc
 1316 0487 28       		.byte	0x28
 1317 0488 0B       		.uleb128 0xb
 1318 0489 A1000000 		.4byte	.LASF71
 1319 048d 0E       		.byte	0xe
 1320 048e 78       		.byte	0x78
 1321 048f DC040000 		.4byte	0x4dc
 1322 0493 2C       		.byte	0x2c
 1323 0494 00       		.byte	0
 1324 0495 0A       		.uleb128 0xa
 1325 0496 19010000 		.4byte	.LASF72
 1326 049a 1C       		.byte	0x1c
 1327 049b 0E       		.byte	0xe
 1328 049c 5E       		.byte	0x5e
 1329 049d DC040000 		.4byte	0x4dc
 1330 04a1 0F       		.uleb128 0xf
 1331 04a2 6700     		.ascii	"g\000"
 1332 04a4 0E       		.byte	0xe
 1333 04a5 5F       		.byte	0x5f
 1334 04a6 8C030000 		.4byte	0x38c
 1335 04aa 00       		.byte	0
 1336 04ab 0B       		.uleb128 0xb
 1337 04ac 20000000 		.4byte	.LASF58
 1338 04b0 0E       		.byte	0xe
 1339 04b1 60       		.byte	0x60
 1340 04b2 E5000000 		.4byte	0xe5
 1341 04b6 0C       		.byte	0xc
 1342 04b7 0B       		.uleb128 0xb
 1343 04b8 A1020000 		.4byte	.LASF73
 1344 04bc 0E       		.byte	0xe
 1345 04bd 61       		.byte	0x61
 1346 04be 27040000 		.4byte	0x427
 1347 04c2 10       		.byte	0x10
 1348 04c3 0B       		.uleb128 0xb
 1349 04c4 A4040000 		.4byte	.LASF74
 1350 04c8 0E       		.byte	0xe
 1351 04c9 62       		.byte	0x62
 1352 04ca DC000000 		.4byte	0xdc
 1353 04ce 14       		.byte	0x14
 1354 04cf 0B       		.uleb128 0xb
 1355 04d0 0E050000 		.4byte	.LASF75
 1356 04d4 0E       		.byte	0xe
 1357 04d5 63       		.byte	0x63
 1358 04d6 DC040000 		.4byte	0x4dc
 1359 04da 18       		.byte	0x18
 1360 04db 00       		.byte	0
 1361 04dc 06       		.uleb128 0x6
 1362 04dd 04       		.byte	0x4
ARM GAS  /tmp/ccLPkU0a.s 			page 25


 1363 04de E2040000 		.4byte	0x4e2
 1364 04e2 07       		.uleb128 0x7
 1365 04e3 1C040000 		.4byte	0x41c
 1366 04e7 03       		.uleb128 0x3
 1367 04e8 19010000 		.4byte	.LASF72
 1368 04ec 0E       		.byte	0xe
 1369 04ed 67       		.byte	0x67
 1370 04ee 95040000 		.4byte	0x495
 1371 04f2 03       		.uleb128 0x3
 1372 04f3 F3040000 		.4byte	.LASF68
 1373 04f7 0E       		.byte	0xe
 1374 04f8 7C       		.byte	0x7c
 1375 04f9 4E040000 		.4byte	0x44e
 1376 04fd 0A       		.uleb128 0xa
 1377 04fe B1030000 		.4byte	.LASF76
 1378 0502 30       		.byte	0x30
 1379 0503 0F       		.byte	0xf
 1380 0504 2C       		.byte	0x2c
 1381 0505 14050000 		.4byte	0x514
 1382 0509 0F       		.uleb128 0xf
 1383 050a 7700     		.ascii	"w\000"
 1384 050c 0F       		.byte	0xf
 1385 050d 2D       		.byte	0x2d
 1386 050e F2040000 		.4byte	0x4f2
 1387 0512 00       		.byte	0
 1388 0513 00       		.byte	0
 1389 0514 03       		.uleb128 0x3
 1390 0515 B1030000 		.4byte	.LASF76
 1391 0519 0F       		.byte	0xf
 1392 051a 31       		.byte	0x31
 1393 051b FD040000 		.4byte	0x4fd
 1394 051f 10       		.uleb128 0x10
 1395 0520 2A050000 		.4byte	0x52a
 1396 0524 11       		.uleb128 0x11
 1397 0525 2A050000 		.4byte	0x52a
 1398 0529 00       		.byte	0
 1399 052a 06       		.uleb128 0x6
 1400 052b 04       		.byte	0x4
 1401 052c 3C030000 		.4byte	0x33c
 1402 0530 06       		.uleb128 0x6
 1403 0531 04       		.byte	0x4
 1404 0532 1F050000 		.4byte	0x51f
 1405 0536 03       		.uleb128 0x3
 1406 0537 B9000000 		.4byte	.LASF49
 1407 053b 0D       		.byte	0xd
 1408 053c 41       		.byte	0x41
 1409 053d E2020000 		.4byte	0x2e2
 1410 0541 12       		.uleb128 0x12
 1411 0542 0C       		.byte	0xc
 1412 0543 0D       		.byte	0xd
 1413 0544 5D       		.byte	0x5d
 1414 0545 6E050000 		.4byte	0x56e
 1415 0549 0B       		.uleb128 0xb
 1416 054a 87000000 		.4byte	.LASF77
 1417 054e 0D       		.byte	0xd
 1418 054f 5E       		.byte	0x5e
 1419 0550 89050000 		.4byte	0x589
ARM GAS  /tmp/ccLPkU0a.s 			page 26


 1420 0554 00       		.byte	0
 1421 0555 0B       		.uleb128 0xb
 1422 0556 6E040000 		.4byte	.LASF78
 1423 055a 0D       		.byte	0xd
 1424 055b 5F       		.byte	0x5f
 1425 055c 89050000 		.4byte	0x589
 1426 0560 04       		.byte	0x4
 1427 0561 0B       		.uleb128 0xb
 1428 0562 64040000 		.4byte	.LASF79
 1429 0566 0D       		.byte	0xd
 1430 0567 60       		.byte	0x60
 1431 0568 89050000 		.4byte	0x589
 1432 056c 08       		.byte	0x8
 1433 056d 00       		.byte	0
 1434 056e 10       		.uleb128 0x10
 1435 056f 83050000 		.4byte	0x583
 1436 0573 11       		.uleb128 0x11
 1437 0574 83050000 		.4byte	0x583
 1438 0578 11       		.uleb128 0x11
 1439 0579 41010000 		.4byte	0x141
 1440 057d 11       		.uleb128 0x11
 1441 057e 41010000 		.4byte	0x141
 1442 0582 00       		.byte	0
 1443 0583 06       		.uleb128 0x6
 1444 0584 04       		.byte	0x4
 1445 0585 F2040000 		.4byte	0x4f2
 1446 0589 06       		.uleb128 0x6
 1447 058a 04       		.byte	0x4
 1448 058b 6E050000 		.4byte	0x56e
 1449 058f 0A       		.uleb128 0xa
 1450 0590 3D040000 		.4byte	.LASF80
 1451 0594 24       		.byte	0x24
 1452 0595 0D       		.byte	0xd
 1453 0596 59       		.byte	0x59
 1454 0597 B8050000 		.4byte	0x5b8
 1455 059b 0F       		.uleb128 0xf
 1456 059c 6700     		.ascii	"g\000"
 1457 059e 0D       		.byte	0xd
 1458 059f 5A       		.byte	0x5a
 1459 05a0 E2020000 		.4byte	0x2e2
 1460 05a4 00       		.byte	0
 1461 05a5 0B       		.uleb128 0xb
 1462 05a6 98040000 		.4byte	.LASF81
 1463 05aa 0D       		.byte	0xd
 1464 05ab 5B       		.byte	0x5b
 1465 05ac C8050000 		.4byte	0x5c8
 1466 05b0 14       		.byte	0x14
 1467 05b1 13       		.uleb128 0x13
 1468 05b2 41050000 		.4byte	0x541
 1469 05b6 18       		.byte	0x18
 1470 05b7 00       		.byte	0
 1471 05b8 10       		.uleb128 0x10
 1472 05b9 C8050000 		.4byte	0x5c8
 1473 05bd 11       		.uleb128 0x11
 1474 05be 83050000 		.4byte	0x583
 1475 05c2 11       		.uleb128 0x11
 1476 05c3 DC000000 		.4byte	0xdc
ARM GAS  /tmp/ccLPkU0a.s 			page 27


 1477 05c7 00       		.byte	0
 1478 05c8 06       		.uleb128 0x6
 1479 05c9 04       		.byte	0x4
 1480 05ca B8050000 		.4byte	0x5b8
 1481 05ce 03       		.uleb128 0x3
 1482 05cf 3D040000 		.4byte	.LASF80
 1483 05d3 0D       		.byte	0xd
 1484 05d4 74       		.byte	0x74
 1485 05d5 8F050000 		.4byte	0x58f
 1486 05d9 14       		.uleb128 0x14
 1487 05da 87000000 		.4byte	.LASF77
 1488 05de 01       		.byte	0x1
 1489 05df 1F       		.byte	0x1f
 1490 05e0 00000000 		.4byte	.LFB111
 1491 05e4 2A000000 		.4byte	.LFE111-.LFB111
 1492 05e8 01       		.uleb128 0x1
 1493 05e9 9C       		.byte	0x9c
 1494 05ea 14060000 		.4byte	0x614
 1495 05ee 15       		.uleb128 0x15
 1496 05ef 677700   		.ascii	"gw\000"
 1497 05f2 01       		.byte	0x1
 1498 05f3 1F       		.byte	0x1f
 1499 05f4 83050000 		.4byte	0x583
 1500 05f8 02       		.uleb128 0x2
 1501 05f9 91       		.byte	0x91
 1502 05fa 74       		.sleb128 -12
 1503 05fb 15       		.uleb128 0x15
 1504 05fc 7800     		.ascii	"x\000"
 1505 05fe 01       		.byte	0x1
 1506 05ff 1F       		.byte	0x1f
 1507 0600 41010000 		.4byte	0x141
 1508 0604 02       		.uleb128 0x2
 1509 0605 91       		.byte	0x91
 1510 0606 72       		.sleb128 -14
 1511 0607 15       		.uleb128 0x15
 1512 0608 7900     		.ascii	"y\000"
 1513 060a 01       		.byte	0x1
 1514 060b 1F       		.byte	0x1f
 1515 060c 41010000 		.4byte	0x141
 1516 0610 02       		.uleb128 0x2
 1517 0611 91       		.byte	0x91
 1518 0612 70       		.sleb128 -16
 1519 0613 00       		.byte	0
 1520 0614 14       		.uleb128 0x14
 1521 0615 6E040000 		.4byte	.LASF78
 1522 0619 01       		.byte	0x1
 1523 061a 26       		.byte	0x26
 1524 061b 00000000 		.4byte	.LFB112
 1525 061f 36000000 		.4byte	.LFE112-.LFB112
 1526 0623 01       		.uleb128 0x1
 1527 0624 9C       		.byte	0x9c
 1528 0625 4F060000 		.4byte	0x64f
 1529 0629 15       		.uleb128 0x15
 1530 062a 677700   		.ascii	"gw\000"
 1531 062d 01       		.byte	0x1
 1532 062e 26       		.byte	0x26
 1533 062f 83050000 		.4byte	0x583
ARM GAS  /tmp/ccLPkU0a.s 			page 28


 1534 0633 02       		.uleb128 0x2
 1535 0634 91       		.byte	0x91
 1536 0635 74       		.sleb128 -12
 1537 0636 15       		.uleb128 0x15
 1538 0637 7800     		.ascii	"x\000"
 1539 0639 01       		.byte	0x1
 1540 063a 26       		.byte	0x26
 1541 063b 41010000 		.4byte	0x141
 1542 063f 02       		.uleb128 0x2
 1543 0640 91       		.byte	0x91
 1544 0641 72       		.sleb128 -14
 1545 0642 15       		.uleb128 0x15
 1546 0643 7900     		.ascii	"y\000"
 1547 0645 01       		.byte	0x1
 1548 0646 26       		.byte	0x26
 1549 0647 41010000 		.4byte	0x141
 1550 064b 02       		.uleb128 0x2
 1551 064c 91       		.byte	0x91
 1552 064d 70       		.sleb128 -16
 1553 064e 00       		.byte	0
 1554 064f 16       		.uleb128 0x16
 1555 0650 2A000000 		.4byte	.LASF83
 1556 0654 01       		.byte	0x1
 1557 0655 75       		.byte	0x75
 1558 0656 4F020000 		.4byte	0x24f
 1559 065a 00000000 		.4byte	.LFB113
 1560 065e 40000000 		.4byte	.LFE113-.LFB113
 1561 0662 01       		.uleb128 0x1
 1562 0663 9C       		.byte	0x9c
 1563 0664 90060000 		.4byte	0x690
 1564 0668 15       		.uleb128 0x15
 1565 0669 6700     		.ascii	"g\000"
 1566 066b 01       		.byte	0x1
 1567 066c 75       		.byte	0x75
 1568 066d 36030000 		.4byte	0x336
 1569 0671 02       		.uleb128 0x2
 1570 0672 91       		.byte	0x91
 1571 0673 74       		.sleb128 -12
 1572 0674 15       		.uleb128 0x15
 1573 0675 677700   		.ascii	"gw\000"
 1574 0678 01       		.byte	0x1
 1575 0679 75       		.byte	0x75
 1576 067a 90060000 		.4byte	0x690
 1577 067e 02       		.uleb128 0x2
 1578 067f 91       		.byte	0x91
 1579 0680 70       		.sleb128 -16
 1580 0681 17       		.uleb128 0x17
 1581 0682 05000000 		.4byte	.LASF82
 1582 0686 01       		.byte	0x1
 1583 0687 75       		.byte	0x75
 1584 0688 96060000 		.4byte	0x696
 1585 068c 02       		.uleb128 0x2
 1586 068d 91       		.byte	0x91
 1587 068e 6C       		.sleb128 -20
 1588 068f 00       		.byte	0
 1589 0690 06       		.uleb128 0x6
 1590 0691 04       		.byte	0x4
ARM GAS  /tmp/ccLPkU0a.s 			page 29


 1591 0692 14050000 		.4byte	0x514
 1592 0696 06       		.uleb128 0x6
 1593 0697 04       		.byte	0x4
 1594 0698 9C060000 		.4byte	0x69c
 1595 069c 07       		.uleb128 0x7
 1596 069d E7040000 		.4byte	0x4e7
 1597 06a1 18       		.uleb128 0x18
 1598 06a2 B4020000 		.4byte	.LASF84
 1599 06a6 01       		.byte	0x1
 1600 06a7 80       		.byte	0x80
 1601 06a8 CA000000 		.4byte	0xca
 1602 06ac 00000000 		.4byte	.LFB114
 1603 06b0 30000000 		.4byte	.LFE114-.LFB114
 1604 06b4 01       		.uleb128 0x1
 1605 06b5 9C       		.byte	0x9c
 1606 06b6 C8060000 		.4byte	0x6c8
 1607 06ba 15       		.uleb128 0x15
 1608 06bb 676800   		.ascii	"gh\000"
 1609 06be 01       		.byte	0x1
 1610 06bf 80       		.byte	0x80
 1611 06c0 4F020000 		.4byte	0x24f
 1612 06c4 02       		.uleb128 0x2
 1613 06c5 91       		.byte	0x91
 1614 06c6 7C       		.sleb128 -4
 1615 06c7 00       		.byte	0
 1616 06c8 19       		.uleb128 0x19
 1617 06c9 00010000 		.4byte	.LASF97
 1618 06cd 01       		.byte	0x1
 1619 06ce 8B       		.byte	0x8b
 1620 06cf EF060000 		.4byte	0x6ef
 1621 06d3 00000000 		.4byte	.LFB115
 1622 06d7 38000000 		.4byte	.LFE115-.LFB115
 1623 06db 01       		.uleb128 0x1
 1624 06dc 9C       		.byte	0x9c
 1625 06dd EF060000 		.4byte	0x6ef
 1626 06e1 15       		.uleb128 0x15
 1627 06e2 677700   		.ascii	"gw\000"
 1628 06e5 01       		.byte	0x1
 1629 06e6 8B       		.byte	0x8b
 1630 06e7 83050000 		.4byte	0x583
 1631 06eb 02       		.uleb128 0x2
 1632 06ec 91       		.byte	0x91
 1633 06ed 7C       		.sleb128 -4
 1634 06ee 00       		.byte	0
 1635 06ef 06       		.uleb128 0x6
 1636 06f0 04       		.byte	0x4
 1637 06f1 F5060000 		.4byte	0x6f5
 1638 06f5 07       		.uleb128 0x7
 1639 06f6 D4030000 		.4byte	0x3d4
 1640 06fa 1A       		.uleb128 0x1a
 1641 06fb 15040000 		.4byte	.LASF91
 1642 06ff 01       		.byte	0x1
 1643 0700 9E       		.byte	0x9e
 1644 0701 00000000 		.4byte	.LFB116
 1645 0705 18020000 		.4byte	.LFE116-.LFB116
 1646 0709 01       		.uleb128 0x1
 1647 070a 9C       		.byte	0x9c
ARM GAS  /tmp/ccLPkU0a.s 			page 30


 1648 070b 7D070000 		.4byte	0x77d
 1649 070f 15       		.uleb128 0x15
 1650 0710 677700   		.ascii	"gw\000"
 1651 0713 01       		.byte	0x1
 1652 0714 9E       		.byte	0x9e
 1653 0715 83050000 		.4byte	0x583
 1654 0719 02       		.uleb128 0x2
 1655 071a 91       		.byte	0x91
 1656 071b 4C       		.sleb128 -52
 1657 071c 17       		.uleb128 0x17
 1658 071d 61030000 		.4byte	.LASF85
 1659 0721 01       		.byte	0x1
 1660 0722 9E       		.byte	0x9e
 1661 0723 DC000000 		.4byte	0xdc
 1662 0727 02       		.uleb128 0x2
 1663 0728 91       		.byte	0x91
 1664 0729 48       		.sleb128 -56
 1665 072a 1B       		.uleb128 0x1b
 1666 072b 0E010000 		.4byte	.LASF86
 1667 072f 01       		.byte	0x1
 1668 0730 9F       		.byte	0x9f
 1669 0731 EF060000 		.4byte	0x6ef
 1670 0735 02       		.uleb128 0x2
 1671 0736 91       		.byte	0x91
 1672 0737 5C       		.sleb128 -36
 1673 0738 1B       		.uleb128 0x1b
 1674 0739 CE000000 		.4byte	.LASF87
 1675 073d 01       		.byte	0x1
 1676 073e A0       		.byte	0xa0
 1677 073f 0C010000 		.4byte	0x10c
 1678 0743 02       		.uleb128 0x2
 1679 0744 91       		.byte	0x91
 1680 0745 64       		.sleb128 -28
 1681 0746 1B       		.uleb128 0x1b
 1682 0747 76040000 		.4byte	.LASF88
 1683 074b 01       		.byte	0x1
 1684 074c A1       		.byte	0xa1
 1685 074d 0C010000 		.4byte	0x10c
 1686 0751 02       		.uleb128 0x2
 1687 0752 91       		.byte	0x91
 1688 0753 54       		.sleb128 -44
 1689 0754 1C       		.uleb128 0x1c
 1690 0755 6900     		.ascii	"i\000"
 1691 0757 01       		.byte	0x1
 1692 0758 A2       		.byte	0xa2
 1693 0759 41010000 		.4byte	0x141
 1694 075d 02       		.uleb128 0x2
 1695 075e 91       		.byte	0x91
 1696 075f 62       		.sleb128 -30
 1697 0760 1B       		.uleb128 0x1b
 1698 0761 93040000 		.4byte	.LASF89
 1699 0765 01       		.byte	0x1
 1700 0766 A3       		.byte	0xa3
 1701 0767 96010000 		.4byte	0x196
 1702 076b 02       		.uleb128 0x2
 1703 076c 91       		.byte	0x91
 1704 076d 5A       		.sleb128 -38
ARM GAS  /tmp/ccLPkU0a.s 			page 31


 1705 076e 1B       		.uleb128 0x1b
 1706 076f CF030000 		.4byte	.LASF90
 1707 0773 01       		.byte	0x1
 1708 0774 A3       		.byte	0xa3
 1709 0775 96010000 		.4byte	0x196
 1710 0779 02       		.uleb128 0x2
 1711 077a 91       		.byte	0x91
 1712 077b 58       		.sleb128 -40
 1713 077c 00       		.byte	0
 1714 077d 1D       		.uleb128 0x1d
 1715 077e C8020000 		.4byte	.LASF92
 1716 0782 01       		.byte	0x1
 1717 0783 A401     		.2byte	0x1a4
 1718 0785 00000000 		.4byte	.LFB117
 1719 0789 F0000000 		.4byte	.LFE117-.LFB117
 1720 078d 01       		.uleb128 0x1
 1721 078e 9C       		.byte	0x9c
 1722 078f CE070000 		.4byte	0x7ce
 1723 0793 1E       		.uleb128 0x1e
 1724 0794 677700   		.ascii	"gw\000"
 1725 0797 01       		.byte	0x1
 1726 0798 A401     		.2byte	0x1a4
 1727 079a 83050000 		.4byte	0x583
 1728 079e 02       		.uleb128 0x2
 1729 079f 91       		.byte	0x91
 1730 07a0 5C       		.sleb128 -36
 1731 07a1 1F       		.uleb128 0x1f
 1732 07a2 61030000 		.4byte	.LASF85
 1733 07a6 01       		.byte	0x1
 1734 07a7 A401     		.2byte	0x1a4
 1735 07a9 DC000000 		.4byte	0xdc
 1736 07ad 02       		.uleb128 0x2
 1737 07ae 91       		.byte	0x91
 1738 07af 58       		.sleb128 -40
 1739 07b0 20       		.uleb128 0x20
 1740 07b1 0E010000 		.4byte	.LASF86
 1741 07b5 01       		.byte	0x1
 1742 07b6 A501     		.2byte	0x1a5
 1743 07b8 EF060000 		.4byte	0x6ef
 1744 07bc 02       		.uleb128 0x2
 1745 07bd 91       		.byte	0x91
 1746 07be 60       		.sleb128 -32
 1747 07bf 21       		.uleb128 0x21
 1748 07c0 737900   		.ascii	"sy\000"
 1749 07c3 01       		.byte	0x1
 1750 07c4 A601     		.2byte	0x1a6
 1751 07c6 41010000 		.4byte	0x141
 1752 07ca 02       		.uleb128 0x2
 1753 07cb 91       		.byte	0x91
 1754 07cc 66       		.sleb128 -26
 1755 07cd 00       		.byte	0
 1756 07ce 1B       		.uleb128 0x1b
 1757 07cf 7E020000 		.4byte	.LASF93
 1758 07d3 01       		.byte	0x1
 1759 07d4 52       		.byte	0x52
 1760 07d5 DF070000 		.4byte	0x7df
 1761 07d9 05       		.uleb128 0x5
ARM GAS  /tmp/ccLPkU0a.s 			page 32


 1762 07da 03       		.byte	0x3
 1763 07db 00000000 		.4byte	buttonVMT
 1764 07df 07       		.uleb128 0x7
 1765 07e0 CE050000 		.4byte	0x5ce
 1766 07e4 22       		.uleb128 0x22
 1767 07e5 E6040000 		.4byte	.LASF98
 1768 07e9 10       		.byte	0x10
 1769 07ea 9806     		.2byte	0x698
 1770 07ec F7000000 		.4byte	0xf7
 1771 07f0 00       		.byte	0
 1772              		.section	.debug_abbrev,"",%progbits
 1773              	.Ldebug_abbrev0:
 1774 0000 01       		.uleb128 0x1
 1775 0001 11       		.uleb128 0x11
 1776 0002 01       		.byte	0x1
 1777 0003 25       		.uleb128 0x25
 1778 0004 0E       		.uleb128 0xe
 1779 0005 13       		.uleb128 0x13
 1780 0006 0B       		.uleb128 0xb
 1781 0007 03       		.uleb128 0x3
 1782 0008 0E       		.uleb128 0xe
 1783 0009 55       		.uleb128 0x55
 1784 000a 17       		.uleb128 0x17
 1785 000b 11       		.uleb128 0x11
 1786 000c 01       		.uleb128 0x1
 1787 000d 10       		.uleb128 0x10
 1788 000e 17       		.uleb128 0x17
 1789 000f 00       		.byte	0
 1790 0010 00       		.byte	0
 1791 0011 02       		.uleb128 0x2
 1792 0012 24       		.uleb128 0x24
 1793 0013 00       		.byte	0
 1794 0014 0B       		.uleb128 0xb
 1795 0015 0B       		.uleb128 0xb
 1796 0016 3E       		.uleb128 0x3e
 1797 0017 0B       		.uleb128 0xb
 1798 0018 03       		.uleb128 0x3
 1799 0019 08       		.uleb128 0x8
 1800 001a 00       		.byte	0
 1801 001b 00       		.byte	0
 1802 001c 03       		.uleb128 0x3
 1803 001d 16       		.uleb128 0x16
 1804 001e 00       		.byte	0
 1805 001f 03       		.uleb128 0x3
 1806 0020 0E       		.uleb128 0xe
 1807 0021 3A       		.uleb128 0x3a
 1808 0022 0B       		.uleb128 0xb
 1809 0023 3B       		.uleb128 0x3b
 1810 0024 0B       		.uleb128 0xb
 1811 0025 49       		.uleb128 0x49
 1812 0026 13       		.uleb128 0x13
 1813 0027 00       		.byte	0
 1814 0028 00       		.byte	0
 1815 0029 04       		.uleb128 0x4
 1816 002a 24       		.uleb128 0x24
 1817 002b 00       		.byte	0
 1818 002c 0B       		.uleb128 0xb
ARM GAS  /tmp/ccLPkU0a.s 			page 33


 1819 002d 0B       		.uleb128 0xb
 1820 002e 3E       		.uleb128 0x3e
 1821 002f 0B       		.uleb128 0xb
 1822 0030 03       		.uleb128 0x3
 1823 0031 0E       		.uleb128 0xe
 1824 0032 00       		.byte	0
 1825 0033 00       		.byte	0
 1826 0034 05       		.uleb128 0x5
 1827 0035 0F       		.uleb128 0xf
 1828 0036 00       		.byte	0
 1829 0037 0B       		.uleb128 0xb
 1830 0038 0B       		.uleb128 0xb
 1831 0039 00       		.byte	0
 1832 003a 00       		.byte	0
 1833 003b 06       		.uleb128 0x6
 1834 003c 0F       		.uleb128 0xf
 1835 003d 00       		.byte	0
 1836 003e 0B       		.uleb128 0xb
 1837 003f 0B       		.uleb128 0xb
 1838 0040 49       		.uleb128 0x49
 1839 0041 13       		.uleb128 0x13
 1840 0042 00       		.byte	0
 1841 0043 00       		.byte	0
 1842 0044 07       		.uleb128 0x7
 1843 0045 26       		.uleb128 0x26
 1844 0046 00       		.byte	0
 1845 0047 49       		.uleb128 0x49
 1846 0048 13       		.uleb128 0x13
 1847 0049 00       		.byte	0
 1848 004a 00       		.byte	0
 1849 004b 08       		.uleb128 0x8
 1850 004c 35       		.uleb128 0x35
 1851 004d 00       		.byte	0
 1852 004e 49       		.uleb128 0x49
 1853 004f 13       		.uleb128 0x13
 1854 0050 00       		.byte	0
 1855 0051 00       		.byte	0
 1856 0052 09       		.uleb128 0x9
 1857 0053 13       		.uleb128 0x13
 1858 0054 00       		.byte	0
 1859 0055 03       		.uleb128 0x3
 1860 0056 0E       		.uleb128 0xe
 1861 0057 3C       		.uleb128 0x3c
 1862 0058 19       		.uleb128 0x19
 1863 0059 00       		.byte	0
 1864 005a 00       		.byte	0
 1865 005b 0A       		.uleb128 0xa
 1866 005c 13       		.uleb128 0x13
 1867 005d 01       		.byte	0x1
 1868 005e 03       		.uleb128 0x3
 1869 005f 0E       		.uleb128 0xe
 1870 0060 0B       		.uleb128 0xb
 1871 0061 0B       		.uleb128 0xb
 1872 0062 3A       		.uleb128 0x3a
 1873 0063 0B       		.uleb128 0xb
 1874 0064 3B       		.uleb128 0x3b
 1875 0065 0B       		.uleb128 0xb
ARM GAS  /tmp/ccLPkU0a.s 			page 34


 1876 0066 01       		.uleb128 0x1
 1877 0067 13       		.uleb128 0x13
 1878 0068 00       		.byte	0
 1879 0069 00       		.byte	0
 1880 006a 0B       		.uleb128 0xb
 1881 006b 0D       		.uleb128 0xd
 1882 006c 00       		.byte	0
 1883 006d 03       		.uleb128 0x3
 1884 006e 0E       		.uleb128 0xe
 1885 006f 3A       		.uleb128 0x3a
 1886 0070 0B       		.uleb128 0xb
 1887 0071 3B       		.uleb128 0x3b
 1888 0072 0B       		.uleb128 0xb
 1889 0073 49       		.uleb128 0x49
 1890 0074 13       		.uleb128 0x13
 1891 0075 38       		.uleb128 0x38
 1892 0076 0B       		.uleb128 0xb
 1893 0077 00       		.byte	0
 1894 0078 00       		.byte	0
 1895 0079 0C       		.uleb128 0xc
 1896 007a 04       		.uleb128 0x4
 1897 007b 01       		.byte	0x1
 1898 007c 03       		.uleb128 0x3
 1899 007d 0E       		.uleb128 0xe
 1900 007e 0B       		.uleb128 0xb
 1901 007f 0B       		.uleb128 0xb
 1902 0080 3A       		.uleb128 0x3a
 1903 0081 0B       		.uleb128 0xb
 1904 0082 3B       		.uleb128 0x3b
 1905 0083 0B       		.uleb128 0xb
 1906 0084 01       		.uleb128 0x1
 1907 0085 13       		.uleb128 0x13
 1908 0086 00       		.byte	0
 1909 0087 00       		.byte	0
 1910 0088 0D       		.uleb128 0xd
 1911 0089 28       		.uleb128 0x28
 1912 008a 00       		.byte	0
 1913 008b 03       		.uleb128 0x3
 1914 008c 0E       		.uleb128 0xe
 1915 008d 1C       		.uleb128 0x1c
 1916 008e 0D       		.uleb128 0xd
 1917 008f 00       		.byte	0
 1918 0090 00       		.byte	0
 1919 0091 0E       		.uleb128 0xe
 1920 0092 16       		.uleb128 0x16
 1921 0093 00       		.byte	0
 1922 0094 03       		.uleb128 0x3
 1923 0095 0E       		.uleb128 0xe
 1924 0096 3A       		.uleb128 0x3a
 1925 0097 0B       		.uleb128 0xb
 1926 0098 3B       		.uleb128 0x3b
 1927 0099 05       		.uleb128 0x5
 1928 009a 49       		.uleb128 0x49
 1929 009b 13       		.uleb128 0x13
 1930 009c 00       		.byte	0
 1931 009d 00       		.byte	0
 1932 009e 0F       		.uleb128 0xf
ARM GAS  /tmp/ccLPkU0a.s 			page 35


 1933 009f 0D       		.uleb128 0xd
 1934 00a0 00       		.byte	0
 1935 00a1 03       		.uleb128 0x3
 1936 00a2 08       		.uleb128 0x8
 1937 00a3 3A       		.uleb128 0x3a
 1938 00a4 0B       		.uleb128 0xb
 1939 00a5 3B       		.uleb128 0x3b
 1940 00a6 0B       		.uleb128 0xb
 1941 00a7 49       		.uleb128 0x49
 1942 00a8 13       		.uleb128 0x13
 1943 00a9 38       		.uleb128 0x38
 1944 00aa 0B       		.uleb128 0xb
 1945 00ab 00       		.byte	0
 1946 00ac 00       		.byte	0
 1947 00ad 10       		.uleb128 0x10
 1948 00ae 15       		.uleb128 0x15
 1949 00af 01       		.byte	0x1
 1950 00b0 27       		.uleb128 0x27
 1951 00b1 19       		.uleb128 0x19
 1952 00b2 01       		.uleb128 0x1
 1953 00b3 13       		.uleb128 0x13
 1954 00b4 00       		.byte	0
 1955 00b5 00       		.byte	0
 1956 00b6 11       		.uleb128 0x11
 1957 00b7 05       		.uleb128 0x5
 1958 00b8 00       		.byte	0
 1959 00b9 49       		.uleb128 0x49
 1960 00ba 13       		.uleb128 0x13
 1961 00bb 00       		.byte	0
 1962 00bc 00       		.byte	0
 1963 00bd 12       		.uleb128 0x12
 1964 00be 13       		.uleb128 0x13
 1965 00bf 01       		.byte	0x1
 1966 00c0 0B       		.uleb128 0xb
 1967 00c1 0B       		.uleb128 0xb
 1968 00c2 3A       		.uleb128 0x3a
 1969 00c3 0B       		.uleb128 0xb
 1970 00c4 3B       		.uleb128 0x3b
 1971 00c5 0B       		.uleb128 0xb
 1972 00c6 01       		.uleb128 0x1
 1973 00c7 13       		.uleb128 0x13
 1974 00c8 00       		.byte	0
 1975 00c9 00       		.byte	0
 1976 00ca 13       		.uleb128 0x13
 1977 00cb 0D       		.uleb128 0xd
 1978 00cc 00       		.byte	0
 1979 00cd 49       		.uleb128 0x49
 1980 00ce 13       		.uleb128 0x13
 1981 00cf 38       		.uleb128 0x38
 1982 00d0 0B       		.uleb128 0xb
 1983 00d1 00       		.byte	0
 1984 00d2 00       		.byte	0
 1985 00d3 14       		.uleb128 0x14
 1986 00d4 2E       		.uleb128 0x2e
 1987 00d5 01       		.byte	0x1
 1988 00d6 03       		.uleb128 0x3
 1989 00d7 0E       		.uleb128 0xe
ARM GAS  /tmp/ccLPkU0a.s 			page 36


 1990 00d8 3A       		.uleb128 0x3a
 1991 00d9 0B       		.uleb128 0xb
 1992 00da 3B       		.uleb128 0x3b
 1993 00db 0B       		.uleb128 0xb
 1994 00dc 27       		.uleb128 0x27
 1995 00dd 19       		.uleb128 0x19
 1996 00de 11       		.uleb128 0x11
 1997 00df 01       		.uleb128 0x1
 1998 00e0 12       		.uleb128 0x12
 1999 00e1 06       		.uleb128 0x6
 2000 00e2 40       		.uleb128 0x40
 2001 00e3 18       		.uleb128 0x18
 2002 00e4 9642     		.uleb128 0x2116
 2003 00e6 19       		.uleb128 0x19
 2004 00e7 01       		.uleb128 0x1
 2005 00e8 13       		.uleb128 0x13
 2006 00e9 00       		.byte	0
 2007 00ea 00       		.byte	0
 2008 00eb 15       		.uleb128 0x15
 2009 00ec 05       		.uleb128 0x5
 2010 00ed 00       		.byte	0
 2011 00ee 03       		.uleb128 0x3
 2012 00ef 08       		.uleb128 0x8
 2013 00f0 3A       		.uleb128 0x3a
 2014 00f1 0B       		.uleb128 0xb
 2015 00f2 3B       		.uleb128 0x3b
 2016 00f3 0B       		.uleb128 0xb
 2017 00f4 49       		.uleb128 0x49
 2018 00f5 13       		.uleb128 0x13
 2019 00f6 02       		.uleb128 0x2
 2020 00f7 18       		.uleb128 0x18
 2021 00f8 00       		.byte	0
 2022 00f9 00       		.byte	0
 2023 00fa 16       		.uleb128 0x16
 2024 00fb 2E       		.uleb128 0x2e
 2025 00fc 01       		.byte	0x1
 2026 00fd 3F       		.uleb128 0x3f
 2027 00fe 19       		.uleb128 0x19
 2028 00ff 03       		.uleb128 0x3
 2029 0100 0E       		.uleb128 0xe
 2030 0101 3A       		.uleb128 0x3a
 2031 0102 0B       		.uleb128 0xb
 2032 0103 3B       		.uleb128 0x3b
 2033 0104 0B       		.uleb128 0xb
 2034 0105 27       		.uleb128 0x27
 2035 0106 19       		.uleb128 0x19
 2036 0107 49       		.uleb128 0x49
 2037 0108 13       		.uleb128 0x13
 2038 0109 11       		.uleb128 0x11
 2039 010a 01       		.uleb128 0x1
 2040 010b 12       		.uleb128 0x12
 2041 010c 06       		.uleb128 0x6
 2042 010d 40       		.uleb128 0x40
 2043 010e 18       		.uleb128 0x18
 2044 010f 9642     		.uleb128 0x2116
 2045 0111 19       		.uleb128 0x19
 2046 0112 01       		.uleb128 0x1
ARM GAS  /tmp/ccLPkU0a.s 			page 37


 2047 0113 13       		.uleb128 0x13
 2048 0114 00       		.byte	0
 2049 0115 00       		.byte	0
 2050 0116 17       		.uleb128 0x17
 2051 0117 05       		.uleb128 0x5
 2052 0118 00       		.byte	0
 2053 0119 03       		.uleb128 0x3
 2054 011a 0E       		.uleb128 0xe
 2055 011b 3A       		.uleb128 0x3a
 2056 011c 0B       		.uleb128 0xb
 2057 011d 3B       		.uleb128 0x3b
 2058 011e 0B       		.uleb128 0xb
 2059 011f 49       		.uleb128 0x49
 2060 0120 13       		.uleb128 0x13
 2061 0121 02       		.uleb128 0x2
 2062 0122 18       		.uleb128 0x18
 2063 0123 00       		.byte	0
 2064 0124 00       		.byte	0
 2065 0125 18       		.uleb128 0x18
 2066 0126 2E       		.uleb128 0x2e
 2067 0127 01       		.byte	0x1
 2068 0128 3F       		.uleb128 0x3f
 2069 0129 19       		.uleb128 0x19
 2070 012a 03       		.uleb128 0x3
 2071 012b 0E       		.uleb128 0xe
 2072 012c 3A       		.uleb128 0x3a
 2073 012d 0B       		.uleb128 0xb
 2074 012e 3B       		.uleb128 0x3b
 2075 012f 0B       		.uleb128 0xb
 2076 0130 27       		.uleb128 0x27
 2077 0131 19       		.uleb128 0x19
 2078 0132 49       		.uleb128 0x49
 2079 0133 13       		.uleb128 0x13
 2080 0134 11       		.uleb128 0x11
 2081 0135 01       		.uleb128 0x1
 2082 0136 12       		.uleb128 0x12
 2083 0137 06       		.uleb128 0x6
 2084 0138 40       		.uleb128 0x40
 2085 0139 18       		.uleb128 0x18
 2086 013a 9742     		.uleb128 0x2117
 2087 013c 19       		.uleb128 0x19
 2088 013d 01       		.uleb128 0x1
 2089 013e 13       		.uleb128 0x13
 2090 013f 00       		.byte	0
 2091 0140 00       		.byte	0
 2092 0141 19       		.uleb128 0x19
 2093 0142 2E       		.uleb128 0x2e
 2094 0143 01       		.byte	0x1
 2095 0144 03       		.uleb128 0x3
 2096 0145 0E       		.uleb128 0xe
 2097 0146 3A       		.uleb128 0x3a
 2098 0147 0B       		.uleb128 0xb
 2099 0148 3B       		.uleb128 0x3b
 2100 0149 0B       		.uleb128 0xb
 2101 014a 27       		.uleb128 0x27
 2102 014b 19       		.uleb128 0x19
 2103 014c 49       		.uleb128 0x49
ARM GAS  /tmp/ccLPkU0a.s 			page 38


 2104 014d 13       		.uleb128 0x13
 2105 014e 11       		.uleb128 0x11
 2106 014f 01       		.uleb128 0x1
 2107 0150 12       		.uleb128 0x12
 2108 0151 06       		.uleb128 0x6
 2109 0152 40       		.uleb128 0x40
 2110 0153 18       		.uleb128 0x18
 2111 0154 9742     		.uleb128 0x2117
 2112 0156 19       		.uleb128 0x19
 2113 0157 01       		.uleb128 0x1
 2114 0158 13       		.uleb128 0x13
 2115 0159 00       		.byte	0
 2116 015a 00       		.byte	0
 2117 015b 1A       		.uleb128 0x1a
 2118 015c 2E       		.uleb128 0x2e
 2119 015d 01       		.byte	0x1
 2120 015e 3F       		.uleb128 0x3f
 2121 015f 19       		.uleb128 0x19
 2122 0160 03       		.uleb128 0x3
 2123 0161 0E       		.uleb128 0xe
 2124 0162 3A       		.uleb128 0x3a
 2125 0163 0B       		.uleb128 0xb
 2126 0164 3B       		.uleb128 0x3b
 2127 0165 0B       		.uleb128 0xb
 2128 0166 27       		.uleb128 0x27
 2129 0167 19       		.uleb128 0x19
 2130 0168 11       		.uleb128 0x11
 2131 0169 01       		.uleb128 0x1
 2132 016a 12       		.uleb128 0x12
 2133 016b 06       		.uleb128 0x6
 2134 016c 40       		.uleb128 0x40
 2135 016d 18       		.uleb128 0x18
 2136 016e 9642     		.uleb128 0x2116
 2137 0170 19       		.uleb128 0x19
 2138 0171 01       		.uleb128 0x1
 2139 0172 13       		.uleb128 0x13
 2140 0173 00       		.byte	0
 2141 0174 00       		.byte	0
 2142 0175 1B       		.uleb128 0x1b
 2143 0176 34       		.uleb128 0x34
 2144 0177 00       		.byte	0
 2145 0178 03       		.uleb128 0x3
 2146 0179 0E       		.uleb128 0xe
 2147 017a 3A       		.uleb128 0x3a
 2148 017b 0B       		.uleb128 0xb
 2149 017c 3B       		.uleb128 0x3b
 2150 017d 0B       		.uleb128 0xb
 2151 017e 49       		.uleb128 0x49
 2152 017f 13       		.uleb128 0x13
 2153 0180 02       		.uleb128 0x2
 2154 0181 18       		.uleb128 0x18
 2155 0182 00       		.byte	0
 2156 0183 00       		.byte	0
 2157 0184 1C       		.uleb128 0x1c
 2158 0185 34       		.uleb128 0x34
 2159 0186 00       		.byte	0
 2160 0187 03       		.uleb128 0x3
ARM GAS  /tmp/ccLPkU0a.s 			page 39


 2161 0188 08       		.uleb128 0x8
 2162 0189 3A       		.uleb128 0x3a
 2163 018a 0B       		.uleb128 0xb
 2164 018b 3B       		.uleb128 0x3b
 2165 018c 0B       		.uleb128 0xb
 2166 018d 49       		.uleb128 0x49
 2167 018e 13       		.uleb128 0x13
 2168 018f 02       		.uleb128 0x2
 2169 0190 18       		.uleb128 0x18
 2170 0191 00       		.byte	0
 2171 0192 00       		.byte	0
 2172 0193 1D       		.uleb128 0x1d
 2173 0194 2E       		.uleb128 0x2e
 2174 0195 01       		.byte	0x1
 2175 0196 3F       		.uleb128 0x3f
 2176 0197 19       		.uleb128 0x19
 2177 0198 03       		.uleb128 0x3
 2178 0199 0E       		.uleb128 0xe
 2179 019a 3A       		.uleb128 0x3a
 2180 019b 0B       		.uleb128 0xb
 2181 019c 3B       		.uleb128 0x3b
 2182 019d 05       		.uleb128 0x5
 2183 019e 27       		.uleb128 0x27
 2184 019f 19       		.uleb128 0x19
 2185 01a0 11       		.uleb128 0x11
 2186 01a1 01       		.uleb128 0x1
 2187 01a2 12       		.uleb128 0x12
 2188 01a3 06       		.uleb128 0x6
 2189 01a4 40       		.uleb128 0x40
 2190 01a5 18       		.uleb128 0x18
 2191 01a6 9642     		.uleb128 0x2116
 2192 01a8 19       		.uleb128 0x19
 2193 01a9 01       		.uleb128 0x1
 2194 01aa 13       		.uleb128 0x13
 2195 01ab 00       		.byte	0
 2196 01ac 00       		.byte	0
 2197 01ad 1E       		.uleb128 0x1e
 2198 01ae 05       		.uleb128 0x5
 2199 01af 00       		.byte	0
 2200 01b0 03       		.uleb128 0x3
 2201 01b1 08       		.uleb128 0x8
 2202 01b2 3A       		.uleb128 0x3a
 2203 01b3 0B       		.uleb128 0xb
 2204 01b4 3B       		.uleb128 0x3b
 2205 01b5 05       		.uleb128 0x5
 2206 01b6 49       		.uleb128 0x49
 2207 01b7 13       		.uleb128 0x13
 2208 01b8 02       		.uleb128 0x2
 2209 01b9 18       		.uleb128 0x18
 2210 01ba 00       		.byte	0
 2211 01bb 00       		.byte	0
 2212 01bc 1F       		.uleb128 0x1f
 2213 01bd 05       		.uleb128 0x5
 2214 01be 00       		.byte	0
 2215 01bf 03       		.uleb128 0x3
 2216 01c0 0E       		.uleb128 0xe
 2217 01c1 3A       		.uleb128 0x3a
ARM GAS  /tmp/ccLPkU0a.s 			page 40


 2218 01c2 0B       		.uleb128 0xb
 2219 01c3 3B       		.uleb128 0x3b
 2220 01c4 05       		.uleb128 0x5
 2221 01c5 49       		.uleb128 0x49
 2222 01c6 13       		.uleb128 0x13
 2223 01c7 02       		.uleb128 0x2
 2224 01c8 18       		.uleb128 0x18
 2225 01c9 00       		.byte	0
 2226 01ca 00       		.byte	0
 2227 01cb 20       		.uleb128 0x20
 2228 01cc 34       		.uleb128 0x34
 2229 01cd 00       		.byte	0
 2230 01ce 03       		.uleb128 0x3
 2231 01cf 0E       		.uleb128 0xe
 2232 01d0 3A       		.uleb128 0x3a
 2233 01d1 0B       		.uleb128 0xb
 2234 01d2 3B       		.uleb128 0x3b
 2235 01d3 05       		.uleb128 0x5
 2236 01d4 49       		.uleb128 0x49
 2237 01d5 13       		.uleb128 0x13
 2238 01d6 02       		.uleb128 0x2
 2239 01d7 18       		.uleb128 0x18
 2240 01d8 00       		.byte	0
 2241 01d9 00       		.byte	0
 2242 01da 21       		.uleb128 0x21
 2243 01db 34       		.uleb128 0x34
 2244 01dc 00       		.byte	0
 2245 01dd 03       		.uleb128 0x3
 2246 01de 08       		.uleb128 0x8
 2247 01df 3A       		.uleb128 0x3a
 2248 01e0 0B       		.uleb128 0xb
 2249 01e1 3B       		.uleb128 0x3b
 2250 01e2 05       		.uleb128 0x5
 2251 01e3 49       		.uleb128 0x49
 2252 01e4 13       		.uleb128 0x13
 2253 01e5 02       		.uleb128 0x2
 2254 01e6 18       		.uleb128 0x18
 2255 01e7 00       		.byte	0
 2256 01e8 00       		.byte	0
 2257 01e9 22       		.uleb128 0x22
 2258 01ea 34       		.uleb128 0x34
 2259 01eb 00       		.byte	0
 2260 01ec 03       		.uleb128 0x3
 2261 01ed 0E       		.uleb128 0xe
 2262 01ee 3A       		.uleb128 0x3a
 2263 01ef 0B       		.uleb128 0xb
 2264 01f0 3B       		.uleb128 0x3b
 2265 01f1 05       		.uleb128 0x5
 2266 01f2 49       		.uleb128 0x49
 2267 01f3 13       		.uleb128 0x13
 2268 01f4 3F       		.uleb128 0x3f
 2269 01f5 19       		.uleb128 0x19
 2270 01f6 3C       		.uleb128 0x3c
 2271 01f7 19       		.uleb128 0x19
 2272 01f8 00       		.byte	0
 2273 01f9 00       		.byte	0
 2274 01fa 00       		.byte	0
ARM GAS  /tmp/ccLPkU0a.s 			page 41


 2275              		.section	.debug_aranges,"",%progbits
 2276 0000 4C000000 		.4byte	0x4c
 2277 0004 0200     		.2byte	0x2
 2278 0006 00000000 		.4byte	.Ldebug_info0
 2279 000a 04       		.byte	0x4
 2280 000b 00       		.byte	0
 2281 000c 0000     		.2byte	0
 2282 000e 0000     		.2byte	0
 2283 0010 00000000 		.4byte	.LFB111
 2284 0014 2A000000 		.4byte	.LFE111-.LFB111
 2285 0018 00000000 		.4byte	.LFB112
 2286 001c 36000000 		.4byte	.LFE112-.LFB112
 2287 0020 00000000 		.4byte	.LFB113
 2288 0024 40000000 		.4byte	.LFE113-.LFB113
 2289 0028 00000000 		.4byte	.LFB114
 2290 002c 30000000 		.4byte	.LFE114-.LFB114
 2291 0030 00000000 		.4byte	.LFB115
 2292 0034 38000000 		.4byte	.LFE115-.LFB115
 2293 0038 00000000 		.4byte	.LFB116
 2294 003c 18020000 		.4byte	.LFE116-.LFB116
 2295 0040 00000000 		.4byte	.LFB117
 2296 0044 F0000000 		.4byte	.LFE117-.LFB117
 2297 0048 00000000 		.4byte	0
 2298 004c 00000000 		.4byte	0
 2299              		.section	.debug_ranges,"",%progbits
 2300              	.Ldebug_ranges0:
 2301 0000 00000000 		.4byte	.LFB111
 2302 0004 2A000000 		.4byte	.LFE111
 2303 0008 00000000 		.4byte	.LFB112
 2304 000c 36000000 		.4byte	.LFE112
 2305 0010 00000000 		.4byte	.LFB113
 2306 0014 40000000 		.4byte	.LFE113
 2307 0018 00000000 		.4byte	.LFB114
 2308 001c 30000000 		.4byte	.LFE114
 2309 0020 00000000 		.4byte	.LFB115
 2310 0024 38000000 		.4byte	.LFE115
 2311 0028 00000000 		.4byte	.LFB116
 2312 002c 18020000 		.4byte	.LFE116
 2313 0030 00000000 		.4byte	.LFB117
 2314 0034 F0000000 		.4byte	.LFE117
 2315 0038 00000000 		.4byte	0
 2316 003c 00000000 		.4byte	0
 2317              		.section	.debug_line,"",%progbits
 2318              	.Ldebug_line0:
 2319 0000 B0030000 		.section	.debug_str,"MS",%progbits,1
 2319      0200EA02 
 2319      00000201 
 2319      FB0E0D00 
 2319      01010101 
 2320              	.LASF42:
 2321 0000 70726976 		.ascii	"priv\000"
 2321      00
 2322              	.LASF82:
 2323 0005 70496E69 		.ascii	"pInit\000"
 2323      7400
 2324              	.LASF35:
 2325 000b 67646973 		.ascii	"gdispImage\000"
ARM GAS  /tmp/ccLPkU0a.s 			page 42


 2325      70496D61 
 2325      676500
 2326              	.LASF4:
 2327 0016 5F5F696E 		.ascii	"__int16_t\000"
 2327      7431365F 
 2327      7400
 2328              	.LASF58:
 2329 0020 74657874 		.ascii	"text\000"
 2329      00
 2330              	.LASF56:
 2331 0025 73686F77 		.ascii	"show\000"
 2331      00
 2332              	.LASF83:
 2333 002a 6777696E 		.ascii	"gwinGButtonCreate\000"
 2333      47427574 
 2333      746F6E43 
 2333      72656174 
 2333      6500
 2334              	.LASF24:
 2335 003c 67667851 		.ascii	"gfxQueueASyncItem\000"
 2335      75657565 
 2335      4153796E 
 2335      63497465 
 2335      6D00
 2336              	.LASF48:
 2337 004e 666F6E74 		.ascii	"font\000"
 2337      00
 2338              	.LASF44:
 2339 0053 67646973 		.ascii	"gdispImagePrivate\000"
 2339      70496D61 
 2339      67655072 
 2339      69766174 
 2339      6500
 2340              	.LASF5:
 2341 0065 73686F72 		.ascii	"short int\000"
 2341      7420696E 
 2341      7400
 2342              	.LASF3:
 2343 006f 73697A65 		.ascii	"size_t\000"
 2343      5F7400
 2344              	.LASF20:
 2345 0076 73697A65 		.ascii	"sizetype\000"
 2345      74797065 
 2345      00
 2346              	.LASF52:
 2347 007f 44657374 		.ascii	"Destroy\000"
 2347      726F7900 
 2348              	.LASF77:
 2349 0087 4D6F7573 		.ascii	"MouseDown\000"
 2349      65446F77 
 2349      6E00
 2350              	.LASF10:
 2351 0091 5F5F7569 		.ascii	"__uint32_t\000"
 2351      6E743332 
 2351      5F7400
 2352              	.LASF59:
 2353 009c 65646765 		.ascii	"edge\000"
ARM GAS  /tmp/ccLPkU0a.s 			page 43


 2353      00
 2354              	.LASF71:
 2355 00a1 70737479 		.ascii	"pstyle\000"
 2355      6C6500
 2356              	.LASF6:
 2357 00a8 5F5F7569 		.ascii	"__uint16_t\000"
 2357      6E743136 
 2357      5F7400
 2358              	.LASF22:
 2359 00b3 4746494C 		.ascii	"GFILE\000"
 2359      4500
 2360              	.LASF49:
 2361 00b9 6777696E 		.ascii	"gwinVMT\000"
 2361      564D5400 
 2362              	.LASF60:
 2363 00c1 66696C6C 		.ascii	"fill\000"
 2363      00
 2364              	.LASF32:
 2365 00c6 636F6C6F 		.ascii	"color_t\000"
 2365      725F7400 
 2366              	.LASF87:
 2367 00ce 616C7068 		.ascii	"alpha\000"
 2367      6100
 2368              	.LASF50:
 2369 00d4 636C6173 		.ascii	"classname\000"
 2369      736E616D 
 2369      6500
 2370              	.LASF33:
 2371 00de 67646973 		.ascii	"gdispImageType\000"
 2371      70496D61 
 2371      67655479 
 2371      706500
 2372              	.LASF30:
 2373 00ed 6D665F66 		.ascii	"mf_font_s\000"
 2373      6F6E745F 
 2373      7300
 2374              	.LASF17:
 2375 00f7 75696E74 		.ascii	"uint32_t\000"
 2375      33325F74 
 2375      00
 2376              	.LASF97:
 2377 0100 67657444 		.ascii	"getDrawColors\000"
 2377      72617743 
 2377      6F6C6F72 
 2377      7300
 2378              	.LASF86:
 2379 010e 70636F6C 		.ascii	"pcol\000"
 2379      00
 2380              	.LASF40:
 2381 0113 77696474 		.ascii	"width\000"
 2381      6800
 2382              	.LASF72:
 2383 0119 47576964 		.ascii	"GWidgetInit\000"
 2383      67657449 
 2383      6E697400 
 2384              	.LASF95:
 2385 0125 2F686F6D 		.ascii	"/home/makkmarci/workspace/ugfx/src/gwin/gwin_button"
ARM GAS  /tmp/ccLPkU0a.s 			page 44


 2385      652F6D61 
 2385      6B6B6D61 
 2385      7263692F 
 2385      776F726B 
 2386 0158 2E6300   		.ascii	".c\000"
 2387              	.LASF12:
 2388 015b 6C6F6E67 		.ascii	"long long int\000"
 2388      206C6F6E 
 2388      6720696E 
 2388      7400
 2389              	.LASF94:
 2390 0169 474E5520 		.ascii	"GNU C 4.9.3 20150303 (release) [ARM/embedded-4_9-br"
 2390      4320342E 
 2390      392E3320 
 2390      32303135 
 2390      30333033 
 2391 019c 616E6368 		.ascii	"anch revision 221220] -mcpu=cortex-m4 -mfloat-abi=h"
 2391      20726576 
 2391      6973696F 
 2391      6E203232 
 2391      31323230 
 2392 01cf 61726420 		.ascii	"ard -mfpu=fpv4-sp-d16 -mno-thumb-interwork -mthumb "
 2392      2D6D6670 
 2392      753D6670 
 2392      76342D73 
 2392      702D6431 
 2393 0202 2D676764 		.ascii	"-ggdb -fomit-frame-pointer -falign-functions=16 -ff"
 2393      62202D66 
 2393      6F6D6974 
 2393      2D667261 
 2393      6D652D70 
 2394 0235 756E6374 		.ascii	"unction-sections -fdata-sections -fno-common -fsing"
 2394      696F6E2D 
 2394      73656374 
 2394      696F6E73 
 2394      202D6664 
 2395 0268 6C652D70 		.ascii	"le-precision-constant\000"
 2395      72656369 
 2395      73696F6E 
 2395      2D636F6E 
 2395      7374616E 
 2396              	.LASF93:
 2397 027e 62757474 		.ascii	"buttonVMT\000"
 2397      6F6E564D 
 2397      5400
 2398              	.LASF9:
 2399 0288 6C6F6E67 		.ascii	"long int\000"
 2399      20696E74 
 2399      00
 2400              	.LASF53:
 2401 0291 52656472 		.ascii	"Redraw\000"
 2401      617700
 2402              	.LASF61:
 2403 0298 70726F67 		.ascii	"progress\000"
 2403      72657373 
 2403      00
 2404              	.LASF73:
ARM GAS  /tmp/ccLPkU0a.s 			page 45


 2405 02a1 63757374 		.ascii	"customDraw\000"
 2405      6F6D4472 
 2405      617700
 2406              	.LASF70:
 2407 02ac 666E5061 		.ascii	"fnParam\000"
 2407      72616D00 
 2408              	.LASF84:
 2409 02b4 6777696E 		.ascii	"gwinButtonIsPressed\000"
 2409      42757474 
 2409      6F6E4973 
 2409      50726573 
 2409      73656400 
 2410              	.LASF92:
 2411 02c8 6777696E 		.ascii	"gwinButtonDraw_Image\000"
 2411      42757474 
 2411      6F6E4472 
 2411      61775F49 
 2411      6D616765 
 2412              	.LASF31:
 2413 02dd 47446973 		.ascii	"GDisplay\000"
 2413      706C6179 
 2413      00
 2414              	.LASF2:
 2415 02e6 756E7369 		.ascii	"unsigned char\000"
 2415      676E6564 
 2415      20636861 
 2415      7200
 2416              	.LASF23:
 2417 02f4 66697865 		.ascii	"fixed\000"
 2417      6400
 2418              	.LASF69:
 2419 02fa 666E4472 		.ascii	"fnDraw\000"
 2419      617700
 2420              	.LASF8:
 2421 0301 5F5F696E 		.ascii	"__int32_t\000"
 2421      7433325F 
 2421      7400
 2422              	.LASF1:
 2423 030b 7369676E 		.ascii	"signed char\000"
 2423      65642063 
 2423      68617200 
 2424              	.LASF38:
 2425 0317 666C6167 		.ascii	"flags\000"
 2425      7300
 2426              	.LASF13:
 2427 031d 6C6F6E67 		.ascii	"long long unsigned int\000"
 2427      206C6F6E 
 2427      6720756E 
 2427      7369676E 
 2427      65642069 
 2428              	.LASF54:
 2429 0334 41667465 		.ascii	"AfterClear\000"
 2429      72436C65 
 2429      617200
 2430              	.LASF37:
 2431 033f 74797065 		.ascii	"type\000"
 2431      00
ARM GAS  /tmp/ccLPkU0a.s 			page 46


 2432              	.LASF41:
 2433 0344 68656967 		.ascii	"height\000"
 2433      687400
 2434              	.LASF0:
 2435 034b 756E7369 		.ascii	"unsigned int\000"
 2435      676E6564 
 2435      20696E74 
 2435      00
 2436              	.LASF15:
 2437 0358 75696E74 		.ascii	"uint16_t\000"
 2437      31365F74 
 2437      00
 2438              	.LASF85:
 2439 0361 70617261 		.ascii	"param\000"
 2439      6D00
 2440              	.LASF7:
 2441 0367 73686F72 		.ascii	"short unsigned int\000"
 2441      7420756E 
 2441      7369676E 
 2441      65642069 
 2441      6E7400
 2442              	.LASF65:
 2443 037a 64697361 		.ascii	"disabled\000"
 2443      626C6564 
 2443      00
 2444              	.LASF34:
 2445 0383 67646973 		.ascii	"gdispImageFlags\000"
 2445      70496D61 
 2445      6765466C 
 2445      61677300 
 2446              	.LASF21:
 2447 0393 63686172 		.ascii	"char\000"
 2447      00
 2448              	.LASF67:
 2449 0398 43757374 		.ascii	"CustomWidgetDrawFunction\000"
 2449      6F6D5769 
 2449      64676574 
 2449      44726177 
 2449      46756E63 
 2450              	.LASF76:
 2451 03b1 47427574 		.ascii	"GButtonObject\000"
 2451      746F6E4F 
 2451      626A6563 
 2451      7400
 2452              	.LASF16:
 2453 03bf 696E7433 		.ascii	"int32_t\000"
 2453      325F7400 
 2454              	.LASF96:
 2455 03c7 6A757374 		.ascii	"justify\000"
 2455      69667900 
 2456              	.LASF90:
 2457 03cf 62636F6C 		.ascii	"bcol\000"
 2457      00
 2458              	.LASF14:
 2459 03d4 696E7431 		.ascii	"int16_t\000"
 2459      365F7400 
 2460              	.LASF25:
ARM GAS  /tmp/ccLPkU0a.s 			page 47


 2461 03dc 636F6F72 		.ascii	"coord_t\000"
 2461      645F7400 
 2462              	.LASF19:
 2463 03e4 5F426F6F 		.ascii	"_Bool\000"
 2463      6C00
 2464              	.LASF29:
 2465 03ea 666F6E74 		.ascii	"font_t\000"
 2465      5F7400
 2466              	.LASF51:
 2467 03f1 73697A65 		.ascii	"size\000"
 2467      00
 2468              	.LASF43:
 2469 03f6 67646973 		.ascii	"gdispImageHandlers\000"
 2469      70496D61 
 2469      67654861 
 2469      6E646C65 
 2469      727300
 2470              	.LASF55:
 2471 0409 4757696E 		.ascii	"GWindowInit\000"
 2471      646F7749 
 2471      6E697400 
 2472              	.LASF91:
 2473 0415 6777696E 		.ascii	"gwinButtonDraw_Normal\000"
 2473      42757474 
 2473      6F6E4472 
 2473      61775F4E 
 2473      6F726D61 
 2474              	.LASF11:
 2475 042b 6C6F6E67 		.ascii	"long unsigned int\000"
 2475      20756E73 
 2475      69676E65 
 2475      6420696E 
 2475      7400
 2476              	.LASF80:
 2477 043d 67776964 		.ascii	"gwidgetVMT\000"
 2477      67657456 
 2477      4D5400
 2478              	.LASF66:
 2479 0448 70726573 		.ascii	"pressed\000"
 2479      73656400 
 2480              	.LASF46:
 2481 0450 64697370 		.ascii	"display\000"
 2481      6C617900 
 2482              	.LASF26:
 2483 0458 6A757374 		.ascii	"justifyLeft\000"
 2483      6966794C 
 2483      65667400 
 2484              	.LASF79:
 2485 0464 4D6F7573 		.ascii	"MouseMove\000"
 2485      654D6F76 
 2485      6500
 2486              	.LASF78:
 2487 046e 4D6F7573 		.ascii	"MouseUp\000"
 2487      65557000 
 2488              	.LASF88:
 2489 0476 64616C70 		.ascii	"dalpha\000"
 2489      686100
ARM GAS  /tmp/ccLPkU0a.s 			page 48


 2490              	.LASF27:
 2491 047d 6A757374 		.ascii	"justifyCenter\000"
 2491      69667943 
 2491      656E7465 
 2491      7200
 2492              	.LASF64:
 2493 048b 656E6162 		.ascii	"enabled\000"
 2493      6C656400 
 2494              	.LASF89:
 2495 0493 74636F6C 		.ascii	"tcol\000"
 2495      00
 2496              	.LASF81:
 2497 0498 44656661 		.ascii	"DefaultDraw\000"
 2497      756C7444 
 2497      72617700 
 2498              	.LASF74:
 2499 04a4 63757374 		.ascii	"customParam\000"
 2499      6F6D5061 
 2499      72616D00 
 2500              	.LASF62:
 2501 04b0 47576964 		.ascii	"GWidgetStyle\000"
 2501      67657453 
 2501      74796C65 
 2501      00
 2502              	.LASF47:
 2503 04bd 636F6C6F 		.ascii	"color\000"
 2503      7200
 2504              	.LASF45:
 2505 04c3 4757696E 		.ascii	"GWindowObject\000"
 2505      646F774F 
 2505      626A6563 
 2505      7400
 2506              	.LASF63:
 2507 04d1 6261636B 		.ascii	"background\000"
 2507      67726F75 
 2507      6E6400
 2508              	.LASF57:
 2509 04dc 47436F6C 		.ascii	"GColorSet\000"
 2509      6F725365 
 2509      7400
 2510              	.LASF98:
 2511 04e6 49544D5F 		.ascii	"ITM_RxBuffer\000"
 2511      52784275 
 2511      66666572 
 2511      00
 2512              	.LASF68:
 2513 04f3 47576964 		.ascii	"GWidgetObject\000"
 2513      6765744F 
 2513      626A6563 
 2513      7400
 2514              	.LASF28:
 2515 0501 6A757374 		.ascii	"justifyRight\000"
 2515      69667952 
 2515      69676874 
 2515      00
 2516              	.LASF75:
 2517 050e 63757374 		.ascii	"customStyle\000"
ARM GAS  /tmp/ccLPkU0a.s 			page 49


 2517      6F6D5374 
 2517      796C6500 
 2518              	.LASF39:
 2519 051a 6267636F 		.ascii	"bgcolor\000"
 2519      6C6F7200 
 2520              	.LASF18:
 2521 0522 626F6F6C 		.ascii	"bool_t\000"
 2521      5F7400
 2522              	.LASF36:
 2523 0529 6E657874 		.ascii	"next\000"
 2523      00
 2524              		.ident	"GCC: (GNU Tools for ARM Embedded Processors) 4.9.3 20150303 (release) [ARM/embedded-4_9-br
ARM GAS  /tmp/ccLPkU0a.s 			page 50


DEFINED SYMBOLS
                            *ABS*:00000000 gwin_button.c
     /tmp/ccLPkU0a.s:21     .text.MouseDown:00000000 $t
     /tmp/ccLPkU0a.s:26     .text.MouseDown:00000000 MouseDown
     /tmp/ccLPkU0a.s:61     .text.MouseUp:00000000 $t
     /tmp/ccLPkU0a.s:66     .text.MouseUp:00000000 MouseUp
     /tmp/ccLPkU0a.s:105    .rodata:00000000 $d
     /tmp/ccLPkU0a.s:109    .rodata.buttonVMT:00000000 $d
     /tmp/ccLPkU0a.s:112    .rodata.buttonVMT:00000000 buttonVMT
     /tmp/ccLPkU0a.s:291    .text.gwinButtonDraw_Normal:00000000 gwinButtonDraw_Normal
     /tmp/ccLPkU0a.s:123    .text.gwinGButtonCreate:00000000 $t
     /tmp/ccLPkU0a.s:129    .text.gwinGButtonCreate:00000000 gwinGButtonCreate
     /tmp/ccLPkU0a.s:176    .text.gwinGButtonCreate:0000003c $d
     /tmp/ccLPkU0a.s:181    .text.gwinButtonIsPressed:00000000 $t
     /tmp/ccLPkU0a.s:187    .text.gwinButtonIsPressed:00000000 gwinButtonIsPressed
     /tmp/ccLPkU0a.s:226    .text.gwinButtonIsPressed:0000002c $d
     /tmp/ccLPkU0a.s:231    .text.getDrawColors:00000000 $t
     /tmp/ccLPkU0a.s:236    .text.getDrawColors:00000000 getDrawColors
     /tmp/ccLPkU0a.s:285    .text.gwinButtonDraw_Normal:00000000 $t
     /tmp/ccLPkU0a.s:568    .text.gwinButtonDraw_Normal:00000214 $d
     /tmp/ccLPkU0a.s:573    .text.gwinButtonDraw_Image:00000000 $t
     /tmp/ccLPkU0a.s:579    .text.gwinButtonDraw_Image:00000000 gwinButtonDraw_Image
     /tmp/ccLPkU0a.s:721    .text.gwinButtonDraw_Image:000000ec $d
                     .debug_frame:00000010 $d
     /tmp/ccLPkU0a.s:572    .text.gwinButtonDraw_Normal:00000218 $t

UNDEFINED SYMBOLS
_gwinUpdate
_gwinSendEvent
_gwidgetDestroy
_gwidgetRedraw
_gwidgetCreate
gwinSetVisible
gdispBlendColor
gdispGDrawLine
gdispGDrawStringBox
gdispGImageDraw
