ARM GAS  /tmp/ccfZkccd.s 			page 1


   1              		.syntax unified
   2              		.cpu cortex-m4
   3              		.eabi_attribute 27, 3
   4              		.eabi_attribute 28, 1
   5              		.fpu fpv4-sp-d16
   6              		.eabi_attribute 20, 1
   7              		.eabi_attribute 21, 1
   8              		.eabi_attribute 23, 3
   9              		.eabi_attribute 24, 1
  10              		.eabi_attribute 25, 1
  11              		.eabi_attribute 26, 1
  12              		.eabi_attribute 30, 2
  13              		.eabi_attribute 34, 1
  14              		.eabi_attribute 18, 4
  15              		.thumb
  16              		.file	"icu.c"
  17              		.text
  18              	.Ltext0:
  19              		.cfi_sections	.debug_frame
  20              		.section	.text.icuInit,"ax",%progbits
  21              		.align	2
  22              		.p2align 4,,15
  23              		.global	icuInit
  24              		.thumb
  25              		.thumb_func
  26              		.type	icuInit, %function
  27              	icuInit:
  28              	.LFB111:
  29              		.file 1 "../../os/hal/src/icu.c"
  30              		.loc 1 68 0
  31              		.cfi_startproc
  32              		@ args = 0, pretend = 0, frame = 0
  33              		@ frame_needed = 0, uses_anonymous_args = 0
  34              		@ link register save eliminated.
  35              		.loc 1 70 0
  36 0000 FFF7FEBF 		b	icu_lld_init
  37              	.LVL0:
  38              		.cfi_endproc
  39              	.LFE111:
  40              		.size	icuInit, .-icuInit
  41 0004 AFF30080 		.section	.text.icuObjectInit,"ax",%progbits
  41      AFF30080 
  41      AFF30080 
  42              		.align	2
  43              		.p2align 4,,15
  44              		.global	icuObjectInit
  45              		.thumb
  46              		.thumb_func
  47              		.type	icuObjectInit, %function
  48              	icuObjectInit:
  49              	.LFB112:
  50              		.loc 1 80 0
  51              		.cfi_startproc
  52              		@ args = 0, pretend = 0, frame = 0
  53              		@ frame_needed = 0, uses_anonymous_args = 0
  54              		@ link register save eliminated.
  55              	.LVL1:
ARM GAS  /tmp/ccfZkccd.s 			page 2


  56              		.loc 1 82 0
  57 0000 0122     		movs	r2, #1
  58              		.loc 1 83 0
  59 0002 0023     		movs	r3, #0
  60              		.loc 1 82 0
  61 0004 0270     		strb	r2, [r0]
  62              		.loc 1 83 0
  63 0006 4360     		str	r3, [r0, #4]
  64 0008 7047     		bx	lr
  65              		.cfi_endproc
  66              	.LFE112:
  67              		.size	icuObjectInit, .-icuObjectInit
  68 000a 00BFAFF3 		.section	.text.icuStart,"ax",%progbits
  68      0080
  69              		.align	2
  70              		.p2align 4,,15
  71              		.global	icuStart
  72              		.thumb
  73              		.thumb_func
  74              		.type	icuStart, %function
  75              	icuStart:
  76              	.LFB113:
  77              		.loc 1 94 0
  78              		.cfi_startproc
  79              		@ args = 0, pretend = 0, frame = 0
  80              		@ frame_needed = 0, uses_anonymous_args = 0
  81              	.LVL2:
  82 0000 38B5     		push	{r3, r4, r5, lr}
  83              		.cfi_def_cfa_offset 16
  84              		.cfi_offset 3, -16
  85              		.cfi_offset 4, -12
  86              		.cfi_offset 5, -8
  87              		.cfi_offset 14, -4
  88              		.loc 1 96 0
  89 0002 0446     		mov	r4, r0
  90              		.loc 1 94 0
  91 0004 0D46     		mov	r5, r1
  92              		.loc 1 96 0
  93 0006 90B1     		cbz	r0, .L4
  94              		.loc 1 96 0 is_stmt 0 discriminator 2
  95 0008 89B1     		cbz	r1, .L4
  96              	.LVL3:
  97              	.L5:
  98              		.loc 1 98 0 is_stmt 1
  99              	@ 98 "../../os/hal/src/icu.c" 1
 100 000a FFF7FEFF 		bl      _port_lock
 101              	@ 0 "" 2
 102              		.loc 1 99 0
 103              		.thumb
 104 000e 2378     		ldrb	r3, [r4]	@ zero_extendqisi2
 105 0010 013B     		subs	r3, r3, #1
 106 0012 012B     		cmp	r3, #1
 107 0014 02D9     		bls	.L6
 108              		.loc 1 99 0 is_stmt 0 discriminator 1
 109 0016 0848     		ldr	r0, .L11
 110 0018 FFF7FEFF 		bl	chDbgPanic
 111              	.LVL4:
ARM GAS  /tmp/ccfZkccd.s 			page 3


 112              	.L6:
 113              		.loc 1 101 0 is_stmt 1
 114 001c 6560     		str	r5, [r4, #4]
 115              		.loc 1 102 0
 116 001e 2046     		mov	r0, r4
 117 0020 FFF7FEFF 		bl	icu_lld_start
 118              	.LVL5:
 119              		.loc 1 103 0
 120 0024 0223     		movs	r3, #2
 121 0026 2370     		strb	r3, [r4]
 122              		.loc 1 104 0
 123              	@ 104 "../../os/hal/src/icu.c" 1
 124 0028 FFF7FEFF 		bl      _port_unlock
 125              	@ 0 "" 2
 126              		.thumb
 127 002c 38BD     		pop	{r3, r4, r5, pc}
 128              	.LVL6:
 129              	.L4:
 130              		.loc 1 96 0 discriminator 1
 131 002e 0348     		ldr	r0, .L11+4
 132              	.LVL7:
 133 0030 FFF7FEFF 		bl	chDbgPanic
 134              	.LVL8:
 135 0034 E9E7     		b	.L5
 136              	.L12:
 137 0036 00BF     		.align	2
 138              	.L11:
 139 0038 10000000 		.word	.LC1
 140 003c 00000000 		.word	.LC0
 141              		.cfi_endproc
 142              	.LFE113:
 143              		.size	icuStart, .-icuStart
 144              		.section	.text.icuStop,"ax",%progbits
 145              		.align	2
 146              		.p2align 4,,15
 147              		.global	icuStop
 148              		.thumb
 149              		.thumb_func
 150              		.type	icuStop, %function
 151              	icuStop:
 152              	.LFB114:
 153              		.loc 1 114 0
 154              		.cfi_startproc
 155              		@ args = 0, pretend = 0, frame = 0
 156              		@ frame_needed = 0, uses_anonymous_args = 0
 157              	.LVL9:
 158 0000 10B5     		push	{r4, lr}
 159              		.cfi_def_cfa_offset 8
 160              		.cfi_offset 4, -8
 161              		.cfi_offset 14, -4
 162              		.loc 1 116 0
 163 0002 0446     		mov	r4, r0
 164 0004 80B1     		cbz	r0, .L16
 165              	.LVL10:
 166              	.L14:
 167              		.loc 1 118 0
 168              	@ 118 "../../os/hal/src/icu.c" 1
ARM GAS  /tmp/ccfZkccd.s 			page 4


 169 0006 FFF7FEFF 		bl      _port_lock
 170              	@ 0 "" 2
 171              		.loc 1 119 0
 172              		.thumb
 173 000a 2378     		ldrb	r3, [r4]	@ zero_extendqisi2
 174 000c 013B     		subs	r3, r3, #1
 175 000e 012B     		cmp	r3, #1
 176 0010 02D9     		bls	.L15
 177              		.loc 1 119 0 is_stmt 0 discriminator 1
 178 0012 0748     		ldr	r0, .L17
 179 0014 FFF7FEFF 		bl	chDbgPanic
 180              	.LVL11:
 181              	.L15:
 182              		.loc 1 121 0 is_stmt 1
 183 0018 2046     		mov	r0, r4
 184 001a FFF7FEFF 		bl	icu_lld_stop
 185              	.LVL12:
 186              		.loc 1 122 0
 187 001e 0123     		movs	r3, #1
 188 0020 2370     		strb	r3, [r4]
 189              		.loc 1 123 0
 190              	@ 123 "../../os/hal/src/icu.c" 1
 191 0022 FFF7FEFF 		bl      _port_unlock
 192              	@ 0 "" 2
 193              		.thumb
 194 0026 10BD     		pop	{r4, pc}
 195              	.LVL13:
 196              	.L16:
 197              		.loc 1 116 0 discriminator 1
 198 0028 0248     		ldr	r0, .L17+4
 199              	.LVL14:
 200 002a FFF7FEFF 		bl	chDbgPanic
 201              	.LVL15:
 202 002e EAE7     		b	.L14
 203              	.L18:
 204              		.align	2
 205              	.L17:
 206 0030 2C000000 		.word	.LC3
 207 0034 20000000 		.word	.LC2
 208              		.cfi_endproc
 209              	.LFE114:
 210              		.size	icuStop, .-icuStop
 211 0038 AFF30080 		.section	.text.icuEnable,"ax",%progbits
 211      AFF30080 
 212              		.align	2
 213              		.p2align 4,,15
 214              		.global	icuEnable
 215              		.thumb
 216              		.thumb_func
 217              		.type	icuEnable, %function
 218              	icuEnable:
 219              	.LFB115:
 220              		.loc 1 133 0
 221              		.cfi_startproc
 222              		@ args = 0, pretend = 0, frame = 0
 223              		@ frame_needed = 0, uses_anonymous_args = 0
 224              	.LVL16:
ARM GAS  /tmp/ccfZkccd.s 			page 5


 225 0000 10B5     		push	{r4, lr}
 226              		.cfi_def_cfa_offset 8
 227              		.cfi_offset 4, -8
 228              		.cfi_offset 14, -4
 229              		.loc 1 135 0
 230 0002 0446     		mov	r4, r0
 231 0004 78B1     		cbz	r0, .L25
 232              	.LVL17:
 233              	.L20:
 234              		.loc 1 137 0
 235              	@ 137 "../../os/hal/src/icu.c" 1
 236 0006 FFF7FEFF 		bl      _port_lock
 237              	@ 0 "" 2
 238              		.loc 1 138 0
 239              		.thumb
 240 000a 2378     		ldrb	r3, [r4]	@ zero_extendqisi2
 241 000c 022B     		cmp	r3, #2
 242 000e 02D0     		beq	.L21
 243              		.loc 1 138 0 is_stmt 0 discriminator 1
 244 0010 0748     		ldr	r0, .L26
 245 0012 FFF7FEFF 		bl	chDbgPanic
 246              	.LVL18:
 247              	.L21:
 248              		.loc 1 139 0 is_stmt 1
 249 0016 2046     		mov	r0, r4
 250 0018 FFF7FEFF 		bl	icu_lld_enable
 251              	.LVL19:
 252              		.loc 1 140 0
 253 001c 0323     		movs	r3, #3
 254 001e 2370     		strb	r3, [r4]
 255              		.loc 1 141 0
 256              	@ 141 "../../os/hal/src/icu.c" 1
 257 0020 FFF7FEFF 		bl      _port_unlock
 258              	@ 0 "" 2
 259              		.thumb
 260 0024 10BD     		pop	{r4, pc}
 261              	.LVL20:
 262              	.L25:
 263              		.loc 1 135 0 discriminator 1
 264 0026 0348     		ldr	r0, .L26+4
 265              	.LVL21:
 266 0028 FFF7FEFF 		bl	chDbgPanic
 267              	.LVL22:
 268 002c EBE7     		b	.L20
 269              	.L27:
 270 002e 00BF     		.align	2
 271              	.L26:
 272 0030 4C000000 		.word	.LC5
 273 0034 3C000000 		.word	.LC4
 274              		.cfi_endproc
 275              	.LFE115:
 276              		.size	icuEnable, .-icuEnable
 277 0038 AFF30080 		.section	.text.icuDisable,"ax",%progbits
 277      AFF30080 
 278              		.align	2
 279              		.p2align 4,,15
 280              		.global	icuDisable
ARM GAS  /tmp/ccfZkccd.s 			page 6


 281              		.thumb
 282              		.thumb_func
 283              		.type	icuDisable, %function
 284              	icuDisable:
 285              	.LFB116:
 286              		.loc 1 151 0
 287              		.cfi_startproc
 288              		@ args = 0, pretend = 0, frame = 0
 289              		@ frame_needed = 0, uses_anonymous_args = 0
 290              	.LVL23:
 291 0000 10B5     		push	{r4, lr}
 292              		.cfi_def_cfa_offset 8
 293              		.cfi_offset 4, -8
 294              		.cfi_offset 14, -4
 295              		.loc 1 153 0
 296 0002 0446     		mov	r4, r0
 297 0004 80B1     		cbz	r0, .L31
 298              	.LVL24:
 299              	.L29:
 300              		.loc 1 155 0
 301              	@ 155 "../../os/hal/src/icu.c" 1
 302 0006 FFF7FEFF 		bl      _port_lock
 303              	@ 0 "" 2
 304              		.loc 1 156 0
 305              		.thumb
 306 000a 2378     		ldrb	r3, [r4]	@ zero_extendqisi2
 307 000c 023B     		subs	r3, r3, #2
 308 000e 032B     		cmp	r3, #3
 309 0010 02D9     		bls	.L30
 310              		.loc 1 156 0 is_stmt 0 discriminator 1
 311 0012 0748     		ldr	r0, .L32
 312 0014 FFF7FEFF 		bl	chDbgPanic
 313              	.LVL25:
 314              	.L30:
 315              		.loc 1 159 0 is_stmt 1
 316 0018 2046     		mov	r0, r4
 317 001a FFF7FEFF 		bl	icu_lld_disable
 318              	.LVL26:
 319              		.loc 1 160 0
 320 001e 0223     		movs	r3, #2
 321 0020 2370     		strb	r3, [r4]
 322              		.loc 1 161 0
 323              	@ 161 "../../os/hal/src/icu.c" 1
 324 0022 FFF7FEFF 		bl      _port_unlock
 325              	@ 0 "" 2
 326              		.thumb
 327 0026 10BD     		pop	{r4, pc}
 328              	.LVL27:
 329              	.L31:
 330              		.loc 1 153 0 discriminator 1
 331 0028 0248     		ldr	r0, .L32+4
 332              	.LVL28:
 333 002a FFF7FEFF 		bl	chDbgPanic
 334              	.LVL29:
 335 002e EAE7     		b	.L29
 336              	.L33:
 337              		.align	2
ARM GAS  /tmp/ccfZkccd.s 			page 7


 338              	.L32:
 339 0030 6C000000 		.word	.LC7
 340 0034 5C000000 		.word	.LC6
 341              		.cfi_endproc
 342              	.LFE116:
 343              		.size	icuDisable, .-icuDisable
 344 0038 AFF30080 		.section	.rodata.str1.4,"aMS",%progbits,1
 344      AFF30080 
 345              		.align	2
 346              	.LC0:
 347 0000 22696375 		.ascii	"\"icuStart\"()\000"
 347      53746172 
 347      74222829 
 347      00
 348 000d 000000   		.space	3
 349              	.LC1:
 350 0010 69637553 		.ascii	"icuStart(), #1\000"
 350      74617274 
 350      28292C20 
 350      233100
 351 001f 00       		.space	1
 352              	.LC2:
 353 0020 22696375 		.ascii	"\"icuStop\"()\000"
 353      53746F70 
 353      22282900 
 354              	.LC3:
 355 002c 69637553 		.ascii	"icuStop(), #1\000"
 355      746F7028 
 355      292C2023 
 355      3100
 356 003a 0000     		.space	2
 357              	.LC4:
 358 003c 22696375 		.ascii	"\"icuEnable\"()\000"
 358      456E6162 
 358      6C652228 
 358      2900
 359 004a 0000     		.space	2
 360              	.LC5:
 361 004c 69637545 		.ascii	"icuEnable(), #1\000"
 361      6E61626C 
 361      6528292C 
 361      20233100 
 362              	.LC6:
 363 005c 22696375 		.ascii	"\"icuDisable\"()\000"
 363      44697361 
 363      626C6522 
 363      282900
 364 006b 00       		.space	1
 365              	.LC7:
 366 006c 69637544 		.ascii	"icuDisable(), #1\000"
 366      69736162 
 366      6C652829 
 366      2C202331 
 366      00
 367 007d 000000   		.text
 368              	.Letext0:
 369              		.file 2 "/opt/ARM/arm-none-eabi/include/machine/_default_types.h"
ARM GAS  /tmp/ccfZkccd.s 			page 8


 370              		.file 3 "/opt/ARM/arm-none-eabi/include/stdint.h"
 371              		.file 4 "../../os/hal/include/icu.h"
 372              		.file 5 "../../os/hal/platforms/STM32/TIMv1/icu_lld.h"
 373              		.file 6 "../../os/hal/platforms/STM32/TIMv1/stm32_tim.h"
 374              		.file 7 "../../os/kernel/include/chdebug.h"
 375              		.file 8 "../../os/ports/common/ARMCMx/CMSIS/include/core_cm4.h"
 376              		.section	.debug_info,"",%progbits
 377              	.Ldebug_info0:
 378 0000 D2050000 		.4byte	0x5d2
 379 0004 0400     		.2byte	0x4
 380 0006 00000000 		.4byte	.Ldebug_abbrev0
 381 000a 04       		.byte	0x4
 382 000b 01       		.uleb128 0x1
 383 000c D8020000 		.4byte	.LASF67
 384 0010 01       		.byte	0x1
 385 0011 A3000000 		.4byte	.LASF68
 386 0015 AC010000 		.4byte	.LASF69
 387 0019 00000000 		.4byte	.Ldebug_ranges0+0
 388 001d 00000000 		.4byte	0
 389 0021 00000000 		.4byte	.Ldebug_line0
 390 0025 02       		.uleb128 0x2
 391 0026 04       		.byte	0x4
 392 0027 05       		.byte	0x5
 393 0028 696E7400 		.ascii	"int\000"
 394 002c 03       		.uleb128 0x3
 395 002d 04       		.byte	0x4
 396 002e 07       		.byte	0x7
 397 002f F6010000 		.4byte	.LASF0
 398 0033 03       		.uleb128 0x3
 399 0034 01       		.byte	0x1
 400 0035 06       		.byte	0x6
 401 0036 8A010000 		.4byte	.LASF1
 402 003a 03       		.uleb128 0x3
 403 003b 01       		.byte	0x1
 404 003c 08       		.byte	0x8
 405 003d 5F010000 		.4byte	.LASF2
 406 0041 03       		.uleb128 0x3
 407 0042 02       		.byte	0x2
 408 0043 05       		.byte	0x5
 409 0044 55000000 		.4byte	.LASF3
 410 0048 03       		.uleb128 0x3
 411 0049 02       		.byte	0x2
 412 004a 07       		.byte	0x7
 413 004b 18020000 		.4byte	.LASF4
 414 004f 04       		.uleb128 0x4
 415 0050 CE020000 		.4byte	.LASF6
 416 0054 02       		.byte	0x2
 417 0055 37       		.byte	0x37
 418 0056 5A000000 		.4byte	0x5a
 419 005a 03       		.uleb128 0x3
 420 005b 04       		.byte	0x4
 421 005c 05       		.byte	0x5
 422 005d 27010000 		.4byte	.LASF5
 423 0061 04       		.uleb128 0x4
 424 0062 7C000000 		.4byte	.LASF7
 425 0066 02       		.byte	0x2
 426 0067 38       		.byte	0x38
ARM GAS  /tmp/ccfZkccd.s 			page 9


 427 0068 6C000000 		.4byte	0x6c
 428 006c 03       		.uleb128 0x3
 429 006d 04       		.byte	0x4
 430 006e 07       		.byte	0x7
 431 006f AA020000 		.4byte	.LASF8
 432 0073 03       		.uleb128 0x3
 433 0074 08       		.byte	0x8
 434 0075 05       		.byte	0x5
 435 0076 F2000000 		.4byte	.LASF9
 436 007a 03       		.uleb128 0x3
 437 007b 08       		.byte	0x8
 438 007c 07       		.byte	0x7
 439 007d 00010000 		.4byte	.LASF10
 440 0081 04       		.uleb128 0x4
 441 0082 59020000 		.4byte	.LASF11
 442 0086 03       		.byte	0x3
 443 0087 41       		.byte	0x41
 444 0088 4F000000 		.4byte	0x4f
 445 008c 04       		.uleb128 0x4
 446 008d A3010000 		.4byte	.LASF12
 447 0091 03       		.byte	0x3
 448 0092 42       		.byte	0x42
 449 0093 61000000 		.4byte	0x61
 450 0097 03       		.uleb128 0x3
 451 0098 01       		.byte	0x1
 452 0099 02       		.byte	0x2
 453 009a 12020000 		.4byte	.LASF13
 454 009e 05       		.uleb128 0x5
 455 009f 8C000000 		.4byte	0x8c
 456 00a3 03       		.uleb128 0x3
 457 00a4 04       		.byte	0x4
 458 00a5 07       		.byte	0x7
 459 00a6 64000000 		.4byte	.LASF14
 460 00aa 06       		.uleb128 0x6
 461 00ab 04       		.byte	0x4
 462 00ac B0000000 		.4byte	0xb0
 463 00b0 07       		.uleb128 0x7
 464 00b1 B5000000 		.4byte	0xb5
 465 00b5 03       		.uleb128 0x3
 466 00b6 01       		.byte	0x1
 467 00b7 08       		.byte	0x8
 468 00b8 2B020000 		.4byte	.LASF15
 469 00bc 08       		.uleb128 0x8
 470 00bd 8C000000 		.4byte	0x8c
 471 00c1 CC000000 		.4byte	0xcc
 472 00c5 09       		.uleb128 0x9
 473 00c6 A3000000 		.4byte	0xa3
 474 00ca 03       		.byte	0x3
 475 00cb 00       		.byte	0
 476 00cc 05       		.uleb128 0x5
 477 00cd 81000000 		.4byte	0x81
 478 00d1 06       		.uleb128 0x6
 479 00d2 04       		.byte	0x4
 480 00d3 9E000000 		.4byte	0x9e
 481 00d7 0A       		.uleb128 0xa
 482 00d8 01       		.byte	0x1
 483 00d9 04       		.byte	0x4
ARM GAS  /tmp/ccfZkccd.s 			page 10


 484 00da 3C       		.byte	0x3c
 485 00db 04010000 		.4byte	0x104
 486 00df 0B       		.uleb128 0xb
 487 00e0 89020000 		.4byte	.LASF16
 488 00e4 00       		.sleb128 0
 489 00e5 0B       		.uleb128 0xb
 490 00e6 1A000000 		.4byte	.LASF17
 491 00ea 01       		.sleb128 1
 492 00eb 0B       		.uleb128 0xb
 493 00ec 0A040000 		.4byte	.LASF18
 494 00f0 02       		.sleb128 2
 495 00f1 0B       		.uleb128 0xb
 496 00f2 3A040000 		.4byte	.LASF19
 497 00f6 03       		.sleb128 3
 498 00f7 0B       		.uleb128 0xb
 499 00f8 E7000000 		.4byte	.LASF20
 500 00fc 04       		.sleb128 4
 501 00fd 0B       		.uleb128 0xb
 502 00fe 51010000 		.4byte	.LASF21
 503 0102 05       		.sleb128 5
 504 0103 00       		.byte	0
 505 0104 04       		.uleb128 0x4
 506 0105 2F040000 		.4byte	.LASF22
 507 0109 04       		.byte	0x4
 508 010a 43       		.byte	0x43
 509 010b D7000000 		.4byte	0xd7
 510 010f 04       		.uleb128 0x4
 511 0110 F6030000 		.4byte	.LASF23
 512 0114 04       		.byte	0x4
 513 0115 48       		.byte	0x48
 514 0116 1A010000 		.4byte	0x11a
 515 011a 0C       		.uleb128 0xc
 516 011b F6030000 		.4byte	.LASF23
 517 011f 18       		.byte	0x18
 518 0120 05       		.byte	0x5
 519 0121 3101     		.2byte	0x131
 520 0123 76010000 		.4byte	0x176
 521 0127 0D       		.uleb128 0xd
 522 0128 43000000 		.4byte	.LASF24
 523 012c 05       		.byte	0x5
 524 012d 3501     		.2byte	0x135
 525 012f 04010000 		.4byte	0x104
 526 0133 00       		.byte	0
 527 0134 0D       		.uleb128 0xd
 528 0135 9C000000 		.4byte	.LASF25
 529 0139 05       		.byte	0x5
 530 013a 3901     		.2byte	0x139
 531 013c 7E030000 		.4byte	0x37e
 532 0140 04       		.byte	0x4
 533 0141 0D       		.uleb128 0xd
 534 0142 BC020000 		.4byte	.LASF26
 535 0146 05       		.byte	0x5
 536 0147 4101     		.2byte	0x141
 537 0149 8C000000 		.4byte	0x8c
 538 014d 08       		.byte	0x8
 539 014e 0E       		.uleb128 0xe
 540 014f 74696D00 		.ascii	"tim\000"
ARM GAS  /tmp/ccfZkccd.s 			page 11


 541 0153 05       		.byte	0x5
 542 0154 4501     		.2byte	0x145
 543 0156 89030000 		.4byte	0x389
 544 015a 0C       		.byte	0xc
 545 015b 0D       		.uleb128 0xd
 546 015c 21010000 		.4byte	.LASF27
 547 0160 05       		.byte	0x5
 548 0161 4901     		.2byte	0x149
 549 0163 D1000000 		.4byte	0xd1
 550 0167 10       		.byte	0x10
 551 0168 0D       		.uleb128 0xd
 552 0169 3A010000 		.4byte	.LASF28
 553 016d 05       		.byte	0x5
 554 016e 4D01     		.2byte	0x14d
 555 0170 D1000000 		.4byte	0xd1
 556 0174 14       		.byte	0x14
 557 0175 00       		.byte	0
 558 0176 04       		.uleb128 0x4
 559 0177 30020000 		.4byte	.LASF29
 560 017b 04       		.byte	0x4
 561 017c 4F       		.byte	0x4f
 562 017d 81010000 		.4byte	0x181
 563 0181 06       		.uleb128 0x6
 564 0182 04       		.byte	0x4
 565 0183 87010000 		.4byte	0x187
 566 0187 0F       		.uleb128 0xf
 567 0188 92010000 		.4byte	0x192
 568 018c 10       		.uleb128 0x10
 569 018d 92010000 		.4byte	0x192
 570 0191 00       		.byte	0
 571 0192 06       		.uleb128 0x6
 572 0193 04       		.byte	0x4
 573 0194 0F010000 		.4byte	0x10f
 574 0198 11       		.uleb128 0x11
 575 0199 60       		.byte	0x60
 576 019a 06       		.byte	0x6
 577 019b 9E01     		.2byte	0x19e
 578 019d B1020000 		.4byte	0x2b1
 579 01a1 0E       		.uleb128 0xe
 580 01a2 43523100 		.ascii	"CR1\000"
 581 01a6 06       		.byte	0x6
 582 01a7 9F01     		.2byte	0x19f
 583 01a9 9E000000 		.4byte	0x9e
 584 01ad 00       		.byte	0
 585 01ae 0E       		.uleb128 0xe
 586 01af 43523200 		.ascii	"CR2\000"
 587 01b3 06       		.byte	0x6
 588 01b4 A001     		.2byte	0x1a0
 589 01b6 9E000000 		.4byte	0x9e
 590 01ba 04       		.byte	0x4
 591 01bb 0D       		.uleb128 0xd
 592 01bc 5A010000 		.4byte	.LASF30
 593 01c0 06       		.byte	0x6
 594 01c1 A101     		.2byte	0x1a1
 595 01c3 9E000000 		.4byte	0x9e
 596 01c7 08       		.byte	0x8
 597 01c8 0D       		.uleb128 0xd
ARM GAS  /tmp/ccfZkccd.s 			page 12


 598 01c9 03020000 		.4byte	.LASF31
 599 01cd 06       		.byte	0x6
 600 01ce A201     		.2byte	0x1a2
 601 01d0 9E000000 		.4byte	0x9e
 602 01d4 0C       		.byte	0xc
 603 01d5 0E       		.uleb128 0xe
 604 01d6 535200   		.ascii	"SR\000"
 605 01d9 06       		.byte	0x6
 606 01da A301     		.2byte	0x1a3
 607 01dc 9E000000 		.4byte	0x9e
 608 01e0 10       		.byte	0x10
 609 01e1 0E       		.uleb128 0xe
 610 01e2 45475200 		.ascii	"EGR\000"
 611 01e6 06       		.byte	0x6
 612 01e7 A401     		.2byte	0x1a4
 613 01e9 9E000000 		.4byte	0x9e
 614 01ed 14       		.byte	0x14
 615 01ee 0D       		.uleb128 0xd
 616 01ef 40010000 		.4byte	.LASF32
 617 01f3 06       		.byte	0x6
 618 01f4 A501     		.2byte	0x1a5
 619 01f6 9E000000 		.4byte	0x9e
 620 01fa 18       		.byte	0x18
 621 01fb 0D       		.uleb128 0xd
 622 01fc 49000000 		.4byte	.LASF33
 623 0200 06       		.byte	0x6
 624 0201 A601     		.2byte	0x1a6
 625 0203 9E000000 		.4byte	0x9e
 626 0207 1C       		.byte	0x1c
 627 0208 0D       		.uleb128 0xd
 628 0209 15000000 		.4byte	.LASF34
 629 020d 06       		.byte	0x6
 630 020e A701     		.2byte	0x1a7
 631 0210 9E000000 		.4byte	0x9e
 632 0214 20       		.byte	0x20
 633 0215 0E       		.uleb128 0xe
 634 0216 434E5400 		.ascii	"CNT\000"
 635 021a 06       		.byte	0x6
 636 021b A801     		.2byte	0x1a8
 637 021d 9E000000 		.4byte	0x9e
 638 0221 24       		.byte	0x24
 639 0222 0E       		.uleb128 0xe
 640 0223 50534300 		.ascii	"PSC\000"
 641 0227 06       		.byte	0x6
 642 0228 A901     		.2byte	0x1a9
 643 022a 9E000000 		.4byte	0x9e
 644 022e 28       		.byte	0x28
 645 022f 0E       		.uleb128 0xe
 646 0230 41525200 		.ascii	"ARR\000"
 647 0234 06       		.byte	0x6
 648 0235 AA01     		.2byte	0x1aa
 649 0237 9E000000 		.4byte	0x9e
 650 023b 2C       		.byte	0x2c
 651 023c 0E       		.uleb128 0xe
 652 023d 52435200 		.ascii	"RCR\000"
 653 0241 06       		.byte	0x6
 654 0242 AB01     		.2byte	0x1ab
ARM GAS  /tmp/ccfZkccd.s 			page 13


 655 0244 9E000000 		.4byte	0x9e
 656 0248 30       		.byte	0x30
 657 0249 0E       		.uleb128 0xe
 658 024a 43435200 		.ascii	"CCR\000"
 659 024e 06       		.byte	0x6
 660 024f AC01     		.2byte	0x1ac
 661 0251 B1020000 		.4byte	0x2b1
 662 0255 34       		.byte	0x34
 663 0256 0D       		.uleb128 0xd
 664 0257 54020000 		.4byte	.LASF35
 665 025b 06       		.byte	0x6
 666 025c AD01     		.2byte	0x1ad
 667 025e 9E000000 		.4byte	0x9e
 668 0262 44       		.byte	0x44
 669 0263 0E       		.uleb128 0xe
 670 0264 44435200 		.ascii	"DCR\000"
 671 0268 06       		.byte	0x6
 672 0269 AE01     		.2byte	0x1ae
 673 026b 9E000000 		.4byte	0x9e
 674 026f 48       		.byte	0x48
 675 0270 0D       		.uleb128 0xd
 676 0271 3E000000 		.4byte	.LASF36
 677 0275 06       		.byte	0x6
 678 0276 AF01     		.2byte	0x1af
 679 0278 9E000000 		.4byte	0x9e
 680 027c 4C       		.byte	0x4c
 681 027d 0E       		.uleb128 0xe
 682 027e 4F5200   		.ascii	"OR\000"
 683 0281 06       		.byte	0x6
 684 0282 B001     		.2byte	0x1b0
 685 0284 9E000000 		.4byte	0x9e
 686 0288 50       		.byte	0x50
 687 0289 0D       		.uleb128 0xd
 688 028a 4F000000 		.4byte	.LASF37
 689 028e 06       		.byte	0x6
 690 028f B101     		.2byte	0x1b1
 691 0291 9E000000 		.4byte	0x9e
 692 0295 54       		.byte	0x54
 693 0296 0D       		.uleb128 0xd
 694 0297 30010000 		.4byte	.LASF38
 695 029b 06       		.byte	0x6
 696 029c B201     		.2byte	0x1b2
 697 029e 9E000000 		.4byte	0x9e
 698 02a2 58       		.byte	0x58
 699 02a3 0D       		.uleb128 0xd
 700 02a4 35010000 		.4byte	.LASF39
 701 02a8 06       		.byte	0x6
 702 02a9 B301     		.2byte	0x1b3
 703 02ab 9E000000 		.4byte	0x9e
 704 02af 5C       		.byte	0x5c
 705 02b0 00       		.byte	0
 706 02b1 05       		.uleb128 0x5
 707 02b2 BC000000 		.4byte	0xbc
 708 02b6 12       		.uleb128 0x12
 709 02b7 3E020000 		.4byte	.LASF40
 710 02bb 06       		.byte	0x6
 711 02bc B401     		.2byte	0x1b4
ARM GAS  /tmp/ccfZkccd.s 			page 14


 712 02be 98010000 		.4byte	0x198
 713 02c2 0A       		.uleb128 0xa
 714 02c3 01       		.byte	0x1
 715 02c4 05       		.byte	0x5
 716 02c5 EE       		.byte	0xee
 717 02c6 D7020000 		.4byte	0x2d7
 718 02ca 0B       		.uleb128 0xb
 719 02cb 94020000 		.4byte	.LASF41
 720 02cf 00       		.sleb128 0
 721 02d0 0B       		.uleb128 0xb
 722 02d1 61020000 		.4byte	.LASF42
 723 02d5 01       		.sleb128 1
 724 02d6 00       		.byte	0
 725 02d7 04       		.uleb128 0x4
 726 02d8 17010000 		.4byte	.LASF43
 727 02dc 05       		.byte	0x5
 728 02dd F1       		.byte	0xf1
 729 02de C2020000 		.4byte	0x2c2
 730 02e2 04       		.uleb128 0x4
 731 02e3 08020000 		.4byte	.LASF44
 732 02e7 05       		.byte	0x5
 733 02e8 F6       		.byte	0xf6
 734 02e9 8C000000 		.4byte	0x8c
 735 02ed 0A       		.uleb128 0xa
 736 02ee 01       		.byte	0x1
 737 02ef 05       		.byte	0x5
 738 02f0 FB       		.byte	0xfb
 739 02f1 02030000 		.4byte	0x302
 740 02f5 0B       		.uleb128 0xb
 741 02f6 BA000000 		.4byte	.LASF45
 742 02fa 00       		.sleb128 0
 743 02fb 0B       		.uleb128 0xb
 744 02fc C8000000 		.4byte	.LASF46
 745 0300 01       		.sleb128 1
 746 0301 00       		.byte	0
 747 0302 04       		.uleb128 0x4
 748 0303 23000000 		.4byte	.LASF47
 749 0307 05       		.byte	0x5
 750 0308 FE       		.byte	0xfe
 751 0309 ED020000 		.4byte	0x2ed
 752 030d 11       		.uleb128 0x11
 753 030e 1C       		.byte	0x1c
 754 030f 05       		.byte	0x5
 755 0310 0901     		.2byte	0x109
 756 0312 72030000 		.4byte	0x372
 757 0316 0D       		.uleb128 0xd
 758 0317 87000000 		.4byte	.LASF48
 759 031b 05       		.byte	0x5
 760 031c 0D01     		.2byte	0x10d
 761 031e D7020000 		.4byte	0x2d7
 762 0322 00       		.byte	0
 763 0323 0D       		.uleb128 0xd
 764 0324 00040000 		.4byte	.LASF49
 765 0328 05       		.byte	0x5
 766 0329 1301     		.2byte	0x113
 767 032b E2020000 		.4byte	0x2e2
 768 032f 04       		.byte	0x4
ARM GAS  /tmp/ccfZkccd.s 			page 15


 769 0330 0D       		.uleb128 0xd
 770 0331 DE000000 		.4byte	.LASF50
 771 0335 05       		.byte	0x5
 772 0336 1701     		.2byte	0x117
 773 0338 76010000 		.4byte	0x176
 774 033c 08       		.byte	0x8
 775 033d 0D       		.uleb128 0xd
 776 033e 4A020000 		.4byte	.LASF51
 777 0342 05       		.byte	0x5
 778 0343 1B01     		.2byte	0x11b
 779 0345 76010000 		.4byte	0x176
 780 0349 0C       		.byte	0xc
 781 034a 0D       		.uleb128 0xd
 782 034b C2020000 		.4byte	.LASF52
 783 034f 05       		.byte	0x5
 784 0350 1F01     		.2byte	0x11f
 785 0352 76010000 		.4byte	0x176
 786 0356 10       		.byte	0x10
 787 0357 0D       		.uleb128 0xd
 788 0358 76020000 		.4byte	.LASF53
 789 035c 05       		.byte	0x5
 790 035d 2501     		.2byte	0x125
 791 035f 02030000 		.4byte	0x302
 792 0363 14       		.byte	0x14
 793 0364 0D       		.uleb128 0xd
 794 0365 F1030000 		.4byte	.LASF54
 795 0369 05       		.byte	0x5
 796 036a 2B01     		.2byte	0x12b
 797 036c 8C000000 		.4byte	0x8c
 798 0370 18       		.byte	0x18
 799 0371 00       		.byte	0
 800 0372 12       		.uleb128 0x12
 801 0373 6D010000 		.4byte	.LASF55
 802 0377 05       		.byte	0x5
 803 0378 2C01     		.2byte	0x12c
 804 037a 0D030000 		.4byte	0x30d
 805 037e 06       		.uleb128 0x6
 806 037f 04       		.byte	0x4
 807 0380 84030000 		.4byte	0x384
 808 0384 07       		.uleb128 0x7
 809 0385 72030000 		.4byte	0x372
 810 0389 06       		.uleb128 0x6
 811 038a 04       		.byte	0x4
 812 038b B6020000 		.4byte	0x2b6
 813 038f 13       		.uleb128 0x13
 814 0390 D6000000 		.4byte	.LASF56
 815 0394 01       		.byte	0x1
 816 0395 44       		.byte	0x44
 817 0396 00000000 		.4byte	.LFB111
 818 039a 04000000 		.4byte	.LFE111-.LFB111
 819 039e 01       		.uleb128 0x1
 820 039f 9C       		.byte	0x9c
 821 03a0 AE030000 		.4byte	0x3ae
 822 03a4 14       		.uleb128 0x14
 823 03a5 04000000 		.4byte	.LVL0
 824 03a9 78050000 		.4byte	0x578
 825 03ad 00       		.byte	0
ARM GAS  /tmp/ccfZkccd.s 			page 16


 826 03ae 13       		.uleb128 0x13
 827 03af 14040000 		.4byte	.LASF57
 828 03b3 01       		.byte	0x1
 829 03b4 50       		.byte	0x50
 830 03b5 00000000 		.4byte	.LFB112
 831 03b9 0A000000 		.4byte	.LFE112-.LFB112
 832 03bd 01       		.uleb128 0x1
 833 03be 9C       		.byte	0x9c
 834 03bf D1030000 		.4byte	0x3d1
 835 03c3 15       		.uleb128 0x15
 836 03c4 5F000000 		.4byte	.LASF59
 837 03c8 01       		.byte	0x1
 838 03c9 50       		.byte	0x50
 839 03ca 92010000 		.4byte	0x192
 840 03ce 01       		.uleb128 0x1
 841 03cf 50       		.byte	0x50
 842 03d0 00       		.byte	0
 843 03d1 13       		.uleb128 0x13
 844 03d2 77010000 		.4byte	.LASF58
 845 03d6 01       		.byte	0x1
 846 03d7 5E       		.byte	0x5e
 847 03d8 00000000 		.4byte	.LFB113
 848 03dc 40000000 		.4byte	.LFE113-.LFB113
 849 03e0 01       		.uleb128 0x1
 850 03e1 9C       		.byte	0x9c
 851 03e2 43040000 		.4byte	0x443
 852 03e6 16       		.uleb128 0x16
 853 03e7 5F000000 		.4byte	.LASF59
 854 03eb 01       		.byte	0x1
 855 03ec 5E       		.byte	0x5e
 856 03ed 92010000 		.4byte	0x192
 857 03f1 00000000 		.4byte	.LLST0
 858 03f5 16       		.uleb128 0x16
 859 03f6 9C000000 		.4byte	.LASF25
 860 03fa 01       		.byte	0x1
 861 03fb 5E       		.byte	0x5e
 862 03fc 7E030000 		.4byte	0x37e
 863 0400 34000000 		.4byte	.LLST1
 864 0404 17       		.uleb128 0x17
 865 0405 1C000000 		.4byte	.LVL4
 866 0409 80050000 		.4byte	0x580
 867 040d 1B040000 		.4byte	0x41b
 868 0411 18       		.uleb128 0x18
 869 0412 01       		.uleb128 0x1
 870 0413 50       		.byte	0x50
 871 0414 05       		.uleb128 0x5
 872 0415 03       		.byte	0x3
 873 0416 10000000 		.4byte	.LC1
 874 041a 00       		.byte	0
 875 041b 17       		.uleb128 0x17
 876 041c 24000000 		.4byte	.LVL5
 877 0420 91050000 		.4byte	0x591
 878 0424 2F040000 		.4byte	0x42f
 879 0428 18       		.uleb128 0x18
 880 0429 01       		.uleb128 0x1
 881 042a 50       		.byte	0x50
 882 042b 02       		.uleb128 0x2
ARM GAS  /tmp/ccfZkccd.s 			page 17


 883 042c 74       		.byte	0x74
 884 042d 00       		.sleb128 0
 885 042e 00       		.byte	0
 886 042f 19       		.uleb128 0x19
 887 0430 34000000 		.4byte	.LVL8
 888 0434 80050000 		.4byte	0x580
 889 0438 18       		.uleb128 0x18
 890 0439 01       		.uleb128 0x1
 891 043a 50       		.byte	0x50
 892 043b 05       		.uleb128 0x5
 893 043c 03       		.byte	0x3
 894 043d 00000000 		.4byte	.LC0
 895 0441 00       		.byte	0
 896 0442 00       		.byte	0
 897 0443 13       		.uleb128 0x13
 898 0444 00000000 		.4byte	.LASF60
 899 0448 01       		.byte	0x1
 900 0449 72       		.byte	0x72
 901 044a 00000000 		.4byte	.LFB114
 902 044e 38000000 		.4byte	.LFE114-.LFB114
 903 0452 01       		.uleb128 0x1
 904 0453 9C       		.byte	0x9c
 905 0454 A6040000 		.4byte	0x4a6
 906 0458 16       		.uleb128 0x16
 907 0459 5F000000 		.4byte	.LASF59
 908 045d 01       		.byte	0x1
 909 045e 72       		.byte	0x72
 910 045f 92010000 		.4byte	0x192
 911 0463 68000000 		.4byte	.LLST2
 912 0467 17       		.uleb128 0x17
 913 0468 18000000 		.4byte	.LVL11
 914 046c 80050000 		.4byte	0x580
 915 0470 7E040000 		.4byte	0x47e
 916 0474 18       		.uleb128 0x18
 917 0475 01       		.uleb128 0x1
 918 0476 50       		.byte	0x50
 919 0477 05       		.uleb128 0x5
 920 0478 03       		.byte	0x3
 921 0479 2C000000 		.4byte	.LC3
 922 047d 00       		.byte	0
 923 047e 17       		.uleb128 0x17
 924 047f 1E000000 		.4byte	.LVL12
 925 0483 A3050000 		.4byte	0x5a3
 926 0487 92040000 		.4byte	0x492
 927 048b 18       		.uleb128 0x18
 928 048c 01       		.uleb128 0x1
 929 048d 50       		.byte	0x50
 930 048e 02       		.uleb128 0x2
 931 048f 74       		.byte	0x74
 932 0490 00       		.sleb128 0
 933 0491 00       		.byte	0
 934 0492 19       		.uleb128 0x19
 935 0493 2E000000 		.4byte	.LVL15
 936 0497 80050000 		.4byte	0x580
 937 049b 18       		.uleb128 0x18
 938 049c 01       		.uleb128 0x1
 939 049d 50       		.byte	0x50
ARM GAS  /tmp/ccfZkccd.s 			page 18


 940 049e 05       		.uleb128 0x5
 941 049f 03       		.byte	0x3
 942 04a0 20000000 		.4byte	.LC2
 943 04a4 00       		.byte	0
 944 04a5 00       		.byte	0
 945 04a6 13       		.uleb128 0x13
 946 04a7 80010000 		.4byte	.LASF61
 947 04ab 01       		.byte	0x1
 948 04ac 85       		.byte	0x85
 949 04ad 00000000 		.4byte	.LFB115
 950 04b1 38000000 		.4byte	.LFE115-.LFB115
 951 04b5 01       		.uleb128 0x1
 952 04b6 9C       		.byte	0x9c
 953 04b7 09050000 		.4byte	0x509
 954 04bb 16       		.uleb128 0x16
 955 04bc 5F000000 		.4byte	.LASF59
 956 04c0 01       		.byte	0x1
 957 04c1 85       		.byte	0x85
 958 04c2 92010000 		.4byte	0x192
 959 04c6 9C000000 		.4byte	.LLST3
 960 04ca 17       		.uleb128 0x17
 961 04cb 16000000 		.4byte	.LVL18
 962 04cf 80050000 		.4byte	0x580
 963 04d3 E1040000 		.4byte	0x4e1
 964 04d7 18       		.uleb128 0x18
 965 04d8 01       		.uleb128 0x1
 966 04d9 50       		.byte	0x50
 967 04da 05       		.uleb128 0x5
 968 04db 03       		.byte	0x3
 969 04dc 4C000000 		.4byte	.LC5
 970 04e0 00       		.byte	0
 971 04e1 17       		.uleb128 0x17
 972 04e2 1C000000 		.4byte	.LVL19
 973 04e6 B5050000 		.4byte	0x5b5
 974 04ea F5040000 		.4byte	0x4f5
 975 04ee 18       		.uleb128 0x18
 976 04ef 01       		.uleb128 0x1
 977 04f0 50       		.byte	0x50
 978 04f1 02       		.uleb128 0x2
 979 04f2 74       		.byte	0x74
 980 04f3 00       		.sleb128 0
 981 04f4 00       		.byte	0
 982 04f5 19       		.uleb128 0x19
 983 04f6 2C000000 		.4byte	.LVL22
 984 04fa 80050000 		.4byte	0x580
 985 04fe 18       		.uleb128 0x18
 986 04ff 01       		.uleb128 0x1
 987 0500 50       		.byte	0x50
 988 0501 05       		.uleb128 0x5
 989 0502 03       		.byte	0x3
 990 0503 3C000000 		.4byte	.LC4
 991 0507 00       		.byte	0
 992 0508 00       		.byte	0
 993 0509 13       		.uleb128 0x13
 994 050a 7E020000 		.4byte	.LASF62
 995 050e 01       		.byte	0x1
 996 050f 97       		.byte	0x97
ARM GAS  /tmp/ccfZkccd.s 			page 19


 997 0510 00000000 		.4byte	.LFB116
 998 0514 38000000 		.4byte	.LFE116-.LFB116
 999 0518 01       		.uleb128 0x1
 1000 0519 9C       		.byte	0x9c
 1001 051a 6C050000 		.4byte	0x56c
 1002 051e 16       		.uleb128 0x16
 1003 051f 5F000000 		.4byte	.LASF59
 1004 0523 01       		.byte	0x1
 1005 0524 97       		.byte	0x97
 1006 0525 92010000 		.4byte	0x192
 1007 0529 D0000000 		.4byte	.LLST4
 1008 052d 17       		.uleb128 0x17
 1009 052e 18000000 		.4byte	.LVL25
 1010 0532 80050000 		.4byte	0x580
 1011 0536 44050000 		.4byte	0x544
 1012 053a 18       		.uleb128 0x18
 1013 053b 01       		.uleb128 0x1
 1014 053c 50       		.byte	0x50
 1015 053d 05       		.uleb128 0x5
 1016 053e 03       		.byte	0x3
 1017 053f 6C000000 		.4byte	.LC7
 1018 0543 00       		.byte	0
 1019 0544 17       		.uleb128 0x17
 1020 0545 1E000000 		.4byte	.LVL26
 1021 0549 C7050000 		.4byte	0x5c7
 1022 054d 58050000 		.4byte	0x558
 1023 0551 18       		.uleb128 0x18
 1024 0552 01       		.uleb128 0x1
 1025 0553 50       		.byte	0x50
 1026 0554 02       		.uleb128 0x2
 1027 0555 74       		.byte	0x74
 1028 0556 00       		.sleb128 0
 1029 0557 00       		.byte	0
 1030 0558 19       		.uleb128 0x19
 1031 0559 2E000000 		.4byte	.LVL29
 1032 055d 80050000 		.4byte	0x580
 1033 0561 18       		.uleb128 0x18
 1034 0562 01       		.uleb128 0x1
 1035 0563 50       		.byte	0x50
 1036 0564 05       		.uleb128 0x5
 1037 0565 03       		.byte	0x3
 1038 0566 5C000000 		.4byte	.LC6
 1039 056a 00       		.byte	0
 1040 056b 00       		.byte	0
 1041 056c 1A       		.uleb128 0x1a
 1042 056d 22040000 		.4byte	.LASF70
 1043 0571 08       		.byte	0x8
 1044 0572 9806     		.2byte	0x698
 1045 0574 CC000000 		.4byte	0xcc
 1046 0578 1B       		.uleb128 0x1b
 1047 0579 96010000 		.4byte	.LASF71
 1048 057d 05       		.byte	0x5
 1049 057e 8F01     		.2byte	0x18f
 1050 0580 1C       		.uleb128 0x1c
 1051 0581 46010000 		.4byte	.LASF63
 1052 0585 07       		.byte	0x7
 1053 0586 F6       		.byte	0xf6
ARM GAS  /tmp/ccfZkccd.s 			page 20


 1054 0587 91050000 		.4byte	0x591
 1055 058b 10       		.uleb128 0x10
 1056 058c AA000000 		.4byte	0xaa
 1057 0590 00       		.byte	0
 1058 0591 1D       		.uleb128 0x1d
 1059 0592 30000000 		.4byte	.LASF64
 1060 0596 05       		.byte	0x5
 1061 0597 9001     		.2byte	0x190
 1062 0599 A3050000 		.4byte	0x5a3
 1063 059d 10       		.uleb128 0x10
 1064 059e 92010000 		.4byte	0x192
 1065 05a2 00       		.byte	0
 1066 05a3 1D       		.uleb128 0x1d
 1067 05a4 08000000 		.4byte	.LASF65
 1068 05a8 05       		.byte	0x5
 1069 05a9 9101     		.2byte	0x191
 1070 05ab B5050000 		.4byte	0x5b5
 1071 05af 10       		.uleb128 0x10
 1072 05b0 92010000 		.4byte	0x192
 1073 05b4 00       		.byte	0
 1074 05b5 1D       		.uleb128 0x1d
 1075 05b6 6D000000 		.4byte	.LASF66
 1076 05ba 05       		.byte	0x5
 1077 05bb 9201     		.2byte	0x192
 1078 05bd C7050000 		.4byte	0x5c7
 1079 05c1 10       		.uleb128 0x10
 1080 05c2 92010000 		.4byte	0x192
 1081 05c6 00       		.byte	0
 1082 05c7 1E       		.uleb128 0x1e
 1083 05c8 8C000000 		.4byte	.LASF72
 1084 05cc 05       		.byte	0x5
 1085 05cd 9301     		.2byte	0x193
 1086 05cf 10       		.uleb128 0x10
 1087 05d0 92010000 		.4byte	0x192
 1088 05d4 00       		.byte	0
 1089 05d5 00       		.byte	0
 1090              		.section	.debug_abbrev,"",%progbits
 1091              	.Ldebug_abbrev0:
 1092 0000 01       		.uleb128 0x1
 1093 0001 11       		.uleb128 0x11
 1094 0002 01       		.byte	0x1
 1095 0003 25       		.uleb128 0x25
 1096 0004 0E       		.uleb128 0xe
 1097 0005 13       		.uleb128 0x13
 1098 0006 0B       		.uleb128 0xb
 1099 0007 03       		.uleb128 0x3
 1100 0008 0E       		.uleb128 0xe
 1101 0009 1B       		.uleb128 0x1b
 1102 000a 0E       		.uleb128 0xe
 1103 000b 55       		.uleb128 0x55
 1104 000c 17       		.uleb128 0x17
 1105 000d 11       		.uleb128 0x11
 1106 000e 01       		.uleb128 0x1
 1107 000f 10       		.uleb128 0x10
 1108 0010 17       		.uleb128 0x17
 1109 0011 00       		.byte	0
 1110 0012 00       		.byte	0
ARM GAS  /tmp/ccfZkccd.s 			page 21


 1111 0013 02       		.uleb128 0x2
 1112 0014 24       		.uleb128 0x24
 1113 0015 00       		.byte	0
 1114 0016 0B       		.uleb128 0xb
 1115 0017 0B       		.uleb128 0xb
 1116 0018 3E       		.uleb128 0x3e
 1117 0019 0B       		.uleb128 0xb
 1118 001a 03       		.uleb128 0x3
 1119 001b 08       		.uleb128 0x8
 1120 001c 00       		.byte	0
 1121 001d 00       		.byte	0
 1122 001e 03       		.uleb128 0x3
 1123 001f 24       		.uleb128 0x24
 1124 0020 00       		.byte	0
 1125 0021 0B       		.uleb128 0xb
 1126 0022 0B       		.uleb128 0xb
 1127 0023 3E       		.uleb128 0x3e
 1128 0024 0B       		.uleb128 0xb
 1129 0025 03       		.uleb128 0x3
 1130 0026 0E       		.uleb128 0xe
 1131 0027 00       		.byte	0
 1132 0028 00       		.byte	0
 1133 0029 04       		.uleb128 0x4
 1134 002a 16       		.uleb128 0x16
 1135 002b 00       		.byte	0
 1136 002c 03       		.uleb128 0x3
 1137 002d 0E       		.uleb128 0xe
 1138 002e 3A       		.uleb128 0x3a
 1139 002f 0B       		.uleb128 0xb
 1140 0030 3B       		.uleb128 0x3b
 1141 0031 0B       		.uleb128 0xb
 1142 0032 49       		.uleb128 0x49
 1143 0033 13       		.uleb128 0x13
 1144 0034 00       		.byte	0
 1145 0035 00       		.byte	0
 1146 0036 05       		.uleb128 0x5
 1147 0037 35       		.uleb128 0x35
 1148 0038 00       		.byte	0
 1149 0039 49       		.uleb128 0x49
 1150 003a 13       		.uleb128 0x13
 1151 003b 00       		.byte	0
 1152 003c 00       		.byte	0
 1153 003d 06       		.uleb128 0x6
 1154 003e 0F       		.uleb128 0xf
 1155 003f 00       		.byte	0
 1156 0040 0B       		.uleb128 0xb
 1157 0041 0B       		.uleb128 0xb
 1158 0042 49       		.uleb128 0x49
 1159 0043 13       		.uleb128 0x13
 1160 0044 00       		.byte	0
 1161 0045 00       		.byte	0
 1162 0046 07       		.uleb128 0x7
 1163 0047 26       		.uleb128 0x26
 1164 0048 00       		.byte	0
 1165 0049 49       		.uleb128 0x49
 1166 004a 13       		.uleb128 0x13
 1167 004b 00       		.byte	0
ARM GAS  /tmp/ccfZkccd.s 			page 22


 1168 004c 00       		.byte	0
 1169 004d 08       		.uleb128 0x8
 1170 004e 01       		.uleb128 0x1
 1171 004f 01       		.byte	0x1
 1172 0050 49       		.uleb128 0x49
 1173 0051 13       		.uleb128 0x13
 1174 0052 01       		.uleb128 0x1
 1175 0053 13       		.uleb128 0x13
 1176 0054 00       		.byte	0
 1177 0055 00       		.byte	0
 1178 0056 09       		.uleb128 0x9
 1179 0057 21       		.uleb128 0x21
 1180 0058 00       		.byte	0
 1181 0059 49       		.uleb128 0x49
 1182 005a 13       		.uleb128 0x13
 1183 005b 2F       		.uleb128 0x2f
 1184 005c 0B       		.uleb128 0xb
 1185 005d 00       		.byte	0
 1186 005e 00       		.byte	0
 1187 005f 0A       		.uleb128 0xa
 1188 0060 04       		.uleb128 0x4
 1189 0061 01       		.byte	0x1
 1190 0062 0B       		.uleb128 0xb
 1191 0063 0B       		.uleb128 0xb
 1192 0064 3A       		.uleb128 0x3a
 1193 0065 0B       		.uleb128 0xb
 1194 0066 3B       		.uleb128 0x3b
 1195 0067 0B       		.uleb128 0xb
 1196 0068 01       		.uleb128 0x1
 1197 0069 13       		.uleb128 0x13
 1198 006a 00       		.byte	0
 1199 006b 00       		.byte	0
 1200 006c 0B       		.uleb128 0xb
 1201 006d 28       		.uleb128 0x28
 1202 006e 00       		.byte	0
 1203 006f 03       		.uleb128 0x3
 1204 0070 0E       		.uleb128 0xe
 1205 0071 1C       		.uleb128 0x1c
 1206 0072 0D       		.uleb128 0xd
 1207 0073 00       		.byte	0
 1208 0074 00       		.byte	0
 1209 0075 0C       		.uleb128 0xc
 1210 0076 13       		.uleb128 0x13
 1211 0077 01       		.byte	0x1
 1212 0078 03       		.uleb128 0x3
 1213 0079 0E       		.uleb128 0xe
 1214 007a 0B       		.uleb128 0xb
 1215 007b 0B       		.uleb128 0xb
 1216 007c 3A       		.uleb128 0x3a
 1217 007d 0B       		.uleb128 0xb
 1218 007e 3B       		.uleb128 0x3b
 1219 007f 05       		.uleb128 0x5
 1220 0080 01       		.uleb128 0x1
 1221 0081 13       		.uleb128 0x13
 1222 0082 00       		.byte	0
 1223 0083 00       		.byte	0
 1224 0084 0D       		.uleb128 0xd
ARM GAS  /tmp/ccfZkccd.s 			page 23


 1225 0085 0D       		.uleb128 0xd
 1226 0086 00       		.byte	0
 1227 0087 03       		.uleb128 0x3
 1228 0088 0E       		.uleb128 0xe
 1229 0089 3A       		.uleb128 0x3a
 1230 008a 0B       		.uleb128 0xb
 1231 008b 3B       		.uleb128 0x3b
 1232 008c 05       		.uleb128 0x5
 1233 008d 49       		.uleb128 0x49
 1234 008e 13       		.uleb128 0x13
 1235 008f 38       		.uleb128 0x38
 1236 0090 0B       		.uleb128 0xb
 1237 0091 00       		.byte	0
 1238 0092 00       		.byte	0
 1239 0093 0E       		.uleb128 0xe
 1240 0094 0D       		.uleb128 0xd
 1241 0095 00       		.byte	0
 1242 0096 03       		.uleb128 0x3
 1243 0097 08       		.uleb128 0x8
 1244 0098 3A       		.uleb128 0x3a
 1245 0099 0B       		.uleb128 0xb
 1246 009a 3B       		.uleb128 0x3b
 1247 009b 05       		.uleb128 0x5
 1248 009c 49       		.uleb128 0x49
 1249 009d 13       		.uleb128 0x13
 1250 009e 38       		.uleb128 0x38
 1251 009f 0B       		.uleb128 0xb
 1252 00a0 00       		.byte	0
 1253 00a1 00       		.byte	0
 1254 00a2 0F       		.uleb128 0xf
 1255 00a3 15       		.uleb128 0x15
 1256 00a4 01       		.byte	0x1
 1257 00a5 27       		.uleb128 0x27
 1258 00a6 19       		.uleb128 0x19
 1259 00a7 01       		.uleb128 0x1
 1260 00a8 13       		.uleb128 0x13
 1261 00a9 00       		.byte	0
 1262 00aa 00       		.byte	0
 1263 00ab 10       		.uleb128 0x10
 1264 00ac 05       		.uleb128 0x5
 1265 00ad 00       		.byte	0
 1266 00ae 49       		.uleb128 0x49
 1267 00af 13       		.uleb128 0x13
 1268 00b0 00       		.byte	0
 1269 00b1 00       		.byte	0
 1270 00b2 11       		.uleb128 0x11
 1271 00b3 13       		.uleb128 0x13
 1272 00b4 01       		.byte	0x1
 1273 00b5 0B       		.uleb128 0xb
 1274 00b6 0B       		.uleb128 0xb
 1275 00b7 3A       		.uleb128 0x3a
 1276 00b8 0B       		.uleb128 0xb
 1277 00b9 3B       		.uleb128 0x3b
 1278 00ba 05       		.uleb128 0x5
 1279 00bb 01       		.uleb128 0x1
 1280 00bc 13       		.uleb128 0x13
 1281 00bd 00       		.byte	0
ARM GAS  /tmp/ccfZkccd.s 			page 24


 1282 00be 00       		.byte	0
 1283 00bf 12       		.uleb128 0x12
 1284 00c0 16       		.uleb128 0x16
 1285 00c1 00       		.byte	0
 1286 00c2 03       		.uleb128 0x3
 1287 00c3 0E       		.uleb128 0xe
 1288 00c4 3A       		.uleb128 0x3a
 1289 00c5 0B       		.uleb128 0xb
 1290 00c6 3B       		.uleb128 0x3b
 1291 00c7 05       		.uleb128 0x5
 1292 00c8 49       		.uleb128 0x49
 1293 00c9 13       		.uleb128 0x13
 1294 00ca 00       		.byte	0
 1295 00cb 00       		.byte	0
 1296 00cc 13       		.uleb128 0x13
 1297 00cd 2E       		.uleb128 0x2e
 1298 00ce 01       		.byte	0x1
 1299 00cf 3F       		.uleb128 0x3f
 1300 00d0 19       		.uleb128 0x19
 1301 00d1 03       		.uleb128 0x3
 1302 00d2 0E       		.uleb128 0xe
 1303 00d3 3A       		.uleb128 0x3a
 1304 00d4 0B       		.uleb128 0xb
 1305 00d5 3B       		.uleb128 0x3b
 1306 00d6 0B       		.uleb128 0xb
 1307 00d7 27       		.uleb128 0x27
 1308 00d8 19       		.uleb128 0x19
 1309 00d9 11       		.uleb128 0x11
 1310 00da 01       		.uleb128 0x1
 1311 00db 12       		.uleb128 0x12
 1312 00dc 06       		.uleb128 0x6
 1313 00dd 40       		.uleb128 0x40
 1314 00de 18       		.uleb128 0x18
 1315 00df 9742     		.uleb128 0x2117
 1316 00e1 19       		.uleb128 0x19
 1317 00e2 01       		.uleb128 0x1
 1318 00e3 13       		.uleb128 0x13
 1319 00e4 00       		.byte	0
 1320 00e5 00       		.byte	0
 1321 00e6 14       		.uleb128 0x14
 1322 00e7 898201   		.uleb128 0x4109
 1323 00ea 00       		.byte	0
 1324 00eb 11       		.uleb128 0x11
 1325 00ec 01       		.uleb128 0x1
 1326 00ed 9542     		.uleb128 0x2115
 1327 00ef 19       		.uleb128 0x19
 1328 00f0 31       		.uleb128 0x31
 1329 00f1 13       		.uleb128 0x13
 1330 00f2 00       		.byte	0
 1331 00f3 00       		.byte	0
 1332 00f4 15       		.uleb128 0x15
 1333 00f5 05       		.uleb128 0x5
 1334 00f6 00       		.byte	0
 1335 00f7 03       		.uleb128 0x3
 1336 00f8 0E       		.uleb128 0xe
 1337 00f9 3A       		.uleb128 0x3a
 1338 00fa 0B       		.uleb128 0xb
ARM GAS  /tmp/ccfZkccd.s 			page 25


 1339 00fb 3B       		.uleb128 0x3b
 1340 00fc 0B       		.uleb128 0xb
 1341 00fd 49       		.uleb128 0x49
 1342 00fe 13       		.uleb128 0x13
 1343 00ff 02       		.uleb128 0x2
 1344 0100 18       		.uleb128 0x18
 1345 0101 00       		.byte	0
 1346 0102 00       		.byte	0
 1347 0103 16       		.uleb128 0x16
 1348 0104 05       		.uleb128 0x5
 1349 0105 00       		.byte	0
 1350 0106 03       		.uleb128 0x3
 1351 0107 0E       		.uleb128 0xe
 1352 0108 3A       		.uleb128 0x3a
 1353 0109 0B       		.uleb128 0xb
 1354 010a 3B       		.uleb128 0x3b
 1355 010b 0B       		.uleb128 0xb
 1356 010c 49       		.uleb128 0x49
 1357 010d 13       		.uleb128 0x13
 1358 010e 02       		.uleb128 0x2
 1359 010f 17       		.uleb128 0x17
 1360 0110 00       		.byte	0
 1361 0111 00       		.byte	0
 1362 0112 17       		.uleb128 0x17
 1363 0113 898201   		.uleb128 0x4109
 1364 0116 01       		.byte	0x1
 1365 0117 11       		.uleb128 0x11
 1366 0118 01       		.uleb128 0x1
 1367 0119 31       		.uleb128 0x31
 1368 011a 13       		.uleb128 0x13
 1369 011b 01       		.uleb128 0x1
 1370 011c 13       		.uleb128 0x13
 1371 011d 00       		.byte	0
 1372 011e 00       		.byte	0
 1373 011f 18       		.uleb128 0x18
 1374 0120 8A8201   		.uleb128 0x410a
 1375 0123 00       		.byte	0
 1376 0124 02       		.uleb128 0x2
 1377 0125 18       		.uleb128 0x18
 1378 0126 9142     		.uleb128 0x2111
 1379 0128 18       		.uleb128 0x18
 1380 0129 00       		.byte	0
 1381 012a 00       		.byte	0
 1382 012b 19       		.uleb128 0x19
 1383 012c 898201   		.uleb128 0x4109
 1384 012f 01       		.byte	0x1
 1385 0130 11       		.uleb128 0x11
 1386 0131 01       		.uleb128 0x1
 1387 0132 31       		.uleb128 0x31
 1388 0133 13       		.uleb128 0x13
 1389 0134 00       		.byte	0
 1390 0135 00       		.byte	0
 1391 0136 1A       		.uleb128 0x1a
 1392 0137 34       		.uleb128 0x34
 1393 0138 00       		.byte	0
 1394 0139 03       		.uleb128 0x3
 1395 013a 0E       		.uleb128 0xe
ARM GAS  /tmp/ccfZkccd.s 			page 26


 1396 013b 3A       		.uleb128 0x3a
 1397 013c 0B       		.uleb128 0xb
 1398 013d 3B       		.uleb128 0x3b
 1399 013e 05       		.uleb128 0x5
 1400 013f 49       		.uleb128 0x49
 1401 0140 13       		.uleb128 0x13
 1402 0141 3F       		.uleb128 0x3f
 1403 0142 19       		.uleb128 0x19
 1404 0143 3C       		.uleb128 0x3c
 1405 0144 19       		.uleb128 0x19
 1406 0145 00       		.byte	0
 1407 0146 00       		.byte	0
 1408 0147 1B       		.uleb128 0x1b
 1409 0148 2E       		.uleb128 0x2e
 1410 0149 00       		.byte	0
 1411 014a 3F       		.uleb128 0x3f
 1412 014b 19       		.uleb128 0x19
 1413 014c 03       		.uleb128 0x3
 1414 014d 0E       		.uleb128 0xe
 1415 014e 3A       		.uleb128 0x3a
 1416 014f 0B       		.uleb128 0xb
 1417 0150 3B       		.uleb128 0x3b
 1418 0151 05       		.uleb128 0x5
 1419 0152 27       		.uleb128 0x27
 1420 0153 19       		.uleb128 0x19
 1421 0154 3C       		.uleb128 0x3c
 1422 0155 19       		.uleb128 0x19
 1423 0156 00       		.byte	0
 1424 0157 00       		.byte	0
 1425 0158 1C       		.uleb128 0x1c
 1426 0159 2E       		.uleb128 0x2e
 1427 015a 01       		.byte	0x1
 1428 015b 3F       		.uleb128 0x3f
 1429 015c 19       		.uleb128 0x19
 1430 015d 03       		.uleb128 0x3
 1431 015e 0E       		.uleb128 0xe
 1432 015f 3A       		.uleb128 0x3a
 1433 0160 0B       		.uleb128 0xb
 1434 0161 3B       		.uleb128 0x3b
 1435 0162 0B       		.uleb128 0xb
 1436 0163 27       		.uleb128 0x27
 1437 0164 19       		.uleb128 0x19
 1438 0165 3C       		.uleb128 0x3c
 1439 0166 19       		.uleb128 0x19
 1440 0167 01       		.uleb128 0x1
 1441 0168 13       		.uleb128 0x13
 1442 0169 00       		.byte	0
 1443 016a 00       		.byte	0
 1444 016b 1D       		.uleb128 0x1d
 1445 016c 2E       		.uleb128 0x2e
 1446 016d 01       		.byte	0x1
 1447 016e 3F       		.uleb128 0x3f
 1448 016f 19       		.uleb128 0x19
 1449 0170 03       		.uleb128 0x3
 1450 0171 0E       		.uleb128 0xe
 1451 0172 3A       		.uleb128 0x3a
 1452 0173 0B       		.uleb128 0xb
ARM GAS  /tmp/ccfZkccd.s 			page 27


 1453 0174 3B       		.uleb128 0x3b
 1454 0175 05       		.uleb128 0x5
 1455 0176 27       		.uleb128 0x27
 1456 0177 19       		.uleb128 0x19
 1457 0178 3C       		.uleb128 0x3c
 1458 0179 19       		.uleb128 0x19
 1459 017a 01       		.uleb128 0x1
 1460 017b 13       		.uleb128 0x13
 1461 017c 00       		.byte	0
 1462 017d 00       		.byte	0
 1463 017e 1E       		.uleb128 0x1e
 1464 017f 2E       		.uleb128 0x2e
 1465 0180 01       		.byte	0x1
 1466 0181 3F       		.uleb128 0x3f
 1467 0182 19       		.uleb128 0x19
 1468 0183 03       		.uleb128 0x3
 1469 0184 0E       		.uleb128 0xe
 1470 0185 3A       		.uleb128 0x3a
 1471 0186 0B       		.uleb128 0xb
 1472 0187 3B       		.uleb128 0x3b
 1473 0188 05       		.uleb128 0x5
 1474 0189 27       		.uleb128 0x27
 1475 018a 19       		.uleb128 0x19
 1476 018b 3C       		.uleb128 0x3c
 1477 018c 19       		.uleb128 0x19
 1478 018d 00       		.byte	0
 1479 018e 00       		.byte	0
 1480 018f 00       		.byte	0
 1481              		.section	.debug_loc,"",%progbits
 1482              	.Ldebug_loc0:
 1483              	.LLST0:
 1484 0000 00000000 		.4byte	.LVL2
 1485 0004 0A000000 		.4byte	.LVL3
 1486 0008 0100     		.2byte	0x1
 1487 000a 50       		.byte	0x50
 1488 000b 0A000000 		.4byte	.LVL3
 1489 000f 2E000000 		.4byte	.LVL6
 1490 0013 0100     		.2byte	0x1
 1491 0015 54       		.byte	0x54
 1492 0016 2E000000 		.4byte	.LVL6
 1493 001a 30000000 		.4byte	.LVL7
 1494 001e 0100     		.2byte	0x1
 1495 0020 50       		.byte	0x50
 1496 0021 30000000 		.4byte	.LVL7
 1497 0025 40000000 		.4byte	.LFE113
 1498 0029 0100     		.2byte	0x1
 1499 002b 54       		.byte	0x54
 1500 002c 00000000 		.4byte	0
 1501 0030 00000000 		.4byte	0
 1502              	.LLST1:
 1503 0034 00000000 		.4byte	.LVL2
 1504 0038 0A000000 		.4byte	.LVL3
 1505 003c 0100     		.2byte	0x1
 1506 003e 51       		.byte	0x51
 1507 003f 0A000000 		.4byte	.LVL3
 1508 0043 2E000000 		.4byte	.LVL6
 1509 0047 0100     		.2byte	0x1
ARM GAS  /tmp/ccfZkccd.s 			page 28


 1510 0049 55       		.byte	0x55
 1511 004a 2E000000 		.4byte	.LVL6
 1512 004e 33000000 		.4byte	.LVL8-1
 1513 0052 0100     		.2byte	0x1
 1514 0054 51       		.byte	0x51
 1515 0055 33000000 		.4byte	.LVL8-1
 1516 0059 40000000 		.4byte	.LFE113
 1517 005d 0100     		.2byte	0x1
 1518 005f 55       		.byte	0x55
 1519 0060 00000000 		.4byte	0
 1520 0064 00000000 		.4byte	0
 1521              	.LLST2:
 1522 0068 00000000 		.4byte	.LVL9
 1523 006c 06000000 		.4byte	.LVL10
 1524 0070 0100     		.2byte	0x1
 1525 0072 50       		.byte	0x50
 1526 0073 06000000 		.4byte	.LVL10
 1527 0077 28000000 		.4byte	.LVL13
 1528 007b 0100     		.2byte	0x1
 1529 007d 54       		.byte	0x54
 1530 007e 28000000 		.4byte	.LVL13
 1531 0082 2A000000 		.4byte	.LVL14
 1532 0086 0100     		.2byte	0x1
 1533 0088 50       		.byte	0x50
 1534 0089 2A000000 		.4byte	.LVL14
 1535 008d 38000000 		.4byte	.LFE114
 1536 0091 0100     		.2byte	0x1
 1537 0093 54       		.byte	0x54
 1538 0094 00000000 		.4byte	0
 1539 0098 00000000 		.4byte	0
 1540              	.LLST3:
 1541 009c 00000000 		.4byte	.LVL16
 1542 00a0 06000000 		.4byte	.LVL17
 1543 00a4 0100     		.2byte	0x1
 1544 00a6 50       		.byte	0x50
 1545 00a7 06000000 		.4byte	.LVL17
 1546 00ab 26000000 		.4byte	.LVL20
 1547 00af 0100     		.2byte	0x1
 1548 00b1 54       		.byte	0x54
 1549 00b2 26000000 		.4byte	.LVL20
 1550 00b6 28000000 		.4byte	.LVL21
 1551 00ba 0100     		.2byte	0x1
 1552 00bc 50       		.byte	0x50
 1553 00bd 28000000 		.4byte	.LVL21
 1554 00c1 38000000 		.4byte	.LFE115
 1555 00c5 0100     		.2byte	0x1
 1556 00c7 54       		.byte	0x54
 1557 00c8 00000000 		.4byte	0
 1558 00cc 00000000 		.4byte	0
 1559              	.LLST4:
 1560 00d0 00000000 		.4byte	.LVL23
 1561 00d4 06000000 		.4byte	.LVL24
 1562 00d8 0100     		.2byte	0x1
 1563 00da 50       		.byte	0x50
 1564 00db 06000000 		.4byte	.LVL24
 1565 00df 28000000 		.4byte	.LVL27
 1566 00e3 0100     		.2byte	0x1
ARM GAS  /tmp/ccfZkccd.s 			page 29


 1567 00e5 54       		.byte	0x54
 1568 00e6 28000000 		.4byte	.LVL27
 1569 00ea 2A000000 		.4byte	.LVL28
 1570 00ee 0100     		.2byte	0x1
 1571 00f0 50       		.byte	0x50
 1572 00f1 2A000000 		.4byte	.LVL28
 1573 00f5 38000000 		.4byte	.LFE116
 1574 00f9 0100     		.2byte	0x1
 1575 00fb 54       		.byte	0x54
 1576 00fc 00000000 		.4byte	0
 1577 0100 00000000 		.4byte	0
 1578              		.section	.debug_aranges,"",%progbits
 1579 0000 44000000 		.4byte	0x44
 1580 0004 0200     		.2byte	0x2
 1581 0006 00000000 		.4byte	.Ldebug_info0
 1582 000a 04       		.byte	0x4
 1583 000b 00       		.byte	0
 1584 000c 0000     		.2byte	0
 1585 000e 0000     		.2byte	0
 1586 0010 00000000 		.4byte	.LFB111
 1587 0014 04000000 		.4byte	.LFE111-.LFB111
 1588 0018 00000000 		.4byte	.LFB112
 1589 001c 0A000000 		.4byte	.LFE112-.LFB112
 1590 0020 00000000 		.4byte	.LFB113
 1591 0024 40000000 		.4byte	.LFE113-.LFB113
 1592 0028 00000000 		.4byte	.LFB114
 1593 002c 38000000 		.4byte	.LFE114-.LFB114
 1594 0030 00000000 		.4byte	.LFB115
 1595 0034 38000000 		.4byte	.LFE115-.LFB115
 1596 0038 00000000 		.4byte	.LFB116
 1597 003c 38000000 		.4byte	.LFE116-.LFB116
 1598 0040 00000000 		.4byte	0
 1599 0044 00000000 		.4byte	0
 1600              		.section	.debug_ranges,"",%progbits
 1601              	.Ldebug_ranges0:
 1602 0000 00000000 		.4byte	.LFB111
 1603 0004 04000000 		.4byte	.LFE111
 1604 0008 00000000 		.4byte	.LFB112
 1605 000c 0A000000 		.4byte	.LFE112
 1606 0010 00000000 		.4byte	.LFB113
 1607 0014 40000000 		.4byte	.LFE113
 1608 0018 00000000 		.4byte	.LFB114
 1609 001c 38000000 		.4byte	.LFE114
 1610 0020 00000000 		.4byte	.LFB115
 1611 0024 38000000 		.4byte	.LFE115
 1612 0028 00000000 		.4byte	.LFB116
 1613 002c 38000000 		.4byte	.LFE116
 1614 0030 00000000 		.4byte	0
 1615 0034 00000000 		.4byte	0
 1616              		.section	.debug_line,"",%progbits
 1617              	.Ldebug_line0:
 1618 0000 13020000 		.section	.debug_str,"MS",%progbits,1
 1618      02004E01 
 1618      00000201 
 1618      FB0E0D00 
 1618      01010101 
 1619              	.LASF60:
ARM GAS  /tmp/ccfZkccd.s 			page 30


 1620 0000 69637553 		.ascii	"icuStop\000"
 1620      746F7000 
 1621              	.LASF65:
 1622 0008 6963755F 		.ascii	"icu_lld_stop\000"
 1622      6C6C645F 
 1622      73746F70 
 1622      00
 1623              	.LASF34:
 1624 0015 43434552 		.ascii	"CCER\000"
 1624      00
 1625              	.LASF17:
 1626 001a 4943555F 		.ascii	"ICU_STOP\000"
 1626      53544F50 
 1626      00
 1627              	.LASF47:
 1628 0023 69637563 		.ascii	"icuchannel_t\000"
 1628      68616E6E 
 1628      656C5F74 
 1628      00
 1629              	.LASF64:
 1630 0030 6963755F 		.ascii	"icu_lld_start\000"
 1630      6C6C645F 
 1630      73746172 
 1630      7400
 1631              	.LASF36:
 1632 003e 444D4152 		.ascii	"DMAR\000"
 1632      00
 1633              	.LASF24:
 1634 0043 73746174 		.ascii	"state\000"
 1634      6500
 1635              	.LASF33:
 1636 0049 43434D52 		.ascii	"CCMR2\000"
 1636      3200
 1637              	.LASF37:
 1638 004f 43434D52 		.ascii	"CCMR3\000"
 1638      3300
 1639              	.LASF3:
 1640 0055 73686F72 		.ascii	"short int\000"
 1640      7420696E 
 1640      7400
 1641              	.LASF59:
 1642 005f 69637570 		.ascii	"icup\000"
 1642      00
 1643              	.LASF14:
 1644 0064 73697A65 		.ascii	"sizetype\000"
 1644      74797065 
 1644      00
 1645              	.LASF66:
 1646 006d 6963755F 		.ascii	"icu_lld_enable\000"
 1646      6C6C645F 
 1646      656E6162 
 1646      6C6500
 1647              	.LASF7:
 1648 007c 5F5F7569 		.ascii	"__uint32_t\000"
 1648      6E743332 
 1648      5F7400
 1649              	.LASF48:
ARM GAS  /tmp/ccfZkccd.s 			page 31


 1650 0087 6D6F6465 		.ascii	"mode\000"
 1650      00
 1651              	.LASF72:
 1652 008c 6963755F 		.ascii	"icu_lld_disable\000"
 1652      6C6C645F 
 1652      64697361 
 1652      626C6500 
 1653              	.LASF25:
 1654 009c 636F6E66 		.ascii	"config\000"
 1654      696700
 1655              	.LASF68:
 1656 00a3 2E2E2F2E 		.ascii	"../../os/hal/src/icu.c\000"
 1656      2E2F6F73 
 1656      2F68616C 
 1656      2F737263 
 1656      2F696375 
 1657              	.LASF45:
 1658 00ba 4943555F 		.ascii	"ICU_CHANNEL_1\000"
 1658      4348414E 
 1658      4E454C5F 
 1658      3100
 1659              	.LASF46:
 1660 00c8 4943555F 		.ascii	"ICU_CHANNEL_2\000"
 1660      4348414E 
 1660      4E454C5F 
 1660      3200
 1661              	.LASF56:
 1662 00d6 69637549 		.ascii	"icuInit\000"
 1662      6E697400 
 1663              	.LASF50:
 1664 00de 77696474 		.ascii	"width_cb\000"
 1664      685F6362 
 1664      00
 1665              	.LASF20:
 1666 00e7 4943555F 		.ascii	"ICU_ACTIVE\000"
 1666      41435449 
 1666      564500
 1667              	.LASF9:
 1668 00f2 6C6F6E67 		.ascii	"long long int\000"
 1668      206C6F6E 
 1668      6720696E 
 1668      7400
 1669              	.LASF10:
 1670 0100 6C6F6E67 		.ascii	"long long unsigned int\000"
 1670      206C6F6E 
 1670      6720756E 
 1670      7369676E 
 1670      65642069 
 1671              	.LASF43:
 1672 0117 6963756D 		.ascii	"icumode_t\000"
 1672      6F64655F 
 1672      7400
 1673              	.LASF27:
 1674 0121 77636372 		.ascii	"wccrp\000"
 1674      7000
 1675              	.LASF5:
 1676 0127 6C6F6E67 		.ascii	"long int\000"
ARM GAS  /tmp/ccfZkccd.s 			page 32


 1676      20696E74 
 1676      00
 1677              	.LASF38:
 1678 0130 43435235 		.ascii	"CCR5\000"
 1678      00
 1679              	.LASF39:
 1680 0135 43435236 		.ascii	"CCR6\000"
 1680      00
 1681              	.LASF28:
 1682 013a 70636372 		.ascii	"pccrp\000"
 1682      7000
 1683              	.LASF32:
 1684 0140 43434D52 		.ascii	"CCMR1\000"
 1684      3100
 1685              	.LASF63:
 1686 0146 63684462 		.ascii	"chDbgPanic\000"
 1686      6750616E 
 1686      696300
 1687              	.LASF21:
 1688 0151 4943555F 		.ascii	"ICU_IDLE\000"
 1688      49444C45 
 1688      00
 1689              	.LASF30:
 1690 015a 534D4352 		.ascii	"SMCR\000"
 1690      00
 1691              	.LASF2:
 1692 015f 756E7369 		.ascii	"unsigned char\000"
 1692      676E6564 
 1692      20636861 
 1692      7200
 1693              	.LASF55:
 1694 016d 49435543 		.ascii	"ICUConfig\000"
 1694      6F6E6669 
 1694      6700
 1695              	.LASF58:
 1696 0177 69637553 		.ascii	"icuStart\000"
 1696      74617274 
 1696      00
 1697              	.LASF61:
 1698 0180 69637545 		.ascii	"icuEnable\000"
 1698      6E61626C 
 1698      6500
 1699              	.LASF1:
 1700 018a 7369676E 		.ascii	"signed char\000"
 1700      65642063 
 1700      68617200 
 1701              	.LASF71:
 1702 0196 6963755F 		.ascii	"icu_lld_init\000"
 1702      6C6C645F 
 1702      696E6974 
 1702      00
 1703              	.LASF12:
 1704 01a3 75696E74 		.ascii	"uint32_t\000"
 1704      33325F74 
 1704      00
 1705              	.LASF69:
 1706 01ac 2F686F6D 		.ascii	"/home/makkmarci/devel/ChibiOS_2.6.5/projects/STM32F"
ARM GAS  /tmp/ccfZkccd.s 			page 33


 1706      652F6D61 
 1706      6B6B6D61 
 1706      7263692F 
 1706      64657665 
 1707 01df 345F4368 		.ascii	"4_ChibiOS_uGFX_gwin_2/\000"
 1707      6962694F 
 1707      535F7547 
 1707      46585F67 
 1707      77696E5F 
 1708              	.LASF0:
 1709 01f6 756E7369 		.ascii	"unsigned int\000"
 1709      676E6564 
 1709      20696E74 
 1709      00
 1710              	.LASF31:
 1711 0203 44494552 		.ascii	"DIER\000"
 1711      00
 1712              	.LASF44:
 1713 0208 69637566 		.ascii	"icufreq_t\000"
 1713      7265715F 
 1713      7400
 1714              	.LASF13:
 1715 0212 5F426F6F 		.ascii	"_Bool\000"
 1715      6C00
 1716              	.LASF4:
 1717 0218 73686F72 		.ascii	"short unsigned int\000"
 1717      7420756E 
 1717      7369676E 
 1717      65642069 
 1717      6E7400
 1718              	.LASF15:
 1719 022b 63686172 		.ascii	"char\000"
 1719      00
 1720              	.LASF29:
 1721 0230 69637563 		.ascii	"icucallback_t\000"
 1721      616C6C62 
 1721      61636B5F 
 1721      7400
 1722              	.LASF40:
 1723 023e 73746D33 		.ascii	"stm32_tim_t\000"
 1723      325F7469 
 1723      6D5F7400 
 1724              	.LASF51:
 1725 024a 70657269 		.ascii	"period_cb\000"
 1725      6F645F63 
 1725      6200
 1726              	.LASF35:
 1727 0254 42445452 		.ascii	"BDTR\000"
 1727      00
 1728              	.LASF11:
 1729 0259 696E7433 		.ascii	"int32_t\000"
 1729      325F7400 
 1730              	.LASF42:
 1731 0261 4943555F 		.ascii	"ICU_INPUT_ACTIVE_LOW\000"
 1731      494E5055 
 1731      545F4143 
 1731      54495645 
ARM GAS  /tmp/ccfZkccd.s 			page 34


 1731      5F4C4F57 
 1732              	.LASF53:
 1733 0276 6368616E 		.ascii	"channel\000"
 1733      6E656C00 
 1734              	.LASF62:
 1735 027e 69637544 		.ascii	"icuDisable\000"
 1735      69736162 
 1735      6C6500
 1736              	.LASF16:
 1737 0289 4943555F 		.ascii	"ICU_UNINIT\000"
 1737      554E494E 
 1737      495400
 1738              	.LASF41:
 1739 0294 4943555F 		.ascii	"ICU_INPUT_ACTIVE_HIGH\000"
 1739      494E5055 
 1739      545F4143 
 1739      54495645 
 1739      5F484947 
 1740              	.LASF8:
 1741 02aa 6C6F6E67 		.ascii	"long unsigned int\000"
 1741      20756E73 
 1741      69676E65 
 1741      6420696E 
 1741      7400
 1742              	.LASF26:
 1743 02bc 636C6F63 		.ascii	"clock\000"
 1743      6B00
 1744              	.LASF52:
 1745 02c2 6F766572 		.ascii	"overflow_cb\000"
 1745      666C6F77 
 1745      5F636200 
 1746              	.LASF6:
 1747 02ce 5F5F696E 		.ascii	"__int32_t\000"
 1747      7433325F 
 1747      7400
 1748              	.LASF67:
 1749 02d8 474E5520 		.ascii	"GNU C 4.8.4 20140526 (release) [ARM/embedded-4_8-br"
 1749      4320342E 
 1749      382E3420 
 1749      32303134 
 1749      30353236 
 1750 030b 616E6368 		.ascii	"anch revision 211358] -mcpu=cortex-m4 -mfloat-abi=h"
 1750      20726576 
 1750      6973696F 
 1750      6E203231 
 1750      31333538 
 1751 033e 61726420 		.ascii	"ard -mfpu=fpv4-sp-d16 -mno-thumb-interwork -mthumb "
 1751      2D6D6670 
 1751      753D6670 
 1751      76342D73 
 1751      702D6431 
 1752 0371 2D676764 		.ascii	"-ggdb -O2 -fomit-frame-pointer -falign-functions=16"
 1752      62202D4F 
 1752      32202D66 
 1752      6F6D6974 
 1752      2D667261 
 1753 03a4 202D6666 		.ascii	" -ffunction-sections -fdata-sections -fno-common -f"
ARM GAS  /tmp/ccfZkccd.s 			page 35


 1753      756E6374 
 1753      696F6E2D 
 1753      73656374 
 1753      696F6E73 
 1754 03d7 73696E67 		.ascii	"single-precision-constant\000"
 1754      6C652D70 
 1754      72656369 
 1754      73696F6E 
 1754      2D636F6E 
 1755              	.LASF54:
 1756 03f1 64696572 		.ascii	"dier\000"
 1756      00
 1757              	.LASF23:
 1758 03f6 49435544 		.ascii	"ICUDriver\000"
 1758      72697665 
 1758      7200
 1759              	.LASF49:
 1760 0400 66726571 		.ascii	"frequency\000"
 1760      75656E63 
 1760      7900
 1761              	.LASF18:
 1762 040a 4943555F 		.ascii	"ICU_READY\000"
 1762      52454144 
 1762      5900
 1763              	.LASF57:
 1764 0414 6963754F 		.ascii	"icuObjectInit\000"
 1764      626A6563 
 1764      74496E69 
 1764      7400
 1765              	.LASF70:
 1766 0422 49544D5F 		.ascii	"ITM_RxBuffer\000"
 1766      52784275 
 1766      66666572 
 1766      00
 1767              	.LASF22:
 1768 042f 69637573 		.ascii	"icustate_t\000"
 1768      74617465 
 1768      5F7400
 1769              	.LASF19:
 1770 043a 4943555F 		.ascii	"ICU_WAITING\000"
 1770      57414954 
 1770      494E4700 
 1771              		.ident	"GCC: (GNU Tools for ARM Embedded Processors) 4.8.4 20140526 (release) [ARM/embedded-4_8-br
ARM GAS  /tmp/ccfZkccd.s 			page 36


DEFINED SYMBOLS
                            *ABS*:00000000 icu.c
     /tmp/ccfZkccd.s:21     .text.icuInit:00000000 $t
     /tmp/ccfZkccd.s:27     .text.icuInit:00000000 icuInit
     /tmp/ccfZkccd.s:42     .text.icuObjectInit:00000000 $t
     /tmp/ccfZkccd.s:48     .text.icuObjectInit:00000000 icuObjectInit
     /tmp/ccfZkccd.s:69     .text.icuStart:00000000 $t
     /tmp/ccfZkccd.s:75     .text.icuStart:00000000 icuStart
     /tmp/ccfZkccd.s:139    .text.icuStart:00000038 $d
     /tmp/ccfZkccd.s:145    .text.icuStop:00000000 $t
     /tmp/ccfZkccd.s:151    .text.icuStop:00000000 icuStop
     /tmp/ccfZkccd.s:206    .text.icuStop:00000030 $d
     /tmp/ccfZkccd.s:212    .text.icuEnable:00000000 $t
     /tmp/ccfZkccd.s:218    .text.icuEnable:00000000 icuEnable
     /tmp/ccfZkccd.s:272    .text.icuEnable:00000030 $d
     /tmp/ccfZkccd.s:278    .text.icuDisable:00000000 $t
     /tmp/ccfZkccd.s:284    .text.icuDisable:00000000 icuDisable
     /tmp/ccfZkccd.s:339    .text.icuDisable:00000030 $d
     /tmp/ccfZkccd.s:345    .rodata.str1.4:00000000 $d
                     .debug_frame:00000010 $d
     /tmp/ccfZkccd.s:211    .text.icuStop:00000038 $t
     /tmp/ccfZkccd.s:277    .text.icuEnable:00000038 $t
     /tmp/ccfZkccd.s:344    .text.icuDisable:00000038 $t

UNDEFINED SYMBOLS
icu_lld_init
_port_lock
chDbgPanic
icu_lld_start
_port_unlock
icu_lld_stop
icu_lld_enable
icu_lld_disable
