ARM GAS  /tmp/ccDoyaDB.s 			page 1


   1              		.syntax unified
   2              		.cpu cortex-m4
   3              		.eabi_attribute 27, 3
   4              		.eabi_attribute 28, 1
   5              		.fpu fpv4-sp-d16
   6              		.eabi_attribute 20, 1
   7              		.eabi_attribute 21, 1
   8              		.eabi_attribute 23, 3
   9              		.eabi_attribute 24, 1
  10              		.eabi_attribute 25, 1
  11              		.eabi_attribute 26, 1
  12              		.eabi_attribute 30, 2
  13              		.eabi_attribute 34, 1
  14              		.eabi_attribute 18, 4
  15              		.thumb
  16              		.file	"mf_wordwrap.c"
  17              		.text
  18              	.Ltext0:
  19              		.cfi_sections	.debug_frame
  20              		.section	.text.mf_wordwrap,"ax",%progbits
  21              		.align	2
  22              		.p2align 4,,15
  23              		.global	mf_wordwrap
  24              		.thumb
  25              		.thumb_func
  26              		.type	mf_wordwrap, %function
  27              	mf_wordwrap:
  28              	.LFB119:
  29              		.file 1 "/home/makkmarci/devel/ugfx/src/gdisp/mcufont/mf_wordwrap.c"
  30              		.loc 1 231 0
  31              		.cfi_startproc
  32              		@ args = 4, pretend = 0, frame = 16
  33              		@ frame_needed = 0, uses_anonymous_args = 0
  34              	.LVL0:
  35 0000 2DE9F04F 		push	{r4, r5, r6, r7, r8, r9, r10, fp, lr}
  36              		.cfi_def_cfa_offset 36
  37              		.cfi_offset 4, -36
  38              		.cfi_offset 5, -32
  39              		.cfi_offset 6, -28
  40              		.cfi_offset 7, -24
  41              		.cfi_offset 8, -20
  42              		.cfi_offset 9, -16
  43              		.cfi_offset 10, -12
  44              		.cfi_offset 11, -8
  45              		.cfi_offset 14, -4
  46 0004 85B0     		sub	sp, sp, #20
  47              		.cfi_def_cfa_offset 56
  48              		.loc 1 231 0
  49 0006 8046     		mov	r8, r0
  50 0008 0392     		str	r2, [sp, #12]
  51              		.loc 1 241 0
  52 000a 0192     		str	r2, [sp, #4]
  53              	.LVL1:
  54              		.loc 1 243 0
  55 000c 1278     		ldrb	r2, [r2]	@ zero_extendqisi2
  56              	.LVL2:
  57              		.loc 1 231 0
ARM GAS  /tmp/ccDoyaDB.s 			page 2


  58 000e 0293     		str	r3, [sp, #8]
  59 0010 8946     		mov	r9, r1
  60              		.loc 1 243 0
  61 0012 002A     		cmp	r2, #0
  62 0014 41D0     		beq	.L1
  63 0016 1146     		mov	r1, r2
  64              	.LVL3:
  65              	.L3:
  66              	.LBB5:
  67              		.loc 1 276 0 discriminator 1
  68 0018 DDF804B0 		ldr	fp, [sp, #4]
  69 001c 0027     		movs	r7, #0
  70 001e BA46     		mov	r10, r7
  71 0020 3D46     		mov	r5, r7
  72 0022 5E46     		mov	r6, fp
  73 0024 07E0     		b	.L10
  74              	.LVL4:
  75              	.L30:
  76              	.LBB6:
  77              	.LBB7:
  78              		.loc 1 15 0
  79 0026 012B     		cmp	r3, #1
  80 0028 20D9     		bls	.L7
  81 002a 0D28     		cmp	r0, #13
  82 002c 1ED0     		beq	.L7
  83 002e DDF80CB0 		ldr	fp, [sp, #12]
  84              	.L11:
  85 0032 9BF80010 		ldrb	r1, [fp]	@ zero_extendqisi2
  86              	.LVL5:
  87              	.L10:
  88              	.LBE7:
  89              	.LBE6:
  90              		.loc 1 255 0 discriminator 1
  91 0036 03A8     		add	r0, sp, #12
  92              	.LVL6:
  93              	.LBE5:
  94              		.loc 1 248 0 discriminator 1
  95 0038 F1B1     		cbz	r1, .L5
  96              	.LBB14:
  97              		.loc 1 255 0
  98 003a FFF7FEFF 		bl	mf_getchar
  99              	.LVL7:
 100 003e 0446     		mov	r4, r0
 101              	.LVL8:
 102              		.loc 1 256 0
 103 0040 2146     		mov	r1, r4
 104 0042 4046     		mov	r0, r8
 105              	.LVL9:
 106 0044 FFF7FEFF 		bl	mf_character_width
 107              	.LVL10:
 108 0048 0544     		add	r5, r5, r0
 109              	.LVL11:
 110              	.LBB11:
 111              	.LBB8:
 112              		.loc 1 15 0
 113 004a A4F10903 		sub	r3, r4, #9
 114              	.LBE8:
ARM GAS  /tmp/ccDoyaDB.s 			page 3


 115              	.LBE11:
 116              		.loc 1 256 0
 117 004e ADB2     		uxth	r5, r5
 118              	.LVL12:
 119              		.loc 1 258 0
 120 0050 0A2C     		cmp	r4, #10
 121 0052 0AF10101 		add	r1, r10, #1
 122              	.LBB12:
 123              	.LBB9:
 124              		.loc 1 15 0
 125 0056 DBB2     		uxtb	r3, r3
 126 0058 04F0DF00 		and	r0, r4, #223
 127              	.LBE9:
 128              	.LBE12:
 129              		.loc 1 265 0
 130 005c 2AB2     		sxth	r2, r5
 131              		.loc 1 258 0
 132 005e 09D0     		beq	.L28
 133              		.loc 1 265 0
 134 0060 4A45     		cmp	r2, r9
 135 0062 17DC     		bgt	.L29
 136              	.LBB13:
 137              	.LBB10:
 138              		.loc 1 15 0
 139 0064 202C     		cmp	r4, #32
 140 0066 1FFA81FA 		uxth	r10, r1
 141              	.LVL13:
 142 006a DCD1     		bne	.L30
 143              	.L7:
 144              	.LBE10:
 145              	.LBE13:
 146              		.loc 1 277 0
 147 006c 039E     		ldr	r6, [sp, #12]
 148              	.LVL14:
 149              		.loc 1 276 0
 150 006e 5746     		mov	r7, r10
 151              		.loc 1 277 0
 152 0070 B346     		mov	fp, r6
 153 0072 DEE7     		b	.L11
 154              	.LVL15:
 155              	.L28:
 156              		.loc 1 261 0
 157 0074 039E     		ldr	r6, [sp, #12]
 158              		.loc 1 260 0
 159 0076 8FB2     		uxth	r7, r1
 160              	.LVL16:
 161              	.L5:
 162              	.LBE14:
 163              		.loc 1 282 0
 164 0078 0FB9     		cbnz	r7, .L9
 165              	.LVL17:
 166              		.loc 1 285 0
 167 007a 039E     		ldr	r6, [sp, #12]
 168              	.LVL18:
 169 007c 5746     		mov	r7, r10
 170              	.LVL19:
 171              	.L9:
ARM GAS  /tmp/ccDoyaDB.s 			page 4


 172              		.loc 1 288 0
 173 007e 0198     		ldr	r0, [sp, #4]
 174 0080 0E9A     		ldr	r2, [sp, #56]
 175 0082 029B     		ldr	r3, [sp, #8]
 176 0084 B9B2     		uxth	r1, r7
 177 0086 9847     		blx	r3
 178              	.LVL20:
 179 0088 38B1     		cbz	r0, .L1
 180              	.LVL21:
 181              		.loc 1 292 0
 182 008a 0396     		str	r6, [sp, #12]
 183              	.LVL22:
 184              		.loc 1 243 0
 185 008c 3178     		ldrb	r1, [r6]	@ zero_extendqisi2
 186 008e 21B1     		cbz	r1, .L1
 187 0090 0196     		str	r6, [sp, #4]
 188 0092 C1E7     		b	.L3
 189              	.LVL23:
 190              	.L29:
 191              	.LBB15:
 192              		.loc 1 267 0
 193 0094 CDF80CB0 		str	fp, [sp, #12]
 194              		.loc 1 268 0
 195 0098 EEE7     		b	.L5
 196              	.LVL24:
 197              	.L1:
 198              	.LBE15:
 199              		.loc 1 296 0
 200 009a 05B0     		add	sp, sp, #20
 201              		@ sp needed
 202 009c BDE8F08F 		pop	{r4, r5, r6, r7, r8, r9, r10, fp, pc}
 203              		.cfi_endproc
 204              	.LFE119:
 205              		.size	mf_wordwrap, .-mf_wordwrap
 206              		.text
 207              	.Letext0:
 208              		.file 2 "/opt/ARM/arm-none-eabi/include/machine/_default_types.h"
 209              		.file 3 "/opt/ARM/arm-none-eabi/include/stdint.h"
 210              		.file 4 "/home/makkmarci/devel/ugfx/src/gdisp/mcufont/mf_font.h"
 211              		.file 5 "/home/makkmarci/devel/ugfx/src/gdisp/mcufont/mf_encoding.h"
 212              		.file 6 "/home/makkmarci/devel/ugfx/src/gdisp/mcufont/mf_wordwrap.h"
 213              		.file 7 "../../os/ports/common/ARMCMx/CMSIS/include/core_cm4.h"
 214              		.section	.debug_info,"",%progbits
 215              	.Ldebug_info0:
 216 0000 EC030000 		.4byte	0x3ec
 217 0004 0400     		.2byte	0x4
 218 0006 00000000 		.4byte	.Ldebug_abbrev0
 219 000a 04       		.byte	0x4
 220 000b 01       		.uleb128 0x1
 221 000c B3020000 		.4byte	.LASF47
 222 0010 01       		.byte	0x1
 223 0011 98010000 		.4byte	.LASF48
 224 0015 82000000 		.4byte	.LASF49
 225 0019 48000000 		.4byte	.Ldebug_ranges0+0x48
 226 001d 00000000 		.4byte	0
 227 0021 00000000 		.4byte	.Ldebug_line0
 228 0025 02       		.uleb128 0x2
ARM GAS  /tmp/ccDoyaDB.s 			page 5


 229 0026 04       		.byte	0x4
 230 0027 05       		.byte	0x5
 231 0028 696E7400 		.ascii	"int\000"
 232 002c 03       		.uleb128 0x3
 233 002d 04       		.byte	0x4
 234 002e 07       		.byte	0x7
 235 002f D3010000 		.4byte	.LASF0
 236 0033 03       		.uleb128 0x3
 237 0034 01       		.byte	0x1
 238 0035 06       		.byte	0x6
 239 0036 95020000 		.4byte	.LASF1
 240 003a 04       		.uleb128 0x4
 241 003b 00000000 		.4byte	.LASF3
 242 003f 02       		.byte	0x2
 243 0040 1C       		.byte	0x1c
 244 0041 45000000 		.4byte	0x45
 245 0045 03       		.uleb128 0x3
 246 0046 01       		.byte	0x1
 247 0047 08       		.byte	0x8
 248 0048 2C010000 		.4byte	.LASF2
 249 004c 04       		.uleb128 0x4
 250 004d 76010000 		.4byte	.LASF4
 251 0051 02       		.byte	0x2
 252 0052 25       		.byte	0x25
 253 0053 57000000 		.4byte	0x57
 254 0057 03       		.uleb128 0x3
 255 0058 02       		.byte	0x2
 256 0059 05       		.byte	0x5
 257 005a 65020000 		.4byte	.LASF5
 258 005e 04       		.uleb128 0x4
 259 005f 3A010000 		.4byte	.LASF6
 260 0063 02       		.byte	0x2
 261 0064 26       		.byte	0x26
 262 0065 69000000 		.4byte	0x69
 263 0069 03       		.uleb128 0x3
 264 006a 02       		.byte	0x2
 265 006b 07       		.byte	0x7
 266 006c F9000000 		.4byte	.LASF7
 267 0070 04       		.uleb128 0x4
 268 0071 24000000 		.4byte	.LASF8
 269 0075 02       		.byte	0x2
 270 0076 37       		.byte	0x37
 271 0077 7B000000 		.4byte	0x7b
 272 007b 03       		.uleb128 0x3
 273 007c 04       		.byte	0x4
 274 007d 05       		.byte	0x5
 275 007e 78020000 		.4byte	.LASF9
 276 0082 03       		.uleb128 0x3
 277 0083 04       		.byte	0x4
 278 0084 07       		.byte	0x7
 279 0085 DC000000 		.4byte	.LASF10
 280 0089 03       		.uleb128 0x3
 281 008a 08       		.byte	0x8
 282 008b 05       		.byte	0x5
 283 008c 3C020000 		.4byte	.LASF11
 284 0090 03       		.uleb128 0x3
 285 0091 08       		.byte	0x8
ARM GAS  /tmp/ccDoyaDB.s 			page 6


 286 0092 07       		.byte	0x7
 287 0093 CC030000 		.4byte	.LASF12
 288 0097 04       		.uleb128 0x4
 289 0098 4F000000 		.4byte	.LASF13
 290 009c 03       		.byte	0x3
 291 009d 2A       		.byte	0x2a
 292 009e 3A000000 		.4byte	0x3a
 293 00a2 04       		.uleb128 0x4
 294 00a3 FE010000 		.4byte	.LASF14
 295 00a7 03       		.byte	0x3
 296 00a8 35       		.byte	0x35
 297 00a9 4C000000 		.4byte	0x4c
 298 00ad 04       		.uleb128 0x4
 299 00ae 6F020000 		.4byte	.LASF15
 300 00b2 03       		.byte	0x3
 301 00b3 36       		.byte	0x36
 302 00b4 5E000000 		.4byte	0x5e
 303 00b8 04       		.uleb128 0x4
 304 00b9 1A020000 		.4byte	.LASF16
 305 00bd 03       		.byte	0x3
 306 00be 41       		.byte	0x41
 307 00bf 70000000 		.4byte	0x70
 308 00c3 03       		.uleb128 0x3
 309 00c4 01       		.byte	0x1
 310 00c5 02       		.byte	0x2
 311 00c6 1E000000 		.4byte	.LASF17
 312 00ca 05       		.uleb128 0x5
 313 00cb 04       		.byte	0x4
 314 00cc 03       		.uleb128 0x3
 315 00cd 04       		.byte	0x4
 316 00ce 07       		.byte	0x7
 317 00cf 22020000 		.4byte	.LASF18
 318 00d3 06       		.uleb128 0x6
 319 00d4 04       		.byte	0x4
 320 00d5 D9000000 		.4byte	0xd9
 321 00d9 07       		.uleb128 0x7
 322 00da DE000000 		.4byte	0xde
 323 00de 03       		.uleb128 0x3
 324 00df 01       		.byte	0x1
 325 00e0 08       		.byte	0x8
 326 00e1 E6010000 		.4byte	.LASF19
 327 00e5 08       		.uleb128 0x8
 328 00e6 B8000000 		.4byte	0xb8
 329 00ea 06       		.uleb128 0x6
 330 00eb 04       		.byte	0x4
 331 00ec F0000000 		.4byte	0xf0
 332 00f0 07       		.uleb128 0x7
 333 00f1 F5000000 		.4byte	0xf5
 334 00f5 09       		.uleb128 0x9
 335 00f6 15010000 		.4byte	.LASF50
 336 00fa 1C       		.byte	0x1c
 337 00fb 04       		.byte	0x4
 338 00fc 1D       		.byte	0x1d
 339 00fd 9E010000 		.4byte	0x19e
 340 0101 0A       		.uleb128 0xa
 341 0102 C5000000 		.4byte	.LASF20
 342 0106 04       		.byte	0x4
ARM GAS  /tmp/ccDoyaDB.s 			page 7


 343 0107 20       		.byte	0x20
 344 0108 D3000000 		.4byte	0xd3
 345 010c 00       		.byte	0
 346 010d 0A       		.uleb128 0xa
 347 010e A8020000 		.4byte	.LASF21
 348 0112 04       		.byte	0x4
 349 0113 23       		.byte	0x23
 350 0114 D3000000 		.4byte	0xd3
 351 0118 04       		.byte	0x4
 352 0119 0A       		.uleb128 0xa
 353 011a 5F020000 		.4byte	.LASF22
 354 011e 04       		.byte	0x4
 355 011f 26       		.byte	0x26
 356 0120 97000000 		.4byte	0x97
 357 0124 08       		.byte	0x8
 358 0125 0A       		.uleb128 0xa
 359 0126 4F010000 		.4byte	.LASF23
 360 012a 04       		.byte	0x4
 361 012b 27       		.byte	0x27
 362 012c 97000000 		.4byte	0x97
 363 0130 09       		.byte	0x9
 364 0131 0A       		.uleb128 0xa
 365 0132 2E000000 		.4byte	.LASF24
 366 0136 04       		.byte	0x4
 367 0137 2A       		.byte	0x2a
 368 0138 97000000 		.4byte	0x97
 369 013c 0A       		.byte	0xa
 370 013d 0A       		.uleb128 0xa
 371 013e 56010000 		.4byte	.LASF25
 372 0142 04       		.byte	0x4
 373 0143 2B       		.byte	0x2b
 374 0144 97000000 		.4byte	0x97
 375 0148 0B       		.byte	0xb
 376 0149 0A       		.uleb128 0xa
 377 014a 4A020000 		.4byte	.LASF26
 378 014e 04       		.byte	0x4
 379 014f 2E       		.byte	0x2e
 380 0150 97000000 		.4byte	0x97
 381 0154 0C       		.byte	0xc
 382 0155 0A       		.uleb128 0xa
 383 0156 6B010000 		.4byte	.LASF27
 384 015a 04       		.byte	0x4
 385 015b 2F       		.byte	0x2f
 386 015c 97000000 		.4byte	0x97
 387 0160 0D       		.byte	0xd
 388 0161 0A       		.uleb128 0xa
 389 0162 F2010000 		.4byte	.LASF28
 390 0166 04       		.byte	0x4
 391 0167 32       		.byte	0x32
 392 0168 97000000 		.4byte	0x97
 393 016c 0E       		.byte	0xe
 394 016d 0A       		.uleb128 0xa
 395 016e E0010000 		.4byte	.LASF29
 396 0172 04       		.byte	0x4
 397 0173 35       		.byte	0x35
 398 0174 97000000 		.4byte	0x97
 399 0178 0F       		.byte	0xf
ARM GAS  /tmp/ccDoyaDB.s 			page 8


 400 0179 0A       		.uleb128 0xa
 401 017a 85010000 		.4byte	.LASF30
 402 017e 04       		.byte	0x4
 403 017f 38       		.byte	0x38
 404 0180 9E010000 		.4byte	0x19e
 405 0184 10       		.byte	0x10
 406 0185 0A       		.uleb128 0xa
 407 0186 57000000 		.4byte	.LASF31
 408 018a 04       		.byte	0x4
 409 018b 3C       		.byte	0x3c
 410 018c F8010000 		.4byte	0x1f8
 411 0190 14       		.byte	0x14
 412 0191 0A       		.uleb128 0xa
 413 0192 2B020000 		.4byte	.LASF32
 414 0196 04       		.byte	0x4
 415 0197 40       		.byte	0x40
 416 0198 26020000 		.4byte	0x226
 417 019c 18       		.byte	0x18
 418 019d 00       		.byte	0
 419 019e 04       		.uleb128 0x4
 420 019f CF000000 		.4byte	.LASF33
 421 01a3 05       		.byte	0x5
 422 01a4 16       		.byte	0x16
 423 01a5 DE000000 		.4byte	0xde
 424 01a9 04       		.uleb128 0x4
 425 01aa EB010000 		.4byte	.LASF34
 426 01ae 05       		.byte	0x5
 427 01af 1D       		.byte	0x1d
 428 01b0 D3000000 		.4byte	0xd3
 429 01b4 04       		.uleb128 0x4
 430 01b5 06020000 		.4byte	.LASF35
 431 01b9 04       		.byte	0x4
 432 01ba 19       		.byte	0x19
 433 01bb BF010000 		.4byte	0x1bf
 434 01bf 06       		.uleb128 0x6
 435 01c0 04       		.byte	0x4
 436 01c1 C5010000 		.4byte	0x1c5
 437 01c5 0B       		.uleb128 0xb
 438 01c6 E4010000 		.4byte	0x1e4
 439 01ca 0C       		.uleb128 0xc
 440 01cb A2000000 		.4byte	0xa2
 441 01cf 0C       		.uleb128 0xc
 442 01d0 A2000000 		.4byte	0xa2
 443 01d4 0C       		.uleb128 0xc
 444 01d5 97000000 		.4byte	0x97
 445 01d9 0C       		.uleb128 0xc
 446 01da 97000000 		.4byte	0x97
 447 01de 0C       		.uleb128 0xc
 448 01df CA000000 		.4byte	0xca
 449 01e3 00       		.byte	0
 450 01e4 0D       		.uleb128 0xd
 451 01e5 97000000 		.4byte	0x97
 452 01e9 F8010000 		.4byte	0x1f8
 453 01ed 0C       		.uleb128 0xc
 454 01ee EA000000 		.4byte	0xea
 455 01f2 0C       		.uleb128 0xc
 456 01f3 9E010000 		.4byte	0x19e
ARM GAS  /tmp/ccDoyaDB.s 			page 9


 457 01f7 00       		.byte	0
 458 01f8 06       		.uleb128 0x6
 459 01f9 04       		.byte	0x4
 460 01fa E4010000 		.4byte	0x1e4
 461 01fe 0D       		.uleb128 0xd
 462 01ff 97000000 		.4byte	0x97
 463 0203 26020000 		.4byte	0x226
 464 0207 0C       		.uleb128 0xc
 465 0208 EA000000 		.4byte	0xea
 466 020c 0C       		.uleb128 0xc
 467 020d A2000000 		.4byte	0xa2
 468 0211 0C       		.uleb128 0xc
 469 0212 A2000000 		.4byte	0xa2
 470 0216 0C       		.uleb128 0xc
 471 0217 9E010000 		.4byte	0x19e
 472 021b 0C       		.uleb128 0xc
 473 021c B4010000 		.4byte	0x1b4
 474 0220 0C       		.uleb128 0xc
 475 0221 CA000000 		.4byte	0xca
 476 0225 00       		.byte	0
 477 0226 06       		.uleb128 0x6
 478 0227 04       		.byte	0x4
 479 0228 FE010000 		.4byte	0x1fe
 480 022c 04       		.uleb128 0x4
 481 022d 3C000000 		.4byte	.LASF36
 482 0231 06       		.byte	0x6
 483 0232 1A       		.byte	0x1a
 484 0233 37020000 		.4byte	0x237
 485 0237 06       		.uleb128 0x6
 486 0238 04       		.byte	0x4
 487 0239 3D020000 		.4byte	0x23d
 488 023d 0D       		.uleb128 0xd
 489 023e C3000000 		.4byte	0xc3
 490 0242 56020000 		.4byte	0x256
 491 0246 0C       		.uleb128 0xc
 492 0247 A9010000 		.4byte	0x1a9
 493 024b 0C       		.uleb128 0xc
 494 024c AD000000 		.4byte	0xad
 495 0250 0C       		.uleb128 0xc
 496 0251 CA000000 		.4byte	0xca
 497 0255 00       		.byte	0
 498 0256 0E       		.uleb128 0xe
 499 0257 0A000000 		.4byte	.LASF51
 500 025b 01       		.byte	0x1
 501 025c 0D       		.byte	0xd
 502 025d C3000000 		.4byte	0xc3
 503 0261 01       		.byte	0x1
 504 0262 70020000 		.4byte	0x270
 505 0266 0F       		.uleb128 0xf
 506 0267 6300     		.ascii	"c\000"
 507 0269 01       		.byte	0x1
 508 026a 0D       		.byte	0xd
 509 026b AD000000 		.4byte	0xad
 510 026f 00       		.byte	0
 511 0270 10       		.uleb128 0x10
 512 0271 89020000 		.4byte	.LASF52
 513 0275 01       		.byte	0x1
ARM GAS  /tmp/ccDoyaDB.s 			page 10


 514 0276 E5       		.byte	0xe5
 515 0277 00000000 		.4byte	.LFB119
 516 027b A0000000 		.4byte	.LFE119-.LFB119
 517 027f 01       		.uleb128 0x1
 518 0280 9C       		.byte	0x9c
 519 0281 B2030000 		.4byte	0x3b2
 520 0285 11       		.uleb128 0x11
 521 0286 80010000 		.4byte	.LASF37
 522 028a 01       		.byte	0x1
 523 028b E5       		.byte	0xe5
 524 028c EA000000 		.4byte	0xea
 525 0290 00000000 		.4byte	.LLST0
 526 0294 11       		.uleb128 0x11
 527 0295 5F020000 		.4byte	.LASF22
 528 0299 01       		.byte	0x1
 529 029a E5       		.byte	0xe5
 530 029b A2000000 		.4byte	0xa2
 531 029f 1E000000 		.4byte	.LLST1
 532 02a3 11       		.uleb128 0x11
 533 02a4 D7000000 		.4byte	.LASF38
 534 02a8 01       		.byte	0x1
 535 02a9 E6       		.byte	0xe6
 536 02aa A9010000 		.4byte	0x1a9
 537 02ae 3F000000 		.4byte	.LLST2
 538 02b2 11       		.uleb128 0x11
 539 02b3 0C010000 		.4byte	.LASF39
 540 02b7 01       		.byte	0x1
 541 02b8 E6       		.byte	0xe6
 542 02b9 2C020000 		.4byte	0x22c
 543 02bd 76000000 		.4byte	.LLST3
 544 02c1 12       		.uleb128 0x12
 545 02c2 18000000 		.4byte	.LASF40
 546 02c6 01       		.byte	0x1
 547 02c7 E6       		.byte	0xe6
 548 02c8 CA000000 		.4byte	0xca
 549 02cc 02       		.uleb128 0x2
 550 02cd 91       		.byte	0x91
 551 02ce 00       		.sleb128 0
 552 02cf 13       		.uleb128 0x13
 553 02d0 45010000 		.4byte	.LASF41
 554 02d4 01       		.byte	0x1
 555 02d5 E8       		.byte	0xe8
 556 02d6 A9010000 		.4byte	0x1a9
 557 02da 95000000 		.4byte	.LLST4
 558 02de 13       		.uleb128 0x13
 559 02df A1020000 		.4byte	.LASF42
 560 02e3 01       		.byte	0x1
 561 02e4 EB       		.byte	0xeb
 562 02e5 A2000000 		.4byte	0xa2
 563 02e9 D7000000 		.4byte	.LLST5
 564 02ed 13       		.uleb128 0x13
 565 02ee 64010000 		.4byte	.LASF43
 566 02f2 01       		.byte	0x1
 567 02f3 EB       		.byte	0xeb
 568 02f4 A2000000 		.4byte	0xa2
 569 02f8 0D010000 		.4byte	.LLST6
 570 02fc 13       		.uleb128 0x13
ARM GAS  /tmp/ccDoyaDB.s 			page 11


 571 02fd 81020000 		.4byte	.LASF44
 572 0301 01       		.byte	0x1
 573 0302 EE       		.byte	0xee
 574 0303 A2000000 		.4byte	0xa2
 575 0307 64010000 		.4byte	.LLST7
 576 030b 13       		.uleb128 0x13
 577 030c 7A000000 		.4byte	.LASF45
 578 0310 01       		.byte	0x1
 579 0311 EF       		.byte	0xef
 580 0312 A9010000 		.4byte	0x1a9
 581 0316 A3010000 		.4byte	.LLST8
 582 031a 14       		.uleb128 0x14
 583 031b 00000000 		.4byte	.Ldebug_ranges0+0
 584 031f 93030000 		.4byte	0x393
 585 0323 15       		.uleb128 0x15
 586 0324 6300     		.ascii	"c\000"
 587 0326 01       		.byte	0x1
 588 0327 FA       		.byte	0xfa
 589 0328 9E010000 		.4byte	0x19e
 590 032c C1010000 		.4byte	.LLST9
 591 0330 13       		.uleb128 0x13
 592 0331 55020000 		.4byte	.LASF46
 593 0335 01       		.byte	0x1
 594 0336 FB       		.byte	0xfb
 595 0337 A2000000 		.4byte	0xa2
 596 033b 00020000 		.4byte	.LLST10
 597 033f 16       		.uleb128 0x16
 598 0340 746D7000 		.ascii	"tmp\000"
 599 0344 01       		.byte	0x1
 600 0345 FC       		.byte	0xfc
 601 0346 A9010000 		.4byte	0x1a9
 602 034a 17       		.uleb128 0x17
 603 034b 56020000 		.4byte	0x256
 604 034f 26000000 		.4byte	.LBB6
 605 0353 20000000 		.4byte	.Ldebug_ranges0+0x20
 606 0357 01       		.byte	0x1
 607 0358 1201     		.2byte	0x112
 608 035a 68030000 		.4byte	0x368
 609 035e 18       		.uleb128 0x18
 610 035f 66020000 		.4byte	0x266
 611 0363 29020000 		.4byte	.LLST11
 612 0367 00       		.byte	0
 613 0368 19       		.uleb128 0x19
 614 0369 3E000000 		.4byte	.LVL7
 615 036d BE030000 		.4byte	0x3be
 616 0371 7C030000 		.4byte	0x37c
 617 0375 1A       		.uleb128 0x1a
 618 0376 01       		.uleb128 0x1
 619 0377 50       		.byte	0x50
 620 0378 02       		.uleb128 0x2
 621 0379 91       		.byte	0x91
 622 037a 54       		.sleb128 -44
 623 037b 00       		.byte	0
 624 037c 1B       		.uleb128 0x1b
 625 037d 48000000 		.4byte	.LVL10
 626 0381 D9030000 		.4byte	0x3d9
 627 0385 1A       		.uleb128 0x1a
ARM GAS  /tmp/ccDoyaDB.s 			page 12


 628 0386 01       		.uleb128 0x1
 629 0387 51       		.byte	0x51
 630 0388 02       		.uleb128 0x2
 631 0389 74       		.byte	0x74
 632 038a 00       		.sleb128 0
 633 038b 1A       		.uleb128 0x1a
 634 038c 01       		.uleb128 0x1
 635 038d 50       		.byte	0x50
 636 038e 02       		.uleb128 0x2
 637 038f 78       		.byte	0x78
 638 0390 00       		.sleb128 0
 639 0391 00       		.byte	0
 640 0392 00       		.byte	0
 641 0393 1C       		.uleb128 0x1c
 642 0394 88000000 		.4byte	.LVL20
 643 0398 03       		.uleb128 0x3
 644 0399 91       		.byte	0x91
 645 039a 50       		.sleb128 -48
 646 039b 06       		.byte	0x6
 647 039c 1A       		.uleb128 0x1a
 648 039d 01       		.uleb128 0x1
 649 039e 52       		.byte	0x52
 650 039f 03       		.uleb128 0x3
 651 03a0 91       		.byte	0x91
 652 03a1 00       		.sleb128 0
 653 03a2 06       		.byte	0x6
 654 03a3 1A       		.uleb128 0x1a
 655 03a4 01       		.uleb128 0x1
 656 03a5 51       		.byte	0x51
 657 03a6 02       		.uleb128 0x2
 658 03a7 77       		.byte	0x77
 659 03a8 00       		.sleb128 0
 660 03a9 1A       		.uleb128 0x1a
 661 03aa 01       		.uleb128 0x1
 662 03ab 50       		.byte	0x50
 663 03ac 03       		.uleb128 0x3
 664 03ad 91       		.byte	0x91
 665 03ae 4C       		.sleb128 -52
 666 03af 06       		.byte	0x6
 667 03b0 00       		.byte	0
 668 03b1 00       		.byte	0
 669 03b2 1D       		.uleb128 0x1d
 670 03b3 1F010000 		.4byte	.LASF53
 671 03b7 07       		.byte	0x7
 672 03b8 9806     		.2byte	0x698
 673 03ba E5000000 		.4byte	0xe5
 674 03be 1E       		.uleb128 0x1e
 675 03bf EE000000 		.4byte	.LASF54
 676 03c3 05       		.byte	0x5
 677 03c4 2F       		.byte	0x2f
 678 03c5 9E010000 		.4byte	0x19e
 679 03c9 D3030000 		.4byte	0x3d3
 680 03cd 0C       		.uleb128 0xc
 681 03ce D3030000 		.4byte	0x3d3
 682 03d2 00       		.byte	0
 683 03d3 06       		.uleb128 0x6
 684 03d4 04       		.byte	0x4
ARM GAS  /tmp/ccDoyaDB.s 			page 13


 685 03d5 A9010000 		.4byte	0x1a9
 686 03d9 1F       		.uleb128 0x1f
 687 03da 67000000 		.4byte	.LASF55
 688 03de 04       		.byte	0x4
 689 03df 6C       		.byte	0x6c
 690 03e0 97000000 		.4byte	0x97
 691 03e4 0C       		.uleb128 0xc
 692 03e5 EA000000 		.4byte	0xea
 693 03e9 0C       		.uleb128 0xc
 694 03ea 9E010000 		.4byte	0x19e
 695 03ee 00       		.byte	0
 696 03ef 00       		.byte	0
 697              		.section	.debug_abbrev,"",%progbits
 698              	.Ldebug_abbrev0:
 699 0000 01       		.uleb128 0x1
 700 0001 11       		.uleb128 0x11
 701 0002 01       		.byte	0x1
 702 0003 25       		.uleb128 0x25
 703 0004 0E       		.uleb128 0xe
 704 0005 13       		.uleb128 0x13
 705 0006 0B       		.uleb128 0xb
 706 0007 03       		.uleb128 0x3
 707 0008 0E       		.uleb128 0xe
 708 0009 1B       		.uleb128 0x1b
 709 000a 0E       		.uleb128 0xe
 710 000b 55       		.uleb128 0x55
 711 000c 17       		.uleb128 0x17
 712 000d 11       		.uleb128 0x11
 713 000e 01       		.uleb128 0x1
 714 000f 10       		.uleb128 0x10
 715 0010 17       		.uleb128 0x17
 716 0011 00       		.byte	0
 717 0012 00       		.byte	0
 718 0013 02       		.uleb128 0x2
 719 0014 24       		.uleb128 0x24
 720 0015 00       		.byte	0
 721 0016 0B       		.uleb128 0xb
 722 0017 0B       		.uleb128 0xb
 723 0018 3E       		.uleb128 0x3e
 724 0019 0B       		.uleb128 0xb
 725 001a 03       		.uleb128 0x3
 726 001b 08       		.uleb128 0x8
 727 001c 00       		.byte	0
 728 001d 00       		.byte	0
 729 001e 03       		.uleb128 0x3
 730 001f 24       		.uleb128 0x24
 731 0020 00       		.byte	0
 732 0021 0B       		.uleb128 0xb
 733 0022 0B       		.uleb128 0xb
 734 0023 3E       		.uleb128 0x3e
 735 0024 0B       		.uleb128 0xb
 736 0025 03       		.uleb128 0x3
 737 0026 0E       		.uleb128 0xe
 738 0027 00       		.byte	0
 739 0028 00       		.byte	0
 740 0029 04       		.uleb128 0x4
 741 002a 16       		.uleb128 0x16
ARM GAS  /tmp/ccDoyaDB.s 			page 14


 742 002b 00       		.byte	0
 743 002c 03       		.uleb128 0x3
 744 002d 0E       		.uleb128 0xe
 745 002e 3A       		.uleb128 0x3a
 746 002f 0B       		.uleb128 0xb
 747 0030 3B       		.uleb128 0x3b
 748 0031 0B       		.uleb128 0xb
 749 0032 49       		.uleb128 0x49
 750 0033 13       		.uleb128 0x13
 751 0034 00       		.byte	0
 752 0035 00       		.byte	0
 753 0036 05       		.uleb128 0x5
 754 0037 0F       		.uleb128 0xf
 755 0038 00       		.byte	0
 756 0039 0B       		.uleb128 0xb
 757 003a 0B       		.uleb128 0xb
 758 003b 00       		.byte	0
 759 003c 00       		.byte	0
 760 003d 06       		.uleb128 0x6
 761 003e 0F       		.uleb128 0xf
 762 003f 00       		.byte	0
 763 0040 0B       		.uleb128 0xb
 764 0041 0B       		.uleb128 0xb
 765 0042 49       		.uleb128 0x49
 766 0043 13       		.uleb128 0x13
 767 0044 00       		.byte	0
 768 0045 00       		.byte	0
 769 0046 07       		.uleb128 0x7
 770 0047 26       		.uleb128 0x26
 771 0048 00       		.byte	0
 772 0049 49       		.uleb128 0x49
 773 004a 13       		.uleb128 0x13
 774 004b 00       		.byte	0
 775 004c 00       		.byte	0
 776 004d 08       		.uleb128 0x8
 777 004e 35       		.uleb128 0x35
 778 004f 00       		.byte	0
 779 0050 49       		.uleb128 0x49
 780 0051 13       		.uleb128 0x13
 781 0052 00       		.byte	0
 782 0053 00       		.byte	0
 783 0054 09       		.uleb128 0x9
 784 0055 13       		.uleb128 0x13
 785 0056 01       		.byte	0x1
 786 0057 03       		.uleb128 0x3
 787 0058 0E       		.uleb128 0xe
 788 0059 0B       		.uleb128 0xb
 789 005a 0B       		.uleb128 0xb
 790 005b 3A       		.uleb128 0x3a
 791 005c 0B       		.uleb128 0xb
 792 005d 3B       		.uleb128 0x3b
 793 005e 0B       		.uleb128 0xb
 794 005f 01       		.uleb128 0x1
 795 0060 13       		.uleb128 0x13
 796 0061 00       		.byte	0
 797 0062 00       		.byte	0
 798 0063 0A       		.uleb128 0xa
ARM GAS  /tmp/ccDoyaDB.s 			page 15


 799 0064 0D       		.uleb128 0xd
 800 0065 00       		.byte	0
 801 0066 03       		.uleb128 0x3
 802 0067 0E       		.uleb128 0xe
 803 0068 3A       		.uleb128 0x3a
 804 0069 0B       		.uleb128 0xb
 805 006a 3B       		.uleb128 0x3b
 806 006b 0B       		.uleb128 0xb
 807 006c 49       		.uleb128 0x49
 808 006d 13       		.uleb128 0x13
 809 006e 38       		.uleb128 0x38
 810 006f 0B       		.uleb128 0xb
 811 0070 00       		.byte	0
 812 0071 00       		.byte	0
 813 0072 0B       		.uleb128 0xb
 814 0073 15       		.uleb128 0x15
 815 0074 01       		.byte	0x1
 816 0075 27       		.uleb128 0x27
 817 0076 19       		.uleb128 0x19
 818 0077 01       		.uleb128 0x1
 819 0078 13       		.uleb128 0x13
 820 0079 00       		.byte	0
 821 007a 00       		.byte	0
 822 007b 0C       		.uleb128 0xc
 823 007c 05       		.uleb128 0x5
 824 007d 00       		.byte	0
 825 007e 49       		.uleb128 0x49
 826 007f 13       		.uleb128 0x13
 827 0080 00       		.byte	0
 828 0081 00       		.byte	0
 829 0082 0D       		.uleb128 0xd
 830 0083 15       		.uleb128 0x15
 831 0084 01       		.byte	0x1
 832 0085 27       		.uleb128 0x27
 833 0086 19       		.uleb128 0x19
 834 0087 49       		.uleb128 0x49
 835 0088 13       		.uleb128 0x13
 836 0089 01       		.uleb128 0x1
 837 008a 13       		.uleb128 0x13
 838 008b 00       		.byte	0
 839 008c 00       		.byte	0
 840 008d 0E       		.uleb128 0xe
 841 008e 2E       		.uleb128 0x2e
 842 008f 01       		.byte	0x1
 843 0090 03       		.uleb128 0x3
 844 0091 0E       		.uleb128 0xe
 845 0092 3A       		.uleb128 0x3a
 846 0093 0B       		.uleb128 0xb
 847 0094 3B       		.uleb128 0x3b
 848 0095 0B       		.uleb128 0xb
 849 0096 27       		.uleb128 0x27
 850 0097 19       		.uleb128 0x19
 851 0098 49       		.uleb128 0x49
 852 0099 13       		.uleb128 0x13
 853 009a 20       		.uleb128 0x20
 854 009b 0B       		.uleb128 0xb
 855 009c 01       		.uleb128 0x1
ARM GAS  /tmp/ccDoyaDB.s 			page 16


 856 009d 13       		.uleb128 0x13
 857 009e 00       		.byte	0
 858 009f 00       		.byte	0
 859 00a0 0F       		.uleb128 0xf
 860 00a1 05       		.uleb128 0x5
 861 00a2 00       		.byte	0
 862 00a3 03       		.uleb128 0x3
 863 00a4 08       		.uleb128 0x8
 864 00a5 3A       		.uleb128 0x3a
 865 00a6 0B       		.uleb128 0xb
 866 00a7 3B       		.uleb128 0x3b
 867 00a8 0B       		.uleb128 0xb
 868 00a9 49       		.uleb128 0x49
 869 00aa 13       		.uleb128 0x13
 870 00ab 00       		.byte	0
 871 00ac 00       		.byte	0
 872 00ad 10       		.uleb128 0x10
 873 00ae 2E       		.uleb128 0x2e
 874 00af 01       		.byte	0x1
 875 00b0 3F       		.uleb128 0x3f
 876 00b1 19       		.uleb128 0x19
 877 00b2 03       		.uleb128 0x3
 878 00b3 0E       		.uleb128 0xe
 879 00b4 3A       		.uleb128 0x3a
 880 00b5 0B       		.uleb128 0xb
 881 00b6 3B       		.uleb128 0x3b
 882 00b7 0B       		.uleb128 0xb
 883 00b8 27       		.uleb128 0x27
 884 00b9 19       		.uleb128 0x19
 885 00ba 11       		.uleb128 0x11
 886 00bb 01       		.uleb128 0x1
 887 00bc 12       		.uleb128 0x12
 888 00bd 06       		.uleb128 0x6
 889 00be 40       		.uleb128 0x40
 890 00bf 18       		.uleb128 0x18
 891 00c0 9742     		.uleb128 0x2117
 892 00c2 19       		.uleb128 0x19
 893 00c3 01       		.uleb128 0x1
 894 00c4 13       		.uleb128 0x13
 895 00c5 00       		.byte	0
 896 00c6 00       		.byte	0
 897 00c7 11       		.uleb128 0x11
 898 00c8 05       		.uleb128 0x5
 899 00c9 00       		.byte	0
 900 00ca 03       		.uleb128 0x3
 901 00cb 0E       		.uleb128 0xe
 902 00cc 3A       		.uleb128 0x3a
 903 00cd 0B       		.uleb128 0xb
 904 00ce 3B       		.uleb128 0x3b
 905 00cf 0B       		.uleb128 0xb
 906 00d0 49       		.uleb128 0x49
 907 00d1 13       		.uleb128 0x13
 908 00d2 02       		.uleb128 0x2
 909 00d3 17       		.uleb128 0x17
 910 00d4 00       		.byte	0
 911 00d5 00       		.byte	0
 912 00d6 12       		.uleb128 0x12
ARM GAS  /tmp/ccDoyaDB.s 			page 17


 913 00d7 05       		.uleb128 0x5
 914 00d8 00       		.byte	0
 915 00d9 03       		.uleb128 0x3
 916 00da 0E       		.uleb128 0xe
 917 00db 3A       		.uleb128 0x3a
 918 00dc 0B       		.uleb128 0xb
 919 00dd 3B       		.uleb128 0x3b
 920 00de 0B       		.uleb128 0xb
 921 00df 49       		.uleb128 0x49
 922 00e0 13       		.uleb128 0x13
 923 00e1 02       		.uleb128 0x2
 924 00e2 18       		.uleb128 0x18
 925 00e3 00       		.byte	0
 926 00e4 00       		.byte	0
 927 00e5 13       		.uleb128 0x13
 928 00e6 34       		.uleb128 0x34
 929 00e7 00       		.byte	0
 930 00e8 03       		.uleb128 0x3
 931 00e9 0E       		.uleb128 0xe
 932 00ea 3A       		.uleb128 0x3a
 933 00eb 0B       		.uleb128 0xb
 934 00ec 3B       		.uleb128 0x3b
 935 00ed 0B       		.uleb128 0xb
 936 00ee 49       		.uleb128 0x49
 937 00ef 13       		.uleb128 0x13
 938 00f0 02       		.uleb128 0x2
 939 00f1 17       		.uleb128 0x17
 940 00f2 00       		.byte	0
 941 00f3 00       		.byte	0
 942 00f4 14       		.uleb128 0x14
 943 00f5 0B       		.uleb128 0xb
 944 00f6 01       		.byte	0x1
 945 00f7 55       		.uleb128 0x55
 946 00f8 17       		.uleb128 0x17
 947 00f9 01       		.uleb128 0x1
 948 00fa 13       		.uleb128 0x13
 949 00fb 00       		.byte	0
 950 00fc 00       		.byte	0
 951 00fd 15       		.uleb128 0x15
 952 00fe 34       		.uleb128 0x34
 953 00ff 00       		.byte	0
 954 0100 03       		.uleb128 0x3
 955 0101 08       		.uleb128 0x8
 956 0102 3A       		.uleb128 0x3a
 957 0103 0B       		.uleb128 0xb
 958 0104 3B       		.uleb128 0x3b
 959 0105 0B       		.uleb128 0xb
 960 0106 49       		.uleb128 0x49
 961 0107 13       		.uleb128 0x13
 962 0108 02       		.uleb128 0x2
 963 0109 17       		.uleb128 0x17
 964 010a 00       		.byte	0
 965 010b 00       		.byte	0
 966 010c 16       		.uleb128 0x16
 967 010d 34       		.uleb128 0x34
 968 010e 00       		.byte	0
 969 010f 03       		.uleb128 0x3
ARM GAS  /tmp/ccDoyaDB.s 			page 18


 970 0110 08       		.uleb128 0x8
 971 0111 3A       		.uleb128 0x3a
 972 0112 0B       		.uleb128 0xb
 973 0113 3B       		.uleb128 0x3b
 974 0114 0B       		.uleb128 0xb
 975 0115 49       		.uleb128 0x49
 976 0116 13       		.uleb128 0x13
 977 0117 00       		.byte	0
 978 0118 00       		.byte	0
 979 0119 17       		.uleb128 0x17
 980 011a 1D       		.uleb128 0x1d
 981 011b 01       		.byte	0x1
 982 011c 31       		.uleb128 0x31
 983 011d 13       		.uleb128 0x13
 984 011e 52       		.uleb128 0x52
 985 011f 01       		.uleb128 0x1
 986 0120 55       		.uleb128 0x55
 987 0121 17       		.uleb128 0x17
 988 0122 58       		.uleb128 0x58
 989 0123 0B       		.uleb128 0xb
 990 0124 59       		.uleb128 0x59
 991 0125 05       		.uleb128 0x5
 992 0126 01       		.uleb128 0x1
 993 0127 13       		.uleb128 0x13
 994 0128 00       		.byte	0
 995 0129 00       		.byte	0
 996 012a 18       		.uleb128 0x18
 997 012b 05       		.uleb128 0x5
 998 012c 00       		.byte	0
 999 012d 31       		.uleb128 0x31
 1000 012e 13       		.uleb128 0x13
 1001 012f 02       		.uleb128 0x2
 1002 0130 17       		.uleb128 0x17
 1003 0131 00       		.byte	0
 1004 0132 00       		.byte	0
 1005 0133 19       		.uleb128 0x19
 1006 0134 898201   		.uleb128 0x4109
 1007 0137 01       		.byte	0x1
 1008 0138 11       		.uleb128 0x11
 1009 0139 01       		.uleb128 0x1
 1010 013a 31       		.uleb128 0x31
 1011 013b 13       		.uleb128 0x13
 1012 013c 01       		.uleb128 0x1
 1013 013d 13       		.uleb128 0x13
 1014 013e 00       		.byte	0
 1015 013f 00       		.byte	0
 1016 0140 1A       		.uleb128 0x1a
 1017 0141 8A8201   		.uleb128 0x410a
 1018 0144 00       		.byte	0
 1019 0145 02       		.uleb128 0x2
 1020 0146 18       		.uleb128 0x18
 1021 0147 9142     		.uleb128 0x2111
 1022 0149 18       		.uleb128 0x18
 1023 014a 00       		.byte	0
 1024 014b 00       		.byte	0
 1025 014c 1B       		.uleb128 0x1b
 1026 014d 898201   		.uleb128 0x4109
ARM GAS  /tmp/ccDoyaDB.s 			page 19


 1027 0150 01       		.byte	0x1
 1028 0151 11       		.uleb128 0x11
 1029 0152 01       		.uleb128 0x1
 1030 0153 31       		.uleb128 0x31
 1031 0154 13       		.uleb128 0x13
 1032 0155 00       		.byte	0
 1033 0156 00       		.byte	0
 1034 0157 1C       		.uleb128 0x1c
 1035 0158 898201   		.uleb128 0x4109
 1036 015b 01       		.byte	0x1
 1037 015c 11       		.uleb128 0x11
 1038 015d 01       		.uleb128 0x1
 1039 015e 9342     		.uleb128 0x2113
 1040 0160 18       		.uleb128 0x18
 1041 0161 00       		.byte	0
 1042 0162 00       		.byte	0
 1043 0163 1D       		.uleb128 0x1d
 1044 0164 34       		.uleb128 0x34
 1045 0165 00       		.byte	0
 1046 0166 03       		.uleb128 0x3
 1047 0167 0E       		.uleb128 0xe
 1048 0168 3A       		.uleb128 0x3a
 1049 0169 0B       		.uleb128 0xb
 1050 016a 3B       		.uleb128 0x3b
 1051 016b 05       		.uleb128 0x5
 1052 016c 49       		.uleb128 0x49
 1053 016d 13       		.uleb128 0x13
 1054 016e 3F       		.uleb128 0x3f
 1055 016f 19       		.uleb128 0x19
 1056 0170 3C       		.uleb128 0x3c
 1057 0171 19       		.uleb128 0x19
 1058 0172 00       		.byte	0
 1059 0173 00       		.byte	0
 1060 0174 1E       		.uleb128 0x1e
 1061 0175 2E       		.uleb128 0x2e
 1062 0176 01       		.byte	0x1
 1063 0177 3F       		.uleb128 0x3f
 1064 0178 19       		.uleb128 0x19
 1065 0179 03       		.uleb128 0x3
 1066 017a 0E       		.uleb128 0xe
 1067 017b 3A       		.uleb128 0x3a
 1068 017c 0B       		.uleb128 0xb
 1069 017d 3B       		.uleb128 0x3b
 1070 017e 0B       		.uleb128 0xb
 1071 017f 27       		.uleb128 0x27
 1072 0180 19       		.uleb128 0x19
 1073 0181 49       		.uleb128 0x49
 1074 0182 13       		.uleb128 0x13
 1075 0183 3C       		.uleb128 0x3c
 1076 0184 19       		.uleb128 0x19
 1077 0185 01       		.uleb128 0x1
 1078 0186 13       		.uleb128 0x13
 1079 0187 00       		.byte	0
 1080 0188 00       		.byte	0
 1081 0189 1F       		.uleb128 0x1f
 1082 018a 2E       		.uleb128 0x2e
 1083 018b 01       		.byte	0x1
ARM GAS  /tmp/ccDoyaDB.s 			page 20


 1084 018c 3F       		.uleb128 0x3f
 1085 018d 19       		.uleb128 0x19
 1086 018e 03       		.uleb128 0x3
 1087 018f 0E       		.uleb128 0xe
 1088 0190 3A       		.uleb128 0x3a
 1089 0191 0B       		.uleb128 0xb
 1090 0192 3B       		.uleb128 0x3b
 1091 0193 0B       		.uleb128 0xb
 1092 0194 27       		.uleb128 0x27
 1093 0195 19       		.uleb128 0x19
 1094 0196 49       		.uleb128 0x49
 1095 0197 13       		.uleb128 0x13
 1096 0198 3C       		.uleb128 0x3c
 1097 0199 19       		.uleb128 0x19
 1098 019a 00       		.byte	0
 1099 019b 00       		.byte	0
 1100 019c 00       		.byte	0
 1101              		.section	.debug_loc,"",%progbits
 1102              	.Ldebug_loc0:
 1103              	.LLST0:
 1104 0000 00000000 		.4byte	.LVL0
 1105 0004 18000000 		.4byte	.LVL3
 1106 0008 0100     		.2byte	0x1
 1107 000a 50       		.byte	0x50
 1108 000b 18000000 		.4byte	.LVL3
 1109 000f A0000000 		.4byte	.LFE119
 1110 0013 0100     		.2byte	0x1
 1111 0015 58       		.byte	0x58
 1112 0016 00000000 		.4byte	0
 1113 001a 00000000 		.4byte	0
 1114              	.LLST1:
 1115 001e 00000000 		.4byte	.LVL0
 1116 0022 18000000 		.4byte	.LVL3
 1117 0026 0100     		.2byte	0x1
 1118 0028 51       		.byte	0x51
 1119 0029 18000000 		.4byte	.LVL3
 1120 002d A0000000 		.4byte	.LFE119
 1121 0031 0400     		.2byte	0x4
 1122 0033 F3       		.byte	0xf3
 1123 0034 01       		.uleb128 0x1
 1124 0035 51       		.byte	0x51
 1125 0036 9F       		.byte	0x9f
 1126 0037 00000000 		.4byte	0
 1127 003b 00000000 		.4byte	0
 1128              	.LLST2:
 1129 003f 00000000 		.4byte	.LVL0
 1130 0043 0E000000 		.4byte	.LVL2
 1131 0047 0100     		.2byte	0x1
 1132 0049 52       		.byte	0x52
 1133 004a 0E000000 		.4byte	.LVL2
 1134 004e 38000000 		.4byte	.LVL6
 1135 0052 0200     		.2byte	0x2
 1136 0054 91       		.byte	0x91
 1137 0055 54       		.sleb128 -44
 1138 0056 38000000 		.4byte	.LVL6
 1139 005a 3D000000 		.4byte	.LVL7-1
 1140 005e 0200     		.2byte	0x2
ARM GAS  /tmp/ccDoyaDB.s 			page 21


 1141 0060 70       		.byte	0x70
 1142 0061 00       		.sleb128 0
 1143 0062 3D000000 		.4byte	.LVL7-1
 1144 0066 A0000000 		.4byte	.LFE119
 1145 006a 0200     		.2byte	0x2
 1146 006c 91       		.byte	0x91
 1147 006d 54       		.sleb128 -44
 1148 006e 00000000 		.4byte	0
 1149 0072 00000000 		.4byte	0
 1150              	.LLST3:
 1151 0076 00000000 		.4byte	.LVL0
 1152 007a 18000000 		.4byte	.LVL3
 1153 007e 0100     		.2byte	0x1
 1154 0080 53       		.byte	0x53
 1155 0081 18000000 		.4byte	.LVL3
 1156 0085 A0000000 		.4byte	.LFE119
 1157 0089 0200     		.2byte	0x2
 1158 008b 91       		.byte	0x91
 1159 008c 50       		.sleb128 -48
 1160 008d 00000000 		.4byte	0
 1161 0091 00000000 		.4byte	0
 1162              	.LLST4:
 1163 0095 0C000000 		.4byte	.LVL1
 1164 0099 0E000000 		.4byte	.LVL2
 1165 009d 0100     		.2byte	0x1
 1166 009f 52       		.byte	0x52
 1167 00a0 0E000000 		.4byte	.LVL2
 1168 00a4 18000000 		.4byte	.LVL3
 1169 00a8 0200     		.2byte	0x2
 1170 00aa 91       		.byte	0x91
 1171 00ab 54       		.sleb128 -44
 1172 00ac 18000000 		.4byte	.LVL3
 1173 00b0 8A000000 		.4byte	.LVL21
 1174 00b4 0200     		.2byte	0x2
 1175 00b6 91       		.byte	0x91
 1176 00b7 4C       		.sleb128 -52
 1177 00b8 8A000000 		.4byte	.LVL21
 1178 00bc 94000000 		.4byte	.LVL23
 1179 00c0 0100     		.2byte	0x1
 1180 00c2 56       		.byte	0x56
 1181 00c3 94000000 		.4byte	.LVL23
 1182 00c7 9A000000 		.4byte	.LVL24
 1183 00cb 0200     		.2byte	0x2
 1184 00cd 91       		.byte	0x91
 1185 00ce 4C       		.sleb128 -52
 1186 00cf 00000000 		.4byte	0
 1187 00d3 00000000 		.4byte	0
 1188              	.LLST5:
 1189 00d7 00000000 		.4byte	.LVL0
 1190 00db 26000000 		.4byte	.LVL4
 1191 00df 0200     		.2byte	0x2
 1192 00e1 30       		.byte	0x30
 1193 00e2 9F       		.byte	0x9f
 1194 00e3 26000000 		.4byte	.LVL4
 1195 00e7 4A000000 		.4byte	.LVL11
 1196 00eb 0100     		.2byte	0x1
 1197 00ed 55       		.byte	0x55
ARM GAS  /tmp/ccDoyaDB.s 			page 22


 1198 00ee 6A000000 		.4byte	.LVL13
 1199 00f2 74000000 		.4byte	.LVL15
 1200 00f6 0100     		.2byte	0x1
 1201 00f8 55       		.byte	0x55
 1202 00f9 8C000000 		.4byte	.LVL22
 1203 00fd 94000000 		.4byte	.LVL23
 1204 0101 0200     		.2byte	0x2
 1205 0103 30       		.byte	0x30
 1206 0104 9F       		.byte	0x9f
 1207 0105 00000000 		.4byte	0
 1208 0109 00000000 		.4byte	0
 1209              	.LLST6:
 1210 010d 00000000 		.4byte	.LVL0
 1211 0111 26000000 		.4byte	.LVL4
 1212 0115 0200     		.2byte	0x2
 1213 0117 30       		.byte	0x30
 1214 0118 9F       		.byte	0x9f
 1215 0119 26000000 		.4byte	.LVL4
 1216 011d 36000000 		.4byte	.LVL5
 1217 0121 0100     		.2byte	0x1
 1218 0123 51       		.byte	0x51
 1219 0124 36000000 		.4byte	.LVL5
 1220 0128 6A000000 		.4byte	.LVL13
 1221 012c 0100     		.2byte	0x1
 1222 012e 5A       		.byte	0x5a
 1223 012f 6A000000 		.4byte	.LVL13
 1224 0133 74000000 		.4byte	.LVL15
 1225 0137 0100     		.2byte	0x1
 1226 0139 51       		.byte	0x51
 1227 013a 74000000 		.4byte	.LVL15
 1228 013e 8C000000 		.4byte	.LVL22
 1229 0142 0100     		.2byte	0x1
 1230 0144 5A       		.byte	0x5a
 1231 0145 8C000000 		.4byte	.LVL22
 1232 0149 94000000 		.4byte	.LVL23
 1233 014d 0200     		.2byte	0x2
 1234 014f 30       		.byte	0x30
 1235 0150 9F       		.byte	0x9f
 1236 0151 94000000 		.4byte	.LVL23
 1237 0155 9A000000 		.4byte	.LVL24
 1238 0159 0100     		.2byte	0x1
 1239 015b 5A       		.byte	0x5a
 1240 015c 00000000 		.4byte	0
 1241 0160 00000000 		.4byte	0
 1242              	.LLST7:
 1243 0164 26000000 		.4byte	.LVL4
 1244 0168 36000000 		.4byte	.LVL5
 1245 016c 0100     		.2byte	0x1
 1246 016e 51       		.byte	0x51
 1247 016f 6A000000 		.4byte	.LVL13
 1248 0173 74000000 		.4byte	.LVL15
 1249 0177 0100     		.2byte	0x1
 1250 0179 51       		.byte	0x51
 1251 017a 78000000 		.4byte	.LVL16
 1252 017e 7A000000 		.4byte	.LVL17
 1253 0182 0100     		.2byte	0x1
 1254 0184 57       		.byte	0x57
ARM GAS  /tmp/ccDoyaDB.s 			page 23


 1255 0185 7A000000 		.4byte	.LVL17
 1256 0189 7E000000 		.4byte	.LVL19
 1257 018d 0100     		.2byte	0x1
 1258 018f 5A       		.byte	0x5a
 1259 0190 7E000000 		.4byte	.LVL19
 1260 0194 94000000 		.4byte	.LVL23
 1261 0198 0100     		.2byte	0x1
 1262 019a 57       		.byte	0x57
 1263 019b 00000000 		.4byte	0
 1264 019f 00000000 		.4byte	0
 1265              	.LLST8:
 1266 01a3 6E000000 		.4byte	.LVL14
 1267 01a7 74000000 		.4byte	.LVL15
 1268 01ab 0100     		.2byte	0x1
 1269 01ad 56       		.byte	0x56
 1270 01ae 78000000 		.4byte	.LVL16
 1271 01b2 94000000 		.4byte	.LVL23
 1272 01b6 0100     		.2byte	0x1
 1273 01b8 56       		.byte	0x56
 1274 01b9 00000000 		.4byte	0
 1275 01bd 00000000 		.4byte	0
 1276              	.LLST9:
 1277 01c1 26000000 		.4byte	.LVL4
 1278 01c5 36000000 		.4byte	.LVL5
 1279 01c9 0100     		.2byte	0x1
 1280 01cb 54       		.byte	0x54
 1281 01cc 40000000 		.4byte	.LVL8
 1282 01d0 44000000 		.4byte	.LVL9
 1283 01d4 0100     		.2byte	0x1
 1284 01d6 50       		.byte	0x50
 1285 01d7 44000000 		.4byte	.LVL9
 1286 01db 47000000 		.4byte	.LVL10-1
 1287 01df 0100     		.2byte	0x1
 1288 01e1 51       		.byte	0x51
 1289 01e2 47000000 		.4byte	.LVL10-1
 1290 01e6 78000000 		.4byte	.LVL16
 1291 01ea 0100     		.2byte	0x1
 1292 01ec 54       		.byte	0x54
 1293 01ed 94000000 		.4byte	.LVL23
 1294 01f1 9A000000 		.4byte	.LVL24
 1295 01f5 0100     		.2byte	0x1
 1296 01f7 54       		.byte	0x54
 1297 01f8 00000000 		.4byte	0
 1298 01fc 00000000 		.4byte	0
 1299              	.LLST10:
 1300 0200 26000000 		.4byte	.LVL4
 1301 0204 36000000 		.4byte	.LVL5
 1302 0208 0100     		.2byte	0x1
 1303 020a 55       		.byte	0x55
 1304 020b 50000000 		.4byte	.LVL12
 1305 020f 78000000 		.4byte	.LVL16
 1306 0213 0100     		.2byte	0x1
 1307 0215 55       		.byte	0x55
 1308 0216 94000000 		.4byte	.LVL23
 1309 021a 9A000000 		.4byte	.LVL24
 1310 021e 0100     		.2byte	0x1
 1311 0220 55       		.byte	0x55
ARM GAS  /tmp/ccDoyaDB.s 			page 24


 1312 0221 00000000 		.4byte	0
 1313 0225 00000000 		.4byte	0
 1314              	.LLST11:
 1315 0229 26000000 		.4byte	.LVL4
 1316 022d 36000000 		.4byte	.LVL5
 1317 0231 0600     		.2byte	0x6
 1318 0233 74       		.byte	0x74
 1319 0234 00       		.sleb128 0
 1320 0235 08       		.byte	0x8
 1321 0236 FF       		.byte	0xff
 1322 0237 1A       		.byte	0x1a
 1323 0238 9F       		.byte	0x9f
 1324 0239 6A000000 		.4byte	.LVL13
 1325 023d 74000000 		.4byte	.LVL15
 1326 0241 0600     		.2byte	0x6
 1327 0243 74       		.byte	0x74
 1328 0244 00       		.sleb128 0
 1329 0245 08       		.byte	0x8
 1330 0246 FF       		.byte	0xff
 1331 0247 1A       		.byte	0x1a
 1332 0248 9F       		.byte	0x9f
 1333 0249 00000000 		.4byte	0
 1334 024d 00000000 		.4byte	0
 1335              		.section	.debug_aranges,"",%progbits
 1336 0000 1C000000 		.4byte	0x1c
 1337 0004 0200     		.2byte	0x2
 1338 0006 00000000 		.4byte	.Ldebug_info0
 1339 000a 04       		.byte	0x4
 1340 000b 00       		.byte	0
 1341 000c 0000     		.2byte	0
 1342 000e 0000     		.2byte	0
 1343 0010 00000000 		.4byte	.LFB119
 1344 0014 A0000000 		.4byte	.LFE119-.LFB119
 1345 0018 00000000 		.4byte	0
 1346 001c 00000000 		.4byte	0
 1347              		.section	.debug_ranges,"",%progbits
 1348              	.Ldebug_ranges0:
 1349 0000 18000000 		.4byte	.LBB5
 1350 0004 38000000 		.4byte	.LBE5
 1351 0008 3A000000 		.4byte	.LBB14
 1352 000c 78000000 		.4byte	.LBE14
 1353 0010 94000000 		.4byte	.LBB15
 1354 0014 9A000000 		.4byte	.LBE15
 1355 0018 00000000 		.4byte	0
 1356 001c 00000000 		.4byte	0
 1357 0020 26000000 		.4byte	.LBB6
 1358 0024 36000000 		.4byte	.LBE6
 1359 0028 4A000000 		.4byte	.LBB11
 1360 002c 4E000000 		.4byte	.LBE11
 1361 0030 56000000 		.4byte	.LBB12
 1362 0034 5C000000 		.4byte	.LBE12
 1363 0038 64000000 		.4byte	.LBB13
 1364 003c 6C000000 		.4byte	.LBE13
 1365 0040 00000000 		.4byte	0
 1366 0044 00000000 		.4byte	0
 1367 0048 00000000 		.4byte	.LFB119
 1368 004c A0000000 		.4byte	.LFE119
ARM GAS  /tmp/ccDoyaDB.s 			page 25


 1369 0050 00000000 		.4byte	0
 1370 0054 00000000 		.4byte	0
 1371              		.section	.debug_line,"",%progbits
 1372              	.Ldebug_line0:
 1373 0000 8F010000 		.section	.debug_str,"MS",%progbits,1
 1373      02001F01 
 1373      00000201 
 1373      FB0E0D00 
 1373      01010101 
 1374              	.LASF3:
 1375 0000 5F5F7569 		.ascii	"__uint8_t\000"
 1375      6E74385F 
 1375      7400
 1376              	.LASF51:
 1377 000a 69735F77 		.ascii	"is_wrap_space\000"
 1377      7261705F 
 1377      73706163 
 1377      6500
 1378              	.LASF40:
 1379 0018 73746174 		.ascii	"state\000"
 1379      6500
 1380              	.LASF17:
 1381 001e 5F426F6F 		.ascii	"_Bool\000"
 1381      6C00
 1382              	.LASF8:
 1383 0024 5F5F696E 		.ascii	"__int32_t\000"
 1383      7433325F 
 1383      7400
 1384              	.LASF24:
 1385 002e 6D696E5F 		.ascii	"min_x_advance\000"
 1385      785F6164 
 1385      76616E63 
 1385      6500
 1386              	.LASF36:
 1387 003c 6D665F6C 		.ascii	"mf_line_callback_t\000"
 1387      696E655F 
 1387      63616C6C 
 1387      6261636B 
 1387      5F7400
 1388              	.LASF13:
 1389 004f 75696E74 		.ascii	"uint8_t\000"
 1389      385F7400 
 1390              	.LASF31:
 1391 0057 63686172 		.ascii	"character_width\000"
 1391      61637465 
 1391      725F7769 
 1391      64746800 
 1392              	.LASF55:
 1393 0067 6D665F63 		.ascii	"mf_character_width\000"
 1393      68617261 
 1393      63746572 
 1393      5F776964 
 1393      746800
 1394              	.LASF45:
 1395 007a 6C735F70 		.ascii	"ls_prev\000"
 1395      72657600 
 1396              	.LASF49:
ARM GAS  /tmp/ccDoyaDB.s 			page 26


 1397 0082 2F686F6D 		.ascii	"/home/makkmarci/devel/ChibiOS_2.6.5/projects/STM32F"
 1397      652F6D61 
 1397      6B6B6D61 
 1397      7263692F 
 1397      64657665 
 1398 00b5 345F4368 		.ascii	"4_ChibiOS_uGFX/\000"
 1398      6962694F 
 1398      535F7547 
 1398      46582F00 
 1399              	.LASF20:
 1400 00c5 66756C6C 		.ascii	"full_name\000"
 1400      5F6E616D 
 1400      6500
 1401              	.LASF33:
 1402 00cf 6D665F63 		.ascii	"mf_char\000"
 1402      68617200 
 1403              	.LASF38:
 1404 00d7 74657874 		.ascii	"text\000"
 1404      00
 1405              	.LASF10:
 1406 00dc 6C6F6E67 		.ascii	"long unsigned int\000"
 1406      20756E73 
 1406      69676E65 
 1406      6420696E 
 1406      7400
 1407              	.LASF54:
 1408 00ee 6D665F67 		.ascii	"mf_getchar\000"
 1408      65746368 
 1408      617200
 1409              	.LASF7:
 1410 00f9 73686F72 		.ascii	"short unsigned int\000"
 1410      7420756E 
 1410      7369676E 
 1410      65642069 
 1410      6E7400
 1411              	.LASF39:
 1412 010c 63616C6C 		.ascii	"callback\000"
 1412      6261636B 
 1412      00
 1413              	.LASF50:
 1414 0115 6D665F66 		.ascii	"mf_font_s\000"
 1414      6F6E745F 
 1414      7300
 1415              	.LASF53:
 1416 011f 49544D5F 		.ascii	"ITM_RxBuffer\000"
 1416      52784275 
 1416      66666572 
 1416      00
 1417              	.LASF2:
 1418 012c 756E7369 		.ascii	"unsigned char\000"
 1418      676E6564 
 1418      20636861 
 1418      7200
 1419              	.LASF6:
 1420 013a 5F5F7569 		.ascii	"__uint16_t\000"
 1420      6E743136 
 1420      5F7400
ARM GAS  /tmp/ccDoyaDB.s 			page 27


 1421              	.LASF41:
 1422 0145 6C696E65 		.ascii	"linestart\000"
 1422      73746172 
 1422      7400
 1423              	.LASF23:
 1424 014f 68656967 		.ascii	"height\000"
 1424      687400
 1425              	.LASF25:
 1426 0156 6D61785F 		.ascii	"max_x_advance\000"
 1426      785F6164 
 1426      76616E63 
 1426      6500
 1427              	.LASF43:
 1428 0164 63635F63 		.ascii	"cc_cur\000"
 1428      757200
 1429              	.LASF27:
 1430 016b 62617365 		.ascii	"baseline_y\000"
 1430      6C696E65 
 1430      5F7900
 1431              	.LASF4:
 1432 0176 5F5F696E 		.ascii	"__int16_t\000"
 1432      7431365F 
 1432      7400
 1433              	.LASF37:
 1434 0180 666F6E74 		.ascii	"font\000"
 1434      00
 1435              	.LASF30:
 1436 0185 66616C6C 		.ascii	"fallback_character\000"
 1436      6261636B 
 1436      5F636861 
 1436      72616374 
 1436      657200
 1437              	.LASF48:
 1438 0198 2F686F6D 		.ascii	"/home/makkmarci/devel/ugfx/src/gdisp/mcufont/mf_wor"
 1438      652F6D61 
 1438      6B6B6D61 
 1438      7263692F 
 1438      64657665 
 1439 01cb 64777261 		.ascii	"dwrap.c\000"
 1439      702E6300 
 1440              	.LASF0:
 1441 01d3 756E7369 		.ascii	"unsigned int\000"
 1441      676E6564 
 1441      20696E74 
 1441      00
 1442              	.LASF29:
 1443 01e0 666C6167 		.ascii	"flags\000"
 1443      7300
 1444              	.LASF19:
 1445 01e6 63686172 		.ascii	"char\000"
 1445      00
 1446              	.LASF34:
 1447 01eb 6D665F73 		.ascii	"mf_str\000"
 1447      747200
 1448              	.LASF28:
 1449 01f2 6C696E65 		.ascii	"line_height\000"
 1449      5F686569 
ARM GAS  /tmp/ccDoyaDB.s 			page 28


 1449      67687400 
 1450              	.LASF14:
 1451 01fe 696E7431 		.ascii	"int16_t\000"
 1451      365F7400 
 1452              	.LASF35:
 1453 0206 6D665F70 		.ascii	"mf_pixel_callback_t\000"
 1453      6978656C 
 1453      5F63616C 
 1453      6C626163 
 1453      6B5F7400 
 1454              	.LASF16:
 1455 021a 696E7433 		.ascii	"int32_t\000"
 1455      325F7400 
 1456              	.LASF18:
 1457 0222 73697A65 		.ascii	"sizetype\000"
 1457      74797065 
 1457      00
 1458              	.LASF32:
 1459 022b 72656E64 		.ascii	"render_character\000"
 1459      65725F63 
 1459      68617261 
 1459      63746572 
 1459      00
 1460              	.LASF11:
 1461 023c 6C6F6E67 		.ascii	"long long int\000"
 1461      206C6F6E 
 1461      6720696E 
 1461      7400
 1462              	.LASF26:
 1463 024a 62617365 		.ascii	"baseline_x\000"
 1463      6C696E65 
 1463      5F7800
 1464              	.LASF46:
 1465 0255 6E65775F 		.ascii	"new_width\000"
 1465      77696474 
 1465      6800
 1466              	.LASF22:
 1467 025f 77696474 		.ascii	"width\000"
 1467      6800
 1468              	.LASF5:
 1469 0265 73686F72 		.ascii	"short int\000"
 1469      7420696E 
 1469      7400
 1470              	.LASF15:
 1471 026f 75696E74 		.ascii	"uint16_t\000"
 1471      31365F74 
 1471      00
 1472              	.LASF9:
 1473 0278 6C6F6E67 		.ascii	"long int\000"
 1473      20696E74 
 1473      00
 1474              	.LASF44:
 1475 0281 63635F70 		.ascii	"cc_prev\000"
 1475      72657600 
 1476              	.LASF52:
 1477 0289 6D665F77 		.ascii	"mf_wordwrap\000"
 1477      6F726477 
ARM GAS  /tmp/ccDoyaDB.s 			page 29


 1477      72617000 
 1478              	.LASF1:
 1479 0295 7369676E 		.ascii	"signed char\000"
 1479      65642063 
 1479      68617200 
 1480              	.LASF42:
 1481 02a1 6C775F63 		.ascii	"lw_cur\000"
 1481      757200
 1482              	.LASF21:
 1483 02a8 73686F72 		.ascii	"short_name\000"
 1483      745F6E61 
 1483      6D6500
 1484              	.LASF47:
 1485 02b3 474E5520 		.ascii	"GNU C 4.8.4 20140526 (release) [ARM/embedded-4_8-br"
 1485      4320342E 
 1485      382E3420 
 1485      32303134 
 1485      30353236 
 1486 02e6 616E6368 		.ascii	"anch revision 211358] -mcpu=cortex-m4 -mfloat-abi=h"
 1486      20726576 
 1486      6973696F 
 1486      6E203231 
 1486      31333538 
 1487 0319 61726420 		.ascii	"ard -mfpu=fpv4-sp-d16 -mno-thumb-interwork -mthumb "
 1487      2D6D6670 
 1487      753D6670 
 1487      76342D73 
 1487      702D6431 
 1488 034c 2D676764 		.ascii	"-ggdb -O2 -fomit-frame-pointer -falign-functions=16"
 1488      62202D4F 
 1488      32202D66 
 1488      6F6D6974 
 1488      2D667261 
 1489 037f 202D6666 		.ascii	" -ffunction-sections -fdata-sections -fno-common -f"
 1489      756E6374 
 1489      696F6E2D 
 1489      73656374 
 1489      696F6E73 
 1490 03b2 73696E67 		.ascii	"single-precision-constant\000"
 1490      6C652D70 
 1490      72656369 
 1490      73696F6E 
 1490      2D636F6E 
 1491              	.LASF12:
 1492 03cc 6C6F6E67 		.ascii	"long long unsigned int\000"
 1492      206C6F6E 
 1492      6720756E 
 1492      7369676E 
 1492      65642069 
 1493              		.ident	"GCC: (GNU Tools for ARM Embedded Processors) 4.8.4 20140526 (release) [ARM/embedded-4_8-br
ARM GAS  /tmp/ccDoyaDB.s 			page 30


DEFINED SYMBOLS
                            *ABS*:00000000 mf_wordwrap.c
     /tmp/ccDoyaDB.s:21     .text.mf_wordwrap:00000000 $t
     /tmp/ccDoyaDB.s:27     .text.mf_wordwrap:00000000 mf_wordwrap
                     .debug_frame:00000010 $d

UNDEFINED SYMBOLS
mf_getchar
mf_character_width
