ARM GAS  /tmp/ccNXVJJE.s 			page 1


   1              		.syntax unified
   2              		.cpu cortex-m4
   3              		.eabi_attribute 27, 3
   4              		.eabi_attribute 28, 1
   5              		.fpu fpv4-sp-d16
   6              		.eabi_attribute 20, 1
   7              		.eabi_attribute 21, 1
   8              		.eabi_attribute 23, 3
   9              		.eabi_attribute 24, 1
  10              		.eabi_attribute 25, 1
  11              		.eabi_attribute 26, 1
  12              		.eabi_attribute 30, 2
  13              		.eabi_attribute 34, 1
  14              		.eabi_attribute 18, 4
  15              		.thumb
  16              		.file	"myFunc.c"
  17              		.text
  18              	.Ltext0:
  19              		.cfi_sections	.debug_frame
  20              		.section	.text.Thread1,"ax",%progbits
  21              		.align	2
  22              		.p2align 4,,15
  23              		.thumb
  24              		.thumb_func
  25              		.type	Thread1, %function
  26              	Thread1:
  27              	.LFB111:
  28              		.file 1 "myFunc.c"
  29              		.loc 1 19 0
  30              		.cfi_startproc
  31              		@ Volatile: function does not return.
  32              		@ args = 0, pretend = 0, frame = 0
  33              		@ frame_needed = 0, uses_anonymous_args = 0
  34              	.LVL0:
  35 0000 08B5     		push	{r3, lr}
  36              		.cfi_def_cfa_offset 8
  37              		.cfi_offset 3, -8
  38              		.cfi_offset 14, -4
  39              		.loc 1 22 0
  40 0002 094B     		ldr	r3, .L4
  41 0004 094A     		ldr	r2, .L4+4
  42 0006 9B69     		ldr	r3, [r3, #24]
  43              		.loc 1 24 0
  44 0008 094C     		ldr	r4, .L4+8
  45              		.loc 1 22 0
  46 000a 9A61     		str	r2, [r3, #24]
  47              		.loc 1 24 0
  48 000c 4FF40055 		mov	r5, #8192
  49 0010 2E46     		mov	r6, r5	@ movhi
  50              	.LVL1:
  51              	.L2:
  52              		.loc 1 24 0 is_stmt 0 discriminator 1
  53 0012 2683     		strh	r6, [r4, #24]	@ movhi
  54              		.loc 1 25 0 is_stmt 1 discriminator 1
  55 0014 4FF4FA70 		mov	r0, #500
  56 0018 FFF7FEFF 		bl	chThdSleep
  57              	.LVL2:
ARM GAS  /tmp/ccNXVJJE.s 			page 2


  58              		.loc 1 26 0 discriminator 1
  59 001c 6583     		strh	r5, [r4, #26]	@ movhi
  60              		.loc 1 27 0 discriminator 1
  61 001e 4FF4FA70 		mov	r0, #500
  62 0022 FFF7FEFF 		bl	chThdSleep
  63              	.LVL3:
  64 0026 F4E7     		b	.L2
  65              	.L5:
  66              		.align	2
  67              	.L4:
  68 0028 00000000 		.word	rlist
  69 002c 00000000 		.word	.LC0
  70 0030 000C0240 		.word	1073875968
  71              		.cfi_endproc
  72              	.LFE111:
  73              		.size	Thread1, .-Thread1
  74 0034 AFF30080 		.section	.text.startBlinker,"ax",%progbits
  74      AFF30080 
  74      AFF30080 
  75              		.align	2
  76              		.p2align 4,,15
  77              		.global	startBlinker
  78              		.thumb
  79              		.thumb_func
  80              		.type	startBlinker, %function
  81              	startBlinker:
  82              	.LFB112:
  83              		.loc 1 32 0
  84              		.cfi_startproc
  85              		@ args = 0, pretend = 0, frame = 0
  86              		@ frame_needed = 0, uses_anonymous_args = 0
  87 0000 00B5     		push	{lr}
  88              		.cfi_def_cfa_offset 4
  89              		.cfi_offset 14, -4
  90 0002 83B0     		sub	sp, sp, #12
  91              		.cfi_def_cfa_offset 16
  92              		.loc 1 33 0
  93 0004 0023     		movs	r3, #0
  94 0006 0093     		str	r3, [sp]
  95 0008 4FF4AB61 		mov	r1, #1368
  96 000c 034B     		ldr	r3, .L7
  97 000e 0448     		ldr	r0, .L7+4
  98 0010 4022     		movs	r2, #64
  99 0012 FFF7FEFF 		bl	chThdCreateStatic
 100              	.LVL4:
 101              		.loc 1 34 0
 102 0016 03B0     		add	sp, sp, #12
 103              		@ sp needed
 104 0018 5DF804FB 		ldr	pc, [sp], #4
 105              	.L8:
 106              		.align	2
 107              	.L7:
 108 001c 00000000 		.word	Thread1
 109 0020 00000000 		.word	.LANCHOR0
 110              		.cfi_endproc
 111              	.LFE112:
 112              		.size	startBlinker, .-startBlinker
ARM GAS  /tmp/ccNXVJJE.s 			page 3


 113 0024 AFF30080 		.section	.bss.waThread1,"aw",%nobits
 113      AFF30080 
 113      AFF30080 
 114              		.align	3
 115              		.set	.LANCHOR0,. + 0
 116              		.type	waThread1, %object
 117              		.size	waThread1, 1368
 118              	waThread1:
 119 0000 00000000 		.space	1368
 119      00000000 
 119      00000000 
 119      00000000 
 119      00000000 
 120              		.section	.rodata.str1.4,"aMS",%progbits,1
 121              		.align	2
 122              	.LC0:
 123 0000 626C696E 		.ascii	"blinker\000"
 123      6B657200 
 124              		.text
 125              	.Letext0:
 126              		.file 2 "/opt/ARM/lib/gcc/arm-none-eabi/4.8.4/include/stddef.h"
 127              		.file 3 "/opt/ARM/arm-none-eabi/include/machine/_default_types.h"
 128              		.file 4 "/opt/ARM/arm-none-eabi/include/stdint.h"
 129              		.file 5 "../../os/ports/GCC/ARMCMx/chtypes.h"
 130              		.file 6 "../../os/kernel/include/chlists.h"
 131              		.file 7 "../../os/kernel/include/chthreads.h"
 132              		.file 8 "../../os/ports/GCC/ARMCMx/chcore_v7m.h"
 133              		.file 9 "../../os/kernel/include/chschd.h"
 134              		.file 10 "../../os/kernel/include/chmtx.h"
 135              		.file 11 "../../os/hal/platforms/STM32/GPIOv2/pal_lld.h"
 136              		.file 12 "../../os/ports/common/ARMCMx/CMSIS/include/core_cm4.h"
 137              		.section	.debug_info,"",%progbits
 138              	.Ldebug_info0:
 139 0000 2E070000 		.4byte	0x72e
 140 0004 0400     		.2byte	0x4
 141 0006 00000000 		.4byte	.Ldebug_abbrev0
 142 000a 04       		.byte	0x4
 143 000b 01       		.uleb128 0x1
 144 000c B6020000 		.4byte	.LASF89
 145 0010 01       		.byte	0x1
 146 0011 78010000 		.4byte	.LASF90
 147 0015 76000000 		.4byte	.LASF91
 148 0019 00000000 		.4byte	.Ldebug_ranges0+0
 149 001d 00000000 		.4byte	0
 150 0021 00000000 		.4byte	.Ldebug_line0
 151 0025 02       		.uleb128 0x2
 152 0026 04       		.byte	0x4
 153 0027 05       		.byte	0x5
 154 0028 696E7400 		.ascii	"int\000"
 155 002c 03       		.uleb128 0x3
 156 002d 08000000 		.4byte	.LASF2
 157 0031 02       		.byte	0x2
 158 0032 D4       		.byte	0xd4
 159 0033 37000000 		.4byte	0x37
 160 0037 04       		.uleb128 0x4
 161 0038 04       		.byte	0x4
 162 0039 07       		.byte	0x7
ARM GAS  /tmp/ccNXVJJE.s 			page 4


 163 003a 3E010000 		.4byte	.LASF0
 164 003e 04       		.uleb128 0x4
 165 003f 01       		.byte	0x1
 166 0040 06       		.byte	0x6
 167 0041 D5000000 		.4byte	.LASF1
 168 0045 03       		.uleb128 0x3
 169 0046 26000000 		.4byte	.LASF3
 170 004a 03       		.byte	0x3
 171 004b 1C       		.byte	0x1c
 172 004c 50000000 		.4byte	0x50
 173 0050 04       		.uleb128 0x4
 174 0051 01       		.byte	0x1
 175 0052 08       		.byte	0x8
 176 0053 65020000 		.4byte	.LASF4
 177 0057 04       		.uleb128 0x4
 178 0058 02       		.byte	0x2
 179 0059 05       		.byte	0x5
 180 005a 7D020000 		.4byte	.LASF5
 181 005e 03       		.uleb128 0x3
 182 005f 16040000 		.4byte	.LASF6
 183 0063 03       		.byte	0x3
 184 0064 26       		.byte	0x26
 185 0065 69000000 		.4byte	0x69
 186 0069 04       		.uleb128 0x4
 187 006a 02       		.byte	0x2
 188 006b 07       		.byte	0x7
 189 006c 81010000 		.4byte	.LASF7
 190 0070 03       		.uleb128 0x3
 191 0071 3D040000 		.4byte	.LASF8
 192 0075 03       		.byte	0x3
 193 0076 37       		.byte	0x37
 194 0077 7B000000 		.4byte	0x7b
 195 007b 04       		.uleb128 0x4
 196 007c 04       		.byte	0x4
 197 007d 05       		.byte	0x5
 198 007e 00010000 		.4byte	.LASF9
 199 0082 03       		.uleb128 0x3
 200 0083 47040000 		.4byte	.LASF10
 201 0087 03       		.byte	0x3
 202 0088 38       		.byte	0x38
 203 0089 8D000000 		.4byte	0x8d
 204 008d 04       		.uleb128 0x4
 205 008e 04       		.byte	0x4
 206 008f 07       		.byte	0x7
 207 0090 FF030000 		.4byte	.LASF11
 208 0094 04       		.uleb128 0x4
 209 0095 08       		.byte	0x8
 210 0096 05       		.byte	0x5
 211 0097 C7000000 		.4byte	.LASF12
 212 009b 03       		.uleb128 0x3
 213 009c 21020000 		.4byte	.LASF13
 214 00a0 03       		.byte	0x3
 215 00a1 4E       		.byte	0x4e
 216 00a2 A6000000 		.4byte	0xa6
 217 00a6 04       		.uleb128 0x4
 218 00a7 08       		.byte	0x8
 219 00a8 07       		.byte	0x7
ARM GAS  /tmp/ccNXVJJE.s 			page 5


 220 00a9 43000000 		.4byte	.LASF14
 221 00ad 03       		.uleb128 0x3
 222 00ae 83040000 		.4byte	.LASF15
 223 00b2 04       		.byte	0x4
 224 00b3 2A       		.byte	0x2a
 225 00b4 45000000 		.4byte	0x45
 226 00b8 03       		.uleb128 0x3
 227 00b9 4B010000 		.4byte	.LASF16
 228 00bd 04       		.byte	0x4
 229 00be 36       		.byte	0x36
 230 00bf 5E000000 		.4byte	0x5e
 231 00c3 03       		.uleb128 0x3
 232 00c4 5D020000 		.4byte	.LASF17
 233 00c8 04       		.byte	0x4
 234 00c9 41       		.byte	0x41
 235 00ca 70000000 		.4byte	0x70
 236 00ce 03       		.uleb128 0x3
 237 00cf E1030000 		.4byte	.LASF18
 238 00d3 04       		.byte	0x4
 239 00d4 42       		.byte	0x42
 240 00d5 82000000 		.4byte	0x82
 241 00d9 03       		.uleb128 0x3
 242 00da 16000000 		.4byte	.LASF19
 243 00de 04       		.byte	0x4
 244 00df 4E       		.byte	0x4e
 245 00e0 9B000000 		.4byte	0x9b
 246 00e4 04       		.uleb128 0x4
 247 00e5 01       		.byte	0x1
 248 00e6 02       		.byte	0x2
 249 00e7 57020000 		.4byte	.LASF20
 250 00eb 03       		.uleb128 0x3
 251 00ec 9A010000 		.4byte	.LASF21
 252 00f0 05       		.byte	0x5
 253 00f1 2C       		.byte	0x2c
 254 00f2 AD000000 		.4byte	0xad
 255 00f6 03       		.uleb128 0x3
 256 00f7 09010000 		.4byte	.LASF22
 257 00fb 05       		.byte	0x5
 258 00fc 2D       		.byte	0x2d
 259 00fd AD000000 		.4byte	0xad
 260 0101 03       		.uleb128 0x3
 261 0102 40020000 		.4byte	.LASF23
 262 0106 05       		.byte	0x5
 263 0107 2E       		.byte	0x2e
 264 0108 AD000000 		.4byte	0xad
 265 010c 03       		.uleb128 0x3
 266 010d F6000000 		.4byte	.LASF24
 267 0111 05       		.byte	0x5
 268 0112 2F       		.byte	0x2f
 269 0113 AD000000 		.4byte	0xad
 270 0117 03       		.uleb128 0x3
 271 0118 4F020000 		.4byte	.LASF25
 272 011c 05       		.byte	0x5
 273 011d 30       		.byte	0x30
 274 011e CE000000 		.4byte	0xce
 275 0122 03       		.uleb128 0x3
 276 0123 94010000 		.4byte	.LASF26
ARM GAS  /tmp/ccNXVJJE.s 			page 6


 277 0127 05       		.byte	0x5
 278 0128 31       		.byte	0x31
 279 0129 C3000000 		.4byte	0xc3
 280 012d 03       		.uleb128 0x3
 281 012e AE010000 		.4byte	.LASF27
 282 0132 05       		.byte	0x5
 283 0133 33       		.byte	0x33
 284 0134 CE000000 		.4byte	0xce
 285 0138 03       		.uleb128 0x3
 286 0139 28040000 		.4byte	.LASF28
 287 013d 05       		.byte	0x5
 288 013e 35       		.byte	0x35
 289 013f CE000000 		.4byte	0xce
 290 0143 03       		.uleb128 0x3
 291 0144 CF030000 		.4byte	.LASF29
 292 0148 06       		.byte	0x6
 293 0149 2A       		.byte	0x2a
 294 014a 4E010000 		.4byte	0x14e
 295 014e 05       		.uleb128 0x5
 296 014f CF030000 		.4byte	.LASF29
 297 0153 4C       		.byte	0x4c
 298 0154 07       		.byte	0x7
 299 0155 5E       		.byte	0x5e
 300 0156 57020000 		.4byte	0x257
 301 015a 06       		.uleb128 0x6
 302 015b A7020000 		.4byte	.LASF30
 303 015f 07       		.byte	0x7
 304 0160 5F       		.byte	0x5f
 305 0161 78020000 		.4byte	0x278
 306 0165 00       		.byte	0
 307 0166 06       		.uleb128 0x6
 308 0167 48020000 		.4byte	.LASF31
 309 016b 07       		.byte	0x7
 310 016c 61       		.byte	0x61
 311 016d 78020000 		.4byte	0x278
 312 0171 04       		.byte	0x4
 313 0172 06       		.uleb128 0x6
 314 0173 C0000000 		.4byte	.LASF32
 315 0177 07       		.byte	0x7
 316 0178 63       		.byte	0x63
 317 0179 17010000 		.4byte	0x117
 318 017d 08       		.byte	0x8
 319 017e 06       		.uleb128 0x6
 320 017f A7040000 		.4byte	.LASF33
 321 0183 07       		.byte	0x7
 322 0184 64       		.byte	0x64
 323 0185 0D040000 		.4byte	0x40d
 324 0189 0C       		.byte	0xc
 325 018a 06       		.uleb128 0x6
 326 018b 12010000 		.4byte	.LASF34
 327 018f 07       		.byte	0x7
 328 0190 66       		.byte	0x66
 329 0191 78020000 		.4byte	0x278
 330 0195 10       		.byte	0x10
 331 0196 06       		.uleb128 0x6
 332 0197 F4010000 		.4byte	.LASF35
 333 019b 07       		.byte	0x7
ARM GAS  /tmp/ccNXVJJE.s 			page 7


 334 019c 67       		.byte	0x67
 335 019d 78020000 		.4byte	0x278
 336 01a1 14       		.byte	0x14
 337 01a2 06       		.uleb128 0x6
 338 01a3 92040000 		.4byte	.LASF36
 339 01a7 07       		.byte	0x7
 340 01a8 6E       		.byte	0x6e
 341 01a9 12050000 		.4byte	0x512
 342 01ad 18       		.byte	0x18
 343 01ae 06       		.uleb128 0x6
 344 01af 33010000 		.4byte	.LASF37
 345 01b3 07       		.byte	0x7
 346 01b4 74       		.byte	0x74
 347 01b5 24050000 		.4byte	0x524
 348 01b9 1C       		.byte	0x1c
 349 01ba 06       		.uleb128 0x6
 350 01bb 87020000 		.4byte	.LASF38
 351 01bf 07       		.byte	0x7
 352 01c0 79       		.byte	0x79
 353 01c1 F6000000 		.4byte	0xf6
 354 01c5 20       		.byte	0x20
 355 01c6 06       		.uleb128 0x6
 356 01c7 AE020000 		.4byte	.LASF39
 357 01cb 07       		.byte	0x7
 358 01cc 7D       		.byte	0x7d
 359 01cd EB000000 		.4byte	0xeb
 360 01d1 21       		.byte	0x21
 361 01d2 06       		.uleb128 0x6
 362 01d3 6C040000 		.4byte	.LASF40
 363 01d7 07       		.byte	0x7
 364 01d8 82       		.byte	0x82
 365 01d9 01010000 		.4byte	0x101
 366 01dd 22       		.byte	0x22
 367 01de 06       		.uleb128 0x6
 368 01df 8F020000 		.4byte	.LASF41
 369 01e3 07       		.byte	0x7
 370 01e4 88       		.byte	0x88
 371 01e5 0C010000 		.4byte	0x10c
 372 01e9 23       		.byte	0x23
 373 01ea 06       		.uleb128 0x6
 374 01eb 54010000 		.4byte	.LASF42
 375 01ef 07       		.byte	0x7
 376 01f0 8F       		.byte	0x8f
 377 01f1 3A040000 		.4byte	0x43a
 378 01f5 24       		.byte	0x24
 379 01f6 07       		.uleb128 0x7
 380 01f7 705F7500 		.ascii	"p_u\000"
 381 01fb 07       		.byte	0x7
 382 01fc B4       		.byte	0xb4
 383 01fd DD040000 		.4byte	0x4dd
 384 0201 28       		.byte	0x28
 385 0202 06       		.uleb128 0x6
 386 0203 AD040000 		.4byte	.LASF43
 387 0207 07       		.byte	0x7
 388 0208 B9       		.byte	0xb9
 389 0209 9E020000 		.4byte	0x29e
 390 020d 2C       		.byte	0x2c
ARM GAS  /tmp/ccNXVJJE.s 			page 8


 391 020e 06       		.uleb128 0x6
 392 020f 5B010000 		.4byte	.LASF44
 393 0213 07       		.byte	0x7
 394 0214 BF       		.byte	0xbf
 395 0215 7E020000 		.4byte	0x27e
 396 0219 30       		.byte	0x30
 397 021a 06       		.uleb128 0x6
 398 021b 99040000 		.4byte	.LASF45
 399 021f 07       		.byte	0x7
 400 0220 C3       		.byte	0xc3
 401 0221 22010000 		.4byte	0x122
 402 0225 38       		.byte	0x38
 403 0226 06       		.uleb128 0x6
 404 0227 D6030000 		.4byte	.LASF46
 405 022b 07       		.byte	0x7
 406 022c C9       		.byte	0xc9
 407 022d 2D010000 		.4byte	0x12d
 408 0231 3C       		.byte	0x3c
 409 0232 06       		.uleb128 0x6
 410 0233 73020000 		.4byte	.LASF47
 411 0237 07       		.byte	0x7
 412 0238 D0       		.byte	0xd0
 413 0239 2A050000 		.4byte	0x52a
 414 023d 40       		.byte	0x40
 415 023e 06       		.uleb128 0x6
 416 023f 32040000 		.4byte	.LASF48
 417 0243 07       		.byte	0x7
 418 0244 D4       		.byte	0xd4
 419 0245 17010000 		.4byte	0x117
 420 0249 44       		.byte	0x44
 421 024a 06       		.uleb128 0x6
 422 024b E6000000 		.4byte	.LASF49
 423 024f 07       		.byte	0x7
 424 0250 DA       		.byte	0xda
 425 0251 B4020000 		.4byte	0x2b4
 426 0255 48       		.byte	0x48
 427 0256 00       		.byte	0
 428 0257 08       		.uleb128 0x8
 429 0258 08       		.byte	0x8
 430 0259 06       		.byte	0x6
 431 025a 61       		.byte	0x61
 432 025b 78020000 		.4byte	0x278
 433 025f 06       		.uleb128 0x6
 434 0260 A7020000 		.4byte	.LASF30
 435 0264 06       		.byte	0x6
 436 0265 62       		.byte	0x62
 437 0266 78020000 		.4byte	0x278
 438 026a 00       		.byte	0
 439 026b 06       		.uleb128 0x6
 440 026c 48020000 		.4byte	.LASF31
 441 0270 06       		.byte	0x6
 442 0271 64       		.byte	0x64
 443 0272 78020000 		.4byte	0x278
 444 0276 04       		.byte	0x4
 445 0277 00       		.byte	0
 446 0278 09       		.uleb128 0x9
 447 0279 04       		.byte	0x4
ARM GAS  /tmp/ccNXVJJE.s 			page 9


 448 027a 43010000 		.4byte	0x143
 449 027e 03       		.uleb128 0x3
 450 027f 02020000 		.4byte	.LASF50
 451 0283 06       		.byte	0x6
 452 0284 66       		.byte	0x66
 453 0285 57020000 		.4byte	0x257
 454 0289 08       		.uleb128 0x8
 455 028a 04       		.byte	0x4
 456 028b 06       		.byte	0x6
 457 028c 6B       		.byte	0x6b
 458 028d 9E020000 		.4byte	0x29e
 459 0291 06       		.uleb128 0x6
 460 0292 A7020000 		.4byte	.LASF30
 461 0296 06       		.byte	0x6
 462 0297 6D       		.byte	0x6d
 463 0298 78020000 		.4byte	0x278
 464 029c 00       		.byte	0
 465 029d 00       		.byte	0
 466 029e 03       		.uleb128 0x3
 467 029f A2010000 		.4byte	.LASF51
 468 02a3 06       		.byte	0x6
 469 02a4 70       		.byte	0x70
 470 02a5 89020000 		.4byte	0x289
 471 02a9 03       		.uleb128 0x3
 472 02aa 2A010000 		.4byte	.LASF52
 473 02ae 08       		.byte	0x8
 474 02af E5       		.byte	0xe5
 475 02b0 B4020000 		.4byte	0x2b4
 476 02b4 0A       		.uleb128 0xa
 477 02b5 04       		.byte	0x4
 478 02b6 03       		.uleb128 0x3
 479 02b7 BA010000 		.4byte	.LASF53
 480 02bb 08       		.byte	0x8
 481 02bc EB       		.byte	0xeb
 482 02bd D9000000 		.4byte	0xd9
 483 02c1 0B       		.uleb128 0xb
 484 02c2 5A040000 		.4byte	.LASF54
 485 02c6 64       		.byte	0x64
 486 02c7 08       		.byte	0x8
 487 02c8 0C01     		.2byte	0x10c
 488 02ca 0D040000 		.4byte	0x40d
 489 02ce 0C       		.uleb128 0xc
 490 02cf 73313600 		.ascii	"s16\000"
 491 02d3 08       		.byte	0x8
 492 02d4 0E01     		.2byte	0x10e
 493 02d6 A9020000 		.4byte	0x2a9
 494 02da 00       		.byte	0
 495 02db 0C       		.uleb128 0xc
 496 02dc 73313700 		.ascii	"s17\000"
 497 02e0 08       		.byte	0x8
 498 02e1 0F01     		.2byte	0x10f
 499 02e3 A9020000 		.4byte	0x2a9
 500 02e7 04       		.byte	0x4
 501 02e8 0C       		.uleb128 0xc
 502 02e9 73313800 		.ascii	"s18\000"
 503 02ed 08       		.byte	0x8
 504 02ee 1001     		.2byte	0x110
ARM GAS  /tmp/ccNXVJJE.s 			page 10


 505 02f0 A9020000 		.4byte	0x2a9
 506 02f4 08       		.byte	0x8
 507 02f5 0C       		.uleb128 0xc
 508 02f6 73313900 		.ascii	"s19\000"
 509 02fa 08       		.byte	0x8
 510 02fb 1101     		.2byte	0x111
 511 02fd A9020000 		.4byte	0x2a9
 512 0301 0C       		.byte	0xc
 513 0302 0C       		.uleb128 0xc
 514 0303 73323000 		.ascii	"s20\000"
 515 0307 08       		.byte	0x8
 516 0308 1201     		.2byte	0x112
 517 030a A9020000 		.4byte	0x2a9
 518 030e 10       		.byte	0x10
 519 030f 0C       		.uleb128 0xc
 520 0310 73323100 		.ascii	"s21\000"
 521 0314 08       		.byte	0x8
 522 0315 1301     		.2byte	0x113
 523 0317 A9020000 		.4byte	0x2a9
 524 031b 14       		.byte	0x14
 525 031c 0C       		.uleb128 0xc
 526 031d 73323200 		.ascii	"s22\000"
 527 0321 08       		.byte	0x8
 528 0322 1401     		.2byte	0x114
 529 0324 A9020000 		.4byte	0x2a9
 530 0328 18       		.byte	0x18
 531 0329 0C       		.uleb128 0xc
 532 032a 73323300 		.ascii	"s23\000"
 533 032e 08       		.byte	0x8
 534 032f 1501     		.2byte	0x115
 535 0331 A9020000 		.4byte	0x2a9
 536 0335 1C       		.byte	0x1c
 537 0336 0C       		.uleb128 0xc
 538 0337 73323400 		.ascii	"s24\000"
 539 033b 08       		.byte	0x8
 540 033c 1601     		.2byte	0x116
 541 033e A9020000 		.4byte	0x2a9
 542 0342 20       		.byte	0x20
 543 0343 0C       		.uleb128 0xc
 544 0344 73323500 		.ascii	"s25\000"
 545 0348 08       		.byte	0x8
 546 0349 1701     		.2byte	0x117
 547 034b A9020000 		.4byte	0x2a9
 548 034f 24       		.byte	0x24
 549 0350 0C       		.uleb128 0xc
 550 0351 73323600 		.ascii	"s26\000"
 551 0355 08       		.byte	0x8
 552 0356 1801     		.2byte	0x118
 553 0358 A9020000 		.4byte	0x2a9
 554 035c 28       		.byte	0x28
 555 035d 0C       		.uleb128 0xc
 556 035e 73323700 		.ascii	"s27\000"
 557 0362 08       		.byte	0x8
 558 0363 1901     		.2byte	0x119
 559 0365 A9020000 		.4byte	0x2a9
 560 0369 2C       		.byte	0x2c
 561 036a 0C       		.uleb128 0xc
ARM GAS  /tmp/ccNXVJJE.s 			page 11


 562 036b 73323800 		.ascii	"s28\000"
 563 036f 08       		.byte	0x8
 564 0370 1A01     		.2byte	0x11a
 565 0372 A9020000 		.4byte	0x2a9
 566 0376 30       		.byte	0x30
 567 0377 0C       		.uleb128 0xc
 568 0378 73323900 		.ascii	"s29\000"
 569 037c 08       		.byte	0x8
 570 037d 1B01     		.2byte	0x11b
 571 037f A9020000 		.4byte	0x2a9
 572 0383 34       		.byte	0x34
 573 0384 0C       		.uleb128 0xc
 574 0385 73333000 		.ascii	"s30\000"
 575 0389 08       		.byte	0x8
 576 038a 1C01     		.2byte	0x11c
 577 038c A9020000 		.4byte	0x2a9
 578 0390 38       		.byte	0x38
 579 0391 0C       		.uleb128 0xc
 580 0392 73333100 		.ascii	"s31\000"
 581 0396 08       		.byte	0x8
 582 0397 1D01     		.2byte	0x11d
 583 0399 A9020000 		.4byte	0x2a9
 584 039d 3C       		.byte	0x3c
 585 039e 0C       		.uleb128 0xc
 586 039f 723400   		.ascii	"r4\000"
 587 03a2 08       		.byte	0x8
 588 03a3 1F01     		.2byte	0x11f
 589 03a5 A9020000 		.4byte	0x2a9
 590 03a9 40       		.byte	0x40
 591 03aa 0C       		.uleb128 0xc
 592 03ab 723500   		.ascii	"r5\000"
 593 03ae 08       		.byte	0x8
 594 03af 2001     		.2byte	0x120
 595 03b1 A9020000 		.4byte	0x2a9
 596 03b5 44       		.byte	0x44
 597 03b6 0C       		.uleb128 0xc
 598 03b7 723600   		.ascii	"r6\000"
 599 03ba 08       		.byte	0x8
 600 03bb 2101     		.2byte	0x121
 601 03bd A9020000 		.4byte	0x2a9
 602 03c1 48       		.byte	0x48
 603 03c2 0C       		.uleb128 0xc
 604 03c3 723700   		.ascii	"r7\000"
 605 03c6 08       		.byte	0x8
 606 03c7 2201     		.2byte	0x122
 607 03c9 A9020000 		.4byte	0x2a9
 608 03cd 4C       		.byte	0x4c
 609 03ce 0C       		.uleb128 0xc
 610 03cf 723800   		.ascii	"r8\000"
 611 03d2 08       		.byte	0x8
 612 03d3 2301     		.2byte	0x123
 613 03d5 A9020000 		.4byte	0x2a9
 614 03d9 50       		.byte	0x50
 615 03da 0C       		.uleb128 0xc
 616 03db 723900   		.ascii	"r9\000"
 617 03de 08       		.byte	0x8
 618 03df 2401     		.2byte	0x124
ARM GAS  /tmp/ccNXVJJE.s 			page 12


 619 03e1 A9020000 		.4byte	0x2a9
 620 03e5 54       		.byte	0x54
 621 03e6 0C       		.uleb128 0xc
 622 03e7 72313000 		.ascii	"r10\000"
 623 03eb 08       		.byte	0x8
 624 03ec 2501     		.2byte	0x125
 625 03ee A9020000 		.4byte	0x2a9
 626 03f2 58       		.byte	0x58
 627 03f3 0C       		.uleb128 0xc
 628 03f4 72313100 		.ascii	"r11\000"
 629 03f8 08       		.byte	0x8
 630 03f9 2601     		.2byte	0x126
 631 03fb A9020000 		.4byte	0x2a9
 632 03ff 5C       		.byte	0x5c
 633 0400 0C       		.uleb128 0xc
 634 0401 6C7200   		.ascii	"lr\000"
 635 0404 08       		.byte	0x8
 636 0405 2701     		.2byte	0x127
 637 0407 A9020000 		.4byte	0x2a9
 638 040b 60       		.byte	0x60
 639 040c 00       		.byte	0
 640 040d 0B       		.uleb128 0xb
 641 040e 52040000 		.4byte	.LASF55
 642 0412 04       		.byte	0x4
 643 0413 08       		.byte	0x8
 644 0414 3101     		.2byte	0x131
 645 0416 28040000 		.4byte	0x428
 646 041a 0C       		.uleb128 0xc
 647 041b 72313300 		.ascii	"r13\000"
 648 041f 08       		.byte	0x8
 649 0420 3201     		.2byte	0x132
 650 0422 28040000 		.4byte	0x428
 651 0426 00       		.byte	0
 652 0427 00       		.byte	0
 653 0428 09       		.uleb128 0x9
 654 0429 04       		.byte	0x4
 655 042a C1020000 		.4byte	0x2c1
 656 042e 0D       		.uleb128 0xd
 657 042f CE000000 		.4byte	0xce
 658 0433 04       		.uleb128 0x4
 659 0434 04       		.byte	0x4
 660 0435 07       		.byte	0x7
 661 0436 DF010000 		.4byte	.LASF56
 662 043a 0D       		.uleb128 0xd
 663 043b 38010000 		.4byte	0x138
 664 043f 08       		.uleb128 0x8
 665 0440 1C       		.byte	0x1c
 666 0441 09       		.byte	0x9
 667 0442 5E       		.byte	0x5e
 668 0443 90040000 		.4byte	0x490
 669 0447 06       		.uleb128 0x6
 670 0448 F7030000 		.4byte	.LASF57
 671 044c 09       		.byte	0x9
 672 044d 5F       		.byte	0x5f
 673 044e 7E020000 		.4byte	0x27e
 674 0452 00       		.byte	0
 675 0453 06       		.uleb128 0x6
ARM GAS  /tmp/ccNXVJJE.s 			page 13


 676 0454 99020000 		.4byte	.LASF58
 677 0458 09       		.byte	0x9
 678 0459 60       		.byte	0x60
 679 045a 17010000 		.4byte	0x117
 680 045e 08       		.byte	0x8
 681 045f 06       		.uleb128 0x6
 682 0460 FC010000 		.4byte	.LASF59
 683 0464 09       		.byte	0x9
 684 0465 62       		.byte	0x62
 685 0466 0D040000 		.4byte	0x40d
 686 046a 0C       		.byte	0xc
 687 046b 06       		.uleb128 0x6
 688 046c 22010000 		.4byte	.LASF60
 689 0470 09       		.byte	0x9
 690 0471 65       		.byte	0x65
 691 0472 78020000 		.4byte	0x278
 692 0476 10       		.byte	0x10
 693 0477 06       		.uleb128 0x6
 694 0478 19020000 		.4byte	.LASF61
 695 047c 09       		.byte	0x9
 696 047d 66       		.byte	0x66
 697 047e 78020000 		.4byte	0x278
 698 0482 14       		.byte	0x14
 699 0483 06       		.uleb128 0x6
 700 0484 0F020000 		.4byte	.LASF62
 701 0488 09       		.byte	0x9
 702 0489 69       		.byte	0x69
 703 048a 78020000 		.4byte	0x278
 704 048e 18       		.byte	0x18
 705 048f 00       		.byte	0
 706 0490 03       		.uleb128 0x3
 707 0491 73040000 		.4byte	.LASF63
 708 0495 09       		.byte	0x9
 709 0496 6B       		.byte	0x6b
 710 0497 3F040000 		.4byte	0x43f
 711 049b 05       		.uleb128 0x5
 712 049c EE010000 		.4byte	.LASF64
 713 04a0 10       		.byte	0x10
 714 04a1 0A       		.byte	0xa
 715 04a2 2C       		.byte	0x2c
 716 04a3 CC040000 		.4byte	0x4cc
 717 04a7 06       		.uleb128 0x6
 718 04a8 EE000000 		.4byte	.LASF65
 719 04ac 0A       		.byte	0xa
 720 04ad 2D       		.byte	0x2d
 721 04ae 7E020000 		.4byte	0x27e
 722 04b2 00       		.byte	0
 723 04b3 06       		.uleb128 0x6
 724 04b4 9F040000 		.4byte	.LASF66
 725 04b8 0A       		.byte	0xa
 726 04b9 2F       		.byte	0x2f
 727 04ba 78020000 		.4byte	0x278
 728 04be 08       		.byte	0x8
 729 04bf 06       		.uleb128 0x6
 730 04c0 21040000 		.4byte	.LASF67
 731 04c4 0A       		.byte	0xa
 732 04c5 31       		.byte	0x31
ARM GAS  /tmp/ccNXVJJE.s 			page 14


 733 04c6 CC040000 		.4byte	0x4cc
 734 04ca 0C       		.byte	0xc
 735 04cb 00       		.byte	0
 736 04cc 09       		.uleb128 0x9
 737 04cd 04       		.byte	0x4
 738 04ce 9B040000 		.4byte	0x49b
 739 04d2 03       		.uleb128 0x3
 740 04d3 EE010000 		.4byte	.LASF64
 741 04d7 0A       		.byte	0xa
 742 04d8 33       		.byte	0x33
 743 04d9 9B040000 		.4byte	0x49b
 744 04dd 0E       		.uleb128 0xe
 745 04de 04       		.byte	0x4
 746 04df 07       		.byte	0x7
 747 04e0 96       		.byte	0x96
 748 04e1 12050000 		.4byte	0x512
 749 04e5 0F       		.uleb128 0xf
 750 04e6 0F000000 		.4byte	.LASF68
 751 04ea 07       		.byte	0x7
 752 04eb 9D       		.byte	0x9d
 753 04ec 22010000 		.4byte	0x122
 754 04f0 0F       		.uleb128 0xf
 755 04f1 60000000 		.4byte	.LASF69
 756 04f5 07       		.byte	0x7
 757 04f6 A4       		.byte	0xa4
 758 04f7 22010000 		.4byte	0x122
 759 04fb 0F       		.uleb128 0xf
 760 04fc 8B040000 		.4byte	.LASF70
 761 0500 07       		.byte	0x7
 762 0501 AB       		.byte	0xab
 763 0502 B4020000 		.4byte	0x2b4
 764 0506 0F       		.uleb128 0xf
 765 0507 A0020000 		.4byte	.LASF71
 766 050b 07       		.byte	0x7
 767 050c B2       		.byte	0xb2
 768 050d 2D010000 		.4byte	0x12d
 769 0511 00       		.byte	0
 770 0512 09       		.uleb128 0x9
 771 0513 04       		.byte	0x4
 772 0514 18050000 		.4byte	0x518
 773 0518 10       		.uleb128 0x10
 774 0519 1D050000 		.4byte	0x51d
 775 051d 04       		.uleb128 0x4
 776 051e 01       		.byte	0x1
 777 051f 08       		.byte	0x8
 778 0520 11040000 		.4byte	.LASF72
 779 0524 09       		.uleb128 0x9
 780 0525 04       		.byte	0x4
 781 0526 B6020000 		.4byte	0x2b6
 782 052a 09       		.uleb128 0x9
 783 052b 04       		.byte	0x4
 784 052c D2040000 		.4byte	0x4d2
 785 0530 03       		.uleb128 0x3
 786 0531 00000000 		.4byte	.LASF73
 787 0535 07       		.byte	0x7
 788 0536 E5       		.byte	0xe5
 789 0537 3B050000 		.4byte	0x53b
ARM GAS  /tmp/ccNXVJJE.s 			page 15


 790 053b 09       		.uleb128 0x9
 791 053c 04       		.byte	0x4
 792 053d 41050000 		.4byte	0x541
 793 0541 11       		.uleb128 0x11
 794 0542 22010000 		.4byte	0x122
 795 0546 50050000 		.4byte	0x550
 796 054a 12       		.uleb128 0x12
 797 054b B4020000 		.4byte	0x2b4
 798 054f 00       		.byte	0
 799 0550 0D       		.uleb128 0xd
 800 0551 C3000000 		.4byte	0xc3
 801 0555 08       		.uleb128 0x8
 802 0556 04       		.byte	0x4
 803 0557 0B       		.byte	0xb
 804 0558 96       		.byte	0x96
 805 0559 76050000 		.4byte	0x576
 806 055d 07       		.uleb128 0x7
 807 055e 73657400 		.ascii	"set\000"
 808 0562 0B       		.byte	0xb
 809 0563 97       		.byte	0x97
 810 0564 B8000000 		.4byte	0xb8
 811 0568 00       		.byte	0
 812 0569 06       		.uleb128 0x6
 813 056a E8010000 		.4byte	.LASF74
 814 056e 0B       		.byte	0xb
 815 056f 98       		.byte	0x98
 816 0570 B8000000 		.4byte	0xb8
 817 0574 02       		.byte	0x2
 818 0575 00       		.byte	0
 819 0576 0E       		.uleb128 0xe
 820 0577 04       		.byte	0x4
 821 0578 0B       		.byte	0xb
 822 0579 94       		.byte	0x94
 823 057a 91050000 		.4byte	0x591
 824 057e 13       		.uleb128 0x13
 825 057f 5700     		.ascii	"W\000"
 826 0581 0B       		.byte	0xb
 827 0582 95       		.byte	0x95
 828 0583 CE000000 		.4byte	0xce
 829 0587 13       		.uleb128 0x13
 830 0588 4800     		.ascii	"H\000"
 831 058a 0B       		.byte	0xb
 832 058b 99       		.byte	0x99
 833 058c 55050000 		.4byte	0x555
 834 0590 00       		.byte	0
 835 0591 08       		.uleb128 0x8
 836 0592 28       		.byte	0x28
 837 0593 0B       		.byte	0xb
 838 0594 8C       		.byte	0x8c
 839 0595 12060000 		.4byte	0x612
 840 0599 06       		.uleb128 0x6
 841 059a 3D000000 		.4byte	.LASF75
 842 059e 0B       		.byte	0xb
 843 059f 8E       		.byte	0x8e
 844 05a0 2E040000 		.4byte	0x42e
 845 05a4 00       		.byte	0
 846 05a5 06       		.uleb128 0x6
ARM GAS  /tmp/ccNXVJJE.s 			page 16


 847 05a6 1F000000 		.4byte	.LASF76
 848 05aa 0B       		.byte	0xb
 849 05ab 8F       		.byte	0x8f
 850 05ac 2E040000 		.4byte	0x42e
 851 05b0 04       		.byte	0x4
 852 05b1 06       		.uleb128 0x6
 853 05b2 1A010000 		.4byte	.LASF77
 854 05b6 0B       		.byte	0xb
 855 05b7 90       		.byte	0x90
 856 05b8 2E040000 		.4byte	0x42e
 857 05bc 08       		.byte	0x8
 858 05bd 06       		.uleb128 0x6
 859 05be 5A000000 		.4byte	.LASF78
 860 05c2 0B       		.byte	0xb
 861 05c3 91       		.byte	0x91
 862 05c4 2E040000 		.4byte	0x42e
 863 05c8 0C       		.byte	0xc
 864 05c9 07       		.uleb128 0x7
 865 05ca 49445200 		.ascii	"IDR\000"
 866 05ce 0B       		.byte	0xb
 867 05cf 92       		.byte	0x92
 868 05d0 2E040000 		.4byte	0x42e
 869 05d4 10       		.byte	0x10
 870 05d5 07       		.uleb128 0x7
 871 05d6 4F445200 		.ascii	"ODR\000"
 872 05da 0B       		.byte	0xb
 873 05db 93       		.byte	0x93
 874 05dc 2E040000 		.4byte	0x42e
 875 05e0 14       		.byte	0x14
 876 05e1 06       		.uleb128 0x6
 877 05e2 E1000000 		.4byte	.LASF79
 878 05e6 0B       		.byte	0xb
 879 05e7 9A       		.byte	0x9a
 880 05e8 12060000 		.4byte	0x612
 881 05ec 18       		.byte	0x18
 882 05ed 06       		.uleb128 0x6
 883 05ee 73010000 		.4byte	.LASF80
 884 05f2 0B       		.byte	0xb
 885 05f3 9B       		.byte	0x9b
 886 05f4 2E040000 		.4byte	0x42e
 887 05f8 1C       		.byte	0x1c
 888 05f9 06       		.uleb128 0x6
 889 05fa 31020000 		.4byte	.LASF81
 890 05fe 0B       		.byte	0xb
 891 05ff 9C       		.byte	0x9c
 892 0600 2E040000 		.4byte	0x42e
 893 0604 20       		.byte	0x20
 894 0605 06       		.uleb128 0x6
 895 0606 2C020000 		.4byte	.LASF82
 896 060a 0B       		.byte	0xb
 897 060b 9D       		.byte	0x9d
 898 060c 2E040000 		.4byte	0x42e
 899 0610 24       		.byte	0x24
 900 0611 00       		.byte	0
 901 0612 0D       		.uleb128 0xd
 902 0613 76050000 		.4byte	0x576
 903 0617 03       		.uleb128 0x3
ARM GAS  /tmp/ccNXVJJE.s 			page 17


 904 0618 66010000 		.4byte	.LASF83
 905 061c 0B       		.byte	0xb
 906 061d 9E       		.byte	0x9e
 907 061e 91050000 		.4byte	0x591
 908 0622 03       		.uleb128 0x3
 909 0623 30000000 		.4byte	.LASF84
 910 0627 0B       		.byte	0xb
 911 0628 F0       		.byte	0xf0
 912 0629 CE000000 		.4byte	0xce
 913 062d 14       		.uleb128 0x14
 914 062e C5010000 		.4byte	.LASF92
 915 0632 01       		.byte	0x1
 916 0633 13       		.byte	0x13
 917 0634 22010000 		.4byte	0x122
 918 0638 00000000 		.4byte	.LFB111
 919 063c 34000000 		.4byte	.LFE111-.LFB111
 920 0640 01       		.uleb128 0x1
 921 0641 9C       		.byte	0x9c
 922 0642 7C060000 		.4byte	0x67c
 923 0646 15       		.uleb128 0x15
 924 0647 61726700 		.ascii	"arg\000"
 925 064b 01       		.byte	0x1
 926 064c 13       		.byte	0x13
 927 064d B4020000 		.4byte	0x2b4
 928 0651 00000000 		.4byte	.LLST0
 929 0655 16       		.uleb128 0x16
 930 0656 1C000000 		.4byte	.LVL2
 931 065a F9060000 		.4byte	0x6f9
 932 065e 6A060000 		.4byte	0x66a
 933 0662 17       		.uleb128 0x17
 934 0663 01       		.uleb128 0x1
 935 0664 50       		.byte	0x50
 936 0665 03       		.uleb128 0x3
 937 0666 0A       		.byte	0xa
 938 0667 F401     		.2byte	0x1f4
 939 0669 00       		.byte	0
 940 066a 18       		.uleb128 0x18
 941 066b 26000000 		.4byte	.LVL3
 942 066f F9060000 		.4byte	0x6f9
 943 0673 17       		.uleb128 0x17
 944 0674 01       		.uleb128 0x1
 945 0675 50       		.byte	0x50
 946 0676 03       		.uleb128 0x3
 947 0677 0A       		.byte	0xa
 948 0678 F401     		.2byte	0x1f4
 949 067a 00       		.byte	0
 950 067b 00       		.byte	0
 951 067c 19       		.uleb128 0x19
 952 067d EA030000 		.4byte	.LASF93
 953 0681 01       		.byte	0x1
 954 0682 20       		.byte	0x20
 955 0683 00000000 		.4byte	.LFB112
 956 0687 24000000 		.4byte	.LFE112-.LFB112
 957 068b 01       		.uleb128 0x1
 958 068c 9C       		.byte	0x9c
 959 068d C1060000 		.4byte	0x6c1
 960 0691 18       		.uleb128 0x18
ARM GAS  /tmp/ccNXVJJE.s 			page 18


 961 0692 16000000 		.4byte	.LVL4
 962 0696 0B070000 		.4byte	0x70b
 963 069a 17       		.uleb128 0x17
 964 069b 01       		.uleb128 0x1
 965 069c 53       		.byte	0x53
 966 069d 05       		.uleb128 0x5
 967 069e 03       		.byte	0x3
 968 069f 00000000 		.4byte	Thread1
 969 06a3 17       		.uleb128 0x17
 970 06a4 01       		.uleb128 0x1
 971 06a5 52       		.byte	0x52
 972 06a6 02       		.uleb128 0x2
 973 06a7 08       		.byte	0x8
 974 06a8 40       		.byte	0x40
 975 06a9 17       		.uleb128 0x17
 976 06aa 01       		.uleb128 0x1
 977 06ab 51       		.byte	0x51
 978 06ac 03       		.uleb128 0x3
 979 06ad 0A       		.byte	0xa
 980 06ae 5805     		.2byte	0x558
 981 06b0 17       		.uleb128 0x17
 982 06b1 01       		.uleb128 0x1
 983 06b2 50       		.byte	0x50
 984 06b3 05       		.uleb128 0x5
 985 06b4 03       		.byte	0x3
 986 06b5 00000000 		.4byte	.LANCHOR0
 987 06b9 17       		.uleb128 0x17
 988 06ba 02       		.uleb128 0x2
 989 06bb 7D       		.byte	0x7d
 990 06bc 00       		.sleb128 0
 991 06bd 01       		.uleb128 0x1
 992 06be 30       		.byte	0x30
 993 06bf 00       		.byte	0
 994 06c0 00       		.byte	0
 995 06c1 1A       		.uleb128 0x1a
 996 06c2 B6020000 		.4byte	0x2b6
 997 06c6 D1060000 		.4byte	0x6d1
 998 06ca 1B       		.uleb128 0x1b
 999 06cb 33040000 		.4byte	0x433
 1000 06cf AA       		.byte	0xaa
 1001 06d0 00       		.byte	0
 1002 06d1 1C       		.uleb128 0x1c
 1003 06d2 36020000 		.4byte	.LASF94
 1004 06d6 01       		.byte	0x1
 1005 06d7 12       		.byte	0x12
 1006 06d8 C1060000 		.4byte	0x6c1
 1007 06dc 05       		.uleb128 0x5
 1008 06dd 03       		.byte	0x3
 1009 06de 00000000 		.4byte	waThread1
 1010 06e2 1D       		.uleb128 0x1d
 1011 06e3 7D040000 		.4byte	.LASF85
 1012 06e7 09       		.byte	0x9
 1013 06e8 6F       		.byte	0x6f
 1014 06e9 90040000 		.4byte	0x490
 1015 06ed 1E       		.uleb128 0x1e
 1016 06ee 69000000 		.4byte	.LASF86
 1017 06f2 0C       		.byte	0xc
ARM GAS  /tmp/ccNXVJJE.s 			page 19


 1018 06f3 9806     		.2byte	0x698
 1019 06f5 50050000 		.4byte	0x550
 1020 06f9 1F       		.uleb128 0x1f
 1021 06fa 61040000 		.4byte	.LASF87
 1022 06fe 07       		.byte	0x7
 1023 06ff 7501     		.2byte	0x175
 1024 0701 0B070000 		.4byte	0x70b
 1025 0705 12       		.uleb128 0x12
 1026 0706 38010000 		.4byte	0x138
 1027 070a 00       		.byte	0
 1028 070b 20       		.uleb128 0x20
 1029 070c CD010000 		.4byte	.LASF88
 1030 0710 07       		.byte	0x7
 1031 0711 7001     		.2byte	0x170
 1032 0713 78020000 		.4byte	0x278
 1033 0717 12       		.uleb128 0x12
 1034 0718 B4020000 		.4byte	0x2b4
 1035 071c 12       		.uleb128 0x12
 1036 071d 2C000000 		.4byte	0x2c
 1037 0721 12       		.uleb128 0x12
 1038 0722 17010000 		.4byte	0x117
 1039 0726 12       		.uleb128 0x12
 1040 0727 30050000 		.4byte	0x530
 1041 072b 12       		.uleb128 0x12
 1042 072c B4020000 		.4byte	0x2b4
 1043 0730 00       		.byte	0
 1044 0731 00       		.byte	0
 1045              		.section	.debug_abbrev,"",%progbits
 1046              	.Ldebug_abbrev0:
 1047 0000 01       		.uleb128 0x1
 1048 0001 11       		.uleb128 0x11
 1049 0002 01       		.byte	0x1
 1050 0003 25       		.uleb128 0x25
 1051 0004 0E       		.uleb128 0xe
 1052 0005 13       		.uleb128 0x13
 1053 0006 0B       		.uleb128 0xb
 1054 0007 03       		.uleb128 0x3
 1055 0008 0E       		.uleb128 0xe
 1056 0009 1B       		.uleb128 0x1b
 1057 000a 0E       		.uleb128 0xe
 1058 000b 55       		.uleb128 0x55
 1059 000c 17       		.uleb128 0x17
 1060 000d 11       		.uleb128 0x11
 1061 000e 01       		.uleb128 0x1
 1062 000f 10       		.uleb128 0x10
 1063 0010 17       		.uleb128 0x17
 1064 0011 00       		.byte	0
 1065 0012 00       		.byte	0
 1066 0013 02       		.uleb128 0x2
 1067 0014 24       		.uleb128 0x24
 1068 0015 00       		.byte	0
 1069 0016 0B       		.uleb128 0xb
 1070 0017 0B       		.uleb128 0xb
 1071 0018 3E       		.uleb128 0x3e
 1072 0019 0B       		.uleb128 0xb
 1073 001a 03       		.uleb128 0x3
 1074 001b 08       		.uleb128 0x8
ARM GAS  /tmp/ccNXVJJE.s 			page 20


 1075 001c 00       		.byte	0
 1076 001d 00       		.byte	0
 1077 001e 03       		.uleb128 0x3
 1078 001f 16       		.uleb128 0x16
 1079 0020 00       		.byte	0
 1080 0021 03       		.uleb128 0x3
 1081 0022 0E       		.uleb128 0xe
 1082 0023 3A       		.uleb128 0x3a
 1083 0024 0B       		.uleb128 0xb
 1084 0025 3B       		.uleb128 0x3b
 1085 0026 0B       		.uleb128 0xb
 1086 0027 49       		.uleb128 0x49
 1087 0028 13       		.uleb128 0x13
 1088 0029 00       		.byte	0
 1089 002a 00       		.byte	0
 1090 002b 04       		.uleb128 0x4
 1091 002c 24       		.uleb128 0x24
 1092 002d 00       		.byte	0
 1093 002e 0B       		.uleb128 0xb
 1094 002f 0B       		.uleb128 0xb
 1095 0030 3E       		.uleb128 0x3e
 1096 0031 0B       		.uleb128 0xb
 1097 0032 03       		.uleb128 0x3
 1098 0033 0E       		.uleb128 0xe
 1099 0034 00       		.byte	0
 1100 0035 00       		.byte	0
 1101 0036 05       		.uleb128 0x5
 1102 0037 13       		.uleb128 0x13
 1103 0038 01       		.byte	0x1
 1104 0039 03       		.uleb128 0x3
 1105 003a 0E       		.uleb128 0xe
 1106 003b 0B       		.uleb128 0xb
 1107 003c 0B       		.uleb128 0xb
 1108 003d 3A       		.uleb128 0x3a
 1109 003e 0B       		.uleb128 0xb
 1110 003f 3B       		.uleb128 0x3b
 1111 0040 0B       		.uleb128 0xb
 1112 0041 01       		.uleb128 0x1
 1113 0042 13       		.uleb128 0x13
 1114 0043 00       		.byte	0
 1115 0044 00       		.byte	0
 1116 0045 06       		.uleb128 0x6
 1117 0046 0D       		.uleb128 0xd
 1118 0047 00       		.byte	0
 1119 0048 03       		.uleb128 0x3
 1120 0049 0E       		.uleb128 0xe
 1121 004a 3A       		.uleb128 0x3a
 1122 004b 0B       		.uleb128 0xb
 1123 004c 3B       		.uleb128 0x3b
 1124 004d 0B       		.uleb128 0xb
 1125 004e 49       		.uleb128 0x49
 1126 004f 13       		.uleb128 0x13
 1127 0050 38       		.uleb128 0x38
 1128 0051 0B       		.uleb128 0xb
 1129 0052 00       		.byte	0
 1130 0053 00       		.byte	0
 1131 0054 07       		.uleb128 0x7
ARM GAS  /tmp/ccNXVJJE.s 			page 21


 1132 0055 0D       		.uleb128 0xd
 1133 0056 00       		.byte	0
 1134 0057 03       		.uleb128 0x3
 1135 0058 08       		.uleb128 0x8
 1136 0059 3A       		.uleb128 0x3a
 1137 005a 0B       		.uleb128 0xb
 1138 005b 3B       		.uleb128 0x3b
 1139 005c 0B       		.uleb128 0xb
 1140 005d 49       		.uleb128 0x49
 1141 005e 13       		.uleb128 0x13
 1142 005f 38       		.uleb128 0x38
 1143 0060 0B       		.uleb128 0xb
 1144 0061 00       		.byte	0
 1145 0062 00       		.byte	0
 1146 0063 08       		.uleb128 0x8
 1147 0064 13       		.uleb128 0x13
 1148 0065 01       		.byte	0x1
 1149 0066 0B       		.uleb128 0xb
 1150 0067 0B       		.uleb128 0xb
 1151 0068 3A       		.uleb128 0x3a
 1152 0069 0B       		.uleb128 0xb
 1153 006a 3B       		.uleb128 0x3b
 1154 006b 0B       		.uleb128 0xb
 1155 006c 01       		.uleb128 0x1
 1156 006d 13       		.uleb128 0x13
 1157 006e 00       		.byte	0
 1158 006f 00       		.byte	0
 1159 0070 09       		.uleb128 0x9
 1160 0071 0F       		.uleb128 0xf
 1161 0072 00       		.byte	0
 1162 0073 0B       		.uleb128 0xb
 1163 0074 0B       		.uleb128 0xb
 1164 0075 49       		.uleb128 0x49
 1165 0076 13       		.uleb128 0x13
 1166 0077 00       		.byte	0
 1167 0078 00       		.byte	0
 1168 0079 0A       		.uleb128 0xa
 1169 007a 0F       		.uleb128 0xf
 1170 007b 00       		.byte	0
 1171 007c 0B       		.uleb128 0xb
 1172 007d 0B       		.uleb128 0xb
 1173 007e 00       		.byte	0
 1174 007f 00       		.byte	0
 1175 0080 0B       		.uleb128 0xb
 1176 0081 13       		.uleb128 0x13
 1177 0082 01       		.byte	0x1
 1178 0083 03       		.uleb128 0x3
 1179 0084 0E       		.uleb128 0xe
 1180 0085 0B       		.uleb128 0xb
 1181 0086 0B       		.uleb128 0xb
 1182 0087 3A       		.uleb128 0x3a
 1183 0088 0B       		.uleb128 0xb
 1184 0089 3B       		.uleb128 0x3b
 1185 008a 05       		.uleb128 0x5
 1186 008b 01       		.uleb128 0x1
 1187 008c 13       		.uleb128 0x13
 1188 008d 00       		.byte	0
ARM GAS  /tmp/ccNXVJJE.s 			page 22


 1189 008e 00       		.byte	0
 1190 008f 0C       		.uleb128 0xc
 1191 0090 0D       		.uleb128 0xd
 1192 0091 00       		.byte	0
 1193 0092 03       		.uleb128 0x3
 1194 0093 08       		.uleb128 0x8
 1195 0094 3A       		.uleb128 0x3a
 1196 0095 0B       		.uleb128 0xb
 1197 0096 3B       		.uleb128 0x3b
 1198 0097 05       		.uleb128 0x5
 1199 0098 49       		.uleb128 0x49
 1200 0099 13       		.uleb128 0x13
 1201 009a 38       		.uleb128 0x38
 1202 009b 0B       		.uleb128 0xb
 1203 009c 00       		.byte	0
 1204 009d 00       		.byte	0
 1205 009e 0D       		.uleb128 0xd
 1206 009f 35       		.uleb128 0x35
 1207 00a0 00       		.byte	0
 1208 00a1 49       		.uleb128 0x49
 1209 00a2 13       		.uleb128 0x13
 1210 00a3 00       		.byte	0
 1211 00a4 00       		.byte	0
 1212 00a5 0E       		.uleb128 0xe
 1213 00a6 17       		.uleb128 0x17
 1214 00a7 01       		.byte	0x1
 1215 00a8 0B       		.uleb128 0xb
 1216 00a9 0B       		.uleb128 0xb
 1217 00aa 3A       		.uleb128 0x3a
 1218 00ab 0B       		.uleb128 0xb
 1219 00ac 3B       		.uleb128 0x3b
 1220 00ad 0B       		.uleb128 0xb
 1221 00ae 01       		.uleb128 0x1
 1222 00af 13       		.uleb128 0x13
 1223 00b0 00       		.byte	0
 1224 00b1 00       		.byte	0
 1225 00b2 0F       		.uleb128 0xf
 1226 00b3 0D       		.uleb128 0xd
 1227 00b4 00       		.byte	0
 1228 00b5 03       		.uleb128 0x3
 1229 00b6 0E       		.uleb128 0xe
 1230 00b7 3A       		.uleb128 0x3a
 1231 00b8 0B       		.uleb128 0xb
 1232 00b9 3B       		.uleb128 0x3b
 1233 00ba 0B       		.uleb128 0xb
 1234 00bb 49       		.uleb128 0x49
 1235 00bc 13       		.uleb128 0x13
 1236 00bd 00       		.byte	0
 1237 00be 00       		.byte	0
 1238 00bf 10       		.uleb128 0x10
 1239 00c0 26       		.uleb128 0x26
 1240 00c1 00       		.byte	0
 1241 00c2 49       		.uleb128 0x49
 1242 00c3 13       		.uleb128 0x13
 1243 00c4 00       		.byte	0
 1244 00c5 00       		.byte	0
 1245 00c6 11       		.uleb128 0x11
ARM GAS  /tmp/ccNXVJJE.s 			page 23


 1246 00c7 15       		.uleb128 0x15
 1247 00c8 01       		.byte	0x1
 1248 00c9 27       		.uleb128 0x27
 1249 00ca 19       		.uleb128 0x19
 1250 00cb 49       		.uleb128 0x49
 1251 00cc 13       		.uleb128 0x13
 1252 00cd 01       		.uleb128 0x1
 1253 00ce 13       		.uleb128 0x13
 1254 00cf 00       		.byte	0
 1255 00d0 00       		.byte	0
 1256 00d1 12       		.uleb128 0x12
 1257 00d2 05       		.uleb128 0x5
 1258 00d3 00       		.byte	0
 1259 00d4 49       		.uleb128 0x49
 1260 00d5 13       		.uleb128 0x13
 1261 00d6 00       		.byte	0
 1262 00d7 00       		.byte	0
 1263 00d8 13       		.uleb128 0x13
 1264 00d9 0D       		.uleb128 0xd
 1265 00da 00       		.byte	0
 1266 00db 03       		.uleb128 0x3
 1267 00dc 08       		.uleb128 0x8
 1268 00dd 3A       		.uleb128 0x3a
 1269 00de 0B       		.uleb128 0xb
 1270 00df 3B       		.uleb128 0x3b
 1271 00e0 0B       		.uleb128 0xb
 1272 00e1 49       		.uleb128 0x49
 1273 00e2 13       		.uleb128 0x13
 1274 00e3 00       		.byte	0
 1275 00e4 00       		.byte	0
 1276 00e5 14       		.uleb128 0x14
 1277 00e6 2E       		.uleb128 0x2e
 1278 00e7 01       		.byte	0x1
 1279 00e8 03       		.uleb128 0x3
 1280 00e9 0E       		.uleb128 0xe
 1281 00ea 3A       		.uleb128 0x3a
 1282 00eb 0B       		.uleb128 0xb
 1283 00ec 3B       		.uleb128 0x3b
 1284 00ed 0B       		.uleb128 0xb
 1285 00ee 27       		.uleb128 0x27
 1286 00ef 19       		.uleb128 0x19
 1287 00f0 49       		.uleb128 0x49
 1288 00f1 13       		.uleb128 0x13
 1289 00f2 11       		.uleb128 0x11
 1290 00f3 01       		.uleb128 0x1
 1291 00f4 12       		.uleb128 0x12
 1292 00f5 06       		.uleb128 0x6
 1293 00f6 40       		.uleb128 0x40
 1294 00f7 18       		.uleb128 0x18
 1295 00f8 9742     		.uleb128 0x2117
 1296 00fa 19       		.uleb128 0x19
 1297 00fb 01       		.uleb128 0x1
 1298 00fc 13       		.uleb128 0x13
 1299 00fd 00       		.byte	0
 1300 00fe 00       		.byte	0
 1301 00ff 15       		.uleb128 0x15
 1302 0100 05       		.uleb128 0x5
ARM GAS  /tmp/ccNXVJJE.s 			page 24


 1303 0101 00       		.byte	0
 1304 0102 03       		.uleb128 0x3
 1305 0103 08       		.uleb128 0x8
 1306 0104 3A       		.uleb128 0x3a
 1307 0105 0B       		.uleb128 0xb
 1308 0106 3B       		.uleb128 0x3b
 1309 0107 0B       		.uleb128 0xb
 1310 0108 49       		.uleb128 0x49
 1311 0109 13       		.uleb128 0x13
 1312 010a 02       		.uleb128 0x2
 1313 010b 17       		.uleb128 0x17
 1314 010c 00       		.byte	0
 1315 010d 00       		.byte	0
 1316 010e 16       		.uleb128 0x16
 1317 010f 898201   		.uleb128 0x4109
 1318 0112 01       		.byte	0x1
 1319 0113 11       		.uleb128 0x11
 1320 0114 01       		.uleb128 0x1
 1321 0115 31       		.uleb128 0x31
 1322 0116 13       		.uleb128 0x13
 1323 0117 01       		.uleb128 0x1
 1324 0118 13       		.uleb128 0x13
 1325 0119 00       		.byte	0
 1326 011a 00       		.byte	0
 1327 011b 17       		.uleb128 0x17
 1328 011c 8A8201   		.uleb128 0x410a
 1329 011f 00       		.byte	0
 1330 0120 02       		.uleb128 0x2
 1331 0121 18       		.uleb128 0x18
 1332 0122 9142     		.uleb128 0x2111
 1333 0124 18       		.uleb128 0x18
 1334 0125 00       		.byte	0
 1335 0126 00       		.byte	0
 1336 0127 18       		.uleb128 0x18
 1337 0128 898201   		.uleb128 0x4109
 1338 012b 01       		.byte	0x1
 1339 012c 11       		.uleb128 0x11
 1340 012d 01       		.uleb128 0x1
 1341 012e 31       		.uleb128 0x31
 1342 012f 13       		.uleb128 0x13
 1343 0130 00       		.byte	0
 1344 0131 00       		.byte	0
 1345 0132 19       		.uleb128 0x19
 1346 0133 2E       		.uleb128 0x2e
 1347 0134 01       		.byte	0x1
 1348 0135 3F       		.uleb128 0x3f
 1349 0136 19       		.uleb128 0x19
 1350 0137 03       		.uleb128 0x3
 1351 0138 0E       		.uleb128 0xe
 1352 0139 3A       		.uleb128 0x3a
 1353 013a 0B       		.uleb128 0xb
 1354 013b 3B       		.uleb128 0x3b
 1355 013c 0B       		.uleb128 0xb
 1356 013d 27       		.uleb128 0x27
 1357 013e 19       		.uleb128 0x19
 1358 013f 11       		.uleb128 0x11
 1359 0140 01       		.uleb128 0x1
ARM GAS  /tmp/ccNXVJJE.s 			page 25


 1360 0141 12       		.uleb128 0x12
 1361 0142 06       		.uleb128 0x6
 1362 0143 40       		.uleb128 0x40
 1363 0144 18       		.uleb128 0x18
 1364 0145 9742     		.uleb128 0x2117
 1365 0147 19       		.uleb128 0x19
 1366 0148 01       		.uleb128 0x1
 1367 0149 13       		.uleb128 0x13
 1368 014a 00       		.byte	0
 1369 014b 00       		.byte	0
 1370 014c 1A       		.uleb128 0x1a
 1371 014d 01       		.uleb128 0x1
 1372 014e 01       		.byte	0x1
 1373 014f 49       		.uleb128 0x49
 1374 0150 13       		.uleb128 0x13
 1375 0151 01       		.uleb128 0x1
 1376 0152 13       		.uleb128 0x13
 1377 0153 00       		.byte	0
 1378 0154 00       		.byte	0
 1379 0155 1B       		.uleb128 0x1b
 1380 0156 21       		.uleb128 0x21
 1381 0157 00       		.byte	0
 1382 0158 49       		.uleb128 0x49
 1383 0159 13       		.uleb128 0x13
 1384 015a 2F       		.uleb128 0x2f
 1385 015b 0B       		.uleb128 0xb
 1386 015c 00       		.byte	0
 1387 015d 00       		.byte	0
 1388 015e 1C       		.uleb128 0x1c
 1389 015f 34       		.uleb128 0x34
 1390 0160 00       		.byte	0
 1391 0161 03       		.uleb128 0x3
 1392 0162 0E       		.uleb128 0xe
 1393 0163 3A       		.uleb128 0x3a
 1394 0164 0B       		.uleb128 0xb
 1395 0165 3B       		.uleb128 0x3b
 1396 0166 0B       		.uleb128 0xb
 1397 0167 49       		.uleb128 0x49
 1398 0168 13       		.uleb128 0x13
 1399 0169 02       		.uleb128 0x2
 1400 016a 18       		.uleb128 0x18
 1401 016b 00       		.byte	0
 1402 016c 00       		.byte	0
 1403 016d 1D       		.uleb128 0x1d
 1404 016e 34       		.uleb128 0x34
 1405 016f 00       		.byte	0
 1406 0170 03       		.uleb128 0x3
 1407 0171 0E       		.uleb128 0xe
 1408 0172 3A       		.uleb128 0x3a
 1409 0173 0B       		.uleb128 0xb
 1410 0174 3B       		.uleb128 0x3b
 1411 0175 0B       		.uleb128 0xb
 1412 0176 49       		.uleb128 0x49
 1413 0177 13       		.uleb128 0x13
 1414 0178 3F       		.uleb128 0x3f
 1415 0179 19       		.uleb128 0x19
 1416 017a 3C       		.uleb128 0x3c
ARM GAS  /tmp/ccNXVJJE.s 			page 26


 1417 017b 19       		.uleb128 0x19
 1418 017c 00       		.byte	0
 1419 017d 00       		.byte	0
 1420 017e 1E       		.uleb128 0x1e
 1421 017f 34       		.uleb128 0x34
 1422 0180 00       		.byte	0
 1423 0181 03       		.uleb128 0x3
 1424 0182 0E       		.uleb128 0xe
 1425 0183 3A       		.uleb128 0x3a
 1426 0184 0B       		.uleb128 0xb
 1427 0185 3B       		.uleb128 0x3b
 1428 0186 05       		.uleb128 0x5
 1429 0187 49       		.uleb128 0x49
 1430 0188 13       		.uleb128 0x13
 1431 0189 3F       		.uleb128 0x3f
 1432 018a 19       		.uleb128 0x19
 1433 018b 3C       		.uleb128 0x3c
 1434 018c 19       		.uleb128 0x19
 1435 018d 00       		.byte	0
 1436 018e 00       		.byte	0
 1437 018f 1F       		.uleb128 0x1f
 1438 0190 2E       		.uleb128 0x2e
 1439 0191 01       		.byte	0x1
 1440 0192 3F       		.uleb128 0x3f
 1441 0193 19       		.uleb128 0x19
 1442 0194 03       		.uleb128 0x3
 1443 0195 0E       		.uleb128 0xe
 1444 0196 3A       		.uleb128 0x3a
 1445 0197 0B       		.uleb128 0xb
 1446 0198 3B       		.uleb128 0x3b
 1447 0199 05       		.uleb128 0x5
 1448 019a 27       		.uleb128 0x27
 1449 019b 19       		.uleb128 0x19
 1450 019c 3C       		.uleb128 0x3c
 1451 019d 19       		.uleb128 0x19
 1452 019e 01       		.uleb128 0x1
 1453 019f 13       		.uleb128 0x13
 1454 01a0 00       		.byte	0
 1455 01a1 00       		.byte	0
 1456 01a2 20       		.uleb128 0x20
 1457 01a3 2E       		.uleb128 0x2e
 1458 01a4 01       		.byte	0x1
 1459 01a5 3F       		.uleb128 0x3f
 1460 01a6 19       		.uleb128 0x19
 1461 01a7 03       		.uleb128 0x3
 1462 01a8 0E       		.uleb128 0xe
 1463 01a9 3A       		.uleb128 0x3a
 1464 01aa 0B       		.uleb128 0xb
 1465 01ab 3B       		.uleb128 0x3b
 1466 01ac 05       		.uleb128 0x5
 1467 01ad 27       		.uleb128 0x27
 1468 01ae 19       		.uleb128 0x19
 1469 01af 49       		.uleb128 0x49
 1470 01b0 13       		.uleb128 0x13
 1471 01b1 3C       		.uleb128 0x3c
 1472 01b2 19       		.uleb128 0x19
 1473 01b3 00       		.byte	0
ARM GAS  /tmp/ccNXVJJE.s 			page 27


 1474 01b4 00       		.byte	0
 1475 01b5 00       		.byte	0
 1476              		.section	.debug_loc,"",%progbits
 1477              	.Ldebug_loc0:
 1478              	.LLST0:
 1479 0000 00000000 		.4byte	.LVL0
 1480 0004 12000000 		.4byte	.LVL1
 1481 0008 0100     		.2byte	0x1
 1482 000a 50       		.byte	0x50
 1483 000b 12000000 		.4byte	.LVL1
 1484 000f 34000000 		.4byte	.LFE111
 1485 0013 0400     		.2byte	0x4
 1486 0015 F3       		.byte	0xf3
 1487 0016 01       		.uleb128 0x1
 1488 0017 50       		.byte	0x50
 1489 0018 9F       		.byte	0x9f
 1490 0019 00000000 		.4byte	0
 1491 001d 00000000 		.4byte	0
 1492              		.section	.debug_aranges,"",%progbits
 1493 0000 24000000 		.4byte	0x24
 1494 0004 0200     		.2byte	0x2
 1495 0006 00000000 		.4byte	.Ldebug_info0
 1496 000a 04       		.byte	0x4
 1497 000b 00       		.byte	0
 1498 000c 0000     		.2byte	0
 1499 000e 0000     		.2byte	0
 1500 0010 00000000 		.4byte	.LFB111
 1501 0014 34000000 		.4byte	.LFE111-.LFB111
 1502 0018 00000000 		.4byte	.LFB112
 1503 001c 24000000 		.4byte	.LFE112-.LFB112
 1504 0020 00000000 		.4byte	0
 1505 0024 00000000 		.4byte	0
 1506              		.section	.debug_ranges,"",%progbits
 1507              	.Ldebug_ranges0:
 1508 0000 00000000 		.4byte	.LFB111
 1509 0004 34000000 		.4byte	.LFE111
 1510 0008 00000000 		.4byte	.LFB112
 1511 000c 24000000 		.4byte	.LFE112
 1512 0010 00000000 		.4byte	0
 1513 0014 00000000 		.4byte	0
 1514              		.section	.debug_line,"",%progbits
 1515              	.Ldebug_line0:
 1516 0000 EA010000 		.section	.debug_str,"MS",%progbits,1
 1516      0200AA01 
 1516      00000201 
 1516      FB0E0D00 
 1516      01010101 
 1517              	.LASF73:
 1518 0000 7466756E 		.ascii	"tfunc_t\000"
 1518      635F7400 
 1519              	.LASF2:
 1520 0008 73697A65 		.ascii	"size_t\000"
 1520      5F7400
 1521              	.LASF68:
 1522 000f 7264796D 		.ascii	"rdymsg\000"
 1522      736700
 1523              	.LASF19:
ARM GAS  /tmp/ccNXVJJE.s 			page 28


 1524 0016 75696E74 		.ascii	"uint64_t\000"
 1524      36345F74 
 1524      00
 1525              	.LASF76:
 1526 001f 4F545950 		.ascii	"OTYPER\000"
 1526      455200
 1527              	.LASF3:
 1528 0026 5F5F7569 		.ascii	"__uint8_t\000"
 1528      6E74385F 
 1528      7400
 1529              	.LASF84:
 1530 0030 696F706F 		.ascii	"ioportmask_t\000"
 1530      72746D61 
 1530      736B5F74 
 1530      00
 1531              	.LASF75:
 1532 003d 4D4F4445 		.ascii	"MODER\000"
 1532      5200
 1533              	.LASF14:
 1534 0043 6C6F6E67 		.ascii	"long long unsigned int\000"
 1534      206C6F6E 
 1534      6720756E 
 1534      7369676E 
 1534      65642069 
 1535              	.LASF78:
 1536 005a 50555044 		.ascii	"PUPDR\000"
 1536      5200
 1537              	.LASF69:
 1538 0060 65786974 		.ascii	"exitcode\000"
 1538      636F6465 
 1538      00
 1539              	.LASF86:
 1540 0069 49544D5F 		.ascii	"ITM_RxBuffer\000"
 1540      52784275 
 1540      66666572 
 1540      00
 1541              	.LASF91:
 1542 0076 2F686F6D 		.ascii	"/home/makkmarci/devel/ChibiOS_2.6.5/projects/STM32F"
 1542      652F6D61 
 1542      6B6B6D61 
 1542      7263692F 
 1542      64657665 
 1543 00a9 345F4368 		.ascii	"4_ChibiOS_uGFX_gwin_2/\000"
 1543      6962694F 
 1543      535F7547 
 1543      46585F67 
 1543      77696E5F 
 1544              	.LASF32:
 1545 00c0 705F7072 		.ascii	"p_prio\000"
 1545      696F00
 1546              	.LASF12:
 1547 00c7 6C6F6E67 		.ascii	"long long int\000"
 1547      206C6F6E 
 1547      6720696E 
 1547      7400
 1548              	.LASF1:
 1549 00d5 7369676E 		.ascii	"signed char\000"
ARM GAS  /tmp/ccNXVJJE.s 			page 29


 1549      65642063 
 1549      68617200 
 1550              	.LASF79:
 1551 00e1 42535252 		.ascii	"BSRR\000"
 1551      00
 1552              	.LASF49:
 1553 00e6 705F6D70 		.ascii	"p_mpool\000"
 1553      6F6F6C00 
 1554              	.LASF65:
 1555 00ee 6D5F7175 		.ascii	"m_queue\000"
 1555      65756500 
 1556              	.LASF24:
 1557 00f6 74736C69 		.ascii	"tslices_t\000"
 1557      6365735F 
 1557      7400
 1558              	.LASF9:
 1559 0100 6C6F6E67 		.ascii	"long int\000"
 1559      20696E74 
 1559      00
 1560              	.LASF22:
 1561 0109 74737461 		.ascii	"tstate_t\000"
 1561      74655F74 
 1561      00
 1562              	.LASF34:
 1563 0112 705F6E65 		.ascii	"p_newer\000"
 1563      77657200 
 1564              	.LASF77:
 1565 011a 4F535045 		.ascii	"OSPEEDR\000"
 1565      45445200 
 1566              	.LASF60:
 1567 0122 725F6E65 		.ascii	"r_newer\000"
 1567      77657200 
 1568              	.LASF52:
 1569 012a 72656761 		.ascii	"regarm_t\000"
 1569      726D5F74 
 1569      00
 1570              	.LASF37:
 1571 0133 705F7374 		.ascii	"p_stklimit\000"
 1571      6B6C696D 
 1571      697400
 1572              	.LASF0:
 1573 013e 756E7369 		.ascii	"unsigned int\000"
 1573      676E6564 
 1573      20696E74 
 1573      00
 1574              	.LASF16:
 1575 014b 75696E74 		.ascii	"uint16_t\000"
 1575      31365F74 
 1575      00
 1576              	.LASF42:
 1577 0154 705F7469 		.ascii	"p_time\000"
 1577      6D6500
 1578              	.LASF44:
 1579 015b 705F6D73 		.ascii	"p_msgqueue\000"
 1579      67717565 
 1579      756500
 1580              	.LASF83:
ARM GAS  /tmp/ccNXVJJE.s 			page 30


 1581 0166 4750494F 		.ascii	"GPIO_TypeDef\000"
 1581      5F547970 
 1581      65446566 
 1581      00
 1582              	.LASF80:
 1583 0173 4C434B52 		.ascii	"LCKR\000"
 1583      00
 1584              	.LASF90:
 1585 0178 6D794675 		.ascii	"myFunc.c\000"
 1585      6E632E63 
 1585      00
 1586              	.LASF7:
 1587 0181 73686F72 		.ascii	"short unsigned int\000"
 1587      7420756E 
 1587      7369676E 
 1587      65642069 
 1587      6E7400
 1588              	.LASF26:
 1589 0194 6D73675F 		.ascii	"msg_t\000"
 1589      7400
 1590              	.LASF21:
 1591 019a 746D6F64 		.ascii	"tmode_t\000"
 1591      655F7400 
 1592              	.LASF51:
 1593 01a2 54687265 		.ascii	"ThreadsList\000"
 1593      6164734C 
 1593      69737400 
 1594              	.LASF27:
 1595 01ae 6576656E 		.ascii	"eventmask_t\000"
 1595      746D6173 
 1595      6B5F7400 
 1596              	.LASF53:
 1597 01ba 73746B61 		.ascii	"stkalign_t\000"
 1597      6C69676E 
 1597      5F7400
 1598              	.LASF92:
 1599 01c5 54687265 		.ascii	"Thread1\000"
 1599      61643100 
 1600              	.LASF88:
 1601 01cd 63685468 		.ascii	"chThdCreateStatic\000"
 1601      64437265 
 1601      61746553 
 1601      74617469 
 1601      6300
 1602              	.LASF56:
 1603 01df 73697A65 		.ascii	"sizetype\000"
 1603      74797065 
 1603      00
 1604              	.LASF74:
 1605 01e8 636C6561 		.ascii	"clear\000"
 1605      7200
 1606              	.LASF64:
 1607 01ee 4D757465 		.ascii	"Mutex\000"
 1607      7800
 1608              	.LASF35:
 1609 01f4 705F6F6C 		.ascii	"p_older\000"
 1609      64657200 
ARM GAS  /tmp/ccNXVJJE.s 			page 31


 1610              	.LASF59:
 1611 01fc 725F6374 		.ascii	"r_ctx\000"
 1611      7800
 1612              	.LASF50:
 1613 0202 54687265 		.ascii	"ThreadsQueue\000"
 1613      61647351 
 1613      75657565 
 1613      00
 1614              	.LASF62:
 1615 020f 725F6375 		.ascii	"r_current\000"
 1615      7272656E 
 1615      7400
 1616              	.LASF61:
 1617 0219 725F6F6C 		.ascii	"r_older\000"
 1617      64657200 
 1618              	.LASF13:
 1619 0221 5F5F7569 		.ascii	"__uint64_t\000"
 1619      6E743634 
 1619      5F7400
 1620              	.LASF82:
 1621 022c 41465248 		.ascii	"AFRH\000"
 1621      00
 1622              	.LASF81:
 1623 0231 4146524C 		.ascii	"AFRL\000"
 1623      00
 1624              	.LASF94:
 1625 0236 77615468 		.ascii	"waThread1\000"
 1625      72656164 
 1625      3100
 1626              	.LASF23:
 1627 0240 74726566 		.ascii	"trefs_t\000"
 1627      735F7400 
 1628              	.LASF31:
 1629 0248 705F7072 		.ascii	"p_prev\000"
 1629      657600
 1630              	.LASF25:
 1631 024f 74707269 		.ascii	"tprio_t\000"
 1631      6F5F7400 
 1632              	.LASF20:
 1633 0257 5F426F6F 		.ascii	"_Bool\000"
 1633      6C00
 1634              	.LASF17:
 1635 025d 696E7433 		.ascii	"int32_t\000"
 1635      325F7400 
 1636              	.LASF4:
 1637 0265 756E7369 		.ascii	"unsigned char\000"
 1637      676E6564 
 1637      20636861 
 1637      7200
 1638              	.LASF47:
 1639 0273 705F6D74 		.ascii	"p_mtxlist\000"
 1639      786C6973 
 1639      7400
 1640              	.LASF5:
 1641 027d 73686F72 		.ascii	"short int\000"
 1641      7420696E 
 1641      7400
ARM GAS  /tmp/ccNXVJJE.s 			page 32


 1642              	.LASF38:
 1643 0287 705F7374 		.ascii	"p_state\000"
 1643      61746500 
 1644              	.LASF41:
 1645 028f 705F7072 		.ascii	"p_preempt\000"
 1645      65656D70 
 1645      7400
 1646              	.LASF58:
 1647 0299 725F7072 		.ascii	"r_prio\000"
 1647      696F00
 1648              	.LASF71:
 1649 02a0 65776D61 		.ascii	"ewmask\000"
 1649      736B00
 1650              	.LASF30:
 1651 02a7 705F6E65 		.ascii	"p_next\000"
 1651      787400
 1652              	.LASF39:
 1653 02ae 705F666C 		.ascii	"p_flags\000"
 1653      61677300 
 1654              	.LASF89:
 1655 02b6 474E5520 		.ascii	"GNU C 4.8.4 20140526 (release) [ARM/embedded-4_8-br"
 1655      4320342E 
 1655      382E3420 
 1655      32303134 
 1655      30353236 
 1656 02e9 616E6368 		.ascii	"anch revision 211358] -mcpu=cortex-m4 -mfloat-abi=h"
 1656      20726576 
 1656      6973696F 
 1656      6E203231 
 1656      31333538 
 1657 031c 61726420 		.ascii	"ard -mfpu=fpv4-sp-d16 -mno-thumb-interwork -mthumb "
 1657      2D6D6670 
 1657      753D6670 
 1657      76342D73 
 1657      702D6431 
 1658 034f 2D676764 		.ascii	"-ggdb -O2 -fomit-frame-pointer -falign-functions=16"
 1658      62202D4F 
 1658      32202D66 
 1658      6F6D6974 
 1658      2D667261 
 1659 0382 202D6666 		.ascii	" -ffunction-sections -fdata-sections -fno-common -f"
 1659      756E6374 
 1659      696F6E2D 
 1659      73656374 
 1659      696F6E73 
 1660 03b5 73696E67 		.ascii	"single-precision-constant\000"
 1660      6C652D70 
 1660      72656369 
 1660      73696F6E 
 1660      2D636F6E 
 1661              	.LASF29:
 1662 03cf 54687265 		.ascii	"Thread\000"
 1662      616400
 1663              	.LASF46:
 1664 03d6 705F6570 		.ascii	"p_epending\000"
 1664      656E6469 
 1664      6E6700
ARM GAS  /tmp/ccNXVJJE.s 			page 33


 1665              	.LASF18:
 1666 03e1 75696E74 		.ascii	"uint32_t\000"
 1666      33325F74 
 1666      00
 1667              	.LASF93:
 1668 03ea 73746172 		.ascii	"startBlinker\000"
 1668      74426C69 
 1668      6E6B6572 
 1668      00
 1669              	.LASF57:
 1670 03f7 725F7175 		.ascii	"r_queue\000"
 1670      65756500 
 1671              	.LASF11:
 1672 03ff 6C6F6E67 		.ascii	"long unsigned int\000"
 1672      20756E73 
 1672      69676E65 
 1672      6420696E 
 1672      7400
 1673              	.LASF72:
 1674 0411 63686172 		.ascii	"char\000"
 1674      00
 1675              	.LASF6:
 1676 0416 5F5F7569 		.ascii	"__uint16_t\000"
 1676      6E743136 
 1676      5F7400
 1677              	.LASF67:
 1678 0421 6D5F6E65 		.ascii	"m_next\000"
 1678      787400
 1679              	.LASF28:
 1680 0428 73797374 		.ascii	"systime_t\000"
 1680      696D655F 
 1680      7400
 1681              	.LASF48:
 1682 0432 705F7265 		.ascii	"p_realprio\000"
 1682      616C7072 
 1682      696F00
 1683              	.LASF8:
 1684 043d 5F5F696E 		.ascii	"__int32_t\000"
 1684      7433325F 
 1684      7400
 1685              	.LASF10:
 1686 0447 5F5F7569 		.ascii	"__uint32_t\000"
 1686      6E743332 
 1686      5F7400
 1687              	.LASF55:
 1688 0452 636F6E74 		.ascii	"context\000"
 1688      65787400 
 1689              	.LASF54:
 1690 045a 696E7463 		.ascii	"intctx\000"
 1690      747800
 1691              	.LASF87:
 1692 0461 63685468 		.ascii	"chThdSleep\000"
 1692      64536C65 
 1692      657000
 1693              	.LASF40:
 1694 046c 705F7265 		.ascii	"p_refs\000"
 1694      667300
ARM GAS  /tmp/ccNXVJJE.s 			page 34


 1695              	.LASF63:
 1696 0473 52656164 		.ascii	"ReadyList\000"
 1696      794C6973 
 1696      7400
 1697              	.LASF85:
 1698 047d 726C6973 		.ascii	"rlist\000"
 1698      7400
 1699              	.LASF15:
 1700 0483 75696E74 		.ascii	"uint8_t\000"
 1700      385F7400 
 1701              	.LASF70:
 1702 048b 77746F62 		.ascii	"wtobjp\000"
 1702      6A7000
 1703              	.LASF36:
 1704 0492 705F6E61 		.ascii	"p_name\000"
 1704      6D6500
 1705              	.LASF45:
 1706 0499 705F6D73 		.ascii	"p_msg\000"
 1706      6700
 1707              	.LASF66:
 1708 049f 6D5F6F77 		.ascii	"m_owner\000"
 1708      6E657200 
 1709              	.LASF33:
 1710 04a7 705F6374 		.ascii	"p_ctx\000"
 1710      7800
 1711              	.LASF43:
 1712 04ad 705F7761 		.ascii	"p_waiting\000"
 1712      6974696E 
 1712      6700
 1713              		.ident	"GCC: (GNU Tools for ARM Embedded Processors) 4.8.4 20140526 (release) [ARM/embedded-4_8-br
ARM GAS  /tmp/ccNXVJJE.s 			page 35


DEFINED SYMBOLS
                            *ABS*:00000000 myFunc.c
     /tmp/ccNXVJJE.s:21     .text.Thread1:00000000 $t
     /tmp/ccNXVJJE.s:26     .text.Thread1:00000000 Thread1
     /tmp/ccNXVJJE.s:68     .text.Thread1:00000028 $d
     /tmp/ccNXVJJE.s:75     .text.startBlinker:00000000 $t
     /tmp/ccNXVJJE.s:81     .text.startBlinker:00000000 startBlinker
     /tmp/ccNXVJJE.s:108    .text.startBlinker:0000001c $d
     /tmp/ccNXVJJE.s:114    .bss.waThread1:00000000 $d
     /tmp/ccNXVJJE.s:118    .bss.waThread1:00000000 waThread1
     /tmp/ccNXVJJE.s:121    .rodata.str1.4:00000000 $d
                     .debug_frame:00000010 $d
     /tmp/ccNXVJJE.s:74     .text.Thread1:00000034 $t
     /tmp/ccNXVJJE.s:113    .text.startBlinker:00000024 $t

UNDEFINED SYMBOLS
chThdSleep
rlist
chThdCreateStatic
