ARM GAS  /tmp/cca9ztzk.s 			page 1


   1              		.syntax unified
   2              		.cpu cortex-m4
   3              		.eabi_attribute 27, 3
   4              		.eabi_attribute 28, 1
   5              		.fpu fpv4-sp-d16
   6              		.eabi_attribute 20, 1
   7              		.eabi_attribute 21, 1
   8              		.eabi_attribute 23, 3
   9              		.eabi_attribute 24, 1
  10              		.eabi_attribute 25, 1
  11              		.eabi_attribute 26, 1
  12              		.eabi_attribute 30, 2
  13              		.eabi_attribute 34, 1
  14              		.eabi_attribute 18, 4
  15              		.thumb
  16              		.file	"pwm_lld.c"
  17              		.text
  18              	.Ltext0:
  19              		.cfi_sections	.debug_frame
  20              		.section	.text.VectorB4,"ax",%progbits
  21              		.align	2
  22              		.p2align 4,,15
  23              		.global	VectorB4
  24              		.thumb
  25              		.thumb_func
  26              		.type	VectorB4, %function
  27              	VectorB4:
  28              	.LFB119:
  29              		.file 1 "../../os/hal/platforms/STM32/TIMv1/pwm_lld.c"
  30              		.loc 1 216 0
  31              		.cfi_startproc
  32              		@ args = 0, pretend = 0, frame = 0
  33              		@ frame_needed = 0, uses_anonymous_args = 0
  34 0000 38B5     		push	{r3, r4, r5, lr}
  35              		.cfi_def_cfa_offset 16
  36              		.cfi_offset 3, -16
  37              		.cfi_offset 4, -12
  38              		.cfi_offset 5, -8
  39              		.cfi_offset 14, -4
  40              	.LBB4:
  41              	.LBB5:
  42              		.loc 1 115 0
  43 0002 194D     		ldr	r5, .L27
  44              	.LBE5:
  45              	.LBE4:
  46              		.loc 1 218 0
  47 0004 FFF7FEFF 		bl	dbg_check_enter_isr
  48              	.LVL0:
  49              	.LBB8:
  50              	.LBB6:
  51              		.loc 1 115 0
  52 0008 2B69     		ldr	r3, [r5, #16]
  53 000a 1A69     		ldr	r2, [r3, #16]
  54              	.LVL1:
  55              		.loc 1 116 0
  56 000c DC68     		ldr	r4, [r3, #12]
  57 000e 1440     		ands	r4, r4, r2
ARM GAS  /tmp/cca9ztzk.s 			page 2


  58 0010 A4B2     		uxth	r4, r4
  59              	.LVL2:
  60              		.loc 1 117 0
  61 0012 E2B2     		uxtb	r2, r4
  62 0014 D243     		mvns	r2, r2
  63 0016 1A61     		str	r2, [r3, #16]
  64              		.loc 1 118 0
  65 0018 A307     		lsls	r3, r4, #30
  66 001a 20D4     		bmi	.L23
  67              	.L2:
  68              		.loc 1 120 0
  69 001c 6007     		lsls	r0, r4, #29
  70 001e 19D4     		bmi	.L24
  71              	.L3:
  72              		.loc 1 122 0
  73 0020 2107     		lsls	r1, r4, #28
  74 0022 12D4     		bmi	.L25
  75              	.L4:
  76              		.loc 1 124 0
  77 0024 E206     		lsls	r2, r4, #27
  78 0026 0BD4     		bmi	.L26
  79              	.L5:
  80              		.loc 1 126 0
  81 0028 E307     		lsls	r3, r4, #31
  82 002a 03D5     		bpl	.L6
  83              		.loc 1 127 0
  84 002c 6B68     		ldr	r3, [r5, #4]
  85 002e 0E48     		ldr	r0, .L27
  86 0030 9B68     		ldr	r3, [r3, #8]
  87 0032 9847     		blx	r3
  88              	.LVL3:
  89              	.L6:
  90              	.LBE6:
  91              	.LBE8:
  92              		.loc 1 222 0
  93 0034 FFF7FEFF 		bl	dbg_check_leave_isr
  94              	.LVL4:
  95              		.loc 1 223 0
  96 0038 BDE83840 		pop	{r3, r4, r5, lr}
  97              	.LVL5:
  98              		.loc 1 222 0
  99 003c FFF7FEBF 		b	_port_irq_epilogue
 100              	.LVL6:
 101              	.L26:
 102              	.LBB9:
 103              	.LBB7:
 104              		.loc 1 125 0
 105 0040 6B68     		ldr	r3, [r5, #4]
 106 0042 0948     		ldr	r0, .L27
 107 0044 9B6A     		ldr	r3, [r3, #40]
 108 0046 9847     		blx	r3
 109              	.LVL7:
 110 0048 EEE7     		b	.L5
 111              	.L25:
 112              		.loc 1 123 0
 113 004a 6B68     		ldr	r3, [r5, #4]
 114 004c 0648     		ldr	r0, .L27
ARM GAS  /tmp/cca9ztzk.s 			page 3


 115 004e 1B6A     		ldr	r3, [r3, #32]
 116 0050 9847     		blx	r3
 117              	.LVL8:
 118 0052 E7E7     		b	.L4
 119              	.L24:
 120              		.loc 1 121 0
 121 0054 6B68     		ldr	r3, [r5, #4]
 122 0056 0448     		ldr	r0, .L27
 123 0058 9B69     		ldr	r3, [r3, #24]
 124 005a 9847     		blx	r3
 125              	.LVL9:
 126 005c E0E7     		b	.L3
 127              	.L23:
 128              		.loc 1 119 0
 129 005e 6B68     		ldr	r3, [r5, #4]
 130 0060 2846     		mov	r0, r5
 131 0062 1B69     		ldr	r3, [r3, #16]
 132 0064 9847     		blx	r3
 133              	.LVL10:
 134 0066 D9E7     		b	.L2
 135              	.L28:
 136              		.align	2
 137              	.L27:
 138 0068 00000000 		.word	.LANCHOR0
 139              	.LBE7:
 140              	.LBE9:
 141              		.cfi_endproc
 142              	.LFE119:
 143              		.size	VectorB4, .-VectorB4
 144 006c AFF30080 		.section	.text.pwm_lld_init,"ax",%progbits
 145              		.align	2
 146              		.p2align 4,,15
 147              		.global	pwm_lld_init
 148              		.thumb
 149              		.thumb_func
 150              		.type	pwm_lld_init, %function
 151              	pwm_lld_init:
 152              	.LFB120:
 153              		.loc 1 345 0
 154              		.cfi_startproc
 155              		@ args = 0, pretend = 0, frame = 0
 156              		@ frame_needed = 0, uses_anonymous_args = 0
 157 0000 10B5     		push	{r4, lr}
 158              		.cfi_def_cfa_offset 8
 159              		.cfi_offset 4, -8
 160              		.cfi_offset 14, -4
 161              		.loc 1 361 0
 162 0002 034C     		ldr	r4, .L30
 163 0004 2046     		mov	r0, r4
 164 0006 FFF7FEFF 		bl	pwmObjectInit
 165              	.LVL11:
 166              		.loc 1 362 0
 167 000a 024B     		ldr	r3, .L30+4
 168 000c 2361     		str	r3, [r4, #16]
 169 000e 10BD     		pop	{r4, pc}
 170              	.L31:
 171              		.align	2
ARM GAS  /tmp/cca9ztzk.s 			page 4


 172              	.L30:
 173 0010 00000000 		.word	.LANCHOR0
 174 0014 00040040 		.word	1073742848
 175              		.cfi_endproc
 176              	.LFE120:
 177              		.size	pwm_lld_init, .-pwm_lld_init
 178 0018 AFF30080 		.section	.text.pwm_lld_start,"ax",%progbits
 178      AFF30080 
 179              		.align	2
 180              		.p2align 4,,15
 181              		.global	pwm_lld_start
 182              		.thumb
 183              		.thumb_func
 184              		.type	pwm_lld_start, %function
 185              	pwm_lld_start:
 186              	.LFB121:
 187              		.loc 1 399 0
 188              		.cfi_startproc
 189              		@ args = 0, pretend = 0, frame = 0
 190              		@ frame_needed = 0, uses_anonymous_args = 0
 191              	.LVL12:
 192              		.loc 1 403 0
 193 0000 0378     		ldrb	r3, [r0]	@ zero_extendqisi2
 194 0002 012B     		cmp	r3, #1
 195              		.loc 1 399 0
 196 0004 70B5     		push	{r4, r5, r6, lr}
 197              		.cfi_def_cfa_offset 16
 198              		.cfi_offset 4, -16
 199              		.cfi_offset 5, -12
 200              		.cfi_offset 6, -8
 201              		.cfi_offset 14, -4
 202              		.loc 1 399 0
 203 0006 0446     		mov	r4, r0
 204              		.loc 1 403 0
 205 0008 62D0     		beq	.L61
 206              		.loc 1 492 0
 207 000a 4268     		ldr	r2, [r0, #4]
 208              		.loc 1 491 0
 209 000c 0369     		ldr	r3, [r0, #16]
 210              		.loc 1 492 0
 211 000e 106B     		ldr	r0, [r2, #48]
 212              	.LVL13:
 213              		.loc 1 491 0
 214 0010 0021     		movs	r1, #0
 215              		.loc 1 492 0
 216 0012 20F0FF00 		bic	r0, r0, #255
 217              		.loc 1 491 0
 218 0016 1960     		str	r1, [r3]
 219              		.loc 1 492 0
 220 0018 D860     		str	r0, [r3, #12]
 221              		.loc 1 494 0
 222 001a 1961     		str	r1, [r3, #16]
 223              		.loc 1 495 0
 224 001c 5963     		str	r1, [r3, #52]
 225              		.loc 1 496 0
 226 001e 9963     		str	r1, [r3, #56]
 227              		.loc 1 497 0
ARM GAS  /tmp/cca9ztzk.s 			page 5


 228 0020 D963     		str	r1, [r3, #60]
 229              		.loc 1 498 0
 230 0022 1964     		str	r1, [r3, #64]
 231              		.loc 1 499 0
 232 0024 5962     		str	r1, [r3, #36]
 233              	.L35:
 234              		.loc 1 503 0
 235 0026 E168     		ldr	r1, [r4, #12]
 236 0028 1668     		ldr	r6, [r2]
 237 002a B1FBF6F0 		udiv	r0, r1, r6
 238 002e 451E     		subs	r5, r0, #1
 239              	.LVL14:
 240              		.loc 1 504 0
 241 0030 B5F5803F 		cmp	r5, #65536
 242 0034 03D2     		bcs	.L36
 243              		.loc 1 504 0 is_stmt 0 discriminator 2
 244 0036 06FB00F0 		mul	r0, r6, r0
 245 003a 8142     		cmp	r1, r0
 246 003c 04D0     		beq	.L37
 247              	.L36:
 248              		.loc 1 504 0 discriminator 1
 249 003e 3248     		ldr	r0, .L65
 250 0040 FFF7FEFF 		bl	chDbgPanic
 251              	.LVL15:
 252 0044 6268     		ldr	r2, [r4, #4]
 253 0046 2369     		ldr	r3, [r4, #16]
 254              	.L37:
 255              		.loc 1 508 0 is_stmt 1
 256 0048 2489     		ldrh	r4, [r4, #8]
 257              	.LVL16:
 258              		.loc 1 513 0
 259 004a D168     		ldr	r1, [r2, #12]
 260              		.loc 1 509 0
 261 004c D06A     		ldr	r0, [r2, #44]
 262              		.loc 1 508 0
 263 004e 013C     		subs	r4, r4, #1
 264              		.loc 1 513 0
 265 0050 01F00F01 		and	r1, r1, #15
 266              		.loc 1 508 0
 267 0054 A4B2     		uxth	r4, r4
 268              		.loc 1 507 0
 269 0056 ADB2     		uxth	r5, r5
 270              	.LVL17:
 271              		.loc 1 513 0
 272 0058 0129     		cmp	r1, #1
 273              		.loc 1 507 0
 274 005a 9D62     		str	r5, [r3, #40]
 275              		.loc 1 508 0
 276 005c DC62     		str	r4, [r3, #44]
 277              		.loc 1 509 0
 278 005e 5860     		str	r0, [r3, #4]
 279              	.LVL18:
 280              		.loc 1 513 0
 281 0060 03D0     		beq	.L38
 282              		.loc 1 512 0
 283 0062 0229     		cmp	r1, #2
 284 0064 0CBF     		ite	eq
ARM GAS  /tmp/cca9ztzk.s 			page 6


 285 0066 0321     		moveq	r1, #3
 286 0068 0021     		movne	r1, #0
 287              	.L38:
 288              	.LVL19:
 289              		.loc 1 521 0
 290 006a 5069     		ldr	r0, [r2, #20]
 291 006c 00F00F00 		and	r0, r0, #15
 292 0070 0128     		cmp	r0, #1
 293 0072 2AD0     		beq	.L42
 294 0074 0228     		cmp	r0, #2
 295 0076 26D0     		beq	.L62
 296              	.LVL20:
 297              	.L41:
 298              		.loc 1 529 0
 299 0078 D069     		ldr	r0, [r2, #28]
 300 007a 00F00F00 		and	r0, r0, #15
 301 007e 0128     		cmp	r0, #1
 302 0080 1ED0     		beq	.L45
 303 0082 0228     		cmp	r0, #2
 304 0084 1AD0     		beq	.L63
 305              	.LVL21:
 306              	.L44:
 307              		.loc 1 537 0
 308 0086 506A     		ldr	r0, [r2, #36]
 309 0088 00F00F00 		and	r0, r0, #15
 310 008c 0128     		cmp	r0, #1
 311 008e 03D0     		beq	.L48
 312 0090 0228     		cmp	r0, #2
 313 0092 03D1     		bne	.L47
 314              		.loc 1 539 0
 315 0094 41F40051 		orr	r1, r1, #8192
 316              	.LVL22:
 317              	.L48:
 318              		.loc 1 541 0
 319 0098 41F48051 		orr	r1, r1, #4096
 320              	.LVL23:
 321              	.L47:
 322              		.loc 1 583 0
 323 009c 0120     		movs	r0, #1
 324              		.loc 1 582 0
 325 009e 1962     		str	r1, [r3, #32]
 326              		.loc 1 583 0
 327 00a0 5861     		str	r0, [r3, #20]
 328              		.loc 1 584 0
 329 00a2 9068     		ldr	r0, [r2, #8]
 330 00a4 DA68     		ldr	r2, [r3, #12]
 331              		.loc 1 585 0
 332 00a6 0021     		movs	r1, #0
 333              	.LVL24:
 334              		.loc 1 584 0
 335 00a8 8842     		cmp	r0, r1
 336 00aa 0CBF     		ite	eq
 337 00ac 1046     		moveq	r0, r2
 338 00ae 42F00100 		orrne	r0, r2, #1
 339              		.loc 1 594 0
 340 00b2 8522     		movs	r2, #133
 341              		.loc 1 584 0
ARM GAS  /tmp/cca9ztzk.s 			page 7


 342 00b4 D860     		str	r0, [r3, #12]
 343              		.loc 1 585 0
 344 00b6 1961     		str	r1, [r3, #16]
 345              		.loc 1 594 0
 346 00b8 1A60     		str	r2, [r3]
 347 00ba 70BD     		pop	{r4, r5, r6, pc}
 348              	.LVL25:
 349              	.L63:
 350              		.loc 1 531 0
 351 00bc 41F40071 		orr	r1, r1, #512
 352              	.LVL26:
 353              	.L45:
 354              		.loc 1 533 0
 355 00c0 41F48071 		orr	r1, r1, #256
 356              	.LVL27:
 357 00c4 DFE7     		b	.L44
 358              	.L62:
 359              		.loc 1 523 0
 360 00c6 41F02001 		orr	r1, r1, #32
 361              	.LVL28:
 362              	.L42:
 363              		.loc 1 525 0
 364 00ca 41F01001 		orr	r1, r1, #16
 365              	.LVL29:
 366 00ce D3E7     		b	.L41
 367              	.LVL30:
 368              	.L61:
 369              		.loc 1 430 0
 370 00d0 0E4B     		ldr	r3, .L65+4
 371 00d2 9842     		cmp	r0, r3
 372 00d4 06D0     		beq	.L64
 373              	.LVL31:
 374              	.L34:
 375              		.loc 1 484 0
 376 00d6 2369     		ldr	r3, [r4, #16]
 377 00d8 6268     		ldr	r2, [r4, #4]
 378 00da 46F66801 		movw	r1, #26728
 379 00de 9961     		str	r1, [r3, #24]
 380              		.loc 1 486 0
 381 00e0 D961     		str	r1, [r3, #28]
 382 00e2 A0E7     		b	.L35
 383              	.LVL32:
 384              	.L64:
 385              		.loc 1 431 0
 386 00e4 0A4B     		ldr	r3, .L65+8
 387 00e6 1A6C     		ldr	r2, [r3, #64]
 388 00e8 42F00202 		orr	r2, r2, #2
 389 00ec 1A64     		str	r2, [r3, #64]
 390              		.loc 1 432 0
 391 00ee 196A     		ldr	r1, [r3, #32]
 392 00f0 0022     		movs	r2, #0
 393 00f2 41F00201 		orr	r1, r1, #2
 394 00f6 1962     		str	r1, [r3, #32]
 395              		.loc 1 433 0
 396 00f8 1D20     		movs	r0, #29
 397              	.LVL33:
 398              		.loc 1 432 0
ARM GAS  /tmp/cca9ztzk.s 			page 8


 399 00fa 1A62     		str	r2, [r3, #32]
 400              		.loc 1 433 0
 401 00fc 7021     		movs	r1, #112
 402 00fe FFF7FEFF 		bl	nvicEnableVector
 403              	.LVL34:
 404              		.loc 1 435 0
 405 0102 044B     		ldr	r3, .L65+12
 406 0104 E360     		str	r3, [r4, #12]
 407 0106 E6E7     		b	.L34
 408              	.L66:
 409              		.align	2
 410              	.L65:
 411 0108 00000000 		.word	.LC0
 412 010c 00000000 		.word	.LANCHOR0
 413 0110 00380240 		.word	1073887232
 414 0114 00BD0105 		.word	84000000
 415              		.cfi_endproc
 416              	.LFE121:
 417              		.size	pwm_lld_start, .-pwm_lld_start
 418 0118 AFF30080 		.section	.text.pwm_lld_stop,"ax",%progbits
 418      AFF30080 
 419              		.align	2
 420              		.p2align 4,,15
 421              		.global	pwm_lld_stop
 422              		.thumb
 423              		.thumb_func
 424              		.type	pwm_lld_stop, %function
 425              	pwm_lld_stop:
 426              	.LFB122:
 427              		.loc 1 605 0
 428              		.cfi_startproc
 429              		@ args = 0, pretend = 0, frame = 0
 430              		@ frame_needed = 0, uses_anonymous_args = 0
 431              	.LVL35:
 432 0000 08B5     		push	{r3, lr}
 433              		.cfi_def_cfa_offset 8
 434              		.cfi_offset 3, -8
 435              		.cfi_offset 14, -4
 436              		.loc 1 608 0
 437 0002 0378     		ldrb	r3, [r0]	@ zero_extendqisi2
 438 0004 022B     		cmp	r3, #2
 439 0006 00D0     		beq	.L71
 440              	.LVL36:
 441              	.L67:
 442 0008 08BD     		pop	{r3, pc}
 443              	.LVL37:
 444              	.L71:
 445              		.loc 1 630 0
 446 000a 0849     		ldr	r1, .L72
 447              		.loc 1 609 0
 448 000c 0369     		ldr	r3, [r0, #16]
 449 000e 0022     		movs	r2, #0
 450              		.loc 1 630 0
 451 0010 8842     		cmp	r0, r1
 452              		.loc 1 609 0
 453 0012 1A60     		str	r2, [r3]
 454              		.loc 1 610 0
ARM GAS  /tmp/cca9ztzk.s 			page 9


 455 0014 DA60     		str	r2, [r3, #12]
 456              		.loc 1 611 0
 457 0016 1A61     		str	r2, [r3, #16]
 458              		.loc 1 630 0
 459 0018 F6D1     		bne	.L67
 460              		.loc 1 631 0
 461 001a 1D20     		movs	r0, #29
 462              	.LVL38:
 463 001c FFF7FEFF 		bl	nvicDisableVector
 464              	.LVL39:
 465              		.loc 1 632 0
 466 0020 034B     		ldr	r3, .L72+4
 467 0022 1A6C     		ldr	r2, [r3, #64]
 468 0024 22F00202 		bic	r2, r2, #2
 469 0028 1A64     		str	r2, [r3, #64]
 470 002a EDE7     		b	.L67
 471              	.L73:
 472              		.align	2
 473              	.L72:
 474 002c 00000000 		.word	.LANCHOR0
 475 0030 00380240 		.word	1073887232
 476              		.cfi_endproc
 477              	.LFE122:
 478              		.size	pwm_lld_stop, .-pwm_lld_stop
 479 0034 AFF30080 		.section	.text.pwm_lld_enable_channel,"ax",%progbits
 479      AFF30080 
 479      AFF30080 
 480              		.align	2
 481              		.p2align 4,,15
 482              		.global	pwm_lld_enable_channel
 483              		.thumb
 484              		.thumb_func
 485              		.type	pwm_lld_enable_channel, %function
 486              	pwm_lld_enable_channel:
 487              	.LFB123:
 488              		.loc 1 677 0
 489              		.cfi_startproc
 490              		@ args = 0, pretend = 0, frame = 0
 491              		@ frame_needed = 0, uses_anonymous_args = 0
 492              		@ link register save eliminated.
 493              	.LVL40:
 494 0000 10B4     		push	{r4}
 495              		.cfi_def_cfa_offset 4
 496              		.cfi_offset 4, -4
 497              		.loc 1 682 0
 498 0002 4468     		ldr	r4, [r0, #4]
 499              		.loc 1 679 0
 500 0004 0369     		ldr	r3, [r0, #16]
 501              		.loc 1 682 0
 502 0006 04EBC100 		add	r0, r4, r1, lsl #3
 503              	.LVL41:
 504              		.loc 1 679 0
 505 000a 01F10C04 		add	r4, r1, #12
 506              		.loc 1 682 0
 507 000e 0069     		ldr	r0, [r0, #16]
 508              		.loc 1 679 0
 509 0010 03EB8404 		add	r4, r3, r4, lsl #2
ARM GAS  /tmp/cca9ztzk.s 			page 10


 510 0014 6260     		str	r2, [r4, #4]
 511              		.loc 1 682 0
 512 0016 48B1     		cbz	r0, .L74
 513              	.LBB10:
 514              		.loc 1 686 0
 515 0018 0220     		movs	r0, #2
 516              		.loc 1 683 0
 517 001a DA68     		ldr	r2, [r3, #12]
 518              	.LVL42:
 519              		.loc 1 686 0
 520 001c 00FA01F1 		lsl	r1, r0, r1
 521              	.LVL43:
 522 0020 1142     		tst	r1, r2
 523 0022 03D1     		bne	.L74
 524              		.loc 1 687 0
 525 0024 0A43     		orrs	r2, r2, r1
 526              	.LVL44:
 527              		.loc 1 688 0
 528 0026 C943     		mvns	r1, r1
 529              		.loc 1 687 0
 530 0028 DA60     		str	r2, [r3, #12]
 531              		.loc 1 688 0
 532 002a 1961     		str	r1, [r3, #16]
 533              	.L74:
 534              	.LBE10:
 535              		.loc 1 691 0
 536 002c 5DF8044B 		ldr	r4, [sp], #4
 537 0030 7047     		bx	lr
 538              		.cfi_endproc
 539              	.LFE123:
 540              		.size	pwm_lld_enable_channel, .-pwm_lld_enable_channel
 541 0032 00BFAFF3 		.section	.text.pwm_lld_disable_channel,"ax",%progbits
 541      0080AFF3 
 541      0080AFF3 
 541      0080
 542              		.align	2
 543              		.p2align 4,,15
 544              		.global	pwm_lld_disable_channel
 545              		.thumb
 546              		.thumb_func
 547              		.type	pwm_lld_disable_channel, %function
 548              	pwm_lld_disable_channel:
 549              	.LFB124:
 550              		.loc 1 705 0
 551              		.cfi_startproc
 552              		@ args = 0, pretend = 0, frame = 0
 553              		@ frame_needed = 0, uses_anonymous_args = 0
 554              		@ link register save eliminated.
 555              	.LVL45:
 556              		.loc 1 707 0
 557 0000 0369     		ldr	r3, [r0, #16]
 558 0002 01F10C02 		add	r2, r1, #12
 559 0006 03EB8202 		add	r2, r3, r2, lsl #2
 560 000a 0020     		movs	r0, #0
 561              	.LVL46:
 562 000c 5060     		str	r0, [r2, #4]
 563              		.loc 1 708 0
ARM GAS  /tmp/cca9ztzk.s 			page 11


 564 000e DA68     		ldr	r2, [r3, #12]
 565 0010 0220     		movs	r0, #2
 566 0012 00FA01F1 		lsl	r1, r0, r1
 567              	.LVL47:
 568 0016 22EA0101 		bic	r1, r2, r1
 569 001a D960     		str	r1, [r3, #12]
 570 001c 7047     		bx	lr
 571              		.cfi_endproc
 572              	.LFE124:
 573              		.size	pwm_lld_disable_channel, .-pwm_lld_disable_channel
 574              		.global	PWMD3
 575 001e 00BF     		.section	.bss.PWMD3,"aw",%nobits
 576              		.align	2
 577              		.set	.LANCHOR0,. + 0
 578              		.type	PWMD3, %object
 579              		.size	PWMD3, 20
 580              	PWMD3:
 581 0000 00000000 		.space	20
 581      00000000 
 581      00000000 
 581      00000000 
 581      00000000 
 582              		.section	.rodata.str1.4,"aMS",%progbits,1
 583              		.align	2
 584              	.LC0:
 585 0000 70776D5F 		.ascii	"pwm_lld_start(), #1\000"
 585      6C6C645F 
 585      73746172 
 585      7428292C 
 585      20233100 
 586              		.text
 587              	.Letext0:
 588              		.file 2 "/opt/ARM/arm-none-eabi/include/machine/_default_types.h"
 589              		.file 3 "/opt/ARM/arm-none-eabi/include/stdint.h"
 590              		.file 4 "../../os/hal/platforms/STM32F4xx/stm32f4xx.h"
 591              		.file 5 "../../os/hal/include/pwm.h"
 592              		.file 6 "../../os/hal/platforms/STM32/TIMv1/pwm_lld.h"
 593              		.file 7 "../../os/hal/platforms/STM32/TIMv1/stm32_tim.h"
 594              		.file 8 "../../os/ports/common/ARMCMx/CMSIS/include/core_cm4.h"
 595              		.file 9 "../../os/kernel/include/chdebug.h"
 596              		.file 10 "../../os/ports/GCC/ARMCMx/chcore_v7m.h"
 597              		.file 11 "../../os/ports/common/ARMCMx/nvic.h"
 598              		.section	.debug_info,"",%progbits
 599              	.Ldebug_info0:
 600 0000 14080000 		.4byte	0x814
 601 0004 0400     		.2byte	0x4
 602 0006 00000000 		.4byte	.Ldebug_abbrev0
 603 000a 04       		.byte	0x4
 604 000b 01       		.uleb128 0x1
 605 000c FD030000 		.4byte	.LASF99
 606 0010 01       		.byte	0x1
 607 0011 B0000000 		.4byte	.LASF100
 608 0015 28030000 		.4byte	.LASF101
 609 0019 20000000 		.4byte	.Ldebug_ranges0+0x20
 610 001d 00000000 		.4byte	0
 611 0021 00000000 		.4byte	.Ldebug_line0
 612 0025 02       		.uleb128 0x2
ARM GAS  /tmp/cca9ztzk.s 			page 12


 613 0026 04       		.byte	0x4
 614 0027 05       		.byte	0x5
 615 0028 696E7400 		.ascii	"int\000"
 616 002c 03       		.uleb128 0x3
 617 002d 04       		.byte	0x4
 618 002e 07       		.byte	0x7
 619 002f 83020000 		.4byte	.LASF0
 620 0033 03       		.uleb128 0x3
 621 0034 01       		.byte	0x1
 622 0035 06       		.byte	0x6
 623 0036 60020000 		.4byte	.LASF1
 624 003a 04       		.uleb128 0x4
 625 003b D0010000 		.4byte	.LASF4
 626 003f 02       		.byte	0x2
 627 0040 1C       		.byte	0x1c
 628 0041 45000000 		.4byte	0x45
 629 0045 03       		.uleb128 0x3
 630 0046 01       		.byte	0x1
 631 0047 08       		.byte	0x8
 632 0048 1D020000 		.4byte	.LASF2
 633 004c 03       		.uleb128 0x3
 634 004d 02       		.byte	0x2
 635 004e 05       		.byte	0x5
 636 004f 3E000000 		.4byte	.LASF3
 637 0053 04       		.uleb128 0x4
 638 0054 9F000000 		.4byte	.LASF5
 639 0058 02       		.byte	0x2
 640 0059 26       		.byte	0x26
 641 005a 5E000000 		.4byte	0x5e
 642 005e 03       		.uleb128 0x3
 643 005f 02       		.byte	0x2
 644 0060 07       		.byte	0x7
 645 0061 B9020000 		.4byte	.LASF6
 646 0065 04       		.uleb128 0x4
 647 0066 E0030000 		.4byte	.LASF7
 648 006a 02       		.byte	0x2
 649 006b 37       		.byte	0x37
 650 006c 70000000 		.4byte	0x70
 651 0070 03       		.uleb128 0x3
 652 0071 04       		.byte	0x4
 653 0072 05       		.byte	0x5
 654 0073 89010000 		.4byte	.LASF8
 655 0077 04       		.uleb128 0x4
 656 0078 8F000000 		.4byte	.LASF9
 657 007c 02       		.byte	0x2
 658 007d 38       		.byte	0x38
 659 007e 82000000 		.4byte	0x82
 660 0082 03       		.uleb128 0x3
 661 0083 04       		.byte	0x4
 662 0084 07       		.byte	0x7
 663 0085 AE010000 		.4byte	.LASF10
 664 0089 03       		.uleb128 0x3
 665 008a 08       		.byte	0x8
 666 008b 05       		.byte	0x5
 667 008c 7B010000 		.4byte	.LASF11
 668 0090 03       		.uleb128 0x3
 669 0091 08       		.byte	0x8
ARM GAS  /tmp/cca9ztzk.s 			page 13


 670 0092 07       		.byte	0x7
 671 0093 6C020000 		.4byte	.LASF12
 672 0097 04       		.uleb128 0x4
 673 0098 14010000 		.4byte	.LASF13
 674 009c 03       		.byte	0x3
 675 009d 2A       		.byte	0x2a
 676 009e 3A000000 		.4byte	0x3a
 677 00a2 04       		.uleb128 0x4
 678 00a3 99020000 		.4byte	.LASF14
 679 00a7 03       		.byte	0x3
 680 00a8 36       		.byte	0x36
 681 00a9 53000000 		.4byte	0x53
 682 00ad 04       		.uleb128 0x4
 683 00ae FE020000 		.4byte	.LASF15
 684 00b2 03       		.byte	0x3
 685 00b3 41       		.byte	0x41
 686 00b4 65000000 		.4byte	0x65
 687 00b8 04       		.uleb128 0x4
 688 00b9 24010000 		.4byte	.LASF16
 689 00bd 03       		.byte	0x3
 690 00be 42       		.byte	0x42
 691 00bf 77000000 		.4byte	0x77
 692 00c3 03       		.uleb128 0x3
 693 00c4 01       		.byte	0x1
 694 00c5 02       		.byte	0x2
 695 00c6 06030000 		.4byte	.LASF17
 696 00ca 05       		.uleb128 0x5
 697 00cb B8000000 		.4byte	0xb8
 698 00cf 03       		.uleb128 0x3
 699 00d0 04       		.byte	0x4
 700 00d1 07       		.byte	0x7
 701 00d2 51000000 		.4byte	.LASF18
 702 00d6 06       		.uleb128 0x6
 703 00d7 04       		.byte	0x4
 704 00d8 DC000000 		.4byte	0xdc
 705 00dc 07       		.uleb128 0x7
 706 00dd E1000000 		.4byte	0xe1
 707 00e1 03       		.uleb128 0x3
 708 00e2 01       		.byte	0x1
 709 00e3 08       		.byte	0x8
 710 00e4 E3020000 		.4byte	.LASF19
 711 00e8 08       		.uleb128 0x8
 712 00e9 B8000000 		.4byte	0xb8
 713 00ed F8000000 		.4byte	0xf8
 714 00f1 09       		.uleb128 0x9
 715 00f2 CF000000 		.4byte	0xcf
 716 00f6 01       		.byte	0x1
 717 00f7 00       		.byte	0
 718 00f8 08       		.uleb128 0x8
 719 00f9 B8000000 		.4byte	0xb8
 720 00fd 08010000 		.4byte	0x108
 721 0101 09       		.uleb128 0x9
 722 0102 CF000000 		.4byte	0xcf
 723 0106 03       		.byte	0x3
 724 0107 00       		.byte	0
 725 0108 05       		.uleb128 0x5
 726 0109 AD000000 		.4byte	0xad
ARM GAS  /tmp/cca9ztzk.s 			page 14


 727 010d 0A       		.uleb128 0xa
 728 010e 90       		.byte	0x90
 729 010f 04       		.byte	0x4
 730 0110 5804     		.2byte	0x458
 731 0112 B6020000 		.4byte	0x2b6
 732 0116 0B       		.uleb128 0xb
 733 0117 435200   		.ascii	"CR\000"
 734 011a 04       		.byte	0x4
 735 011b 5A04     		.2byte	0x45a
 736 011d CA000000 		.4byte	0xca
 737 0121 00       		.byte	0
 738 0122 0C       		.uleb128 0xc
 739 0123 B1020000 		.4byte	.LASF20
 740 0127 04       		.byte	0x4
 741 0128 5B04     		.2byte	0x45b
 742 012a CA000000 		.4byte	0xca
 743 012e 04       		.byte	0x4
 744 012f 0C       		.uleb128 0xc
 745 0130 ED000000 		.4byte	.LASF21
 746 0134 04       		.byte	0x4
 747 0135 5C04     		.2byte	0x45c
 748 0137 CA000000 		.4byte	0xca
 749 013b 08       		.byte	0x8
 750 013c 0B       		.uleb128 0xb
 751 013d 43495200 		.ascii	"CIR\000"
 752 0141 04       		.byte	0x4
 753 0142 5D04     		.2byte	0x45d
 754 0144 CA000000 		.4byte	0xca
 755 0148 0C       		.byte	0xc
 756 0149 0C       		.uleb128 0xc
 757 014a DD000000 		.4byte	.LASF22
 758 014e 04       		.byte	0x4
 759 014f 5E04     		.2byte	0x45e
 760 0151 CA000000 		.4byte	0xca
 761 0155 10       		.byte	0x10
 762 0156 0C       		.uleb128 0xc
 763 0157 90020000 		.4byte	.LASF23
 764 015b 04       		.byte	0x4
 765 015c 5F04     		.2byte	0x45f
 766 015e CA000000 		.4byte	0xca
 767 0162 14       		.byte	0x14
 768 0163 0C       		.uleb128 0xc
 769 0164 3C050000 		.4byte	.LASF24
 770 0168 04       		.byte	0x4
 771 0169 6004     		.2byte	0x460
 772 016b CA000000 		.4byte	0xca
 773 016f 18       		.byte	0x18
 774 0170 0C       		.uleb128 0xc
 775 0171 1E030000 		.4byte	.LASF25
 776 0175 04       		.byte	0x4
 777 0176 6104     		.2byte	0x461
 778 0178 B8000000 		.4byte	0xb8
 779 017c 1C       		.byte	0x1c
 780 017d 0C       		.uleb128 0xc
 781 017e 1C000000 		.4byte	.LASF26
 782 0182 04       		.byte	0x4
 783 0183 6204     		.2byte	0x462
ARM GAS  /tmp/cca9ztzk.s 			page 15


 784 0185 CA000000 		.4byte	0xca
 785 0189 20       		.byte	0x20
 786 018a 0C       		.uleb128 0xc
 787 018b C7010000 		.4byte	.LASF27
 788 018f 04       		.byte	0x4
 789 0190 6304     		.2byte	0x463
 790 0192 CA000000 		.4byte	0xca
 791 0196 24       		.byte	0x24
 792 0197 0C       		.uleb128 0xc
 793 0198 F2000000 		.4byte	.LASF28
 794 019c 04       		.byte	0x4
 795 019d 6404     		.2byte	0x464
 796 019f E8000000 		.4byte	0xe8
 797 01a3 28       		.byte	0x28
 798 01a4 0C       		.uleb128 0xc
 799 01a5 B7030000 		.4byte	.LASF29
 800 01a9 04       		.byte	0x4
 801 01aa 6504     		.2byte	0x465
 802 01ac CA000000 		.4byte	0xca
 803 01b0 30       		.byte	0x30
 804 01b1 0C       		.uleb128 0xc
 805 01b2 25000000 		.4byte	.LASF30
 806 01b6 04       		.byte	0x4
 807 01b7 6604     		.2byte	0x466
 808 01b9 CA000000 		.4byte	0xca
 809 01bd 34       		.byte	0x34
 810 01be 0C       		.uleb128 0xc
 811 01bf 54010000 		.4byte	.LASF31
 812 01c3 04       		.byte	0x4
 813 01c4 6704     		.2byte	0x467
 814 01c6 CA000000 		.4byte	0xca
 815 01ca 38       		.byte	0x38
 816 01cb 0C       		.uleb128 0xc
 817 01cc 6B030000 		.4byte	.LASF32
 818 01d0 04       		.byte	0x4
 819 01d1 6804     		.2byte	0x468
 820 01d3 B8000000 		.4byte	0xb8
 821 01d7 3C       		.byte	0x3c
 822 01d8 0C       		.uleb128 0xc
 823 01d9 1C010000 		.4byte	.LASF33
 824 01dd 04       		.byte	0x4
 825 01de 6904     		.2byte	0x469
 826 01e0 CA000000 		.4byte	0xca
 827 01e4 40       		.byte	0x40
 828 01e5 0C       		.uleb128 0xc
 829 01e6 47020000 		.4byte	.LASF34
 830 01ea 04       		.byte	0x4
 831 01eb 6A04     		.2byte	0x46a
 832 01ed CA000000 		.4byte	0xca
 833 01f1 44       		.byte	0x44
 834 01f2 0C       		.uleb128 0xc
 835 01f3 75030000 		.4byte	.LASF35
 836 01f7 04       		.byte	0x4
 837 01f8 6B04     		.2byte	0x46b
 838 01fa E8000000 		.4byte	0xe8
 839 01fe 48       		.byte	0x48
 840 01ff 0C       		.uleb128 0xc
ARM GAS  /tmp/cca9ztzk.s 			page 16


 841 0200 00000000 		.4byte	.LASF36
 842 0204 04       		.byte	0x4
 843 0205 6C04     		.2byte	0x46c
 844 0207 CA000000 		.4byte	0xca
 845 020b 50       		.byte	0x50
 846 020c 0C       		.uleb128 0xc
 847 020d 14030000 		.4byte	.LASF37
 848 0211 04       		.byte	0x4
 849 0212 6D04     		.2byte	0x46d
 850 0214 CA000000 		.4byte	0xca
 851 0218 54       		.byte	0x54
 852 0219 0C       		.uleb128 0xc
 853 021a FC000000 		.4byte	.LASF38
 854 021e 04       		.byte	0x4
 855 021f 6E04     		.2byte	0x46e
 856 0221 CA000000 		.4byte	0xca
 857 0225 58       		.byte	0x58
 858 0226 0C       		.uleb128 0xc
 859 0227 7F030000 		.4byte	.LASF39
 860 022b 04       		.byte	0x4
 861 022c 6F04     		.2byte	0x46f
 862 022e B8000000 		.4byte	0xb8
 863 0232 5C       		.byte	0x5c
 864 0233 0C       		.uleb128 0xc
 865 0234 CC020000 		.4byte	.LASF40
 866 0238 04       		.byte	0x4
 867 0239 7004     		.2byte	0x470
 868 023b CA000000 		.4byte	0xca
 869 023f 60       		.byte	0x60
 870 0240 0C       		.uleb128 0xc
 871 0241 80050000 		.4byte	.LASF41
 872 0245 04       		.byte	0x4
 873 0246 7104     		.2byte	0x471
 874 0248 CA000000 		.4byte	0xca
 875 024c 64       		.byte	0x64
 876 024d 0C       		.uleb128 0xc
 877 024e 89030000 		.4byte	.LASF42
 878 0252 04       		.byte	0x4
 879 0253 7204     		.2byte	0x472
 880 0255 E8000000 		.4byte	0xe8
 881 0259 68       		.byte	0x68
 882 025a 0C       		.uleb128 0xc
 883 025b 5A000000 		.4byte	.LASF43
 884 025f 04       		.byte	0x4
 885 0260 7304     		.2byte	0x473
 886 0262 CA000000 		.4byte	0xca
 887 0266 70       		.byte	0x70
 888 0267 0B       		.uleb128 0xb
 889 0268 43535200 		.ascii	"CSR\000"
 890 026c 04       		.byte	0x4
 891 026d 7404     		.2byte	0x474
 892 026f CA000000 		.4byte	0xca
 893 0273 74       		.byte	0x74
 894 0274 0C       		.uleb128 0xc
 895 0275 93030000 		.4byte	.LASF44
 896 0279 04       		.byte	0x4
 897 027a 7504     		.2byte	0x475
ARM GAS  /tmp/cca9ztzk.s 			page 17


 898 027c E8000000 		.4byte	0xe8
 899 0280 78       		.byte	0x78
 900 0281 0C       		.uleb128 0xc
 901 0282 AA000000 		.4byte	.LASF45
 902 0286 04       		.byte	0x4
 903 0287 7604     		.2byte	0x476
 904 0289 CA000000 		.4byte	0xca
 905 028d 80       		.byte	0x80
 906 028e 0C       		.uleb128 0xc
 907 028f 5F000000 		.4byte	.LASF46
 908 0293 04       		.byte	0x4
 909 0294 7704     		.2byte	0x477
 910 0296 CA000000 		.4byte	0xca
 911 029a 84       		.byte	0x84
 912 029b 0C       		.uleb128 0xc
 913 029c 5C050000 		.4byte	.LASF47
 914 02a0 04       		.byte	0x4
 915 02a1 7804     		.2byte	0x478
 916 02a3 CA000000 		.4byte	0xca
 917 02a7 88       		.byte	0x88
 918 02a8 0C       		.uleb128 0xc
 919 02a9 32010000 		.4byte	.LASF48
 920 02ad 04       		.byte	0x4
 921 02ae 7904     		.2byte	0x479
 922 02b0 CA000000 		.4byte	0xca
 923 02b4 8C       		.byte	0x8c
 924 02b5 00       		.byte	0
 925 02b6 0D       		.uleb128 0xd
 926 02b7 5C010000 		.4byte	.LASF49
 927 02bb 04       		.byte	0x4
 928 02bc 7B04     		.2byte	0x47b
 929 02be 0D010000 		.4byte	0x10d
 930 02c2 0E       		.uleb128 0xe
 931 02c3 01       		.byte	0x1
 932 02c4 05       		.byte	0x5
 933 02c5 55       		.byte	0x55
 934 02c6 DD020000 		.4byte	0x2dd
 935 02ca 0F       		.uleb128 0xf
 936 02cb 12020000 		.4byte	.LASF50
 937 02cf 00       		.sleb128 0
 938 02d0 0F       		.uleb128 0xf
 939 02d1 F4030000 		.4byte	.LASF51
 940 02d5 01       		.sleb128 1
 941 02d6 0F       		.uleb128 0xf
 942 02d7 EA030000 		.4byte	.LASF52
 943 02db 02       		.sleb128 2
 944 02dc 00       		.byte	0
 945 02dd 04       		.uleb128 0x4
 946 02de 67050000 		.4byte	.LASF53
 947 02e2 05       		.byte	0x5
 948 02e3 59       		.byte	0x59
 949 02e4 C2020000 		.4byte	0x2c2
 950 02e8 04       		.uleb128 0x4
 951 02e9 F4020000 		.4byte	.LASF54
 952 02ed 05       		.byte	0x5
 953 02ee 5E       		.byte	0x5e
 954 02ef F3020000 		.4byte	0x2f3
ARM GAS  /tmp/cca9ztzk.s 			page 18


 955 02f3 10       		.uleb128 0x10
 956 02f4 F4020000 		.4byte	.LASF54
 957 02f8 14       		.byte	0x14
 958 02f9 06       		.byte	0x6
 959 02fa 6F01     		.2byte	0x16f
 960 02fc 42030000 		.4byte	0x342
 961 0300 0C       		.uleb128 0xc
 962 0301 32000000 		.4byte	.LASF55
 963 0305 06       		.byte	0x6
 964 0306 7301     		.2byte	0x173
 965 0308 DD020000 		.4byte	0x2dd
 966 030c 00       		.byte	0
 967 030d 0C       		.uleb128 0xc
 968 030e E6000000 		.4byte	.LASF56
 969 0312 06       		.byte	0x6
 970 0313 7701     		.2byte	0x177
 971 0315 56050000 		.4byte	0x556
 972 0319 04       		.byte	0x4
 973 031a 0C       		.uleb128 0xc
 974 031b C0010000 		.4byte	.LASF57
 975 031f 06       		.byte	0x6
 976 0320 7B01     		.2byte	0x17b
 977 0322 A6040000 		.4byte	0x4a6
 978 0326 08       		.byte	0x8
 979 0327 0C       		.uleb128 0xc
 980 0328 9D030000 		.4byte	.LASF58
 981 032c 06       		.byte	0x6
 982 032d 8301     		.2byte	0x183
 983 032f B8000000 		.4byte	0xb8
 984 0333 0C       		.byte	0xc
 985 0334 0B       		.uleb128 0xb
 986 0335 74696D00 		.ascii	"tim\000"
 987 0339 06       		.byte	0x6
 988 033a 8701     		.2byte	0x187
 989 033c 61050000 		.4byte	0x561
 990 0340 10       		.byte	0x10
 991 0341 00       		.byte	0
 992 0342 04       		.uleb128 0x4
 993 0343 72050000 		.4byte	.LASF59
 994 0347 05       		.byte	0x5
 995 0348 65       		.byte	0x65
 996 0349 4D030000 		.4byte	0x34d
 997 034d 06       		.uleb128 0x6
 998 034e 04       		.byte	0x4
 999 034f 53030000 		.4byte	0x353
 1000 0353 11       		.uleb128 0x11
 1001 0354 5E030000 		.4byte	0x35e
 1002 0358 12       		.uleb128 0x12
 1003 0359 5E030000 		.4byte	0x35e
 1004 035d 00       		.byte	0
 1005 035e 06       		.uleb128 0x6
 1006 035f 04       		.byte	0x4
 1007 0360 E8020000 		.4byte	0x2e8
 1008 0364 0A       		.uleb128 0xa
 1009 0365 60       		.byte	0x60
 1010 0366 07       		.byte	0x7
 1011 0367 9E01     		.2byte	0x19e
ARM GAS  /tmp/cca9ztzk.s 			page 19


 1012 0369 7D040000 		.4byte	0x47d
 1013 036d 0B       		.uleb128 0xb
 1014 036e 43523100 		.ascii	"CR1\000"
 1015 0372 07       		.byte	0x7
 1016 0373 9F01     		.2byte	0x19f
 1017 0375 CA000000 		.4byte	0xca
 1018 0379 00       		.byte	0
 1019 037a 0B       		.uleb128 0xb
 1020 037b 43523200 		.ascii	"CR2\000"
 1021 037f 07       		.byte	0x7
 1022 0380 A001     		.2byte	0x1a0
 1023 0382 CA000000 		.4byte	0xca
 1024 0386 04       		.byte	0x4
 1025 0387 0C       		.uleb128 0xc
 1026 0388 0D020000 		.4byte	.LASF60
 1027 038c 07       		.byte	0x7
 1028 038d A101     		.2byte	0x1a1
 1029 038f CA000000 		.4byte	0xca
 1030 0393 08       		.byte	0x8
 1031 0394 0C       		.uleb128 0xc
 1032 0395 AC020000 		.4byte	.LASF61
 1033 0399 07       		.byte	0x7
 1034 039a A201     		.2byte	0x1a2
 1035 039c CA000000 		.4byte	0xca
 1036 03a0 0C       		.byte	0xc
 1037 03a1 0B       		.uleb128 0xb
 1038 03a2 535200   		.ascii	"SR\000"
 1039 03a5 07       		.byte	0x7
 1040 03a6 A301     		.2byte	0x1a3
 1041 03a8 CA000000 		.4byte	0xca
 1042 03ac 10       		.byte	0x10
 1043 03ad 0B       		.uleb128 0xb
 1044 03ae 45475200 		.ascii	"EGR\000"
 1045 03b2 07       		.byte	0x7
 1046 03b3 A401     		.2byte	0x1a4
 1047 03b5 CA000000 		.4byte	0xca
 1048 03b9 14       		.byte	0x14
 1049 03ba 0C       		.uleb128 0xc
 1050 03bb DA010000 		.4byte	.LASF62
 1051 03bf 07       		.byte	0x7
 1052 03c0 A501     		.2byte	0x1a5
 1053 03c2 CA000000 		.4byte	0xca
 1054 03c6 18       		.byte	0x18
 1055 03c7 0C       		.uleb128 0xc
 1056 03c8 38000000 		.4byte	.LASF63
 1057 03cc 07       		.byte	0x7
 1058 03cd A601     		.2byte	0x1a6
 1059 03cf CA000000 		.4byte	0xca
 1060 03d3 1C       		.byte	0x1c
 1061 03d4 0C       		.uleb128 0xc
 1062 03d5 0A000000 		.4byte	.LASF64
 1063 03d9 07       		.byte	0x7
 1064 03da A701     		.2byte	0x1a7
 1065 03dc CA000000 		.4byte	0xca
 1066 03e0 20       		.byte	0x20
 1067 03e1 0B       		.uleb128 0xb
 1068 03e2 434E5400 		.ascii	"CNT\000"
ARM GAS  /tmp/cca9ztzk.s 			page 20


 1069 03e6 07       		.byte	0x7
 1070 03e7 A801     		.2byte	0x1a8
 1071 03e9 CA000000 		.4byte	0xca
 1072 03ed 24       		.byte	0x24
 1073 03ee 0B       		.uleb128 0xb
 1074 03ef 50534300 		.ascii	"PSC\000"
 1075 03f3 07       		.byte	0x7
 1076 03f4 A901     		.2byte	0x1a9
 1077 03f6 CA000000 		.4byte	0xca
 1078 03fa 28       		.byte	0x28
 1079 03fb 0B       		.uleb128 0xb
 1080 03fc 41525200 		.ascii	"ARR\000"
 1081 0400 07       		.byte	0x7
 1082 0401 AA01     		.2byte	0x1aa
 1083 0403 CA000000 		.4byte	0xca
 1084 0407 2C       		.byte	0x2c
 1085 0408 0B       		.uleb128 0xb
 1086 0409 52435200 		.ascii	"RCR\000"
 1087 040d 07       		.byte	0x7
 1088 040e AB01     		.2byte	0x1ab
 1089 0410 CA000000 		.4byte	0xca
 1090 0414 30       		.byte	0x30
 1091 0415 0B       		.uleb128 0xb
 1092 0416 43435200 		.ascii	"CCR\000"
 1093 041a 07       		.byte	0x7
 1094 041b AC01     		.2byte	0x1ac
 1095 041d 7D040000 		.4byte	0x47d
 1096 0421 34       		.byte	0x34
 1097 0422 0C       		.uleb128 0xc
 1098 0423 42020000 		.4byte	.LASF65
 1099 0427 07       		.byte	0x7
 1100 0428 AD01     		.2byte	0x1ad
 1101 042a CA000000 		.4byte	0xca
 1102 042e 44       		.byte	0x44
 1103 042f 0B       		.uleb128 0xb
 1104 0430 44435200 		.ascii	"DCR\000"
 1105 0434 07       		.byte	0x7
 1106 0435 AE01     		.2byte	0x1ae
 1107 0437 CA000000 		.4byte	0xca
 1108 043b 48       		.byte	0x48
 1109 043c 0C       		.uleb128 0xc
 1110 043d 2D000000 		.4byte	.LASF66
 1111 0441 07       		.byte	0x7
 1112 0442 AF01     		.2byte	0x1af
 1113 0444 CA000000 		.4byte	0xca
 1114 0448 4C       		.byte	0x4c
 1115 0449 0B       		.uleb128 0xb
 1116 044a 4F5200   		.ascii	"OR\000"
 1117 044d 07       		.byte	0x7
 1118 044e B001     		.2byte	0x1b0
 1119 0450 CA000000 		.4byte	0xca
 1120 0454 50       		.byte	0x50
 1121 0455 0C       		.uleb128 0xc
 1122 0456 F7010000 		.4byte	.LASF67
 1123 045a 07       		.byte	0x7
 1124 045b B101     		.2byte	0x1b1
 1125 045d CA000000 		.4byte	0xca
ARM GAS  /tmp/cca9ztzk.s 			page 21


 1126 0461 54       		.byte	0x54
 1127 0462 0C       		.uleb128 0xc
 1128 0463 A4010000 		.4byte	.LASF68
 1129 0467 07       		.byte	0x7
 1130 0468 B201     		.2byte	0x1b2
 1131 046a CA000000 		.4byte	0xca
 1132 046e 58       		.byte	0x58
 1133 046f 0C       		.uleb128 0xc
 1134 0470 A9010000 		.4byte	.LASF69
 1135 0474 07       		.byte	0x7
 1136 0475 B301     		.2byte	0x1b3
 1137 0477 CA000000 		.4byte	0xca
 1138 047b 5C       		.byte	0x5c
 1139 047c 00       		.byte	0
 1140 047d 05       		.uleb128 0x5
 1141 047e F8000000 		.4byte	0xf8
 1142 0482 0D       		.uleb128 0xd
 1143 0483 E8020000 		.4byte	.LASF70
 1144 0487 07       		.byte	0x7
 1145 0488 B401     		.2byte	0x1b4
 1146 048a 64030000 		.4byte	0x364
 1147 048e 0D       		.uleb128 0xd
 1148 048f 45050000 		.4byte	.LASF71
 1149 0493 06       		.byte	0x6
 1150 0494 2001     		.2byte	0x120
 1151 0496 B8000000 		.4byte	0xb8
 1152 049a 0D       		.uleb128 0xd
 1153 049b 82000000 		.4byte	.LASF72
 1154 049f 06       		.byte	0x6
 1155 04a0 2501     		.2byte	0x125
 1156 04a2 97000000 		.4byte	0x97
 1157 04a6 0D       		.uleb128 0xd
 1158 04a7 48000000 		.4byte	.LASF73
 1159 04ab 06       		.byte	0x6
 1160 04ac 2A01     		.2byte	0x12a
 1161 04ae A2000000 		.4byte	0xa2
 1162 04b2 0A       		.uleb128 0xa
 1163 04b3 08       		.byte	0x8
 1164 04b4 06       		.byte	0x6
 1165 04b5 2F01     		.2byte	0x12f
 1166 04b7 D6040000 		.4byte	0x4d6
 1167 04bb 0C       		.uleb128 0xc
 1168 04bc 9A000000 		.4byte	.LASF74
 1169 04c0 06       		.byte	0x6
 1170 04c1 3301     		.2byte	0x133
 1171 04c3 8E040000 		.4byte	0x48e
 1172 04c7 00       		.byte	0
 1173 04c8 0C       		.uleb128 0xc
 1174 04c9 8A050000 		.4byte	.LASF75
 1175 04cd 06       		.byte	0x6
 1176 04ce 3901     		.2byte	0x139
 1177 04d0 42030000 		.4byte	0x342
 1178 04d4 04       		.byte	0x4
 1179 04d5 00       		.byte	0
 1180 04d6 0D       		.uleb128 0xd
 1181 04d7 25050000 		.4byte	.LASF76
 1182 04db 06       		.byte	0x6
ARM GAS  /tmp/cca9ztzk.s 			page 22


 1183 04dc 3B01     		.2byte	0x13b
 1184 04de B2040000 		.4byte	0x4b2
 1185 04e2 0A       		.uleb128 0xa
 1186 04e3 34       		.byte	0x34
 1187 04e4 06       		.byte	0x6
 1188 04e5 4001     		.2byte	0x140
 1189 04e7 3A050000 		.4byte	0x53a
 1190 04eb 0C       		.uleb128 0xc
 1191 04ec 1B050000 		.4byte	.LASF77
 1192 04f0 06       		.byte	0x6
 1193 04f1 4601     		.2byte	0x146
 1194 04f3 B8000000 		.4byte	0xb8
 1195 04f7 00       		.byte	0
 1196 04f8 0C       		.uleb128 0xc
 1197 04f9 C0010000 		.4byte	.LASF57
 1198 04fd 06       		.byte	0x6
 1199 04fe 4C01     		.2byte	0x14c
 1200 0500 A6040000 		.4byte	0x4a6
 1201 0504 04       		.byte	0x4
 1202 0505 0C       		.uleb128 0xc
 1203 0506 8A050000 		.4byte	.LASF75
 1204 050a 06       		.byte	0x6
 1205 050b 5201     		.2byte	0x152
 1206 050d 42030000 		.4byte	0x342
 1207 0511 08       		.byte	0x8
 1208 0512 0C       		.uleb128 0xc
 1209 0513 D7030000 		.4byte	.LASF78
 1210 0517 06       		.byte	0x6
 1211 0518 5601     		.2byte	0x156
 1212 051a 3A050000 		.4byte	0x53a
 1213 051e 0C       		.byte	0xc
 1214 051f 0B       		.uleb128 0xb
 1215 0520 63723200 		.ascii	"cr2\000"
 1216 0524 06       		.byte	0x6
 1217 0525 5C01     		.2byte	0x15c
 1218 0527 B8000000 		.4byte	0xb8
 1219 052b 2C       		.byte	0x2c
 1220 052c 0C       		.uleb128 0xc
 1221 052d 16050000 		.4byte	.LASF79
 1222 0531 06       		.byte	0x6
 1223 0532 6901     		.2byte	0x169
 1224 0534 B8000000 		.4byte	0xb8
 1225 0538 30       		.byte	0x30
 1226 0539 00       		.byte	0
 1227 053a 08       		.uleb128 0x8
 1228 053b D6040000 		.4byte	0x4d6
 1229 053f 4A050000 		.4byte	0x54a
 1230 0543 09       		.uleb128 0x9
 1231 0544 CF000000 		.4byte	0xcf
 1232 0548 03       		.byte	0x3
 1233 0549 00       		.byte	0
 1234 054a 0D       		.uleb128 0xd
 1235 054b A2020000 		.4byte	.LASF80
 1236 054f 06       		.byte	0x6
 1237 0550 6A01     		.2byte	0x16a
 1238 0552 E2040000 		.4byte	0x4e2
 1239 0556 06       		.uleb128 0x6
ARM GAS  /tmp/cca9ztzk.s 			page 23


 1240 0557 04       		.byte	0x4
 1241 0558 5C050000 		.4byte	0x55c
 1242 055c 07       		.uleb128 0x7
 1243 055d 4A050000 		.4byte	0x54a
 1244 0561 06       		.uleb128 0x6
 1245 0562 04       		.byte	0x4
 1246 0563 82040000 		.4byte	0x482
 1247 0567 13       		.uleb128 0x13
 1248 0568 6A000000 		.4byte	.LASF102
 1249 056c 01       		.byte	0x1
 1250 056d 70       		.byte	0x70
 1251 056e 01       		.byte	0x1
 1252 056f 89050000 		.4byte	0x589
 1253 0573 14       		.uleb128 0x14
 1254 0574 08020000 		.4byte	.LASF86
 1255 0578 01       		.byte	0x1
 1256 0579 70       		.byte	0x70
 1257 057a 5E030000 		.4byte	0x35e
 1258 057e 15       		.uleb128 0x15
 1259 057f 737200   		.ascii	"sr\000"
 1260 0582 01       		.byte	0x1
 1261 0583 71       		.byte	0x71
 1262 0584 A2000000 		.4byte	0xa2
 1263 0588 00       		.byte	0
 1264 0589 16       		.uleb128 0x16
 1265 058a EE010000 		.4byte	.LASF81
 1266 058e 01       		.byte	0x1
 1267 058f D8       		.byte	0xd8
 1268 0590 00000000 		.4byte	.LFB119
 1269 0594 6C000000 		.4byte	.LFE119-.LFB119
 1270 0598 01       		.uleb128 0x1
 1271 0599 9C       		.byte	0x9c
 1272 059a 35060000 		.4byte	0x635
 1273 059e 17       		.uleb128 0x17
 1274 059f 67050000 		.4byte	0x567
 1275 05a3 02000000 		.4byte	.LBB4
 1276 05a7 00000000 		.4byte	.Ldebug_ranges0+0
 1277 05ab 01       		.byte	0x1
 1278 05ac DC       		.byte	0xdc
 1279 05ad 19060000 		.4byte	0x619
 1280 05b1 18       		.uleb128 0x18
 1281 05b2 73050000 		.4byte	0x573
 1282 05b6 06       		.uleb128 0x6
 1283 05b7 03       		.byte	0x3
 1284 05b8 00000000 		.4byte	PWMD3
 1285 05bc 9F       		.byte	0x9f
 1286 05bd 19       		.uleb128 0x19
 1287 05be 00000000 		.4byte	.Ldebug_ranges0+0
 1288 05c2 1A       		.uleb128 0x1a
 1289 05c3 7E050000 		.4byte	0x57e
 1290 05c7 00000000 		.4byte	.LLST0
 1291 05cb 1B       		.uleb128 0x1b
 1292 05cc 34000000 		.4byte	.LVL3
 1293 05d0 DB050000 		.4byte	0x5db
 1294 05d4 1C       		.uleb128 0x1c
 1295 05d5 01       		.uleb128 0x1
 1296 05d6 50       		.byte	0x50
ARM GAS  /tmp/cca9ztzk.s 			page 24


 1297 05d7 02       		.uleb128 0x2
 1298 05d8 75       		.byte	0x75
 1299 05d9 00       		.sleb128 0
 1300 05da 00       		.byte	0
 1301 05db 1B       		.uleb128 0x1b
 1302 05dc 48000000 		.4byte	.LVL7
 1303 05e0 EB050000 		.4byte	0x5eb
 1304 05e4 1C       		.uleb128 0x1c
 1305 05e5 01       		.uleb128 0x1
 1306 05e6 50       		.byte	0x50
 1307 05e7 02       		.uleb128 0x2
 1308 05e8 75       		.byte	0x75
 1309 05e9 00       		.sleb128 0
 1310 05ea 00       		.byte	0
 1311 05eb 1B       		.uleb128 0x1b
 1312 05ec 52000000 		.4byte	.LVL8
 1313 05f0 FB050000 		.4byte	0x5fb
 1314 05f4 1C       		.uleb128 0x1c
 1315 05f5 01       		.uleb128 0x1
 1316 05f6 50       		.byte	0x50
 1317 05f7 02       		.uleb128 0x2
 1318 05f8 75       		.byte	0x75
 1319 05f9 00       		.sleb128 0
 1320 05fa 00       		.byte	0
 1321 05fb 1B       		.uleb128 0x1b
 1322 05fc 5C000000 		.4byte	.LVL9
 1323 0600 0B060000 		.4byte	0x60b
 1324 0604 1C       		.uleb128 0x1c
 1325 0605 01       		.uleb128 0x1
 1326 0606 50       		.byte	0x50
 1327 0607 02       		.uleb128 0x2
 1328 0608 75       		.byte	0x75
 1329 0609 00       		.sleb128 0
 1330 060a 00       		.byte	0
 1331 060b 1D       		.uleb128 0x1d
 1332 060c 66000000 		.4byte	.LVL10
 1333 0610 1C       		.uleb128 0x1c
 1334 0611 01       		.uleb128 0x1
 1335 0612 50       		.byte	0x50
 1336 0613 02       		.uleb128 0x2
 1337 0614 75       		.byte	0x75
 1338 0615 00       		.sleb128 0
 1339 0616 00       		.byte	0
 1340 0617 00       		.byte	0
 1341 0618 00       		.byte	0
 1342 0619 1E       		.uleb128 0x1e
 1343 061a 08000000 		.4byte	.LVL0
 1344 061e BA070000 		.4byte	0x7ba
 1345 0622 1E       		.uleb128 0x1e
 1346 0623 38000000 		.4byte	.LVL4
 1347 0627 C1070000 		.4byte	0x7c1
 1348 062b 1F       		.uleb128 0x1f
 1349 062c 40000000 		.4byte	.LVL6
 1350 0630 C8070000 		.4byte	0x7c8
 1351 0634 00       		.byte	0
 1352 0635 20       		.uleb128 0x20
 1353 0636 D6020000 		.4byte	.LASF82
ARM GAS  /tmp/cca9ztzk.s 			page 25


 1354 063a 01       		.byte	0x1
 1355 063b 5901     		.2byte	0x159
 1356 063d 00000000 		.4byte	.LFB120
 1357 0641 18000000 		.4byte	.LFE120-.LFB120
 1358 0645 01       		.uleb128 0x1
 1359 0646 9C       		.byte	0x9c
 1360 0647 5C060000 		.4byte	0x65c
 1361 064b 21       		.uleb128 0x21
 1362 064c 0A000000 		.4byte	.LVL11
 1363 0650 D0070000 		.4byte	0x7d0
 1364 0654 1C       		.uleb128 0x1c
 1365 0655 01       		.uleb128 0x1
 1366 0656 50       		.byte	0x50
 1367 0657 02       		.uleb128 0x2
 1368 0658 74       		.byte	0x74
 1369 0659 00       		.sleb128 0
 1370 065a 00       		.byte	0
 1371 065b 00       		.byte	0
 1372 065c 20       		.uleb128 0x20
 1373 065d E0010000 		.4byte	.LASF83
 1374 0661 01       		.byte	0x1
 1375 0662 8F01     		.2byte	0x18f
 1376 0664 00000000 		.4byte	.LFB121
 1377 0668 18010000 		.4byte	.LFE121-.LFB121
 1378 066c 01       		.uleb128 0x1
 1379 066d 9C       		.byte	0x9c
 1380 066e CF060000 		.4byte	0x6cf
 1381 0672 22       		.uleb128 0x22
 1382 0673 08020000 		.4byte	.LASF86
 1383 0677 01       		.byte	0x1
 1384 0678 8F01     		.2byte	0x18f
 1385 067a 5E030000 		.4byte	0x35e
 1386 067e 33000000 		.4byte	.LLST1
 1387 0682 23       		.uleb128 0x23
 1388 0683 70736300 		.ascii	"psc\000"
 1389 0687 01       		.byte	0x1
 1390 0688 9001     		.2byte	0x190
 1391 068a B8000000 		.4byte	0xb8
 1392 068e 8B000000 		.4byte	.LLST2
 1393 0692 24       		.uleb128 0x24
 1394 0693 2D010000 		.4byte	.LASF84
 1395 0697 01       		.byte	0x1
 1396 0698 9101     		.2byte	0x191
 1397 069a A2000000 		.4byte	0xa2
 1398 069e 9E000000 		.4byte	.LLST3
 1399 06a2 25       		.uleb128 0x25
 1400 06a3 44000000 		.4byte	.LVL15
 1401 06a7 E1070000 		.4byte	0x7e1
 1402 06ab B9060000 		.4byte	0x6b9
 1403 06af 1C       		.uleb128 0x1c
 1404 06b0 01       		.uleb128 0x1
 1405 06b1 50       		.byte	0x50
 1406 06b2 05       		.uleb128 0x5
 1407 06b3 03       		.byte	0x3
 1408 06b4 00000000 		.4byte	.LC0
 1409 06b8 00       		.byte	0
 1410 06b9 21       		.uleb128 0x21
ARM GAS  /tmp/cca9ztzk.s 			page 26


 1411 06ba 02010000 		.4byte	.LVL34
 1412 06be F2070000 		.4byte	0x7f2
 1413 06c2 1C       		.uleb128 0x1c
 1414 06c3 01       		.uleb128 0x1
 1415 06c4 51       		.byte	0x51
 1416 06c5 02       		.uleb128 0x2
 1417 06c6 08       		.byte	0x8
 1418 06c7 70       		.byte	0x70
 1419 06c8 1C       		.uleb128 0x1c
 1420 06c9 01       		.uleb128 0x1
 1421 06ca 50       		.byte	0x50
 1422 06cb 01       		.uleb128 0x1
 1423 06cc 4D       		.byte	0x4d
 1424 06cd 00       		.byte	0
 1425 06ce 00       		.byte	0
 1426 06cf 20       		.uleb128 0x20
 1427 06d0 0F000000 		.4byte	.LASF85
 1428 06d4 01       		.byte	0x1
 1429 06d5 5D02     		.2byte	0x25d
 1430 06d7 00000000 		.4byte	.LFB122
 1431 06db 34000000 		.4byte	.LFE122-.LFB122
 1432 06df 01       		.uleb128 0x1
 1433 06e0 9C       		.byte	0x9c
 1434 06e1 05070000 		.4byte	0x705
 1435 06e5 22       		.uleb128 0x22
 1436 06e6 08020000 		.4byte	.LASF86
 1437 06ea 01       		.byte	0x1
 1438 06eb 5D02     		.2byte	0x25d
 1439 06ed 5E030000 		.4byte	0x35e
 1440 06f1 C8000000 		.4byte	.LLST4
 1441 06f5 21       		.uleb128 0x21
 1442 06f6 20000000 		.4byte	.LVL39
 1443 06fa 09080000 		.4byte	0x809
 1444 06fe 1C       		.uleb128 0x1c
 1445 06ff 01       		.uleb128 0x1
 1446 0700 50       		.byte	0x50
 1447 0701 01       		.uleb128 0x1
 1448 0702 4D       		.byte	0x4d
 1449 0703 00       		.byte	0
 1450 0704 00       		.byte	0
 1451 0705 20       		.uleb128 0x20
 1452 0706 2B020000 		.4byte	.LASF87
 1453 070a 01       		.byte	0x1
 1454 070b A302     		.2byte	0x2a3
 1455 070d 00000000 		.4byte	.LFB123
 1456 0711 32000000 		.4byte	.LFE123-.LFB123
 1457 0715 01       		.uleb128 0x1
 1458 0716 9C       		.byte	0x9c
 1459 0717 66070000 		.4byte	0x766
 1460 071b 22       		.uleb128 0x22
 1461 071c 08020000 		.4byte	.LASF86
 1462 0720 01       		.byte	0x1
 1463 0721 A302     		.2byte	0x2a3
 1464 0723 5E030000 		.4byte	0x35e
 1465 0727 02010000 		.4byte	.LLST5
 1466 072b 22       		.uleb128 0x22
 1467 072c 0C030000 		.4byte	.LASF88
ARM GAS  /tmp/cca9ztzk.s 			page 27


 1468 0730 01       		.byte	0x1
 1469 0731 A402     		.2byte	0x2a4
 1470 0733 9A040000 		.4byte	0x49a
 1471 0737 23010000 		.4byte	.LLST6
 1472 073b 22       		.uleb128 0x22
 1473 073c 3A010000 		.4byte	.LASF89
 1474 0740 01       		.byte	0x1
 1475 0741 A502     		.2byte	0x2a5
 1476 0743 A6040000 		.4byte	0x4a6
 1477 0747 44010000 		.4byte	.LLST7
 1478 074b 26       		.uleb128 0x26
 1479 074c 18000000 		.4byte	.LBB10
 1480 0750 14000000 		.4byte	.LBE10-.LBB10
 1481 0754 24       		.uleb128 0x24
 1482 0755 16050000 		.4byte	.LASF79
 1483 0759 01       		.byte	0x1
 1484 075a AB02     		.2byte	0x2ab
 1485 075c B8000000 		.4byte	0xb8
 1486 0760 65010000 		.4byte	.LLST8
 1487 0764 00       		.byte	0
 1488 0765 00       		.byte	0
 1489 0766 20       		.uleb128 0x20
 1490 0767 BF030000 		.4byte	.LASF90
 1491 076b 01       		.byte	0x1
 1492 076c C102     		.2byte	0x2c1
 1493 076e 00000000 		.4byte	.LFB124
 1494 0772 1E000000 		.4byte	.LFE124-.LFB124
 1495 0776 01       		.uleb128 0x1
 1496 0777 9C       		.byte	0x9c
 1497 0778 9D070000 		.4byte	0x79d
 1498 077c 22       		.uleb128 0x22
 1499 077d 08020000 		.4byte	.LASF86
 1500 0781 01       		.byte	0x1
 1501 0782 C102     		.2byte	0x2c1
 1502 0784 5E030000 		.4byte	0x35e
 1503 0788 78010000 		.4byte	.LLST9
 1504 078c 22       		.uleb128 0x22
 1505 078d 0C030000 		.4byte	.LASF88
 1506 0791 01       		.byte	0x1
 1507 0792 C102     		.2byte	0x2c1
 1508 0794 9A040000 		.4byte	0x49a
 1509 0798 99010000 		.4byte	.LLST10
 1510 079c 00       		.byte	0
 1511 079d 27       		.uleb128 0x27
 1512 079e 4F050000 		.4byte	.LASF91
 1513 07a2 08       		.byte	0x8
 1514 07a3 9806     		.2byte	0x698
 1515 07a5 08010000 		.4byte	0x108
 1516 07a9 28       		.uleb128 0x28
 1517 07aa 36050000 		.4byte	.LASF92
 1518 07ae 01       		.byte	0x1
 1519 07af 3B       		.byte	0x3b
 1520 07b0 E8020000 		.4byte	0x2e8
 1521 07b4 05       		.uleb128 0x5
 1522 07b5 03       		.byte	0x3
 1523 07b6 00000000 		.4byte	PWMD3
 1524 07ba 29       		.uleb128 0x29
ARM GAS  /tmp/cca9ztzk.s 			page 28


 1525 07bb A3030000 		.4byte	.LASF93
 1526 07bf 09       		.byte	0x9
 1527 07c0 EB       		.byte	0xeb
 1528 07c1 29       		.uleb128 0x29
 1529 07c2 40010000 		.4byte	.LASF94
 1530 07c6 09       		.byte	0x9
 1531 07c7 EC       		.byte	0xec
 1532 07c8 2A       		.uleb128 0x2a
 1533 07c9 68010000 		.4byte	.LASF95
 1534 07cd 0A       		.byte	0xa
 1535 07ce 0302     		.2byte	0x203
 1536 07d0 2B       		.uleb128 0x2b
 1537 07d1 06010000 		.4byte	.LASF96
 1538 07d5 05       		.byte	0x5
 1539 07d6 F3       		.byte	0xf3
 1540 07d7 E1070000 		.4byte	0x7e1
 1541 07db 12       		.uleb128 0x12
 1542 07dc 5E030000 		.4byte	0x35e
 1543 07e0 00       		.byte	0
 1544 07e1 2B       		.uleb128 0x2b
 1545 07e2 FD010000 		.4byte	.LASF97
 1546 07e6 09       		.byte	0x9
 1547 07e7 F6       		.byte	0xf6
 1548 07e8 F2070000 		.4byte	0x7f2
 1549 07ec 12       		.uleb128 0x12
 1550 07ed D6000000 		.4byte	0xd6
 1551 07f1 00       		.byte	0
 1552 07f2 2C       		.uleb128 0x2c
 1553 07f3 4F020000 		.4byte	.LASF98
 1554 07f7 0B       		.byte	0xb
 1555 07f8 2301     		.2byte	0x123
 1556 07fa 09080000 		.4byte	0x809
 1557 07fe 12       		.uleb128 0x12
 1558 07ff B8000000 		.4byte	0xb8
 1559 0803 12       		.uleb128 0x12
 1560 0804 B8000000 		.4byte	0xb8
 1561 0808 00       		.byte	0
 1562 0809 2D       		.uleb128 0x2d
 1563 080a 92010000 		.4byte	.LASF103
 1564 080e 0B       		.byte	0xb
 1565 080f 2401     		.2byte	0x124
 1566 0811 12       		.uleb128 0x12
 1567 0812 B8000000 		.4byte	0xb8
 1568 0816 00       		.byte	0
 1569 0817 00       		.byte	0
 1570              		.section	.debug_abbrev,"",%progbits
 1571              	.Ldebug_abbrev0:
 1572 0000 01       		.uleb128 0x1
 1573 0001 11       		.uleb128 0x11
 1574 0002 01       		.byte	0x1
 1575 0003 25       		.uleb128 0x25
 1576 0004 0E       		.uleb128 0xe
 1577 0005 13       		.uleb128 0x13
 1578 0006 0B       		.uleb128 0xb
 1579 0007 03       		.uleb128 0x3
 1580 0008 0E       		.uleb128 0xe
 1581 0009 1B       		.uleb128 0x1b
ARM GAS  /tmp/cca9ztzk.s 			page 29


 1582 000a 0E       		.uleb128 0xe
 1583 000b 55       		.uleb128 0x55
 1584 000c 17       		.uleb128 0x17
 1585 000d 11       		.uleb128 0x11
 1586 000e 01       		.uleb128 0x1
 1587 000f 10       		.uleb128 0x10
 1588 0010 17       		.uleb128 0x17
 1589 0011 00       		.byte	0
 1590 0012 00       		.byte	0
 1591 0013 02       		.uleb128 0x2
 1592 0014 24       		.uleb128 0x24
 1593 0015 00       		.byte	0
 1594 0016 0B       		.uleb128 0xb
 1595 0017 0B       		.uleb128 0xb
 1596 0018 3E       		.uleb128 0x3e
 1597 0019 0B       		.uleb128 0xb
 1598 001a 03       		.uleb128 0x3
 1599 001b 08       		.uleb128 0x8
 1600 001c 00       		.byte	0
 1601 001d 00       		.byte	0
 1602 001e 03       		.uleb128 0x3
 1603 001f 24       		.uleb128 0x24
 1604 0020 00       		.byte	0
 1605 0021 0B       		.uleb128 0xb
 1606 0022 0B       		.uleb128 0xb
 1607 0023 3E       		.uleb128 0x3e
 1608 0024 0B       		.uleb128 0xb
 1609 0025 03       		.uleb128 0x3
 1610 0026 0E       		.uleb128 0xe
 1611 0027 00       		.byte	0
 1612 0028 00       		.byte	0
 1613 0029 04       		.uleb128 0x4
 1614 002a 16       		.uleb128 0x16
 1615 002b 00       		.byte	0
 1616 002c 03       		.uleb128 0x3
 1617 002d 0E       		.uleb128 0xe
 1618 002e 3A       		.uleb128 0x3a
 1619 002f 0B       		.uleb128 0xb
 1620 0030 3B       		.uleb128 0x3b
 1621 0031 0B       		.uleb128 0xb
 1622 0032 49       		.uleb128 0x49
 1623 0033 13       		.uleb128 0x13
 1624 0034 00       		.byte	0
 1625 0035 00       		.byte	0
 1626 0036 05       		.uleb128 0x5
 1627 0037 35       		.uleb128 0x35
 1628 0038 00       		.byte	0
 1629 0039 49       		.uleb128 0x49
 1630 003a 13       		.uleb128 0x13
 1631 003b 00       		.byte	0
 1632 003c 00       		.byte	0
 1633 003d 06       		.uleb128 0x6
 1634 003e 0F       		.uleb128 0xf
 1635 003f 00       		.byte	0
 1636 0040 0B       		.uleb128 0xb
 1637 0041 0B       		.uleb128 0xb
 1638 0042 49       		.uleb128 0x49
ARM GAS  /tmp/cca9ztzk.s 			page 30


 1639 0043 13       		.uleb128 0x13
 1640 0044 00       		.byte	0
 1641 0045 00       		.byte	0
 1642 0046 07       		.uleb128 0x7
 1643 0047 26       		.uleb128 0x26
 1644 0048 00       		.byte	0
 1645 0049 49       		.uleb128 0x49
 1646 004a 13       		.uleb128 0x13
 1647 004b 00       		.byte	0
 1648 004c 00       		.byte	0
 1649 004d 08       		.uleb128 0x8
 1650 004e 01       		.uleb128 0x1
 1651 004f 01       		.byte	0x1
 1652 0050 49       		.uleb128 0x49
 1653 0051 13       		.uleb128 0x13
 1654 0052 01       		.uleb128 0x1
 1655 0053 13       		.uleb128 0x13
 1656 0054 00       		.byte	0
 1657 0055 00       		.byte	0
 1658 0056 09       		.uleb128 0x9
 1659 0057 21       		.uleb128 0x21
 1660 0058 00       		.byte	0
 1661 0059 49       		.uleb128 0x49
 1662 005a 13       		.uleb128 0x13
 1663 005b 2F       		.uleb128 0x2f
 1664 005c 0B       		.uleb128 0xb
 1665 005d 00       		.byte	0
 1666 005e 00       		.byte	0
 1667 005f 0A       		.uleb128 0xa
 1668 0060 13       		.uleb128 0x13
 1669 0061 01       		.byte	0x1
 1670 0062 0B       		.uleb128 0xb
 1671 0063 0B       		.uleb128 0xb
 1672 0064 3A       		.uleb128 0x3a
 1673 0065 0B       		.uleb128 0xb
 1674 0066 3B       		.uleb128 0x3b
 1675 0067 05       		.uleb128 0x5
 1676 0068 01       		.uleb128 0x1
 1677 0069 13       		.uleb128 0x13
 1678 006a 00       		.byte	0
 1679 006b 00       		.byte	0
 1680 006c 0B       		.uleb128 0xb
 1681 006d 0D       		.uleb128 0xd
 1682 006e 00       		.byte	0
 1683 006f 03       		.uleb128 0x3
 1684 0070 08       		.uleb128 0x8
 1685 0071 3A       		.uleb128 0x3a
 1686 0072 0B       		.uleb128 0xb
 1687 0073 3B       		.uleb128 0x3b
 1688 0074 05       		.uleb128 0x5
 1689 0075 49       		.uleb128 0x49
 1690 0076 13       		.uleb128 0x13
 1691 0077 38       		.uleb128 0x38
 1692 0078 0B       		.uleb128 0xb
 1693 0079 00       		.byte	0
 1694 007a 00       		.byte	0
 1695 007b 0C       		.uleb128 0xc
ARM GAS  /tmp/cca9ztzk.s 			page 31


 1696 007c 0D       		.uleb128 0xd
 1697 007d 00       		.byte	0
 1698 007e 03       		.uleb128 0x3
 1699 007f 0E       		.uleb128 0xe
 1700 0080 3A       		.uleb128 0x3a
 1701 0081 0B       		.uleb128 0xb
 1702 0082 3B       		.uleb128 0x3b
 1703 0083 05       		.uleb128 0x5
 1704 0084 49       		.uleb128 0x49
 1705 0085 13       		.uleb128 0x13
 1706 0086 38       		.uleb128 0x38
 1707 0087 0B       		.uleb128 0xb
 1708 0088 00       		.byte	0
 1709 0089 00       		.byte	0
 1710 008a 0D       		.uleb128 0xd
 1711 008b 16       		.uleb128 0x16
 1712 008c 00       		.byte	0
 1713 008d 03       		.uleb128 0x3
 1714 008e 0E       		.uleb128 0xe
 1715 008f 3A       		.uleb128 0x3a
 1716 0090 0B       		.uleb128 0xb
 1717 0091 3B       		.uleb128 0x3b
 1718 0092 05       		.uleb128 0x5
 1719 0093 49       		.uleb128 0x49
 1720 0094 13       		.uleb128 0x13
 1721 0095 00       		.byte	0
 1722 0096 00       		.byte	0
 1723 0097 0E       		.uleb128 0xe
 1724 0098 04       		.uleb128 0x4
 1725 0099 01       		.byte	0x1
 1726 009a 0B       		.uleb128 0xb
 1727 009b 0B       		.uleb128 0xb
 1728 009c 3A       		.uleb128 0x3a
 1729 009d 0B       		.uleb128 0xb
 1730 009e 3B       		.uleb128 0x3b
 1731 009f 0B       		.uleb128 0xb
 1732 00a0 01       		.uleb128 0x1
 1733 00a1 13       		.uleb128 0x13
 1734 00a2 00       		.byte	0
 1735 00a3 00       		.byte	0
 1736 00a4 0F       		.uleb128 0xf
 1737 00a5 28       		.uleb128 0x28
 1738 00a6 00       		.byte	0
 1739 00a7 03       		.uleb128 0x3
 1740 00a8 0E       		.uleb128 0xe
 1741 00a9 1C       		.uleb128 0x1c
 1742 00aa 0D       		.uleb128 0xd
 1743 00ab 00       		.byte	0
 1744 00ac 00       		.byte	0
 1745 00ad 10       		.uleb128 0x10
 1746 00ae 13       		.uleb128 0x13
 1747 00af 01       		.byte	0x1
 1748 00b0 03       		.uleb128 0x3
 1749 00b1 0E       		.uleb128 0xe
 1750 00b2 0B       		.uleb128 0xb
 1751 00b3 0B       		.uleb128 0xb
 1752 00b4 3A       		.uleb128 0x3a
ARM GAS  /tmp/cca9ztzk.s 			page 32


 1753 00b5 0B       		.uleb128 0xb
 1754 00b6 3B       		.uleb128 0x3b
 1755 00b7 05       		.uleb128 0x5
 1756 00b8 01       		.uleb128 0x1
 1757 00b9 13       		.uleb128 0x13
 1758 00ba 00       		.byte	0
 1759 00bb 00       		.byte	0
 1760 00bc 11       		.uleb128 0x11
 1761 00bd 15       		.uleb128 0x15
 1762 00be 01       		.byte	0x1
 1763 00bf 27       		.uleb128 0x27
 1764 00c0 19       		.uleb128 0x19
 1765 00c1 01       		.uleb128 0x1
 1766 00c2 13       		.uleb128 0x13
 1767 00c3 00       		.byte	0
 1768 00c4 00       		.byte	0
 1769 00c5 12       		.uleb128 0x12
 1770 00c6 05       		.uleb128 0x5
 1771 00c7 00       		.byte	0
 1772 00c8 49       		.uleb128 0x49
 1773 00c9 13       		.uleb128 0x13
 1774 00ca 00       		.byte	0
 1775 00cb 00       		.byte	0
 1776 00cc 13       		.uleb128 0x13
 1777 00cd 2E       		.uleb128 0x2e
 1778 00ce 01       		.byte	0x1
 1779 00cf 03       		.uleb128 0x3
 1780 00d0 0E       		.uleb128 0xe
 1781 00d1 3A       		.uleb128 0x3a
 1782 00d2 0B       		.uleb128 0xb
 1783 00d3 3B       		.uleb128 0x3b
 1784 00d4 0B       		.uleb128 0xb
 1785 00d5 27       		.uleb128 0x27
 1786 00d6 19       		.uleb128 0x19
 1787 00d7 20       		.uleb128 0x20
 1788 00d8 0B       		.uleb128 0xb
 1789 00d9 01       		.uleb128 0x1
 1790 00da 13       		.uleb128 0x13
 1791 00db 00       		.byte	0
 1792 00dc 00       		.byte	0
 1793 00dd 14       		.uleb128 0x14
 1794 00de 05       		.uleb128 0x5
 1795 00df 00       		.byte	0
 1796 00e0 03       		.uleb128 0x3
 1797 00e1 0E       		.uleb128 0xe
 1798 00e2 3A       		.uleb128 0x3a
 1799 00e3 0B       		.uleb128 0xb
 1800 00e4 3B       		.uleb128 0x3b
 1801 00e5 0B       		.uleb128 0xb
 1802 00e6 49       		.uleb128 0x49
 1803 00e7 13       		.uleb128 0x13
 1804 00e8 00       		.byte	0
 1805 00e9 00       		.byte	0
 1806 00ea 15       		.uleb128 0x15
 1807 00eb 34       		.uleb128 0x34
 1808 00ec 00       		.byte	0
 1809 00ed 03       		.uleb128 0x3
ARM GAS  /tmp/cca9ztzk.s 			page 33


 1810 00ee 08       		.uleb128 0x8
 1811 00ef 3A       		.uleb128 0x3a
 1812 00f0 0B       		.uleb128 0xb
 1813 00f1 3B       		.uleb128 0x3b
 1814 00f2 0B       		.uleb128 0xb
 1815 00f3 49       		.uleb128 0x49
 1816 00f4 13       		.uleb128 0x13
 1817 00f5 00       		.byte	0
 1818 00f6 00       		.byte	0
 1819 00f7 16       		.uleb128 0x16
 1820 00f8 2E       		.uleb128 0x2e
 1821 00f9 01       		.byte	0x1
 1822 00fa 3F       		.uleb128 0x3f
 1823 00fb 19       		.uleb128 0x19
 1824 00fc 03       		.uleb128 0x3
 1825 00fd 0E       		.uleb128 0xe
 1826 00fe 3A       		.uleb128 0x3a
 1827 00ff 0B       		.uleb128 0xb
 1828 0100 3B       		.uleb128 0x3b
 1829 0101 0B       		.uleb128 0xb
 1830 0102 27       		.uleb128 0x27
 1831 0103 19       		.uleb128 0x19
 1832 0104 11       		.uleb128 0x11
 1833 0105 01       		.uleb128 0x1
 1834 0106 12       		.uleb128 0x12
 1835 0107 06       		.uleb128 0x6
 1836 0108 40       		.uleb128 0x40
 1837 0109 18       		.uleb128 0x18
 1838 010a 9742     		.uleb128 0x2117
 1839 010c 19       		.uleb128 0x19
 1840 010d 01       		.uleb128 0x1
 1841 010e 13       		.uleb128 0x13
 1842 010f 00       		.byte	0
 1843 0110 00       		.byte	0
 1844 0111 17       		.uleb128 0x17
 1845 0112 1D       		.uleb128 0x1d
 1846 0113 01       		.byte	0x1
 1847 0114 31       		.uleb128 0x31
 1848 0115 13       		.uleb128 0x13
 1849 0116 52       		.uleb128 0x52
 1850 0117 01       		.uleb128 0x1
 1851 0118 55       		.uleb128 0x55
 1852 0119 17       		.uleb128 0x17
 1853 011a 58       		.uleb128 0x58
 1854 011b 0B       		.uleb128 0xb
 1855 011c 59       		.uleb128 0x59
 1856 011d 0B       		.uleb128 0xb
 1857 011e 01       		.uleb128 0x1
 1858 011f 13       		.uleb128 0x13
 1859 0120 00       		.byte	0
 1860 0121 00       		.byte	0
 1861 0122 18       		.uleb128 0x18
 1862 0123 05       		.uleb128 0x5
 1863 0124 00       		.byte	0
 1864 0125 31       		.uleb128 0x31
 1865 0126 13       		.uleb128 0x13
 1866 0127 02       		.uleb128 0x2
ARM GAS  /tmp/cca9ztzk.s 			page 34


 1867 0128 18       		.uleb128 0x18
 1868 0129 00       		.byte	0
 1869 012a 00       		.byte	0
 1870 012b 19       		.uleb128 0x19
 1871 012c 0B       		.uleb128 0xb
 1872 012d 01       		.byte	0x1
 1873 012e 55       		.uleb128 0x55
 1874 012f 17       		.uleb128 0x17
 1875 0130 00       		.byte	0
 1876 0131 00       		.byte	0
 1877 0132 1A       		.uleb128 0x1a
 1878 0133 34       		.uleb128 0x34
 1879 0134 00       		.byte	0
 1880 0135 31       		.uleb128 0x31
 1881 0136 13       		.uleb128 0x13
 1882 0137 02       		.uleb128 0x2
 1883 0138 17       		.uleb128 0x17
 1884 0139 00       		.byte	0
 1885 013a 00       		.byte	0
 1886 013b 1B       		.uleb128 0x1b
 1887 013c 898201   		.uleb128 0x4109
 1888 013f 01       		.byte	0x1
 1889 0140 11       		.uleb128 0x11
 1890 0141 01       		.uleb128 0x1
 1891 0142 01       		.uleb128 0x1
 1892 0143 13       		.uleb128 0x13
 1893 0144 00       		.byte	0
 1894 0145 00       		.byte	0
 1895 0146 1C       		.uleb128 0x1c
 1896 0147 8A8201   		.uleb128 0x410a
 1897 014a 00       		.byte	0
 1898 014b 02       		.uleb128 0x2
 1899 014c 18       		.uleb128 0x18
 1900 014d 9142     		.uleb128 0x2111
 1901 014f 18       		.uleb128 0x18
 1902 0150 00       		.byte	0
 1903 0151 00       		.byte	0
 1904 0152 1D       		.uleb128 0x1d
 1905 0153 898201   		.uleb128 0x4109
 1906 0156 01       		.byte	0x1
 1907 0157 11       		.uleb128 0x11
 1908 0158 01       		.uleb128 0x1
 1909 0159 00       		.byte	0
 1910 015a 00       		.byte	0
 1911 015b 1E       		.uleb128 0x1e
 1912 015c 898201   		.uleb128 0x4109
 1913 015f 00       		.byte	0
 1914 0160 11       		.uleb128 0x11
 1915 0161 01       		.uleb128 0x1
 1916 0162 31       		.uleb128 0x31
 1917 0163 13       		.uleb128 0x13
 1918 0164 00       		.byte	0
 1919 0165 00       		.byte	0
 1920 0166 1F       		.uleb128 0x1f
 1921 0167 898201   		.uleb128 0x4109
 1922 016a 00       		.byte	0
 1923 016b 11       		.uleb128 0x11
ARM GAS  /tmp/cca9ztzk.s 			page 35


 1924 016c 01       		.uleb128 0x1
 1925 016d 9542     		.uleb128 0x2115
 1926 016f 19       		.uleb128 0x19
 1927 0170 31       		.uleb128 0x31
 1928 0171 13       		.uleb128 0x13
 1929 0172 00       		.byte	0
 1930 0173 00       		.byte	0
 1931 0174 20       		.uleb128 0x20
 1932 0175 2E       		.uleb128 0x2e
 1933 0176 01       		.byte	0x1
 1934 0177 3F       		.uleb128 0x3f
 1935 0178 19       		.uleb128 0x19
 1936 0179 03       		.uleb128 0x3
 1937 017a 0E       		.uleb128 0xe
 1938 017b 3A       		.uleb128 0x3a
 1939 017c 0B       		.uleb128 0xb
 1940 017d 3B       		.uleb128 0x3b
 1941 017e 05       		.uleb128 0x5
 1942 017f 27       		.uleb128 0x27
 1943 0180 19       		.uleb128 0x19
 1944 0181 11       		.uleb128 0x11
 1945 0182 01       		.uleb128 0x1
 1946 0183 12       		.uleb128 0x12
 1947 0184 06       		.uleb128 0x6
 1948 0185 40       		.uleb128 0x40
 1949 0186 18       		.uleb128 0x18
 1950 0187 9742     		.uleb128 0x2117
 1951 0189 19       		.uleb128 0x19
 1952 018a 01       		.uleb128 0x1
 1953 018b 13       		.uleb128 0x13
 1954 018c 00       		.byte	0
 1955 018d 00       		.byte	0
 1956 018e 21       		.uleb128 0x21
 1957 018f 898201   		.uleb128 0x4109
 1958 0192 01       		.byte	0x1
 1959 0193 11       		.uleb128 0x11
 1960 0194 01       		.uleb128 0x1
 1961 0195 31       		.uleb128 0x31
 1962 0196 13       		.uleb128 0x13
 1963 0197 00       		.byte	0
 1964 0198 00       		.byte	0
 1965 0199 22       		.uleb128 0x22
 1966 019a 05       		.uleb128 0x5
 1967 019b 00       		.byte	0
 1968 019c 03       		.uleb128 0x3
 1969 019d 0E       		.uleb128 0xe
 1970 019e 3A       		.uleb128 0x3a
 1971 019f 0B       		.uleb128 0xb
 1972 01a0 3B       		.uleb128 0x3b
 1973 01a1 05       		.uleb128 0x5
 1974 01a2 49       		.uleb128 0x49
 1975 01a3 13       		.uleb128 0x13
 1976 01a4 02       		.uleb128 0x2
 1977 01a5 17       		.uleb128 0x17
 1978 01a6 00       		.byte	0
 1979 01a7 00       		.byte	0
 1980 01a8 23       		.uleb128 0x23
ARM GAS  /tmp/cca9ztzk.s 			page 36


 1981 01a9 34       		.uleb128 0x34
 1982 01aa 00       		.byte	0
 1983 01ab 03       		.uleb128 0x3
 1984 01ac 08       		.uleb128 0x8
 1985 01ad 3A       		.uleb128 0x3a
 1986 01ae 0B       		.uleb128 0xb
 1987 01af 3B       		.uleb128 0x3b
 1988 01b0 05       		.uleb128 0x5
 1989 01b1 49       		.uleb128 0x49
 1990 01b2 13       		.uleb128 0x13
 1991 01b3 02       		.uleb128 0x2
 1992 01b4 17       		.uleb128 0x17
 1993 01b5 00       		.byte	0
 1994 01b6 00       		.byte	0
 1995 01b7 24       		.uleb128 0x24
 1996 01b8 34       		.uleb128 0x34
 1997 01b9 00       		.byte	0
 1998 01ba 03       		.uleb128 0x3
 1999 01bb 0E       		.uleb128 0xe
 2000 01bc 3A       		.uleb128 0x3a
 2001 01bd 0B       		.uleb128 0xb
 2002 01be 3B       		.uleb128 0x3b
 2003 01bf 05       		.uleb128 0x5
 2004 01c0 49       		.uleb128 0x49
 2005 01c1 13       		.uleb128 0x13
 2006 01c2 02       		.uleb128 0x2
 2007 01c3 17       		.uleb128 0x17
 2008 01c4 00       		.byte	0
 2009 01c5 00       		.byte	0
 2010 01c6 25       		.uleb128 0x25
 2011 01c7 898201   		.uleb128 0x4109
 2012 01ca 01       		.byte	0x1
 2013 01cb 11       		.uleb128 0x11
 2014 01cc 01       		.uleb128 0x1
 2015 01cd 31       		.uleb128 0x31
 2016 01ce 13       		.uleb128 0x13
 2017 01cf 01       		.uleb128 0x1
 2018 01d0 13       		.uleb128 0x13
 2019 01d1 00       		.byte	0
 2020 01d2 00       		.byte	0
 2021 01d3 26       		.uleb128 0x26
 2022 01d4 0B       		.uleb128 0xb
 2023 01d5 01       		.byte	0x1
 2024 01d6 11       		.uleb128 0x11
 2025 01d7 01       		.uleb128 0x1
 2026 01d8 12       		.uleb128 0x12
 2027 01d9 06       		.uleb128 0x6
 2028 01da 00       		.byte	0
 2029 01db 00       		.byte	0
 2030 01dc 27       		.uleb128 0x27
 2031 01dd 34       		.uleb128 0x34
 2032 01de 00       		.byte	0
 2033 01df 03       		.uleb128 0x3
 2034 01e0 0E       		.uleb128 0xe
 2035 01e1 3A       		.uleb128 0x3a
 2036 01e2 0B       		.uleb128 0xb
 2037 01e3 3B       		.uleb128 0x3b
ARM GAS  /tmp/cca9ztzk.s 			page 37


 2038 01e4 05       		.uleb128 0x5
 2039 01e5 49       		.uleb128 0x49
 2040 01e6 13       		.uleb128 0x13
 2041 01e7 3F       		.uleb128 0x3f
 2042 01e8 19       		.uleb128 0x19
 2043 01e9 3C       		.uleb128 0x3c
 2044 01ea 19       		.uleb128 0x19
 2045 01eb 00       		.byte	0
 2046 01ec 00       		.byte	0
 2047 01ed 28       		.uleb128 0x28
 2048 01ee 34       		.uleb128 0x34
 2049 01ef 00       		.byte	0
 2050 01f0 03       		.uleb128 0x3
 2051 01f1 0E       		.uleb128 0xe
 2052 01f2 3A       		.uleb128 0x3a
 2053 01f3 0B       		.uleb128 0xb
 2054 01f4 3B       		.uleb128 0x3b
 2055 01f5 0B       		.uleb128 0xb
 2056 01f6 49       		.uleb128 0x49
 2057 01f7 13       		.uleb128 0x13
 2058 01f8 3F       		.uleb128 0x3f
 2059 01f9 19       		.uleb128 0x19
 2060 01fa 02       		.uleb128 0x2
 2061 01fb 18       		.uleb128 0x18
 2062 01fc 00       		.byte	0
 2063 01fd 00       		.byte	0
 2064 01fe 29       		.uleb128 0x29
 2065 01ff 2E       		.uleb128 0x2e
 2066 0200 00       		.byte	0
 2067 0201 3F       		.uleb128 0x3f
 2068 0202 19       		.uleb128 0x19
 2069 0203 03       		.uleb128 0x3
 2070 0204 0E       		.uleb128 0xe
 2071 0205 3A       		.uleb128 0x3a
 2072 0206 0B       		.uleb128 0xb
 2073 0207 3B       		.uleb128 0x3b
 2074 0208 0B       		.uleb128 0xb
 2075 0209 27       		.uleb128 0x27
 2076 020a 19       		.uleb128 0x19
 2077 020b 3C       		.uleb128 0x3c
 2078 020c 19       		.uleb128 0x19
 2079 020d 00       		.byte	0
 2080 020e 00       		.byte	0
 2081 020f 2A       		.uleb128 0x2a
 2082 0210 2E       		.uleb128 0x2e
 2083 0211 00       		.byte	0
 2084 0212 3F       		.uleb128 0x3f
 2085 0213 19       		.uleb128 0x19
 2086 0214 03       		.uleb128 0x3
 2087 0215 0E       		.uleb128 0xe
 2088 0216 3A       		.uleb128 0x3a
 2089 0217 0B       		.uleb128 0xb
 2090 0218 3B       		.uleb128 0x3b
 2091 0219 05       		.uleb128 0x5
 2092 021a 27       		.uleb128 0x27
 2093 021b 19       		.uleb128 0x19
 2094 021c 3C       		.uleb128 0x3c
ARM GAS  /tmp/cca9ztzk.s 			page 38


 2095 021d 19       		.uleb128 0x19
 2096 021e 00       		.byte	0
 2097 021f 00       		.byte	0
 2098 0220 2B       		.uleb128 0x2b
 2099 0221 2E       		.uleb128 0x2e
 2100 0222 01       		.byte	0x1
 2101 0223 3F       		.uleb128 0x3f
 2102 0224 19       		.uleb128 0x19
 2103 0225 03       		.uleb128 0x3
 2104 0226 0E       		.uleb128 0xe
 2105 0227 3A       		.uleb128 0x3a
 2106 0228 0B       		.uleb128 0xb
 2107 0229 3B       		.uleb128 0x3b
 2108 022a 0B       		.uleb128 0xb
 2109 022b 27       		.uleb128 0x27
 2110 022c 19       		.uleb128 0x19
 2111 022d 3C       		.uleb128 0x3c
 2112 022e 19       		.uleb128 0x19
 2113 022f 01       		.uleb128 0x1
 2114 0230 13       		.uleb128 0x13
 2115 0231 00       		.byte	0
 2116 0232 00       		.byte	0
 2117 0233 2C       		.uleb128 0x2c
 2118 0234 2E       		.uleb128 0x2e
 2119 0235 01       		.byte	0x1
 2120 0236 3F       		.uleb128 0x3f
 2121 0237 19       		.uleb128 0x19
 2122 0238 03       		.uleb128 0x3
 2123 0239 0E       		.uleb128 0xe
 2124 023a 3A       		.uleb128 0x3a
 2125 023b 0B       		.uleb128 0xb
 2126 023c 3B       		.uleb128 0x3b
 2127 023d 05       		.uleb128 0x5
 2128 023e 27       		.uleb128 0x27
 2129 023f 19       		.uleb128 0x19
 2130 0240 3C       		.uleb128 0x3c
 2131 0241 19       		.uleb128 0x19
 2132 0242 01       		.uleb128 0x1
 2133 0243 13       		.uleb128 0x13
 2134 0244 00       		.byte	0
 2135 0245 00       		.byte	0
 2136 0246 2D       		.uleb128 0x2d
 2137 0247 2E       		.uleb128 0x2e
 2138 0248 01       		.byte	0x1
 2139 0249 3F       		.uleb128 0x3f
 2140 024a 19       		.uleb128 0x19
 2141 024b 03       		.uleb128 0x3
 2142 024c 0E       		.uleb128 0xe
 2143 024d 3A       		.uleb128 0x3a
 2144 024e 0B       		.uleb128 0xb
 2145 024f 3B       		.uleb128 0x3b
 2146 0250 05       		.uleb128 0x5
 2147 0251 27       		.uleb128 0x27
 2148 0252 19       		.uleb128 0x19
 2149 0253 3C       		.uleb128 0x3c
 2150 0254 19       		.uleb128 0x19
 2151 0255 00       		.byte	0
ARM GAS  /tmp/cca9ztzk.s 			page 39


 2152 0256 00       		.byte	0
 2153 0257 00       		.byte	0
 2154              		.section	.debug_loc,"",%progbits
 2155              	.Ldebug_loc0:
 2156              	.LLST0:
 2157 0000 0C000000 		.4byte	.LVL1
 2158 0004 12000000 		.4byte	.LVL2
 2159 0008 0100     		.2byte	0x1
 2160 000a 52       		.byte	0x52
 2161 000b 12000000 		.4byte	.LVL2
 2162 000f 3C000000 		.4byte	.LVL5
 2163 0013 0600     		.2byte	0x6
 2164 0015 74       		.byte	0x74
 2165 0016 00       		.sleb128 0
 2166 0017 08       		.byte	0x8
 2167 0018 FF       		.byte	0xff
 2168 0019 1A       		.byte	0x1a
 2169 001a 9F       		.byte	0x9f
 2170 001b 40000000 		.4byte	.LVL6
 2171 001f 6C000000 		.4byte	.LFE119
 2172 0023 0600     		.2byte	0x6
 2173 0025 74       		.byte	0x74
 2174 0026 00       		.sleb128 0
 2175 0027 08       		.byte	0x8
 2176 0028 FF       		.byte	0xff
 2177 0029 1A       		.byte	0x1a
 2178 002a 9F       		.byte	0x9f
 2179 002b 00000000 		.4byte	0
 2180 002f 00000000 		.4byte	0
 2181              	.LLST1:
 2182 0033 00000000 		.4byte	.LVL12
 2183 0037 10000000 		.4byte	.LVL13
 2184 003b 0100     		.2byte	0x1
 2185 003d 50       		.byte	0x50
 2186 003e 10000000 		.4byte	.LVL13
 2187 0042 4A000000 		.4byte	.LVL16
 2188 0046 0100     		.2byte	0x1
 2189 0048 54       		.byte	0x54
 2190 0049 4A000000 		.4byte	.LVL16
 2191 004d D0000000 		.4byte	.LVL30
 2192 0051 0400     		.2byte	0x4
 2193 0053 F3       		.byte	0xf3
 2194 0054 01       		.uleb128 0x1
 2195 0055 50       		.byte	0x50
 2196 0056 9F       		.byte	0x9f
 2197 0057 D0000000 		.4byte	.LVL30
 2198 005b D6000000 		.4byte	.LVL31
 2199 005f 0100     		.2byte	0x1
 2200 0061 50       		.byte	0x50
 2201 0062 D6000000 		.4byte	.LVL31
 2202 0066 E4000000 		.4byte	.LVL32
 2203 006a 0100     		.2byte	0x1
 2204 006c 54       		.byte	0x54
 2205 006d E4000000 		.4byte	.LVL32
 2206 0071 FA000000 		.4byte	.LVL33
 2207 0075 0100     		.2byte	0x1
 2208 0077 50       		.byte	0x50
ARM GAS  /tmp/cca9ztzk.s 			page 40


 2209 0078 FA000000 		.4byte	.LVL33
 2210 007c 18010000 		.4byte	.LFE121
 2211 0080 0100     		.2byte	0x1
 2212 0082 54       		.byte	0x54
 2213 0083 00000000 		.4byte	0
 2214 0087 00000000 		.4byte	0
 2215              	.LLST2:
 2216 008b 30000000 		.4byte	.LVL14
 2217 008f 58000000 		.4byte	.LVL17
 2218 0093 0100     		.2byte	0x1
 2219 0095 55       		.byte	0x55
 2220 0096 00000000 		.4byte	0
 2221 009a 00000000 		.4byte	0
 2222              	.LLST3:
 2223 009e 60000000 		.4byte	.LVL18
 2224 00a2 6A000000 		.4byte	.LVL19
 2225 00a6 0200     		.2byte	0x2
 2226 00a8 30       		.byte	0x30
 2227 00a9 9F       		.byte	0x9f
 2228 00aa 6A000000 		.4byte	.LVL19
 2229 00ae A8000000 		.4byte	.LVL24
 2230 00b2 0100     		.2byte	0x1
 2231 00b4 51       		.byte	0x51
 2232 00b5 BC000000 		.4byte	.LVL25
 2233 00b9 D0000000 		.4byte	.LVL30
 2234 00bd 0100     		.2byte	0x1
 2235 00bf 51       		.byte	0x51
 2236 00c0 00000000 		.4byte	0
 2237 00c4 00000000 		.4byte	0
 2238              	.LLST4:
 2239 00c8 00000000 		.4byte	.LVL35
 2240 00cc 08000000 		.4byte	.LVL36
 2241 00d0 0100     		.2byte	0x1
 2242 00d2 50       		.byte	0x50
 2243 00d3 08000000 		.4byte	.LVL36
 2244 00d7 0A000000 		.4byte	.LVL37
 2245 00db 0400     		.2byte	0x4
 2246 00dd F3       		.byte	0xf3
 2247 00de 01       		.uleb128 0x1
 2248 00df 50       		.byte	0x50
 2249 00e0 9F       		.byte	0x9f
 2250 00e1 0A000000 		.4byte	.LVL37
 2251 00e5 1C000000 		.4byte	.LVL38
 2252 00e9 0100     		.2byte	0x1
 2253 00eb 50       		.byte	0x50
 2254 00ec 1C000000 		.4byte	.LVL38
 2255 00f0 34000000 		.4byte	.LFE122
 2256 00f4 0400     		.2byte	0x4
 2257 00f6 F3       		.byte	0xf3
 2258 00f7 01       		.uleb128 0x1
 2259 00f8 50       		.byte	0x50
 2260 00f9 9F       		.byte	0x9f
 2261 00fa 00000000 		.4byte	0
 2262 00fe 00000000 		.4byte	0
 2263              	.LLST5:
 2264 0102 00000000 		.4byte	.LVL40
 2265 0106 0A000000 		.4byte	.LVL41
ARM GAS  /tmp/cca9ztzk.s 			page 41


 2266 010a 0100     		.2byte	0x1
 2267 010c 50       		.byte	0x50
 2268 010d 0A000000 		.4byte	.LVL41
 2269 0111 32000000 		.4byte	.LFE123
 2270 0115 0400     		.2byte	0x4
 2271 0117 F3       		.byte	0xf3
 2272 0118 01       		.uleb128 0x1
 2273 0119 50       		.byte	0x50
 2274 011a 9F       		.byte	0x9f
 2275 011b 00000000 		.4byte	0
 2276 011f 00000000 		.4byte	0
 2277              	.LLST6:
 2278 0123 00000000 		.4byte	.LVL40
 2279 0127 20000000 		.4byte	.LVL43
 2280 012b 0100     		.2byte	0x1
 2281 012d 51       		.byte	0x51
 2282 012e 20000000 		.4byte	.LVL43
 2283 0132 32000000 		.4byte	.LFE123
 2284 0136 0400     		.2byte	0x4
 2285 0138 F3       		.byte	0xf3
 2286 0139 01       		.uleb128 0x1
 2287 013a 51       		.byte	0x51
 2288 013b 9F       		.byte	0x9f
 2289 013c 00000000 		.4byte	0
 2290 0140 00000000 		.4byte	0
 2291              	.LLST7:
 2292 0144 00000000 		.4byte	.LVL40
 2293 0148 1C000000 		.4byte	.LVL42
 2294 014c 0100     		.2byte	0x1
 2295 014e 52       		.byte	0x52
 2296 014f 1C000000 		.4byte	.LVL42
 2297 0153 32000000 		.4byte	.LFE123
 2298 0157 0400     		.2byte	0x4
 2299 0159 F3       		.byte	0xf3
 2300 015a 01       		.uleb128 0x1
 2301 015b 52       		.byte	0x52
 2302 015c 9F       		.byte	0x9f
 2303 015d 00000000 		.4byte	0
 2304 0161 00000000 		.4byte	0
 2305              	.LLST8:
 2306 0165 1C000000 		.4byte	.LVL42
 2307 0169 26000000 		.4byte	.LVL44
 2308 016d 0100     		.2byte	0x1
 2309 016f 52       		.byte	0x52
 2310 0170 00000000 		.4byte	0
 2311 0174 00000000 		.4byte	0
 2312              	.LLST9:
 2313 0178 00000000 		.4byte	.LVL45
 2314 017c 0C000000 		.4byte	.LVL46
 2315 0180 0100     		.2byte	0x1
 2316 0182 50       		.byte	0x50
 2317 0183 0C000000 		.4byte	.LVL46
 2318 0187 1E000000 		.4byte	.LFE124
 2319 018b 0400     		.2byte	0x4
 2320 018d F3       		.byte	0xf3
 2321 018e 01       		.uleb128 0x1
 2322 018f 50       		.byte	0x50
ARM GAS  /tmp/cca9ztzk.s 			page 42


 2323 0190 9F       		.byte	0x9f
 2324 0191 00000000 		.4byte	0
 2325 0195 00000000 		.4byte	0
 2326              	.LLST10:
 2327 0199 00000000 		.4byte	.LVL45
 2328 019d 16000000 		.4byte	.LVL47
 2329 01a1 0100     		.2byte	0x1
 2330 01a3 51       		.byte	0x51
 2331 01a4 16000000 		.4byte	.LVL47
 2332 01a8 1E000000 		.4byte	.LFE124
 2333 01ac 0400     		.2byte	0x4
 2334 01ae F3       		.byte	0xf3
 2335 01af 01       		.uleb128 0x1
 2336 01b0 51       		.byte	0x51
 2337 01b1 9F       		.byte	0x9f
 2338 01b2 00000000 		.4byte	0
 2339 01b6 00000000 		.4byte	0
 2340              		.section	.debug_aranges,"",%progbits
 2341 0000 44000000 		.4byte	0x44
 2342 0004 0200     		.2byte	0x2
 2343 0006 00000000 		.4byte	.Ldebug_info0
 2344 000a 04       		.byte	0x4
 2345 000b 00       		.byte	0
 2346 000c 0000     		.2byte	0
 2347 000e 0000     		.2byte	0
 2348 0010 00000000 		.4byte	.LFB119
 2349 0014 6C000000 		.4byte	.LFE119-.LFB119
 2350 0018 00000000 		.4byte	.LFB120
 2351 001c 18000000 		.4byte	.LFE120-.LFB120
 2352 0020 00000000 		.4byte	.LFB121
 2353 0024 18010000 		.4byte	.LFE121-.LFB121
 2354 0028 00000000 		.4byte	.LFB122
 2355 002c 34000000 		.4byte	.LFE122-.LFB122
 2356 0030 00000000 		.4byte	.LFB123
 2357 0034 32000000 		.4byte	.LFE123-.LFB123
 2358 0038 00000000 		.4byte	.LFB124
 2359 003c 1E000000 		.4byte	.LFE124-.LFB124
 2360 0040 00000000 		.4byte	0
 2361 0044 00000000 		.4byte	0
 2362              		.section	.debug_ranges,"",%progbits
 2363              	.Ldebug_ranges0:
 2364 0000 02000000 		.4byte	.LBB4
 2365 0004 04000000 		.4byte	.LBE4
 2366 0008 08000000 		.4byte	.LBB8
 2367 000c 34000000 		.4byte	.LBE8
 2368 0010 40000000 		.4byte	.LBB9
 2369 0014 6C000000 		.4byte	.LBE9
 2370 0018 00000000 		.4byte	0
 2371 001c 00000000 		.4byte	0
 2372 0020 00000000 		.4byte	.LFB119
 2373 0024 6C000000 		.4byte	.LFE119
 2374 0028 00000000 		.4byte	.LFB120
 2375 002c 18000000 		.4byte	.LFE120
 2376 0030 00000000 		.4byte	.LFB121
 2377 0034 18010000 		.4byte	.LFE121
 2378 0038 00000000 		.4byte	.LFB122
 2379 003c 34000000 		.4byte	.LFE122
ARM GAS  /tmp/cca9ztzk.s 			page 43


 2380 0040 00000000 		.4byte	.LFB123
 2381 0044 32000000 		.4byte	.LFE123
 2382 0048 00000000 		.4byte	.LFB124
 2383 004c 1E000000 		.4byte	.LFE124
 2384 0050 00000000 		.4byte	0
 2385 0054 00000000 		.4byte	0
 2386              		.section	.debug_line,"",%progbits
 2387              	.Ldebug_line0:
 2388 0000 D4020000 		.section	.debug_str,"MS",%progbits,1
 2388      0200C201 
 2388      00000201 
 2388      FB0E0D00 
 2388      01010101 
 2389              	.LASF36:
 2390 0000 41484231 		.ascii	"AHB1LPENR\000"
 2390      4C50454E 
 2390      5200
 2391              	.LASF64:
 2392 000a 43434552 		.ascii	"CCER\000"
 2392      00
 2393              	.LASF85:
 2394 000f 70776D5F 		.ascii	"pwm_lld_stop\000"
 2394      6C6C645F 
 2394      73746F70 
 2394      00
 2395              	.LASF26:
 2396 001c 41504231 		.ascii	"APB1RSTR\000"
 2396      52535452 
 2396      00
 2397              	.LASF30:
 2398 0025 41484232 		.ascii	"AHB2ENR\000"
 2398      454E5200 
 2399              	.LASF66:
 2400 002d 444D4152 		.ascii	"DMAR\000"
 2400      00
 2401              	.LASF55:
 2402 0032 73746174 		.ascii	"state\000"
 2402      6500
 2403              	.LASF63:
 2404 0038 43434D52 		.ascii	"CCMR2\000"
 2404      3200
 2405              	.LASF3:
 2406 003e 73686F72 		.ascii	"short int\000"
 2406      7420696E 
 2406      7400
 2407              	.LASF73:
 2408 0048 70776D63 		.ascii	"pwmcnt_t\000"
 2408      6E745F74 
 2408      00
 2409              	.LASF18:
 2410 0051 73697A65 		.ascii	"sizetype\000"
 2410      74797065 
 2410      00
 2411              	.LASF43:
 2412 005a 42444352 		.ascii	"BDCR\000"
 2412      00
 2413              	.LASF46:
ARM GAS  /tmp/cca9ztzk.s 			page 44


 2414 005f 504C4C49 		.ascii	"PLLI2SCFGR\000"
 2414      32534346 
 2414      475200
 2415              	.LASF102:
 2416 006a 70776D5F 		.ascii	"pwm_lld_serve_interrupt\000"
 2416      6C6C645F 
 2416      73657276 
 2416      655F696E 
 2416      74657272 
 2417              	.LASF72:
 2418 0082 70776D63 		.ascii	"pwmchannel_t\000"
 2418      68616E6E 
 2418      656C5F74 
 2418      00
 2419              	.LASF9:
 2420 008f 5F5F7569 		.ascii	"__uint32_t\000"
 2420      6E743332 
 2420      5F7400
 2421              	.LASF74:
 2422 009a 6D6F6465 		.ascii	"mode\000"
 2422      00
 2423              	.LASF5:
 2424 009f 5F5F7569 		.ascii	"__uint16_t\000"
 2424      6E743136 
 2424      5F7400
 2425              	.LASF45:
 2426 00aa 53534347 		.ascii	"SSCGR\000"
 2426      5200
 2427              	.LASF100:
 2428 00b0 2E2E2F2E 		.ascii	"../../os/hal/platforms/STM32/TIMv1/pwm_lld.c\000"
 2428      2E2F6F73 
 2428      2F68616C 
 2428      2F706C61 
 2428      74666F72 
 2429              	.LASF22:
 2430 00dd 41484231 		.ascii	"AHB1RSTR\000"
 2430      52535452 
 2430      00
 2431              	.LASF56:
 2432 00e6 636F6E66 		.ascii	"config\000"
 2432      696700
 2433              	.LASF21:
 2434 00ed 43464752 		.ascii	"CFGR\000"
 2434      00
 2435              	.LASF28:
 2436 00f2 52455345 		.ascii	"RESERVED1\000"
 2436      52564544 
 2436      3100
 2437              	.LASF38:
 2438 00fc 41484233 		.ascii	"AHB3LPENR\000"
 2438      4C50454E 
 2438      5200
 2439              	.LASF96:
 2440 0106 70776D4F 		.ascii	"pwmObjectInit\000"
 2440      626A6563 
 2440      74496E69 
 2440      7400
ARM GAS  /tmp/cca9ztzk.s 			page 45


 2441              	.LASF13:
 2442 0114 75696E74 		.ascii	"uint8_t\000"
 2442      385F7400 
 2443              	.LASF33:
 2444 011c 41504231 		.ascii	"APB1ENR\000"
 2444      454E5200 
 2445              	.LASF16:
 2446 0124 75696E74 		.ascii	"uint32_t\000"
 2446      33325F74 
 2446      00
 2447              	.LASF84:
 2448 012d 63636572 		.ascii	"ccer\000"
 2448      00
 2449              	.LASF48:
 2450 0132 44434B43 		.ascii	"DCKCFGR\000"
 2450      46475200 
 2451              	.LASF89:
 2452 013a 77696474 		.ascii	"width\000"
 2452      6800
 2453              	.LASF94:
 2454 0140 6462675F 		.ascii	"dbg_check_leave_isr\000"
 2454      63686563 
 2454      6B5F6C65 
 2454      6176655F 
 2454      69737200 
 2455              	.LASF31:
 2456 0154 41484233 		.ascii	"AHB3ENR\000"
 2456      454E5200 
 2457              	.LASF49:
 2458 015c 5243435F 		.ascii	"RCC_TypeDef\000"
 2458      54797065 
 2458      44656600 
 2459              	.LASF95:
 2460 0168 5F706F72 		.ascii	"_port_irq_epilogue\000"
 2460      745F6972 
 2460      715F6570 
 2460      696C6F67 
 2460      756500
 2461              	.LASF11:
 2462 017b 6C6F6E67 		.ascii	"long long int\000"
 2462      206C6F6E 
 2462      6720696E 
 2462      7400
 2463              	.LASF8:
 2464 0189 6C6F6E67 		.ascii	"long int\000"
 2464      20696E74 
 2464      00
 2465              	.LASF103:
 2466 0192 6E766963 		.ascii	"nvicDisableVector\000"
 2466      44697361 
 2466      626C6556 
 2466      6563746F 
 2466      7200
 2467              	.LASF68:
 2468 01a4 43435235 		.ascii	"CCR5\000"
 2468      00
 2469              	.LASF69:
ARM GAS  /tmp/cca9ztzk.s 			page 46


 2470 01a9 43435236 		.ascii	"CCR6\000"
 2470      00
 2471              	.LASF10:
 2472 01ae 6C6F6E67 		.ascii	"long unsigned int\000"
 2472      20756E73 
 2472      69676E65 
 2472      6420696E 
 2472      7400
 2473              	.LASF57:
 2474 01c0 70657269 		.ascii	"period\000"
 2474      6F6400
 2475              	.LASF27:
 2476 01c7 41504232 		.ascii	"APB2RSTR\000"
 2476      52535452 
 2476      00
 2477              	.LASF4:
 2478 01d0 5F5F7569 		.ascii	"__uint8_t\000"
 2478      6E74385F 
 2478      7400
 2479              	.LASF62:
 2480 01da 43434D52 		.ascii	"CCMR1\000"
 2480      3100
 2481              	.LASF83:
 2482 01e0 70776D5F 		.ascii	"pwm_lld_start\000"
 2482      6C6C645F 
 2482      73746172 
 2482      7400
 2483              	.LASF81:
 2484 01ee 56656374 		.ascii	"VectorB4\000"
 2484      6F724234 
 2484      00
 2485              	.LASF67:
 2486 01f7 43434D52 		.ascii	"CCMR3\000"
 2486      3300
 2487              	.LASF97:
 2488 01fd 63684462 		.ascii	"chDbgPanic\000"
 2488      6750616E 
 2488      696300
 2489              	.LASF86:
 2490 0208 70776D70 		.ascii	"pwmp\000"
 2490      00
 2491              	.LASF60:
 2492 020d 534D4352 		.ascii	"SMCR\000"
 2492      00
 2493              	.LASF50:
 2494 0212 50574D5F 		.ascii	"PWM_UNINIT\000"
 2494      554E494E 
 2494      495400
 2495              	.LASF2:
 2496 021d 756E7369 		.ascii	"unsigned char\000"
 2496      676E6564 
 2496      20636861 
 2496      7200
 2497              	.LASF87:
 2498 022b 70776D5F 		.ascii	"pwm_lld_enable_channel\000"
 2498      6C6C645F 
 2498      656E6162 
ARM GAS  /tmp/cca9ztzk.s 			page 47


 2498      6C655F63 
 2498      68616E6E 
 2499              	.LASF65:
 2500 0242 42445452 		.ascii	"BDTR\000"
 2500      00
 2501              	.LASF34:
 2502 0247 41504232 		.ascii	"APB2ENR\000"
 2502      454E5200 
 2503              	.LASF98:
 2504 024f 6E766963 		.ascii	"nvicEnableVector\000"
 2504      456E6162 
 2504      6C655665 
 2504      63746F72 
 2504      00
 2505              	.LASF1:
 2506 0260 7369676E 		.ascii	"signed char\000"
 2506      65642063 
 2506      68617200 
 2507              	.LASF12:
 2508 026c 6C6F6E67 		.ascii	"long long unsigned int\000"
 2508      206C6F6E 
 2508      6720756E 
 2508      7369676E 
 2508      65642069 
 2509              	.LASF0:
 2510 0283 756E7369 		.ascii	"unsigned int\000"
 2510      676E6564 
 2510      20696E74 
 2510      00
 2511              	.LASF23:
 2512 0290 41484232 		.ascii	"AHB2RSTR\000"
 2512      52535452 
 2512      00
 2513              	.LASF14:
 2514 0299 75696E74 		.ascii	"uint16_t\000"
 2514      31365F74 
 2514      00
 2515              	.LASF80:
 2516 02a2 50574D43 		.ascii	"PWMConfig\000"
 2516      6F6E6669 
 2516      6700
 2517              	.LASF61:
 2518 02ac 44494552 		.ascii	"DIER\000"
 2518      00
 2519              	.LASF20:
 2520 02b1 504C4C43 		.ascii	"PLLCFGR\000"
 2520      46475200 
 2521              	.LASF6:
 2522 02b9 73686F72 		.ascii	"short unsigned int\000"
 2522      7420756E 
 2522      7369676E 
 2522      65642069 
 2522      6E7400
 2523              	.LASF40:
 2524 02cc 41504231 		.ascii	"APB1LPENR\000"
 2524      4C50454E 
 2524      5200
ARM GAS  /tmp/cca9ztzk.s 			page 48


 2525              	.LASF82:
 2526 02d6 70776D5F 		.ascii	"pwm_lld_init\000"
 2526      6C6C645F 
 2526      696E6974 
 2526      00
 2527              	.LASF19:
 2528 02e3 63686172 		.ascii	"char\000"
 2528      00
 2529              	.LASF70:
 2530 02e8 73746D33 		.ascii	"stm32_tim_t\000"
 2530      325F7469 
 2530      6D5F7400 
 2531              	.LASF54:
 2532 02f4 50574D44 		.ascii	"PWMDriver\000"
 2532      72697665 
 2532      7200
 2533              	.LASF15:
 2534 02fe 696E7433 		.ascii	"int32_t\000"
 2534      325F7400 
 2535              	.LASF17:
 2536 0306 5F426F6F 		.ascii	"_Bool\000"
 2536      6C00
 2537              	.LASF88:
 2538 030c 6368616E 		.ascii	"channel\000"
 2538      6E656C00 
 2539              	.LASF37:
 2540 0314 41484232 		.ascii	"AHB2LPENR\000"
 2540      4C50454E 
 2540      5200
 2541              	.LASF25:
 2542 031e 52455345 		.ascii	"RESERVED0\000"
 2542      52564544 
 2542      3000
 2543              	.LASF101:
 2544 0328 2F686F6D 		.ascii	"/home/makkmarci/devel/ChibiOS_2.6.5/projects/STM32F"
 2544      652F6D61 
 2544      6B6B6D61 
 2544      7263692F 
 2544      64657665 
 2545 035b 345F4368 		.ascii	"4_ChibiOS_uGFX/\000"
 2545      6962694F 
 2545      535F7547 
 2545      46582F00 
 2546              	.LASF32:
 2547 036b 52455345 		.ascii	"RESERVED2\000"
 2547      52564544 
 2547      3200
 2548              	.LASF35:
 2549 0375 52455345 		.ascii	"RESERVED3\000"
 2549      52564544 
 2549      3300
 2550              	.LASF39:
 2551 037f 52455345 		.ascii	"RESERVED4\000"
 2551      52564544 
 2551      3400
 2552              	.LASF42:
 2553 0389 52455345 		.ascii	"RESERVED5\000"
ARM GAS  /tmp/cca9ztzk.s 			page 49


 2553      52564544 
 2553      3500
 2554              	.LASF44:
 2555 0393 52455345 		.ascii	"RESERVED6\000"
 2555      52564544 
 2555      3600
 2556              	.LASF58:
 2557 039d 636C6F63 		.ascii	"clock\000"
 2557      6B00
 2558              	.LASF93:
 2559 03a3 6462675F 		.ascii	"dbg_check_enter_isr\000"
 2559      63686563 
 2559      6B5F656E 
 2559      7465725F 
 2559      69737200 
 2560              	.LASF29:
 2561 03b7 41484231 		.ascii	"AHB1ENR\000"
 2561      454E5200 
 2562              	.LASF90:
 2563 03bf 70776D5F 		.ascii	"pwm_lld_disable_channel\000"
 2563      6C6C645F 
 2563      64697361 
 2563      626C655F 
 2563      6368616E 
 2564              	.LASF78:
 2565 03d7 6368616E 		.ascii	"channels\000"
 2565      6E656C73 
 2565      00
 2566              	.LASF7:
 2567 03e0 5F5F696E 		.ascii	"__int32_t\000"
 2567      7433325F 
 2567      7400
 2568              	.LASF52:
 2569 03ea 50574D5F 		.ascii	"PWM_READY\000"
 2569      52454144 
 2569      5900
 2570              	.LASF51:
 2571 03f4 50574D5F 		.ascii	"PWM_STOP\000"
 2571      53544F50 
 2571      00
 2572              	.LASF99:
 2573 03fd 474E5520 		.ascii	"GNU C 4.8.4 20140526 (release) [ARM/embedded-4_8-br"
 2573      4320342E 
 2573      382E3420 
 2573      32303134 
 2573      30353236 
 2574 0430 616E6368 		.ascii	"anch revision 211358] -mcpu=cortex-m4 -mfloat-abi=h"
 2574      20726576 
 2574      6973696F 
 2574      6E203231 
 2574      31333538 
 2575 0463 61726420 		.ascii	"ard -mfpu=fpv4-sp-d16 -mno-thumb-interwork -mthumb "
 2575      2D6D6670 
 2575      753D6670 
 2575      76342D73 
 2575      702D6431 
 2576 0496 2D676764 		.ascii	"-ggdb -O2 -fomit-frame-pointer -falign-functions=16"
ARM GAS  /tmp/cca9ztzk.s 			page 50


 2576      62202D4F 
 2576      32202D66 
 2576      6F6D6974 
 2576      2D667261 
 2577 04c9 202D6666 		.ascii	" -ffunction-sections -fdata-sections -fno-common -f"
 2577      756E6374 
 2577      696F6E2D 
 2577      73656374 
 2577      696F6E73 
 2578 04fc 73696E67 		.ascii	"single-precision-constant\000"
 2578      6C652D70 
 2578      72656369 
 2578      73696F6E 
 2578      2D636F6E 
 2579              	.LASF79:
 2580 0516 64696572 		.ascii	"dier\000"
 2580      00
 2581              	.LASF77:
 2582 051b 66726571 		.ascii	"frequency\000"
 2582      75656E63 
 2582      7900
 2583              	.LASF76:
 2584 0525 50574D43 		.ascii	"PWMChannelConfig\000"
 2584      68616E6E 
 2584      656C436F 
 2584      6E666967 
 2584      00
 2585              	.LASF92:
 2586 0536 50574D44 		.ascii	"PWMD3\000"
 2586      3300
 2587              	.LASF24:
 2588 053c 41484233 		.ascii	"AHB3RSTR\000"
 2588      52535452 
 2588      00
 2589              	.LASF71:
 2590 0545 70776D6D 		.ascii	"pwmmode_t\000"
 2590      6F64655F 
 2590      7400
 2591              	.LASF91:
 2592 054f 49544D5F 		.ascii	"ITM_RxBuffer\000"
 2592      52784275 
 2592      66666572 
 2592      00
 2593              	.LASF47:
 2594 055c 504C4C53 		.ascii	"PLLSAICFGR\000"
 2594      41494346 
 2594      475200
 2595              	.LASF53:
 2596 0567 70776D73 		.ascii	"pwmstate_t\000"
 2596      74617465 
 2596      5F7400
 2597              	.LASF59:
 2598 0572 70776D63 		.ascii	"pwmcallback_t\000"
 2598      616C6C62 
 2598      61636B5F 
 2598      7400
 2599              	.LASF41:
ARM GAS  /tmp/cca9ztzk.s 			page 51


 2600 0580 41504232 		.ascii	"APB2LPENR\000"
 2600      4C50454E 
 2600      5200
 2601              	.LASF75:
 2602 058a 63616C6C 		.ascii	"callback\000"
 2602      6261636B 
 2602      00
 2603              		.ident	"GCC: (GNU Tools for ARM Embedded Processors) 4.8.4 20140526 (release) [ARM/embedded-4_8-br
ARM GAS  /tmp/cca9ztzk.s 			page 52


DEFINED SYMBOLS
                            *ABS*:00000000 pwm_lld.c
     /tmp/cca9ztzk.s:21     .text.VectorB4:00000000 $t
     /tmp/cca9ztzk.s:27     .text.VectorB4:00000000 VectorB4
     /tmp/cca9ztzk.s:138    .text.VectorB4:00000068 $d
     /tmp/cca9ztzk.s:145    .text.pwm_lld_init:00000000 $t
     /tmp/cca9ztzk.s:151    .text.pwm_lld_init:00000000 pwm_lld_init
     /tmp/cca9ztzk.s:173    .text.pwm_lld_init:00000010 $d
     /tmp/cca9ztzk.s:179    .text.pwm_lld_start:00000000 $t
     /tmp/cca9ztzk.s:185    .text.pwm_lld_start:00000000 pwm_lld_start
     /tmp/cca9ztzk.s:411    .text.pwm_lld_start:00000108 $d
     /tmp/cca9ztzk.s:419    .text.pwm_lld_stop:00000000 $t
     /tmp/cca9ztzk.s:425    .text.pwm_lld_stop:00000000 pwm_lld_stop
     /tmp/cca9ztzk.s:474    .text.pwm_lld_stop:0000002c $d
     /tmp/cca9ztzk.s:480    .text.pwm_lld_enable_channel:00000000 $t
     /tmp/cca9ztzk.s:486    .text.pwm_lld_enable_channel:00000000 pwm_lld_enable_channel
     /tmp/cca9ztzk.s:542    .text.pwm_lld_disable_channel:00000000 $t
     /tmp/cca9ztzk.s:548    .text.pwm_lld_disable_channel:00000000 pwm_lld_disable_channel
     /tmp/cca9ztzk.s:580    .bss.PWMD3:00000000 PWMD3
     /tmp/cca9ztzk.s:576    .bss.PWMD3:00000000 $d
     /tmp/cca9ztzk.s:583    .rodata.str1.4:00000000 $d
                     .debug_frame:00000010 $d
     /tmp/cca9ztzk.s:144    .text.VectorB4:0000006c $t
     /tmp/cca9ztzk.s:178    .text.pwm_lld_init:00000018 $t
     /tmp/cca9ztzk.s:418    .text.pwm_lld_start:00000118 $t
     /tmp/cca9ztzk.s:479    .text.pwm_lld_stop:00000034 $t

UNDEFINED SYMBOLS
dbg_check_enter_isr
dbg_check_leave_isr
_port_irq_epilogue
pwmObjectInit
chDbgPanic
nvicEnableVector
nvicDisableVector
