ARM GAS  /tmp/ccsmyQFJ.s 			page 1


   1              		.syntax unified
   2              		.cpu cortex-m4
   3              		.eabi_attribute 27, 1
   4              		.eabi_attribute 28, 1
   5              		.fpu fpv4-sp-d16
   6              		.eabi_attribute 20, 1
   7              		.eabi_attribute 21, 1
   8              		.eabi_attribute 23, 3
   9              		.eabi_attribute 24, 1
  10              		.eabi_attribute 25, 1
  11              		.eabi_attribute 26, 1
  12              		.eabi_attribute 30, 6
  13              		.eabi_attribute 34, 1
  14              		.eabi_attribute 18, 4
  15              		.thumb
  16              		.file	"vectors.c"
  17              		.text
  18              	.Ltext0:
  19              		.cfi_sections	.debug_frame
  20              		.global	_vectors
  21              		.section	vectors,"aw",%progbits
  22              		.align	2
  23              		.type	_vectors, %object
  24              		.size	_vectors, 428
  25              	_vectors:
  26 0000 00000000 		.word	__main_stack_end__
  27 0004 00000000 		.word	ResetHandler
  28 0008 00000000 		.word	NMIVector
  29 000c 00000000 		.word	HardFaultVector
  30 0010 00000000 		.word	MemManageVector
  31 0014 00000000 		.word	BusFaultVector
  32 0018 00000000 		.word	UsageFaultVector
  33 001c 00000000 		.word	Vector1C
  34 0020 00000000 		.word	Vector20
  35 0024 00000000 		.word	Vector24
  36 0028 00000000 		.word	Vector28
  37 002c 00000000 		.word	SVCallVector
  38 0030 00000000 		.word	DebugMonitorVector
  39 0034 00000000 		.word	Vector34
  40 0038 00000000 		.word	PendSVVector
  41 003c 00000000 		.word	SysTickVector
  42 0040 00000000 		.word	Vector40
  43 0044 00000000 		.word	Vector44
  44 0048 00000000 		.word	Vector48
  45 004c 00000000 		.word	Vector4C
  46 0050 00000000 		.word	Vector50
  47 0054 00000000 		.word	Vector54
  48 0058 00000000 		.word	Vector58
  49 005c 00000000 		.word	Vector5C
  50 0060 00000000 		.word	Vector60
  51 0064 00000000 		.word	Vector64
  52 0068 00000000 		.word	Vector68
  53 006c 00000000 		.word	Vector6C
  54 0070 00000000 		.word	Vector70
  55 0074 00000000 		.word	Vector74
  56 0078 00000000 		.word	Vector78
  57 007c 00000000 		.word	Vector7C
ARM GAS  /tmp/ccsmyQFJ.s 			page 2


  58 0080 00000000 		.word	Vector80
  59 0084 00000000 		.word	Vector84
  60 0088 00000000 		.word	Vector88
  61 008c 00000000 		.word	Vector8C
  62 0090 00000000 		.word	Vector90
  63 0094 00000000 		.word	Vector94
  64 0098 00000000 		.word	Vector98
  65 009c 00000000 		.word	Vector9C
  66 00a0 00000000 		.word	VectorA0
  67 00a4 00000000 		.word	VectorA4
  68 00a8 00000000 		.word	VectorA8
  69 00ac 00000000 		.word	VectorAC
  70 00b0 00000000 		.word	VectorB0
  71 00b4 00000000 		.word	VectorB4
  72 00b8 00000000 		.word	VectorB8
  73 00bc 00000000 		.word	VectorBC
  74 00c0 00000000 		.word	VectorC0
  75 00c4 00000000 		.word	VectorC4
  76 00c8 00000000 		.word	VectorC8
  77 00cc 00000000 		.word	VectorCC
  78 00d0 00000000 		.word	VectorD0
  79 00d4 00000000 		.word	VectorD4
  80 00d8 00000000 		.word	VectorD8
  81 00dc 00000000 		.word	VectorDC
  82 00e0 00000000 		.word	VectorE0
  83 00e4 00000000 		.word	VectorE4
  84 00e8 00000000 		.word	VectorE8
  85 00ec 00000000 		.word	VectorEC
  86 00f0 00000000 		.word	VectorF0
  87 00f4 00000000 		.word	VectorF4
  88 00f8 00000000 		.word	VectorF8
  89 00fc 00000000 		.word	VectorFC
  90 0100 00000000 		.word	Vector100
  91 0104 00000000 		.word	Vector104
  92 0108 00000000 		.word	Vector108
  93 010c 00000000 		.word	Vector10C
  94 0110 00000000 		.word	Vector110
  95 0114 00000000 		.word	Vector114
  96 0118 00000000 		.word	Vector118
  97 011c 00000000 		.word	Vector11C
  98 0120 00000000 		.word	Vector120
  99 0124 00000000 		.word	Vector124
 100 0128 00000000 		.word	Vector128
 101 012c 00000000 		.word	Vector12C
 102 0130 00000000 		.word	Vector130
 103 0134 00000000 		.word	Vector134
 104 0138 00000000 		.word	Vector138
 105 013c 00000000 		.word	Vector13C
 106 0140 00000000 		.word	Vector140
 107 0144 00000000 		.word	Vector144
 108 0148 00000000 		.word	Vector148
 109 014c 00000000 		.word	Vector14C
 110 0150 00000000 		.word	Vector150
 111 0154 00000000 		.word	Vector154
 112 0158 00000000 		.word	Vector158
 113 015c 00000000 		.word	Vector15C
 114 0160 00000000 		.word	Vector160
ARM GAS  /tmp/ccsmyQFJ.s 			page 3


 115 0164 00000000 		.word	Vector164
 116 0168 00000000 		.word	Vector168
 117 016c 00000000 		.word	Vector16C
 118 0170 00000000 		.word	Vector170
 119 0174 00000000 		.word	Vector174
 120 0178 00000000 		.word	Vector178
 121 017c 00000000 		.word	Vector17C
 122 0180 00000000 		.word	Vector180
 123 0184 00000000 		.word	Vector184
 124 0188 00000000 		.word	Vector188
 125 018c 00000000 		.word	Vector18C
 126 0190 00000000 		.word	Vector190
 127 0194 00000000 		.word	Vector194
 128 0198 00000000 		.word	Vector198
 129 019c 00000000 		.word	Vector19C
 130 01a0 00000000 		.word	Vector1A0
 131 01a4 00000000 		.word	Vector1A4
 132 01a8 00000000 		.word	Vector1A8
 133              		.section	.text._unhandled_exception,"ax",%progbits
 134              		.align	2
 135              		.p2align 4,,15
 136              		.global	_unhandled_exception
 137              		.thumb
 138              		.thumb_func
 139              		.type	_unhandled_exception, %function
 140              	_unhandled_exception:
 141              	.LFB0:
 142              		.file 1 "/home/makkmarci/workspace/ChibiOS_2.6.8/os/ports/GCC/ARMCMx/STM32F4xx/vectors.c"
 143              		.loc 1 226 0
 144              		.cfi_startproc
 145              		@ Naked Function: prologue and epilogue provided by programmer.
 146              		@ args = 0, pretend = 0, frame = 0
 147              		@ frame_needed = 0, uses_anonymous_args = 0
 148              	.L2:
 149              		.loc 1 229 0 discriminator 1
 150 0000 FEE7     		b	.L2
 151              		.cfi_endproc
 152              	.LFE0:
 153              		.size	_unhandled_exception, .-_unhandled_exception
 154              		.weak	NMIVector
 155              		.thumb_set NMIVector,_unhandled_exception
 156              		.weak	HardFaultVector
 157              		.thumb_set HardFaultVector,_unhandled_exception
 158              		.weak	MemManageVector
 159              		.thumb_set MemManageVector,_unhandled_exception
 160              		.weak	BusFaultVector
 161              		.thumb_set BusFaultVector,_unhandled_exception
 162              		.weak	UsageFaultVector
 163              		.thumb_set UsageFaultVector,_unhandled_exception
 164              		.weak	Vector1C
 165              		.thumb_set Vector1C,_unhandled_exception
 166              		.weak	Vector20
 167              		.thumb_set Vector20,_unhandled_exception
 168              		.weak	Vector24
 169              		.thumb_set Vector24,_unhandled_exception
 170              		.weak	Vector28
 171              		.thumb_set Vector28,_unhandled_exception
ARM GAS  /tmp/ccsmyQFJ.s 			page 4


 172              		.weak	SVCallVector
 173              		.thumb_set SVCallVector,_unhandled_exception
 174              		.weak	DebugMonitorVector
 175              		.thumb_set DebugMonitorVector,_unhandled_exception
 176              		.weak	Vector34
 177              		.thumb_set Vector34,_unhandled_exception
 178              		.weak	PendSVVector
 179              		.thumb_set PendSVVector,_unhandled_exception
 180              		.weak	SysTickVector
 181              		.thumb_set SysTickVector,_unhandled_exception
 182              		.weak	Vector40
 183              		.thumb_set Vector40,_unhandled_exception
 184              		.weak	Vector44
 185              		.thumb_set Vector44,_unhandled_exception
 186              		.weak	Vector48
 187              		.thumb_set Vector48,_unhandled_exception
 188              		.weak	Vector4C
 189              		.thumb_set Vector4C,_unhandled_exception
 190              		.weak	Vector50
 191              		.thumb_set Vector50,_unhandled_exception
 192              		.weak	Vector54
 193              		.thumb_set Vector54,_unhandled_exception
 194              		.weak	Vector58
 195              		.thumb_set Vector58,_unhandled_exception
 196              		.weak	Vector5C
 197              		.thumb_set Vector5C,_unhandled_exception
 198              		.weak	Vector60
 199              		.thumb_set Vector60,_unhandled_exception
 200              		.weak	Vector64
 201              		.thumb_set Vector64,_unhandled_exception
 202              		.weak	Vector68
 203              		.thumb_set Vector68,_unhandled_exception
 204              		.weak	Vector6C
 205              		.thumb_set Vector6C,_unhandled_exception
 206              		.weak	Vector70
 207              		.thumb_set Vector70,_unhandled_exception
 208              		.weak	Vector74
 209              		.thumb_set Vector74,_unhandled_exception
 210              		.weak	Vector78
 211              		.thumb_set Vector78,_unhandled_exception
 212              		.weak	Vector7C
 213              		.thumb_set Vector7C,_unhandled_exception
 214              		.weak	Vector80
 215              		.thumb_set Vector80,_unhandled_exception
 216              		.weak	Vector84
 217              		.thumb_set Vector84,_unhandled_exception
 218              		.weak	Vector88
 219              		.thumb_set Vector88,_unhandled_exception
 220              		.weak	Vector8C
 221              		.thumb_set Vector8C,_unhandled_exception
 222              		.weak	Vector90
 223              		.thumb_set Vector90,_unhandled_exception
 224              		.weak	Vector94
 225              		.thumb_set Vector94,_unhandled_exception
 226              		.weak	Vector98
 227              		.thumb_set Vector98,_unhandled_exception
 228              		.weak	Vector9C
ARM GAS  /tmp/ccsmyQFJ.s 			page 5


 229              		.thumb_set Vector9C,_unhandled_exception
 230              		.weak	VectorA0
 231              		.thumb_set VectorA0,_unhandled_exception
 232              		.weak	VectorA4
 233              		.thumb_set VectorA4,_unhandled_exception
 234              		.weak	VectorA8
 235              		.thumb_set VectorA8,_unhandled_exception
 236              		.weak	VectorAC
 237              		.thumb_set VectorAC,_unhandled_exception
 238              		.weak	VectorB0
 239              		.thumb_set VectorB0,_unhandled_exception
 240              		.weak	VectorB4
 241              		.thumb_set VectorB4,_unhandled_exception
 242              		.weak	VectorB8
 243              		.thumb_set VectorB8,_unhandled_exception
 244              		.weak	VectorBC
 245              		.thumb_set VectorBC,_unhandled_exception
 246              		.weak	VectorC0
 247              		.thumb_set VectorC0,_unhandled_exception
 248              		.weak	VectorC4
 249              		.thumb_set VectorC4,_unhandled_exception
 250              		.weak	VectorC8
 251              		.thumb_set VectorC8,_unhandled_exception
 252              		.weak	VectorCC
 253              		.thumb_set VectorCC,_unhandled_exception
 254              		.weak	VectorD0
 255              		.thumb_set VectorD0,_unhandled_exception
 256              		.weak	VectorD4
 257              		.thumb_set VectorD4,_unhandled_exception
 258              		.weak	VectorD8
 259              		.thumb_set VectorD8,_unhandled_exception
 260              		.weak	VectorDC
 261              		.thumb_set VectorDC,_unhandled_exception
 262              		.weak	VectorE0
 263              		.thumb_set VectorE0,_unhandled_exception
 264              		.weak	VectorE4
 265              		.thumb_set VectorE4,_unhandled_exception
 266              		.weak	VectorE8
 267              		.thumb_set VectorE8,_unhandled_exception
 268              		.weak	VectorEC
 269              		.thumb_set VectorEC,_unhandled_exception
 270              		.weak	VectorF0
 271              		.thumb_set VectorF0,_unhandled_exception
 272              		.weak	VectorF4
 273              		.thumb_set VectorF4,_unhandled_exception
 274              		.weak	VectorF8
 275              		.thumb_set VectorF8,_unhandled_exception
 276              		.weak	VectorFC
 277              		.thumb_set VectorFC,_unhandled_exception
 278              		.weak	Vector100
 279              		.thumb_set Vector100,_unhandled_exception
 280              		.weak	Vector104
 281              		.thumb_set Vector104,_unhandled_exception
 282              		.weak	Vector108
 283              		.thumb_set Vector108,_unhandled_exception
 284              		.weak	Vector10C
 285              		.thumb_set Vector10C,_unhandled_exception
ARM GAS  /tmp/ccsmyQFJ.s 			page 6


 286              		.weak	Vector110
 287              		.thumb_set Vector110,_unhandled_exception
 288              		.weak	Vector114
 289              		.thumb_set Vector114,_unhandled_exception
 290              		.weak	Vector118
 291              		.thumb_set Vector118,_unhandled_exception
 292              		.weak	Vector11C
 293              		.thumb_set Vector11C,_unhandled_exception
 294              		.weak	Vector120
 295              		.thumb_set Vector120,_unhandled_exception
 296              		.weak	Vector124
 297              		.thumb_set Vector124,_unhandled_exception
 298              		.weak	Vector128
 299              		.thumb_set Vector128,_unhandled_exception
 300              		.weak	Vector12C
 301              		.thumb_set Vector12C,_unhandled_exception
 302              		.weak	Vector130
 303              		.thumb_set Vector130,_unhandled_exception
 304              		.weak	Vector134
 305              		.thumb_set Vector134,_unhandled_exception
 306              		.weak	Vector138
 307              		.thumb_set Vector138,_unhandled_exception
 308              		.weak	Vector13C
 309              		.thumb_set Vector13C,_unhandled_exception
 310              		.weak	Vector140
 311              		.thumb_set Vector140,_unhandled_exception
 312              		.weak	Vector144
 313              		.thumb_set Vector144,_unhandled_exception
 314              		.weak	Vector148
 315              		.thumb_set Vector148,_unhandled_exception
 316              		.weak	Vector14C
 317              		.thumb_set Vector14C,_unhandled_exception
 318              		.weak	Vector150
 319              		.thumb_set Vector150,_unhandled_exception
 320              		.weak	Vector154
 321              		.thumb_set Vector154,_unhandled_exception
 322              		.weak	Vector158
 323              		.thumb_set Vector158,_unhandled_exception
 324              		.weak	Vector15C
 325              		.thumb_set Vector15C,_unhandled_exception
 326              		.weak	Vector160
 327              		.thumb_set Vector160,_unhandled_exception
 328              		.weak	Vector164
 329              		.thumb_set Vector164,_unhandled_exception
 330              		.weak	Vector168
 331              		.thumb_set Vector168,_unhandled_exception
 332              		.weak	Vector16C
 333              		.thumb_set Vector16C,_unhandled_exception
 334              		.weak	Vector170
 335              		.thumb_set Vector170,_unhandled_exception
 336              		.weak	Vector174
 337              		.thumb_set Vector174,_unhandled_exception
 338              		.weak	Vector178
 339              		.thumb_set Vector178,_unhandled_exception
 340              		.weak	Vector17C
 341              		.thumb_set Vector17C,_unhandled_exception
 342              		.weak	Vector180
ARM GAS  /tmp/ccsmyQFJ.s 			page 7


 343              		.thumb_set Vector180,_unhandled_exception
 344              		.weak	Vector184
 345              		.thumb_set Vector184,_unhandled_exception
 346              		.weak	Vector188
 347              		.thumb_set Vector188,_unhandled_exception
 348              		.weak	Vector18C
 349              		.thumb_set Vector18C,_unhandled_exception
 350              		.weak	Vector190
 351              		.thumb_set Vector190,_unhandled_exception
 352              		.weak	Vector194
 353              		.thumb_set Vector194,_unhandled_exception
 354              		.weak	Vector198
 355              		.thumb_set Vector198,_unhandled_exception
 356              		.weak	Vector19C
 357              		.thumb_set Vector19C,_unhandled_exception
 358              		.weak	Vector1A0
 359              		.thumb_set Vector1A0,_unhandled_exception
 360              		.weak	Vector1A4
 361              		.thumb_set Vector1A4,_unhandled_exception
 362              		.weak	Vector1A8
 363              		.thumb_set Vector1A8,_unhandled_exception
 364              		.text
 365              	.Letext0:
 366              		.file 2 "/opt/gcc-arm-none-eabi/arm-none-eabi/include/machine/_default_types.h"
 367              		.file 3 "/opt/gcc-arm-none-eabi/arm-none-eabi/include/stdint.h"
 368              		.section	.debug_info,"",%progbits
 369              	.Ldebug_info0:
 370 0000 C5010000 		.4byte	0x1c5
 371 0004 0400     		.2byte	0x4
 372 0006 00000000 		.4byte	.Ldebug_abbrev0
 373 000a 04       		.byte	0x4
 374 000b 01       		.uleb128 0x1
 375 000c 28000000 		.4byte	.LASF35
 376 0010 01       		.byte	0x1
 377 0011 A2020000 		.4byte	.LASF36
 378 0015 00000000 		.4byte	.Ldebug_ranges0+0
 379 0019 00000000 		.4byte	0
 380 001d 00000000 		.4byte	.Ldebug_line0
 381 0021 02       		.uleb128 0x2
 382 0022 04       		.byte	0x4
 383 0023 05       		.byte	0x5
 384 0024 696E7400 		.ascii	"int\000"
 385 0028 03       		.uleb128 0x3
 386 0029 04       		.byte	0x4
 387 002a 07       		.byte	0x7
 388 002b AC010000 		.4byte	.LASF0
 389 002f 03       		.uleb128 0x3
 390 0030 01       		.byte	0x1
 391 0031 06       		.byte	0x6
 392 0032 F2020000 		.4byte	.LASF1
 393 0036 03       		.uleb128 0x3
 394 0037 01       		.byte	0x1
 395 0038 08       		.byte	0x8
 396 0039 56010000 		.4byte	.LASF2
 397 003d 03       		.uleb128 0x3
 398 003e 02       		.byte	0x2
 399 003f 05       		.byte	0x5
ARM GAS  /tmp/ccsmyQFJ.s 			page 8


 400 0040 79020000 		.4byte	.LASF3
 401 0044 03       		.uleb128 0x3
 402 0045 02       		.byte	0x2
 403 0046 07       		.byte	0x7
 404 0047 76010000 		.4byte	.LASF4
 405 004b 03       		.uleb128 0x3
 406 004c 04       		.byte	0x4
 407 004d 05       		.byte	0x5
 408 004e 99020000 		.4byte	.LASF5
 409 0052 04       		.uleb128 0x4
 410 0053 A1010000 		.4byte	.LASF9
 411 0057 02       		.byte	0x2
 412 0058 41       		.byte	0x41
 413 0059 5D000000 		.4byte	0x5d
 414 005d 03       		.uleb128 0x3
 415 005e 04       		.byte	0x4
 416 005f 07       		.byte	0x7
 417 0060 64010000 		.4byte	.LASF6
 418 0064 03       		.uleb128 0x3
 419 0065 08       		.byte	0x8
 420 0066 05       		.byte	0x5
 421 0067 38020000 		.4byte	.LASF7
 422 006b 03       		.uleb128 0x3
 423 006c 08       		.byte	0x8
 424 006d 07       		.byte	0x7
 425 006e C4010000 		.4byte	.LASF8
 426 0072 04       		.uleb128 0x4
 427 0073 90020000 		.4byte	.LASF10
 428 0077 03       		.byte	0x3
 429 0078 2D       		.byte	0x2d
 430 0079 52000000 		.4byte	0x52
 431 007d 03       		.uleb128 0x3
 432 007e 01       		.byte	0x1
 433 007f 02       		.byte	0x2
 434 0080 1B030000 		.4byte	.LASF11
 435 0084 03       		.uleb128 0x3
 436 0085 04       		.byte	0x4
 437 0086 07       		.byte	0x7
 438 0087 10020000 		.4byte	.LASF12
 439 008b 03       		.uleb128 0x3
 440 008c 01       		.byte	0x1
 441 008d 08       		.byte	0x8
 442 008e 46020000 		.4byte	.LASF13
 443 0092 04       		.uleb128 0x4
 444 0093 09000000 		.4byte	.LASF14
 445 0097 01       		.byte	0x1
 446 0098 2B       		.byte	0x2b
 447 0099 9D000000 		.4byte	0x9d
 448 009d 05       		.uleb128 0x5
 449 009e 04       		.byte	0x4
 450 009f A3000000 		.4byte	0xa3
 451 00a3 06       		.uleb128 0x6
 452 00a4 07       		.uleb128 0x7
 453 00a5 AC01     		.2byte	0x1ac
 454 00a7 01       		.byte	0x1
 455 00a8 30       		.byte	0x30
 456 00a9 7A010000 		.4byte	0x17a
ARM GAS  /tmp/ccsmyQFJ.s 			page 9


 457 00ad 08       		.uleb128 0x8
 458 00ae 3D010000 		.4byte	.LASF15
 459 00b2 01       		.byte	0x1
 460 00b3 31       		.byte	0x31
 461 00b4 7A010000 		.4byte	0x17a
 462 00b8 00       		.byte	0
 463 00b9 08       		.uleb128 0x8
 464 00ba 83020000 		.4byte	.LASF16
 465 00be 01       		.byte	0x1
 466 00bf 32       		.byte	0x32
 467 00c0 92000000 		.4byte	0x92
 468 00c4 04       		.byte	0x4
 469 00c5 08       		.uleb128 0x8
 470 00c6 B9010000 		.4byte	.LASF17
 471 00ca 01       		.byte	0x1
 472 00cb 33       		.byte	0x33
 473 00cc 92000000 		.4byte	0x92
 474 00d0 08       		.byte	0x8
 475 00d1 08       		.uleb128 0x8
 476 00d2 27020000 		.4byte	.LASF18
 477 00d6 01       		.byte	0x1
 478 00d7 34       		.byte	0x34
 479 00d8 92000000 		.4byte	0x92
 480 00dc 0C       		.byte	0xc
 481 00dd 08       		.uleb128 0x8
 482 00de 4B020000 		.4byte	.LASF19
 483 00e2 01       		.byte	0x1
 484 00e3 35       		.byte	0x35
 485 00e4 92000000 		.4byte	0x92
 486 00e8 10       		.byte	0x10
 487 00e9 08       		.uleb128 0x8
 488 00ea DB010000 		.4byte	.LASF20
 489 00ee 01       		.byte	0x1
 490 00ef 36       		.byte	0x36
 491 00f0 92000000 		.4byte	0x92
 492 00f4 14       		.byte	0x14
 493 00f5 08       		.uleb128 0x8
 494 00f6 F4010000 		.4byte	.LASF21
 495 00fa 01       		.byte	0x1
 496 00fb 37       		.byte	0x37
 497 00fc 92000000 		.4byte	0x92
 498 0100 18       		.byte	0x18
 499 0101 08       		.uleb128 0x8
 500 0102 89010000 		.4byte	.LASF22
 501 0106 01       		.byte	0x1
 502 0107 38       		.byte	0x38
 503 0108 92000000 		.4byte	0x92
 504 010c 1C       		.byte	0x1c
 505 010d 08       		.uleb128 0x8
 506 010e 12030000 		.4byte	.LASF23
 507 0112 01       		.byte	0x1
 508 0113 39       		.byte	0x39
 509 0114 92000000 		.4byte	0x92
 510 0118 20       		.byte	0x20
 511 0119 08       		.uleb128 0x8
 512 011a 00000000 		.4byte	.LASF24
 513 011e 01       		.byte	0x1
ARM GAS  /tmp/ccsmyQFJ.s 			page 10


 514 011f 3A       		.byte	0x3a
 515 0120 92000000 		.4byte	0x92
 516 0124 24       		.byte	0x24
 517 0125 08       		.uleb128 0x8
 518 0126 EB010000 		.4byte	.LASF25
 519 012a 01       		.byte	0x1
 520 012b 3B       		.byte	0x3b
 521 012c 92000000 		.4byte	0x92
 522 0130 28       		.byte	0x28
 523 0131 08       		.uleb128 0x8
 524 0132 48010000 		.4byte	.LASF26
 525 0136 01       		.byte	0x1
 526 0137 3C       		.byte	0x3c
 527 0138 92000000 		.4byte	0x92
 528 013c 2C       		.byte	0x2c
 529 013d 08       		.uleb128 0x8
 530 013e FE020000 		.4byte	.LASF27
 531 0142 01       		.byte	0x1
 532 0143 3D       		.byte	0x3d
 533 0144 92000000 		.4byte	0x92
 534 0148 30       		.byte	0x30
 535 0149 08       		.uleb128 0x8
 536 014a 16000000 		.4byte	.LASF28
 537 014e 01       		.byte	0x1
 538 014f 3E       		.byte	0x3e
 539 0150 92000000 		.4byte	0x92
 540 0154 34       		.byte	0x34
 541 0155 08       		.uleb128 0x8
 542 0156 19020000 		.4byte	.LASF29
 543 015a 01       		.byte	0x1
 544 015b 3F       		.byte	0x3f
 545 015c 92000000 		.4byte	0x92
 546 0160 38       		.byte	0x38
 547 0161 08       		.uleb128 0x8
 548 0162 92010000 		.4byte	.LASF30
 549 0166 01       		.byte	0x1
 550 0167 40       		.byte	0x40
 551 0168 92000000 		.4byte	0x92
 552 016c 3C       		.byte	0x3c
 553 016d 08       		.uleb128 0x8
 554 016e 71020000 		.4byte	.LASF31
 555 0172 01       		.byte	0x1
 556 0173 41       		.byte	0x41
 557 0174 80010000 		.4byte	0x180
 558 0178 40       		.byte	0x40
 559 0179 00       		.byte	0
 560 017a 05       		.uleb128 0x5
 561 017b 04       		.byte	0x4
 562 017c 72000000 		.4byte	0x72
 563 0180 09       		.uleb128 0x9
 564 0181 92000000 		.4byte	0x92
 565 0185 90010000 		.4byte	0x190
 566 0189 0A       		.uleb128 0xa
 567 018a 84000000 		.4byte	0x84
 568 018e 5A       		.byte	0x5a
 569 018f 00       		.byte	0
 570 0190 04       		.uleb128 0x4
ARM GAS  /tmp/ccsmyQFJ.s 			page 11


 571 0191 06020000 		.4byte	.LASF32
 572 0195 01       		.byte	0x1
 573 0196 42       		.byte	0x42
 574 0197 A4000000 		.4byte	0xa4
 575 019b 0B       		.uleb128 0xb
 576 019c 5C020000 		.4byte	.LASF37
 577 01a0 01       		.byte	0x1
 578 01a1 E2       		.byte	0xe2
 579 01a2 00000000 		.4byte	.LFB0
 580 01a6 02000000 		.4byte	.LFE0-.LFB0
 581 01aa 01       		.uleb128 0x1
 582 01ab 9C       		.byte	0x9c
 583 01ac 0C       		.uleb128 0xc
 584 01ad 21030000 		.4byte	.LASF33
 585 01b1 01       		.byte	0x1
 586 01b2 45       		.byte	0x45
 587 01b3 72000000 		.4byte	0x72
 588 01b7 0D       		.uleb128 0xd
 589 01b8 1F000000 		.4byte	.LASF34
 590 01bc 01       		.byte	0x1
 591 01bd B8       		.byte	0xb8
 592 01be 90010000 		.4byte	0x190
 593 01c2 05       		.uleb128 0x5
 594 01c3 03       		.byte	0x3
 595 01c4 00000000 		.4byte	_vectors
 596 01c8 00       		.byte	0
 597              		.section	.debug_abbrev,"",%progbits
 598              	.Ldebug_abbrev0:
 599 0000 01       		.uleb128 0x1
 600 0001 11       		.uleb128 0x11
 601 0002 01       		.byte	0x1
 602 0003 25       		.uleb128 0x25
 603 0004 0E       		.uleb128 0xe
 604 0005 13       		.uleb128 0x13
 605 0006 0B       		.uleb128 0xb
 606 0007 03       		.uleb128 0x3
 607 0008 0E       		.uleb128 0xe
 608 0009 55       		.uleb128 0x55
 609 000a 17       		.uleb128 0x17
 610 000b 11       		.uleb128 0x11
 611 000c 01       		.uleb128 0x1
 612 000d 10       		.uleb128 0x10
 613 000e 17       		.uleb128 0x17
 614 000f 00       		.byte	0
 615 0010 00       		.byte	0
 616 0011 02       		.uleb128 0x2
 617 0012 24       		.uleb128 0x24
 618 0013 00       		.byte	0
 619 0014 0B       		.uleb128 0xb
 620 0015 0B       		.uleb128 0xb
 621 0016 3E       		.uleb128 0x3e
 622 0017 0B       		.uleb128 0xb
 623 0018 03       		.uleb128 0x3
 624 0019 08       		.uleb128 0x8
 625 001a 00       		.byte	0
 626 001b 00       		.byte	0
 627 001c 03       		.uleb128 0x3
ARM GAS  /tmp/ccsmyQFJ.s 			page 12


 628 001d 24       		.uleb128 0x24
 629 001e 00       		.byte	0
 630 001f 0B       		.uleb128 0xb
 631 0020 0B       		.uleb128 0xb
 632 0021 3E       		.uleb128 0x3e
 633 0022 0B       		.uleb128 0xb
 634 0023 03       		.uleb128 0x3
 635 0024 0E       		.uleb128 0xe
 636 0025 00       		.byte	0
 637 0026 00       		.byte	0
 638 0027 04       		.uleb128 0x4
 639 0028 16       		.uleb128 0x16
 640 0029 00       		.byte	0
 641 002a 03       		.uleb128 0x3
 642 002b 0E       		.uleb128 0xe
 643 002c 3A       		.uleb128 0x3a
 644 002d 0B       		.uleb128 0xb
 645 002e 3B       		.uleb128 0x3b
 646 002f 0B       		.uleb128 0xb
 647 0030 49       		.uleb128 0x49
 648 0031 13       		.uleb128 0x13
 649 0032 00       		.byte	0
 650 0033 00       		.byte	0
 651 0034 05       		.uleb128 0x5
 652 0035 0F       		.uleb128 0xf
 653 0036 00       		.byte	0
 654 0037 0B       		.uleb128 0xb
 655 0038 0B       		.uleb128 0xb
 656 0039 49       		.uleb128 0x49
 657 003a 13       		.uleb128 0x13
 658 003b 00       		.byte	0
 659 003c 00       		.byte	0
 660 003d 06       		.uleb128 0x6
 661 003e 15       		.uleb128 0x15
 662 003f 00       		.byte	0
 663 0040 27       		.uleb128 0x27
 664 0041 19       		.uleb128 0x19
 665 0042 00       		.byte	0
 666 0043 00       		.byte	0
 667 0044 07       		.uleb128 0x7
 668 0045 13       		.uleb128 0x13
 669 0046 01       		.byte	0x1
 670 0047 0B       		.uleb128 0xb
 671 0048 05       		.uleb128 0x5
 672 0049 3A       		.uleb128 0x3a
 673 004a 0B       		.uleb128 0xb
 674 004b 3B       		.uleb128 0x3b
 675 004c 0B       		.uleb128 0xb
 676 004d 01       		.uleb128 0x1
 677 004e 13       		.uleb128 0x13
 678 004f 00       		.byte	0
 679 0050 00       		.byte	0
 680 0051 08       		.uleb128 0x8
 681 0052 0D       		.uleb128 0xd
 682 0053 00       		.byte	0
 683 0054 03       		.uleb128 0x3
 684 0055 0E       		.uleb128 0xe
ARM GAS  /tmp/ccsmyQFJ.s 			page 13


 685 0056 3A       		.uleb128 0x3a
 686 0057 0B       		.uleb128 0xb
 687 0058 3B       		.uleb128 0x3b
 688 0059 0B       		.uleb128 0xb
 689 005a 49       		.uleb128 0x49
 690 005b 13       		.uleb128 0x13
 691 005c 38       		.uleb128 0x38
 692 005d 0B       		.uleb128 0xb
 693 005e 00       		.byte	0
 694 005f 00       		.byte	0
 695 0060 09       		.uleb128 0x9
 696 0061 01       		.uleb128 0x1
 697 0062 01       		.byte	0x1
 698 0063 49       		.uleb128 0x49
 699 0064 13       		.uleb128 0x13
 700 0065 01       		.uleb128 0x1
 701 0066 13       		.uleb128 0x13
 702 0067 00       		.byte	0
 703 0068 00       		.byte	0
 704 0069 0A       		.uleb128 0xa
 705 006a 21       		.uleb128 0x21
 706 006b 00       		.byte	0
 707 006c 49       		.uleb128 0x49
 708 006d 13       		.uleb128 0x13
 709 006e 2F       		.uleb128 0x2f
 710 006f 0B       		.uleb128 0xb
 711 0070 00       		.byte	0
 712 0071 00       		.byte	0
 713 0072 0B       		.uleb128 0xb
 714 0073 2E       		.uleb128 0x2e
 715 0074 00       		.byte	0
 716 0075 3F       		.uleb128 0x3f
 717 0076 19       		.uleb128 0x19
 718 0077 03       		.uleb128 0x3
 719 0078 0E       		.uleb128 0xe
 720 0079 3A       		.uleb128 0x3a
 721 007a 0B       		.uleb128 0xb
 722 007b 3B       		.uleb128 0x3b
 723 007c 0B       		.uleb128 0xb
 724 007d 27       		.uleb128 0x27
 725 007e 19       		.uleb128 0x19
 726 007f 11       		.uleb128 0x11
 727 0080 01       		.uleb128 0x1
 728 0081 12       		.uleb128 0x12
 729 0082 06       		.uleb128 0x6
 730 0083 40       		.uleb128 0x40
 731 0084 18       		.uleb128 0x18
 732 0085 9742     		.uleb128 0x2117
 733 0087 19       		.uleb128 0x19
 734 0088 00       		.byte	0
 735 0089 00       		.byte	0
 736 008a 0C       		.uleb128 0xc
 737 008b 34       		.uleb128 0x34
 738 008c 00       		.byte	0
 739 008d 03       		.uleb128 0x3
 740 008e 0E       		.uleb128 0xe
 741 008f 3A       		.uleb128 0x3a
ARM GAS  /tmp/ccsmyQFJ.s 			page 14


 742 0090 0B       		.uleb128 0xb
 743 0091 3B       		.uleb128 0x3b
 744 0092 0B       		.uleb128 0xb
 745 0093 49       		.uleb128 0x49
 746 0094 13       		.uleb128 0x13
 747 0095 3F       		.uleb128 0x3f
 748 0096 19       		.uleb128 0x19
 749 0097 3C       		.uleb128 0x3c
 750 0098 19       		.uleb128 0x19
 751 0099 00       		.byte	0
 752 009a 00       		.byte	0
 753 009b 0D       		.uleb128 0xd
 754 009c 34       		.uleb128 0x34
 755 009d 00       		.byte	0
 756 009e 03       		.uleb128 0x3
 757 009f 0E       		.uleb128 0xe
 758 00a0 3A       		.uleb128 0x3a
 759 00a1 0B       		.uleb128 0xb
 760 00a2 3B       		.uleb128 0x3b
 761 00a3 0B       		.uleb128 0xb
 762 00a4 49       		.uleb128 0x49
 763 00a5 13       		.uleb128 0x13
 764 00a6 3F       		.uleb128 0x3f
 765 00a7 19       		.uleb128 0x19
 766 00a8 02       		.uleb128 0x2
 767 00a9 18       		.uleb128 0x18
 768 00aa 00       		.byte	0
 769 00ab 00       		.byte	0
 770 00ac 00       		.byte	0
 771              		.section	.debug_aranges,"",%progbits
 772 0000 1C000000 		.4byte	0x1c
 773 0004 0200     		.2byte	0x2
 774 0006 00000000 		.4byte	.Ldebug_info0
 775 000a 04       		.byte	0x4
 776 000b 00       		.byte	0
 777 000c 0000     		.2byte	0
 778 000e 0000     		.2byte	0
 779 0010 00000000 		.4byte	.LFB0
 780 0014 02000000 		.4byte	.LFE0-.LFB0
 781 0018 00000000 		.4byte	0
 782 001c 00000000 		.4byte	0
 783              		.section	.debug_ranges,"",%progbits
 784              	.Ldebug_ranges0:
 785 0000 00000000 		.4byte	.LFB0
 786 0004 02000000 		.4byte	.LFE0
 787 0008 00000000 		.4byte	0
 788 000c 00000000 		.4byte	0
 789              		.section	.debug_line,"",%progbits
 790              	.Ldebug_line0:
 791 0000 03010000 		.section	.debug_str,"MS",%progbits,1
 791      0200E800 
 791      00000201 
 791      FB0E0D00 
 791      01010101 
 792              	.LASF24:
 793 0000 76656374 		.ascii	"vector24\000"
 793      6F723234 
ARM GAS  /tmp/ccsmyQFJ.s 			page 15


 793      00
 794              	.LASF14:
 795 0009 6972715F 		.ascii	"irq_vector_t\000"
 795      76656374 
 795      6F725F74 
 795      00
 796              	.LASF28:
 797 0016 76656374 		.ascii	"vector34\000"
 797      6F723334 
 797      00
 798              	.LASF34:
 799 001f 5F766563 		.ascii	"_vectors\000"
 799      746F7273 
 799      00
 800              	.LASF35:
 801 0028 474E5520 		.ascii	"GNU C 4.9.3 20150303 (release) [ARM/embedded-4_9-br"
 801      4320342E 
 801      392E3320 
 801      32303135 
 801      30333033 
 802 005b 616E6368 		.ascii	"anch revision 221220] -mcpu=cortex-m4 -mfloat-abi=h"
 802      20726576 
 802      6973696F 
 802      6E203232 
 802      31323230 
 803 008e 61726420 		.ascii	"ard -mfpu=fpv4-sp-d16 -mno-thumb-interwork -mthumb "
 803      2D6D6670 
 803      753D6670 
 803      76342D73 
 803      702D6431 
 804 00c1 2D676764 		.ascii	"-ggdb -fomit-frame-pointer -falign-functions=16 -ff"
 804      62202D66 
 804      6F6D6974 
 804      2D667261 
 804      6D652D70 
 805 00f4 756E6374 		.ascii	"unction-sections -fdata-sections -fno-common -fsing"
 805      696F6E2D 
 805      73656374 
 805      696F6E73 
 805      202D6664 
 806 0127 6C652D70 		.ascii	"le-precision-constant\000"
 806      72656369 
 806      73696F6E 
 806      2D636F6E 
 806      7374616E 
 807              	.LASF15:
 808 013d 696E6974 		.ascii	"init_stack\000"
 808      5F737461 
 808      636B00
 809              	.LASF26:
 810 0148 73766361 		.ascii	"svcall_vector\000"
 810      6C6C5F76 
 810      6563746F 
 810      7200
 811              	.LASF2:
 812 0156 756E7369 		.ascii	"unsigned char\000"
 812      676E6564 
ARM GAS  /tmp/ccsmyQFJ.s 			page 16


 812      20636861 
 812      7200
 813              	.LASF6:
 814 0164 6C6F6E67 		.ascii	"long unsigned int\000"
 814      20756E73 
 814      69676E65 
 814      6420696E 
 814      7400
 815              	.LASF4:
 816 0176 73686F72 		.ascii	"short unsigned int\000"
 816      7420756E 
 816      7369676E 
 816      65642069 
 816      6E7400
 817              	.LASF22:
 818 0189 76656374 		.ascii	"vector1c\000"
 818      6F723163 
 818      00
 819              	.LASF30:
 820 0192 73797374 		.ascii	"systick_vector\000"
 820      69636B5F 
 820      76656374 
 820      6F7200
 821              	.LASF9:
 822 01a1 5F5F7569 		.ascii	"__uint32_t\000"
 822      6E743332 
 822      5F7400
 823              	.LASF0:
 824 01ac 756E7369 		.ascii	"unsigned int\000"
 824      676E6564 
 824      20696E74 
 824      00
 825              	.LASF17:
 826 01b9 6E6D695F 		.ascii	"nmi_vector\000"
 826      76656374 
 826      6F7200
 827              	.LASF8:
 828 01c4 6C6F6E67 		.ascii	"long long unsigned int\000"
 828      206C6F6E 
 828      6720756E 
 828      7369676E 
 828      65642069 
 829              	.LASF20:
 830 01db 62757366 		.ascii	"busfault_vector\000"
 830      61756C74 
 830      5F766563 
 830      746F7200 
 831              	.LASF25:
 832 01eb 76656374 		.ascii	"vector28\000"
 832      6F723238 
 832      00
 833              	.LASF21:
 834 01f4 75736167 		.ascii	"usagefault_vector\000"
 834      65666175 
 834      6C745F76 
 834      6563746F 
 834      7200
ARM GAS  /tmp/ccsmyQFJ.s 			page 17


 835              	.LASF32:
 836 0206 76656374 		.ascii	"vectors_t\000"
 836      6F72735F 
 836      7400
 837              	.LASF12:
 838 0210 73697A65 		.ascii	"sizetype\000"
 838      74797065 
 838      00
 839              	.LASF29:
 840 0219 70656E64 		.ascii	"pendsv_vector\000"
 840      73765F76 
 840      6563746F 
 840      7200
 841              	.LASF18:
 842 0227 68617264 		.ascii	"hardfault_vector\000"
 842      6661756C 
 842      745F7665 
 842      63746F72 
 842      00
 843              	.LASF7:
 844 0238 6C6F6E67 		.ascii	"long long int\000"
 844      206C6F6E 
 844      6720696E 
 844      7400
 845              	.LASF13:
 846 0246 63686172 		.ascii	"char\000"
 846      00
 847              	.LASF19:
 848 024b 6D656D6D 		.ascii	"memmanage_vector\000"
 848      616E6167 
 848      655F7665 
 848      63746F72 
 848      00
 849              	.LASF37:
 850 025c 5F756E68 		.ascii	"_unhandled_exception\000"
 850      616E646C 
 850      65645F65 
 850      78636570 
 850      74696F6E 
 851              	.LASF31:
 852 0271 76656374 		.ascii	"vectors\000"
 852      6F727300 
 853              	.LASF3:
 854 0279 73686F72 		.ascii	"short int\000"
 854      7420696E 
 854      7400
 855              	.LASF16:
 856 0283 72657365 		.ascii	"reset_vector\000"
 856      745F7665 
 856      63746F72 
 856      00
 857              	.LASF10:
 858 0290 75696E74 		.ascii	"uint32_t\000"
 858      33325F74 
 858      00
 859              	.LASF5:
 860 0299 6C6F6E67 		.ascii	"long int\000"
ARM GAS  /tmp/ccsmyQFJ.s 			page 18


 860      20696E74 
 860      00
 861              	.LASF36:
 862 02a2 2F686F6D 		.ascii	"/home/makkmarci/workspace/ChibiOS_2.6.8/os/ports/GC"
 862      652F6D61 
 862      6B6B6D61 
 862      7263692F 
 862      776F726B 
 863 02d5 432F4152 		.ascii	"C/ARMCMx/STM32F4xx/vectors.c\000"
 863      4D434D78 
 863      2F53544D 
 863      33324634 
 863      78782F76 
 864              	.LASF1:
 865 02f2 7369676E 		.ascii	"signed char\000"
 865      65642063 
 865      68617200 
 866              	.LASF27:
 867 02fe 64656275 		.ascii	"debugmonitor_vector\000"
 867      676D6F6E 
 867      69746F72 
 867      5F766563 
 867      746F7200 
 868              	.LASF23:
 869 0312 76656374 		.ascii	"vector20\000"
 869      6F723230 
 869      00
 870              	.LASF11:
 871 031b 5F426F6F 		.ascii	"_Bool\000"
 871      6C00
 872              	.LASF33:
 873 0321 5F5F6D61 		.ascii	"__main_stack_end__\000"
 873      696E5F73 
 873      7461636B 
 873      5F656E64 
 873      5F5F00
 874              		.ident	"GCC: (GNU Tools for ARM Embedded Processors) 4.9.3 20150303 (release) [ARM/embedded-4_9-br
ARM GAS  /tmp/ccsmyQFJ.s 			page 19


DEFINED SYMBOLS
                            *ABS*:00000000 vectors.c
     /tmp/ccsmyQFJ.s:25     vectors:00000000 _vectors
     /tmp/ccsmyQFJ.s:22     vectors:00000000 $d
     /tmp/ccsmyQFJ.s:140    .text._unhandled_exception:00000000 NMIVector
     /tmp/ccsmyQFJ.s:140    .text._unhandled_exception:00000000 HardFaultVector
     /tmp/ccsmyQFJ.s:140    .text._unhandled_exception:00000000 MemManageVector
     /tmp/ccsmyQFJ.s:140    .text._unhandled_exception:00000000 BusFaultVector
     /tmp/ccsmyQFJ.s:140    .text._unhandled_exception:00000000 UsageFaultVector
     /tmp/ccsmyQFJ.s:140    .text._unhandled_exception:00000000 Vector1C
     /tmp/ccsmyQFJ.s:140    .text._unhandled_exception:00000000 Vector20
     /tmp/ccsmyQFJ.s:140    .text._unhandled_exception:00000000 Vector24
     /tmp/ccsmyQFJ.s:140    .text._unhandled_exception:00000000 Vector28
     /tmp/ccsmyQFJ.s:140    .text._unhandled_exception:00000000 SVCallVector
     /tmp/ccsmyQFJ.s:140    .text._unhandled_exception:00000000 DebugMonitorVector
     /tmp/ccsmyQFJ.s:140    .text._unhandled_exception:00000000 Vector34
     /tmp/ccsmyQFJ.s:140    .text._unhandled_exception:00000000 PendSVVector
     /tmp/ccsmyQFJ.s:140    .text._unhandled_exception:00000000 SysTickVector
     /tmp/ccsmyQFJ.s:140    .text._unhandled_exception:00000000 Vector40
     /tmp/ccsmyQFJ.s:140    .text._unhandled_exception:00000000 Vector44
     /tmp/ccsmyQFJ.s:140    .text._unhandled_exception:00000000 Vector48
     /tmp/ccsmyQFJ.s:140    .text._unhandled_exception:00000000 Vector4C
     /tmp/ccsmyQFJ.s:140    .text._unhandled_exception:00000000 Vector50
     /tmp/ccsmyQFJ.s:140    .text._unhandled_exception:00000000 Vector54
     /tmp/ccsmyQFJ.s:140    .text._unhandled_exception:00000000 Vector58
     /tmp/ccsmyQFJ.s:140    .text._unhandled_exception:00000000 Vector5C
     /tmp/ccsmyQFJ.s:140    .text._unhandled_exception:00000000 Vector60
     /tmp/ccsmyQFJ.s:140    .text._unhandled_exception:00000000 Vector64
     /tmp/ccsmyQFJ.s:140    .text._unhandled_exception:00000000 Vector68
     /tmp/ccsmyQFJ.s:140    .text._unhandled_exception:00000000 Vector6C
     /tmp/ccsmyQFJ.s:140    .text._unhandled_exception:00000000 Vector70
     /tmp/ccsmyQFJ.s:140    .text._unhandled_exception:00000000 Vector74
     /tmp/ccsmyQFJ.s:140    .text._unhandled_exception:00000000 Vector78
     /tmp/ccsmyQFJ.s:140    .text._unhandled_exception:00000000 Vector7C
     /tmp/ccsmyQFJ.s:140    .text._unhandled_exception:00000000 Vector80
     /tmp/ccsmyQFJ.s:140    .text._unhandled_exception:00000000 Vector84
     /tmp/ccsmyQFJ.s:140    .text._unhandled_exception:00000000 Vector88
     /tmp/ccsmyQFJ.s:140    .text._unhandled_exception:00000000 Vector8C
     /tmp/ccsmyQFJ.s:140    .text._unhandled_exception:00000000 Vector90
     /tmp/ccsmyQFJ.s:140    .text._unhandled_exception:00000000 Vector94
     /tmp/ccsmyQFJ.s:140    .text._unhandled_exception:00000000 Vector98
     /tmp/ccsmyQFJ.s:140    .text._unhandled_exception:00000000 Vector9C
     /tmp/ccsmyQFJ.s:140    .text._unhandled_exception:00000000 VectorA0
     /tmp/ccsmyQFJ.s:140    .text._unhandled_exception:00000000 VectorA4
     /tmp/ccsmyQFJ.s:140    .text._unhandled_exception:00000000 VectorA8
     /tmp/ccsmyQFJ.s:140    .text._unhandled_exception:00000000 VectorAC
     /tmp/ccsmyQFJ.s:140    .text._unhandled_exception:00000000 VectorB0
     /tmp/ccsmyQFJ.s:140    .text._unhandled_exception:00000000 VectorB4
     /tmp/ccsmyQFJ.s:140    .text._unhandled_exception:00000000 VectorB8
     /tmp/ccsmyQFJ.s:140    .text._unhandled_exception:00000000 VectorBC
     /tmp/ccsmyQFJ.s:140    .text._unhandled_exception:00000000 VectorC0
     /tmp/ccsmyQFJ.s:140    .text._unhandled_exception:00000000 VectorC4
     /tmp/ccsmyQFJ.s:140    .text._unhandled_exception:00000000 VectorC8
     /tmp/ccsmyQFJ.s:140    .text._unhandled_exception:00000000 VectorCC
     /tmp/ccsmyQFJ.s:140    .text._unhandled_exception:00000000 VectorD0
     /tmp/ccsmyQFJ.s:140    .text._unhandled_exception:00000000 VectorD4
     /tmp/ccsmyQFJ.s:140    .text._unhandled_exception:00000000 VectorD8
ARM GAS  /tmp/ccsmyQFJ.s 			page 20


     /tmp/ccsmyQFJ.s:140    .text._unhandled_exception:00000000 VectorDC
     /tmp/ccsmyQFJ.s:140    .text._unhandled_exception:00000000 VectorE0
     /tmp/ccsmyQFJ.s:140    .text._unhandled_exception:00000000 VectorE4
     /tmp/ccsmyQFJ.s:140    .text._unhandled_exception:00000000 VectorE8
     /tmp/ccsmyQFJ.s:140    .text._unhandled_exception:00000000 VectorEC
     /tmp/ccsmyQFJ.s:140    .text._unhandled_exception:00000000 VectorF0
     /tmp/ccsmyQFJ.s:140    .text._unhandled_exception:00000000 VectorF4
     /tmp/ccsmyQFJ.s:140    .text._unhandled_exception:00000000 VectorF8
     /tmp/ccsmyQFJ.s:140    .text._unhandled_exception:00000000 VectorFC
     /tmp/ccsmyQFJ.s:140    .text._unhandled_exception:00000000 Vector100
     /tmp/ccsmyQFJ.s:140    .text._unhandled_exception:00000000 Vector104
     /tmp/ccsmyQFJ.s:140    .text._unhandled_exception:00000000 Vector108
     /tmp/ccsmyQFJ.s:140    .text._unhandled_exception:00000000 Vector10C
     /tmp/ccsmyQFJ.s:140    .text._unhandled_exception:00000000 Vector110
     /tmp/ccsmyQFJ.s:140    .text._unhandled_exception:00000000 Vector114
     /tmp/ccsmyQFJ.s:140    .text._unhandled_exception:00000000 Vector118
     /tmp/ccsmyQFJ.s:140    .text._unhandled_exception:00000000 Vector11C
     /tmp/ccsmyQFJ.s:140    .text._unhandled_exception:00000000 Vector120
     /tmp/ccsmyQFJ.s:140    .text._unhandled_exception:00000000 Vector124
     /tmp/ccsmyQFJ.s:140    .text._unhandled_exception:00000000 Vector128
     /tmp/ccsmyQFJ.s:140    .text._unhandled_exception:00000000 Vector12C
     /tmp/ccsmyQFJ.s:140    .text._unhandled_exception:00000000 Vector130
     /tmp/ccsmyQFJ.s:140    .text._unhandled_exception:00000000 Vector134
     /tmp/ccsmyQFJ.s:140    .text._unhandled_exception:00000000 Vector138
     /tmp/ccsmyQFJ.s:140    .text._unhandled_exception:00000000 Vector13C
     /tmp/ccsmyQFJ.s:140    .text._unhandled_exception:00000000 Vector140
     /tmp/ccsmyQFJ.s:140    .text._unhandled_exception:00000000 Vector144
     /tmp/ccsmyQFJ.s:140    .text._unhandled_exception:00000000 Vector148
     /tmp/ccsmyQFJ.s:140    .text._unhandled_exception:00000000 Vector14C
     /tmp/ccsmyQFJ.s:140    .text._unhandled_exception:00000000 Vector150
     /tmp/ccsmyQFJ.s:140    .text._unhandled_exception:00000000 Vector154
     /tmp/ccsmyQFJ.s:140    .text._unhandled_exception:00000000 Vector158
     /tmp/ccsmyQFJ.s:140    .text._unhandled_exception:00000000 Vector15C
     /tmp/ccsmyQFJ.s:140    .text._unhandled_exception:00000000 Vector160
     /tmp/ccsmyQFJ.s:140    .text._unhandled_exception:00000000 Vector164
     /tmp/ccsmyQFJ.s:140    .text._unhandled_exception:00000000 Vector168
     /tmp/ccsmyQFJ.s:140    .text._unhandled_exception:00000000 Vector16C
     /tmp/ccsmyQFJ.s:140    .text._unhandled_exception:00000000 Vector170
     /tmp/ccsmyQFJ.s:140    .text._unhandled_exception:00000000 Vector174
     /tmp/ccsmyQFJ.s:140    .text._unhandled_exception:00000000 Vector178
     /tmp/ccsmyQFJ.s:140    .text._unhandled_exception:00000000 Vector17C
     /tmp/ccsmyQFJ.s:140    .text._unhandled_exception:00000000 Vector180
     /tmp/ccsmyQFJ.s:140    .text._unhandled_exception:00000000 Vector184
     /tmp/ccsmyQFJ.s:140    .text._unhandled_exception:00000000 Vector188
     /tmp/ccsmyQFJ.s:140    .text._unhandled_exception:00000000 Vector18C
     /tmp/ccsmyQFJ.s:140    .text._unhandled_exception:00000000 Vector190
     /tmp/ccsmyQFJ.s:140    .text._unhandled_exception:00000000 Vector194
     /tmp/ccsmyQFJ.s:140    .text._unhandled_exception:00000000 Vector198
     /tmp/ccsmyQFJ.s:140    .text._unhandled_exception:00000000 Vector19C
     /tmp/ccsmyQFJ.s:140    .text._unhandled_exception:00000000 Vector1A0
     /tmp/ccsmyQFJ.s:140    .text._unhandled_exception:00000000 Vector1A4
     /tmp/ccsmyQFJ.s:140    .text._unhandled_exception:00000000 Vector1A8
     /tmp/ccsmyQFJ.s:134    .text._unhandled_exception:00000000 $t
     /tmp/ccsmyQFJ.s:140    .text._unhandled_exception:00000000 _unhandled_exception
                     .debug_frame:00000010 $d

UNDEFINED SYMBOLS
ARM GAS  /tmp/ccsmyQFJ.s 			page 21


__main_stack_end__
ResetHandler
